14:38:28.034 [main                     ] DEBUG Logger               - Configured Logger
14:38:28.052 [main                     ] DEBUG GameApplication      - Logging settings
Title: All star battle
Version: 0.1
Width: 2048
Height: 1152
Fullscreen: false
Intro: false
Profiling: false
Single step:false
App Mode: DEVELOPER
Menu Key: ESCAPE
Stage Style: DECORATED
Scene Factory: class com.kenny.tank.AllStarBattleApp$1

14:38:28.292 [JavaFX Application Thread] DEBUG FXGLApplication      - Initializing FXGL
14:38:28.296 [JavaFX Application Thread] INFO  Engine               - FXGL-17.1 (24.03.2022 17.34) on WINDOWS (J:17.0.6 FX:18)
14:38:28.297 [JavaFX Application Thread] DEBUG Engine               - JRE Vendor Name: Amazon.com Inc.
14:38:28.297 [JavaFX Application Thread] DEBUG Engine               - Running on OS: Windows 11 version 10.0
14:38:28.297 [JavaFX Application Thread] DEBUG Engine               - Architecture: amd64
14:38:28.297 [JavaFX Application Thread] INFO  Engine               - Source code and latest versions at: https://github.com/AlmasB/FXGL
14:38:28.297 [JavaFX Application Thread] INFO  Engine               -       Ask questions and discuss at: https://github.com/AlmasB/FXGL/discussions
14:38:28.297 [JavaFX Application Thread] INFO  Engine               -              Join the FXGL chat at: https://gitter.im/AlmasB/FXGL
14:38:28.341 [JavaFX Application Thread] DEBUG PrimaryStageWindow   - Creating a JavaFX scene
14:38:28.341 [JavaFX Application Thread] DEBUG PrimaryStageWindow   - Target size > screen size
14:38:28.365 [JavaFX Application Thread] DEBUG PrimaryStageWindow   - Target settings size: 2048.0 x 1152.0
14:38:28.365 [JavaFX Application Thread] DEBUG PrimaryStageWindow   - Scaled scene size:    1682.0 x 960.0
14:38:28.366 [JavaFX Application Thread] DEBUG PrimaryStageWindow   - Scaled ratio: (0.8212890625, 0.8333333333333334)
14:38:28.366 [JavaFX Application Thread] DEBUG PrimaryStageWindow   - Set initial scene to StartScene
14:38:28.370 [JavaFX Application Thread] DEBUG PrimaryStageWindow   - Opening main window
14:38:28.451 [JavaFX Application Thread] DEBUG PrimaryStageWindow   - Window border size: (14.6666259765625, 37.33331298828125)
14:38:28.451 [JavaFX Application Thread] DEBUG PrimaryStageWindow   - Scaled size: 1682.0 x 960.0
14:38:28.451 [JavaFX Application Thread] DEBUG PrimaryStageWindow   - Scaled ratio: (0.8212890625, 0.8333333333333334)
14:38:28.451 [JavaFX Application Thread] DEBUG PrimaryStageWindow   - Scene size: 1682.0 x 960.0
14:38:28.451 [JavaFX Application Thread] DEBUG PrimaryStageWindow   - Stage size: 1696.6666259765625 x 997.3333129882812
14:38:28.457 [FXGL Background Thread 1 ] DEBUG Engine               - Initializing environment variables
14:38:28.485 [FXGL Background Thread 1 ] DEBUG FXGLAssetLoaderServi - User app class for loading assets: class com.kenny.tank.AllStarBattleApp
14:38:28.485 [FXGL Background Thread 1 ] DEBUG GameApplicationServi - Applying CSS: fxgl_dark.css
14:38:28.486 [FXGL Background Thread 1 ] DEBUG FXGLAssetLoaderServi - Loading from file system: jar:file:///C:/Users/10273/.m2/repository/com/github/almasb/fxgl/17.1/fxgl-17.1.jar!/fxglassets/ui/css/fxgl_dark.css
14:38:28.513 [FXGL Background Thread 1 ] DEBUG GameApplicationServi - Applying CSS: tank.css
14:38:28.513 [FXGL Background Thread 1 ] DEBUG FXGLAssetLoaderServi - Loading from file system: file:/E:/java%20project/tank/target/classes/assets/ui/css/tank.css
14:38:28.515 [FXGL Background Thread 1 ] DEBUG GameApplicationServi - Initializing application scenes
14:38:28.518 [FXGL Background Thread 1 ] DEBUG GameWorld            - Game world initialized
14:38:28.556 [FXGL Background Thread 1 ] DEBUG PhysicsWorld         - Physics world initialized: appHeight=1152, physics.ppm=50.0
14:38:28.556 [FXGL Background Thread 1 ] DEBUG PhysicsWorld         - Using strategy: BRUTE_FORCE
14:38:28.560 [FXGL Background Thread 1 ] DEBUG GameScene            - Game scene initialized: 2048x1152
14:38:28.564 [FXGL Background Thread 1 ] DEBUG FXGLAssetLoaderServi - Loading from file system: file:/E:/java%20project/tank/target/classes/assets/textures/MainMenu.png
14:38:28.645 [FXGL Background Thread 1 ] DEBUG FXGLAssetLoaderServi - Loading from file system: file:/E:/java%20project/tank/target/classes/assets/textures/R-C.jpg
14:38:28.668 [FXGL Background Thread 1 ] DEBUG FXGL.DefaultMenu     - createMenuBodyGameMenu()
14:38:28.674 [FXGL Background Thread 1 ] DEBUG FXGL.DefaultMenu     - createOptionsMenu()
14:38:28.680 [FXGL Background Thread 1 ] DEBUG FXGLAssetLoaderServi - Loading from file system: jar:file:///C:/Users/10273/.m2/repository/com/github/almasb/fxgl/17.1/fxgl-17.1.jar!/fxglassets/textures/particles/smoke.png
14:38:28.728 [FXGL Background Thread 1 ] DEBUG FXGLAssetLoaderServi - Loading from file system: jar:file:///C:/Users/10273/.m2/repository/com/github/almasb/fxgl/17.1/fxgl-17.1.jar!/fxglassets/textures/particles/trace_horizontal.png
14:38:28.739 [FXGL Background Thread 1 ] DEBUG GameApplicationServi - Application scenes initialized
14:38:28.746 [FXGL Background Thread 1 ] DEBUG SystemBundleService  - Loading FXGL system data
14:38:28.749 [FXGL Background Thread 1 ] DEBUG FileSystemAccess     - Reading from: E:\java project\tank\system\fxgl.bundle
14:38:28.754 [FXGL Background Thread 1 ] DEBUG SystemBundleService  - Bundle FXGL: {}
14:38:28.754 [FXGL Background Thread 1 ] DEBUG UpdaterService       - Checking for updates
14:38:28.757 [FXGL Background Thread 4 ] DEBUG FXGLApplication      - Loading fonts
14:38:28.757 [FXGL Background Thread 1 ] DEBUG FXGLApplication      - Loading default localization
14:38:28.757 [FXGL Background Thread 4 ] DEBUG FXGLAssetLoaderServi - Loading from file system: jar:file:///C:/Users/10273/.m2/repository/com/github/almasb/fxgl/17.1/fxgl-17.1.jar!/fxglassets/ui/fonts/VarelaRound-Regular.ttf
14:38:28.757 [FXGL Background Thread 1 ] DEBUG FXGLAssetLoaderServi - Loading from file system: jar:file:///C:/Users/10273/.m2/repository/com/github/almasb/fxgl/17.1/fxgl-17.1.jar!/fxglassets/languages/english.lang
14:38:28.774 [FXGL Background Thread 1 ] INFO  FXGLApplication      - FXGL initialization took: 0.317 sec
14:38:28.785 [JavaFX Application Thread] DEBUG Input                - Registered new binding: action0 - Up
14:38:28.785 [JavaFX Application Thread] DEBUG Input                - Registered new binding: action1 - Down
14:38:28.786 [JavaFX Application Thread] DEBUG Input                - Registered new binding: action2 - Left
14:38:28.787 [JavaFX Application Thread] DEBUG Input                - Registered new binding: action3 - Right
14:38:28.787 [JavaFX Application Thread] DEBUG Input                - Registered new binding: action4 - Space
14:38:28.787 [JavaFX Application Thread] DEBUG FXGLAssetLoaderServi - Loading from file system: file:/E:/java%20project/tank/target/classes/assets/textures/joker.jpg
14:38:28.798 [JavaFX Application Thread] DEBUG FXGLAssetLoaderServi - Loading from file system: jar:file:///C:/Users/10273/.m2/repository/com/github/almasb/fxgl/17.1/fxgl-17.1.jar!/fxglassets/textures/fxgl_default_cursor.png
14:38:28.801 [JavaFX Application Thread] DEBUG Input                - Registered new binding: Screenshot - CTRL+8
14:38:28.801 [JavaFX Application Thread] DEBUG Input                - Registered new binding: System info dump - CTRL+9
14:38:28.801 [JavaFX Application Thread] DEBUG Input                - Registered new binding: Restart - CTRL+R
14:38:28.802 [JavaFX Application Thread] DEBUG Input                - Registered new binding: Toggle Debug Camera - CTRL+7
14:38:28.804 [JavaFX Application Thread] DEBUG LoopRunner           - Starting loop
14:38:28.804 [JavaFX Application Thread] DEBUG LoopRunner           - Initializing JavaFX AnimationTimerLoop
14:38:28.805 [FXGL Background Thread 4 ] DEBUG FXGLAssetLoaderServi - Loading from file system: jar:file:///C:/Users/10273/.m2/repository/com/github/almasb/fxgl/17.1/fxgl-17.1.jar!/fxglassets/ui/fonts/Abel-Regular.ttf
14:38:28.807 [JavaFX Application Thread] DEBUG Input                - Clearing active input actions
14:38:28.809 [FXGL Background Thread 4 ] DEBUG FXGLAssetLoaderServi - Loading from file system: jar:file:///C:/Users/10273/.m2/repository/com/github/almasb/fxgl/17.1/fxgl-17.1.jar!/fxglassets/ui/fonts/TerminalLandMono-Regular.otf
14:38:28.811 [FXGL Background Thread 4 ] DEBUG FXGLAssetLoaderServi - Loading from file system: jar:file:///C:/Users/10273/.m2/repository/com/github/almasb/fxgl/17.1/fxgl-17.1.jar!/fxglassets/ui/fonts/Courier-Prime.ttf
14:38:28.813 [JavaFX Application Thread] DEBUG GameApplicationServi - Removing overlay from StartScene and adding to FXGLMainMenuDummyScene
14:38:28.813 [JavaFX Application Thread] DEBUG PrimaryStageWindow   - StartScene -> FXGLMainMenuDummyScene
14:38:28.813 [JavaFX Application Thread] DEBUG PrimaryStageWindow   - Push state: Main_menu
14:38:28.814 [JavaFX Application Thread] DEBUG Input                - Clearing active input actions
14:38:28.823 [JavaFX Application Thread] DEBUG GameApplicationServi - Removing overlay from FXGLMainMenuDummyScene and adding to Main_menu
14:38:28.824 [JavaFX Application Thread] DEBUG PrimaryStageWindow   - FXGLMainMenuDummyScene -> Main_menu
14:38:28.930 [JavaFX Application Thread] DEBUG FXGLApplication      - Registering font factories with UI factory
14:38:29.468 [FXGL Background Thread 2 ] INFO  UpdaterService       - Your current version:  17.1
14:38:29.469 [FXGL Background Thread 2 ] INFO  UpdaterService       - Latest stable version: 17.3
14:38:31.757 [FXGL Background Thread 3 ] DEBUG Engine               - Logging environment variables
14:38:31.758 [FXGL Background Thread 3 ] DEBUG Engine               - achievements: []
14:38:31.758 [FXGL Background Thread 3 ] DEBUG Engine               - actualHeight: 960.0
14:38:31.758 [FXGL Background Thread 3 ] DEBUG Engine               - actualHeightProperty: ReadOnlyDoubleProperty [value: 960.0]
14:38:31.758 [FXGL Background Thread 3 ] DEBUG Engine               - actualWidth: 1682.0
14:38:31.759 [FXGL Background Thread 3 ] DEBUG Engine               - actualWidthProperty: ReadOnlyDoubleProperty [value: 1682.0]
14:38:31.759 [FXGL Background Thread 3 ] DEBUG Engine               - appIcon: joker.jpg
14:38:31.759 [FXGL Background Thread 3 ] DEBUG Engine               - applicationMode: DEVELOPER
14:38:31.759 [FXGL Background Thread 3 ] DEBUG Engine               - cSSList: [fxgl_dark.css, tank.css]
14:38:31.759 [FXGL Background Thread 3 ] DEBUG Engine               - collisionDetectionStrategy: BRUTE_FORCE
14:38:31.760 [FXGL Background Thread 3 ] DEBUG Engine               - configClass: Optional.empty
14:38:31.760 [FXGL Background Thread 3 ] DEBUG Engine               - credits: []
14:38:31.761 [FXGL Background Thread 3 ] DEBUG Engine               - defaultCursor: CursorInfo(imageName=fxgl_default_cursor.png, hotspotX=7.0, hotspotY=6.0)
14:38:31.761 [FXGL Background Thread 3 ] DEBUG Engine               - devBBoxColorProperty: ObjectProperty [value: 0xff0000ff]
14:38:31.762 [FXGL Background Thread 3 ] DEBUG Engine               - devEnableDebugCameraProperty: BooleanProperty [value: false]
14:38:31.762 [FXGL Background Thread 3 ] DEBUG Engine               - devSensorColorProperty: ObjectProperty [value: 0xffff00ff]
14:38:31.762 [FXGL Background Thread 3 ] DEBUG Engine               - devShowBBoxProperty: BooleanProperty [value: false]
14:38:31.762 [FXGL Background Thread 3 ] DEBUG Engine               - devShowPositionProperty: BooleanProperty [value: false]
14:38:31.762 [FXGL Background Thread 3 ] DEBUG Engine               - enabledMenuItems: []
14:38:31.762 [FXGL Background Thread 3 ] DEBUG Engine               - engineServices: [class com.almasb.fxgl.app.services.FXGLAssetLoaderService, class com.almasb.fxgl.app.FXGLApplication$GameApplicationService, class com.almasb.fxgl.app.services.FXGLDialogService, class com.almasb.fxgl.app.services.IOTaskExecutorService, class com.almasb.fxgl.io.FileSystemService, class com.almasb.fxgl.localization.LocalizationService, class com.almasb.fxgl.app.services.SystemBundleService, class com.almasb.fxgl.profile.SaveLoadService, class com.almasb.fxgl.ui.FXGLUIFactoryServiceProvider, class com.almasb.fxgl.ui.FXGLDialogFactoryServiceProvider, class com.almasb.fxgl.audio.AudioPlayer, class com.almasb.fxgl.notification.impl.NotificationServiceProvider, class com.almasb.fxgl.achievement.AchievementService, class com.almasb.fxgl.cutscene.CutsceneService, class com.almasb.fxgl.minigames.MiniGameService, class com.almasb.fxgl.net.NetService, class com.almasb.fxgl.app.services.UpdaterService, class com.almasb.fxgl.dev.DevService]
14:38:31.762 [FXGL Background Thread 3 ] DEBUG Engine               - fontGame: Abel-Regular.ttf
14:38:31.762 [FXGL Background Thread 3 ] DEBUG Engine               - fontMono: TerminalLandMono-Regular.otf
14:38:31.762 [FXGL Background Thread 3 ] DEBUG Engine               - fontText: Courier-Prime.ttf
14:38:31.762 [FXGL Background Thread 3 ] DEBUG Engine               - fontUI: VarelaRound-Regular.ttf
14:38:31.762 [FXGL Background Thread 3 ] DEBUG Engine               - fullScreen: BooleanProperty [value: false]
14:38:31.762 [FXGL Background Thread 3 ] DEBUG Engine               - gameDifficulty: MEDIUM
14:38:31.762 [FXGL Background Thread 3 ] DEBUG Engine               - gameDifficultyProperty: ObjectProperty [value: MEDIUM]
14:38:31.762 [FXGL Background Thread 3 ] DEBUG Engine               - globalMusicVolume: 0.5
14:38:31.762 [FXGL Background Thread 3 ] DEBUG Engine               - globalMusicVolumeProperty: DoubleProperty [value: 0.5]
14:38:31.762 [FXGL Background Thread 3 ] DEBUG Engine               - globalSoundVolume: 0.5
14:38:31.762 [FXGL Background Thread 3 ] DEBUG Engine               - globalSoundVolumeProperty: DoubleProperty [value: 0.8]
14:38:31.762 [FXGL Background Thread 3 ] DEBUG Engine               - height: 1152
14:38:31.763 [FXGL Background Thread 3 ] DEBUG Engine               - is3D: false
14:38:31.763 [FXGL Background Thread 3 ] DEBUG Engine               - isAndroid: false
14:38:31.763 [FXGL Background Thread 3 ] DEBUG Engine               - isBrowser: false
14:38:31.763 [FXGL Background Thread 3 ] DEBUG Engine               - isClickFeedbackEnabled: false
14:38:31.763 [FXGL Background Thread 3 ] DEBUG Engine               - isCloseConfirmation: false
14:38:31.763 [FXGL Background Thread 3 ] DEBUG Engine               - isDesktop: true
14:38:31.763 [FXGL Background Thread 3 ] DEBUG Engine               - isDeveloperMenuEnabled: false
14:38:31.763 [FXGL Background Thread 3 ] DEBUG Engine               - isEmbedded: false
14:38:31.763 [FXGL Background Thread 3 ] DEBUG Engine               - isEntityPreloadEnabled: true
14:38:31.763 [FXGL Background Thread 3 ] DEBUG Engine               - isExperimentalTiledLargeMap: false
14:38:31.763 [FXGL Background Thread 3 ] DEBUG Engine               - isFileSystemWriteAllowed: true
14:38:31.763 [FXGL Background Thread 3 ] DEBUG Engine               - isFullScreenAllowed: false
14:38:31.763 [FXGL Background Thread 3 ] DEBUG Engine               - isFullScreenFromStart: false
14:38:31.763 [FXGL Background Thread 3 ] DEBUG Engine               - isGameMenuEnabled: true
14:38:31.763 [FXGL Background Thread 3 ] DEBUG Engine               - isIOS: false
14:38:31.763 [FXGL Background Thread 3 ] DEBUG Engine               - isIntroEnabled: false
14:38:31.763 [FXGL Background Thread 3 ] DEBUG Engine               - isLinux: false
14:38:31.763 [FXGL Background Thread 3 ] DEBUG Engine               - isMac: false
14:38:31.763 [FXGL Background Thread 3 ] DEBUG Engine               - isMainMenuEnabled: true
14:38:31.763 [FXGL Background Thread 3 ] DEBUG Engine               - isManualResizeEnabled: false
14:38:31.764 [FXGL Background Thread 3 ] DEBUG Engine               - isMobile: false
14:38:31.764 [FXGL Background Thread 3 ] DEBUG Engine               - isNative: false
14:38:31.764 [FXGL Background Thread 3 ] DEBUG Engine               - isPauseMusicWhenMinimized: true
14:38:31.764 [FXGL Background Thread 3 ] DEBUG Engine               - isPreserveResizeRatio: false
14:38:31.764 [FXGL Background Thread 3 ] DEBUG Engine               - isProfilingEnabled: false
14:38:31.764 [FXGL Background Thread 3 ] DEBUG Engine               - isScaleAffectedOnResize: true
14:38:31.764 [FXGL Background Thread 3 ] DEBUG Engine               - isSingleStep: false
14:38:31.764 [FXGL Background Thread 3 ] DEBUG Engine               - isUserProfileEnabled: false
14:38:31.764 [FXGL Background Thread 3 ] DEBUG Engine               - isWindows: true
14:38:31.764 [FXGL Background Thread 3 ] DEBUG Engine               - language: ObjectProperty [value: ENGLISH]
14:38:31.764 [FXGL Background Thread 3 ] DEBUG Engine               - menuKey: ESCAPE
14:38:31.764 [FXGL Background Thread 3 ] DEBUG Engine               - mouseSensitivity: 0.2
14:38:31.764 [FXGL Background Thread 3 ] DEBUG Engine               - notificationViewClass: class com.almasb.fxgl.notification.view.XboxNotificationView
14:38:31.764 [FXGL Background Thread 3 ] DEBUG Engine               - pixelsPerMeter: 50.0
14:38:31.764 [FXGL Background Thread 3 ] DEBUG Engine               - platform: WINDOWS
14:38:31.764 [FXGL Background Thread 3 ] DEBUG Engine               - prefHeightProperty: ReadOnlyDoubleProperty [value: 1152.0]
14:38:31.764 [FXGL Background Thread 3 ] DEBUG Engine               - prefWidthProperty: ReadOnlyDoubleProperty [value: 2048.0]
14:38:31.764 [FXGL Background Thread 3 ] DEBUG Engine               - profileDir: profiles/
14:38:31.765 [FXGL Background Thread 3 ] DEBUG Engine               - profileName: StringProperty [value: DEFAULT]
14:38:31.765 [FXGL Background Thread 3 ] DEBUG Engine               - randomSeed: -1
14:38:31.766 [FXGL Background Thread 3 ] DEBUG Engine               - runtimeInfo: RuntimeInfo(platform=WINDOWS, version=17.1, build=24.03.2022 17.34)
14:38:31.766 [FXGL Background Thread 3 ] DEBUG Engine               - saveFileExt: sav
14:38:31.766 [FXGL Background Thread 3 ] DEBUG Engine               - scaledHeightProp$fxgl: DoubleProperty [bound, value: 960.0]
14:38:31.766 [FXGL Background Thread 3 ] DEBUG Engine               - scaledWidthProp$fxgl: DoubleProperty [bound, value: 1682.0]
14:38:31.766 [FXGL Background Thread 3 ] DEBUG Engine               - sceneFactory: com.kenny.tank.AllStarBattleApp$1@7d3797ec
14:38:31.766 [FXGL Background Thread 3 ] DEBUG Engine               - secondsIn24h: 60
14:38:31.766 [FXGL Background Thread 3 ] DEBUG Engine               - soundMenuBack: menu/back.wav
14:38:31.766 [FXGL Background Thread 3 ] DEBUG Engine               - soundMenuPress: menu/press.wav
14:38:31.766 [FXGL Background Thread 3 ] DEBUG Engine               - soundMenuSelect: menu/select.wav
14:38:31.766 [FXGL Background Thread 3 ] DEBUG Engine               - soundNotification: core/notification.wav
14:38:31.766 [FXGL Background Thread 3 ] DEBUG Engine               - stageStyle: DECORATED
14:38:31.766 [FXGL Background Thread 3 ] DEBUG Engine               - supportedLanguages: [ENGLISH, FRENCH, GERMAN, HUNGARIAN, RUSSIAN]
14:38:31.766 [FXGL Background Thread 3 ] DEBUG Engine               - ticksPerSecond: -1
14:38:31.766 [FXGL Background Thread 3 ] DEBUG Engine               - title: All star battle
14:38:31.766 [FXGL Background Thread 3 ] DEBUG Engine               - urlGithub: https://github.com/AlmasB/FXGL
14:38:31.766 [FXGL Background Thread 3 ] DEBUG Engine               - urlLeaderboard: http://fxgl-top.herokuapp.com/
14:38:31.766 [FXGL Background Thread 3 ] DEBUG Engine               - urlPOM: https://raw.githubusercontent.com/AlmasB/FXGL/release/README.md
14:38:31.766 [FXGL Background Thread 3 ] DEBUG Engine               - userAppClass: class com.kenny.tank.AllStarBattleApp
14:38:31.766 [FXGL Background Thread 3 ] DEBUG Engine               - version: 0.1
14:38:31.766 [FXGL Background Thread 3 ] DEBUG Engine               - versionCheckDays: 7
14:38:31.766 [FXGL Background Thread 3 ] DEBUG Engine               - width: 2048
14:38:31.766 [FXGL Background Thread 3 ] DEBUG Engine               - Logging services
14:38:31.766 [FXGL Background Thread 3 ] DEBUG Engine               - class com.almasb.fxgl.app.services.FXGLAssetLoaderService
14:38:31.766 [FXGL Background Thread 3 ] DEBUG Engine               - class com.almasb.fxgl.app.FXGLApplication$GameApplicationService
14:38:31.766 [FXGL Background Thread 3 ] DEBUG Engine               - class com.almasb.fxgl.app.services.FXGLDialogService
14:38:31.766 [FXGL Background Thread 3 ] DEBUG Engine               - class com.almasb.fxgl.app.services.IOTaskExecutorService
14:38:31.766 [FXGL Background Thread 3 ] DEBUG Engine               - class com.almasb.fxgl.io.FileSystemService
14:38:31.766 [FXGL Background Thread 3 ] DEBUG Engine               - class com.almasb.fxgl.localization.LocalizationService
14:38:31.766 [FXGL Background Thread 3 ] DEBUG Engine               - class com.almasb.fxgl.app.services.SystemBundleService
14:38:31.766 [FXGL Background Thread 3 ] DEBUG Engine               - class com.almasb.fxgl.profile.SaveLoadService
14:38:31.766 [FXGL Background Thread 3 ] DEBUG Engine               - class com.almasb.fxgl.ui.FXGLUIFactoryServiceProvider
14:38:31.766 [FXGL Background Thread 3 ] DEBUG Engine               - class com.almasb.fxgl.ui.FXGLDialogFactoryServiceProvider
14:38:31.766 [FXGL Background Thread 3 ] DEBUG Engine               - class com.almasb.fxgl.audio.AudioPlayer
14:38:31.766 [FXGL Background Thread 3 ] DEBUG Engine               - class com.almasb.fxgl.notification.impl.NotificationServiceProvider
14:38:31.766 [FXGL Background Thread 3 ] DEBUG Engine               - class com.almasb.fxgl.achievement.AchievementService
14:38:31.766 [FXGL Background Thread 3 ] DEBUG Engine               - class com.almasb.fxgl.cutscene.CutsceneService
14:38:31.766 [FXGL Background Thread 3 ] DEBUG Engine               - class com.almasb.fxgl.minigames.MiniGameService
14:38:31.766 [FXGL Background Thread 3 ] DEBUG Engine               - class com.almasb.fxgl.net.NetService
14:38:31.766 [FXGL Background Thread 3 ] DEBUG Engine               - class com.almasb.fxgl.app.services.UpdaterService
14:38:31.767 [FXGL Background Thread 3 ] DEBUG Engine               - class com.almasb.fxgl.dev.DevService
14:38:41.736 [JavaFX Application Thread] DEBUG GameApplicationServi - Starting new game
14:38:41.736 [JavaFX Application Thread] DEBUG PrimaryStageWindow   - Pop state: Main_menu
14:38:41.736 [JavaFX Application Thread] DEBUG Input                - Clearing active input actions
14:38:41.738 [JavaFX Application Thread] DEBUG GameApplicationServi - Removing overlay from Main_menu and adding to FXGLMainMenuDummyScene
14:38:41.739 [JavaFX Application Thread] DEBUG PrimaryStageWindow   - FXGLMainMenuDummyScene <- Main_menu
14:38:41.740 [JavaFX Application Thread] DEBUG Input                - Clearing active input actions
14:38:41.750 [JavaFX Application Thread] DEBUG GameApplicationServi - Removing overlay from FXGLMainMenuDummyScene and adding to Loading_Scene
14:38:41.750 [JavaFX Application Thread] DEBUG PrimaryStageWindow   - FXGLMainMenuDummyScene -> Loading_Scene
14:38:41.750 [JavaFX Application Thread] DEBUG GameApplicationServi - Clearing previous game
14:38:41.750 [JavaFX Application Thread] DEBUG GameScene            - Clearing game scene
14:38:41.750 [JavaFX Application Thread] DEBUG GameWorld            - Clearing game world
14:38:41.750 [JavaFX Application Thread] DEBUG PhysicsWorld         - Clearing physics world
14:38:41.751 [FXGL Background Thread 2 ] DEBUG FXGLApplication      - Initializing game
14:38:41.771 [FXGL Background Thread 2 ] WARN  TMXLevelLoader       - TiledMap generated from 1.8.4. Supported version: 1.4.2. Some features may not be parsed fully.
14:38:41.785 [FXGL Background Thread 2 ] DEBUG TMXLevelLoader       - Parsed TiledMap: file:/E:/java%20project/tank/target/classes/assets/levels/test1.tmx
14:38:41.786 [FXGL Background Thread 2 ] DEBUG TMXLevelLoader       - Creating tile layer entities
14:38:41.786 [FXGL Background Thread 2 ] DEBUG TMXLevelLoader       - Creating object layer entities
14:38:41.849 [FXGL Background Thread 2 ] DEBUG GameWorld            - Clearing removable entities
14:38:41.850 [FXGL Background Thread 2 ] DEBUG GameWorld            - Setting level: com.almasb.fxgl.entity.level.Level@4be9c0d9
14:38:41.856 [FXGL Background Thread 2 ] DEBUG FXGLAssetLoaderServi - Loading from file system: file:/E:/java%20project/tank/target/classes/assets/textures/element/Tank.png
14:38:41.858 [FXGL Background Thread 2 ] DEBUG FXGLAssetLoaderServi - Loading from file system: file:/E:/java%20project/tank/target/classes/assets/textures/Enemytank.png
14:38:41.859 [FXGL Background Thread 2 ] DEBUG FXGLAssetLoaderServi - Loading from file system: file:/E:/java%20project/tank/target/classes/assets/textures/Chicken.png
14:38:41.862 [FXGL Background Thread 2 ] DEBUG FXGLAssetLoaderServi - Loading from file system: file:/E:/java%20project/tank/target/classes/assets/textures/BossTank.png
14:38:41.865 [FXGL Background Thread 2 ] INFO  FXGLApplication      - Game initialization took: 0.114 sec
14:38:41.865 [JavaFX Application Thread] DEBUG Input                - Clearing active input actions
14:38:41.870 [JavaFX Application Thread] DEBUG GameApplicationServi - Removing overlay from Loading_Scene and adding to GameScene
14:38:41.870 [JavaFX Application Thread] DEBUG PrimaryStageWindow   - Loading_Scene -> GameScene
14:38:42.230 [JavaFX Application Thread] DEBUG FXGLAssetLoaderServi - Loading from file system: file:/E:/java%20project/tank/target/classes/assets/textures/element/Enemybullet.png
14:38:42.395 [JavaFX Application Thread] DEBUG FXGLAssetLoaderServi - Loading from file system: file:/E:/java%20project/tank/target/classes/assets/textures/SmallBoom.png
14:38:42.449 [JavaFX Application Thread] DEBUG PrimaryStageWindow   - Push state: FXGLDefaultMenu
14:38:42.450 [JavaFX Application Thread] DEBUG Input                - Clearing active input actions
14:38:42.451 [JavaFX Application Thread] DEBUG GameApplicationServi - Removing overlay from GameScene and adding to FXGLDefaultMenu
14:38:42.451 [JavaFX Application Thread] DEBUG PrimaryStageWindow   - GameScene -> FXGLDefaultMenu
14:38:44.200 [JavaFX Application Thread] DEBUG Menu                 - fireExitToMainMenu()
14:38:44.201 [JavaFX Application Thread] DEBUG PrimaryStageWindow   - Push state: DialogSubScene
14:38:44.201 [JavaFX Application Thread] DEBUG Input                - Clearing active input actions
14:38:44.202 [JavaFX Application Thread] DEBUG GameApplicationServi - Removing overlay from FXGLDefaultMenu and adding to DialogSubScene
14:38:44.202 [JavaFX Application Thread] DEBUG PrimaryStageWindow   - FXGLDefaultMenu -> DialogSubScene
14:38:45.232 [JavaFX Application Thread] DEBUG PrimaryStageWindow   - Pop state: DialogSubScene
14:38:45.233 [JavaFX Application Thread] DEBUG Input                - Clearing active input actions
14:38:45.234 [JavaFX Application Thread] DEBUG GameApplicationServi - Removing overlay from DialogSubScene and adding to FXGLDefaultMenu
14:38:45.234 [JavaFX Application Thread] DEBUG PrimaryStageWindow   - FXGLDefaultMenu <- DialogSubScene
14:38:45.237 [JavaFX Application Thread] DEBUG PrimaryStageWindow   - Pop state: FXGLDefaultMenu
14:38:45.237 [JavaFX Application Thread] DEBUG Input                - Clearing active input actions
14:38:45.238 [JavaFX Application Thread] DEBUG GameApplicationServi - Removing overlay from FXGLDefaultMenu and adding to GameScene
14:38:45.238 [JavaFX Application Thread] DEBUG PrimaryStageWindow   - GameScene <- FXGLDefaultMenu
14:38:45.238 [JavaFX Application Thread] DEBUG Input                - Clearing active input actions
14:38:45.247 [JavaFX Application Thread] DEBUG GameApplicationServi - Removing overlay from GameScene and adding to FXGLMainMenuDummyScene
14:38:45.247 [JavaFX Application Thread] DEBUG PrimaryStageWindow   - GameScene -> FXGLMainMenuDummyScene
14:38:45.247 [JavaFX Application Thread] DEBUG PrimaryStageWindow   - Push state: Main_menu
14:38:45.248 [JavaFX Application Thread] DEBUG Input                - Clearing active input actions
14:38:45.250 [JavaFX Application Thread] DEBUG GameApplicationServi - Removing overlay from FXGLMainMenuDummyScene and adding to Main_menu
14:38:45.250 [JavaFX Application Thread] DEBUG PrimaryStageWindow   - FXGLMainMenuDummyScene -> Main_menu
14:38:48.777 [JavaFX Application Thread] DEBUG FXGLApplication      - Exiting FXGL
14:38:48.777 [JavaFX Application Thread] DEBUG LoopRunner           - Stopping loop
14:38:48.777 [JavaFX Application Thread] DEBUG SystemBundleService  - Saving FXGL system data
14:38:48.779 [JavaFX Application Thread] DEBUG FileSystemAccess     - Writing to: E:\java project\tank\system\fxgl.bundle
14:38:48.783 [JavaFX Application Thread] DEBUG Async                - Shutting down background threads
14:38:48.783 [JavaFX Application Thread] DEBUG PrimaryStageWindow   - Closing main window
14:38:48.807 [JavaFX Application Thread] DEBUG Logger               - Closing Logger
