18:21:24.245 [main                     ] DEBUG Logger               - Configured Logger
18:21:24.267 [main                     ] DEBUG GameApplication      - Logging settings
Title: All star battle
Version: 0.1
Width: 2048
Height: 1152
Fullscreen: false
Intro: false
Profiling: false
Single step:false
App Mode: DEVELOPER
Menu Key: ESCAPE
Stage Style: DECORATED
Scene Factory: class com.kenny.AllStarBattle.AllStarBattleApp$1

18:21:26.143 [JavaFX Application Thread] DEBUG FXGLApplication      - Initializing FXGL
18:21:26.147 [JavaFX Application Thread] INFO  Engine               - FXGL-17.1 (24.03.2022 17.34) on WINDOWS (J:17.0.6 FX:18)
18:21:26.147 [JavaFX Application Thread] DEBUG Engine               - JRE Vendor Name: Amazon.com Inc.
18:21:26.147 [JavaFX Application Thread] DEBUG Engine               - Running on OS: Windows 11 version 10.0
18:21:26.147 [JavaFX Application Thread] DEBUG Engine               - Architecture: amd64
18:21:26.147 [JavaFX Application Thread] INFO  Engine               - Source code and latest versions at: https://github.com/AlmasB/FXGL
18:21:26.148 [JavaFX Application Thread] INFO  Engine               -       Ask questions and discuss at: https://github.com/AlmasB/FXGL/discussions
18:21:26.148 [JavaFX Application Thread] INFO  Engine               -              Join the FXGL chat at: https://gitter.im/AlmasB/FXGL
18:21:26.219 [JavaFX Application Thread] DEBUG PrimaryStageWindow   - Creating a JavaFX scene
18:21:26.219 [JavaFX Application Thread] DEBUG PrimaryStageWindow   - Target size > screen size
18:21:26.444 [JavaFX Application Thread] DEBUG PrimaryStageWindow   - Target settings size: 2048.0 x 1152.0
18:21:26.444 [JavaFX Application Thread] DEBUG PrimaryStageWindow   - Scaled scene size:    1682.0 x 960.0
18:21:26.445 [JavaFX Application Thread] DEBUG PrimaryStageWindow   - Scaled ratio: (0.8212890625, 0.8333333333333334)
18:21:26.445 [JavaFX Application Thread] DEBUG PrimaryStageWindow   - Set initial scene to StartScene
18:21:26.451 [JavaFX Application Thread] DEBUG PrimaryStageWindow   - Opening main window
18:21:26.521 [JavaFX Application Thread] DEBUG PrimaryStageWindow   - Window border size: (14.6666259765625, 37.33331298828125)
18:21:26.521 [JavaFX Application Thread] DEBUG PrimaryStageWindow   - Scaled size: 1682.0 x 960.0
18:21:26.521 [JavaFX Application Thread] DEBUG PrimaryStageWindow   - Scaled ratio: (0.8212890625, 0.8333333333333334)
18:21:26.522 [JavaFX Application Thread] DEBUG PrimaryStageWindow   - Scene size: 1682.0 x 960.0
18:21:26.522 [JavaFX Application Thread] DEBUG PrimaryStageWindow   - Stage size: 1696.6666259765625 x 997.3333129882812
18:21:26.528 [FXGL Background Thread 1 ] DEBUG Engine               - Initializing environment variables
18:21:26.551 [FXGL Background Thread 1 ] DEBUG FXGLAssetLoaderServi - User app class for loading assets: class com.kenny.AllStarBattle.AllStarBattleApp
18:21:26.551 [FXGL Background Thread 1 ] DEBUG GameApplicationServi - Applying CSS: fxgl_dark.css
18:21:26.552 [FXGL Background Thread 1 ] DEBUG FXGLAssetLoaderServi - Loading from file system: jar:file:///C:/Users/10273/.m2/repository/com/github/almasb/fxgl/17.1/fxgl-17.1.jar!/fxglassets/ui/css/fxgl_dark.css
18:21:26.589 [FXGL Background Thread 1 ] DEBUG GameApplicationServi - Applying CSS: tank.css
18:21:26.590 [FXGL Background Thread 1 ] DEBUG FXGLAssetLoaderServi - Loading from file system: file:/E:/java%20project/tank/target/classes/assets/ui/css/tank.css
18:21:26.591 [FXGL Background Thread 1 ] DEBUG GameApplicationServi - Initializing application scenes
18:21:26.597 [FXGL Background Thread 1 ] DEBUG GameWorld            - Game world initialized
18:21:26.647 [FXGL Background Thread 1 ] DEBUG PhysicsWorld         - Physics world initialized: appHeight=1152, physics.ppm=50.0
18:21:26.647 [FXGL Background Thread 1 ] DEBUG PhysicsWorld         - Using strategy: BRUTE_FORCE
18:21:26.653 [FXGL Background Thread 1 ] DEBUG GameScene            - Game scene initialized: 2048x1152
18:21:26.658 [FXGL Background Thread 1 ] DEBUG FXGLAssetLoaderServi - Loading from file system: file:/E:/java%20project/tank/target/classes/assets/textures/MainMenu.png
18:21:26.765 [FXGL Background Thread 1 ] DEBUG FXGLAssetLoaderServi - Loading from file system: file:/E:/java%20project/tank/target/classes/assets/textures/R-C.jpg
18:21:26.997 [FXGL Background Thread 1 ] DEBUG FXGL.DefaultMenu     - createMenuBodyGameMenu()
18:21:27.004 [FXGL Background Thread 1 ] DEBUG FXGL.DefaultMenu     - createOptionsMenu()
18:21:27.016 [FXGL Background Thread 1 ] DEBUG FXGLAssetLoaderServi - Loading from file system: jar:file:///C:/Users/10273/.m2/repository/com/github/almasb/fxgl/17.1/fxgl-17.1.jar!/fxglassets/textures/particles/smoke.png
18:21:27.081 [FXGL Background Thread 1 ] DEBUG FXGLAssetLoaderServi - Loading from file system: jar:file:///C:/Users/10273/.m2/repository/com/github/almasb/fxgl/17.1/fxgl-17.1.jar!/fxglassets/textures/particles/trace_horizontal.png
18:21:27.090 [FXGL Background Thread 1 ] DEBUG GameApplicationServi - Application scenes initialized
18:21:27.099 [FXGL Background Thread 1 ] DEBUG SystemBundleService  - Loading FXGL system data
18:21:27.101 [FXGL Background Thread 1 ] DEBUG FileSystemAccess     - Reading from: E:\java project\tank\system\fxgl.bundle
18:21:27.108 [FXGL Background Thread 1 ] DEBUG SystemBundleService  - Bundle FXGL: {}
18:21:27.108 [FXGL Background Thread 1 ] DEBUG UpdaterService       - Checking for updates
18:21:27.111 [FXGL Background Thread 4 ] DEBUG FXGLApplication      - Loading fonts
18:21:27.112 [FXGL Background Thread 1 ] DEBUG FXGLApplication      - Loading default localization
18:21:27.112 [FXGL Background Thread 4 ] DEBUG FXGLAssetLoaderServi - Loading from file system: jar:file:///C:/Users/10273/.m2/repository/com/github/almasb/fxgl/17.1/fxgl-17.1.jar!/fxglassets/ui/fonts/VarelaRound-Regular.ttf
18:21:27.112 [FXGL Background Thread 1 ] DEBUG FXGLAssetLoaderServi - Loading from file system: jar:file:///C:/Users/10273/.m2/repository/com/github/almasb/fxgl/17.1/fxgl-17.1.jar!/fxglassets/languages/english.lang
18:21:27.135 [FXGL Background Thread 1 ] INFO  FXGLApplication      - FXGL initialization took: 0.607 sec
18:21:27.141 [JavaFX Application Thread] DEBUG Input                - Registered new binding: action0 - Up
18:21:27.142 [JavaFX Application Thread] DEBUG Input                - Registered new binding: action1 - Down
18:21:27.142 [JavaFX Application Thread] DEBUG Input                - Registered new binding: action2 - Left
18:21:27.142 [JavaFX Application Thread] DEBUG Input                - Registered new binding: action3 - Right
18:21:27.142 [JavaFX Application Thread] DEBUG Input                - Registered new binding: action4 - Space
18:21:27.143 [JavaFX Application Thread] DEBUG FXGLAssetLoaderServi - Loading from file system: file:/E:/java%20project/tank/target/classes/assets/textures/joker.jpg
18:21:27.153 [JavaFX Application Thread] DEBUG FXGLAssetLoaderServi - Loading from file system: jar:file:///C:/Users/10273/.m2/repository/com/github/almasb/fxgl/17.1/fxgl-17.1.jar!/fxglassets/textures/fxgl_default_cursor.png
18:21:27.156 [JavaFX Application Thread] DEBUG Input                - Registered new binding: Screenshot - CTRL+8
18:21:27.157 [JavaFX Application Thread] DEBUG Input                - Registered new binding: System info dump - CTRL+9
18:21:27.158 [JavaFX Application Thread] DEBUG Input                - Registered new binding: Restart - CTRL+R
18:21:27.160 [JavaFX Application Thread] DEBUG Input                - Registered new binding: Toggle Debug Camera - CTRL+7
18:21:27.161 [FXGL Background Thread 4 ] DEBUG FXGLAssetLoaderServi - Loading from file system: jar:file:///C:/Users/10273/.m2/repository/com/github/almasb/fxgl/17.1/fxgl-17.1.jar!/fxglassets/ui/fonts/Abel-Regular.ttf
18:21:27.163 [FXGL Background Thread 4 ] DEBUG FXGLAssetLoaderServi - Loading from file system: jar:file:///C:/Users/10273/.m2/repository/com/github/almasb/fxgl/17.1/fxgl-17.1.jar!/fxglassets/ui/fonts/TerminalLandMono-Regular.otf
18:21:27.164 [JavaFX Application Thread] DEBUG LoopRunner           - Starting loop
18:21:27.164 [JavaFX Application Thread] DEBUG LoopRunner           - Initializing JavaFX AnimationTimerLoop
18:21:27.165 [FXGL Background Thread 4 ] DEBUG FXGLAssetLoaderServi - Loading from file system: jar:file:///C:/Users/10273/.m2/repository/com/github/almasb/fxgl/17.1/fxgl-17.1.jar!/fxglassets/ui/fonts/Courier-Prime.ttf
18:21:27.169 [JavaFX Application Thread] DEBUG Input                - Clearing active input actions
18:21:27.174 [JavaFX Application Thread] DEBUG GameApplicationServi - Removing overlay from StartScene and adding to FXGLMainMenuDummyScene
18:21:27.174 [JavaFX Application Thread] DEBUG PrimaryStageWindow   - StartScene -> FXGLMainMenuDummyScene
18:21:27.174 [JavaFX Application Thread] DEBUG PrimaryStageWindow   - Push state: Main_menu
18:21:27.175 [JavaFX Application Thread] DEBUG Input                - Clearing active input actions
18:21:27.191 [JavaFX Application Thread] DEBUG GameApplicationServi - Removing overlay from FXGLMainMenuDummyScene and adding to Main_menu
18:21:27.192 [JavaFX Application Thread] DEBUG PrimaryStageWindow   - FXGLMainMenuDummyScene -> Main_menu
18:21:27.192 [JavaFX Application Thread] DEBUG FXGLApplication      - Registering font factories with UI factory
18:21:27.945 [FXGL Background Thread 2 ] INFO  UpdaterService       - Your current version:  17.1
18:21:27.945 [FXGL Background Thread 2 ] INFO  UpdaterService       - Latest stable version: 17.3
18:21:30.111 [FXGL Background Thread 3 ] DEBUG Engine               - Logging environment variables
18:21:30.111 [FXGL Background Thread 3 ] DEBUG Engine               - achievements: []
18:21:30.111 [FXGL Background Thread 3 ] DEBUG Engine               - actualHeight: 960.0
18:21:30.111 [FXGL Background Thread 3 ] DEBUG Engine               - actualHeightProperty: ReadOnlyDoubleProperty [value: 960.0]
18:21:30.111 [FXGL Background Thread 3 ] DEBUG Engine               - actualWidth: 1682.0
18:21:30.111 [FXGL Background Thread 3 ] DEBUG Engine               - actualWidthProperty: ReadOnlyDoubleProperty [value: 1682.0]
18:21:30.111 [FXGL Background Thread 3 ] DEBUG Engine               - appIcon: joker.jpg
18:21:30.111 [FXGL Background Thread 3 ] DEBUG Engine               - applicationMode: DEVELOPER
18:21:30.112 [FXGL Background Thread 3 ] DEBUG Engine               - cSSList: [fxgl_dark.css, tank.css]
18:21:30.112 [FXGL Background Thread 3 ] DEBUG Engine               - collisionDetectionStrategy: BRUTE_FORCE
18:21:30.112 [FXGL Background Thread 3 ] DEBUG Engine               - configClass: Optional.empty
18:21:30.112 [FXGL Background Thread 3 ] DEBUG Engine               - credits: []
18:21:30.112 [FXGL Background Thread 3 ] DEBUG Engine               - defaultCursor: CursorInfo(imageName=fxgl_default_cursor.png, hotspotX=7.0, hotspotY=6.0)
18:21:30.112 [FXGL Background Thread 3 ] DEBUG Engine               - devBBoxColorProperty: ObjectProperty [value: 0xff0000ff]
18:21:30.112 [FXGL Background Thread 3 ] DEBUG Engine               - devEnableDebugCameraProperty: BooleanProperty [value: false]
18:21:30.112 [FXGL Background Thread 3 ] DEBUG Engine               - devSensorColorProperty: ObjectProperty [value: 0xffff00ff]
18:21:30.112 [FXGL Background Thread 3 ] DEBUG Engine               - devShowBBoxProperty: BooleanProperty [value: false]
18:21:30.112 [FXGL Background Thread 3 ] DEBUG Engine               - devShowPositionProperty: BooleanProperty [value: false]
18:21:30.112 [FXGL Background Thread 3 ] DEBUG Engine               - enabledMenuItems: []
18:21:30.113 [FXGL Background Thread 3 ] DEBUG Engine               - engineServices: [class com.almasb.fxgl.app.services.FXGLAssetLoaderService, class com.almasb.fxgl.app.FXGLApplication$GameApplicationService, class com.almasb.fxgl.app.services.FXGLDialogService, class com.almasb.fxgl.app.services.IOTaskExecutorService, class com.almasb.fxgl.io.FileSystemService, class com.almasb.fxgl.localization.LocalizationService, class com.almasb.fxgl.app.services.SystemBundleService, class com.almasb.fxgl.profile.SaveLoadService, class com.almasb.fxgl.ui.FXGLUIFactoryServiceProvider, class com.almasb.fxgl.ui.FXGLDialogFactoryServiceProvider, class com.almasb.fxgl.audio.AudioPlayer, class com.almasb.fxgl.notification.impl.NotificationServiceProvider, class com.almasb.fxgl.achievement.AchievementService, class com.almasb.fxgl.cutscene.CutsceneService, class com.almasb.fxgl.minigames.MiniGameService, class com.almasb.fxgl.net.NetService, class com.almasb.fxgl.app.services.UpdaterService, class com.almasb.fxgl.dev.DevService]
18:21:30.113 [FXGL Background Thread 3 ] DEBUG Engine               - fontGame: Abel-Regular.ttf
18:21:30.113 [FXGL Background Thread 3 ] DEBUG Engine               - fontMono: TerminalLandMono-Regular.otf
18:21:30.113 [FXGL Background Thread 3 ] DEBUG Engine               - fontText: Courier-Prime.ttf
18:21:30.113 [FXGL Background Thread 3 ] DEBUG Engine               - fontUI: VarelaRound-Regular.ttf
18:21:30.113 [FXGL Background Thread 3 ] DEBUG Engine               - fullScreen: BooleanProperty [value: false]
18:21:30.113 [FXGL Background Thread 3 ] DEBUG Engine               - gameDifficulty: MEDIUM
18:21:30.113 [FXGL Background Thread 3 ] DEBUG Engine               - gameDifficultyProperty: ObjectProperty [value: MEDIUM]
18:21:30.113 [FXGL Background Thread 3 ] DEBUG Engine               - globalMusicVolume: 0.5
18:21:30.113 [FXGL Background Thread 3 ] DEBUG Engine               - globalMusicVolumeProperty: DoubleProperty [value: 0.5]
18:21:30.113 [FXGL Background Thread 3 ] DEBUG Engine               - globalSoundVolume: 0.5
18:21:30.113 [FXGL Background Thread 3 ] DEBUG Engine               - globalSoundVolumeProperty: DoubleProperty [value: 0.8]
18:21:30.113 [FXGL Background Thread 3 ] DEBUG Engine               - height: 1152
18:21:30.113 [FXGL Background Thread 3 ] DEBUG Engine               - is3D: false
18:21:30.113 [FXGL Background Thread 3 ] DEBUG Engine               - isAndroid: false
18:21:30.113 [FXGL Background Thread 3 ] DEBUG Engine               - isBrowser: false
18:21:30.113 [FXGL Background Thread 3 ] DEBUG Engine               - isClickFeedbackEnabled: false
18:21:30.113 [FXGL Background Thread 3 ] DEBUG Engine               - isCloseConfirmation: false
18:21:30.113 [FXGL Background Thread 3 ] DEBUG Engine               - isDesktop: true
18:21:30.113 [FXGL Background Thread 3 ] DEBUG Engine               - isDeveloperMenuEnabled: false
18:21:30.113 [FXGL Background Thread 3 ] DEBUG Engine               - isEmbedded: false
18:21:30.113 [FXGL Background Thread 3 ] DEBUG Engine               - isEntityPreloadEnabled: true
18:21:30.113 [FXGL Background Thread 3 ] DEBUG Engine               - isExperimentalTiledLargeMap: false
18:21:30.113 [FXGL Background Thread 3 ] DEBUG Engine               - isFileSystemWriteAllowed: true
18:21:30.113 [FXGL Background Thread 3 ] DEBUG Engine               - isFullScreenAllowed: false
18:21:30.113 [FXGL Background Thread 3 ] DEBUG Engine               - isFullScreenFromStart: false
18:21:30.114 [FXGL Background Thread 3 ] DEBUG Engine               - isGameMenuEnabled: true
18:21:30.114 [FXGL Background Thread 3 ] DEBUG Engine               - isIOS: false
18:21:30.114 [FXGL Background Thread 3 ] DEBUG Engine               - isIntroEnabled: false
18:21:30.114 [FXGL Background Thread 3 ] DEBUG Engine               - isLinux: false
18:21:30.114 [FXGL Background Thread 3 ] DEBUG Engine               - isMac: false
18:21:30.114 [FXGL Background Thread 3 ] DEBUG Engine               - isMainMenuEnabled: true
18:21:30.114 [FXGL Background Thread 3 ] DEBUG Engine               - isManualResizeEnabled: false
18:21:30.114 [FXGL Background Thread 3 ] DEBUG Engine               - isMobile: false
18:21:30.114 [FXGL Background Thread 3 ] DEBUG Engine               - isNative: false
18:21:30.114 [FXGL Background Thread 3 ] DEBUG Engine               - isPauseMusicWhenMinimized: true
18:21:30.114 [FXGL Background Thread 3 ] DEBUG Engine               - isPreserveResizeRatio: false
18:21:30.114 [FXGL Background Thread 3 ] DEBUG Engine               - isProfilingEnabled: false
18:21:30.114 [FXGL Background Thread 3 ] DEBUG Engine               - isScaleAffectedOnResize: true
18:21:30.114 [FXGL Background Thread 3 ] DEBUG Engine               - isSingleStep: false
18:21:30.114 [FXGL Background Thread 3 ] DEBUG Engine               - isUserProfileEnabled: false
18:21:30.114 [FXGL Background Thread 3 ] DEBUG Engine               - isWindows: true
18:21:30.114 [FXGL Background Thread 3 ] DEBUG Engine               - language: ObjectProperty [value: ENGLISH]
18:21:30.114 [FXGL Background Thread 3 ] DEBUG Engine               - menuKey: ESCAPE
18:21:30.114 [FXGL Background Thread 3 ] DEBUG Engine               - mouseSensitivity: 0.2
18:21:30.114 [FXGL Background Thread 3 ] DEBUG Engine               - notificationViewClass: class com.almasb.fxgl.notification.view.XboxNotificationView
18:21:30.114 [FXGL Background Thread 3 ] DEBUG Engine               - pixelsPerMeter: 50.0
18:21:30.114 [FXGL Background Thread 3 ] DEBUG Engine               - platform: WINDOWS
18:21:30.114 [FXGL Background Thread 3 ] DEBUG Engine               - prefHeightProperty: ReadOnlyDoubleProperty [value: 1152.0]
18:21:30.114 [FXGL Background Thread 3 ] DEBUG Engine               - prefWidthProperty: ReadOnlyDoubleProperty [value: 2048.0]
18:21:30.114 [FXGL Background Thread 3 ] DEBUG Engine               - profileDir: profiles/
18:21:30.114 [FXGL Background Thread 3 ] DEBUG Engine               - profileName: StringProperty [value: DEFAULT]
18:21:30.114 [FXGL Background Thread 3 ] DEBUG Engine               - randomSeed: -1
18:21:30.115 [FXGL Background Thread 3 ] DEBUG Engine               - runtimeInfo: RuntimeInfo(platform=WINDOWS, version=17.1, build=24.03.2022 17.34)
18:21:30.115 [FXGL Background Thread 3 ] DEBUG Engine               - saveFileExt: sav
18:21:30.115 [FXGL Background Thread 3 ] DEBUG Engine               - scaledHeightProp$fxgl: DoubleProperty [bound, value: 960.0]
18:21:30.115 [FXGL Background Thread 3 ] DEBUG Engine               - scaledWidthProp$fxgl: DoubleProperty [bound, value: 1682.0]
18:21:30.115 [FXGL Background Thread 3 ] DEBUG Engine               - sceneFactory: com.kenny.AllStarBattle.AllStarBattleApp$1@55c24812
18:21:30.115 [FXGL Background Thread 3 ] DEBUG Engine               - secondsIn24h: 60
18:21:30.115 [FXGL Background Thread 3 ] DEBUG Engine               - soundMenuBack: menu/back.wav
18:21:30.115 [FXGL Background Thread 3 ] DEBUG Engine               - soundMenuPress: menu/press.wav
18:21:30.115 [FXGL Background Thread 3 ] DEBUG Engine               - soundMenuSelect: menu/select.wav
18:21:30.115 [FXGL Background Thread 3 ] DEBUG Engine               - soundNotification: core/notification.wav
18:21:30.115 [FXGL Background Thread 3 ] DEBUG Engine               - stageStyle: DECORATED
18:21:30.115 [FXGL Background Thread 3 ] DEBUG Engine               - supportedLanguages: [ENGLISH, FRENCH, GERMAN, HUNGARIAN, RUSSIAN]
18:21:30.115 [FXGL Background Thread 3 ] DEBUG Engine               - ticksPerSecond: -1
18:21:30.115 [FXGL Background Thread 3 ] DEBUG Engine               - title: All star battle
18:21:30.115 [FXGL Background Thread 3 ] DEBUG Engine               - urlGithub: https://github.com/AlmasB/FXGL
18:21:30.115 [FXGL Background Thread 3 ] DEBUG Engine               - urlLeaderboard: http://fxgl-top.herokuapp.com/
18:21:30.115 [FXGL Background Thread 3 ] DEBUG Engine               - urlPOM: https://raw.githubusercontent.com/AlmasB/FXGL/release/README.md
18:21:30.115 [FXGL Background Thread 3 ] DEBUG Engine               - userAppClass: class com.kenny.AllStarBattle.AllStarBattleApp
18:21:30.115 [FXGL Background Thread 3 ] DEBUG Engine               - version: 0.1
18:21:30.115 [FXGL Background Thread 3 ] DEBUG Engine               - versionCheckDays: 7
18:21:30.115 [FXGL Background Thread 3 ] DEBUG Engine               - width: 2048
18:21:30.115 [FXGL Background Thread 3 ] DEBUG Engine               - Logging services
18:21:30.115 [FXGL Background Thread 3 ] DEBUG Engine               - class com.almasb.fxgl.app.services.FXGLAssetLoaderService
18:21:30.115 [FXGL Background Thread 3 ] DEBUG Engine               - class com.almasb.fxgl.app.FXGLApplication$GameApplicationService
18:21:30.116 [FXGL Background Thread 3 ] DEBUG Engine               - class com.almasb.fxgl.app.services.FXGLDialogService
18:21:30.116 [FXGL Background Thread 3 ] DEBUG Engine               - class com.almasb.fxgl.app.services.IOTaskExecutorService
18:21:30.116 [FXGL Background Thread 3 ] DEBUG Engine               - class com.almasb.fxgl.io.FileSystemService
18:21:30.116 [FXGL Background Thread 3 ] DEBUG Engine               - class com.almasb.fxgl.localization.LocalizationService
18:21:30.116 [FXGL Background Thread 3 ] DEBUG Engine               - class com.almasb.fxgl.app.services.SystemBundleService
18:21:30.116 [FXGL Background Thread 3 ] DEBUG Engine               - class com.almasb.fxgl.profile.SaveLoadService
18:21:30.116 [FXGL Background Thread 3 ] DEBUG Engine               - class com.almasb.fxgl.ui.FXGLUIFactoryServiceProvider
18:21:30.116 [FXGL Background Thread 3 ] DEBUG Engine               - class com.almasb.fxgl.ui.FXGLDialogFactoryServiceProvider
18:21:30.116 [FXGL Background Thread 3 ] DEBUG Engine               - class com.almasb.fxgl.audio.AudioPlayer
18:21:30.116 [FXGL Background Thread 3 ] DEBUG Engine               - class com.almasb.fxgl.notification.impl.NotificationServiceProvider
18:21:30.116 [FXGL Background Thread 3 ] DEBUG Engine               - class com.almasb.fxgl.achievement.AchievementService
18:21:30.116 [FXGL Background Thread 3 ] DEBUG Engine               - class com.almasb.fxgl.cutscene.CutsceneService
18:21:30.116 [FXGL Background Thread 3 ] DEBUG Engine               - class com.almasb.fxgl.minigames.MiniGameService
18:21:30.116 [FXGL Background Thread 3 ] DEBUG Engine               - class com.almasb.fxgl.net.NetService
18:21:30.116 [FXGL Background Thread 3 ] DEBUG Engine               - class com.almasb.fxgl.app.services.UpdaterService
18:21:30.116 [FXGL Background Thread 3 ] DEBUG Engine               - class com.almasb.fxgl.dev.DevService
18:21:48.815 [JavaFX Application Thread] DEBUG FXGLApplication      - Exiting FXGL
18:21:48.815 [JavaFX Application Thread] DEBUG LoopRunner           - Stopping loop
18:21:48.816 [JavaFX Application Thread] DEBUG SystemBundleService  - Saving FXGL system data
18:21:48.818 [JavaFX Application Thread] DEBUG FileSystemAccess     - Writing to: E:\java project\tank\system\fxgl.bundle
18:21:48.820 [JavaFX Application Thread] DEBUG Async                - Shutting down background threads
18:21:48.820 [JavaFX Application Thread] DEBUG PrimaryStageWindow   - Closing main window
18:21:48.864 [JavaFX Application Thread] DEBUG Logger               - Closing Logger
