20:48:10.047 [main                     ] DEBUG Logger               - Configured Logger
20:48:10.066 [main                     ] DEBUG GameApplication      - Logging settings
Title: All star battle
Version: 0.1
Width: 2048
Height: 1152
Fullscreen: false
Intro: false
Profiling: false
Single step:false
App Mode: DEVELOPER
Menu Key: ESCAPE
Stage Style: DECORATED
Scene Factory: class com.kenny.tank.AllStarBattleApp$1

20:48:10.386 [JavaFX Application Thread] DEBUG FXGLApplication      - Initializing FXGL
20:48:10.389 [JavaFX Application Thread] INFO  Engine               - FXGL-17.1 (24.03.2022 17.34) on WINDOWS (J:17.0.6 FX:18)
20:48:10.389 [JavaFX Application Thread] DEBUG Engine               - JRE Vendor Name: Amazon.com Inc.
20:48:10.389 [JavaFX Application Thread] DEBUG Engine               - Running on OS: Windows 11 version 10.0
20:48:10.389 [JavaFX Application Thread] DEBUG Engine               - Architecture: amd64
20:48:10.389 [JavaFX Application Thread] INFO  Engine               - Source code and latest versions at: https://github.com/AlmasB/FXGL
20:48:10.389 [JavaFX Application Thread] INFO  Engine               -       Ask questions and discuss at: https://github.com/AlmasB/FXGL/discussions
20:48:10.390 [JavaFX Application Thread] INFO  Engine               -              Join the FXGL chat at: https://gitter.im/AlmasB/FXGL
20:48:10.438 [JavaFX Application Thread] DEBUG PrimaryStageWindow   - Creating a JavaFX scene
20:48:10.438 [JavaFX Application Thread] DEBUG PrimaryStageWindow   - Target size > screen size
20:48:10.466 [JavaFX Application Thread] DEBUG PrimaryStageWindow   - Target settings size: 2048.0 x 1152.0
20:48:10.466 [JavaFX Application Thread] DEBUG PrimaryStageWindow   - Scaled scene size:    1682.0 x 960.0
20:48:10.466 [JavaFX Application Thread] DEBUG PrimaryStageWindow   - Scaled ratio: (0.8212890625, 0.8333333333333334)
20:48:10.466 [JavaFX Application Thread] DEBUG PrimaryStageWindow   - Set initial scene to StartScene
20:48:10.471 [JavaFX Application Thread] DEBUG PrimaryStageWindow   - Opening main window
20:48:10.525 [JavaFX Application Thread] DEBUG PrimaryStageWindow   - Window border size: (14.6666259765625, 37.33331298828125)
20:48:10.525 [JavaFX Application Thread] DEBUG PrimaryStageWindow   - Scaled size: 1682.0 x 960.0
20:48:10.525 [JavaFX Application Thread] DEBUG PrimaryStageWindow   - Scaled ratio: (0.8212890625, 0.8333333333333334)
20:48:10.525 [JavaFX Application Thread] DEBUG PrimaryStageWindow   - Scene size: 1682.0 x 960.0
20:48:10.526 [JavaFX Application Thread] DEBUG PrimaryStageWindow   - Stage size: 1696.6666259765625 x 997.3333129882812
20:48:10.531 [FXGL Background Thread 1 ] DEBUG Engine               - Initializing environment variables
20:48:10.552 [FXGL Background Thread 1 ] DEBUG FXGLAssetLoaderServi - User app class for loading assets: class com.kenny.tank.AllStarBattleApp
20:48:10.553 [FXGL Background Thread 1 ] DEBUG GameApplicationServi - Applying CSS: fxgl_dark.css
20:48:10.553 [FXGL Background Thread 1 ] DEBUG FXGLAssetLoaderServi - Loading from file system: jar:file:///C:/Users/10273/.m2/repository/com/github/almasb/fxgl/17.1/fxgl-17.1.jar!/fxglassets/ui/css/fxgl_dark.css
20:48:10.588 [FXGL Background Thread 1 ] DEBUG GameApplicationServi - Applying CSS: tank.css
20:48:10.588 [FXGL Background Thread 1 ] DEBUG FXGLAssetLoaderServi - Loading from file system: file:/E:/java%20project/tank/target/classes/assets/ui/css/tank.css
20:48:10.591 [FXGL Background Thread 1 ] DEBUG GameApplicationServi - Initializing application scenes
20:48:10.594 [FXGL Background Thread 1 ] DEBUG GameWorld            - Game world initialized
20:48:10.640 [FXGL Background Thread 1 ] DEBUG PhysicsWorld         - Physics world initialized: appHeight=1152, physics.ppm=50.0
20:48:10.640 [FXGL Background Thread 1 ] DEBUG PhysicsWorld         - Using strategy: BRUTE_FORCE
20:48:10.644 [FXGL Background Thread 1 ] DEBUG GameScene            - Game scene initialized: 2048x1152
20:48:10.647 [FXGL Background Thread 1 ] DEBUG FXGLAssetLoaderServi - Loading from file system: file:/E:/java%20project/tank/target/classes/assets/textures/MainMenu.png
20:48:10.730 [FXGL Background Thread 1 ] DEBUG FXGL.DefaultMenu     - createMenuBodyGameMenu()
20:48:10.738 [FXGL Background Thread 1 ] DEBUG FXGL.DefaultMenu     - createOptionsMenu()
20:48:10.743 [FXGL Background Thread 1 ] DEBUG FXGLAssetLoaderServi - Loading from file system: jar:file:///C:/Users/10273/.m2/repository/com/github/almasb/fxgl/17.1/fxgl-17.1.jar!/fxglassets/textures/particles/smoke.png
20:48:10.793 [FXGL Background Thread 1 ] DEBUG FXGLAssetLoaderServi - Loading from file system: jar:file:///C:/Users/10273/.m2/repository/com/github/almasb/fxgl/17.1/fxgl-17.1.jar!/fxglassets/textures/particles/trace_horizontal.png
20:48:10.804 [FXGL Background Thread 1 ] DEBUG GameApplicationServi - Application scenes initialized
20:48:10.812 [FXGL Background Thread 1 ] DEBUG SystemBundleService  - Loading FXGL system data
20:48:10.815 [FXGL Background Thread 1 ] DEBUG FileSystemAccess     - Reading from: E:\java project\tank\system\fxgl.bundle
20:48:10.821 [FXGL Background Thread 1 ] DEBUG SystemBundleService  - Bundle FXGL: {}
20:48:10.821 [FXGL Background Thread 1 ] DEBUG UpdaterService       - Checking for updates
20:48:10.824 [FXGL Background Thread 1 ] DEBUG FXGLApplication      - Loading default localization
20:48:10.825 [FXGL Background Thread 4 ] DEBUG FXGLApplication      - Loading fonts
20:48:10.825 [FXGL Background Thread 1 ] DEBUG FXGLAssetLoaderServi - Loading from file system: jar:file:///C:/Users/10273/.m2/repository/com/github/almasb/fxgl/17.1/fxgl-17.1.jar!/fxglassets/languages/english.lang
20:48:10.825 [FXGL Background Thread 4 ] DEBUG FXGLAssetLoaderServi - Loading from file system: jar:file:///C:/Users/10273/.m2/repository/com/github/almasb/fxgl/17.1/fxgl-17.1.jar!/fxglassets/ui/fonts/VarelaRound-Regular.ttf
20:48:10.846 [FXGL Background Thread 1 ] INFO  FXGLApplication      - FXGL initialization took: 0.316 sec
20:48:10.856 [JavaFX Application Thread] DEBUG Input                - Registered new binding: action0 - Up
20:48:10.857 [JavaFX Application Thread] DEBUG Input                - Registered new binding: action1 - Down
20:48:10.857 [JavaFX Application Thread] DEBUG Input                - Registered new binding: action2 - Left
20:48:10.858 [JavaFX Application Thread] DEBUG Input                - Registered new binding: action3 - Right
20:48:10.858 [JavaFX Application Thread] DEBUG Input                - Registered new binding: action4 - Space
20:48:10.858 [JavaFX Application Thread] DEBUG FXGLAssetLoaderServi - Loading from file system: file:/E:/java%20project/tank/target/classes/assets/textures/joker.jpg
20:48:10.874 [JavaFX Application Thread] DEBUG FXGLAssetLoaderServi - Loading from file system: jar:file:///C:/Users/10273/.m2/repository/com/github/almasb/fxgl/17.1/fxgl-17.1.jar!/fxglassets/textures/fxgl_default_cursor.png
20:48:10.876 [JavaFX Application Thread] DEBUG Input                - Registered new binding: Screenshot - CTRL+8
20:48:10.876 [JavaFX Application Thread] DEBUG Input                - Registered new binding: System info dump - CTRL+9
20:48:10.876 [JavaFX Application Thread] DEBUG Input                - Registered new binding: Restart - CTRL+R
20:48:10.877 [JavaFX Application Thread] DEBUG Input                - Registered new binding: Toggle Debug Camera - CTRL+7
20:48:10.877 [FXGL Background Thread 4 ] DEBUG FXGLAssetLoaderServi - Loading from file system: jar:file:///C:/Users/10273/.m2/repository/com/github/almasb/fxgl/17.1/fxgl-17.1.jar!/fxglassets/ui/fonts/Abel-Regular.ttf
20:48:10.879 [JavaFX Application Thread] DEBUG LoopRunner           - Starting loop
20:48:10.879 [JavaFX Application Thread] DEBUG LoopRunner           - Initializing JavaFX AnimationTimerLoop
20:48:10.880 [FXGL Background Thread 4 ] DEBUG FXGLAssetLoaderServi - Loading from file system: jar:file:///C:/Users/10273/.m2/repository/com/github/almasb/fxgl/17.1/fxgl-17.1.jar!/fxglassets/ui/fonts/TerminalLandMono-Regular.otf
20:48:10.882 [FXGL Background Thread 4 ] DEBUG FXGLAssetLoaderServi - Loading from file system: jar:file:///C:/Users/10273/.m2/repository/com/github/almasb/fxgl/17.1/fxgl-17.1.jar!/fxglassets/ui/fonts/Courier-Prime.ttf
20:48:10.882 [JavaFX Application Thread] DEBUG Input                - Clearing active input actions
20:48:10.887 [JavaFX Application Thread] DEBUG GameApplicationServi - Removing overlay from StartScene and adding to FXGLMainMenuDummyScene
20:48:10.888 [JavaFX Application Thread] DEBUG PrimaryStageWindow   - StartScene -> FXGLMainMenuDummyScene
20:48:10.888 [JavaFX Application Thread] DEBUG PrimaryStageWindow   - Push state: Main_menu
20:48:10.888 [JavaFX Application Thread] DEBUG Input                - Clearing active input actions
20:48:10.897 [JavaFX Application Thread] DEBUG GameApplicationServi - Removing overlay from FXGLMainMenuDummyScene and adding to Main_menu
20:48:10.898 [JavaFX Application Thread] DEBUG PrimaryStageWindow   - FXGLMainMenuDummyScene -> Main_menu
20:48:10.901 [JavaFX Application Thread] DEBUG FXGLApplication      - Registering font factories with UI factory
20:48:11.248 [JavaFX Application Thread] DEBUG GameApplicationServi - Starting new game
20:48:11.248 [JavaFX Application Thread] DEBUG PrimaryStageWindow   - Pop state: Main_menu
20:48:11.248 [JavaFX Application Thread] DEBUG Input                - Clearing active input actions
20:48:11.248 [JavaFX Application Thread] DEBUG GameApplicationServi - Removing overlay from Main_menu and adding to FXGLMainMenuDummyScene
20:48:11.249 [JavaFX Application Thread] DEBUG PrimaryStageWindow   - FXGLMainMenuDummyScene <- Main_menu
20:48:11.249 [JavaFX Application Thread] DEBUG Input                - Clearing active input actions
20:48:11.252 [JavaFX Application Thread] DEBUG GameApplicationServi - Removing overlay from FXGLMainMenuDummyScene and adding to Loading_Scene
20:48:11.252 [JavaFX Application Thread] DEBUG PrimaryStageWindow   - FXGLMainMenuDummyScene -> Loading_Scene
20:48:11.252 [JavaFX Application Thread] DEBUG GameApplicationServi - Clearing previous game
20:48:11.252 [JavaFX Application Thread] DEBUG GameScene            - Clearing game scene
20:48:11.252 [JavaFX Application Thread] DEBUG GameWorld            - Clearing game world
20:48:11.252 [JavaFX Application Thread] DEBUG PhysicsWorld         - Clearing physics world
20:48:11.255 [FXGL Background Thread 4 ] DEBUG FXGLApplication      - Initializing game
20:48:11.260 [FXGL Background Thread 2 ] INFO  UpdaterService       - Your current version:  17.1
20:48:11.260 [FXGL Background Thread 2 ] INFO  UpdaterService       - Latest stable version: 17.2
20:48:11.275 [FXGL Background Thread 4 ] WARN  TMXLevelLoader       - TiledMap generated from 1.8.4. Supported version: 1.4.2. Some features may not be parsed fully.
20:48:11.287 [FXGL Background Thread 4 ] DEBUG TMXLevelLoader       - Parsed TiledMap: file:/E:/java%20project/tank/target/classes/assets/levels/test1.tmx
20:48:11.287 [FXGL Background Thread 4 ] DEBUG TMXLevelLoader       - Creating tile layer entities
20:48:11.288 [FXGL Background Thread 4 ] DEBUG TMXLevelLoader       - Creating object layer entities
20:48:11.341 [FXGL Background Thread 4 ] DEBUG GameWorld            - Clearing removable entities
20:48:11.341 [FXGL Background Thread 4 ] DEBUG GameWorld            - Setting level: com.almasb.fxgl.entity.level.Level@4648afff
20:48:11.349 [FXGL Background Thread 4 ] DEBUG FXGLAssetLoaderServi - Loading from file system: file:/E:/java%20project/tank/target/classes/assets/textures/element/Tank.png
20:48:11.351 [FXGL Background Thread 4 ] DEBUG FXGLAssetLoaderServi - Loading from file system: file:/E:/java%20project/tank/target/classes/assets/textures/Enemytank.png
20:48:11.353 [FXGL Background Thread 4 ] DEBUG FXGLAssetLoaderServi - Loading from file system: file:/E:/java%20project/tank/target/classes/assets/textures/Chicken.png
20:48:11.357 [FXGL Background Thread 4 ] DEBUG FXGLAssetLoaderServi - Loading from file system: file:/E:/java%20project/tank/target/classes/assets/textures/BossTank.png
20:48:11.359 [FXGL Background Thread 4 ] INFO  FXGLApplication      - Game initialization took: 0.104 sec
20:48:11.360 [JavaFX Application Thread] DEBUG Input                - Clearing active input actions
20:48:11.367 [JavaFX Application Thread] DEBUG GameApplicationServi - Removing overlay from Loading_Scene and adding to GameScene
20:48:11.367 [JavaFX Application Thread] DEBUG PrimaryStageWindow   - Loading_Scene -> GameScene
20:48:12.013 [JavaFX Application Thread] DEBUG FXGLAssetLoaderServi - Loading from file system: file:/E:/java%20project/tank/target/classes/assets/textures/element/Enemybullet.png
20:48:12.061 [JavaFX Application Thread] DEBUG FXGLAssetLoaderServi - Loading from file system: file:/E:/java%20project/tank/target/classes/assets/textures/SmallBoom.png
20:48:12.552 [JavaFX Application Thread] DEBUG FXGLAssetLoaderServi - Loading from file system: file:/E:/java%20project/tank/target/classes/assets/sounds/boom.wav
20:48:12.602 [JavaFX Application Thread] DEBUG FXGLAssetLoaderServi - Loading from file system: file:/E:/java%20project/tank/target/classes/assets/textures/element/Bullet.png
20:48:13.825 [FXGL Background Thread 3 ] DEBUG Engine               - Logging environment variables
20:48:13.825 [FXGL Background Thread 3 ] DEBUG Engine               - achievements: []
20:48:13.825 [FXGL Background Thread 3 ] DEBUG Engine               - actualHeight: 960.0
20:48:13.825 [FXGL Background Thread 3 ] DEBUG Engine               - actualHeightProperty: ReadOnlyDoubleProperty [value: 960.0]
20:48:13.825 [FXGL Background Thread 3 ] DEBUG Engine               - actualWidth: 1682.0
20:48:13.825 [FXGL Background Thread 3 ] DEBUG Engine               - actualWidthProperty: ReadOnlyDoubleProperty [value: 1682.0]
20:48:13.825 [FXGL Background Thread 3 ] DEBUG Engine               - appIcon: joker.jpg
20:48:13.825 [FXGL Background Thread 3 ] DEBUG Engine               - applicationMode: DEVELOPER
20:48:13.826 [FXGL Background Thread 3 ] DEBUG Engine               - cSSList: [fxgl_dark.css, tank.css]
20:48:13.826 [FXGL Background Thread 3 ] DEBUG Engine               - collisionDetectionStrategy: BRUTE_FORCE
20:48:13.826 [FXGL Background Thread 3 ] DEBUG Engine               - configClass: Optional.empty
20:48:13.826 [FXGL Background Thread 3 ] DEBUG Engine               - credits: []
20:48:13.826 [FXGL Background Thread 3 ] DEBUG Engine               - defaultCursor: CursorInfo(imageName=fxgl_default_cursor.png, hotspotX=7.0, hotspotY=6.0)
20:48:13.826 [FXGL Background Thread 3 ] DEBUG Engine               - devBBoxColorProperty: ObjectProperty [value: 0xff0000ff]
20:48:13.826 [FXGL Background Thread 3 ] DEBUG Engine               - devEnableDebugCameraProperty: BooleanProperty [value: false]
20:48:13.826 [FXGL Background Thread 3 ] DEBUG Engine               - devSensorColorProperty: ObjectProperty [value: 0xffff00ff]
20:48:13.826 [FXGL Background Thread 3 ] DEBUG Engine               - devShowBBoxProperty: BooleanProperty [value: false]
20:48:13.826 [FXGL Background Thread 3 ] DEBUG Engine               - devShowPositionProperty: BooleanProperty [value: false]
20:48:13.826 [FXGL Background Thread 3 ] DEBUG Engine               - enabledMenuItems: []
20:48:13.826 [FXGL Background Thread 3 ] DEBUG Engine               - engineServices: [class com.almasb.fxgl.app.services.FXGLAssetLoaderService, class com.almasb.fxgl.app.FXGLApplication$GameApplicationService, class com.almasb.fxgl.app.services.FXGLDialogService, class com.almasb.fxgl.app.services.IOTaskExecutorService, class com.almasb.fxgl.io.FileSystemService, class com.almasb.fxgl.localization.LocalizationService, class com.almasb.fxgl.app.services.SystemBundleService, class com.almasb.fxgl.profile.SaveLoadService, class com.almasb.fxgl.ui.FXGLUIFactoryServiceProvider, class com.almasb.fxgl.ui.FXGLDialogFactoryServiceProvider, class com.almasb.fxgl.audio.AudioPlayer, class com.almasb.fxgl.notification.impl.NotificationServiceProvider, class com.almasb.fxgl.achievement.AchievementService, class com.almasb.fxgl.cutscene.CutsceneService, class com.almasb.fxgl.minigames.MiniGameService, class com.almasb.fxgl.net.NetService, class com.almasb.fxgl.app.services.UpdaterService, class com.almasb.fxgl.dev.DevService]
20:48:13.827 [FXGL Background Thread 3 ] DEBUG Engine               - fontGame: Abel-Regular.ttf
20:48:13.827 [FXGL Background Thread 3 ] DEBUG Engine               - fontMono: TerminalLandMono-Regular.otf
20:48:13.827 [FXGL Background Thread 3 ] DEBUG Engine               - fontText: Courier-Prime.ttf
20:48:13.827 [FXGL Background Thread 3 ] DEBUG Engine               - fontUI: VarelaRound-Regular.ttf
20:48:13.827 [FXGL Background Thread 3 ] DEBUG Engine               - fullScreen: BooleanProperty [value: false]
20:48:13.827 [FXGL Background Thread 3 ] DEBUG Engine               - gameDifficulty: MEDIUM
20:48:13.827 [FXGL Background Thread 3 ] DEBUG Engine               - gameDifficultyProperty: ObjectProperty [value: MEDIUM]
20:48:13.827 [FXGL Background Thread 3 ] DEBUG Engine               - globalMusicVolume: 0.5
20:48:13.827 [FXGL Background Thread 3 ] DEBUG Engine               - globalMusicVolumeProperty: DoubleProperty [value: 0.5]
20:48:13.827 [FXGL Background Thread 3 ] DEBUG Engine               - globalSoundVolume: 0.5
20:48:13.827 [FXGL Background Thread 3 ] DEBUG Engine               - globalSoundVolumeProperty: DoubleProperty [value: 0.8]
20:48:13.827 [FXGL Background Thread 3 ] DEBUG Engine               - height: 1152
20:48:13.827 [FXGL Background Thread 3 ] DEBUG Engine               - is3D: false
20:48:13.827 [FXGL Background Thread 3 ] DEBUG Engine               - isAndroid: false
20:48:13.828 [FXGL Background Thread 3 ] DEBUG Engine               - isBrowser: false
20:48:13.828 [FXGL Background Thread 3 ] DEBUG Engine               - isClickFeedbackEnabled: false
20:48:13.828 [FXGL Background Thread 3 ] DEBUG Engine               - isCloseConfirmation: false
20:48:13.828 [FXGL Background Thread 3 ] DEBUG Engine               - isDesktop: true
20:48:13.828 [FXGL Background Thread 3 ] DEBUG Engine               - isDeveloperMenuEnabled: false
20:48:13.828 [FXGL Background Thread 3 ] DEBUG Engine               - isEmbedded: false
20:48:13.828 [FXGL Background Thread 3 ] DEBUG Engine               - isEntityPreloadEnabled: true
20:48:13.828 [FXGL Background Thread 3 ] DEBUG Engine               - isExperimentalTiledLargeMap: false
20:48:13.828 [FXGL Background Thread 3 ] DEBUG Engine               - isFileSystemWriteAllowed: true
20:48:13.828 [FXGL Background Thread 3 ] DEBUG Engine               - isFullScreenAllowed: false
20:48:13.828 [FXGL Background Thread 3 ] DEBUG Engine               - isFullScreenFromStart: false
20:48:13.828 [FXGL Background Thread 3 ] DEBUG Engine               - isGameMenuEnabled: true
20:48:13.828 [FXGL Background Thread 3 ] DEBUG Engine               - isIOS: false
20:48:13.828 [FXGL Background Thread 3 ] DEBUG Engine               - isIntroEnabled: false
20:48:13.828 [FXGL Background Thread 3 ] DEBUG Engine               - isLinux: false
20:48:13.828 [FXGL Background Thread 3 ] DEBUG Engine               - isMac: false
20:48:13.828 [FXGL Background Thread 3 ] DEBUG Engine               - isMainMenuEnabled: true
20:48:13.828 [FXGL Background Thread 3 ] DEBUG Engine               - isManualResizeEnabled: false
20:48:13.828 [FXGL Background Thread 3 ] DEBUG Engine               - isMobile: false
20:48:13.828 [FXGL Background Thread 3 ] DEBUG Engine               - isNative: false
20:48:13.828 [FXGL Background Thread 3 ] DEBUG Engine               - isPauseMusicWhenMinimized: true
20:48:13.828 [FXGL Background Thread 3 ] DEBUG Engine               - isPreserveResizeRatio: false
20:48:13.828 [FXGL Background Thread 3 ] DEBUG Engine               - isProfilingEnabled: false
20:48:13.828 [FXGL Background Thread 3 ] DEBUG Engine               - isScaleAffectedOnResize: true
20:48:13.829 [FXGL Background Thread 3 ] DEBUG Engine               - isSingleStep: false
20:48:13.829 [FXGL Background Thread 3 ] DEBUG Engine               - isUserProfileEnabled: false
20:48:13.829 [FXGL Background Thread 3 ] DEBUG Engine               - isWindows: true
20:48:13.829 [FXGL Background Thread 3 ] DEBUG Engine               - language: ObjectProperty [value: ENGLISH]
20:48:13.829 [FXGL Background Thread 3 ] DEBUG Engine               - menuKey: ESCAPE
20:48:13.829 [FXGL Background Thread 3 ] DEBUG Engine               - mouseSensitivity: 0.2
20:48:13.829 [FXGL Background Thread 3 ] DEBUG Engine               - notificationViewClass: class com.almasb.fxgl.notification.view.XboxNotificationView
20:48:13.829 [FXGL Background Thread 3 ] DEBUG Engine               - pixelsPerMeter: 50.0
20:48:13.829 [FXGL Background Thread 3 ] DEBUG Engine               - platform: WINDOWS
20:48:13.829 [FXGL Background Thread 3 ] DEBUG Engine               - prefHeightProperty: ReadOnlyDoubleProperty [value: 1152.0]
20:48:13.829 [FXGL Background Thread 3 ] DEBUG Engine               - prefWidthProperty: ReadOnlyDoubleProperty [value: 2048.0]
20:48:13.829 [FXGL Background Thread 3 ] DEBUG Engine               - profileDir: profiles/
20:48:13.829 [FXGL Background Thread 3 ] DEBUG Engine               - profileName: StringProperty [value: DEFAULT]
20:48:13.829 [FXGL Background Thread 3 ] DEBUG Engine               - randomSeed: -1
20:48:13.829 [FXGL Background Thread 3 ] DEBUG Engine               - runtimeInfo: RuntimeInfo(platform=WINDOWS, version=17.1, build=24.03.2022 17.34)
20:48:13.829 [FXGL Background Thread 3 ] DEBUG Engine               - saveFileExt: sav
20:48:13.829 [FXGL Background Thread 3 ] DEBUG Engine               - scaledHeightProp$fxgl: DoubleProperty [bound, value: 960.0]
20:48:13.829 [FXGL Background Thread 3 ] DEBUG Engine               - scaledWidthProp$fxgl: DoubleProperty [bound, value: 1682.0]
20:48:13.829 [FXGL Background Thread 3 ] DEBUG Engine               - sceneFactory: com.kenny.tank.AllStarBattleApp$1@7ad5ea68
20:48:13.829 [FXGL Background Thread 3 ] DEBUG Engine               - secondsIn24h: 60
20:48:13.829 [FXGL Background Thread 3 ] DEBUG Engine               - soundMenuBack: menu/back.wav
20:48:13.829 [FXGL Background Thread 3 ] DEBUG Engine               - soundMenuPress: menu/press.wav
20:48:13.829 [FXGL Background Thread 3 ] DEBUG Engine               - soundMenuSelect: menu/select.wav
20:48:13.830 [FXGL Background Thread 3 ] DEBUG Engine               - soundNotification: core/notification.wav
20:48:13.830 [FXGL Background Thread 3 ] DEBUG Engine               - stageStyle: DECORATED
20:48:13.830 [FXGL Background Thread 3 ] DEBUG Engine               - supportedLanguages: [ENGLISH, FRENCH, GERMAN, HUNGARIAN, RUSSIAN]
20:48:13.830 [FXGL Background Thread 3 ] DEBUG Engine               - ticksPerSecond: -1
20:48:13.830 [FXGL Background Thread 3 ] DEBUG Engine               - title: All star battle
20:48:13.830 [FXGL Background Thread 3 ] DEBUG Engine               - urlGithub: https://github.com/AlmasB/FXGL
20:48:13.831 [FXGL Background Thread 3 ] DEBUG Engine               - urlLeaderboard: http://fxgl-top.herokuapp.com/
20:48:13.831 [FXGL Background Thread 3 ] DEBUG Engine               - urlPOM: https://raw.githubusercontent.com/AlmasB/FXGL/release/README.md
20:48:13.831 [FXGL Background Thread 3 ] DEBUG Engine               - userAppClass: class com.kenny.tank.AllStarBattleApp
20:48:13.831 [FXGL Background Thread 3 ] DEBUG Engine               - version: 0.1
20:48:13.831 [FXGL Background Thread 3 ] DEBUG Engine               - versionCheckDays: 7
20:48:13.831 [FXGL Background Thread 3 ] DEBUG Engine               - width: 2048
20:48:13.831 [FXGL Background Thread 3 ] DEBUG Engine               - Logging services
20:48:13.831 [FXGL Background Thread 3 ] DEBUG Engine               - class com.almasb.fxgl.app.services.FXGLAssetLoaderService
20:48:13.831 [FXGL Background Thread 3 ] DEBUG Engine               - class com.almasb.fxgl.app.FXGLApplication$GameApplicationService
20:48:13.831 [FXGL Background Thread 3 ] DEBUG Engine               - class com.almasb.fxgl.app.services.FXGLDialogService
20:48:13.831 [FXGL Background Thread 3 ] DEBUG Engine               - class com.almasb.fxgl.app.services.IOTaskExecutorService
20:48:13.831 [FXGL Background Thread 3 ] DEBUG Engine               - class com.almasb.fxgl.io.FileSystemService
20:48:13.831 [FXGL Background Thread 3 ] DEBUG Engine               - class com.almasb.fxgl.localization.LocalizationService
20:48:13.831 [FXGL Background Thread 3 ] DEBUG Engine               - class com.almasb.fxgl.app.services.SystemBundleService
20:48:13.831 [FXGL Background Thread 3 ] DEBUG Engine               - class com.almasb.fxgl.profile.SaveLoadService
20:48:13.831 [FXGL Background Thread 3 ] DEBUG Engine               - class com.almasb.fxgl.ui.FXGLUIFactoryServiceProvider
20:48:13.831 [FXGL Background Thread 3 ] DEBUG Engine               - class com.almasb.fxgl.ui.FXGLDialogFactoryServiceProvider
20:48:13.831 [FXGL Background Thread 3 ] DEBUG Engine               - class com.almasb.fxgl.audio.AudioPlayer
20:48:13.831 [FXGL Background Thread 3 ] DEBUG Engine               - class com.almasb.fxgl.notification.impl.NotificationServiceProvider
20:48:13.831 [FXGL Background Thread 3 ] DEBUG Engine               - class com.almasb.fxgl.achievement.AchievementService
20:48:13.831 [FXGL Background Thread 3 ] DEBUG Engine               - class com.almasb.fxgl.cutscene.CutsceneService
20:48:13.831 [FXGL Background Thread 3 ] DEBUG Engine               - class com.almasb.fxgl.minigames.MiniGameService
20:48:13.831 [FXGL Background Thread 3 ] DEBUG Engine               - class com.almasb.fxgl.net.NetService
20:48:13.831 [FXGL Background Thread 3 ] DEBUG Engine               - class com.almasb.fxgl.app.services.UpdaterService
20:48:13.832 [FXGL Background Thread 3 ] DEBUG Engine               - class com.almasb.fxgl.dev.DevService
20:48:16.046 [JavaFX Application Thread] DEBUG FXGLAssetLoaderServi - Loading from file system: file:/E:/java%20project/tank/target/classes/assets/textures/boom.png
20:48:16.304 [JavaFX Application Thread] DEBUG PrimaryStageWindow   - Push state: EggScene
20:48:16.304 [JavaFX Application Thread] DEBUG FXGLAssetLoaderServi - Loading from file system: file:/E:/java%20project/tank/target/classes/assets/music/chicken.mp3
20:48:16.316 [JavaFX Application Thread] DEBUG AudioPlayer          - Playing music com.almasb.fxgl.audio.Music@780ce844
20:48:16.316 [JavaFX Application Thread] DEBUG Input                - Clearing active input actions
20:48:16.316 [JavaFX Application Thread] DEBUG GameApplicationServi - Removing overlay from GameScene and adding to EggScene
20:48:16.316 [JavaFX Application Thread] DEBUG PrimaryStageWindow   - GameScene -> EggScene
20:48:18.316 [JavaFX Application Thread] DEBUG PrimaryStageWindow   - Pop state: EggScene
20:48:18.316 [JavaFX Application Thread] DEBUG Input                - Clearing active input actions
20:48:18.317 [JavaFX Application Thread] DEBUG GameApplicationServi - Removing overlay from EggScene and adding to GameScene
20:48:18.317 [JavaFX Application Thread] DEBUG PrimaryStageWindow   - GameScene <- EggScene
20:48:18.319 [JavaFX Application Thread] WARN  TMXLevelLoader       - TiledMap generated from 1.8.4. Supported version: 1.4.2. Some features may not be parsed fully.
20:48:18.322 [JavaFX Application Thread] DEBUG TMXLevelLoader       - Parsed TiledMap: file:/E:/java%20project/tank/target/classes/assets/levels/Chicken.tmx
20:48:18.322 [JavaFX Application Thread] DEBUG TMXLevelLoader       - Creating tile layer entities
20:48:18.322 [JavaFX Application Thread] DEBUG TMXLevelLoader       - Creating object layer entities
20:48:18.331 [JavaFX Application Thread] DEBUG GameWorld            - Clearing removable entities
20:48:18.336 [JavaFX Application Thread] DEBUG GameWorld            - Setting level: com.almasb.fxgl.entity.level.Level@79b7f99e
20:48:18.340 [JavaFX Application Thread] DEBUG FXGLAssetLoaderServi - Loading from file system: file:/E:/java%20project/tank/target/classes/assets/textures/people.png
20:48:18.716 [JavaFX Application Thread] DEBUG FXGLAssetLoaderServi - Loading from file system: file:/E:/java%20project/tank/target/classes/assets/textures/element/Good.png
20:48:22.797 [JavaFX Application Thread] DEBUG FXGLAssetLoaderServi - Loading from file system: file:/E:/java%20project/tank/target/classes/assets/textures/Egg.png
20:48:28.796 [JavaFX Application Thread] DEBUG FXGLAssetLoaderServi - Loading from file system: file:/E:/java%20project/tank/target/classes/assets/textures/element/Enemy2.png
20:48:31.197 [JavaFX Application Thread] DEBUG FXGLAssetLoaderServi - Loading from file system: file:/E:/java%20project/tank/target/classes/assets/textures/Props/LUCKYBLOCK.png
20:48:36.782 [JavaFX Application Thread] DEBUG LoopRunner           - Stopping loop
20:48:36.784 [JavaFX Application Thread] FATAL FXGLApplication      - Uncaught Exception:
java.lang.ClassCastException: class com.kenny.tank.PropsType_forHiddenLevel cannot be cast to class com.kenny.tank.PropsType (com.kenny.tank.PropsType_forHiddenLevel and com.kenny.tank.PropsType are in module tank of loader 'app')
	at tank/com.kenny.tank.collisions.PEOPLE.PropsPlayer_forPeople.onCollisionBegin(PropsPlayer_forPeople.java:24)
	at com.almasb.fxgl.entity@17.1/com.almasb.fxgl.physics.CollisionPair.collisionBegin(CollisionPair.java:37)
	at com.almasb.fxgl.entity@17.1/com.almasb.fxgl.physics.PhysicsWorld.collisionBeginFor(PhysicsWorld.java:453)
	at com.almasb.fxgl.entity@17.1/com.almasb.fxgl.physics.PhysicsWorld.checkCollisionsInGroup(PhysicsWorld.java:405)
	at com.almasb.fxgl.entity@17.1/com.almasb.fxgl.physics.PhysicsWorld.checkCollisions(PhysicsWorld.java:373)
	at com.almasb.fxgl.entity@17.1/com.almasb.fxgl.physics.PhysicsWorld.onUpdate(PhysicsWorld.java:179)
	at com.almasb.fxgl.all@17.1/com.almasb.fxgl.app.scene.GameScene.step(GameScene.kt:225)
	at com.almasb.fxgl.all@17.1/com.almasb.fxgl.app.scene.GameScene.onUpdate(GameScene.kt:220)
	at com.almasb.fxgl.scene@17.1/com.almasb.fxgl.scene.Scene.update(Scene.kt:105)
	at com.almasb.fxgl.all@17.1/com.almasb.fxgl.app.MainWindow$update$1.invoke(MainWindow.kt:115)
	at com.almasb.fxgl.all@17.1/com.almasb.fxgl.app.MainWindow$update$1.invoke(MainWindow.kt:115)
	at com.almasb.fxgl.core@17.1/com.almasb.fxgl.core.fsm.StateMachine.runOnActiveStates(StateMachine.kt:69)
	at com.almasb.fxgl.all@17.1/com.almasb.fxgl.app.MainWindow.update(MainWindow.kt:115)
	at com.almasb.fxgl.all@17.1/com.almasb.fxgl.app.FXGLApplication$GameApplicationService.onUpdate(FXGLApplication.kt:426)
	at com.almasb.fxgl.all@17.1/com.almasb.fxgl.app.Engine.loop(Engine.kt:134)
	at com.almasb.fxgl.all@17.1/com.almasb.fxgl.app.Engine.access$loop(Engine.kt:24)
	at com.almasb.fxgl.all@17.1/com.almasb.fxgl.app.Engine$loop$1.invoke(Engine.kt:28)
	at com.almasb.fxgl.all@17.1/com.almasb.fxgl.app.Engine$loop$1.invoke(Engine.kt:28)
	at com.almasb.fxgl.all@17.1/com.almasb.fxgl.app.LoopRunner.frame(LoopRunner.kt:103)
	at com.almasb.fxgl.all@17.1/com.almasb.fxgl.app.LoopRunner.access$frame(LoopRunner.kt:23)
	at com.almasb.fxgl.all@17.1/com.almasb.fxgl.app.LoopRunner$impl$2$1.onTick(LoopRunner.kt:57)
	at com.almasb.fxgl.all@17.1/com.almasb.fxgl.app.AnimationTimerLoop$timer$1.handle(LoopRunner.kt:137)
	at javafx.graphics@18/javafx.animation.AnimationTimer$AnimationTimerReceiver.lambda$handle$0(AnimationTimer.java:58)
	at java.base/java.security.AccessController.doPrivileged(AccessController.java:399)
	at javafx.graphics@18/javafx.animation.AnimationTimer$AnimationTimerReceiver.handle(AnimationTimer.java:57)
	at javafx.graphics@18/com.sun.scenario.animation.AbstractPrimaryTimer.timePulseImpl(AbstractPrimaryTimer.java:356)
	at javafx.graphics@18/com.sun.scenario.animation.AbstractPrimaryTimer$MainLoop.run(AbstractPrimaryTimer.java:266)
	at javafx.graphics@18/com.sun.javafx.tk.quantum.QuantumToolkit.pulse(QuantumToolkit.java:571)
	at javafx.graphics@18/com.sun.javafx.tk.quantum.QuantumToolkit.pulse(QuantumToolkit.java:555)
	at javafx.graphics@18/com.sun.javafx.tk.quantum.QuantumToolkit.pulseFromQueue(QuantumToolkit.java:548)
	at javafx.graphics@18/com.sun.javafx.tk.quantum.QuantumToolkit.lambda$runToolkit$11(QuantumToolkit.java:352)
	at javafx.graphics@18/com.sun.glass.ui.InvokeLaterDispatcher$Future.run(InvokeLaterDispatcher.java:96)
	at javafx.graphics@18/com.sun.glass.ui.win.WinApplication._runLoop(Native Method)
	at javafx.graphics@18/com.sun.glass.ui.win.WinApplication.lambda$runLoop$3(WinApplication.java:184)
	at java.base/java.lang.Thread.run(Thread.java:833)

20:48:36.786 [JavaFX Application Thread] FATAL FXGLApplication      - Application will now exit
20:48:36.802 [JavaFX Application Thread] DEBUG PrimaryStageWindow   - Push state: ErrorSubScene
20:48:36.802 [JavaFX Application Thread] DEBUG Input                - Clearing active input actions
20:48:36.803 [JavaFX Application Thread] DEBUG GameApplicationServi - Removing overlay from GameScene and adding to ErrorSubScene
20:48:36.803 [JavaFX Application Thread] DEBUG PrimaryStageWindow   - GameScene -> ErrorSubScene
20:48:46.327 [JavaFX Application Thread] DEBUG FXGLApplication      - Exiting FXGL
20:48:46.327 [JavaFX Application Thread] DEBUG Async                - Shutting down background threads
20:48:46.327 [JavaFX Application Thread] DEBUG PrimaryStageWindow   - Closing main window
20:48:46.338 [JavaFX Application Thread] DEBUG Logger               - Closing Logger
