20:23:55.822 [main                     ] DEBUG Logger               - Configured Logger
20:23:55.842 [main                     ] DEBUG GameApplication      - Logging settings
Title: All star battle
Version: 0.1
Width: 2048
Height: 1152
Fullscreen: false
Intro: false
Profiling: false
Single step:false
App Mode: DEVELOPER
Menu Key: ESCAPE
Stage Style: DECORATED
Scene Factory: class com.kenny.tank.AllStarBattleApp$1

20:23:56.108 [JavaFX Application Thread] DEBUG FXGLApplication      - Initializing FXGL
20:23:56.112 [JavaFX Application Thread] INFO  Engine               - FXGL-17.1 (24.03.2022 17.34) on WINDOWS (J:17.0.6 FX:18)
20:23:56.112 [JavaFX Application Thread] DEBUG Engine               - JRE Vendor Name: Amazon.com Inc.
20:23:56.112 [JavaFX Application Thread] DEBUG Engine               - Running on OS: Windows 11 version 10.0
20:23:56.113 [JavaFX Application Thread] DEBUG Engine               - Architecture: amd64
20:23:56.113 [JavaFX Application Thread] INFO  Engine               - Source code and latest versions at: https://github.com/AlmasB/FXGL
20:23:56.113 [JavaFX Application Thread] INFO  Engine               -       Ask questions and discuss at: https://github.com/AlmasB/FXGL/discussions
20:23:56.113 [JavaFX Application Thread] INFO  Engine               -              Join the FXGL chat at: https://gitter.im/AlmasB/FXGL
20:23:56.157 [JavaFX Application Thread] DEBUG PrimaryStageWindow   - Creating a JavaFX scene
20:23:56.157 [JavaFX Application Thread] DEBUG PrimaryStageWindow   - Target size > screen size
20:23:56.182 [JavaFX Application Thread] DEBUG PrimaryStageWindow   - Target settings size: 2048.0 x 1152.0
20:23:56.182 [JavaFX Application Thread] DEBUG PrimaryStageWindow   - Scaled scene size:    1682.0 x 960.0
20:23:56.183 [JavaFX Application Thread] DEBUG PrimaryStageWindow   - Scaled ratio: (0.8212890625, 0.8333333333333334)
20:23:56.183 [JavaFX Application Thread] DEBUG PrimaryStageWindow   - Set initial scene to StartScene
20:23:56.187 [JavaFX Application Thread] DEBUG PrimaryStageWindow   - Opening main window
20:23:56.277 [JavaFX Application Thread] DEBUG PrimaryStageWindow   - Window border size: (14.6666259765625, 37.33331298828125)
20:23:56.278 [JavaFX Application Thread] DEBUG PrimaryStageWindow   - Scaled size: 1682.0 x 960.0
20:23:56.278 [JavaFX Application Thread] DEBUG PrimaryStageWindow   - Scaled ratio: (0.8212890625, 0.8333333333333334)
20:23:56.278 [JavaFX Application Thread] DEBUG PrimaryStageWindow   - Scene size: 1682.0 x 960.0
20:23:56.278 [JavaFX Application Thread] DEBUG PrimaryStageWindow   - Stage size: 1696.6666259765625 x 997.3333129882812
20:23:56.282 [FXGL Background Thread 1 ] DEBUG Engine               - Initializing environment variables
20:23:56.304 [FXGL Background Thread 1 ] DEBUG FXGLAssetLoaderServi - User app class for loading assets: class com.kenny.tank.AllStarBattleApp
20:23:56.304 [FXGL Background Thread 1 ] DEBUG GameApplicationServi - Applying CSS: fxgl_dark.css
20:23:56.305 [FXGL Background Thread 1 ] DEBUG FXGLAssetLoaderServi - Loading from file system: jar:file:///C:/Users/10273/.m2/repository/com/github/almasb/fxgl/17.1/fxgl-17.1.jar!/fxglassets/ui/css/fxgl_dark.css
20:23:56.342 [FXGL Background Thread 1 ] DEBUG GameApplicationServi - Applying CSS: tank.css
20:23:56.342 [FXGL Background Thread 1 ] DEBUG FXGLAssetLoaderServi - Loading from file system: file:/E:/java%20project/tank/target/classes/assets/ui/css/tank.css
20:23:56.343 [FXGL Background Thread 1 ] DEBUG GameApplicationServi - Initializing application scenes
20:23:56.346 [FXGL Background Thread 1 ] DEBUG GameWorld            - Game world initialized
20:23:56.386 [FXGL Background Thread 1 ] DEBUG PhysicsWorld         - Physics world initialized: appHeight=1152, physics.ppm=50.0
20:23:56.386 [FXGL Background Thread 1 ] DEBUG PhysicsWorld         - Using strategy: BRUTE_FORCE
20:23:56.389 [FXGL Background Thread 1 ] DEBUG GameScene            - Game scene initialized: 2048x1152
20:23:56.392 [FXGL Background Thread 1 ] DEBUG FXGLAssetLoaderServi - Loading from file system: file:/E:/java%20project/tank/target/classes/assets/textures/MainMenu.png
20:23:56.472 [FXGL Background Thread 1 ] DEBUG FXGLAssetLoaderServi - Loading from file system: file:/E:/java%20project/tank/target/classes/assets/textures/R-C.jpg
20:23:56.491 [FXGL Background Thread 1 ] DEBUG FXGL.DefaultMenu     - createMenuBodyGameMenu()
20:23:56.497 [FXGL Background Thread 1 ] DEBUG FXGL.DefaultMenu     - createOptionsMenu()
20:23:56.503 [FXGL Background Thread 1 ] DEBUG FXGLAssetLoaderServi - Loading from file system: jar:file:///C:/Users/10273/.m2/repository/com/github/almasb/fxgl/17.1/fxgl-17.1.jar!/fxglassets/textures/particles/smoke.png
20:23:56.551 [FXGL Background Thread 1 ] DEBUG FXGLAssetLoaderServi - Loading from file system: jar:file:///C:/Users/10273/.m2/repository/com/github/almasb/fxgl/17.1/fxgl-17.1.jar!/fxglassets/textures/particles/trace_horizontal.png
20:23:56.561 [FXGL Background Thread 1 ] DEBUG GameApplicationServi - Application scenes initialized
20:23:56.570 [FXGL Background Thread 1 ] DEBUG SystemBundleService  - Loading FXGL system data
20:23:56.573 [FXGL Background Thread 1 ] DEBUG FileSystemAccess     - Reading from: E:\java project\tank\system\fxgl.bundle
20:23:56.578 [FXGL Background Thread 1 ] DEBUG SystemBundleService  - Bundle FXGL: {}
20:23:56.578 [FXGL Background Thread 1 ] DEBUG UpdaterService       - Checking for updates
20:23:56.582 [FXGL Background Thread 4 ] DEBUG FXGLApplication      - Loading fonts
20:23:56.582 [FXGL Background Thread 1 ] DEBUG FXGLApplication      - Loading default localization
20:23:56.582 [FXGL Background Thread 4 ] DEBUG FXGLAssetLoaderServi - Loading from file system: jar:file:///C:/Users/10273/.m2/repository/com/github/almasb/fxgl/17.1/fxgl-17.1.jar!/fxglassets/ui/fonts/VarelaRound-Regular.ttf
20:23:56.583 [FXGL Background Thread 1 ] DEBUG FXGLAssetLoaderServi - Loading from file system: jar:file:///C:/Users/10273/.m2/repository/com/github/almasb/fxgl/17.1/fxgl-17.1.jar!/fxglassets/languages/english.lang
20:23:56.612 [FXGL Background Thread 1 ] INFO  FXGLApplication      - FXGL initialization took: 0.330 sec
20:23:56.620 [JavaFX Application Thread] DEBUG Input                - Registered new binding: action0 - Up
20:23:56.621 [JavaFX Application Thread] DEBUG Input                - Registered new binding: action1 - Down
20:23:56.622 [JavaFX Application Thread] DEBUG Input                - Registered new binding: action2 - Left
20:23:56.622 [JavaFX Application Thread] DEBUG Input                - Registered new binding: action3 - Right
20:23:56.623 [JavaFX Application Thread] DEBUG Input                - Registered new binding: action4 - Space
20:23:56.623 [JavaFX Application Thread] DEBUG FXGLAssetLoaderServi - Loading from file system: file:/E:/java%20project/tank/target/classes/assets/textures/joker.jpg
20:23:56.629 [FXGL Background Thread 4 ] DEBUG FXGLAssetLoaderServi - Loading from file system: jar:file:///C:/Users/10273/.m2/repository/com/github/almasb/fxgl/17.1/fxgl-17.1.jar!/fxglassets/ui/fonts/Abel-Regular.ttf
20:23:56.632 [FXGL Background Thread 4 ] DEBUG FXGLAssetLoaderServi - Loading from file system: jar:file:///C:/Users/10273/.m2/repository/com/github/almasb/fxgl/17.1/fxgl-17.1.jar!/fxglassets/ui/fonts/TerminalLandMono-Regular.otf
20:23:56.634 [FXGL Background Thread 4 ] DEBUG FXGLAssetLoaderServi - Loading from file system: jar:file:///C:/Users/10273/.m2/repository/com/github/almasb/fxgl/17.1/fxgl-17.1.jar!/fxglassets/ui/fonts/Courier-Prime.ttf
20:23:56.634 [JavaFX Application Thread] DEBUG FXGLAssetLoaderServi - Loading from file system: jar:file:///C:/Users/10273/.m2/repository/com/github/almasb/fxgl/17.1/fxgl-17.1.jar!/fxglassets/textures/fxgl_default_cursor.png
20:23:56.636 [JavaFX Application Thread] DEBUG Input                - Registered new binding: Screenshot - CTRL+8
20:23:56.636 [JavaFX Application Thread] DEBUG Input                - Registered new binding: System info dump - CTRL+9
20:23:56.637 [JavaFX Application Thread] DEBUG Input                - Registered new binding: Restart - CTRL+R
20:23:56.639 [JavaFX Application Thread] DEBUG Input                - Registered new binding: Toggle Debug Camera - CTRL+7
20:23:56.644 [JavaFX Application Thread] DEBUG LoopRunner           - Starting loop
20:23:56.644 [JavaFX Application Thread] DEBUG LoopRunner           - Initializing JavaFX AnimationTimerLoop
20:23:56.646 [JavaFX Application Thread] DEBUG Input                - Clearing active input actions
20:23:56.653 [JavaFX Application Thread] DEBUG GameApplicationServi - Removing overlay from StartScene and adding to FXGLMainMenuDummyScene
20:23:56.654 [JavaFX Application Thread] DEBUG PrimaryStageWindow   - StartScene -> FXGLMainMenuDummyScene
20:23:56.654 [JavaFX Application Thread] DEBUG PrimaryStageWindow   - Push state: Main_menu
20:23:56.655 [JavaFX Application Thread] DEBUG Input                - Clearing active input actions
20:23:56.661 [JavaFX Application Thread] DEBUG GameApplicationServi - Removing overlay from FXGLMainMenuDummyScene and adding to Main_menu
20:23:56.662 [JavaFX Application Thread] DEBUG PrimaryStageWindow   - FXGLMainMenuDummyScene -> Main_menu
20:23:56.664 [JavaFX Application Thread] DEBUG FXGLApplication      - Registering font factories with UI factory
20:23:56.997 [FXGL Background Thread 2 ] INFO  UpdaterService       - Your current version:  17.1
20:23:56.997 [FXGL Background Thread 2 ] INFO  UpdaterService       - Latest stable version: 17.3
20:23:59.581 [FXGL Background Thread 3 ] DEBUG Engine               - Logging environment variables
20:23:59.581 [FXGL Background Thread 3 ] DEBUG Engine               - achievements: []
20:23:59.581 [FXGL Background Thread 3 ] DEBUG Engine               - actualHeight: 960.0
20:23:59.582 [FXGL Background Thread 3 ] DEBUG Engine               - actualHeightProperty: ReadOnlyDoubleProperty [value: 960.0]
20:23:59.582 [FXGL Background Thread 3 ] DEBUG Engine               - actualWidth: 1682.0
20:23:59.582 [FXGL Background Thread 3 ] DEBUG Engine               - actualWidthProperty: ReadOnlyDoubleProperty [value: 1682.0]
20:23:59.582 [FXGL Background Thread 3 ] DEBUG Engine               - appIcon: joker.jpg
20:23:59.582 [FXGL Background Thread 3 ] DEBUG Engine               - applicationMode: DEVELOPER
20:23:59.582 [FXGL Background Thread 3 ] DEBUG Engine               - cSSList: [fxgl_dark.css, tank.css]
20:23:59.582 [FXGL Background Thread 3 ] DEBUG Engine               - collisionDetectionStrategy: BRUTE_FORCE
20:23:59.582 [FXGL Background Thread 3 ] DEBUG Engine               - configClass: Optional.empty
20:23:59.582 [FXGL Background Thread 3 ] DEBUG Engine               - credits: []
20:23:59.582 [FXGL Background Thread 3 ] DEBUG Engine               - defaultCursor: CursorInfo(imageName=fxgl_default_cursor.png, hotspotX=7.0, hotspotY=6.0)
20:23:59.583 [FXGL Background Thread 3 ] DEBUG Engine               - devBBoxColorProperty: ObjectProperty [value: 0xff0000ff]
20:23:59.583 [FXGL Background Thread 3 ] DEBUG Engine               - devEnableDebugCameraProperty: BooleanProperty [value: false]
20:23:59.583 [FXGL Background Thread 3 ] DEBUG Engine               - devSensorColorProperty: ObjectProperty [value: 0xffff00ff]
20:23:59.583 [FXGL Background Thread 3 ] DEBUG Engine               - devShowBBoxProperty: BooleanProperty [value: false]
20:23:59.583 [FXGL Background Thread 3 ] DEBUG Engine               - devShowPositionProperty: BooleanProperty [value: false]
20:23:59.583 [FXGL Background Thread 3 ] DEBUG Engine               - enabledMenuItems: []
20:23:59.583 [FXGL Background Thread 3 ] DEBUG Engine               - engineServices: [class com.almasb.fxgl.app.services.FXGLAssetLoaderService, class com.almasb.fxgl.app.FXGLApplication$GameApplicationService, class com.almasb.fxgl.app.services.FXGLDialogService, class com.almasb.fxgl.app.services.IOTaskExecutorService, class com.almasb.fxgl.io.FileSystemService, class com.almasb.fxgl.localization.LocalizationService, class com.almasb.fxgl.app.services.SystemBundleService, class com.almasb.fxgl.profile.SaveLoadService, class com.almasb.fxgl.ui.FXGLUIFactoryServiceProvider, class com.almasb.fxgl.ui.FXGLDialogFactoryServiceProvider, class com.almasb.fxgl.audio.AudioPlayer, class com.almasb.fxgl.notification.impl.NotificationServiceProvider, class com.almasb.fxgl.achievement.AchievementService, class com.almasb.fxgl.cutscene.CutsceneService, class com.almasb.fxgl.minigames.MiniGameService, class com.almasb.fxgl.net.NetService, class com.almasb.fxgl.app.services.UpdaterService, class com.almasb.fxgl.dev.DevService]
20:23:59.583 [FXGL Background Thread 3 ] DEBUG Engine               - fontGame: Abel-Regular.ttf
20:23:59.583 [FXGL Background Thread 3 ] DEBUG Engine               - fontMono: TerminalLandMono-Regular.otf
20:23:59.583 [FXGL Background Thread 3 ] DEBUG Engine               - fontText: Courier-Prime.ttf
20:23:59.583 [FXGL Background Thread 3 ] DEBUG Engine               - fontUI: VarelaRound-Regular.ttf
20:23:59.583 [FXGL Background Thread 3 ] DEBUG Engine               - fullScreen: BooleanProperty [value: false]
20:23:59.583 [FXGL Background Thread 3 ] DEBUG Engine               - gameDifficulty: MEDIUM
20:23:59.583 [FXGL Background Thread 3 ] DEBUG Engine               - gameDifficultyProperty: ObjectProperty [value: MEDIUM]
20:23:59.583 [FXGL Background Thread 3 ] DEBUG Engine               - globalMusicVolume: 0.5
20:23:59.583 [FXGL Background Thread 3 ] DEBUG Engine               - globalMusicVolumeProperty: DoubleProperty [value: 0.5]
20:23:59.584 [FXGL Background Thread 3 ] DEBUG Engine               - globalSoundVolume: 0.5
20:23:59.584 [FXGL Background Thread 3 ] DEBUG Engine               - globalSoundVolumeProperty: DoubleProperty [value: 0.8]
20:23:59.584 [FXGL Background Thread 3 ] DEBUG Engine               - height: 1152
20:23:59.584 [FXGL Background Thread 3 ] DEBUG Engine               - is3D: false
20:23:59.584 [FXGL Background Thread 3 ] DEBUG Engine               - isAndroid: false
20:23:59.584 [FXGL Background Thread 3 ] DEBUG Engine               - isBrowser: false
20:23:59.584 [FXGL Background Thread 3 ] DEBUG Engine               - isClickFeedbackEnabled: false
20:23:59.584 [FXGL Background Thread 3 ] DEBUG Engine               - isCloseConfirmation: false
20:23:59.584 [FXGL Background Thread 3 ] DEBUG Engine               - isDesktop: true
20:23:59.584 [FXGL Background Thread 3 ] DEBUG Engine               - isDeveloperMenuEnabled: false
20:23:59.584 [FXGL Background Thread 3 ] DEBUG Engine               - isEmbedded: false
20:23:59.584 [FXGL Background Thread 3 ] DEBUG Engine               - isEntityPreloadEnabled: true
20:23:59.584 [FXGL Background Thread 3 ] DEBUG Engine               - isExperimentalTiledLargeMap: false
20:23:59.584 [FXGL Background Thread 3 ] DEBUG Engine               - isFileSystemWriteAllowed: true
20:23:59.584 [FXGL Background Thread 3 ] DEBUG Engine               - isFullScreenAllowed: false
20:23:59.584 [FXGL Background Thread 3 ] DEBUG Engine               - isFullScreenFromStart: false
20:23:59.584 [FXGL Background Thread 3 ] DEBUG Engine               - isGameMenuEnabled: true
20:23:59.584 [FXGL Background Thread 3 ] DEBUG Engine               - isIOS: false
20:23:59.584 [FXGL Background Thread 3 ] DEBUG Engine               - isIntroEnabled: false
20:23:59.584 [FXGL Background Thread 3 ] DEBUG Engine               - isLinux: false
20:23:59.584 [FXGL Background Thread 3 ] DEBUG Engine               - isMac: false
20:23:59.584 [FXGL Background Thread 3 ] DEBUG Engine               - isMainMenuEnabled: true
20:23:59.585 [FXGL Background Thread 3 ] DEBUG Engine               - isManualResizeEnabled: false
20:23:59.585 [FXGL Background Thread 3 ] DEBUG Engine               - isMobile: false
20:23:59.585 [FXGL Background Thread 3 ] DEBUG Engine               - isNative: false
20:23:59.585 [FXGL Background Thread 3 ] DEBUG Engine               - isPauseMusicWhenMinimized: true
20:23:59.585 [FXGL Background Thread 3 ] DEBUG Engine               - isPreserveResizeRatio: false
20:23:59.585 [FXGL Background Thread 3 ] DEBUG Engine               - isProfilingEnabled: false
20:23:59.585 [FXGL Background Thread 3 ] DEBUG Engine               - isScaleAffectedOnResize: true
20:23:59.585 [FXGL Background Thread 3 ] DEBUG Engine               - isSingleStep: false
20:23:59.585 [FXGL Background Thread 3 ] DEBUG Engine               - isUserProfileEnabled: false
20:23:59.585 [FXGL Background Thread 3 ] DEBUG Engine               - isWindows: true
20:23:59.585 [FXGL Background Thread 3 ] DEBUG Engine               - language: ObjectProperty [value: ENGLISH]
20:23:59.585 [FXGL Background Thread 3 ] DEBUG Engine               - menuKey: ESCAPE
20:23:59.585 [FXGL Background Thread 3 ] DEBUG Engine               - mouseSensitivity: 0.2
20:23:59.585 [FXGL Background Thread 3 ] DEBUG Engine               - notificationViewClass: class com.almasb.fxgl.notification.view.XboxNotificationView
20:23:59.585 [FXGL Background Thread 3 ] DEBUG Engine               - pixelsPerMeter: 50.0
20:23:59.585 [FXGL Background Thread 3 ] DEBUG Engine               - platform: WINDOWS
20:23:59.585 [FXGL Background Thread 3 ] DEBUG Engine               - prefHeightProperty: ReadOnlyDoubleProperty [value: 1152.0]
20:23:59.585 [FXGL Background Thread 3 ] DEBUG Engine               - prefWidthProperty: ReadOnlyDoubleProperty [value: 2048.0]
20:23:59.585 [FXGL Background Thread 3 ] DEBUG Engine               - profileDir: profiles/
20:23:59.585 [FXGL Background Thread 3 ] DEBUG Engine               - profileName: StringProperty [value: DEFAULT]
20:23:59.585 [FXGL Background Thread 3 ] DEBUG Engine               - randomSeed: -1
20:23:59.585 [FXGL Background Thread 3 ] DEBUG Engine               - runtimeInfo: RuntimeInfo(platform=WINDOWS, version=17.1, build=24.03.2022 17.34)
20:23:59.586 [FXGL Background Thread 3 ] DEBUG Engine               - saveFileExt: sav
20:23:59.586 [FXGL Background Thread 3 ] DEBUG Engine               - scaledHeightProp$fxgl: DoubleProperty [bound, value: 960.0]
20:23:59.586 [FXGL Background Thread 3 ] DEBUG Engine               - scaledWidthProp$fxgl: DoubleProperty [bound, value: 1682.0]
20:23:59.586 [FXGL Background Thread 3 ] DEBUG Engine               - sceneFactory: com.kenny.tank.AllStarBattleApp$1@2dc2bc40
20:23:59.586 [FXGL Background Thread 3 ] DEBUG Engine               - secondsIn24h: 60
20:23:59.586 [FXGL Background Thread 3 ] DEBUG Engine               - soundMenuBack: menu/back.wav
20:23:59.586 [FXGL Background Thread 3 ] DEBUG Engine               - soundMenuPress: menu/press.wav
20:23:59.586 [FXGL Background Thread 3 ] DEBUG Engine               - soundMenuSelect: menu/select.wav
20:23:59.586 [FXGL Background Thread 3 ] DEBUG Engine               - soundNotification: core/notification.wav
20:23:59.586 [FXGL Background Thread 3 ] DEBUG Engine               - stageStyle: DECORATED
20:23:59.586 [FXGL Background Thread 3 ] DEBUG Engine               - supportedLanguages: [ENGLISH, FRENCH, GERMAN, HUNGARIAN, RUSSIAN]
20:23:59.586 [FXGL Background Thread 3 ] DEBUG Engine               - ticksPerSecond: -1
20:23:59.586 [FXGL Background Thread 3 ] DEBUG Engine               - title: All star battle
20:23:59.586 [FXGL Background Thread 3 ] DEBUG Engine               - urlGithub: https://github.com/AlmasB/FXGL
20:23:59.586 [FXGL Background Thread 3 ] DEBUG Engine               - urlLeaderboard: http://fxgl-top.herokuapp.com/
20:23:59.586 [FXGL Background Thread 3 ] DEBUG Engine               - urlPOM: https://raw.githubusercontent.com/AlmasB/FXGL/release/README.md
20:23:59.586 [FXGL Background Thread 3 ] DEBUG Engine               - userAppClass: class com.kenny.tank.AllStarBattleApp
20:23:59.586 [FXGL Background Thread 3 ] DEBUG Engine               - version: 0.1
20:23:59.586 [FXGL Background Thread 3 ] DEBUG Engine               - versionCheckDays: 7
20:23:59.586 [FXGL Background Thread 3 ] DEBUG Engine               - width: 2048
20:23:59.586 [FXGL Background Thread 3 ] DEBUG Engine               - Logging services
20:23:59.586 [FXGL Background Thread 3 ] DEBUG Engine               - class com.almasb.fxgl.app.services.FXGLAssetLoaderService
20:23:59.586 [FXGL Background Thread 3 ] DEBUG Engine               - class com.almasb.fxgl.app.FXGLApplication$GameApplicationService
20:23:59.586 [FXGL Background Thread 3 ] DEBUG Engine               - class com.almasb.fxgl.app.services.FXGLDialogService
20:23:59.586 [FXGL Background Thread 3 ] DEBUG Engine               - class com.almasb.fxgl.app.services.IOTaskExecutorService
20:23:59.586 [FXGL Background Thread 3 ] DEBUG Engine               - class com.almasb.fxgl.io.FileSystemService
20:23:59.586 [FXGL Background Thread 3 ] DEBUG Engine               - class com.almasb.fxgl.localization.LocalizationService
20:23:59.586 [FXGL Background Thread 3 ] DEBUG Engine               - class com.almasb.fxgl.app.services.SystemBundleService
20:23:59.586 [FXGL Background Thread 3 ] DEBUG Engine               - class com.almasb.fxgl.profile.SaveLoadService
20:23:59.586 [FXGL Background Thread 3 ] DEBUG Engine               - class com.almasb.fxgl.ui.FXGLUIFactoryServiceProvider
20:23:59.586 [FXGL Background Thread 3 ] DEBUG Engine               - class com.almasb.fxgl.ui.FXGLDialogFactoryServiceProvider
20:23:59.586 [FXGL Background Thread 3 ] DEBUG Engine               - class com.almasb.fxgl.audio.AudioPlayer
20:23:59.587 [FXGL Background Thread 3 ] DEBUG Engine               - class com.almasb.fxgl.notification.impl.NotificationServiceProvider
20:23:59.587 [FXGL Background Thread 3 ] DEBUG Engine               - class com.almasb.fxgl.achievement.AchievementService
20:23:59.587 [FXGL Background Thread 3 ] DEBUG Engine               - class com.almasb.fxgl.cutscene.CutsceneService
20:23:59.587 [FXGL Background Thread 3 ] DEBUG Engine               - class com.almasb.fxgl.minigames.MiniGameService
20:23:59.587 [FXGL Background Thread 3 ] DEBUG Engine               - class com.almasb.fxgl.net.NetService
20:23:59.587 [FXGL Background Thread 3 ] DEBUG Engine               - class com.almasb.fxgl.app.services.UpdaterService
20:23:59.587 [FXGL Background Thread 3 ] DEBUG Engine               - class com.almasb.fxgl.dev.DevService
20:24:07.455 [JavaFX Application Thread] DEBUG GameApplicationServi - Starting new game
20:24:07.456 [JavaFX Application Thread] DEBUG PrimaryStageWindow   - Pop state: Main_menu
20:24:07.456 [JavaFX Application Thread] DEBUG Input                - Clearing active input actions
20:24:07.457 [JavaFX Application Thread] DEBUG GameApplicationServi - Removing overlay from Main_menu and adding to FXGLMainMenuDummyScene
20:24:07.458 [JavaFX Application Thread] DEBUG PrimaryStageWindow   - FXGLMainMenuDummyScene <- Main_menu
20:24:07.459 [JavaFX Application Thread] DEBUG Input                - Clearing active input actions
20:24:07.468 [JavaFX Application Thread] DEBUG GameApplicationServi - Removing overlay from FXGLMainMenuDummyScene and adding to Loading_Scene
20:24:07.468 [JavaFX Application Thread] DEBUG PrimaryStageWindow   - FXGLMainMenuDummyScene -> Loading_Scene
20:24:07.468 [JavaFX Application Thread] DEBUG GameApplicationServi - Clearing previous game
20:24:07.468 [JavaFX Application Thread] DEBUG GameScene            - Clearing game scene
20:24:07.468 [JavaFX Application Thread] DEBUG GameWorld            - Clearing game world
20:24:07.468 [JavaFX Application Thread] DEBUG PhysicsWorld         - Clearing physics world
20:24:07.470 [FXGL Background Thread 2 ] DEBUG FXGLApplication      - Initializing game
20:24:07.490 [FXGL Background Thread 2 ] WARN  TMXLevelLoader       - TiledMap generated from 1.8.4. Supported version: 1.4.2. Some features may not be parsed fully.
20:24:07.507 [FXGL Background Thread 2 ] DEBUG TMXLevelLoader       - Parsed TiledMap: file:/E:/java%20project/tank/target/classes/assets/levels/test1.tmx
20:24:07.508 [FXGL Background Thread 2 ] DEBUG TMXLevelLoader       - Creating tile layer entities
20:24:07.508 [FXGL Background Thread 2 ] DEBUG TMXLevelLoader       - Creating object layer entities
20:24:07.559 [FXGL Background Thread 2 ] DEBUG GameWorld            - Clearing removable entities
20:24:07.559 [FXGL Background Thread 2 ] DEBUG GameWorld            - Setting level: com.almasb.fxgl.entity.level.Level@557b0917
20:24:07.574 [FXGL Background Thread 2 ] DEBUG FXGLAssetLoaderServi - Loading from file system: file:/E:/java%20project/tank/target/classes/assets/textures/element/Tank.png
20:24:07.576 [FXGL Background Thread 2 ] DEBUG FXGLAssetLoaderServi - Loading from file system: file:/E:/java%20project/tank/target/classes/assets/textures/Enemytank.png
20:24:07.578 [FXGL Background Thread 2 ] DEBUG FXGLAssetLoaderServi - Loading from file system: file:/E:/java%20project/tank/target/classes/assets/textures/Chicken.png
20:24:07.582 [FXGL Background Thread 2 ] DEBUG FXGLAssetLoaderServi - Loading from file system: file:/E:/java%20project/tank/target/classes/assets/textures/BossTank.png
20:24:07.586 [FXGL Background Thread 2 ] INFO  FXGLApplication      - Game initialization took: 0.116 sec
20:24:07.586 [JavaFX Application Thread] DEBUG Input                - Clearing active input actions
20:24:07.595 [JavaFX Application Thread] DEBUG GameApplicationServi - Removing overlay from Loading_Scene and adding to GameScene
20:24:07.596 [JavaFX Application Thread] DEBUG PrimaryStageWindow   - Loading_Scene -> GameScene
20:24:08.455 [JavaFX Application Thread] DEBUG FXGLAssetLoaderServi - Loading from file system: file:/E:/java%20project/tank/target/classes/assets/textures/element/Enemybullet.png
20:24:08.504 [JavaFX Application Thread] DEBUG FXGLAssetLoaderServi - Loading from file system: file:/E:/java%20project/tank/target/classes/assets/textures/SmallBoom.png
20:24:09.254 [JavaFX Application Thread] DEBUG FXGLAssetLoaderServi - Loading from file system: file:/E:/java%20project/tank/target/classes/assets/sounds/boom.wav
20:24:09.295 [JavaFX Application Thread] DEBUG FXGLAssetLoaderServi - Loading from file system: file:/E:/java%20project/tank/target/classes/assets/textures/element/Bullet.png
20:24:16.026 [JavaFX Application Thread] DEBUG FXGLAssetLoaderServi - Loading from file system: file:/E:/java%20project/tank/target/classes/assets/textures/boom.png
20:24:16.033 [JavaFX Application Thread] DEBUG PrimaryStageWindow   - Push state: EggScene
20:24:16.034 [JavaFX Application Thread] DEBUG FXGLAssetLoaderServi - Loading from file system: file:/E:/java%20project/tank/target/classes/assets/music/chicken.mp3
20:24:16.046 [JavaFX Application Thread] DEBUG AudioPlayer          - Playing music com.almasb.fxgl.audio.Music@66e80224
20:24:16.047 [JavaFX Application Thread] DEBUG Input                - Clearing active input actions
20:24:16.047 [JavaFX Application Thread] DEBUG GameApplicationServi - Removing overlay from GameScene and adding to EggScene
20:24:16.047 [JavaFX Application Thread] DEBUG PrimaryStageWindow   - GameScene -> EggScene
20:24:18.038 [JavaFX Application Thread] DEBUG PrimaryStageWindow   - Pop state: EggScene
20:24:18.038 [JavaFX Application Thread] DEBUG Input                - Clearing active input actions
20:24:18.039 [JavaFX Application Thread] DEBUG GameApplicationServi - Removing overlay from EggScene and adding to GameScene
20:24:18.039 [JavaFX Application Thread] DEBUG PrimaryStageWindow   - GameScene <- EggScene
20:24:18.041 [JavaFX Application Thread] WARN  TMXLevelLoader       - TiledMap generated from 1.8.4. Supported version: 1.4.2. Some features may not be parsed fully.
20:24:18.044 [JavaFX Application Thread] DEBUG TMXLevelLoader       - Parsed TiledMap: file:/E:/java%20project/tank/target/classes/assets/levels/Chicken.tmx
20:24:18.044 [JavaFX Application Thread] DEBUG TMXLevelLoader       - Creating tile layer entities
20:24:18.044 [JavaFX Application Thread] DEBUG TMXLevelLoader       - Creating object layer entities
20:24:18.054 [JavaFX Application Thread] DEBUG GameWorld            - Clearing removable entities
20:24:18.059 [JavaFX Application Thread] DEBUG GameWorld            - Setting level: com.almasb.fxgl.entity.level.Level@affc4da
20:24:18.062 [JavaFX Application Thread] DEBUG FXGLAssetLoaderServi - Loading from file system: file:/E:/java%20project/tank/target/classes/assets/textures/people.png
20:24:23.129 [JavaFX Application Thread] DEBUG FXGLAssetLoaderServi - Loading from file system: file:/E:/java%20project/tank/target/classes/assets/textures/Egg.png
20:24:29.174 [JavaFX Application Thread] DEBUG FXGLAssetLoaderServi - Loading from file system: file:/E:/java%20project/tank/target/classes/assets/textures/element/Enemy1.png
20:24:37.943 [JavaFX Application Thread] DEBUG FXGLAssetLoaderServi - Loading from file system: file:/E:/java%20project/tank/target/classes/assets/textures/element/Enemy2.png
20:24:38.839 [JavaFX Application Thread] DEBUG FXGLAssetLoaderServi - Loading from file system: file:/E:/java%20project/tank/target/classes/assets/textures/element/Good.png
20:24:51.354 [JavaFX Application Thread] DEBUG LoopRunner           - Stopping loop
20:24:51.355 [JavaFX Application Thread] FATAL FXGLApplication      - Uncaught Exception:
java.lang.NullPointerException: Cannot invoke "String.equals(Object)" because "this.Username" is null
	at tank/com.kenny.tank.ui.Main_menu.IsIkun(Main_menu.java:147)
	at tank/com.kenny.tank.collisions.PEOPLE.BulletPeople.onCollisionBegin(BulletPeople.java:27)
	at com.almasb.fxgl.entity@17.1/com.almasb.fxgl.physics.CollisionPair.collisionBegin(CollisionPair.java:37)
	at com.almasb.fxgl.entity@17.1/com.almasb.fxgl.physics.PhysicsWorld.collisionBeginFor(PhysicsWorld.java:453)
	at com.almasb.fxgl.entity@17.1/com.almasb.fxgl.physics.PhysicsWorld.checkCollisionsInGroup(PhysicsWorld.java:405)
	at com.almasb.fxgl.entity@17.1/com.almasb.fxgl.physics.PhysicsWorld.checkCollisions(PhysicsWorld.java:373)
	at com.almasb.fxgl.entity@17.1/com.almasb.fxgl.physics.PhysicsWorld.onUpdate(PhysicsWorld.java:179)
	at com.almasb.fxgl.all@17.1/com.almasb.fxgl.app.scene.GameScene.step(GameScene.kt:225)
	at com.almasb.fxgl.all@17.1/com.almasb.fxgl.app.scene.GameScene.onUpdate(GameScene.kt:220)
	at com.almasb.fxgl.scene@17.1/com.almasb.fxgl.scene.Scene.update(Scene.kt:105)
	at com.almasb.fxgl.all@17.1/com.almasb.fxgl.app.MainWindow$update$1.invoke(MainWindow.kt:115)
	at com.almasb.fxgl.all@17.1/com.almasb.fxgl.app.MainWindow$update$1.invoke(MainWindow.kt:115)
	at com.almasb.fxgl.core@17.1/com.almasb.fxgl.core.fsm.StateMachine.runOnActiveStates(StateMachine.kt:69)
	at com.almasb.fxgl.all@17.1/com.almasb.fxgl.app.MainWindow.update(MainWindow.kt:115)
	at com.almasb.fxgl.all@17.1/com.almasb.fxgl.app.FXGLApplication$GameApplicationService.onUpdate(FXGLApplication.kt:426)
	at com.almasb.fxgl.all@17.1/com.almasb.fxgl.app.Engine.loop(Engine.kt:134)
	at com.almasb.fxgl.all@17.1/com.almasb.fxgl.app.Engine.access$loop(Engine.kt:24)
	at com.almasb.fxgl.all@17.1/com.almasb.fxgl.app.Engine$loop$1.invoke(Engine.kt:28)
	at com.almasb.fxgl.all@17.1/com.almasb.fxgl.app.Engine$loop$1.invoke(Engine.kt:28)
	at com.almasb.fxgl.all@17.1/com.almasb.fxgl.app.LoopRunner.frame(LoopRunner.kt:103)
	at com.almasb.fxgl.all@17.1/com.almasb.fxgl.app.LoopRunner.access$frame(LoopRunner.kt:23)
	at com.almasb.fxgl.all@17.1/com.almasb.fxgl.app.LoopRunner$impl$2$1.onTick(LoopRunner.kt:57)
	at com.almasb.fxgl.all@17.1/com.almasb.fxgl.app.AnimationTimerLoop$timer$1.handle(LoopRunner.kt:137)
	at javafx.graphics@18/javafx.animation.AnimationTimer$AnimationTimerReceiver.lambda$handle$0(AnimationTimer.java:58)
	at java.base/java.security.AccessController.doPrivileged(AccessController.java:399)
	at javafx.graphics@18/javafx.animation.AnimationTimer$AnimationTimerReceiver.handle(AnimationTimer.java:57)
	at javafx.graphics@18/com.sun.scenario.animation.AbstractPrimaryTimer.timePulseImpl(AbstractPrimaryTimer.java:356)
	at javafx.graphics@18/com.sun.scenario.animation.AbstractPrimaryTimer$MainLoop.run(AbstractPrimaryTimer.java:266)
	at javafx.graphics@18/com.sun.javafx.tk.quantum.QuantumToolkit.pulse(QuantumToolkit.java:571)
	at javafx.graphics@18/com.sun.javafx.tk.quantum.QuantumToolkit.pulse(QuantumToolkit.java:555)
	at javafx.graphics@18/com.sun.javafx.tk.quantum.QuantumToolkit.pulseFromQueue(QuantumToolkit.java:548)
	at javafx.graphics@18/com.sun.javafx.tk.quantum.QuantumToolkit.lambda$runToolkit$11(QuantumToolkit.java:352)
	at javafx.graphics@18/com.sun.glass.ui.InvokeLaterDispatcher$Future.run(InvokeLaterDispatcher.java:96)
	at javafx.graphics@18/com.sun.glass.ui.win.WinApplication._runLoop(Native Method)
	at javafx.graphics@18/com.sun.glass.ui.win.WinApplication.lambda$runLoop$3(WinApplication.java:184)
	at java.base/java.lang.Thread.run(Thread.java:833)

20:24:51.356 [JavaFX Application Thread] FATAL FXGLApplication      - Application will now exit
20:24:51.363 [JavaFX Application Thread] DEBUG PrimaryStageWindow   - Push state: ErrorSubScene
20:24:51.363 [JavaFX Application Thread] DEBUG Input                - Clearing active input actions
20:24:51.364 [JavaFX Application Thread] DEBUG GameApplicationServi - Removing overlay from GameScene and adding to ErrorSubScene
20:24:51.364 [JavaFX Application Thread] DEBUG PrimaryStageWindow   - GameScene -> ErrorSubScene
20:24:54.031 [JavaFX Application Thread] DEBUG FXGLApplication      - Exiting FXGL
20:24:54.031 [JavaFX Application Thread] DEBUG Async                - Shutting down background threads
20:24:54.031 [JavaFX Application Thread] DEBUG PrimaryStageWindow   - Closing main window
20:24:54.057 [JavaFX Application Thread] DEBUG Logger               - Closing Logger
