21:56:39.740 [main                     ] DEBUG Logger               - Configured Logger
21:56:39.758 [main                     ] DEBUG GameApplication      - Logging settings
Title: All star battle
Version: 0.1
Width: 2048
Height: 1152
Fullscreen: false
Intro: false
Profiling: false
Single step:false
App Mode: DEVELOPER
Menu Key: ESCAPE
Stage Style: DECORATED
Scene Factory: class com.almasb.fxgl.app.scene.SceneFactory

21:56:39.992 [JavaFX Application Thread] DEBUG FXGLApplication      - Initializing FXGL
21:56:39.995 [JavaFX Application Thread] INFO  Engine               - FXGL-17.1 (24.03.2022 17.34) on WINDOWS (J:17.0.6 FX:18)
21:56:39.995 [JavaFX Application Thread] DEBUG Engine               - JRE Vendor Name: Amazon.com Inc.
21:56:39.995 [JavaFX Application Thread] DEBUG Engine               - Running on OS: Windows 11 version 10.0
21:56:39.995 [JavaFX Application Thread] DEBUG Engine               - Architecture: amd64
21:56:39.995 [JavaFX Application Thread] INFO  Engine               - Source code and latest versions at: https://github.com/AlmasB/FXGL
21:56:39.995 [JavaFX Application Thread] INFO  Engine               -       Ask questions and discuss at: https://github.com/AlmasB/FXGL/discussions
21:56:39.995 [JavaFX Application Thread] INFO  Engine               -              Join the FXGL chat at: https://gitter.im/AlmasB/FXGL
21:56:40.042 [JavaFX Application Thread] DEBUG PrimaryStageWindow   - Creating a JavaFX scene
21:56:40.042 [JavaFX Application Thread] DEBUG PrimaryStageWindow   - Target size > screen size
21:56:40.065 [JavaFX Application Thread] DEBUG PrimaryStageWindow   - Target settings size: 2048.0 x 1152.0
21:56:40.066 [JavaFX Application Thread] DEBUG PrimaryStageWindow   - Scaled scene size:    1682.0 x 960.0
21:56:40.066 [JavaFX Application Thread] DEBUG PrimaryStageWindow   - Scaled ratio: (0.8212890625, 0.8333333333333334)
21:56:40.066 [JavaFX Application Thread] DEBUG PrimaryStageWindow   - Set initial scene to FXGLStartupScene
21:56:40.070 [JavaFX Application Thread] DEBUG PrimaryStageWindow   - Opening main window
21:56:40.159 [JavaFX Application Thread] DEBUG PrimaryStageWindow   - Window border size: (14.6666259765625, 37.33331298828125)
21:56:40.159 [JavaFX Application Thread] DEBUG PrimaryStageWindow   - Scaled size: 1682.0 x 960.0
21:56:40.160 [JavaFX Application Thread] DEBUG PrimaryStageWindow   - Scaled ratio: (0.8212890625, 0.8333333333333334)
21:56:40.160 [JavaFX Application Thread] DEBUG PrimaryStageWindow   - Scene size: 1682.0 x 960.0
21:56:40.160 [JavaFX Application Thread] DEBUG PrimaryStageWindow   - Stage size: 1696.6666259765625 x 997.3333129882812
21:56:40.165 [FXGL Background Thread 1 ] DEBUG Engine               - Initializing environment variables
21:56:40.185 [FXGL Background Thread 1 ] DEBUG FXGLAssetLoaderServi - User app class for loading assets: class com.kenny.tank.TankApp
21:56:40.185 [FXGL Background Thread 1 ] DEBUG GameApplicationServi - Applying CSS: fxgl_dark.css
21:56:40.186 [FXGL Background Thread 1 ] DEBUG FXGLAssetLoaderServi - Loading from file system: jar:file:///C:/Users/10273/.m2/repository/com/github/almasb/fxgl/17.1/fxgl-17.1.jar!/fxglassets/ui/css/fxgl_dark.css
21:56:40.220 [FXGL Background Thread 1 ] DEBUG GameApplicationServi - Initializing application scenes
21:56:40.274 [FXGL Background Thread 1 ] DEBUG GameWorld            - Game world initialized
21:56:40.306 [FXGL Background Thread 1 ] DEBUG PhysicsWorld         - Physics world initialized: appHeight=1152, physics.ppm=50.0
21:56:40.306 [FXGL Background Thread 1 ] DEBUG PhysicsWorld         - Using strategy: BRUTE_FORCE
21:56:40.310 [FXGL Background Thread 1 ] DEBUG GameScene            - Game scene initialized: 2048x1152
21:56:40.319 [FXGL Background Thread 1 ] DEBUG FXGL.DefaultMenu     - createMenuBodyMainMenu()
21:56:40.327 [FXGL Background Thread 1 ] DEBUG FXGL.DefaultMenu     - createOptionsMenu()
21:56:40.336 [FXGL Background Thread 1 ] DEBUG FXGLAssetLoaderServi - Loading from file system: jar:file:///C:/Users/10273/.m2/repository/com/github/almasb/fxgl/17.1/fxgl-17.1.jar!/fxglassets/textures/particles/smoke.png
21:56:40.388 [FXGL Background Thread 1 ] DEBUG FXGLAssetLoaderServi - Loading from file system: jar:file:///C:/Users/10273/.m2/repository/com/github/almasb/fxgl/17.1/fxgl-17.1.jar!/fxglassets/textures/particles/trace_horizontal.png
21:56:40.406 [FXGL Background Thread 1 ] DEBUG FXGL.DefaultMenu     - createMenuBodyGameMenu()
21:56:40.408 [FXGL Background Thread 1 ] DEBUG FXGL.DefaultMenu     - createOptionsMenu()
21:56:40.416 [FXGL Background Thread 1 ] DEBUG GameApplicationServi - Application scenes initialized
21:56:40.424 [FXGL Background Thread 1 ] DEBUG SystemBundleService  - Loading FXGL system data
21:56:40.427 [FXGL Background Thread 1 ] DEBUG FileSystemAccess     - Reading from: E:\java project\tank\system\fxgl.bundle
21:56:40.431 [FXGL Background Thread 1 ] DEBUG SystemBundleService  - Bundle FXGL: {}
21:56:40.431 [FXGL Background Thread 1 ] DEBUG UpdaterService       - Checking for updates
21:56:40.433 [FXGL Background Thread 4 ] DEBUG FXGLApplication      - Loading fonts
21:56:40.434 [FXGL Background Thread 1 ] DEBUG FXGLApplication      - Loading default localization
21:56:40.434 [FXGL Background Thread 4 ] DEBUG FXGLAssetLoaderServi - Loading from file system: jar:file:///C:/Users/10273/.m2/repository/com/github/almasb/fxgl/17.1/fxgl-17.1.jar!/fxglassets/ui/fonts/VarelaRound-Regular.ttf
21:56:40.434 [FXGL Background Thread 1 ] DEBUG FXGLAssetLoaderServi - Loading from file system: jar:file:///C:/Users/10273/.m2/repository/com/github/almasb/fxgl/17.1/fxgl-17.1.jar!/fxglassets/languages/english.lang
21:56:40.454 [FXGL Background Thread 1 ] INFO  FXGLApplication      - FXGL initialization took: 0.289 sec
21:56:40.467 [JavaFX Application Thread] DEBUG Input                - Registered new binding: action0 - Up
21:56:40.467 [JavaFX Application Thread] DEBUG Input                - Registered new binding: action1 - Down
21:56:40.468 [JavaFX Application Thread] DEBUG Input                - Registered new binding: action2 - Left
21:56:40.469 [JavaFX Application Thread] DEBUG Input                - Registered new binding: action3 - Right
21:56:40.470 [JavaFX Application Thread] DEBUG Input                - Registered new binding: action4 - Space
21:56:40.470 [JavaFX Application Thread] DEBUG FXGLAssetLoaderServi - Loading from file system: file:/E:/java%20project/tank/target/classes/assets/textures/joker.jpg
21:56:40.485 [JavaFX Application Thread] DEBUG FXGLAssetLoaderServi - Loading from file system: jar:file:///C:/Users/10273/.m2/repository/com/github/almasb/fxgl/17.1/fxgl-17.1.jar!/fxglassets/textures/fxgl_default_cursor.png
21:56:40.485 [FXGL Background Thread 4 ] DEBUG FXGLAssetLoaderServi - Loading from file system: jar:file:///C:/Users/10273/.m2/repository/com/github/almasb/fxgl/17.1/fxgl-17.1.jar!/fxglassets/ui/fonts/Abel-Regular.ttf
21:56:40.488 [FXGL Background Thread 4 ] DEBUG FXGLAssetLoaderServi - Loading from file system: jar:file:///C:/Users/10273/.m2/repository/com/github/almasb/fxgl/17.1/fxgl-17.1.jar!/fxglassets/ui/fonts/TerminalLandMono-Regular.otf
21:56:40.488 [JavaFX Application Thread] DEBUG Input                - Registered new binding: Screenshot - CTRL+8
21:56:40.489 [JavaFX Application Thread] DEBUG Input                - Registered new binding: System info dump - CTRL+9
21:56:40.489 [JavaFX Application Thread] DEBUG Input                - Registered new binding: Restart - CTRL+R
21:56:40.490 [FXGL Background Thread 4 ] DEBUG FXGLAssetLoaderServi - Loading from file system: jar:file:///C:/Users/10273/.m2/repository/com/github/almasb/fxgl/17.1/fxgl-17.1.jar!/fxglassets/ui/fonts/Courier-Prime.ttf
21:56:40.490 [JavaFX Application Thread] DEBUG Input                - Registered new binding: Toggle Debug Camera - CTRL+7
21:56:40.491 [JavaFX Application Thread] DEBUG LoopRunner           - Starting loop
21:56:40.492 [JavaFX Application Thread] DEBUG LoopRunner           - Initializing JavaFX AnimationTimerLoop
21:56:40.494 [JavaFX Application Thread] DEBUG Input                - Clearing active input actions
21:56:40.499 [JavaFX Application Thread] DEBUG GameApplicationServi - Removing overlay from FXGLStartupScene and adding to FXGLMainMenuDummyScene
21:56:40.499 [JavaFX Application Thread] DEBUG PrimaryStageWindow   - FXGLStartupScene -> FXGLMainMenuDummyScene
21:56:40.499 [JavaFX Application Thread] DEBUG PrimaryStageWindow   - Push state: FXGLDefaultMenu
21:56:40.506 [JavaFX Application Thread] DEBUG Input                - Clearing active input actions
21:56:40.511 [JavaFX Application Thread] DEBUG GameApplicationServi - Removing overlay from FXGLMainMenuDummyScene and adding to FXGLDefaultMenu
21:56:40.511 [JavaFX Application Thread] DEBUG PrimaryStageWindow   - FXGLMainMenuDummyScene -> FXGLDefaultMenu
21:56:40.516 [JavaFX Application Thread] DEBUG FXGLApplication      - Registering font factories with UI factory
21:56:41.142 [FXGL Background Thread 2 ] INFO  UpdaterService       - Your current version:  17.1
21:56:41.142 [FXGL Background Thread 2 ] INFO  UpdaterService       - Latest stable version: 17.2
21:56:41.482 [JavaFX Application Thread] DEBUG Menu                 - fireNewGame()
21:56:41.483 [JavaFX Application Thread] DEBUG GameApplicationServi - Starting new game
21:56:41.484 [JavaFX Application Thread] DEBUG PrimaryStageWindow   - Pop state: FXGLDefaultMenu
21:56:41.485 [JavaFX Application Thread] DEBUG Input                - Clearing active input actions
21:56:41.485 [JavaFX Application Thread] DEBUG GameApplicationServi - Removing overlay from FXGLDefaultMenu and adding to FXGLMainMenuDummyScene
21:56:41.486 [JavaFX Application Thread] DEBUG PrimaryStageWindow   - FXGLMainMenuDummyScene <- FXGLDefaultMenu
21:56:41.486 [JavaFX Application Thread] DEBUG Input                - Clearing active input actions
21:56:41.492 [JavaFX Application Thread] DEBUG GameApplicationServi - Removing overlay from FXGLMainMenuDummyScene and adding to FXGLLoadingScene
21:56:41.492 [JavaFX Application Thread] DEBUG PrimaryStageWindow   - FXGLMainMenuDummyScene -> FXGLLoadingScene
21:56:41.492 [JavaFX Application Thread] DEBUG GameApplicationServi - Clearing previous game
21:56:41.492 [JavaFX Application Thread] DEBUG GameScene            - Clearing game scene
21:56:41.492 [JavaFX Application Thread] DEBUG GameWorld            - Clearing game world
21:56:41.493 [JavaFX Application Thread] DEBUG PhysicsWorld         - Clearing physics world
21:56:41.494 [FXGL Background Thread 2 ] DEBUG FXGLApplication      - Initializing game
21:56:41.518 [FXGL Background Thread 2 ] WARN  TMXLevelLoader       - TiledMap generated from 1.8.4. Supported version: 1.4.2. Some features may not be parsed fully.
21:56:41.538 [FXGL Background Thread 2 ] DEBUG TMXLevelLoader       - Parsed TiledMap: file:/E:/java%20project/tank/target/classes/assets/levels/test.tmx
21:56:41.538 [FXGL Background Thread 2 ] DEBUG TMXLevelLoader       - Creating tile layer entities
21:56:41.540 [FXGL Background Thread 2 ] DEBUG TMXLevelLoader       - Creating object layer entities
21:56:41.619 [FXGL Background Thread 2 ] DEBUG GameWorld            - Clearing removable entities
21:56:41.620 [FXGL Background Thread 2 ] DEBUG GameWorld            - Setting level: com.almasb.fxgl.entity.level.Level@5a22e6af
21:56:41.630 [FXGL Background Thread 2 ] DEBUG FXGLAssetLoaderServi - Loading from file system: file:/E:/java%20project/tank/target/classes/assets/textures/element/Tank.png
21:56:41.633 [FXGL Background Thread 2 ] DEBUG FXGLAssetLoaderServi - Loading from file system: file:/E:/java%20project/tank/target/classes/assets/textures/Enemytank.png
21:56:41.634 [FXGL Background Thread 2 ] INFO  FXGLApplication      - Game initialization took: 0.140 sec
21:56:41.635 [JavaFX Application Thread] DEBUG Input                - Clearing active input actions
21:56:41.640 [JavaFX Application Thread] DEBUG GameApplicationServi - Removing overlay from FXGLLoadingScene and adding to GameScene
21:56:41.640 [JavaFX Application Thread] DEBUG PrimaryStageWindow   - FXGLLoadingScene -> GameScene
21:56:42.175 [JavaFX Application Thread] DEBUG FXGLAssetLoaderServi - Loading from file system: file:/E:/java%20project/tank/target/classes/assets/textures/element/Enemybullet.png
21:56:42.195 [JavaFX Application Thread] DEBUG FXGLAssetLoaderServi - Loading from file system: file:/E:/java%20project/tank/target/classes/assets/textures/SmallBoom.png
21:56:42.569 [JavaFX Application Thread] DEBUG FXGLAssetLoaderServi - Loading from file system: file:/E:/java%20project/tank/target/classes/assets/sounds/boom.wav
21:56:42.615 [JavaFX Application Thread] DEBUG FXGLAssetLoaderServi - Loading from file system: file:/E:/java%20project/tank/target/classes/assets/textures/element/Bullet.png
21:56:43.434 [FXGL Background Thread 3 ] DEBUG Engine               - Logging environment variables
21:56:43.434 [FXGL Background Thread 3 ] DEBUG Engine               - achievements: []
21:56:43.434 [FXGL Background Thread 3 ] DEBUG Engine               - actualHeight: 960.0
21:56:43.434 [FXGL Background Thread 3 ] DEBUG Engine               - actualHeightProperty: ReadOnlyDoubleProperty [value: 960.0]
21:56:43.434 [FXGL Background Thread 3 ] DEBUG Engine               - actualWidth: 1682.0
21:56:43.435 [FXGL Background Thread 3 ] DEBUG Engine               - actualWidthProperty: ReadOnlyDoubleProperty [value: 1682.0]
21:56:43.435 [FXGL Background Thread 3 ] DEBUG Engine               - appIcon: joker.jpg
21:56:43.435 [FXGL Background Thread 3 ] DEBUG Engine               - applicationMode: DEVELOPER
21:56:43.435 [FXGL Background Thread 3 ] DEBUG Engine               - cSSList: [fxgl_dark.css]
21:56:43.435 [FXGL Background Thread 3 ] DEBUG Engine               - collisionDetectionStrategy: BRUTE_FORCE
21:56:43.435 [FXGL Background Thread 3 ] DEBUG Engine               - configClass: Optional.empty
21:56:43.435 [FXGL Background Thread 3 ] DEBUG Engine               - credits: []
21:56:43.435 [FXGL Background Thread 3 ] DEBUG Engine               - defaultCursor: CursorInfo(imageName=fxgl_default_cursor.png, hotspotX=7.0, hotspotY=6.0)
21:56:43.435 [FXGL Background Thread 3 ] DEBUG Engine               - devBBoxColorProperty: ObjectProperty [value: 0xff0000ff]
21:56:43.435 [FXGL Background Thread 3 ] DEBUG Engine               - devEnableDebugCameraProperty: BooleanProperty [value: false]
21:56:43.435 [FXGL Background Thread 3 ] DEBUG Engine               - devSensorColorProperty: ObjectProperty [value: 0xffff00ff]
21:56:43.435 [FXGL Background Thread 3 ] DEBUG Engine               - devShowBBoxProperty: BooleanProperty [value: false]
21:56:43.435 [FXGL Background Thread 3 ] DEBUG Engine               - devShowPositionProperty: BooleanProperty [value: false]
21:56:43.435 [FXGL Background Thread 3 ] DEBUG Engine               - enabledMenuItems: []
21:56:43.435 [FXGL Background Thread 3 ] DEBUG Engine               - engineServices: [class com.almasb.fxgl.app.services.FXGLAssetLoaderService, class com.almasb.fxgl.app.FXGLApplication$GameApplicationService, class com.almasb.fxgl.app.services.FXGLDialogService, class com.almasb.fxgl.app.services.IOTaskExecutorService, class com.almasb.fxgl.io.FileSystemService, class com.almasb.fxgl.localization.LocalizationService, class com.almasb.fxgl.app.services.SystemBundleService, class com.almasb.fxgl.profile.SaveLoadService, class com.almasb.fxgl.ui.FXGLUIFactoryServiceProvider, class com.almasb.fxgl.ui.FXGLDialogFactoryServiceProvider, class com.almasb.fxgl.audio.AudioPlayer, class com.almasb.fxgl.notification.impl.NotificationServiceProvider, class com.almasb.fxgl.achievement.AchievementService, class com.almasb.fxgl.cutscene.CutsceneService, class com.almasb.fxgl.minigames.MiniGameService, class com.almasb.fxgl.net.NetService, class com.almasb.fxgl.app.services.UpdaterService, class com.almasb.fxgl.dev.DevService]
21:56:43.435 [FXGL Background Thread 3 ] DEBUG Engine               - fontGame: Abel-Regular.ttf
21:56:43.435 [FXGL Background Thread 3 ] DEBUG Engine               - fontMono: TerminalLandMono-Regular.otf
21:56:43.435 [FXGL Background Thread 3 ] DEBUG Engine               - fontText: Courier-Prime.ttf
21:56:43.436 [FXGL Background Thread 3 ] DEBUG Engine               - fontUI: VarelaRound-Regular.ttf
21:56:43.436 [FXGL Background Thread 3 ] DEBUG Engine               - fullScreen: BooleanProperty [value: false]
21:56:43.436 [FXGL Background Thread 3 ] DEBUG Engine               - gameDifficulty: MEDIUM
21:56:43.436 [FXGL Background Thread 3 ] DEBUG Engine               - gameDifficultyProperty: ObjectProperty [value: MEDIUM]
21:56:43.436 [FXGL Background Thread 3 ] DEBUG Engine               - globalMusicVolume: 0.5
21:56:43.436 [FXGL Background Thread 3 ] DEBUG Engine               - globalMusicVolumeProperty: DoubleProperty [value: 0.5]
21:56:43.436 [FXGL Background Thread 3 ] DEBUG Engine               - globalSoundVolume: 0.5
21:56:43.436 [FXGL Background Thread 3 ] DEBUG Engine               - globalSoundVolumeProperty: DoubleProperty [value: 0.8]
21:56:43.436 [FXGL Background Thread 3 ] DEBUG Engine               - height: 1152
21:56:43.436 [FXGL Background Thread 3 ] DEBUG Engine               - is3D: false
21:56:43.436 [FXGL Background Thread 3 ] DEBUG Engine               - isAndroid: false
21:56:43.436 [FXGL Background Thread 3 ] DEBUG Engine               - isBrowser: false
21:56:43.436 [FXGL Background Thread 3 ] DEBUG Engine               - isClickFeedbackEnabled: false
21:56:43.436 [FXGL Background Thread 3 ] DEBUG Engine               - isCloseConfirmation: false
21:56:43.436 [FXGL Background Thread 3 ] DEBUG Engine               - isDesktop: true
21:56:43.436 [FXGL Background Thread 3 ] DEBUG Engine               - isDeveloperMenuEnabled: false
21:56:43.437 [FXGL Background Thread 3 ] DEBUG Engine               - isEmbedded: false
21:56:43.437 [FXGL Background Thread 3 ] DEBUG Engine               - isEntityPreloadEnabled: true
21:56:43.437 [FXGL Background Thread 3 ] DEBUG Engine               - isExperimentalTiledLargeMap: false
21:56:43.437 [FXGL Background Thread 3 ] DEBUG Engine               - isFileSystemWriteAllowed: true
21:56:43.437 [FXGL Background Thread 3 ] DEBUG Engine               - isFullScreenAllowed: false
21:56:43.437 [FXGL Background Thread 3 ] DEBUG Engine               - isFullScreenFromStart: false
21:56:43.437 [FXGL Background Thread 3 ] DEBUG Engine               - isGameMenuEnabled: true
21:56:43.437 [FXGL Background Thread 3 ] DEBUG Engine               - isIOS: false
21:56:43.437 [FXGL Background Thread 3 ] DEBUG Engine               - isIntroEnabled: false
21:56:43.437 [FXGL Background Thread 3 ] DEBUG Engine               - isLinux: false
21:56:43.437 [FXGL Background Thread 3 ] DEBUG Engine               - isMac: false
21:56:43.437 [FXGL Background Thread 3 ] DEBUG Engine               - isMainMenuEnabled: true
21:56:43.437 [FXGL Background Thread 3 ] DEBUG Engine               - isManualResizeEnabled: false
21:56:43.437 [FXGL Background Thread 3 ] DEBUG Engine               - isMobile: false
21:56:43.437 [FXGL Background Thread 3 ] DEBUG Engine               - isNative: false
21:56:43.437 [FXGL Background Thread 3 ] DEBUG Engine               - isPauseMusicWhenMinimized: true
21:56:43.437 [FXGL Background Thread 3 ] DEBUG Engine               - isPreserveResizeRatio: false
21:56:43.437 [FXGL Background Thread 3 ] DEBUG Engine               - isProfilingEnabled: false
21:56:43.437 [FXGL Background Thread 3 ] DEBUG Engine               - isScaleAffectedOnResize: true
21:56:43.437 [FXGL Background Thread 3 ] DEBUG Engine               - isSingleStep: false
21:56:43.437 [FXGL Background Thread 3 ] DEBUG Engine               - isUserProfileEnabled: false
21:56:43.437 [FXGL Background Thread 3 ] DEBUG Engine               - isWindows: true
21:56:43.437 [FXGL Background Thread 3 ] DEBUG Engine               - language: ObjectProperty [value: ENGLISH]
21:56:43.437 [FXGL Background Thread 3 ] DEBUG Engine               - menuKey: ESCAPE
21:56:43.437 [FXGL Background Thread 3 ] DEBUG Engine               - mouseSensitivity: 0.2
21:56:43.437 [FXGL Background Thread 3 ] DEBUG Engine               - notificationViewClass: class com.almasb.fxgl.notification.view.XboxNotificationView
21:56:43.437 [FXGL Background Thread 3 ] DEBUG Engine               - pixelsPerMeter: 50.0
21:56:43.437 [FXGL Background Thread 3 ] DEBUG Engine               - platform: WINDOWS
21:56:43.437 [FXGL Background Thread 3 ] DEBUG Engine               - prefHeightProperty: ReadOnlyDoubleProperty [value: 1152.0]
21:56:43.437 [FXGL Background Thread 3 ] DEBUG Engine               - prefWidthProperty: ReadOnlyDoubleProperty [value: 2048.0]
21:56:43.437 [FXGL Background Thread 3 ] DEBUG Engine               - profileDir: profiles/
21:56:43.437 [FXGL Background Thread 3 ] DEBUG Engine               - profileName: StringProperty [value: DEFAULT]
21:56:43.437 [FXGL Background Thread 3 ] DEBUG Engine               - randomSeed: -1
21:56:43.438 [FXGL Background Thread 3 ] DEBUG Engine               - runtimeInfo: RuntimeInfo(platform=WINDOWS, version=17.1, build=24.03.2022 17.34)
21:56:43.438 [FXGL Background Thread 3 ] DEBUG Engine               - saveFileExt: sav
21:56:43.438 [FXGL Background Thread 3 ] DEBUG Engine               - scaledHeightProp$fxgl: DoubleProperty [bound, value: 960.0]
21:56:43.438 [FXGL Background Thread 3 ] DEBUG Engine               - scaledWidthProp$fxgl: DoubleProperty [bound, value: 1682.0]
21:56:43.438 [FXGL Background Thread 3 ] DEBUG Engine               - sceneFactory: com.almasb.fxgl.app.scene.SceneFactory@293085b
21:56:43.438 [FXGL Background Thread 3 ] DEBUG Engine               - secondsIn24h: 60
21:56:43.438 [FXGL Background Thread 3 ] DEBUG Engine               - soundMenuBack: menu/back.wav
21:56:43.438 [FXGL Background Thread 3 ] DEBUG Engine               - soundMenuPress: menu/press.wav
21:56:43.438 [FXGL Background Thread 3 ] DEBUG Engine               - soundMenuSelect: menu/select.wav
21:56:43.438 [FXGL Background Thread 3 ] DEBUG Engine               - soundNotification: core/notification.wav
21:56:43.438 [FXGL Background Thread 3 ] DEBUG Engine               - stageStyle: DECORATED
21:56:43.438 [FXGL Background Thread 3 ] DEBUG Engine               - supportedLanguages: [ENGLISH, FRENCH, GERMAN, HUNGARIAN, RUSSIAN]
21:56:43.438 [FXGL Background Thread 3 ] DEBUG Engine               - ticksPerSecond: -1
21:56:43.438 [FXGL Background Thread 3 ] DEBUG Engine               - title: All star battle
21:56:43.438 [FXGL Background Thread 3 ] DEBUG Engine               - urlGithub: https://github.com/AlmasB/FXGL
21:56:43.438 [FXGL Background Thread 3 ] DEBUG Engine               - urlLeaderboard: http://fxgl-top.herokuapp.com/
21:56:43.438 [FXGL Background Thread 3 ] DEBUG Engine               - urlPOM: https://raw.githubusercontent.com/AlmasB/FXGL/release/README.md
21:56:43.438 [FXGL Background Thread 3 ] DEBUG Engine               - userAppClass: class com.kenny.tank.TankApp
21:56:43.438 [FXGL Background Thread 3 ] DEBUG Engine               - version: 0.1
21:56:43.438 [FXGL Background Thread 3 ] DEBUG Engine               - versionCheckDays: 7
21:56:43.438 [FXGL Background Thread 3 ] DEBUG Engine               - width: 2048
21:56:43.438 [FXGL Background Thread 3 ] DEBUG Engine               - Logging services
21:56:43.438 [FXGL Background Thread 3 ] DEBUG Engine               - class com.almasb.fxgl.app.services.FXGLAssetLoaderService
21:56:43.438 [FXGL Background Thread 3 ] DEBUG Engine               - class com.almasb.fxgl.app.FXGLApplication$GameApplicationService
21:56:43.438 [FXGL Background Thread 3 ] DEBUG Engine               - class com.almasb.fxgl.app.services.FXGLDialogService
21:56:43.438 [FXGL Background Thread 3 ] DEBUG Engine               - class com.almasb.fxgl.app.services.IOTaskExecutorService
21:56:43.438 [FXGL Background Thread 3 ] DEBUG Engine               - class com.almasb.fxgl.io.FileSystemService
21:56:43.438 [FXGL Background Thread 3 ] DEBUG Engine               - class com.almasb.fxgl.localization.LocalizationService
21:56:43.438 [FXGL Background Thread 3 ] DEBUG Engine               - class com.almasb.fxgl.app.services.SystemBundleService
21:56:43.438 [FXGL Background Thread 3 ] DEBUG Engine               - class com.almasb.fxgl.profile.SaveLoadService
21:56:43.438 [FXGL Background Thread 3 ] DEBUG Engine               - class com.almasb.fxgl.ui.FXGLUIFactoryServiceProvider
21:56:43.438 [FXGL Background Thread 3 ] DEBUG Engine               - class com.almasb.fxgl.ui.FXGLDialogFactoryServiceProvider
21:56:43.438 [FXGL Background Thread 3 ] DEBUG Engine               - class com.almasb.fxgl.audio.AudioPlayer
21:56:43.438 [FXGL Background Thread 3 ] DEBUG Engine               - class com.almasb.fxgl.notification.impl.NotificationServiceProvider
21:56:43.438 [FXGL Background Thread 3 ] DEBUG Engine               - class com.almasb.fxgl.achievement.AchievementService
21:56:43.438 [FXGL Background Thread 3 ] DEBUG Engine               - class com.almasb.fxgl.cutscene.CutsceneService
21:56:43.438 [FXGL Background Thread 3 ] DEBUG Engine               - class com.almasb.fxgl.minigames.MiniGameService
21:56:43.438 [FXGL Background Thread 3 ] DEBUG Engine               - class com.almasb.fxgl.net.NetService
21:56:43.438 [FXGL Background Thread 3 ] DEBUG Engine               - class com.almasb.fxgl.app.services.UpdaterService
21:56:43.438 [FXGL Background Thread 3 ] DEBUG Engine               - class com.almasb.fxgl.dev.DevService
21:56:51.855 [JavaFX Application Thread] DEBUG PrimaryStageWindow   - Push state: FXGLDefaultMenu
21:56:51.856 [JavaFX Application Thread] DEBUG Input                - Clearing active input actions
21:56:51.856 [JavaFX Application Thread] DEBUG GameApplicationServi - Removing overlay from GameScene and adding to FXGLDefaultMenu
21:56:51.856 [JavaFX Application Thread] DEBUG PrimaryStageWindow   - GameScene -> FXGLDefaultMenu
21:56:52.908 [JavaFX Application Thread] DEBUG Menu                 - fireExitToMainMenu()
21:56:52.910 [JavaFX Application Thread] DEBUG PrimaryStageWindow   - Push state: DialogSubScene
21:56:52.910 [JavaFX Application Thread] DEBUG Input                - Clearing active input actions
21:56:52.910 [JavaFX Application Thread] DEBUG GameApplicationServi - Removing overlay from FXGLDefaultMenu and adding to DialogSubScene
21:56:52.910 [JavaFX Application Thread] DEBUG PrimaryStageWindow   - FXGLDefaultMenu -> DialogSubScene
21:56:53.856 [JavaFX Application Thread] DEBUG PrimaryStageWindow   - Pop state: DialogSubScene
21:56:53.857 [JavaFX Application Thread] DEBUG Input                - Clearing active input actions
21:56:53.858 [JavaFX Application Thread] DEBUG GameApplicationServi - Removing overlay from DialogSubScene and adding to FXGLDefaultMenu
21:56:53.858 [JavaFX Application Thread] DEBUG PrimaryStageWindow   - FXGLDefaultMenu <- DialogSubScene
21:56:53.859 [JavaFX Application Thread] DEBUG PrimaryStageWindow   - Pop state: FXGLDefaultMenu
21:56:53.859 [JavaFX Application Thread] DEBUG Input                - Clearing active input actions
21:56:53.859 [JavaFX Application Thread] DEBUG GameApplicationServi - Removing overlay from FXGLDefaultMenu and adding to GameScene
21:56:53.860 [JavaFX Application Thread] DEBUG PrimaryStageWindow   - GameScene <- FXGLDefaultMenu
21:56:53.860 [JavaFX Application Thread] DEBUG Input                - Clearing active input actions
21:56:53.864 [JavaFX Application Thread] DEBUG GameApplicationServi - Removing overlay from GameScene and adding to FXGLMainMenuDummyScene
21:56:53.864 [JavaFX Application Thread] DEBUG PrimaryStageWindow   - GameScene -> FXGLMainMenuDummyScene
21:56:53.864 [JavaFX Application Thread] DEBUG PrimaryStageWindow   - Push state: FXGLDefaultMenu
21:56:53.864 [JavaFX Application Thread] DEBUG Input                - Clearing active input actions
21:56:53.866 [JavaFX Application Thread] DEBUG GameApplicationServi - Removing overlay from FXGLMainMenuDummyScene and adding to FXGLDefaultMenu
21:56:53.866 [JavaFX Application Thread] DEBUG PrimaryStageWindow   - FXGLMainMenuDummyScene -> FXGLDefaultMenu
21:56:54.820 [JavaFX Application Thread] DEBUG Menu                 - fireExit()
21:56:54.821 [JavaFX Application Thread] DEBUG PrimaryStageWindow   - Push state: DialogSubScene
21:56:54.821 [JavaFX Application Thread] DEBUG Input                - Clearing active input actions
21:56:54.821 [JavaFX Application Thread] DEBUG GameApplicationServi - Removing overlay from FXGLDefaultMenu and adding to DialogSubScene
21:56:54.821 [JavaFX Application Thread] DEBUG PrimaryStageWindow   - FXGLDefaultMenu -> DialogSubScene
21:56:55.801 [JavaFX Application Thread] DEBUG PrimaryStageWindow   - Pop state: DialogSubScene
21:56:55.801 [JavaFX Application Thread] DEBUG Input                - Clearing active input actions
21:56:55.802 [JavaFX Application Thread] DEBUG GameApplicationServi - Removing overlay from DialogSubScene and adding to FXGLDefaultMenu
21:56:55.802 [JavaFX Application Thread] DEBUG PrimaryStageWindow   - FXGLDefaultMenu <- DialogSubScene
21:56:55.802 [JavaFX Application Thread] DEBUG FXGLApplication      - Exiting FXGL
21:56:55.802 [JavaFX Application Thread] DEBUG LoopRunner           - Stopping loop
21:56:55.802 [JavaFX Application Thread] DEBUG SystemBundleService  - Saving FXGL system data
21:56:55.803 [JavaFX Application Thread] DEBUG FileSystemAccess     - Writing to: E:\java project\tank\system\fxgl.bundle
21:56:55.804 [JavaFX Application Thread] DEBUG Async                - Shutting down background threads
21:56:55.805 [JavaFX Application Thread] DEBUG PrimaryStageWindow   - Closing main window
21:56:55.823 [JavaFX Application Thread] DEBUG Logger               - Closing Logger
