11:23:23.370 [main                     ] DEBUG Logger               - Configured Logger
11:23:23.398 [main                     ] DEBUG GameApplication      - Logging settings
Title: All star battle
Version: 0.1
Width: 2048
Height: 1152
Fullscreen: false
Intro: false
Profiling: false
Single step:false
App Mode: DEVELOPER
Menu Key: ESCAPE
Stage Style: DECORATED
Scene Factory: class com.kenny.tank.TankApp$1

11:23:23.775 [JavaFX Application Thread] DEBUG FXGLApplication      - Initializing FXGL
11:23:23.780 [JavaFX Application Thread] INFO  Engine               - FXGL-17.1 (24.03.2022 17.34) on WINDOWS (J:17.0.6 FX:18)
11:23:23.780 [JavaFX Application Thread] DEBUG Engine               - JRE Vendor Name: Amazon.com Inc.
11:23:23.780 [JavaFX Application Thread] DEBUG Engine               - Running on OS: Windows 11 version 10.0
11:23:23.780 [JavaFX Application Thread] DEBUG Engine               - Architecture: amd64
11:23:23.781 [JavaFX Application Thread] INFO  Engine               - Source code and latest versions at: https://github.com/AlmasB/FXGL
11:23:23.781 [JavaFX Application Thread] INFO  Engine               -       Ask questions and discuss at: https://github.com/AlmasB/FXGL/discussions
11:23:23.781 [JavaFX Application Thread] INFO  Engine               -              Join the FXGL chat at: https://gitter.im/AlmasB/FXGL
11:23:23.853 [JavaFX Application Thread] DEBUG PrimaryStageWindow   - Creating a JavaFX scene
11:23:23.853 [JavaFX Application Thread] DEBUG PrimaryStageWindow   - Target size > screen size
11:23:23.892 [JavaFX Application Thread] DEBUG PrimaryStageWindow   - Target settings size: 2048.0 x 1152.0
11:23:23.892 [JavaFX Application Thread] DEBUG PrimaryStageWindow   - Scaled scene size:    1682.0 x 960.0
11:23:23.893 [JavaFX Application Thread] DEBUG PrimaryStageWindow   - Scaled ratio: (0.8212890625, 0.8333333333333334)
11:23:23.893 [JavaFX Application Thread] DEBUG PrimaryStageWindow   - Set initial scene to StartScene
11:23:23.899 [JavaFX Application Thread] DEBUG PrimaryStageWindow   - Opening main window
11:23:24.036 [JavaFX Application Thread] DEBUG PrimaryStageWindow   - Window border size: (14.6666259765625, 37.33331298828125)
11:23:24.037 [JavaFX Application Thread] DEBUG PrimaryStageWindow   - Scaled size: 1682.0 x 960.0
11:23:24.037 [JavaFX Application Thread] DEBUG PrimaryStageWindow   - Scaled ratio: (0.8212890625, 0.8333333333333334)
11:23:24.038 [JavaFX Application Thread] DEBUG PrimaryStageWindow   - Scene size: 1682.0 x 960.0
11:23:24.039 [JavaFX Application Thread] DEBUG PrimaryStageWindow   - Stage size: 1696.6666259765625 x 997.3333129882812
11:23:24.046 [FXGL Background Thread 1 ] DEBUG Engine               - Initializing environment variables
11:23:24.080 [FXGL Background Thread 1 ] DEBUG FXGLAssetLoaderServi - User app class for loading assets: class com.kenny.tank.TankApp
11:23:24.080 [FXGL Background Thread 1 ] DEBUG GameApplicationServi - Applying CSS: fxgl_dark.css
11:23:24.084 [FXGL Background Thread 1 ] DEBUG FXGLAssetLoaderServi - Loading from file system: jar:file:///C:/Users/10273/.m2/repository/com/github/almasb/fxgl/17.1/fxgl-17.1.jar!/fxglassets/ui/css/fxgl_dark.css
11:23:24.160 [FXGL Background Thread 1 ] DEBUG GameApplicationServi - Applying CSS: tank.css
11:23:24.160 [FXGL Background Thread 1 ] DEBUG FXGLAssetLoaderServi - Loading from file system: file:/E:/java%20project/tank/target/classes/assets/ui/css/tank.css
11:23:24.163 [FXGL Background Thread 1 ] DEBUG GameApplicationServi - Initializing application scenes
11:23:24.193 [FXGL Background Thread 1 ] DEBUG GameWorld            - Game world initialized
11:23:24.258 [FXGL Background Thread 1 ] DEBUG PhysicsWorld         - Physics world initialized: appHeight=1152, physics.ppm=50.0
11:23:24.258 [FXGL Background Thread 1 ] DEBUG PhysicsWorld         - Using strategy: BRUTE_FORCE
11:23:24.262 [FXGL Background Thread 1 ] DEBUG GameScene            - Game scene initialized: 2048x1152
11:23:24.268 [FXGL Background Thread 1 ] DEBUG FXGLAssetLoaderServi - Loading from file system: file:/E:/java%20project/tank/target/classes/assets/textures/MainMenu.png
11:23:24.438 [FXGL Background Thread 1 ] DEBUG FXGL.DefaultMenu     - createMenuBodyGameMenu()
11:23:24.454 [FXGL Background Thread 1 ] DEBUG FXGL.DefaultMenu     - createOptionsMenu()
11:23:24.460 [FXGL Background Thread 1 ] DEBUG FXGLAssetLoaderServi - Loading from file system: jar:file:///C:/Users/10273/.m2/repository/com/github/almasb/fxgl/17.1/fxgl-17.1.jar!/fxglassets/textures/particles/smoke.png
11:23:24.533 [FXGL Background Thread 1 ] DEBUG FXGLAssetLoaderServi - Loading from file system: jar:file:///C:/Users/10273/.m2/repository/com/github/almasb/fxgl/17.1/fxgl-17.1.jar!/fxglassets/textures/particles/trace_horizontal.png
11:23:24.551 [FXGL Background Thread 1 ] DEBUG GameApplicationServi - Application scenes initialized
11:23:24.561 [FXGL Background Thread 1 ] DEBUG SystemBundleService  - Loading FXGL system data
11:23:24.564 [FXGL Background Thread 1 ] DEBUG FileSystemAccess     - Reading from: E:\java project\tank\system\fxgl.bundle
11:23:24.571 [FXGL Background Thread 1 ] DEBUG SystemBundleService  - Bundle FXGL: {}
11:23:24.571 [FXGL Background Thread 1 ] DEBUG UpdaterService       - Checking for updates
11:23:24.575 [FXGL Background Thread 4 ] DEBUG FXGLApplication      - Loading fonts
11:23:24.575 [FXGL Background Thread 4 ] DEBUG FXGLAssetLoaderServi - Loading from file system: jar:file:///C:/Users/10273/.m2/repository/com/github/almasb/fxgl/17.1/fxgl-17.1.jar!/fxglassets/ui/fonts/VarelaRound-Regular.ttf
11:23:24.575 [FXGL Background Thread 1 ] DEBUG FXGLApplication      - Loading default localization
11:23:24.576 [FXGL Background Thread 1 ] DEBUG FXGLAssetLoaderServi - Loading from file system: jar:file:///C:/Users/10273/.m2/repository/com/github/almasb/fxgl/17.1/fxgl-17.1.jar!/fxglassets/languages/english.lang
11:23:24.607 [FXGL Background Thread 1 ] INFO  FXGLApplication      - FXGL initialization took: 0.560 sec
11:23:24.620 [JavaFX Application Thread] DEBUG Input                - Registered new binding: action0 - Up
11:23:24.620 [JavaFX Application Thread] DEBUG Input                - Registered new binding: action1 - Down
11:23:24.620 [JavaFX Application Thread] DEBUG Input                - Registered new binding: action2 - Left
11:23:24.621 [JavaFX Application Thread] DEBUG Input                - Registered new binding: action3 - Right
11:23:24.622 [JavaFX Application Thread] DEBUG Input                - Registered new binding: action4 - Space
11:23:24.622 [JavaFX Application Thread] DEBUG FXGLAssetLoaderServi - Loading from file system: file:/E:/java%20project/tank/target/classes/assets/textures/joker.jpg
11:23:24.651 [JavaFX Application Thread] DEBUG FXGLAssetLoaderServi - Loading from file system: jar:file:///C:/Users/10273/.m2/repository/com/github/almasb/fxgl/17.1/fxgl-17.1.jar!/fxglassets/textures/fxgl_default_cursor.png
11:23:24.654 [JavaFX Application Thread] DEBUG Input                - Registered new binding: Screenshot - CTRL+8
11:23:24.655 [JavaFX Application Thread] DEBUG Input                - Registered new binding: System info dump - CTRL+9
11:23:24.656 [JavaFX Application Thread] DEBUG Input                - Registered new binding: Restart - CTRL+R
11:23:24.658 [JavaFX Application Thread] DEBUG Input                - Registered new binding: Toggle Debug Camera - CTRL+7
11:23:24.665 [JavaFX Application Thread] DEBUG LoopRunner           - Starting loop
11:23:24.665 [JavaFX Application Thread] DEBUG LoopRunner           - Initializing JavaFX AnimationTimerLoop
11:23:24.672 [JavaFX Application Thread] DEBUG Input                - Clearing active input actions
11:23:24.676 [FXGL Background Thread 4 ] DEBUG FXGLAssetLoaderServi - Loading from file system: jar:file:///C:/Users/10273/.m2/repository/com/github/almasb/fxgl/17.1/fxgl-17.1.jar!/fxglassets/ui/fonts/Abel-Regular.ttf
11:23:24.677 [JavaFX Application Thread] DEBUG GameApplicationServi - Removing overlay from StartScene and adding to FXGLMainMenuDummyScene
11:23:24.677 [JavaFX Application Thread] DEBUG PrimaryStageWindow   - StartScene -> FXGLMainMenuDummyScene
11:23:24.677 [JavaFX Application Thread] DEBUG PrimaryStageWindow   - Push state: Main_menu
11:23:24.678 [JavaFX Application Thread] DEBUG Input                - Clearing active input actions
11:23:24.679 [FXGL Background Thread 4 ] DEBUG FXGLAssetLoaderServi - Loading from file system: jar:file:///C:/Users/10273/.m2/repository/com/github/almasb/fxgl/17.1/fxgl-17.1.jar!/fxglassets/ui/fonts/TerminalLandMono-Regular.otf
11:23:24.684 [FXGL Background Thread 4 ] DEBUG FXGLAssetLoaderServi - Loading from file system: jar:file:///C:/Users/10273/.m2/repository/com/github/almasb/fxgl/17.1/fxgl-17.1.jar!/fxglassets/ui/fonts/Courier-Prime.ttf
11:23:24.688 [JavaFX Application Thread] DEBUG GameApplicationServi - Removing overlay from FXGLMainMenuDummyScene and adding to Main_menu
11:23:24.689 [JavaFX Application Thread] DEBUG PrimaryStageWindow   - FXGLMainMenuDummyScene -> Main_menu
11:23:24.744 [JavaFX Application Thread] DEBUG FXGLApplication      - Registering font factories with UI factory
11:23:25.673 [FXGL Background Thread 2 ] INFO  UpdaterService       - Your current version:  17.1
11:23:25.674 [FXGL Background Thread 2 ] INFO  UpdaterService       - Latest stable version: 17.2
11:23:27.257 [JavaFX Application Thread] DEBUG FXGLApplication      - Exiting FXGL
11:23:27.257 [JavaFX Application Thread] DEBUG LoopRunner           - Stopping loop
11:23:27.259 [JavaFX Application Thread] DEBUG SystemBundleService  - Saving FXGL system data
11:23:27.262 [JavaFX Application Thread] DEBUG FileSystemAccess     - Writing to: E:\java project\tank\system\fxgl.bundle
11:23:27.265 [JavaFX Application Thread] DEBUG Async                - Shutting down background threads
11:23:27.265 [JavaFX Application Thread] DEBUG PrimaryStageWindow   - Closing main window
11:23:27.314 [JavaFX Application Thread] DEBUG Logger               - Closing Logger
