20:38:37.183 [main                     ] DEBUG Logger               - Configured Logger
20:38:37.204 [main                     ] DEBUG GameApplication      - Logging settings
Title: All star battle
Version: 0.1
Width: 2048
Height: 1152
Fullscreen: false
Intro: false
Profiling: false
Single step:false
App Mode: DEVELOPER
Menu Key: ESCAPE
Stage Style: DECORATED
Scene Factory: class com.almasb.fxgl.app.scene.SceneFactory

20:38:37.467 [JavaFX Application Thread] DEBUG FXGLApplication      - Initializing FXGL
20:38:37.470 [JavaFX Application Thread] INFO  Engine               - FXGL-17.1 (24.03.2022 17.34) on WINDOWS (J:17.0.6 FX:18)
20:38:37.470 [JavaFX Application Thread] DEBUG Engine               - JRE Vendor Name: Amazon.com Inc.
20:38:37.472 [JavaFX Application Thread] DEBUG Engine               - Running on OS: Windows 11 version 10.0
20:38:37.472 [JavaFX Application Thread] DEBUG Engine               - Architecture: amd64
20:38:37.472 [JavaFX Application Thread] INFO  Engine               - Source code and latest versions at: https://github.com/AlmasB/FXGL
20:38:37.472 [JavaFX Application Thread] INFO  Engine               -       Ask questions and discuss at: https://github.com/AlmasB/FXGL/discussions
20:38:37.472 [JavaFX Application Thread] INFO  Engine               -              Join the FXGL chat at: https://gitter.im/AlmasB/FXGL
20:38:37.519 [JavaFX Application Thread] DEBUG PrimaryStageWindow   - Creating a JavaFX scene
20:38:37.519 [JavaFX Application Thread] DEBUG PrimaryStageWindow   - Target size > screen size
20:38:37.543 [JavaFX Application Thread] DEBUG PrimaryStageWindow   - Target settings size: 2048.0 x 1152.0
20:38:37.543 [JavaFX Application Thread] DEBUG PrimaryStageWindow   - Scaled scene size:    1682.0 x 960.0
20:38:37.543 [JavaFX Application Thread] DEBUG PrimaryStageWindow   - Scaled ratio: (0.8212890625, 0.8333333333333334)
20:38:37.544 [JavaFX Application Thread] DEBUG PrimaryStageWindow   - Set initial scene to FXGLStartupScene
20:38:37.547 [JavaFX Application Thread] DEBUG PrimaryStageWindow   - Opening main window
20:38:37.601 [JavaFX Application Thread] DEBUG PrimaryStageWindow   - Window border size: (14.6666259765625, 37.33331298828125)
20:38:37.601 [JavaFX Application Thread] DEBUG PrimaryStageWindow   - Scaled size: 1682.0 x 960.0
20:38:37.601 [JavaFX Application Thread] DEBUG PrimaryStageWindow   - Scaled ratio: (0.8212890625, 0.8333333333333334)
20:38:37.601 [JavaFX Application Thread] DEBUG PrimaryStageWindow   - Scene size: 1682.0 x 960.0
20:38:37.602 [JavaFX Application Thread] DEBUG PrimaryStageWindow   - Stage size: 1696.6666259765625 x 997.3333129882812
20:38:37.606 [FXGL Background Thread 1 ] DEBUG Engine               - Initializing environment variables
20:38:37.633 [FXGL Background Thread 1 ] DEBUG FXGLAssetLoaderServi - User app class for loading assets: class com.kenny.tank.TankApp
20:38:37.633 [FXGL Background Thread 1 ] DEBUG GameApplicationServi - Applying CSS: fxgl_dark.css
20:38:37.634 [FXGL Background Thread 1 ] DEBUG FXGLAssetLoaderServi - Loading from file system: jar:file:///C:/Users/10273/.m2/repository/com/github/almasb/fxgl/17.1/fxgl-17.1.jar!/fxglassets/ui/css/fxgl_dark.css
20:38:37.665 [FXGL Background Thread 1 ] DEBUG GameApplicationServi - Initializing application scenes
20:38:37.713 [FXGL Background Thread 1 ] DEBUG GameWorld            - Game world initialized
20:38:37.744 [FXGL Background Thread 1 ] DEBUG PhysicsWorld         - Physics world initialized: appHeight=1152, physics.ppm=50.0
20:38:37.744 [FXGL Background Thread 1 ] DEBUG PhysicsWorld         - Using strategy: BRUTE_FORCE
20:38:37.749 [FXGL Background Thread 1 ] DEBUG GameScene            - Game scene initialized: 2048x1152
20:38:37.759 [FXGL Background Thread 1 ] DEBUG FXGL.DefaultMenu     - createMenuBodyMainMenu()
20:38:37.768 [FXGL Background Thread 1 ] DEBUG FXGL.DefaultMenu     - createOptionsMenu()
20:38:37.776 [FXGL Background Thread 1 ] DEBUG FXGLAssetLoaderServi - Loading from file system: jar:file:///C:/Users/10273/.m2/repository/com/github/almasb/fxgl/17.1/fxgl-17.1.jar!/fxglassets/textures/particles/smoke.png
20:38:37.831 [FXGL Background Thread 1 ] DEBUG FXGLAssetLoaderServi - Loading from file system: jar:file:///C:/Users/10273/.m2/repository/com/github/almasb/fxgl/17.1/fxgl-17.1.jar!/fxglassets/textures/particles/trace_horizontal.png
20:38:37.851 [FXGL Background Thread 1 ] DEBUG FXGL.DefaultMenu     - createMenuBodyGameMenu()
20:38:37.853 [FXGL Background Thread 1 ] DEBUG FXGL.DefaultMenu     - createOptionsMenu()
20:38:37.861 [FXGL Background Thread 1 ] DEBUG GameApplicationServi - Application scenes initialized
20:38:37.868 [FXGL Background Thread 1 ] DEBUG SystemBundleService  - Loading FXGL system data
20:38:37.870 [FXGL Background Thread 1 ] DEBUG FileSystemAccess     - Reading from: E:\java project\tank\system\fxgl.bundle
20:38:37.875 [FXGL Background Thread 1 ] DEBUG SystemBundleService  - Bundle FXGL: {}
20:38:37.875 [FXGL Background Thread 1 ] DEBUG UpdaterService       - Checking for updates
20:38:37.878 [FXGL Background Thread 4 ] DEBUG FXGLApplication      - Loading fonts
20:38:37.879 [FXGL Background Thread 1 ] DEBUG FXGLApplication      - Loading default localization
20:38:37.879 [FXGL Background Thread 4 ] DEBUG FXGLAssetLoaderServi - Loading from file system: jar:file:///C:/Users/10273/.m2/repository/com/github/almasb/fxgl/17.1/fxgl-17.1.jar!/fxglassets/ui/fonts/VarelaRound-Regular.ttf
20:38:37.879 [FXGL Background Thread 1 ] DEBUG FXGLAssetLoaderServi - Loading from file system: jar:file:///C:/Users/10273/.m2/repository/com/github/almasb/fxgl/17.1/fxgl-17.1.jar!/fxglassets/languages/english.lang
20:38:37.897 [FXGL Background Thread 1 ] INFO  FXGLApplication      - FXGL initialization took: 0.291 sec
20:38:37.905 [JavaFX Application Thread] DEBUG Input                - Registered new binding: action0 - Up
20:38:37.906 [JavaFX Application Thread] DEBUG Input                - Registered new binding: action1 - Down
20:38:37.906 [JavaFX Application Thread] DEBUG Input                - Registered new binding: action2 - Left
20:38:37.907 [JavaFX Application Thread] DEBUG Input                - Registered new binding: action3 - Right
20:38:37.907 [JavaFX Application Thread] DEBUG Input                - Registered new binding: action4 - Space
20:38:37.908 [JavaFX Application Thread] DEBUG FXGLAssetLoaderServi - Loading from file system: file:/E:/java%20project/tank/target/classes/assets/textures/joker.jpg
20:38:37.925 [JavaFX Application Thread] DEBUG FXGLAssetLoaderServi - Loading from file system: jar:file:///C:/Users/10273/.m2/repository/com/github/almasb/fxgl/17.1/fxgl-17.1.jar!/fxglassets/textures/fxgl_default_cursor.png
20:38:37.930 [JavaFX Application Thread] DEBUG Input                - Registered new binding: Screenshot - CTRL+8
20:38:37.930 [JavaFX Application Thread] DEBUG Input                - Registered new binding: System info dump - CTRL+9
20:38:37.931 [JavaFX Application Thread] DEBUG Input                - Registered new binding: Restart - CTRL+R
20:38:37.931 [FXGL Background Thread 4 ] DEBUG FXGLAssetLoaderServi - Loading from file system: jar:file:///C:/Users/10273/.m2/repository/com/github/almasb/fxgl/17.1/fxgl-17.1.jar!/fxglassets/ui/fonts/Abel-Regular.ttf
20:38:37.932 [JavaFX Application Thread] DEBUG Input                - Registered new binding: Toggle Debug Camera - CTRL+7
20:38:37.934 [FXGL Background Thread 4 ] DEBUG FXGLAssetLoaderServi - Loading from file system: jar:file:///C:/Users/10273/.m2/repository/com/github/almasb/fxgl/17.1/fxgl-17.1.jar!/fxglassets/ui/fonts/TerminalLandMono-Regular.otf
20:38:37.936 [JavaFX Application Thread] DEBUG LoopRunner           - Starting loop
20:38:37.936 [JavaFX Application Thread] DEBUG LoopRunner           - Initializing JavaFX AnimationTimerLoop
20:38:37.937 [FXGL Background Thread 4 ] DEBUG FXGLAssetLoaderServi - Loading from file system: jar:file:///C:/Users/10273/.m2/repository/com/github/almasb/fxgl/17.1/fxgl-17.1.jar!/fxglassets/ui/fonts/Courier-Prime.ttf
20:38:37.940 [JavaFX Application Thread] DEBUG Input                - Clearing active input actions
20:38:37.948 [JavaFX Application Thread] DEBUG GameApplicationServi - Removing overlay from FXGLStartupScene and adding to FXGLMainMenuDummyScene
20:38:37.949 [JavaFX Application Thread] DEBUG PrimaryStageWindow   - FXGLStartupScene -> FXGLMainMenuDummyScene
20:38:37.949 [JavaFX Application Thread] DEBUG PrimaryStageWindow   - Push state: FXGLDefaultMenu
20:38:37.958 [JavaFX Application Thread] DEBUG Input                - Clearing active input actions
20:38:37.968 [JavaFX Application Thread] DEBUG GameApplicationServi - Removing overlay from FXGLMainMenuDummyScene and adding to FXGLDefaultMenu
20:38:37.968 [JavaFX Application Thread] DEBUG PrimaryStageWindow   - FXGLMainMenuDummyScene -> FXGLDefaultMenu
20:38:38.035 [JavaFX Application Thread] DEBUG FXGLApplication      - Registering font factories with UI factory
20:38:38.638 [JavaFX Application Thread] DEBUG Menu                 - fireNewGame()
20:38:38.638 [JavaFX Application Thread] DEBUG GameApplicationServi - Starting new game
20:38:38.639 [JavaFX Application Thread] DEBUG PrimaryStageWindow   - Pop state: FXGLDefaultMenu
20:38:38.639 [JavaFX Application Thread] DEBUG Input                - Clearing active input actions
20:38:38.640 [JavaFX Application Thread] DEBUG GameApplicationServi - Removing overlay from FXGLDefaultMenu and adding to FXGLMainMenuDummyScene
20:38:38.641 [JavaFX Application Thread] DEBUG PrimaryStageWindow   - FXGLMainMenuDummyScene <- FXGLDefaultMenu
20:38:38.641 [JavaFX Application Thread] DEBUG Input                - Clearing active input actions
20:38:38.645 [JavaFX Application Thread] DEBUG GameApplicationServi - Removing overlay from FXGLMainMenuDummyScene and adding to FXGLLoadingScene
20:38:38.645 [JavaFX Application Thread] DEBUG PrimaryStageWindow   - FXGLMainMenuDummyScene -> FXGLLoadingScene
20:38:38.645 [JavaFX Application Thread] DEBUG GameApplicationServi - Clearing previous game
20:38:38.645 [JavaFX Application Thread] DEBUG GameScene            - Clearing game scene
20:38:38.645 [JavaFX Application Thread] DEBUG GameWorld            - Clearing game world
20:38:38.645 [JavaFX Application Thread] DEBUG PhysicsWorld         - Clearing physics world
20:38:38.648 [FXGL Background Thread 4 ] DEBUG FXGLApplication      - Initializing game
20:38:38.671 [FXGL Background Thread 2 ] INFO  UpdaterService       - Your current version:  17.1
20:38:38.672 [FXGL Background Thread 2 ] INFO  UpdaterService       - Latest stable version: 17.2
20:38:38.677 [FXGL Background Thread 4 ] WARN  TMXLevelLoader       - TiledMap generated from 1.8.4. Supported version: 1.4.2. Some features may not be parsed fully.
20:38:38.692 [FXGL Background Thread 4 ] DEBUG TMXLevelLoader       - Parsed TiledMap: file:/E:/java%20project/tank/target/classes/assets/levels/test.tmx
20:38:38.693 [FXGL Background Thread 4 ] DEBUG TMXLevelLoader       - Creating tile layer entities
20:38:38.694 [FXGL Background Thread 4 ] DEBUG TMXLevelLoader       - Creating object layer entities
20:38:38.770 [FXGL Background Thread 4 ] DEBUG GameWorld            - Clearing removable entities
20:38:38.770 [FXGL Background Thread 4 ] DEBUG GameWorld            - Setting level: com.almasb.fxgl.entity.level.Level@1f8d281
20:38:38.782 [FXGL Background Thread 4 ] DEBUG FXGLAssetLoaderServi - Loading from file system: file:/E:/java%20project/tank/target/classes/assets/textures/element/Tank.png
20:38:38.784 [FXGL Background Thread 4 ] WARN  Entity               - Entity already has component: com.kenny.tank.components.TankComponent
20:38:38.785 [FXGL Background Thread 4 ] DEBUG FXGLAssetLoaderServi - Loading from file system: file:/E:/java%20project/tank/target/classes/assets/textures/Enemytank.png
20:38:38.789 [FXGL Background Thread 4 ] DEBUG FXGLAssetLoaderServi - Loading from file system: file:/E:/java%20project/tank/target/classes/assets/textures/Chicken.png
20:38:38.794 [FXGL Background Thread 4 ] DEBUG FXGLAssetLoaderServi - Loading from file system: file:/E:/java%20project/tank/target/classes/assets/textures/BossTank.png
20:38:38.799 [FXGL Background Thread 4 ] INFO  FXGLApplication      - Game initialization took: 0.151 sec
20:38:38.799 [JavaFX Application Thread] DEBUG Input                - Clearing active input actions
20:38:38.806 [JavaFX Application Thread] DEBUG GameApplicationServi - Removing overlay from FXGLLoadingScene and adding to GameScene
20:38:38.806 [JavaFX Application Thread] DEBUG PrimaryStageWindow   - FXGLLoadingScene -> GameScene
20:38:39.125 [JavaFX Application Thread] DEBUG FXGLAssetLoaderServi - Loading from file system: file:/E:/java%20project/tank/target/classes/assets/textures/element/Enemybullet.png
20:38:39.188 [JavaFX Application Thread] DEBUG FXGLAssetLoaderServi - Loading from file system: file:/E:/java%20project/tank/target/classes/assets/textures/SmallBoom.png
20:38:40.230 [JavaFX Application Thread] DEBUG FXGLAssetLoaderServi - Loading from file system: file:/E:/java%20project/tank/target/classes/assets/textures/boom.png
20:38:40.613 [JavaFX Application Thread] DEBUG FXGLAssetLoaderServi - Loading from file system: file:/E:/java%20project/tank/target/classes/assets/sounds/boom.wav
20:38:40.660 [JavaFX Application Thread] DEBUG FXGLAssetLoaderServi - Loading from file system: file:/E:/java%20project/tank/target/classes/assets/textures/element/Bullet.png
20:38:40.878 [FXGL Background Thread 3 ] DEBUG Engine               - Logging environment variables
20:38:40.878 [FXGL Background Thread 3 ] DEBUG Engine               - achievements: []
20:38:40.878 [FXGL Background Thread 3 ] DEBUG Engine               - actualHeight: 960.0
20:38:40.878 [FXGL Background Thread 3 ] DEBUG Engine               - actualHeightProperty: ReadOnlyDoubleProperty [value: 960.0]
20:38:40.878 [FXGL Background Thread 3 ] DEBUG Engine               - actualWidth: 1682.0
20:38:40.879 [FXGL Background Thread 3 ] DEBUG Engine               - actualWidthProperty: ReadOnlyDoubleProperty [value: 1682.0]
20:38:40.879 [FXGL Background Thread 3 ] DEBUG Engine               - appIcon: joker.jpg
20:38:40.879 [FXGL Background Thread 3 ] DEBUG Engine               - applicationMode: DEVELOPER
20:38:40.879 [FXGL Background Thread 3 ] DEBUG Engine               - cSSList: [fxgl_dark.css]
20:38:40.879 [FXGL Background Thread 3 ] DEBUG Engine               - collisionDetectionStrategy: BRUTE_FORCE
20:38:40.879 [FXGL Background Thread 3 ] DEBUG Engine               - configClass: Optional.empty
20:38:40.879 [FXGL Background Thread 3 ] DEBUG Engine               - credits: []
20:38:40.879 [FXGL Background Thread 3 ] DEBUG Engine               - defaultCursor: CursorInfo(imageName=fxgl_default_cursor.png, hotspotX=7.0, hotspotY=6.0)
20:38:40.879 [FXGL Background Thread 3 ] DEBUG Engine               - devBBoxColorProperty: ObjectProperty [value: 0xff0000ff]
20:38:40.879 [FXGL Background Thread 3 ] DEBUG Engine               - devEnableDebugCameraProperty: BooleanProperty [value: false]
20:38:40.879 [FXGL Background Thread 3 ] DEBUG Engine               - devSensorColorProperty: ObjectProperty [value: 0xffff00ff]
20:38:40.879 [FXGL Background Thread 3 ] DEBUG Engine               - devShowBBoxProperty: BooleanProperty [value: false]
20:38:40.879 [FXGL Background Thread 3 ] DEBUG Engine               - devShowPositionProperty: BooleanProperty [value: false]
20:38:40.879 [FXGL Background Thread 3 ] DEBUG Engine               - enabledMenuItems: []
20:38:40.879 [FXGL Background Thread 3 ] DEBUG Engine               - engineServices: [class com.almasb.fxgl.app.services.FXGLAssetLoaderService, class com.almasb.fxgl.app.FXGLApplication$GameApplicationService, class com.almasb.fxgl.app.services.FXGLDialogService, class com.almasb.fxgl.app.services.IOTaskExecutorService, class com.almasb.fxgl.io.FileSystemService, class com.almasb.fxgl.localization.LocalizationService, class com.almasb.fxgl.app.services.SystemBundleService, class com.almasb.fxgl.profile.SaveLoadService, class com.almasb.fxgl.ui.FXGLUIFactoryServiceProvider, class com.almasb.fxgl.ui.FXGLDialogFactoryServiceProvider, class com.almasb.fxgl.audio.AudioPlayer, class com.almasb.fxgl.notification.impl.NotificationServiceProvider, class com.almasb.fxgl.achievement.AchievementService, class com.almasb.fxgl.cutscene.CutsceneService, class com.almasb.fxgl.minigames.MiniGameService, class com.almasb.fxgl.net.NetService, class com.almasb.fxgl.app.services.UpdaterService, class com.almasb.fxgl.dev.DevService]
20:38:40.879 [FXGL Background Thread 3 ] DEBUG Engine               - fontGame: Abel-Regular.ttf
20:38:40.879 [FXGL Background Thread 3 ] DEBUG Engine               - fontMono: TerminalLandMono-Regular.otf
20:38:40.879 [FXGL Background Thread 3 ] DEBUG Engine               - fontText: Courier-Prime.ttf
20:38:40.879 [FXGL Background Thread 3 ] DEBUG Engine               - fontUI: VarelaRound-Regular.ttf
20:38:40.879 [FXGL Background Thread 3 ] DEBUG Engine               - fullScreen: BooleanProperty [value: false]
20:38:40.879 [FXGL Background Thread 3 ] DEBUG Engine               - gameDifficulty: MEDIUM
20:38:40.879 [FXGL Background Thread 3 ] DEBUG Engine               - gameDifficultyProperty: ObjectProperty [value: MEDIUM]
20:38:40.879 [FXGL Background Thread 3 ] DEBUG Engine               - globalMusicVolume: 0.5
20:38:40.880 [FXGL Background Thread 3 ] DEBUG Engine               - globalMusicVolumeProperty: DoubleProperty [value: 0.5]
20:38:40.880 [FXGL Background Thread 3 ] DEBUG Engine               - globalSoundVolume: 0.5
20:38:40.880 [FXGL Background Thread 3 ] DEBUG Engine               - globalSoundVolumeProperty: DoubleProperty [value: 0.8]
20:38:40.880 [FXGL Background Thread 3 ] DEBUG Engine               - height: 1152
20:38:40.880 [FXGL Background Thread 3 ] DEBUG Engine               - is3D: false
20:38:40.880 [FXGL Background Thread 3 ] DEBUG Engine               - isAndroid: false
20:38:40.880 [FXGL Background Thread 3 ] DEBUG Engine               - isBrowser: false
20:38:40.880 [FXGL Background Thread 3 ] DEBUG Engine               - isClickFeedbackEnabled: false
20:38:40.880 [FXGL Background Thread 3 ] DEBUG Engine               - isCloseConfirmation: false
20:38:40.880 [FXGL Background Thread 3 ] DEBUG Engine               - isDesktop: true
20:38:40.880 [FXGL Background Thread 3 ] DEBUG Engine               - isDeveloperMenuEnabled: false
20:38:40.880 [FXGL Background Thread 3 ] DEBUG Engine               - isEmbedded: false
20:38:40.880 [FXGL Background Thread 3 ] DEBUG Engine               - isEntityPreloadEnabled: true
20:38:40.880 [FXGL Background Thread 3 ] DEBUG Engine               - isExperimentalTiledLargeMap: false
20:38:40.880 [FXGL Background Thread 3 ] DEBUG Engine               - isFileSystemWriteAllowed: true
20:38:40.880 [FXGL Background Thread 3 ] DEBUG Engine               - isFullScreenAllowed: false
20:38:40.880 [FXGL Background Thread 3 ] DEBUG Engine               - isFullScreenFromStart: false
20:38:40.880 [FXGL Background Thread 3 ] DEBUG Engine               - isGameMenuEnabled: true
20:38:40.880 [FXGL Background Thread 3 ] DEBUG Engine               - isIOS: false
20:38:40.880 [FXGL Background Thread 3 ] DEBUG Engine               - isIntroEnabled: false
20:38:40.880 [FXGL Background Thread 3 ] DEBUG Engine               - isLinux: false
20:38:40.880 [FXGL Background Thread 3 ] DEBUG Engine               - isMac: false
20:38:40.880 [FXGL Background Thread 3 ] DEBUG Engine               - isMainMenuEnabled: true
20:38:40.880 [FXGL Background Thread 3 ] DEBUG Engine               - isManualResizeEnabled: false
20:38:40.880 [FXGL Background Thread 3 ] DEBUG Engine               - isMobile: false
20:38:40.880 [FXGL Background Thread 3 ] DEBUG Engine               - isNative: false
20:38:40.880 [FXGL Background Thread 3 ] DEBUG Engine               - isPauseMusicWhenMinimized: true
20:38:40.880 [FXGL Background Thread 3 ] DEBUG Engine               - isPreserveResizeRatio: false
20:38:40.880 [FXGL Background Thread 3 ] DEBUG Engine               - isProfilingEnabled: false
20:38:40.880 [FXGL Background Thread 3 ] DEBUG Engine               - isScaleAffectedOnResize: true
20:38:40.880 [FXGL Background Thread 3 ] DEBUG Engine               - isSingleStep: false
20:38:40.880 [FXGL Background Thread 3 ] DEBUG Engine               - isUserProfileEnabled: false
20:38:40.880 [FXGL Background Thread 3 ] DEBUG Engine               - isWindows: true
20:38:40.880 [FXGL Background Thread 3 ] DEBUG Engine               - language: ObjectProperty [value: ENGLISH]
20:38:40.880 [FXGL Background Thread 3 ] DEBUG Engine               - menuKey: ESCAPE
20:38:40.880 [FXGL Background Thread 3 ] DEBUG Engine               - mouseSensitivity: 0.2
20:38:40.880 [FXGL Background Thread 3 ] DEBUG Engine               - notificationViewClass: class com.almasb.fxgl.notification.view.XboxNotificationView
20:38:40.880 [FXGL Background Thread 3 ] DEBUG Engine               - pixelsPerMeter: 50.0
20:38:40.881 [FXGL Background Thread 3 ] DEBUG Engine               - platform: WINDOWS
20:38:40.881 [FXGL Background Thread 3 ] DEBUG Engine               - prefHeightProperty: ReadOnlyDoubleProperty [value: 1152.0]
20:38:40.881 [FXGL Background Thread 3 ] DEBUG Engine               - prefWidthProperty: ReadOnlyDoubleProperty [value: 2048.0]
20:38:40.881 [FXGL Background Thread 3 ] DEBUG Engine               - profileDir: profiles/
20:38:40.881 [FXGL Background Thread 3 ] DEBUG Engine               - profileName: StringProperty [value: DEFAULT]
20:38:40.881 [FXGL Background Thread 3 ] DEBUG Engine               - randomSeed: -1
20:38:40.881 [FXGL Background Thread 3 ] DEBUG Engine               - runtimeInfo: RuntimeInfo(platform=WINDOWS, version=17.1, build=24.03.2022 17.34)
20:38:40.881 [FXGL Background Thread 3 ] DEBUG Engine               - saveFileExt: sav
20:38:40.881 [FXGL Background Thread 3 ] DEBUG Engine               - scaledHeightProp$fxgl: DoubleProperty [bound, value: 960.0]
20:38:40.881 [FXGL Background Thread 3 ] DEBUG Engine               - scaledWidthProp$fxgl: DoubleProperty [bound, value: 1682.0]
20:38:40.881 [FXGL Background Thread 3 ] DEBUG Engine               - sceneFactory: com.almasb.fxgl.app.scene.SceneFactory@568213a2
20:38:40.881 [FXGL Background Thread 3 ] DEBUG Engine               - secondsIn24h: 60
20:38:40.881 [FXGL Background Thread 3 ] DEBUG Engine               - soundMenuBack: menu/back.wav
20:38:40.881 [FXGL Background Thread 3 ] DEBUG Engine               - soundMenuPress: menu/press.wav
20:38:40.881 [FXGL Background Thread 3 ] DEBUG Engine               - soundMenuSelect: menu/select.wav
20:38:40.881 [FXGL Background Thread 3 ] DEBUG Engine               - soundNotification: core/notification.wav
20:38:40.881 [FXGL Background Thread 3 ] DEBUG Engine               - stageStyle: DECORATED
20:38:40.881 [FXGL Background Thread 3 ] DEBUG Engine               - supportedLanguages: [ENGLISH, FRENCH, GERMAN, HUNGARIAN, RUSSIAN]
20:38:40.881 [FXGL Background Thread 3 ] DEBUG Engine               - ticksPerSecond: -1
20:38:40.881 [FXGL Background Thread 3 ] DEBUG Engine               - title: All star battle
20:38:40.882 [FXGL Background Thread 3 ] DEBUG Engine               - urlGithub: https://github.com/AlmasB/FXGL
20:38:40.882 [FXGL Background Thread 3 ] DEBUG Engine               - urlLeaderboard: http://fxgl-top.herokuapp.com/
20:38:40.882 [FXGL Background Thread 3 ] DEBUG Engine               - urlPOM: https://raw.githubusercontent.com/AlmasB/FXGL/release/README.md
20:38:40.882 [FXGL Background Thread 3 ] DEBUG Engine               - userAppClass: class com.kenny.tank.TankApp
20:38:40.882 [FXGL Background Thread 3 ] DEBUG Engine               - version: 0.1
20:38:40.882 [FXGL Background Thread 3 ] DEBUG Engine               - versionCheckDays: 7
20:38:40.882 [FXGL Background Thread 3 ] DEBUG Engine               - width: 2048
20:38:40.882 [FXGL Background Thread 3 ] DEBUG Engine               - Logging services
20:38:40.882 [FXGL Background Thread 3 ] DEBUG Engine               - class com.almasb.fxgl.app.services.FXGLAssetLoaderService
20:38:40.882 [FXGL Background Thread 3 ] DEBUG Engine               - class com.almasb.fxgl.app.FXGLApplication$GameApplicationService
20:38:40.882 [FXGL Background Thread 3 ] DEBUG Engine               - class com.almasb.fxgl.app.services.FXGLDialogService
20:38:40.882 [FXGL Background Thread 3 ] DEBUG Engine               - class com.almasb.fxgl.app.services.IOTaskExecutorService
20:38:40.882 [FXGL Background Thread 3 ] DEBUG Engine               - class com.almasb.fxgl.io.FileSystemService
20:38:40.882 [FXGL Background Thread 3 ] DEBUG Engine               - class com.almasb.fxgl.localization.LocalizationService
20:38:40.882 [FXGL Background Thread 3 ] DEBUG Engine               - class com.almasb.fxgl.app.services.SystemBundleService
20:38:40.882 [FXGL Background Thread 3 ] DEBUG Engine               - class com.almasb.fxgl.profile.SaveLoadService
20:38:40.882 [FXGL Background Thread 3 ] DEBUG Engine               - class com.almasb.fxgl.ui.FXGLUIFactoryServiceProvider
20:38:40.882 [FXGL Background Thread 3 ] DEBUG Engine               - class com.almasb.fxgl.ui.FXGLDialogFactoryServiceProvider
20:38:40.882 [FXGL Background Thread 3 ] DEBUG Engine               - class com.almasb.fxgl.audio.AudioPlayer
20:38:40.882 [FXGL Background Thread 3 ] DEBUG Engine               - class com.almasb.fxgl.notification.impl.NotificationServiceProvider
20:38:40.882 [FXGL Background Thread 3 ] DEBUG Engine               - class com.almasb.fxgl.achievement.AchievementService
20:38:40.882 [FXGL Background Thread 3 ] DEBUG Engine               - class com.almasb.fxgl.cutscene.CutsceneService
20:38:40.882 [FXGL Background Thread 3 ] DEBUG Engine               - class com.almasb.fxgl.minigames.MiniGameService
20:38:40.882 [FXGL Background Thread 3 ] DEBUG Engine               - class com.almasb.fxgl.net.NetService
20:38:40.882 [FXGL Background Thread 3 ] DEBUG Engine               - class com.almasb.fxgl.app.services.UpdaterService
20:38:40.882 [FXGL Background Thread 3 ] DEBUG Engine               - class com.almasb.fxgl.dev.DevService
20:38:44.957 [JavaFX Application Thread] DEBUG FXGLAssetLoaderServi - Loading from file system: file:/E:/java%20project/tank/target/classes/assets/textures/Props/UPGRADE.png
20:38:48.054 [JavaFX Application Thread] DEBUG FXGLAssetLoaderServi - Loading from file system: file:/E:/java%20project/tank/target/classes/assets/textures/Props/GOD.png
20:38:50.700 [JavaFX Application Thread] DEBUG FXGLAssetLoaderServi - Loading from file system: file:/E:/java%20project/tank/target/classes/assets/textures/Props/HEART.png
20:39:10.572 [JavaFX Application Thread] DEBUG FXGLAssetLoaderServi - Loading from file system: file:/E:/java%20project/tank/target/classes/assets/textures/Props/LUCKYBLOCK.png
20:39:28.179 [JavaFX Application Thread] DEBUG FXGLAssetLoaderServi - Loading from file system: file:/E:/java%20project/tank/target/classes/assets/textures/Suicide.png
20:39:28.182 [JavaFX Application Thread] DEBUG PrimaryStageWindow   - Push state: FailedScene
20:39:28.183 [JavaFX Application Thread] DEBUG Input                - Clearing active input actions
20:39:28.183 [JavaFX Application Thread] DEBUG GameApplicationServi - Removing overlay from GameScene and adding to FailedScene
20:39:28.183 [JavaFX Application Thread] DEBUG PrimaryStageWindow   - GameScene -> FailedScene
20:39:30.686 [JavaFX Application Thread] DEBUG PrimaryStageWindow   - Pop state: FailedScene
20:39:30.687 [JavaFX Application Thread] DEBUG Input                - Clearing active input actions
20:39:30.687 [JavaFX Application Thread] DEBUG GameApplicationServi - Removing overlay from FailedScene and adding to GameScene
20:39:30.687 [JavaFX Application Thread] DEBUG PrimaryStageWindow   - GameScene <- FailedScene
20:39:30.687 [JavaFX Application Thread] DEBUG Input                - Clearing active input actions
20:39:30.691 [JavaFX Application Thread] DEBUG GameApplicationServi - Removing overlay from GameScene and adding to FXGLMainMenuDummyScene
20:39:30.691 [JavaFX Application Thread] DEBUG PrimaryStageWindow   - GameScene -> FXGLMainMenuDummyScene
20:39:30.691 [JavaFX Application Thread] DEBUG PrimaryStageWindow   - Push state: FXGLDefaultMenu
20:39:30.691 [JavaFX Application Thread] DEBUG Input                - Clearing active input actions
20:39:30.693 [JavaFX Application Thread] DEBUG GameApplicationServi - Removing overlay from FXGLMainMenuDummyScene and adding to FXGLDefaultMenu
20:39:30.694 [JavaFX Application Thread] DEBUG PrimaryStageWindow   - FXGLMainMenuDummyScene -> FXGLDefaultMenu
20:39:33.021 [JavaFX Application Thread] DEBUG Menu                 - fireNewGame()
20:39:33.021 [JavaFX Application Thread] DEBUG GameApplicationServi - Starting new game
20:39:33.021 [JavaFX Application Thread] DEBUG PrimaryStageWindow   - Pop state: FXGLDefaultMenu
20:39:33.021 [JavaFX Application Thread] DEBUG Input                - Clearing active input actions
20:39:33.021 [JavaFX Application Thread] DEBUG GameApplicationServi - Removing overlay from FXGLDefaultMenu and adding to FXGLMainMenuDummyScene
20:39:33.021 [JavaFX Application Thread] DEBUG PrimaryStageWindow   - FXGLMainMenuDummyScene <- FXGLDefaultMenu
20:39:33.021 [JavaFX Application Thread] DEBUG Input                - Clearing active input actions
20:39:33.023 [JavaFX Application Thread] DEBUG GameApplicationServi - Removing overlay from FXGLMainMenuDummyScene and adding to FXGLLoadingScene
20:39:33.023 [JavaFX Application Thread] DEBUG PrimaryStageWindow   - FXGLMainMenuDummyScene -> FXGLLoadingScene
20:39:33.023 [JavaFX Application Thread] DEBUG GameApplicationServi - Clearing previous game
20:39:33.023 [JavaFX Application Thread] DEBUG GameScene            - Clearing game scene
20:39:33.023 [JavaFX Application Thread] DEBUG GameWorld            - Clearing game world
20:39:33.025 [JavaFX Application Thread] DEBUG PhysicsWorld         - Clearing physics world
20:39:33.027 [FXGL Background Thread 4 ] DEBUG FXGLApplication      - Initializing game
20:39:33.028 [FXGL Background Thread 4 ] WARN  TMXLevelLoader       - TiledMap generated from 1.8.4. Supported version: 1.4.2. Some features may not be parsed fully.
20:39:33.030 [FXGL Background Thread 4 ] DEBUG TMXLevelLoader       - Parsed TiledMap: file:/E:/java%20project/tank/target/classes/assets/levels/test.tmx
20:39:33.030 [FXGL Background Thread 4 ] DEBUG TMXLevelLoader       - Creating tile layer entities
20:39:33.030 [FXGL Background Thread 4 ] DEBUG TMXLevelLoader       - Creating object layer entities
20:39:33.042 [FXGL Background Thread 4 ] DEBUG GameWorld            - Clearing removable entities
20:39:33.042 [FXGL Background Thread 4 ] DEBUG GameWorld            - Setting level: com.almasb.fxgl.entity.level.Level@20c3a37
20:39:33.043 [FXGL Background Thread 4 ] WARN  Entity               - Entity already has component: com.kenny.tank.components.TankComponent
20:39:33.045 [FXGL Background Thread 4 ] INFO  FXGLApplication      - Game initialization took: 0.017 sec
20:39:33.050 [JavaFX Application Thread] DEBUG Input                - Clearing active input actions
20:39:33.052 [JavaFX Application Thread] DEBUG GameApplicationServi - Removing overlay from FXGLLoadingScene and adding to GameScene
20:39:33.052 [JavaFX Application Thread] DEBUG PrimaryStageWindow   - FXGLLoadingScene -> GameScene
20:39:50.383 [JavaFX Application Thread] DEBUG FXGLAssetLoaderServi - Loading from file system: file:/E:/java%20project/tank/target/classes/assets/textures/Props/PORTAL.png
20:40:12.989 [JavaFX Application Thread] DEBUG FXGLAssetLoaderServi - Loading from file system: file:/E:/java%20project/tank/target/classes/assets/textures/Props/PORTIONeffect.png
20:40:21.099 [JavaFX Application Thread] DEBUG PrimaryStageWindow   - Push state: FXGLDefaultMenu
20:40:21.099 [JavaFX Application Thread] DEBUG Input                - Clearing active input actions
20:40:21.100 [JavaFX Application Thread] DEBUG GameApplicationServi - Removing overlay from GameScene and adding to FXGLDefaultMenu
20:40:21.100 [JavaFX Application Thread] DEBUG PrimaryStageWindow   - GameScene -> FXGLDefaultMenu
20:40:21.877 [JavaFX Application Thread] DEBUG Menu                 - fireExitToMainMenu()
20:40:21.879 [JavaFX Application Thread] DEBUG PrimaryStageWindow   - Push state: DialogSubScene
20:40:21.879 [JavaFX Application Thread] DEBUG Input                - Clearing active input actions
20:40:21.879 [JavaFX Application Thread] DEBUG GameApplicationServi - Removing overlay from FXGLDefaultMenu and adding to DialogSubScene
20:40:21.879 [JavaFX Application Thread] DEBUG PrimaryStageWindow   - FXGLDefaultMenu -> DialogSubScene
20:40:22.524 [JavaFX Application Thread] DEBUG PrimaryStageWindow   - Pop state: DialogSubScene
20:40:22.524 [JavaFX Application Thread] DEBUG Input                - Clearing active input actions
20:40:22.524 [JavaFX Application Thread] DEBUG GameApplicationServi - Removing overlay from DialogSubScene and adding to FXGLDefaultMenu
20:40:22.524 [JavaFX Application Thread] DEBUG PrimaryStageWindow   - FXGLDefaultMenu <- DialogSubScene
20:40:22.525 [JavaFX Application Thread] DEBUG PrimaryStageWindow   - Pop state: FXGLDefaultMenu
20:40:22.525 [JavaFX Application Thread] DEBUG Input                - Clearing active input actions
20:40:22.525 [JavaFX Application Thread] DEBUG GameApplicationServi - Removing overlay from FXGLDefaultMenu and adding to GameScene
20:40:22.525 [JavaFX Application Thread] DEBUG PrimaryStageWindow   - GameScene <- FXGLDefaultMenu
20:40:22.525 [JavaFX Application Thread] DEBUG Input                - Clearing active input actions
20:40:22.527 [JavaFX Application Thread] DEBUG GameApplicationServi - Removing overlay from GameScene and adding to FXGLMainMenuDummyScene
20:40:22.527 [JavaFX Application Thread] DEBUG PrimaryStageWindow   - GameScene -> FXGLMainMenuDummyScene
20:40:22.527 [JavaFX Application Thread] DEBUG PrimaryStageWindow   - Push state: FXGLDefaultMenu
20:40:22.527 [JavaFX Application Thread] DEBUG Input                - Clearing active input actions
20:40:22.529 [JavaFX Application Thread] DEBUG GameApplicationServi - Removing overlay from FXGLMainMenuDummyScene and adding to FXGLDefaultMenu
20:40:22.529 [JavaFX Application Thread] DEBUG PrimaryStageWindow   - FXGLMainMenuDummyScene -> FXGLDefaultMenu
20:40:23.411 [JavaFX Application Thread] DEBUG Menu                 - fireExit()
20:40:23.411 [JavaFX Application Thread] DEBUG PrimaryStageWindow   - Push state: DialogSubScene
20:40:23.411 [JavaFX Application Thread] DEBUG Input                - Clearing active input actions
20:40:23.411 [JavaFX Application Thread] DEBUG GameApplicationServi - Removing overlay from FXGLDefaultMenu and adding to DialogSubScene
20:40:23.411 [JavaFX Application Thread] DEBUG PrimaryStageWindow   - FXGLDefaultMenu -> DialogSubScene
20:40:23.947 [JavaFX Application Thread] DEBUG PrimaryStageWindow   - Pop state: DialogSubScene
20:40:23.947 [JavaFX Application Thread] DEBUG Input                - Clearing active input actions
20:40:23.947 [JavaFX Application Thread] DEBUG GameApplicationServi - Removing overlay from DialogSubScene and adding to FXGLDefaultMenu
20:40:23.947 [JavaFX Application Thread] DEBUG PrimaryStageWindow   - FXGLDefaultMenu <- DialogSubScene
20:40:23.947 [JavaFX Application Thread] DEBUG FXGLApplication      - Exiting FXGL
20:40:23.947 [JavaFX Application Thread] DEBUG LoopRunner           - Stopping loop
20:40:23.947 [JavaFX Application Thread] DEBUG SystemBundleService  - Saving FXGL system data
20:40:23.949 [JavaFX Application Thread] DEBUG FileSystemAccess     - Writing to: E:\java project\tank\system\fxgl.bundle
20:40:23.951 [JavaFX Application Thread] DEBUG Async                - Shutting down background threads
20:40:23.951 [JavaFX Application Thread] DEBUG PrimaryStageWindow   - Closing main window
20:40:23.979 [JavaFX Application Thread] DEBUG Logger               - Closing Logger
