17:51:35.815 [main                     ] DEBUG Logger               - Configured Logger
17:51:35.861 [main                     ] DEBUG GameApplication      - Logging settings
Title: All star battle
Version: 0.1
Width: 2048
Height: 1152
Fullscreen: false
Intro: false
Profiling: false
Single step:false
App Mode: DEVELOPER
Menu Key: ESCAPE
Stage Style: DECORATED
Scene Factory: class com.almasb.fxgl.app.scene.SceneFactory

17:51:36.265 [JavaFX Application Thread] DEBUG FXGLApplication      - Initializing FXGL
17:51:36.270 [JavaFX Application Thread] INFO  Engine               - FXGL-17.1 (24.03.2022 17.34) on WINDOWS (J:17.0.6 FX:18)
17:51:36.270 [JavaFX Application Thread] DEBUG Engine               - JRE Vendor Name: Amazon.com Inc.
17:51:36.270 [JavaFX Application Thread] DEBUG Engine               - Running on OS: Windows 11 version 10.0
17:51:36.270 [JavaFX Application Thread] DEBUG Engine               - Architecture: amd64
17:51:36.270 [JavaFX Application Thread] INFO  Engine               - Source code and latest versions at: https://github.com/AlmasB/FXGL
17:51:36.270 [JavaFX Application Thread] INFO  Engine               -       Ask questions and discuss at: https://github.com/AlmasB/FXGL/discussions
17:51:36.270 [JavaFX Application Thread] INFO  Engine               -              Join the FXGL chat at: https://gitter.im/AlmasB/FXGL
17:51:36.347 [JavaFX Application Thread] DEBUG PrimaryStageWindow   - Creating a JavaFX scene
17:51:36.347 [JavaFX Application Thread] DEBUG PrimaryStageWindow   - Target size > screen size
17:51:36.383 [JavaFX Application Thread] DEBUG PrimaryStageWindow   - Target settings size: 2048.0 x 1152.0
17:51:36.384 [JavaFX Application Thread] DEBUG PrimaryStageWindow   - Scaled scene size:    1682.0 x 960.0
17:51:36.384 [JavaFX Application Thread] DEBUG PrimaryStageWindow   - Scaled ratio: (0.8212890625, 0.8333333333333334)
17:51:36.385 [JavaFX Application Thread] DEBUG PrimaryStageWindow   - Set initial scene to FXGLStartupScene
17:51:36.390 [JavaFX Application Thread] DEBUG PrimaryStageWindow   - Opening main window
17:51:36.511 [JavaFX Application Thread] DEBUG PrimaryStageWindow   - Window border size: (14.6666259765625, 37.33331298828125)
17:51:36.511 [JavaFX Application Thread] DEBUG PrimaryStageWindow   - Scaled size: 1682.0 x 960.0
17:51:36.511 [JavaFX Application Thread] DEBUG PrimaryStageWindow   - Scaled ratio: (0.8212890625, 0.8333333333333334)
17:51:36.512 [JavaFX Application Thread] DEBUG PrimaryStageWindow   - Scene size: 1682.0 x 960.0
17:51:36.512 [JavaFX Application Thread] DEBUG PrimaryStageWindow   - Stage size: 1696.6666259765625 x 997.3333129882812
17:51:36.518 [FXGL Background Thread 1 ] DEBUG Engine               - Initializing environment variables
17:51:36.546 [FXGL Background Thread 1 ] DEBUG FXGLAssetLoaderServi - User app class for loading assets: class com.kenny.tank.TankApp
17:51:36.547 [FXGL Background Thread 1 ] DEBUG GameApplicationServi - Applying CSS: fxgl_dark.css
17:51:36.547 [FXGL Background Thread 1 ] DEBUG FXGLAssetLoaderServi - Loading from file system: jar:file:///C:/Users/10273/.m2/repository/com/github/almasb/fxgl/17.1/fxgl-17.1.jar!/fxglassets/ui/css/fxgl_dark.css
17:51:36.599 [FXGL Background Thread 1 ] DEBUG GameApplicationServi - Initializing application scenes
17:51:36.694 [FXGL Background Thread 1 ] DEBUG GameWorld            - Game world initialized
17:51:36.735 [FXGL Background Thread 1 ] DEBUG PhysicsWorld         - Physics world initialized: appHeight=1152, physics.ppm=50.0
17:51:36.736 [FXGL Background Thread 1 ] DEBUG PhysicsWorld         - Using strategy: BRUTE_FORCE
17:51:36.744 [FXGL Background Thread 1 ] DEBUG GameScene            - Game scene initialized: 2048x1152
17:51:36.771 [FXGL Background Thread 1 ] DEBUG FXGL.DefaultMenu     - createMenuBodyMainMenu()
17:51:36.784 [FXGL Background Thread 1 ] DEBUG FXGL.DefaultMenu     - createOptionsMenu()
17:51:36.798 [FXGL Background Thread 1 ] DEBUG FXGLAssetLoaderServi - Loading from file system: jar:file:///C:/Users/10273/.m2/repository/com/github/almasb/fxgl/17.1/fxgl-17.1.jar!/fxglassets/textures/particles/smoke.png
17:51:36.902 [FXGL Background Thread 1 ] DEBUG FXGLAssetLoaderServi - Loading from file system: jar:file:///C:/Users/10273/.m2/repository/com/github/almasb/fxgl/17.1/fxgl-17.1.jar!/fxglassets/textures/particles/trace_horizontal.png
17:51:36.934 [FXGL Background Thread 1 ] DEBUG FXGL.DefaultMenu     - createMenuBodyGameMenu()
17:51:36.936 [FXGL Background Thread 1 ] DEBUG FXGL.DefaultMenu     - createOptionsMenu()
17:51:36.945 [FXGL Background Thread 1 ] DEBUG GameApplicationServi - Application scenes initialized
17:51:36.955 [FXGL Background Thread 1 ] DEBUG SystemBundleService  - Loading FXGL system data
17:51:36.958 [FXGL Background Thread 1 ] DEBUG FileSystemAccess     - Reading from: E:\java project\tank\system\fxgl.bundle
17:51:36.964 [FXGL Background Thread 1 ] DEBUG SystemBundleService  - Bundle FXGL: {}
17:51:36.964 [FXGL Background Thread 1 ] DEBUG UpdaterService       - Checking for updates
17:51:36.969 [FXGL Background Thread 4 ] DEBUG FXGLApplication      - Loading fonts
17:51:36.969 [FXGL Background Thread 1 ] DEBUG FXGLApplication      - Loading default localization
17:51:36.969 [FXGL Background Thread 4 ] DEBUG FXGLAssetLoaderServi - Loading from file system: jar:file:///C:/Users/10273/.m2/repository/com/github/almasb/fxgl/17.1/fxgl-17.1.jar!/fxglassets/ui/fonts/VarelaRound-Regular.ttf
17:51:36.970 [FXGL Background Thread 1 ] DEBUG FXGLAssetLoaderServi - Loading from file system: jar:file:///C:/Users/10273/.m2/repository/com/github/almasb/fxgl/17.1/fxgl-17.1.jar!/fxglassets/languages/english.lang
17:51:36.998 [FXGL Background Thread 1 ] INFO  FXGLApplication      - FXGL initialization took: 0.480 sec
17:51:37.009 [JavaFX Application Thread] DEBUG Input                - Registered new binding: action0 - Up
17:51:37.009 [JavaFX Application Thread] DEBUG Input                - Registered new binding: action1 - Down
17:51:37.009 [JavaFX Application Thread] DEBUG Input                - Registered new binding: action2 - Left
17:51:37.010 [JavaFX Application Thread] DEBUG Input                - Registered new binding: action3 - Right
17:51:37.010 [JavaFX Application Thread] DEBUG Input                - Registered new binding: action4 - Space
17:51:37.011 [JavaFX Application Thread] DEBUG FXGLAssetLoaderServi - Loading from file system: file:/E:/java%20project/tank/target/classes/assets/textures/joker.jpg
17:51:37.024 [FXGL Background Thread 4 ] DEBUG FXGLAssetLoaderServi - Loading from file system: jar:file:///C:/Users/10273/.m2/repository/com/github/almasb/fxgl/17.1/fxgl-17.1.jar!/fxglassets/ui/fonts/Abel-Regular.ttf
17:51:37.027 [FXGL Background Thread 4 ] DEBUG FXGLAssetLoaderServi - Loading from file system: jar:file:///C:/Users/10273/.m2/repository/com/github/almasb/fxgl/17.1/fxgl-17.1.jar!/fxglassets/ui/fonts/TerminalLandMono-Regular.otf
17:51:37.030 [FXGL Background Thread 4 ] DEBUG FXGLAssetLoaderServi - Loading from file system: jar:file:///C:/Users/10273/.m2/repository/com/github/almasb/fxgl/17.1/fxgl-17.1.jar!/fxglassets/ui/fonts/Courier-Prime.ttf
17:51:37.039 [JavaFX Application Thread] DEBUG FXGLAssetLoaderServi - Loading from file system: jar:file:///C:/Users/10273/.m2/repository/com/github/almasb/fxgl/17.1/fxgl-17.1.jar!/fxglassets/textures/fxgl_default_cursor.png
17:51:37.041 [JavaFX Application Thread] DEBUG Input                - Registered new binding: Screenshot - CTRL+8
17:51:37.041 [JavaFX Application Thread] DEBUG Input                - Registered new binding: System info dump - CTRL+9
17:51:37.042 [JavaFX Application Thread] DEBUG Input                - Registered new binding: Restart - CTRL+R
17:51:37.043 [JavaFX Application Thread] DEBUG Input                - Registered new binding: Toggle Debug Camera - CTRL+7
17:51:37.045 [JavaFX Application Thread] DEBUG LoopRunner           - Starting loop
17:51:37.045 [JavaFX Application Thread] DEBUG LoopRunner           - Initializing JavaFX AnimationTimerLoop
17:51:37.050 [JavaFX Application Thread] DEBUG Input                - Clearing active input actions
17:51:37.064 [JavaFX Application Thread] DEBUG GameApplicationServi - Removing overlay from FXGLStartupScene and adding to FXGLMainMenuDummyScene
17:51:37.065 [JavaFX Application Thread] DEBUG PrimaryStageWindow   - FXGLStartupScene -> FXGLMainMenuDummyScene
17:51:37.065 [JavaFX Application Thread] DEBUG PrimaryStageWindow   - Push state: FXGLDefaultMenu
17:51:37.070 [JavaFX Application Thread] DEBUG Input                - Clearing active input actions
17:51:37.080 [JavaFX Application Thread] DEBUG GameApplicationServi - Removing overlay from FXGLMainMenuDummyScene and adding to FXGLDefaultMenu
17:51:37.082 [JavaFX Application Thread] DEBUG PrimaryStageWindow   - FXGLMainMenuDummyScene -> FXGLDefaultMenu
17:51:37.092 [JavaFX Application Thread] DEBUG FXGLApplication      - Registering font factories with UI factory
17:51:38.109 [JavaFX Application Thread] DEBUG Menu                 - fireNewGame()
17:51:38.109 [JavaFX Application Thread] DEBUG GameApplicationServi - Starting new game
17:51:38.111 [JavaFX Application Thread] DEBUG PrimaryStageWindow   - Pop state: FXGLDefaultMenu
17:51:38.111 [JavaFX Application Thread] DEBUG Input                - Clearing active input actions
17:51:38.113 [JavaFX Application Thread] DEBUG GameApplicationServi - Removing overlay from FXGLDefaultMenu and adding to FXGLMainMenuDummyScene
17:51:38.114 [JavaFX Application Thread] DEBUG PrimaryStageWindow   - FXGLMainMenuDummyScene <- FXGLDefaultMenu
17:51:38.114 [JavaFX Application Thread] DEBUG Input                - Clearing active input actions
17:51:38.121 [JavaFX Application Thread] DEBUG GameApplicationServi - Removing overlay from FXGLMainMenuDummyScene and adding to FXGLLoadingScene
17:51:38.121 [JavaFX Application Thread] DEBUG PrimaryStageWindow   - FXGLMainMenuDummyScene -> FXGLLoadingScene
17:51:38.121 [JavaFX Application Thread] DEBUG GameApplicationServi - Clearing previous game
17:51:38.121 [JavaFX Application Thread] DEBUG GameScene            - Clearing game scene
17:51:38.122 [JavaFX Application Thread] DEBUG GameWorld            - Clearing game world
17:51:38.122 [JavaFX Application Thread] DEBUG PhysicsWorld         - Clearing physics world
17:51:38.123 [FXGL Background Thread 4 ] DEBUG FXGLApplication      - Initializing game
17:51:38.202 [FXGL Background Thread 4 ] WARN  TMXLevelLoader       - TiledMap generated from 1.8.4. Supported version: 1.4.2. Some features may not be parsed fully.
17:51:38.239 [FXGL Background Thread 2 ] INFO  UpdaterService       - Your current version:  17.1
17:51:38.239 [FXGL Background Thread 2 ] INFO  UpdaterService       - Latest stable version: 17.2
17:51:38.243 [FXGL Background Thread 4 ] DEBUG TMXLevelLoader       - Parsed TiledMap: file:/E:/java%20project/tank/target/classes/assets/levels/test.tmx
17:51:38.246 [FXGL Background Thread 4 ] DEBUG TMXLevelLoader       - Creating tile layer entities
17:51:38.246 [FXGL Background Thread 4 ] DEBUG TMXLevelLoader       - Creating object layer entities
17:51:38.371 [FXGL Background Thread 4 ] DEBUG GameWorld            - Clearing removable entities
17:51:38.372 [FXGL Background Thread 4 ] DEBUG GameWorld            - Setting level: com.almasb.fxgl.entity.level.Level@25f8edf9
17:51:38.388 [FXGL Background Thread 4 ] DEBUG FXGLAssetLoaderServi - Loading from file system: file:/E:/java%20project/tank/target/classes/assets/textures/element/Tank.png
17:51:38.392 [FXGL Background Thread 4 ] DEBUG FXGLAssetLoaderServi - Loading from file system: file:/E:/java%20project/tank/target/classes/assets/textures/Enemytank.png
17:51:38.396 [FXGL Background Thread 4 ] INFO  FXGLApplication      - Game initialization took: 0.272 sec
17:51:38.396 [JavaFX Application Thread] DEBUG Input                - Clearing active input actions
17:51:38.406 [JavaFX Application Thread] DEBUG GameApplicationServi - Removing overlay from FXGLLoadingScene and adding to GameScene
17:51:38.406 [JavaFX Application Thread] DEBUG PrimaryStageWindow   - FXGLLoadingScene -> GameScene
17:51:38.738 [JavaFX Application Thread] DEBUG FXGLAssetLoaderServi - Loading from file system: file:/E:/java%20project/tank/target/classes/assets/textures/element/Enemybullet.png
17:51:38.849 [JavaFX Application Thread] DEBUG FXGLAssetLoaderServi - Loading from file system: file:/E:/java%20project/tank/target/classes/assets/textures/SmallBoom.png
17:51:39.969 [FXGL Background Thread 3 ] DEBUG Engine               - Logging environment variables
17:51:39.970 [FXGL Background Thread 3 ] DEBUG Engine               - achievements: []
17:51:39.970 [FXGL Background Thread 3 ] DEBUG Engine               - actualHeight: 960.0
17:51:39.970 [FXGL Background Thread 3 ] DEBUG Engine               - actualHeightProperty: ReadOnlyDoubleProperty [value: 960.0]
17:51:39.970 [FXGL Background Thread 3 ] DEBUG Engine               - actualWidth: 1682.0
17:51:39.970 [FXGL Background Thread 3 ] DEBUG Engine               - actualWidthProperty: ReadOnlyDoubleProperty [value: 1682.0]
17:51:39.970 [FXGL Background Thread 3 ] DEBUG Engine               - appIcon: joker.jpg
17:51:39.970 [FXGL Background Thread 3 ] DEBUG Engine               - applicationMode: DEVELOPER
17:51:39.970 [FXGL Background Thread 3 ] DEBUG Engine               - cSSList: [fxgl_dark.css]
17:51:39.971 [FXGL Background Thread 3 ] DEBUG Engine               - collisionDetectionStrategy: BRUTE_FORCE
17:51:39.971 [FXGL Background Thread 3 ] DEBUG Engine               - configClass: Optional.empty
17:51:39.971 [FXGL Background Thread 3 ] DEBUG Engine               - credits: []
17:51:39.971 [FXGL Background Thread 3 ] DEBUG Engine               - defaultCursor: CursorInfo(imageName=fxgl_default_cursor.png, hotspotX=7.0, hotspotY=6.0)
17:51:39.971 [FXGL Background Thread 3 ] DEBUG Engine               - devBBoxColorProperty: ObjectProperty [value: 0xff0000ff]
17:51:39.972 [FXGL Background Thread 3 ] DEBUG Engine               - devEnableDebugCameraProperty: BooleanProperty [value: false]
17:51:39.972 [FXGL Background Thread 3 ] DEBUG Engine               - devSensorColorProperty: ObjectProperty [value: 0xffff00ff]
17:51:39.972 [FXGL Background Thread 3 ] DEBUG Engine               - devShowBBoxProperty: BooleanProperty [value: false]
17:51:39.972 [FXGL Background Thread 3 ] DEBUG Engine               - devShowPositionProperty: BooleanProperty [value: false]
17:51:39.972 [FXGL Background Thread 3 ] DEBUG Engine               - enabledMenuItems: []
17:51:39.972 [FXGL Background Thread 3 ] DEBUG Engine               - engineServices: [class com.almasb.fxgl.app.services.FXGLAssetLoaderService, class com.almasb.fxgl.app.FXGLApplication$GameApplicationService, class com.almasb.fxgl.app.services.FXGLDialogService, class com.almasb.fxgl.app.services.IOTaskExecutorService, class com.almasb.fxgl.io.FileSystemService, class com.almasb.fxgl.localization.LocalizationService, class com.almasb.fxgl.app.services.SystemBundleService, class com.almasb.fxgl.profile.SaveLoadService, class com.almasb.fxgl.ui.FXGLUIFactoryServiceProvider, class com.almasb.fxgl.ui.FXGLDialogFactoryServiceProvider, class com.almasb.fxgl.audio.AudioPlayer, class com.almasb.fxgl.notification.impl.NotificationServiceProvider, class com.almasb.fxgl.achievement.AchievementService, class com.almasb.fxgl.cutscene.CutsceneService, class com.almasb.fxgl.minigames.MiniGameService, class com.almasb.fxgl.net.NetService, class com.almasb.fxgl.app.services.UpdaterService, class com.almasb.fxgl.dev.DevService]
17:51:39.972 [FXGL Background Thread 3 ] DEBUG Engine               - fontGame: Abel-Regular.ttf
17:51:39.972 [FXGL Background Thread 3 ] DEBUG Engine               - fontMono: TerminalLandMono-Regular.otf
17:51:39.972 [FXGL Background Thread 3 ] DEBUG Engine               - fontText: Courier-Prime.ttf
17:51:39.972 [FXGL Background Thread 3 ] DEBUG Engine               - fontUI: VarelaRound-Regular.ttf
17:51:39.972 [FXGL Background Thread 3 ] DEBUG Engine               - fullScreen: BooleanProperty [value: false]
17:51:39.972 [FXGL Background Thread 3 ] DEBUG Engine               - gameDifficulty: MEDIUM
17:51:39.973 [FXGL Background Thread 3 ] DEBUG Engine               - gameDifficultyProperty: ObjectProperty [value: MEDIUM]
17:51:39.973 [FXGL Background Thread 3 ] DEBUG Engine               - globalMusicVolume: 0.5
17:51:39.973 [FXGL Background Thread 3 ] DEBUG Engine               - globalMusicVolumeProperty: DoubleProperty [value: 0.5]
17:51:39.973 [FXGL Background Thread 3 ] DEBUG Engine               - globalSoundVolume: 0.5
17:51:39.973 [FXGL Background Thread 3 ] DEBUG Engine               - globalSoundVolumeProperty: DoubleProperty [value: 0.8]
17:51:39.973 [FXGL Background Thread 3 ] DEBUG Engine               - height: 1152
17:51:39.973 [FXGL Background Thread 3 ] DEBUG Engine               - is3D: false
17:51:39.973 [FXGL Background Thread 3 ] DEBUG Engine               - isAndroid: false
17:51:39.973 [FXGL Background Thread 3 ] DEBUG Engine               - isBrowser: false
17:51:39.973 [FXGL Background Thread 3 ] DEBUG Engine               - isClickFeedbackEnabled: false
17:51:39.973 [FXGL Background Thread 3 ] DEBUG Engine               - isCloseConfirmation: false
17:51:39.973 [FXGL Background Thread 3 ] DEBUG Engine               - isDesktop: true
17:51:39.973 [FXGL Background Thread 3 ] DEBUG Engine               - isDeveloperMenuEnabled: false
17:51:39.973 [FXGL Background Thread 3 ] DEBUG Engine               - isEmbedded: false
17:51:39.973 [FXGL Background Thread 3 ] DEBUG Engine               - isEntityPreloadEnabled: true
17:51:39.973 [FXGL Background Thread 3 ] DEBUG Engine               - isExperimentalTiledLargeMap: false
17:51:39.973 [FXGL Background Thread 3 ] DEBUG Engine               - isFileSystemWriteAllowed: true
17:51:39.974 [FXGL Background Thread 3 ] DEBUG Engine               - isFullScreenAllowed: false
17:51:39.974 [FXGL Background Thread 3 ] DEBUG Engine               - isFullScreenFromStart: false
17:51:39.974 [FXGL Background Thread 3 ] DEBUG Engine               - isGameMenuEnabled: true
17:51:39.974 [FXGL Background Thread 3 ] DEBUG Engine               - isIOS: false
17:51:39.974 [FXGL Background Thread 3 ] DEBUG Engine               - isIntroEnabled: false
17:51:39.974 [FXGL Background Thread 3 ] DEBUG Engine               - isLinux: false
17:51:39.974 [FXGL Background Thread 3 ] DEBUG Engine               - isMac: false
17:51:39.974 [FXGL Background Thread 3 ] DEBUG Engine               - isMainMenuEnabled: true
17:51:39.974 [FXGL Background Thread 3 ] DEBUG Engine               - isManualResizeEnabled: false
17:51:39.974 [FXGL Background Thread 3 ] DEBUG Engine               - isMobile: false
17:51:39.974 [FXGL Background Thread 3 ] DEBUG Engine               - isNative: false
17:51:39.974 [FXGL Background Thread 3 ] DEBUG Engine               - isPauseMusicWhenMinimized: true
17:51:39.974 [FXGL Background Thread 3 ] DEBUG Engine               - isPreserveResizeRatio: false
17:51:39.974 [FXGL Background Thread 3 ] DEBUG Engine               - isProfilingEnabled: false
17:51:39.974 [FXGL Background Thread 3 ] DEBUG Engine               - isScaleAffectedOnResize: true
17:51:39.974 [FXGL Background Thread 3 ] DEBUG Engine               - isSingleStep: false
17:51:39.974 [FXGL Background Thread 3 ] DEBUG Engine               - isUserProfileEnabled: false
17:51:39.974 [FXGL Background Thread 3 ] DEBUG Engine               - isWindows: true
17:51:39.974 [FXGL Background Thread 3 ] DEBUG Engine               - language: ObjectProperty [value: ENGLISH]
17:51:39.974 [FXGL Background Thread 3 ] DEBUG Engine               - menuKey: ESCAPE
17:51:39.974 [FXGL Background Thread 3 ] DEBUG Engine               - mouseSensitivity: 0.2
17:51:39.974 [FXGL Background Thread 3 ] DEBUG Engine               - notificationViewClass: class com.almasb.fxgl.notification.view.XboxNotificationView
17:51:39.974 [FXGL Background Thread 3 ] DEBUG Engine               - pixelsPerMeter: 50.0
17:51:39.974 [FXGL Background Thread 3 ] DEBUG Engine               - platform: WINDOWS
17:51:39.974 [FXGL Background Thread 3 ] DEBUG Engine               - prefHeightProperty: ReadOnlyDoubleProperty [value: 1152.0]
17:51:39.974 [FXGL Background Thread 3 ] DEBUG Engine               - prefWidthProperty: ReadOnlyDoubleProperty [value: 2048.0]
17:51:39.974 [FXGL Background Thread 3 ] DEBUG Engine               - profileDir: profiles/
17:51:39.974 [FXGL Background Thread 3 ] DEBUG Engine               - profileName: StringProperty [value: DEFAULT]
17:51:39.974 [FXGL Background Thread 3 ] DEBUG Engine               - randomSeed: -1
17:51:39.975 [FXGL Background Thread 3 ] DEBUG Engine               - runtimeInfo: RuntimeInfo(platform=WINDOWS, version=17.1, build=24.03.2022 17.34)
17:51:39.975 [FXGL Background Thread 3 ] DEBUG Engine               - saveFileExt: sav
17:51:39.975 [FXGL Background Thread 3 ] DEBUG Engine               - scaledHeightProp$fxgl: DoubleProperty [bound, value: 960.0]
17:51:39.975 [FXGL Background Thread 3 ] DEBUG Engine               - scaledWidthProp$fxgl: DoubleProperty [bound, value: 1682.0]
17:51:39.975 [FXGL Background Thread 3 ] DEBUG Engine               - sceneFactory: com.almasb.fxgl.app.scene.SceneFactory@7720344d
17:51:39.975 [FXGL Background Thread 3 ] DEBUG Engine               - secondsIn24h: 60
17:51:39.975 [FXGL Background Thread 3 ] DEBUG Engine               - soundMenuBack: menu/back.wav
17:51:39.975 [FXGL Background Thread 3 ] DEBUG Engine               - soundMenuPress: menu/press.wav
17:51:39.975 [FXGL Background Thread 3 ] DEBUG Engine               - soundMenuSelect: menu/select.wav
17:51:39.975 [FXGL Background Thread 3 ] DEBUG Engine               - soundNotification: core/notification.wav
17:51:39.975 [FXGL Background Thread 3 ] DEBUG Engine               - stageStyle: DECORATED
17:51:39.975 [FXGL Background Thread 3 ] DEBUG Engine               - supportedLanguages: [ENGLISH, FRENCH, GERMAN, HUNGARIAN, RUSSIAN]
17:51:39.975 [FXGL Background Thread 3 ] DEBUG Engine               - ticksPerSecond: -1
17:51:39.975 [FXGL Background Thread 3 ] DEBUG Engine               - title: All star battle
17:51:39.975 [FXGL Background Thread 3 ] DEBUG Engine               - urlGithub: https://github.com/AlmasB/FXGL
17:51:39.975 [FXGL Background Thread 3 ] DEBUG Engine               - urlLeaderboard: http://fxgl-top.herokuapp.com/
17:51:39.975 [FXGL Background Thread 3 ] DEBUG Engine               - urlPOM: https://raw.githubusercontent.com/AlmasB/FXGL/release/README.md
17:51:39.975 [FXGL Background Thread 3 ] DEBUG Engine               - userAppClass: class com.kenny.tank.TankApp
17:51:39.975 [FXGL Background Thread 3 ] DEBUG Engine               - version: 0.1
17:51:39.976 [FXGL Background Thread 3 ] DEBUG Engine               - versionCheckDays: 7
17:51:39.976 [FXGL Background Thread 3 ] DEBUG Engine               - width: 2048
17:51:39.976 [FXGL Background Thread 3 ] DEBUG Engine               - Logging services
17:51:39.976 [FXGL Background Thread 3 ] DEBUG Engine               - class com.almasb.fxgl.app.services.FXGLAssetLoaderService
17:51:39.976 [FXGL Background Thread 3 ] DEBUG Engine               - class com.almasb.fxgl.app.FXGLApplication$GameApplicationService
17:51:39.976 [FXGL Background Thread 3 ] DEBUG Engine               - class com.almasb.fxgl.app.services.FXGLDialogService
17:51:39.976 [FXGL Background Thread 3 ] DEBUG Engine               - class com.almasb.fxgl.app.services.IOTaskExecutorService
17:51:39.976 [FXGL Background Thread 3 ] DEBUG Engine               - class com.almasb.fxgl.io.FileSystemService
17:51:39.976 [FXGL Background Thread 3 ] DEBUG Engine               - class com.almasb.fxgl.localization.LocalizationService
17:51:39.976 [FXGL Background Thread 3 ] DEBUG Engine               - class com.almasb.fxgl.app.services.SystemBundleService
17:51:39.976 [FXGL Background Thread 3 ] DEBUG Engine               - class com.almasb.fxgl.profile.SaveLoadService
17:51:39.976 [FXGL Background Thread 3 ] DEBUG Engine               - class com.almasb.fxgl.ui.FXGLUIFactoryServiceProvider
17:51:39.976 [FXGL Background Thread 3 ] DEBUG Engine               - class com.almasb.fxgl.ui.FXGLDialogFactoryServiceProvider
17:51:39.977 [FXGL Background Thread 3 ] DEBUG Engine               - class com.almasb.fxgl.audio.AudioPlayer
17:51:39.977 [FXGL Background Thread 3 ] DEBUG Engine               - class com.almasb.fxgl.notification.impl.NotificationServiceProvider
17:51:39.977 [FXGL Background Thread 3 ] DEBUG Engine               - class com.almasb.fxgl.achievement.AchievementService
17:51:39.977 [FXGL Background Thread 3 ] DEBUG Engine               - class com.almasb.fxgl.cutscene.CutsceneService
17:51:39.977 [FXGL Background Thread 3 ] DEBUG Engine               - class com.almasb.fxgl.minigames.MiniGameService
17:51:39.977 [FXGL Background Thread 3 ] DEBUG Engine               - class com.almasb.fxgl.net.NetService
17:51:39.977 [FXGL Background Thread 3 ] DEBUG Engine               - class com.almasb.fxgl.app.services.UpdaterService
17:51:39.977 [FXGL Background Thread 3 ] DEBUG Engine               - class com.almasb.fxgl.dev.DevService
17:51:40.034 [JavaFX Application Thread] DEBUG FXGLAssetLoaderServi - Loading from file system: file:/E:/java%20project/tank/target/classes/assets/textures/boom.png
17:51:42.781 [JavaFX Application Thread] DEBUG FXGLAssetLoaderServi - Loading from file system: file:/E:/java%20project/tank/target/classes/assets/sounds/boom.wav
17:51:42.844 [JavaFX Application Thread] DEBUG FXGLAssetLoaderServi - Loading from file system: file:/E:/java%20project/tank/target/classes/assets/textures/element/Bullet.png
17:52:17.213 [JavaFX Application Thread] DEBUG PrimaryStageWindow   - Push state: FXGLDefaultMenu
17:52:17.214 [JavaFX Application Thread] DEBUG Input                - Clearing active input actions
17:52:17.215 [JavaFX Application Thread] DEBUG GameApplicationServi - Removing overlay from GameScene and adding to FXGLDefaultMenu
17:52:17.215 [JavaFX Application Thread] DEBUG PrimaryStageWindow   - GameScene -> FXGLDefaultMenu
17:52:18.520 [JavaFX Application Thread] DEBUG Menu                 - fireExitToMainMenu()
17:52:18.527 [JavaFX Application Thread] DEBUG PrimaryStageWindow   - Push state: DialogSubScene
17:52:18.527 [JavaFX Application Thread] DEBUG Input                - Clearing active input actions
17:52:18.527 [JavaFX Application Thread] DEBUG GameApplicationServi - Removing overlay from FXGLDefaultMenu and adding to DialogSubScene
17:52:18.528 [JavaFX Application Thread] DEBUG PrimaryStageWindow   - FXGLDefaultMenu -> DialogSubScene
17:52:19.705 [JavaFX Application Thread] DEBUG PrimaryStageWindow   - Pop state: DialogSubScene
17:52:19.705 [JavaFX Application Thread] DEBUG Input                - Clearing active input actions
17:52:19.706 [JavaFX Application Thread] DEBUG GameApplicationServi - Removing overlay from DialogSubScene and adding to FXGLDefaultMenu
17:52:19.706 [JavaFX Application Thread] DEBUG PrimaryStageWindow   - FXGLDefaultMenu <- DialogSubScene
17:52:19.707 [JavaFX Application Thread] DEBUG PrimaryStageWindow   - Pop state: FXGLDefaultMenu
17:52:19.707 [JavaFX Application Thread] DEBUG Input                - Clearing active input actions
17:52:19.707 [JavaFX Application Thread] DEBUG GameApplicationServi - Removing overlay from FXGLDefaultMenu and adding to GameScene
17:52:19.707 [JavaFX Application Thread] DEBUG PrimaryStageWindow   - GameScene <- FXGLDefaultMenu
17:52:19.707 [JavaFX Application Thread] DEBUG Input                - Clearing active input actions
17:52:19.710 [JavaFX Application Thread] DEBUG GameApplicationServi - Removing overlay from GameScene and adding to FXGLMainMenuDummyScene
17:52:19.710 [JavaFX Application Thread] DEBUG PrimaryStageWindow   - GameScene -> FXGLMainMenuDummyScene
17:52:19.710 [JavaFX Application Thread] DEBUG PrimaryStageWindow   - Push state: FXGLDefaultMenu
17:52:19.710 [JavaFX Application Thread] DEBUG Input                - Clearing active input actions
17:52:19.711 [JavaFX Application Thread] DEBUG GameApplicationServi - Removing overlay from FXGLMainMenuDummyScene and adding to FXGLDefaultMenu
17:52:19.711 [JavaFX Application Thread] DEBUG PrimaryStageWindow   - FXGLMainMenuDummyScene -> FXGLDefaultMenu
17:52:21.049 [JavaFX Application Thread] DEBUG Menu                 - fireExit()
17:52:21.050 [JavaFX Application Thread] DEBUG PrimaryStageWindow   - Push state: DialogSubScene
17:52:21.050 [JavaFX Application Thread] DEBUG Input                - Clearing active input actions
17:52:21.050 [JavaFX Application Thread] DEBUG GameApplicationServi - Removing overlay from FXGLDefaultMenu and adding to DialogSubScene
17:52:21.051 [JavaFX Application Thread] DEBUG PrimaryStageWindow   - FXGLDefaultMenu -> DialogSubScene
17:52:22.156 [JavaFX Application Thread] DEBUG PrimaryStageWindow   - Pop state: DialogSubScene
17:52:22.156 [JavaFX Application Thread] DEBUG Input                - Clearing active input actions
17:52:22.156 [JavaFX Application Thread] DEBUG GameApplicationServi - Removing overlay from DialogSubScene and adding to FXGLDefaultMenu
17:52:22.157 [JavaFX Application Thread] DEBUG PrimaryStageWindow   - FXGLDefaultMenu <- DialogSubScene
17:52:22.157 [JavaFX Application Thread] DEBUG FXGLApplication      - Exiting FXGL
17:52:22.157 [JavaFX Application Thread] DEBUG LoopRunner           - Stopping loop
17:52:22.157 [JavaFX Application Thread] DEBUG SystemBundleService  - Saving FXGL system data
17:52:22.158 [JavaFX Application Thread] DEBUG FileSystemAccess     - Writing to: E:\java project\tank\system\fxgl.bundle
17:52:22.159 [JavaFX Application Thread] DEBUG Async                - Shutting down background threads
17:52:22.161 [JavaFX Application Thread] DEBUG PrimaryStageWindow   - Closing main window
17:52:22.175 [JavaFX Application Thread] DEBUG Logger               - Closing Logger
