10:43:40.235 [main                     ] DEBUG Logger               - Configured Logger
10:43:40.259 [main                     ] DEBUG GameApplication      - Logging settings
Title: All star battle
Version: 0.1
Width: 2048
Height: 1152
Fullscreen: false
Intro: false
Profiling: false
Single step:false
App Mode: DEVELOPER
Menu Key: ESCAPE
Stage Style: DECORATED
Scene Factory: class com.kenny.tank.AllStarBattleApp$1

10:43:40.504 [JavaFX Application Thread] DEBUG FXGLApplication      - Initializing FXGL
10:43:40.508 [JavaFX Application Thread] INFO  Engine               - FXGL-17.1 (24.03.2022 17.34) on WINDOWS (J:17.0.6 FX:18)
10:43:40.509 [JavaFX Application Thread] DEBUG Engine               - JRE Vendor Name: Amazon.com Inc.
10:43:40.509 [JavaFX Application Thread] DEBUG Engine               - Running on OS: Windows 11 version 10.0
10:43:40.509 [JavaFX Application Thread] DEBUG Engine               - Architecture: amd64
10:43:40.509 [JavaFX Application Thread] INFO  Engine               - Source code and latest versions at: https://github.com/AlmasB/FXGL
10:43:40.509 [JavaFX Application Thread] INFO  Engine               -       Ask questions and discuss at: https://github.com/AlmasB/FXGL/discussions
10:43:40.509 [JavaFX Application Thread] INFO  Engine               -              Join the FXGL chat at: https://gitter.im/AlmasB/FXGL
10:43:40.552 [JavaFX Application Thread] DEBUG PrimaryStageWindow   - Creating a JavaFX scene
10:43:40.552 [JavaFX Application Thread] DEBUG PrimaryStageWindow   - Target size > screen size
10:43:40.576 [JavaFX Application Thread] DEBUG PrimaryStageWindow   - Target settings size: 2048.0 x 1152.0
10:43:40.576 [JavaFX Application Thread] DEBUG PrimaryStageWindow   - Scaled scene size:    1682.0 x 960.0
10:43:40.576 [JavaFX Application Thread] DEBUG PrimaryStageWindow   - Scaled ratio: (0.8212890625, 0.8333333333333334)
10:43:40.577 [JavaFX Application Thread] DEBUG PrimaryStageWindow   - Set initial scene to StartScene
10:43:40.581 [JavaFX Application Thread] DEBUG PrimaryStageWindow   - Opening main window
10:43:40.662 [JavaFX Application Thread] DEBUG PrimaryStageWindow   - Window border size: (14.6666259765625, 37.33331298828125)
10:43:40.663 [JavaFX Application Thread] DEBUG PrimaryStageWindow   - Scaled size: 1682.0 x 960.0
10:43:40.663 [JavaFX Application Thread] DEBUG PrimaryStageWindow   - Scaled ratio: (0.8212890625, 0.8333333333333334)
10:43:40.663 [JavaFX Application Thread] DEBUG PrimaryStageWindow   - Scene size: 1682.0 x 960.0
10:43:40.663 [JavaFX Application Thread] DEBUG PrimaryStageWindow   - Stage size: 1696.6666259765625 x 997.3333129882812
10:43:40.668 [FXGL Background Thread 1 ] DEBUG Engine               - Initializing environment variables
10:43:40.689 [FXGL Background Thread 1 ] DEBUG FXGLAssetLoaderServi - User app class for loading assets: class com.kenny.tank.AllStarBattleApp
10:43:40.689 [FXGL Background Thread 1 ] DEBUG GameApplicationServi - Applying CSS: fxgl_dark.css
10:43:40.689 [FXGL Background Thread 1 ] DEBUG FXGLAssetLoaderServi - Loading from file system: jar:file:///C:/Users/10273/.m2/repository/com/github/almasb/fxgl/17.1/fxgl-17.1.jar!/fxglassets/ui/css/fxgl_dark.css
10:43:40.723 [FXGL Background Thread 1 ] DEBUG GameApplicationServi - Applying CSS: tank.css
10:43:40.723 [FXGL Background Thread 1 ] DEBUG FXGLAssetLoaderServi - Loading from file system: file:/E:/java%20project/tank/target/classes/assets/ui/css/tank.css
10:43:40.724 [FXGL Background Thread 1 ] DEBUG GameApplicationServi - Initializing application scenes
10:43:40.726 [FXGL Background Thread 1 ] DEBUG GameWorld            - Game world initialized
10:43:40.766 [FXGL Background Thread 1 ] DEBUG PhysicsWorld         - Physics world initialized: appHeight=1152, physics.ppm=50.0
10:43:40.766 [FXGL Background Thread 1 ] DEBUG PhysicsWorld         - Using strategy: BRUTE_FORCE
10:43:40.770 [FXGL Background Thread 1 ] DEBUG GameScene            - Game scene initialized: 2048x1152
10:43:40.774 [FXGL Background Thread 1 ] DEBUG FXGLAssetLoaderServi - Loading from file system: file:/E:/java%20project/tank/target/classes/assets/textures/MainMenu.png
10:43:40.861 [FXGL Background Thread 1 ] DEBUG FXGLAssetLoaderServi - Loading from file system: file:/E:/java%20project/tank/target/classes/assets/textures/R-C.jpg
10:43:40.883 [FXGL Background Thread 1 ] DEBUG FXGL.DefaultMenu     - createMenuBodyGameMenu()
10:43:40.890 [FXGL Background Thread 1 ] DEBUG FXGL.DefaultMenu     - createOptionsMenu()
10:43:40.898 [FXGL Background Thread 1 ] DEBUG FXGLAssetLoaderServi - Loading from file system: jar:file:///C:/Users/10273/.m2/repository/com/github/almasb/fxgl/17.1/fxgl-17.1.jar!/fxglassets/textures/particles/smoke.png
10:43:40.946 [FXGL Background Thread 1 ] DEBUG FXGLAssetLoaderServi - Loading from file system: jar:file:///C:/Users/10273/.m2/repository/com/github/almasb/fxgl/17.1/fxgl-17.1.jar!/fxglassets/textures/particles/trace_horizontal.png
10:43:40.955 [FXGL Background Thread 1 ] DEBUG GameApplicationServi - Application scenes initialized
10:43:40.964 [FXGL Background Thread 1 ] DEBUG SystemBundleService  - Loading FXGL system data
10:43:40.967 [FXGL Background Thread 1 ] DEBUG FileSystemAccess     - Reading from: E:\java project\tank\system\fxgl.bundle
10:43:40.972 [FXGL Background Thread 1 ] DEBUG SystemBundleService  - Bundle FXGL: {}
10:43:40.973 [FXGL Background Thread 1 ] DEBUG UpdaterService       - Checking for updates
10:43:40.977 [FXGL Background Thread 4 ] DEBUG FXGLApplication      - Loading fonts
10:43:40.977 [FXGL Background Thread 1 ] DEBUG FXGLApplication      - Loading default localization
10:43:40.978 [FXGL Background Thread 4 ] DEBUG FXGLAssetLoaderServi - Loading from file system: jar:file:///C:/Users/10273/.m2/repository/com/github/almasb/fxgl/17.1/fxgl-17.1.jar!/fxglassets/ui/fonts/VarelaRound-Regular.ttf
10:43:40.978 [FXGL Background Thread 1 ] DEBUG FXGLAssetLoaderServi - Loading from file system: jar:file:///C:/Users/10273/.m2/repository/com/github/almasb/fxgl/17.1/fxgl-17.1.jar!/fxglassets/languages/english.lang
10:43:41.001 [FXGL Background Thread 1 ] INFO  FXGLApplication      - FXGL initialization took: 0.332 sec
10:43:41.008 [JavaFX Application Thread] DEBUG Input                - Registered new binding: action0 - Up
10:43:41.008 [JavaFX Application Thread] DEBUG Input                - Registered new binding: action1 - Down
10:43:41.009 [JavaFX Application Thread] DEBUG Input                - Registered new binding: action2 - Left
10:43:41.009 [JavaFX Application Thread] DEBUG Input                - Registered new binding: action3 - Right
10:43:41.010 [JavaFX Application Thread] DEBUG Input                - Registered new binding: action4 - Space
10:43:41.010 [JavaFX Application Thread] DEBUG FXGLAssetLoaderServi - Loading from file system: file:/E:/java%20project/tank/target/classes/assets/textures/joker.jpg
10:43:41.020 [JavaFX Application Thread] DEBUG FXGLAssetLoaderServi - Loading from file system: jar:file:///C:/Users/10273/.m2/repository/com/github/almasb/fxgl/17.1/fxgl-17.1.jar!/fxglassets/textures/fxgl_default_cursor.png
10:43:41.022 [JavaFX Application Thread] DEBUG Input                - Registered new binding: Screenshot - CTRL+8
10:43:41.022 [JavaFX Application Thread] DEBUG Input                - Registered new binding: System info dump - CTRL+9
10:43:41.022 [JavaFX Application Thread] DEBUG Input                - Registered new binding: Restart - CTRL+R
10:43:41.023 [JavaFX Application Thread] DEBUG Input                - Registered new binding: Toggle Debug Camera - CTRL+7
10:43:41.025 [JavaFX Application Thread] DEBUG LoopRunner           - Starting loop
10:43:41.025 [JavaFX Application Thread] DEBUG LoopRunner           - Initializing JavaFX AnimationTimerLoop
10:43:41.027 [JavaFX Application Thread] DEBUG Input                - Clearing active input actions
10:43:41.033 [JavaFX Application Thread] DEBUG GameApplicationServi - Removing overlay from StartScene and adding to FXGLMainMenuDummyScene
10:43:41.033 [JavaFX Application Thread] DEBUG PrimaryStageWindow   - StartScene -> FXGLMainMenuDummyScene
10:43:41.033 [JavaFX Application Thread] DEBUG PrimaryStageWindow   - Push state: Main_menu
10:43:41.034 [JavaFX Application Thread] DEBUG Input                - Clearing active input actions
10:43:41.036 [FXGL Background Thread 4 ] DEBUG FXGLAssetLoaderServi - Loading from file system: jar:file:///C:/Users/10273/.m2/repository/com/github/almasb/fxgl/17.1/fxgl-17.1.jar!/fxglassets/ui/fonts/Abel-Regular.ttf
10:43:41.038 [FXGL Background Thread 4 ] DEBUG FXGLAssetLoaderServi - Loading from file system: jar:file:///C:/Users/10273/.m2/repository/com/github/almasb/fxgl/17.1/fxgl-17.1.jar!/fxglassets/ui/fonts/TerminalLandMono-Regular.otf
10:43:41.040 [FXGL Background Thread 4 ] DEBUG FXGLAssetLoaderServi - Loading from file system: jar:file:///C:/Users/10273/.m2/repository/com/github/almasb/fxgl/17.1/fxgl-17.1.jar!/fxglassets/ui/fonts/Courier-Prime.ttf
10:43:41.043 [JavaFX Application Thread] DEBUG GameApplicationServi - Removing overlay from FXGLMainMenuDummyScene and adding to Main_menu
10:43:41.043 [JavaFX Application Thread] DEBUG PrimaryStageWindow   - FXGLMainMenuDummyScene -> Main_menu
10:43:41.161 [JavaFX Application Thread] DEBUG FXGLApplication      - Registering font factories with UI factory
10:43:41.451 [FXGL Background Thread 2 ] INFO  UpdaterService       - Your current version:  17.1
10:43:41.451 [FXGL Background Thread 2 ] INFO  UpdaterService       - Latest stable version: 17.3
10:43:43.976 [FXGL Background Thread 3 ] DEBUG Engine               - Logging environment variables
10:43:43.977 [FXGL Background Thread 3 ] DEBUG Engine               - achievements: []
10:43:43.977 [FXGL Background Thread 3 ] DEBUG Engine               - actualHeight: 960.0
10:43:43.977 [FXGL Background Thread 3 ] DEBUG Engine               - actualHeightProperty: ReadOnlyDoubleProperty [value: 960.0]
10:43:43.977 [FXGL Background Thread 3 ] DEBUG Engine               - actualWidth: 1682.0
10:43:43.978 [FXGL Background Thread 3 ] DEBUG Engine               - actualWidthProperty: ReadOnlyDoubleProperty [value: 1682.0]
10:43:43.978 [FXGL Background Thread 3 ] DEBUG Engine               - appIcon: joker.jpg
10:43:43.979 [FXGL Background Thread 3 ] DEBUG Engine               - applicationMode: DEVELOPER
10:43:43.979 [FXGL Background Thread 3 ] DEBUG Engine               - cSSList: [fxgl_dark.css, tank.css]
10:43:43.979 [FXGL Background Thread 3 ] DEBUG Engine               - collisionDetectionStrategy: BRUTE_FORCE
10:43:43.979 [FXGL Background Thread 3 ] DEBUG Engine               - configClass: Optional.empty
10:43:43.979 [FXGL Background Thread 3 ] DEBUG Engine               - credits: []
10:43:43.980 [FXGL Background Thread 3 ] DEBUG Engine               - defaultCursor: CursorInfo(imageName=fxgl_default_cursor.png, hotspotX=7.0, hotspotY=6.0)
10:43:43.980 [FXGL Background Thread 3 ] DEBUG Engine               - devBBoxColorProperty: ObjectProperty [value: 0xff0000ff]
10:43:43.980 [FXGL Background Thread 3 ] DEBUG Engine               - devEnableDebugCameraProperty: BooleanProperty [value: false]
10:43:43.980 [FXGL Background Thread 3 ] DEBUG Engine               - devSensorColorProperty: ObjectProperty [value: 0xffff00ff]
10:43:43.980 [FXGL Background Thread 3 ] DEBUG Engine               - devShowBBoxProperty: BooleanProperty [value: false]
10:43:43.981 [FXGL Background Thread 3 ] DEBUG Engine               - devShowPositionProperty: BooleanProperty [value: false]
10:43:43.981 [FXGL Background Thread 3 ] DEBUG Engine               - enabledMenuItems: []
10:43:43.981 [FXGL Background Thread 3 ] DEBUG Engine               - engineServices: [class com.almasb.fxgl.app.services.FXGLAssetLoaderService, class com.almasb.fxgl.app.FXGLApplication$GameApplicationService, class com.almasb.fxgl.app.services.FXGLDialogService, class com.almasb.fxgl.app.services.IOTaskExecutorService, class com.almasb.fxgl.io.FileSystemService, class com.almasb.fxgl.localization.LocalizationService, class com.almasb.fxgl.app.services.SystemBundleService, class com.almasb.fxgl.profile.SaveLoadService, class com.almasb.fxgl.ui.FXGLUIFactoryServiceProvider, class com.almasb.fxgl.ui.FXGLDialogFactoryServiceProvider, class com.almasb.fxgl.audio.AudioPlayer, class com.almasb.fxgl.notification.impl.NotificationServiceProvider, class com.almasb.fxgl.achievement.AchievementService, class com.almasb.fxgl.cutscene.CutsceneService, class com.almasb.fxgl.minigames.MiniGameService, class com.almasb.fxgl.net.NetService, class com.almasb.fxgl.app.services.UpdaterService, class com.almasb.fxgl.dev.DevService]
10:43:43.982 [FXGL Background Thread 3 ] DEBUG Engine               - fontGame: Abel-Regular.ttf
10:43:43.982 [FXGL Background Thread 3 ] DEBUG Engine               - fontMono: TerminalLandMono-Regular.otf
10:43:43.982 [FXGL Background Thread 3 ] DEBUG Engine               - fontText: Courier-Prime.ttf
10:43:43.982 [FXGL Background Thread 3 ] DEBUG Engine               - fontUI: VarelaRound-Regular.ttf
10:43:43.982 [FXGL Background Thread 3 ] DEBUG Engine               - fullScreen: BooleanProperty [value: false]
10:43:43.983 [FXGL Background Thread 3 ] DEBUG Engine               - gameDifficulty: MEDIUM
10:43:43.983 [FXGL Background Thread 3 ] DEBUG Engine               - gameDifficultyProperty: ObjectProperty [value: MEDIUM]
10:43:43.983 [FXGL Background Thread 3 ] DEBUG Engine               - globalMusicVolume: 0.5
10:43:43.983 [FXGL Background Thread 3 ] DEBUG Engine               - globalMusicVolumeProperty: DoubleProperty [value: 0.5]
10:43:43.983 [FXGL Background Thread 3 ] DEBUG Engine               - globalSoundVolume: 0.5
10:43:43.984 [FXGL Background Thread 3 ] DEBUG Engine               - globalSoundVolumeProperty: DoubleProperty [value: 0.8]
10:43:43.984 [FXGL Background Thread 3 ] DEBUG Engine               - height: 1152
10:43:43.984 [FXGL Background Thread 3 ] DEBUG Engine               - is3D: false
10:43:43.984 [FXGL Background Thread 3 ] DEBUG Engine               - isAndroid: false
10:43:43.984 [FXGL Background Thread 3 ] DEBUG Engine               - isBrowser: false
10:43:43.984 [FXGL Background Thread 3 ] DEBUG Engine               - isClickFeedbackEnabled: false
10:43:43.984 [FXGL Background Thread 3 ] DEBUG Engine               - isCloseConfirmation: false
10:43:43.985 [FXGL Background Thread 3 ] DEBUG Engine               - isDesktop: true
10:43:43.985 [FXGL Background Thread 3 ] DEBUG Engine               - isDeveloperMenuEnabled: false
10:43:43.985 [FXGL Background Thread 3 ] DEBUG Engine               - isEmbedded: false
10:43:43.986 [FXGL Background Thread 3 ] DEBUG Engine               - isEntityPreloadEnabled: true
10:43:43.986 [FXGL Background Thread 3 ] DEBUG Engine               - isExperimentalTiledLargeMap: false
10:43:43.986 [FXGL Background Thread 3 ] DEBUG Engine               - isFileSystemWriteAllowed: true
10:43:43.986 [FXGL Background Thread 3 ] DEBUG Engine               - isFullScreenAllowed: false
10:43:43.986 [FXGL Background Thread 3 ] DEBUG Engine               - isFullScreenFromStart: false
10:43:43.986 [FXGL Background Thread 3 ] DEBUG Engine               - isGameMenuEnabled: true
10:43:43.986 [FXGL Background Thread 3 ] DEBUG Engine               - isIOS: false
10:43:43.986 [FXGL Background Thread 3 ] DEBUG Engine               - isIntroEnabled: false
10:43:43.987 [FXGL Background Thread 3 ] DEBUG Engine               - isLinux: false
10:43:43.987 [FXGL Background Thread 3 ] DEBUG Engine               - isMac: false
10:43:43.987 [FXGL Background Thread 3 ] DEBUG Engine               - isMainMenuEnabled: true
10:43:43.987 [FXGL Background Thread 3 ] DEBUG Engine               - isManualResizeEnabled: false
10:43:43.987 [FXGL Background Thread 3 ] DEBUG Engine               - isMobile: false
10:43:43.987 [FXGL Background Thread 3 ] DEBUG Engine               - isNative: false
10:43:43.987 [FXGL Background Thread 3 ] DEBUG Engine               - isPauseMusicWhenMinimized: true
10:43:43.987 [FXGL Background Thread 3 ] DEBUG Engine               - isPreserveResizeRatio: false
10:43:43.987 [FXGL Background Thread 3 ] DEBUG Engine               - isProfilingEnabled: false
10:43:43.987 [FXGL Background Thread 3 ] DEBUG Engine               - isScaleAffectedOnResize: true
10:43:43.987 [FXGL Background Thread 3 ] DEBUG Engine               - isSingleStep: false
10:43:43.987 [FXGL Background Thread 3 ] DEBUG Engine               - isUserProfileEnabled: false
10:43:43.987 [FXGL Background Thread 3 ] DEBUG Engine               - isWindows: true
10:43:43.987 [FXGL Background Thread 3 ] DEBUG Engine               - language: ObjectProperty [value: ENGLISH]
10:43:43.987 [FXGL Background Thread 3 ] DEBUG Engine               - menuKey: ESCAPE
10:43:43.987 [FXGL Background Thread 3 ] DEBUG Engine               - mouseSensitivity: 0.2
10:43:43.987 [FXGL Background Thread 3 ] DEBUG Engine               - notificationViewClass: class com.almasb.fxgl.notification.view.XboxNotificationView
10:43:43.988 [FXGL Background Thread 3 ] DEBUG Engine               - pixelsPerMeter: 50.0
10:43:43.988 [FXGL Background Thread 3 ] DEBUG Engine               - platform: WINDOWS
10:43:43.988 [FXGL Background Thread 3 ] DEBUG Engine               - prefHeightProperty: ReadOnlyDoubleProperty [value: 1152.0]
10:43:43.988 [FXGL Background Thread 3 ] DEBUG Engine               - prefWidthProperty: ReadOnlyDoubleProperty [value: 2048.0]
10:43:43.988 [FXGL Background Thread 3 ] DEBUG Engine               - profileDir: profiles/
10:43:43.988 [FXGL Background Thread 3 ] DEBUG Engine               - profileName: StringProperty [value: DEFAULT]
10:43:43.988 [FXGL Background Thread 3 ] DEBUG Engine               - randomSeed: -1
10:43:43.988 [FXGL Background Thread 3 ] DEBUG Engine               - runtimeInfo: RuntimeInfo(platform=WINDOWS, version=17.1, build=24.03.2022 17.34)
10:43:43.988 [FXGL Background Thread 3 ] DEBUG Engine               - saveFileExt: sav
10:43:43.988 [FXGL Background Thread 3 ] DEBUG Engine               - scaledHeightProp$fxgl: DoubleProperty [bound, value: 960.0]
10:43:43.988 [FXGL Background Thread 3 ] DEBUG Engine               - scaledWidthProp$fxgl: DoubleProperty [bound, value: 1682.0]
10:43:43.988 [FXGL Background Thread 3 ] DEBUG Engine               - sceneFactory: com.kenny.tank.AllStarBattleApp$1@54e61bc0
10:43:43.988 [FXGL Background Thread 3 ] DEBUG Engine               - secondsIn24h: 60
10:43:43.988 [FXGL Background Thread 3 ] DEBUG Engine               - soundMenuBack: menu/back.wav
10:43:43.988 [FXGL Background Thread 3 ] DEBUG Engine               - soundMenuPress: menu/press.wav
10:43:43.988 [FXGL Background Thread 3 ] DEBUG Engine               - soundMenuSelect: menu/select.wav
10:43:43.988 [FXGL Background Thread 3 ] DEBUG Engine               - soundNotification: core/notification.wav
10:43:43.988 [FXGL Background Thread 3 ] DEBUG Engine               - stageStyle: DECORATED
10:43:43.988 [FXGL Background Thread 3 ] DEBUG Engine               - supportedLanguages: [ENGLISH, FRENCH, GERMAN, HUNGARIAN, RUSSIAN]
10:43:43.988 [FXGL Background Thread 3 ] DEBUG Engine               - ticksPerSecond: -1
10:43:43.988 [FXGL Background Thread 3 ] DEBUG Engine               - title: All star battle
10:43:43.988 [FXGL Background Thread 3 ] DEBUG Engine               - urlGithub: https://github.com/AlmasB/FXGL
10:43:43.988 [FXGL Background Thread 3 ] DEBUG Engine               - urlLeaderboard: http://fxgl-top.herokuapp.com/
10:43:43.988 [FXGL Background Thread 3 ] DEBUG Engine               - urlPOM: https://raw.githubusercontent.com/AlmasB/FXGL/release/README.md
10:43:43.988 [FXGL Background Thread 3 ] DEBUG Engine               - userAppClass: class com.kenny.tank.AllStarBattleApp
10:43:43.989 [FXGL Background Thread 3 ] DEBUG Engine               - version: 0.1
10:43:43.989 [FXGL Background Thread 3 ] DEBUG Engine               - versionCheckDays: 7
10:43:43.989 [FXGL Background Thread 3 ] DEBUG Engine               - width: 2048
10:43:43.989 [FXGL Background Thread 3 ] DEBUG Engine               - Logging services
10:43:43.989 [FXGL Background Thread 3 ] DEBUG Engine               - class com.almasb.fxgl.app.services.FXGLAssetLoaderService
10:43:43.989 [FXGL Background Thread 3 ] DEBUG Engine               - class com.almasb.fxgl.app.FXGLApplication$GameApplicationService
10:43:43.989 [FXGL Background Thread 3 ] DEBUG Engine               - class com.almasb.fxgl.app.services.FXGLDialogService
10:43:43.989 [FXGL Background Thread 3 ] DEBUG Engine               - class com.almasb.fxgl.app.services.IOTaskExecutorService
10:43:43.989 [FXGL Background Thread 3 ] DEBUG Engine               - class com.almasb.fxgl.io.FileSystemService
10:43:43.989 [FXGL Background Thread 3 ] DEBUG Engine               - class com.almasb.fxgl.localization.LocalizationService
10:43:43.989 [FXGL Background Thread 3 ] DEBUG Engine               - class com.almasb.fxgl.app.services.SystemBundleService
10:43:43.989 [FXGL Background Thread 3 ] DEBUG Engine               - class com.almasb.fxgl.profile.SaveLoadService
10:43:43.989 [FXGL Background Thread 3 ] DEBUG Engine               - class com.almasb.fxgl.ui.FXGLUIFactoryServiceProvider
10:43:43.989 [FXGL Background Thread 3 ] DEBUG Engine               - class com.almasb.fxgl.ui.FXGLDialogFactoryServiceProvider
10:43:43.989 [FXGL Background Thread 3 ] DEBUG Engine               - class com.almasb.fxgl.audio.AudioPlayer
10:43:43.989 [FXGL Background Thread 3 ] DEBUG Engine               - class com.almasb.fxgl.notification.impl.NotificationServiceProvider
10:43:43.989 [FXGL Background Thread 3 ] DEBUG Engine               - class com.almasb.fxgl.achievement.AchievementService
10:43:43.989 [FXGL Background Thread 3 ] DEBUG Engine               - class com.almasb.fxgl.cutscene.CutsceneService
10:43:43.989 [FXGL Background Thread 3 ] DEBUG Engine               - class com.almasb.fxgl.minigames.MiniGameService
10:43:43.989 [FXGL Background Thread 3 ] DEBUG Engine               - class com.almasb.fxgl.net.NetService
10:43:43.989 [FXGL Background Thread 3 ] DEBUG Engine               - class com.almasb.fxgl.app.services.UpdaterService
10:43:43.989 [FXGL Background Thread 3 ] DEBUG Engine               - class com.almasb.fxgl.dev.DevService
10:43:48.912 [JavaFX Application Thread] DEBUG GameApplicationServi - Starting new game
10:43:48.913 [JavaFX Application Thread] DEBUG PrimaryStageWindow   - Pop state: Main_menu
10:43:48.913 [JavaFX Application Thread] DEBUG Input                - Clearing active input actions
10:43:48.914 [JavaFX Application Thread] DEBUG GameApplicationServi - Removing overlay from Main_menu and adding to FXGLMainMenuDummyScene
10:43:48.915 [JavaFX Application Thread] DEBUG PrimaryStageWindow   - FXGLMainMenuDummyScene <- Main_menu
10:43:48.915 [JavaFX Application Thread] DEBUG Input                - Clearing active input actions
10:43:48.922 [JavaFX Application Thread] DEBUG GameApplicationServi - Removing overlay from FXGLMainMenuDummyScene and adding to Loading_Scene
10:43:48.923 [JavaFX Application Thread] DEBUG PrimaryStageWindow   - FXGLMainMenuDummyScene -> Loading_Scene
10:43:48.923 [JavaFX Application Thread] DEBUG GameApplicationServi - Clearing previous game
10:43:48.923 [JavaFX Application Thread] DEBUG GameScene            - Clearing game scene
10:43:48.923 [JavaFX Application Thread] DEBUG GameWorld            - Clearing game world
10:43:48.923 [JavaFX Application Thread] DEBUG PhysicsWorld         - Clearing physics world
10:43:48.924 [FXGL Background Thread 2 ] DEBUG FXGLApplication      - Initializing game
10:43:48.954 [FXGL Background Thread 2 ] WARN  TMXLevelLoader       - TiledMap generated from 1.8.4. Supported version: 1.4.2. Some features may not be parsed fully.
10:43:48.973 [FXGL Background Thread 2 ] DEBUG TMXLevelLoader       - Parsed TiledMap: file:/E:/java%20project/tank/target/classes/assets/levels/test1.tmx
10:43:48.974 [FXGL Background Thread 2 ] DEBUG TMXLevelLoader       - Creating tile layer entities
10:43:48.974 [FXGL Background Thread 2 ] DEBUG TMXLevelLoader       - Creating object layer entities
10:43:49.040 [FXGL Background Thread 2 ] DEBUG GameWorld            - Clearing removable entities
10:43:49.041 [FXGL Background Thread 2 ] DEBUG GameWorld            - Setting level: com.almasb.fxgl.entity.level.Level@6818a599
10:43:49.050 [FXGL Background Thread 2 ] DEBUG FXGLAssetLoaderServi - Loading from file system: file:/E:/java%20project/tank/target/classes/assets/textures/element/Tank.png
10:43:49.052 [FXGL Background Thread 2 ] DEBUG FXGLAssetLoaderServi - Loading from file system: file:/E:/java%20project/tank/target/classes/assets/textures/Enemytank.png
10:43:49.056 [FXGL Background Thread 2 ] DEBUG FXGLAssetLoaderServi - Loading from file system: file:/E:/java%20project/tank/target/classes/assets/textures/Chicken.png
10:43:49.060 [FXGL Background Thread 2 ] DEBUG FXGLAssetLoaderServi - Loading from file system: file:/E:/java%20project/tank/target/classes/assets/textures/BossTank.png
10:43:49.063 [FXGL Background Thread 2 ] INFO  FXGLApplication      - Game initialization took: 0.139 sec
10:43:49.063 [JavaFX Application Thread] DEBUG Input                - Clearing active input actions
10:43:49.068 [JavaFX Application Thread] DEBUG GameApplicationServi - Removing overlay from Loading_Scene and adding to GameScene
10:43:49.068 [JavaFX Application Thread] DEBUG PrimaryStageWindow   - Loading_Scene -> GameScene
10:43:49.538 [JavaFX Application Thread] DEBUG FXGLAssetLoaderServi - Loading from file system: file:/E:/java%20project/tank/target/classes/assets/textures/element/Enemybullet.png
10:43:49.572 [JavaFX Application Thread] DEBUG FXGLAssetLoaderServi - Loading from file system: file:/E:/java%20project/tank/target/classes/assets/textures/SmallBoom.png
10:43:50.429 [JavaFX Application Thread] DEBUG FXGLAssetLoaderServi - Loading from file system: file:/E:/java%20project/tank/target/classes/assets/sounds/boom.wav
10:43:50.470 [JavaFX Application Thread] DEBUG FXGLAssetLoaderServi - Loading from file system: file:/E:/java%20project/tank/target/classes/assets/textures/element/Bullet.png
10:43:56.944 [JavaFX Application Thread] DEBUG FXGLAssetLoaderServi - Loading from file system: file:/E:/java%20project/tank/target/classes/assets/textures/boom.png
10:43:56.949 [JavaFX Application Thread] DEBUG FXGLAssetLoaderServi - Loading from file system: file:/E:/java%20project/tank/target/classes/assets/textures/Props/GOD.png
10:43:59.708 [JavaFX Application Thread] DEBUG FXGLAssetLoaderServi - Loading from file system: file:/E:/java%20project/tank/target/classes/assets/textures/Props/UPGRADE.png
10:44:05.243 [JavaFX Application Thread] DEBUG FXGLAssetLoaderServi - Loading from file system: file:/E:/java%20project/tank/target/classes/assets/textures/Props/LUCKYBLOCK.png
10:44:18.526 [JavaFX Application Thread] DEBUG FXGLAssetLoaderServi - Loading from file system: file:/E:/java%20project/tank/target/classes/assets/textures/Props/GODeffect.png
10:45:08.991 [JavaFX Application Thread] DEBUG FXGLAssetLoaderServi - Loading from file system: file:/E:/java%20project/tank/target/classes/assets/textures/Props/PORTAL.png
10:45:21.136 [JavaFX Application Thread] DEBUG FXGLAssetLoaderServi - Loading from file system: file:/E:/java%20project/tank/target/classes/assets/textures/Props/PORTIONeffect.png
10:45:27.774 [JavaFX Application Thread] DEBUG PrimaryStageWindow   - Push state: SuccessScene
10:45:27.774 [JavaFX Application Thread] DEBUG Input                - Clearing active input actions
10:45:27.775 [JavaFX Application Thread] DEBUG GameApplicationServi - Removing overlay from GameScene and adding to SuccessScene
10:45:27.775 [JavaFX Application Thread] DEBUG PrimaryStageWindow   - GameScene -> SuccessScene
10:45:29.282 [JavaFX Application Thread] DEBUG PrimaryStageWindow   - Pop state: SuccessScene
10:45:29.282 [JavaFX Application Thread] DEBUG Input                - Clearing active input actions
10:45:29.284 [JavaFX Application Thread] DEBUG GameApplicationServi - Removing overlay from SuccessScene and adding to GameScene
10:45:29.284 [JavaFX Application Thread] DEBUG PrimaryStageWindow   - GameScene <- SuccessScene
10:45:29.287 [JavaFX Application Thread] WARN  TMXLevelLoader       - TiledMap generated from 1.8.4. Supported version: 1.4.2. Some features may not be parsed fully.
10:45:29.292 [JavaFX Application Thread] DEBUG TMXLevelLoader       - Parsed TiledMap: file:/E:/java%20project/tank/target/classes/assets/levels/test2.tmx
10:45:29.292 [JavaFX Application Thread] DEBUG TMXLevelLoader       - Creating tile layer entities
10:45:29.292 [JavaFX Application Thread] DEBUG TMXLevelLoader       - Creating object layer entities
10:45:29.301 [JavaFX Application Thread] DEBUG GameWorld            - Clearing removable entities
10:45:29.303 [JavaFX Application Thread] DEBUG GameWorld            - Setting level: com.almasb.fxgl.entity.level.Level@736cd681
10:45:51.492 [JavaFX Application Thread] DEBUG FXGLAssetLoaderServi - Loading from file system: file:/E:/java%20project/tank/target/classes/assets/textures/Suicide.png
10:45:51.498 [JavaFX Application Thread] DEBUG PrimaryStageWindow   - Push state: FailedScene
10:45:51.498 [JavaFX Application Thread] DEBUG Input                - Clearing active input actions
10:45:51.498 [JavaFX Application Thread] DEBUG GameApplicationServi - Removing overlay from GameScene and adding to FailedScene
10:45:51.498 [JavaFX Application Thread] DEBUG PrimaryStageWindow   - GameScene -> FailedScene
10:45:54.001 [JavaFX Application Thread] DEBUG PrimaryStageWindow   - Pop state: FailedScene
10:45:54.001 [JavaFX Application Thread] DEBUG Input                - Clearing active input actions
10:45:54.002 [JavaFX Application Thread] DEBUG GameApplicationServi - Removing overlay from FailedScene and adding to GameScene
10:45:54.002 [JavaFX Application Thread] DEBUG PrimaryStageWindow   - GameScene <- FailedScene
10:45:54.002 [JavaFX Application Thread] DEBUG Input                - Clearing active input actions
10:45:54.006 [JavaFX Application Thread] DEBUG GameApplicationServi - Removing overlay from GameScene and adding to FXGLMainMenuDummyScene
10:45:54.007 [JavaFX Application Thread] DEBUG PrimaryStageWindow   - GameScene -> FXGLMainMenuDummyScene
10:45:54.007 [JavaFX Application Thread] DEBUG PrimaryStageWindow   - Push state: Main_menu
10:45:54.007 [JavaFX Application Thread] DEBUG Input                - Clearing active input actions
10:45:54.018 [JavaFX Application Thread] DEBUG GameApplicationServi - Removing overlay from FXGLMainMenuDummyScene and adding to Main_menu
10:45:54.018 [JavaFX Application Thread] DEBUG PrimaryStageWindow   - FXGLMainMenuDummyScene -> Main_menu
10:45:56.155 [JavaFX Application Thread] DEBUG GameApplicationServi - Starting new game
10:45:56.155 [JavaFX Application Thread] DEBUG PrimaryStageWindow   - Pop state: Main_menu
10:45:56.155 [JavaFX Application Thread] DEBUG Input                - Clearing active input actions
10:45:56.156 [JavaFX Application Thread] DEBUG GameApplicationServi - Removing overlay from Main_menu and adding to FXGLMainMenuDummyScene
10:45:56.156 [JavaFX Application Thread] DEBUG PrimaryStageWindow   - FXGLMainMenuDummyScene <- Main_menu
10:45:56.156 [JavaFX Application Thread] DEBUG Input                - Clearing active input actions
10:45:56.160 [JavaFX Application Thread] DEBUG GameApplicationServi - Removing overlay from FXGLMainMenuDummyScene and adding to Loading_Scene
10:45:56.160 [JavaFX Application Thread] DEBUG PrimaryStageWindow   - FXGLMainMenuDummyScene -> Loading_Scene
10:45:56.160 [JavaFX Application Thread] DEBUG GameApplicationServi - Clearing previous game
10:45:56.160 [JavaFX Application Thread] DEBUG GameScene            - Clearing game scene
10:45:56.160 [JavaFX Application Thread] DEBUG GameWorld            - Clearing game world
10:45:56.162 [JavaFX Application Thread] DEBUG PhysicsWorld         - Clearing physics world
10:45:56.162 [FXGL Background Thread 5 ] DEBUG FXGLApplication      - Initializing game
10:45:56.163 [FXGL Background Thread 5 ] WARN  TMXLevelLoader       - TiledMap generated from 1.8.4. Supported version: 1.4.2. Some features may not be parsed fully.
10:45:56.165 [FXGL Background Thread 5 ] DEBUG TMXLevelLoader       - Parsed TiledMap: file:/E:/java%20project/tank/target/classes/assets/levels/test1.tmx
10:45:56.165 [FXGL Background Thread 5 ] DEBUG TMXLevelLoader       - Creating tile layer entities
10:45:56.165 [FXGL Background Thread 5 ] DEBUG TMXLevelLoader       - Creating object layer entities
10:45:56.172 [FXGL Background Thread 5 ] DEBUG GameWorld            - Clearing removable entities
10:45:56.173 [FXGL Background Thread 5 ] DEBUG GameWorld            - Setting level: com.almasb.fxgl.entity.level.Level@5e4f49d3
10:45:56.175 [FXGL Background Thread 5 ] INFO  FXGLApplication      - Game initialization took: 0.012 sec
10:45:56.175 [JavaFX Application Thread] DEBUG Input                - Clearing active input actions
10:45:56.178 [JavaFX Application Thread] DEBUG GameApplicationServi - Removing overlay from Loading_Scene and adding to GameScene
10:45:56.178 [JavaFX Application Thread] DEBUG PrimaryStageWindow   - Loading_Scene -> GameScene
10:46:10.388 [JavaFX Application Thread] DEBUG FXGLAssetLoaderServi - Loading from file system: file:/E:/java%20project/tank/target/classes/assets/textures/Props/HEART.png
10:46:12.590 [JavaFX Application Thread] DEBUG PrimaryStageWindow   - Push state: FailedScene
10:46:12.590 [JavaFX Application Thread] DEBUG Input                - Clearing active input actions
10:46:12.590 [JavaFX Application Thread] DEBUG GameApplicationServi - Removing overlay from GameScene and adding to FailedScene
10:46:12.590 [JavaFX Application Thread] DEBUG PrimaryStageWindow   - GameScene -> FailedScene
10:46:15.091 [JavaFX Application Thread] DEBUG PrimaryStageWindow   - Pop state: FailedScene
10:46:15.091 [JavaFX Application Thread] DEBUG Input                - Clearing active input actions
10:46:15.091 [JavaFX Application Thread] DEBUG GameApplicationServi - Removing overlay from FailedScene and adding to GameScene
10:46:15.091 [JavaFX Application Thread] DEBUG PrimaryStageWindow   - GameScene <- FailedScene
10:46:15.091 [JavaFX Application Thread] DEBUG Input                - Clearing active input actions
10:46:15.094 [JavaFX Application Thread] DEBUG GameApplicationServi - Removing overlay from GameScene and adding to FXGLMainMenuDummyScene
10:46:15.094 [JavaFX Application Thread] DEBUG PrimaryStageWindow   - GameScene -> FXGLMainMenuDummyScene
10:46:15.095 [JavaFX Application Thread] DEBUG PrimaryStageWindow   - Push state: Main_menu
10:46:15.095 [JavaFX Application Thread] DEBUG Input                - Clearing active input actions
10:46:15.096 [JavaFX Application Thread] DEBUG GameApplicationServi - Removing overlay from FXGLMainMenuDummyScene and adding to Main_menu
10:46:15.096 [JavaFX Application Thread] DEBUG PrimaryStageWindow   - FXGLMainMenuDummyScene -> Main_menu
10:46:16.180 [JavaFX Application Thread] DEBUG GameApplicationServi - Starting new game
10:46:16.180 [JavaFX Application Thread] DEBUG PrimaryStageWindow   - Pop state: Main_menu
10:46:16.180 [JavaFX Application Thread] DEBUG Input                - Clearing active input actions
10:46:16.181 [JavaFX Application Thread] DEBUG GameApplicationServi - Removing overlay from Main_menu and adding to FXGLMainMenuDummyScene
10:46:16.181 [JavaFX Application Thread] DEBUG PrimaryStageWindow   - FXGLMainMenuDummyScene <- Main_menu
10:46:16.181 [JavaFX Application Thread] DEBUG Input                - Clearing active input actions
10:46:16.188 [JavaFX Application Thread] DEBUG GameApplicationServi - Removing overlay from FXGLMainMenuDummyScene and adding to Loading_Scene
10:46:16.188 [JavaFX Application Thread] DEBUG PrimaryStageWindow   - FXGLMainMenuDummyScene -> Loading_Scene
10:46:16.188 [JavaFX Application Thread] DEBUG GameApplicationServi - Clearing previous game
10:46:16.188 [JavaFX Application Thread] DEBUG GameScene            - Clearing game scene
10:46:16.188 [JavaFX Application Thread] DEBUG GameWorld            - Clearing game world
10:46:16.189 [JavaFX Application Thread] DEBUG PhysicsWorld         - Clearing physics world
10:46:16.190 [FXGL Background Thread 5 ] DEBUG FXGLApplication      - Initializing game
10:46:16.191 [FXGL Background Thread 5 ] WARN  TMXLevelLoader       - TiledMap generated from 1.8.4. Supported version: 1.4.2. Some features may not be parsed fully.
10:46:16.194 [FXGL Background Thread 5 ] DEBUG TMXLevelLoader       - Parsed TiledMap: file:/E:/java%20project/tank/target/classes/assets/levels/test1.tmx
10:46:16.194 [FXGL Background Thread 5 ] DEBUG TMXLevelLoader       - Creating tile layer entities
10:46:16.194 [FXGL Background Thread 5 ] DEBUG TMXLevelLoader       - Creating object layer entities
10:46:16.215 [FXGL Background Thread 5 ] DEBUG GameWorld            - Clearing removable entities
10:46:16.215 [FXGL Background Thread 5 ] DEBUG GameWorld            - Setting level: com.almasb.fxgl.entity.level.Level@5dbc5d44
10:46:16.218 [FXGL Background Thread 5 ] INFO  FXGLApplication      - Game initialization took: 0.028 sec
10:46:16.218 [JavaFX Application Thread] DEBUG Input                - Clearing active input actions
10:46:16.225 [JavaFX Application Thread] DEBUG GameApplicationServi - Removing overlay from Loading_Scene and adding to GameScene
10:46:16.225 [JavaFX Application Thread] DEBUG PrimaryStageWindow   - Loading_Scene -> GameScene
10:47:12.051 [JavaFX Application Thread] DEBUG PrimaryStageWindow   - Push state: SuccessScene
10:47:12.052 [JavaFX Application Thread] DEBUG Input                - Clearing active input actions
10:47:12.052 [JavaFX Application Thread] DEBUG GameApplicationServi - Removing overlay from GameScene and adding to SuccessScene
10:47:12.052 [JavaFX Application Thread] DEBUG PrimaryStageWindow   - GameScene -> SuccessScene
10:47:13.554 [JavaFX Application Thread] DEBUG PrimaryStageWindow   - Pop state: SuccessScene
10:47:13.554 [JavaFX Application Thread] DEBUG Input                - Clearing active input actions
10:47:13.554 [JavaFX Application Thread] DEBUG GameApplicationServi - Removing overlay from SuccessScene and adding to GameScene
10:47:13.555 [JavaFX Application Thread] DEBUG PrimaryStageWindow   - GameScene <- SuccessScene
10:47:13.559 [JavaFX Application Thread] WARN  TMXLevelLoader       - TiledMap generated from 1.8.4. Supported version: 1.4.2. Some features may not be parsed fully.
10:47:13.561 [JavaFX Application Thread] DEBUG TMXLevelLoader       - Parsed TiledMap: file:/E:/java%20project/tank/target/classes/assets/levels/test2.tmx
10:47:13.561 [JavaFX Application Thread] DEBUG TMXLevelLoader       - Creating tile layer entities
10:47:13.561 [JavaFX Application Thread] DEBUG TMXLevelLoader       - Creating object layer entities
10:47:13.568 [JavaFX Application Thread] DEBUG GameWorld            - Clearing removable entities
10:47:13.569 [JavaFX Application Thread] DEBUG GameWorld            - Setting level: com.almasb.fxgl.entity.level.Level@78da9cc
10:47:27.425 [JavaFX Application Thread] DEBUG PrimaryStageWindow   - Push state: EggScene
10:47:27.426 [JavaFX Application Thread] DEBUG FXGLAssetLoaderServi - Loading from file system: file:/E:/java%20project/tank/target/classes/assets/music/chicken.mp3
10:47:27.442 [JavaFX Application Thread] DEBUG AudioPlayer          - Playing music com.almasb.fxgl.audio.Music@3158fc3a
10:47:27.442 [JavaFX Application Thread] DEBUG Input                - Clearing active input actions
10:47:27.442 [JavaFX Application Thread] DEBUG GameApplicationServi - Removing overlay from GameScene and adding to EggScene
10:47:27.442 [JavaFX Application Thread] DEBUG PrimaryStageWindow   - GameScene -> EggScene
10:47:32.436 [JavaFX Application Thread] DEBUG PrimaryStageWindow   - Pop state: EggScene
10:47:32.436 [JavaFX Application Thread] DEBUG Input                - Clearing active input actions
10:47:32.437 [JavaFX Application Thread] DEBUG GameApplicationServi - Removing overlay from EggScene and adding to GameScene
10:47:32.437 [JavaFX Application Thread] DEBUG PrimaryStageWindow   - GameScene <- EggScene
10:47:32.438 [JavaFX Application Thread] WARN  TMXLevelLoader       - TiledMap generated from 1.8.4. Supported version: 1.4.2. Some features may not be parsed fully.
10:47:32.440 [JavaFX Application Thread] DEBUG TMXLevelLoader       - Parsed TiledMap: file:/E:/java%20project/tank/target/classes/assets/levels/Chicken.tmx
10:47:32.440 [JavaFX Application Thread] DEBUG TMXLevelLoader       - Creating tile layer entities
10:47:32.440 [JavaFX Application Thread] DEBUG TMXLevelLoader       - Creating object layer entities
10:47:32.457 [JavaFX Application Thread] DEBUG GameWorld            - Clearing removable entities
10:47:32.459 [JavaFX Application Thread] DEBUG GameWorld            - Setting level: com.almasb.fxgl.entity.level.Level@5d3f1fb8
10:47:32.468 [JavaFX Application Thread] DEBUG FXGLAssetLoaderServi - Loading from file system: file:/E:/java%20project/tank/target/classes/assets/textures/people.png
10:47:34.223 [JavaFX Application Thread] DEBUG FXGLAssetLoaderServi - Loading from file system: file:/E:/java%20project/tank/target/classes/assets/sounds/JI%20(1).wav
10:47:34.225 [JavaFX Application Thread] DEBUG FXGLAssetLoaderServi - Loading from file system: file:/E:/java%20project/tank/target/classes/assets/textures/element/Good.png
10:47:35.091 [JavaFX Application Thread] DEBUG FXGLAssetLoaderServi - Loading from file system: file:/E:/java%20project/tank/target/classes/assets/textures/Egg.png
10:47:44.908 [JavaFX Application Thread] DEBUG FXGLAssetLoaderServi - Loading from file system: file:/E:/java%20project/tank/target/classes/assets/textures/element/Enemy2.png
10:47:49.914 [JavaFX Application Thread] DEBUG FXGLAssetLoaderServi - Loading from file system: file:/E:/java%20project/tank/target/classes/assets/textures/element/Enemy1.png
10:49:52.967 [JavaFX Application Thread] DEBUG PrimaryStageWindow   - Push state: SuccesschickenScene
10:49:52.967 [JavaFX Application Thread] DEBUG Input                - Clearing active input actions
10:49:52.967 [JavaFX Application Thread] DEBUG GameApplicationServi - Removing overlay from GameScene and adding to SuccesschickenScene
10:49:52.967 [JavaFX Application Thread] DEBUG PrimaryStageWindow   - GameScene -> SuccesschickenScene
10:49:54.483 [JavaFX Application Thread] DEBUG PrimaryStageWindow   - Pop state: SuccesschickenScene
10:49:54.483 [JavaFX Application Thread] DEBUG Input                - Clearing active input actions
10:49:54.483 [JavaFX Application Thread] DEBUG GameApplicationServi - Removing overlay from SuccesschickenScene and adding to GameScene
10:49:54.483 [JavaFX Application Thread] DEBUG PrimaryStageWindow   - GameScene <- SuccesschickenScene
10:49:54.483 [JavaFX Application Thread] DEBUG Input                - Clearing active input actions
10:49:54.488 [JavaFX Application Thread] DEBUG GameApplicationServi - Removing overlay from GameScene and adding to FXGLMainMenuDummyScene
10:49:54.488 [JavaFX Application Thread] DEBUG PrimaryStageWindow   - GameScene -> FXGLMainMenuDummyScene
10:49:54.488 [JavaFX Application Thread] DEBUG PrimaryStageWindow   - Push state: Main_menu
10:49:54.488 [JavaFX Application Thread] DEBUG Input                - Clearing active input actions
10:49:54.489 [JavaFX Application Thread] DEBUG GameApplicationServi - Removing overlay from FXGLMainMenuDummyScene and adding to Main_menu
10:49:54.489 [JavaFX Application Thread] DEBUG PrimaryStageWindow   - FXGLMainMenuDummyScene -> Main_menu
10:49:57.852 [JavaFX Application Thread] DEBUG FXGLApplication      - Exiting FXGL
10:49:57.852 [JavaFX Application Thread] DEBUG LoopRunner           - Stopping loop
10:49:57.852 [JavaFX Application Thread] DEBUG SystemBundleService  - Saving FXGL system data
10:49:57.854 [JavaFX Application Thread] DEBUG FileSystemAccess     - Writing to: E:\java project\tank\system\fxgl.bundle
10:49:57.855 [JavaFX Application Thread] DEBUG Async                - Shutting down background threads
10:49:57.855 [JavaFX Application Thread] DEBUG PrimaryStageWindow   - Closing main window
10:49:57.886 [JavaFX Application Thread] DEBUG Logger               - Closing Logger
