12:09:46.945 [main                     ] DEBUG Logger               - Configured Logger
12:09:46.958 [main                     ] DEBUG GameApplication      - Logging settings
Title: TANK
Version: 0.1
Width: 750
Height: 800
Fullscreen: false
Intro: false
Profiling: false
Single step:false
App Mode: DEVELOPER
Menu Key: ESCAPE
Stage Style: DECORATED
Scene Factory: class com.almasb.fxgl.app.scene.SceneFactory

12:09:47.204 [JavaFX Application Thread] DEBUG FXGLApplication      - Initializing FXGL
12:09:47.207 [JavaFX Application Thread] INFO  Engine               - FXGL-17.1 (24.03.2022 17.34) on WINDOWS (J:18.0.2.1 FX:18)
12:09:47.208 [JavaFX Application Thread] DEBUG Engine               - JRE Vendor Name: Oracle Corporation
12:09:47.208 [JavaFX Application Thread] DEBUG Engine               - Running on OS: Windows 11 version 10.0
12:09:47.208 [JavaFX Application Thread] DEBUG Engine               - Architecture: amd64
12:09:47.208 [JavaFX Application Thread] INFO  Engine               - Source code and latest versions at: https://github.com/AlmasB/FXGL
12:09:47.208 [JavaFX Application Thread] INFO  Engine               -       Ask questions and discuss at: https://github.com/AlmasB/FXGL/discussions
12:09:47.208 [JavaFX Application Thread] INFO  Engine               -              Join the FXGL chat at: https://gitter.im/AlmasB/FXGL
12:09:47.253 [JavaFX Application Thread] DEBUG PrimaryStageWindow   - Creating a JavaFX scene
12:09:47.277 [JavaFX Application Thread] DEBUG PrimaryStageWindow   - Target settings size: 750.0 x 800.0
12:09:47.277 [JavaFX Application Thread] DEBUG PrimaryStageWindow   - Scaled scene size:    750.0 x 800.0
12:09:47.278 [JavaFX Application Thread] DEBUG PrimaryStageWindow   - Scaled ratio: (1.0, 1.0)
12:09:47.278 [JavaFX Application Thread] DEBUG PrimaryStageWindow   - Set initial scene to FXGLStartupScene
12:09:47.282 [JavaFX Application Thread] DEBUG PrimaryStageWindow   - Opening main window
12:09:47.376 [JavaFX Application Thread] DEBUG PrimaryStageWindow   - Window border size: (14.66668701171875, 37.33331298828125)
12:09:47.376 [JavaFX Application Thread] DEBUG PrimaryStageWindow   - Scaled size: 750.0 x 800.0
12:09:47.376 [JavaFX Application Thread] DEBUG PrimaryStageWindow   - Scaled ratio: (1.0, 1.0)
12:09:47.376 [JavaFX Application Thread] DEBUG PrimaryStageWindow   - Scene size: 750.0 x 800.0
12:09:47.376 [JavaFX Application Thread] DEBUG PrimaryStageWindow   - Stage size: 764.6666870117188 x 837.3333129882812
12:09:47.380 [FXGL Background Thread 1 ] DEBUG Engine               - Initializing environment variables
12:09:47.409 [FXGL Background Thread 1 ] DEBUG FXGLAssetLoaderServi - User app class for loading assets: class com.kenny.tank.TankApp
12:09:47.409 [FXGL Background Thread 1 ] DEBUG GameApplicationServi - Applying CSS: fxgl_dark.css
12:09:47.410 [FXGL Background Thread 1 ] DEBUG FXGLAssetLoaderServi - Loading from file system: jar:file:///C:/Users/10273/.m2/repository/com/github/almasb/fxgl/17.1/fxgl-17.1.jar!/fxglassets/ui/css/fxgl_dark.css
12:09:47.441 [FXGL Background Thread 1 ] DEBUG GameApplicationServi - Initializing application scenes
12:09:47.491 [FXGL Background Thread 1 ] DEBUG GameWorld            - Game world initialized
12:09:47.528 [FXGL Background Thread 1 ] DEBUG PhysicsWorld         - Physics world initialized: appHeight=800, physics.ppm=50.0
12:09:47.528 [FXGL Background Thread 1 ] DEBUG PhysicsWorld         - Using strategy: BRUTE_FORCE
12:09:47.531 [FXGL Background Thread 1 ] DEBUG GameScene            - Game scene initialized: 750x800
12:09:47.539 [FXGL Background Thread 1 ] WARN  FXGL.DefaultMenu     - FXGLDefaultMenu is not designed for resolutions < 800x600
12:09:47.539 [FXGL Background Thread 1 ] DEBUG FXGL.DefaultMenu     - createMenuBodyGameMenu()
12:09:47.546 [FXGL Background Thread 1 ] DEBUG FXGL.DefaultMenu     - createOptionsMenu()
12:09:47.553 [FXGL Background Thread 1 ] DEBUG FXGLAssetLoaderServi - Loading from file system: jar:file:///C:/Users/10273/.m2/repository/com/github/almasb/fxgl/17.1/fxgl-17.1.jar!/fxglassets/textures/particles/smoke.png
12:09:47.604 [FXGL Background Thread 1 ] DEBUG FXGLAssetLoaderServi - Loading from file system: jar:file:///C:/Users/10273/.m2/repository/com/github/almasb/fxgl/17.1/fxgl-17.1.jar!/fxglassets/textures/particles/trace_horizontal.png
12:09:47.622 [FXGL Background Thread 1 ] DEBUG GameApplicationServi - Application scenes initialized
12:09:47.629 [FXGL Background Thread 1 ] DEBUG SystemBundleService  - Loading FXGL system data
12:09:47.631 [FXGL Background Thread 1 ] DEBUG FileSystemAccess     - Reading from: E:\java project\tank\system\fxgl.bundle
12:09:47.636 [FXGL Background Thread 1 ] DEBUG SystemBundleService  - Bundle FXGL: {}
12:09:47.637 [FXGL Background Thread 1 ] DEBUG UpdaterService       - Checking for updates
12:09:47.639 [FXGL Background Thread 4 ] DEBUG FXGLApplication      - Loading fonts
12:09:47.639 [FXGL Background Thread 1 ] DEBUG FXGLApplication      - Loading default localization
12:09:47.639 [FXGL Background Thread 4 ] DEBUG FXGLAssetLoaderServi - Loading from file system: jar:file:///C:/Users/10273/.m2/repository/com/github/almasb/fxgl/17.1/fxgl-17.1.jar!/fxglassets/ui/fonts/VarelaRound-Regular.ttf
12:09:47.639 [FXGL Background Thread 1 ] DEBUG FXGLAssetLoaderServi - Loading from file system: jar:file:///C:/Users/10273/.m2/repository/com/github/almasb/fxgl/17.1/fxgl-17.1.jar!/fxglassets/languages/english.lang
12:09:47.651 [FXGL Background Thread 1 ] INFO  FXGLApplication      - FXGL initialization took: 0.271 sec
12:09:47.658 [JavaFX Application Thread] DEBUG Input                - Registered new binding: player1 move up - Up
12:09:47.658 [JavaFX Application Thread] DEBUG Input                - Registered new binding: player1 move down - Down
12:09:47.658 [JavaFX Application Thread] DEBUG Input                - Registered new binding: player1 move left - Left
12:09:47.659 [JavaFX Application Thread] DEBUG Input                - Registered new binding: player1 move right - Right
12:09:47.659 [JavaFX Application Thread] DEBUG Input                - Registered new binding: player2 move up - W
12:09:47.659 [JavaFX Application Thread] DEBUG Input                - Registered new binding: player2 move down - S
12:09:47.659 [JavaFX Application Thread] DEBUG Input                - Registered new binding: player2 move left - A
12:09:47.659 [JavaFX Application Thread] DEBUG Input                - Registered new binding: player2 move right - D
12:09:47.660 [JavaFX Application Thread] DEBUG FXGLAssetLoaderServi - Loading from file system: file:/E:/java%20project/tank/target/classes/assets/textures/Crepeer.png
12:09:47.674 [JavaFX Application Thread] DEBUG FXGLAssetLoaderServi - Loading from file system: jar:file:///C:/Users/10273/.m2/repository/com/github/almasb/fxgl/17.1/fxgl-17.1.jar!/fxglassets/textures/fxgl_default_cursor.png
12:09:47.675 [JavaFX Application Thread] DEBUG Input                - Registered new binding: Screenshot - CTRL+8
12:09:47.675 [JavaFX Application Thread] DEBUG Input                - Registered new binding: System info dump - CTRL+9
12:09:47.676 [JavaFX Application Thread] DEBUG Input                - Registered new binding: Restart - CTRL+R
12:09:47.676 [JavaFX Application Thread] DEBUG Input                - Registered new binding: Toggle Debug Camera - CTRL+7
12:09:47.677 [FXGL Background Thread 4 ] DEBUG FXGLAssetLoaderServi - Loading from file system: jar:file:///C:/Users/10273/.m2/repository/com/github/almasb/fxgl/17.1/fxgl-17.1.jar!/fxglassets/ui/fonts/Abel-Regular.ttf
12:09:47.677 [JavaFX Application Thread] DEBUG LoopRunner           - Starting loop
12:09:47.677 [JavaFX Application Thread] DEBUG LoopRunner           - Initializing JavaFX AnimationTimerLoop
12:09:47.679 [JavaFX Application Thread] DEBUG GameApplicationServi - Starting new game
12:09:47.679 [JavaFX Application Thread] DEBUG Input                - Clearing active input actions
12:09:47.679 [FXGL Background Thread 4 ] DEBUG FXGLAssetLoaderServi - Loading from file system: jar:file:///C:/Users/10273/.m2/repository/com/github/almasb/fxgl/17.1/fxgl-17.1.jar!/fxglassets/ui/fonts/TerminalLandMono-Regular.otf
12:09:47.681 [FXGL Background Thread 4 ] DEBUG FXGLAssetLoaderServi - Loading from file system: jar:file:///C:/Users/10273/.m2/repository/com/github/almasb/fxgl/17.1/fxgl-17.1.jar!/fxglassets/ui/fonts/Courier-Prime.ttf
12:09:47.687 [JavaFX Application Thread] DEBUG GameApplicationServi - Removing overlay from FXGLStartupScene and adding to FXGLLoadingScene
12:09:47.688 [JavaFX Application Thread] DEBUG PrimaryStageWindow   - FXGLStartupScene -> FXGLLoadingScene
12:09:47.688 [JavaFX Application Thread] DEBUG GameApplicationServi - Clearing previous game
12:09:47.688 [JavaFX Application Thread] DEBUG GameScene            - Clearing game scene
12:09:47.688 [JavaFX Application Thread] DEBUG GameWorld            - Clearing game world
12:09:47.688 [JavaFX Application Thread] DEBUG PhysicsWorld         - Clearing physics world
12:09:47.690 [FXGL Background Thread 4 ] DEBUG FXGLApplication      - Initializing game
12:09:47.690 [JavaFX Application Thread] DEBUG FXGLApplication      - Registering font factories with UI factory
12:09:47.699 [FXGL Background Thread 4 ] INFO  FXGLApplication      - Game initialization took: 0.009 sec
12:09:47.715 [JavaFX Application Thread] DEBUG Input                - Clearing active input actions
12:09:47.719 [JavaFX Application Thread] DEBUG GameApplicationServi - Removing overlay from FXGLLoadingScene and adding to GameScene
12:09:47.720 [JavaFX Application Thread] DEBUG PrimaryStageWindow   - FXGLLoadingScene -> GameScene
12:09:47.754 [FXGL Background Thread 2 ] WARN  UpdaterService       - Failed to find updates: java.net.UnknownHostException: raw.githubusercontent.com
12:09:50.638 [FXGL Background Thread 3 ] DEBUG Engine               - Logging environment variables
12:09:50.639 [FXGL Background Thread 3 ] DEBUG Engine               - achievements: []
12:09:50.639 [FXGL Background Thread 3 ] DEBUG Engine               - actualHeight: 800.0
12:09:50.639 [FXGL Background Thread 3 ] DEBUG Engine               - actualHeightProperty: ReadOnlyDoubleProperty [value: 800.0]
12:09:50.639 [FXGL Background Thread 3 ] DEBUG Engine               - actualWidth: 750.0
12:09:50.639 [FXGL Background Thread 3 ] DEBUG Engine               - actualWidthProperty: ReadOnlyDoubleProperty [value: 750.0]
12:09:50.640 [FXGL Background Thread 3 ] DEBUG Engine               - appIcon: Crepeer.png
12:09:50.640 [FXGL Background Thread 3 ] DEBUG Engine               - applicationMode: DEVELOPER
12:09:50.640 [FXGL Background Thread 3 ] DEBUG Engine               - cSSList: [fxgl_dark.css]
12:09:50.640 [FXGL Background Thread 3 ] DEBUG Engine               - collisionDetectionStrategy: BRUTE_FORCE
12:09:50.640 [FXGL Background Thread 3 ] DEBUG Engine               - configClass: Optional.empty
12:09:50.640 [FXGL Background Thread 3 ] DEBUG Engine               - credits: []
12:09:50.641 [FXGL Background Thread 3 ] DEBUG Engine               - defaultCursor: CursorInfo(imageName=fxgl_default_cursor.png, hotspotX=7.0, hotspotY=6.0)
12:09:50.641 [FXGL Background Thread 3 ] DEBUG Engine               - devBBoxColorProperty: ObjectProperty [value: 0xff0000ff]
12:09:50.641 [FXGL Background Thread 3 ] DEBUG Engine               - devEnableDebugCameraProperty: BooleanProperty [value: false]
12:09:50.641 [FXGL Background Thread 3 ] DEBUG Engine               - devSensorColorProperty: ObjectProperty [value: 0xffff00ff]
12:09:50.641 [FXGL Background Thread 3 ] DEBUG Engine               - devShowBBoxProperty: BooleanProperty [value: false]
12:09:50.641 [FXGL Background Thread 3 ] DEBUG Engine               - devShowPositionProperty: BooleanProperty [value: false]
12:09:50.641 [FXGL Background Thread 3 ] DEBUG Engine               - enabledMenuItems: []
12:09:50.642 [FXGL Background Thread 3 ] DEBUG Engine               - engineServices: [class com.almasb.fxgl.app.services.FXGLAssetLoaderService, class com.almasb.fxgl.app.FXGLApplication$GameApplicationService, class com.almasb.fxgl.app.services.FXGLDialogService, class com.almasb.fxgl.app.services.IOTaskExecutorService, class com.almasb.fxgl.io.FileSystemService, class com.almasb.fxgl.localization.LocalizationService, class com.almasb.fxgl.app.services.SystemBundleService, class com.almasb.fxgl.profile.SaveLoadService, class com.almasb.fxgl.ui.FXGLUIFactoryServiceProvider, class com.almasb.fxgl.ui.FXGLDialogFactoryServiceProvider, class com.almasb.fxgl.audio.AudioPlayer, class com.almasb.fxgl.notification.impl.NotificationServiceProvider, class com.almasb.fxgl.achievement.AchievementService, class com.almasb.fxgl.cutscene.CutsceneService, class com.almasb.fxgl.minigames.MiniGameService, class com.almasb.fxgl.net.NetService, class com.almasb.fxgl.app.services.UpdaterService, class com.almasb.fxgl.dev.DevService]
12:09:50.642 [FXGL Background Thread 3 ] DEBUG Engine               - fontGame: Abel-Regular.ttf
12:09:50.642 [FXGL Background Thread 3 ] DEBUG Engine               - fontMono: TerminalLandMono-Regular.otf
12:09:50.642 [FXGL Background Thread 3 ] DEBUG Engine               - fontText: Courier-Prime.ttf
12:09:50.642 [FXGL Background Thread 3 ] DEBUG Engine               - fontUI: VarelaRound-Regular.ttf
12:09:50.642 [FXGL Background Thread 3 ] DEBUG Engine               - fullScreen: BooleanProperty [value: false]
12:09:50.642 [FXGL Background Thread 3 ] DEBUG Engine               - gameDifficulty: MEDIUM
12:09:50.642 [FXGL Background Thread 3 ] DEBUG Engine               - gameDifficultyProperty: ObjectProperty [value: MEDIUM]
12:09:50.642 [FXGL Background Thread 3 ] DEBUG Engine               - globalMusicVolume: 0.5
12:09:50.642 [FXGL Background Thread 3 ] DEBUG Engine               - globalMusicVolumeProperty: DoubleProperty [value: 0.5]
12:09:50.642 [FXGL Background Thread 3 ] DEBUG Engine               - globalSoundVolume: 0.5
12:09:50.642 [FXGL Background Thread 3 ] DEBUG Engine               - globalSoundVolumeProperty: DoubleProperty [value: 0.5]
12:09:50.643 [FXGL Background Thread 3 ] DEBUG Engine               - height: 800
12:09:50.643 [FXGL Background Thread 3 ] DEBUG Engine               - is3D: false
12:09:50.643 [FXGL Background Thread 3 ] DEBUG Engine               - isAndroid: false
12:09:50.643 [FXGL Background Thread 3 ] DEBUG Engine               - isBrowser: false
12:09:50.643 [FXGL Background Thread 3 ] DEBUG Engine               - isClickFeedbackEnabled: false
12:09:50.643 [FXGL Background Thread 3 ] DEBUG Engine               - isCloseConfirmation: false
12:09:50.643 [FXGL Background Thread 3 ] DEBUG Engine               - isDesktop: true
12:09:50.643 [FXGL Background Thread 3 ] DEBUG Engine               - isDeveloperMenuEnabled: false
12:09:50.643 [FXGL Background Thread 3 ] DEBUG Engine               - isEmbedded: false
12:09:50.643 [FXGL Background Thread 3 ] DEBUG Engine               - isEntityPreloadEnabled: true
12:09:50.643 [FXGL Background Thread 3 ] DEBUG Engine               - isExperimentalTiledLargeMap: false
12:09:50.643 [FXGL Background Thread 3 ] DEBUG Engine               - isFileSystemWriteAllowed: true
12:09:50.643 [FXGL Background Thread 3 ] DEBUG Engine               - isFullScreenAllowed: false
12:09:50.643 [FXGL Background Thread 3 ] DEBUG Engine               - isFullScreenFromStart: false
12:09:50.643 [FXGL Background Thread 3 ] DEBUG Engine               - isGameMenuEnabled: true
12:09:50.643 [FXGL Background Thread 3 ] DEBUG Engine               - isIOS: false
12:09:50.644 [FXGL Background Thread 3 ] DEBUG Engine               - isIntroEnabled: false
12:09:50.644 [FXGL Background Thread 3 ] DEBUG Engine               - isLinux: false
12:09:50.644 [FXGL Background Thread 3 ] DEBUG Engine               - isMac: false
12:09:50.644 [FXGL Background Thread 3 ] DEBUG Engine               - isMainMenuEnabled: false
12:09:50.644 [FXGL Background Thread 3 ] DEBUG Engine               - isManualResizeEnabled: false
12:09:50.644 [FXGL Background Thread 3 ] DEBUG Engine               - isMobile: false
12:09:50.644 [FXGL Background Thread 3 ] DEBUG Engine               - isNative: false
12:09:50.644 [FXGL Background Thread 3 ] DEBUG Engine               - isPauseMusicWhenMinimized: true
12:09:50.644 [FXGL Background Thread 3 ] DEBUG Engine               - isPreserveResizeRatio: false
12:09:50.644 [FXGL Background Thread 3 ] DEBUG Engine               - isProfilingEnabled: false
12:09:50.644 [FXGL Background Thread 3 ] DEBUG Engine               - isScaleAffectedOnResize: true
12:09:50.644 [FXGL Background Thread 3 ] DEBUG Engine               - isSingleStep: false
12:09:50.644 [FXGL Background Thread 3 ] DEBUG Engine               - isUserProfileEnabled: false
12:09:50.644 [FXGL Background Thread 3 ] DEBUG Engine               - isWindows: true
12:09:50.644 [FXGL Background Thread 3 ] DEBUG Engine               - language: ObjectProperty [value: ENGLISH]
12:09:50.644 [FXGL Background Thread 3 ] DEBUG Engine               - menuKey: ESCAPE
12:09:50.644 [FXGL Background Thread 3 ] DEBUG Engine               - mouseSensitivity: 0.2
12:09:50.644 [FXGL Background Thread 3 ] DEBUG Engine               - notificationViewClass: class com.almasb.fxgl.notification.view.XboxNotificationView
12:09:50.644 [FXGL Background Thread 3 ] DEBUG Engine               - pixelsPerMeter: 50.0
12:09:50.644 [FXGL Background Thread 3 ] DEBUG Engine               - platform: WINDOWS
12:09:50.644 [FXGL Background Thread 3 ] DEBUG Engine               - prefHeightProperty: ReadOnlyDoubleProperty [value: 800.0]
12:09:50.644 [FXGL Background Thread 3 ] DEBUG Engine               - prefWidthProperty: ReadOnlyDoubleProperty [value: 750.0]
12:09:50.644 [FXGL Background Thread 3 ] DEBUG Engine               - profileDir: profiles/
12:09:50.644 [FXGL Background Thread 3 ] DEBUG Engine               - profileName: StringProperty [value: DEFAULT]
12:09:50.644 [FXGL Background Thread 3 ] DEBUG Engine               - randomSeed: -1
12:09:50.646 [FXGL Background Thread 3 ] DEBUG Engine               - runtimeInfo: RuntimeInfo(platform=WINDOWS, version=17.1, build=24.03.2022 17.34)
12:09:50.646 [FXGL Background Thread 3 ] DEBUG Engine               - saveFileExt: sav
12:09:50.646 [FXGL Background Thread 3 ] DEBUG Engine               - scaledHeightProp$fxgl: DoubleProperty [bound, value: 800.0]
12:09:50.646 [FXGL Background Thread 3 ] DEBUG Engine               - scaledWidthProp$fxgl: DoubleProperty [bound, value: 750.0]
12:09:50.646 [FXGL Background Thread 3 ] DEBUG Engine               - sceneFactory: com.almasb.fxgl.app.scene.SceneFactory@722fec1f
12:09:50.646 [FXGL Background Thread 3 ] DEBUG Engine               - secondsIn24h: 60
12:09:50.646 [FXGL Background Thread 3 ] DEBUG Engine               - soundMenuBack: menu/back.wav
12:09:50.646 [FXGL Background Thread 3 ] DEBUG Engine               - soundMenuPress: menu/press.wav
12:09:50.646 [FXGL Background Thread 3 ] DEBUG Engine               - soundMenuSelect: menu/select.wav
12:09:50.646 [FXGL Background Thread 3 ] DEBUG Engine               - soundNotification: core/notification.wav
12:09:50.646 [FXGL Background Thread 3 ] DEBUG Engine               - stageStyle: DECORATED
12:09:50.646 [FXGL Background Thread 3 ] DEBUG Engine               - supportedLanguages: [ENGLISH, FRENCH, GERMAN, HUNGARIAN, RUSSIAN]
12:09:50.646 [FXGL Background Thread 3 ] DEBUG Engine               - ticksPerSecond: -1
12:09:50.646 [FXGL Background Thread 3 ] DEBUG Engine               - title: TANK
12:09:50.646 [FXGL Background Thread 3 ] DEBUG Engine               - urlGithub: https://github.com/AlmasB/FXGL
12:09:50.646 [FXGL Background Thread 3 ] DEBUG Engine               - urlLeaderboard: http://fxgl-top.herokuapp.com/
12:09:50.646 [FXGL Background Thread 3 ] DEBUG Engine               - urlPOM: https://raw.githubusercontent.com/AlmasB/FXGL/release/README.md
12:09:50.646 [FXGL Background Thread 3 ] DEBUG Engine               - userAppClass: class com.kenny.tank.TankApp
12:09:50.646 [FXGL Background Thread 3 ] DEBUG Engine               - version: 0.1
12:09:50.646 [FXGL Background Thread 3 ] DEBUG Engine               - versionCheckDays: 7
12:09:50.647 [FXGL Background Thread 3 ] DEBUG Engine               - width: 750
12:09:50.647 [FXGL Background Thread 3 ] DEBUG Engine               - Logging services
12:09:50.647 [FXGL Background Thread 3 ] DEBUG Engine               - class com.almasb.fxgl.app.services.FXGLAssetLoaderService
12:09:50.647 [FXGL Background Thread 3 ] DEBUG Engine               - class com.almasb.fxgl.app.FXGLApplication$GameApplicationService
12:09:50.647 [FXGL Background Thread 3 ] DEBUG Engine               - class com.almasb.fxgl.app.services.FXGLDialogService
12:09:50.647 [FXGL Background Thread 3 ] DEBUG Engine               - class com.almasb.fxgl.app.services.IOTaskExecutorService
12:09:50.647 [FXGL Background Thread 3 ] DEBUG Engine               - class com.almasb.fxgl.io.FileSystemService
12:09:50.647 [FXGL Background Thread 3 ] DEBUG Engine               - class com.almasb.fxgl.localization.LocalizationService
12:09:50.647 [FXGL Background Thread 3 ] DEBUG Engine               - class com.almasb.fxgl.app.services.SystemBundleService
12:09:50.647 [FXGL Background Thread 3 ] DEBUG Engine               - class com.almasb.fxgl.profile.SaveLoadService
12:09:50.647 [FXGL Background Thread 3 ] DEBUG Engine               - class com.almasb.fxgl.ui.FXGLUIFactoryServiceProvider
12:09:50.647 [FXGL Background Thread 3 ] DEBUG Engine               - class com.almasb.fxgl.ui.FXGLDialogFactoryServiceProvider
12:09:50.647 [FXGL Background Thread 3 ] DEBUG Engine               - class com.almasb.fxgl.audio.AudioPlayer
12:09:50.647 [FXGL Background Thread 3 ] DEBUG Engine               - class com.almasb.fxgl.notification.impl.NotificationServiceProvider
12:09:50.647 [FXGL Background Thread 3 ] DEBUG Engine               - class com.almasb.fxgl.achievement.AchievementService
12:09:50.647 [FXGL Background Thread 3 ] DEBUG Engine               - class com.almasb.fxgl.cutscene.CutsceneService
12:09:50.647 [FXGL Background Thread 3 ] DEBUG Engine               - class com.almasb.fxgl.minigames.MiniGameService
12:09:50.647 [FXGL Background Thread 3 ] DEBUG Engine               - class com.almasb.fxgl.net.NetService
12:09:50.647 [FXGL Background Thread 3 ] DEBUG Engine               - class com.almasb.fxgl.app.services.UpdaterService
12:09:50.647 [FXGL Background Thread 3 ] DEBUG Engine               - class com.almasb.fxgl.dev.DevService
12:09:51.318 [JavaFX Application Thread] DEBUG PrimaryStageWindow   - Push state: FXGLDefaultMenu
12:09:51.320 [JavaFX Application Thread] DEBUG Input                - Clearing active input actions
12:09:51.323 [JavaFX Application Thread] DEBUG GameApplicationServi - Removing overlay from GameScene and adding to FXGLDefaultMenu
12:09:51.323 [JavaFX Application Thread] DEBUG PrimaryStageWindow   - GameScene -> FXGLDefaultMenu
12:09:53.579 [JavaFX Application Thread] DEBUG PrimaryStageWindow   - Pop state: FXGLDefaultMenu
12:09:53.579 [JavaFX Application Thread] DEBUG Input                - Clearing active input actions
12:09:53.579 [JavaFX Application Thread] DEBUG GameApplicationServi - Removing overlay from FXGLDefaultMenu and adding to GameScene
12:09:53.580 [JavaFX Application Thread] DEBUG PrimaryStageWindow   - GameScene <- FXGLDefaultMenu
12:09:56.759 [JavaFX Application Thread] DEBUG FXGLApplication      - Exiting FXGL
12:09:56.760 [JavaFX Application Thread] DEBUG LoopRunner           - Stopping loop
12:09:56.760 [JavaFX Application Thread] DEBUG SystemBundleService  - Saving FXGL system data
12:09:56.761 [JavaFX Application Thread] DEBUG FileSystemAccess     - Writing to: E:\java project\tank\system\fxgl.bundle
12:09:56.763 [JavaFX Application Thread] DEBUG Async                - Shutting down background threads
12:09:56.763 [JavaFX Application Thread] DEBUG PrimaryStageWindow   - Closing main window
12:09:56.791 [JavaFX Application Thread] DEBUG Logger               - Closing Logger
