21:22:14.013 [main                     ] DEBUG Logger               - Configured Logger
21:22:14.033 [main                     ] DEBUG GameApplication      - Logging settings
Title: TANK
Version: 0.1
Width: 2048
Height: 1280
Fullscreen: false
Intro: false
Profiling: false
Single step:false
App Mode: DEVELOPER
Menu Key: ESCAPE
Stage Style: DECORATED
Scene Factory: class com.almasb.fxgl.app.scene.SceneFactory

21:22:14.294 [JavaFX Application Thread] DEBUG FXGLApplication      - Initializing FXGL
21:22:14.297 [JavaFX Application Thread] INFO  Engine               - FXGL-17 (31.12.2021 18.16) on WINDOWS (J:17.0.6 FX:17.0.0.1)
21:22:14.297 [JavaFX Application Thread] DEBUG Engine               - JRE Vendor Name: Amazon.com Inc.
21:22:14.297 [JavaFX Application Thread] DEBUG Engine               - Running on OS: Windows 11 version 10.0
21:22:14.298 [JavaFX Application Thread] DEBUG Engine               - Architecture: amd64
21:22:14.298 [JavaFX Application Thread] INFO  Engine               - Source code and latest versions at: https://github.com/AlmasB/FXGL
21:22:14.298 [JavaFX Application Thread] INFO  Engine               -       Ask questions and discuss at: https://github.com/AlmasB/FXGL/discussions
21:22:14.298 [JavaFX Application Thread] INFO  Engine               -              Join the FXGL chat at: https://gitter.im/AlmasB/FXGL
21:22:14.346 [JavaFX Application Thread] DEBUG PrimaryStageWindow   - Creating a JavaFX scene
21:22:14.346 [JavaFX Application Thread] DEBUG PrimaryStageWindow   - Target size > screen size
21:22:14.369 [JavaFX Application Thread] DEBUG PrimaryStageWindow   - Target settings size: 2048.0 x 1280.0
21:22:14.370 [JavaFX Application Thread] DEBUG PrimaryStageWindow   - Scaled scene size:    1605.0 x 1018.0
21:22:14.370 [JavaFX Application Thread] DEBUG PrimaryStageWindow   - Scaled ratio: (0.78369140625, 0.7953125)
21:22:14.370 [JavaFX Application Thread] DEBUG PrimaryStageWindow   - Set initial scene to FXGLStartupScene
21:22:14.374 [JavaFX Application Thread] DEBUG PrimaryStageWindow   - Opening main window
21:22:14.461 [JavaFX Application Thread] DEBUG PrimaryStageWindow   - Window border size: (15.0, 37.3333740234375)
21:22:14.462 [JavaFX Application Thread] DEBUG PrimaryStageWindow   - Scaled size: 1605.0 x 1018.0
21:22:14.462 [JavaFX Application Thread] DEBUG PrimaryStageWindow   - Scaled ratio: (0.78369140625, 0.7953125)
21:22:14.462 [JavaFX Application Thread] DEBUG PrimaryStageWindow   - Scene size: 1605.0 x 1018.0
21:22:14.462 [JavaFX Application Thread] DEBUG PrimaryStageWindow   - Stage size: 1620.0 x 1055.3333740234375
21:22:14.466 [FXGL Background Thread 1 ] DEBUG Engine               - Initializing environment variables
21:22:14.484 [FXGL Background Thread 1 ] DEBUG FXGLAssetLoaderServi - User app class for loading assets: class com.kenny.tank.TankApp
21:22:14.484 [FXGL Background Thread 1 ] DEBUG GameApplicationServi - Applying CSS: fxgl_dark.css
21:22:14.485 [FXGL Background Thread 1 ] DEBUG FXGLAssetLoaderServi - Loading from file system: jar:file:///C:/Users/10273/.m2/repository/com/github/almasb/fxgl/17/fxgl-17.jar!/fxglassets/ui/css/fxgl_dark.css
21:22:14.514 [FXGL Background Thread 1 ] DEBUG GameApplicationServi - Initializing application scenes
21:22:14.554 [FXGL Background Thread 1 ] DEBUG GameWorld            - Game world initialized
21:22:14.588 [FXGL Background Thread 1 ] DEBUG PhysicsWorld         - Physics world initialized: appHeight=1280, physics.ppm=50.0
21:22:14.589 [FXGL Background Thread 1 ] DEBUG PhysicsWorld         - Using strategy: BRUTE_FORCE
21:22:14.593 [FXGL Background Thread 1 ] DEBUG GameScene            - Game scene initialized: 2048x1280
21:22:14.602 [FXGL Background Thread 1 ] DEBUG FXGL.DefaultMenu     - createMenuBodyMainMenu()
21:22:14.610 [FXGL Background Thread 1 ] DEBUG FXGL.DefaultMenu     - createOptionsMenu()
21:22:14.617 [FXGL Background Thread 1 ] DEBUG FXGLAssetLoaderServi - Loading from file system: jar:file:///C:/Users/10273/.m2/repository/com/github/almasb/fxgl/17/fxgl-17.jar!/fxglassets/textures/particles/smoke.png
21:22:14.668 [FXGL Background Thread 1 ] DEBUG FXGLAssetLoaderServi - Loading from file system: jar:file:///C:/Users/10273/.m2/repository/com/github/almasb/fxgl/17/fxgl-17.jar!/fxglassets/textures/particles/trace_horizontal.png
21:22:14.685 [FXGL Background Thread 1 ] DEBUG FXGL.DefaultMenu     - createMenuBodyGameMenu()
21:22:14.685 [FXGL Background Thread 1 ] DEBUG FXGL.DefaultMenu     - createOptionsMenu()
21:22:14.693 [FXGL Background Thread 1 ] DEBUG GameApplicationServi - Application scenes initialized
21:22:14.700 [FXGL Background Thread 1 ] DEBUG SystemBundleService  - Loading FXGL system data
21:22:14.703 [FXGL Background Thread 1 ] DEBUG FileSystemAccess     - Reading from: E:\java project\tank\system\fxgl.bundle
21:22:14.707 [FXGL Background Thread 1 ] DEBUG SystemBundleService  - Bundle FXGL: {}
21:22:14.707 [FXGL Background Thread 1 ] DEBUG UpdaterService       - Checking for updates
21:22:14.710 [FXGL Background Thread 4 ] DEBUG FXGLApplication      - Loading fonts
21:22:14.710 [FXGL Background Thread 4 ] DEBUG FXGLAssetLoaderServi - Loading from file system: jar:file:///C:/Users/10273/.m2/repository/com/github/almasb/fxgl/17/fxgl-17.jar!/fxglassets/ui/fonts/VarelaRound-Regular.ttf
21:22:14.711 [FXGL Background Thread 1 ] DEBUG FXGLApplication      - Loading default localization
21:22:14.711 [FXGL Background Thread 1 ] DEBUG FXGLAssetLoaderServi - Loading from file system: jar:file:///C:/Users/10273/.m2/repository/com/github/almasb/fxgl/17/fxgl-17.jar!/fxglassets/languages/english.lang
21:22:14.723 [FXGL Background Thread 1 ] INFO  FXGLApplication      - FXGL initialization took: 0.256 sec
21:22:14.731 [JavaFX Application Thread] DEBUG Input                - Registered new binding: action0 - Up
21:22:14.732 [JavaFX Application Thread] DEBUG Input                - Registered new binding: action1 - Down
21:22:14.732 [JavaFX Application Thread] DEBUG Input                - Registered new binding: action2 - Left
21:22:14.732 [JavaFX Application Thread] DEBUG Input                - Registered new binding: action3 - Right
21:22:14.732 [JavaFX Application Thread] DEBUG Input                - Registered new binding: action4 - Space
21:22:14.732 [JavaFX Application Thread] DEBUG FXGLAssetLoaderServi - Loading from file system: file:/E:/java%20project/tank/target/classes/assets/textures/joker.jpg
21:22:14.751 [JavaFX Application Thread] DEBUG FXGLAssetLoaderServi - Loading from file system: jar:file:///C:/Users/10273/.m2/repository/com/github/almasb/fxgl/17/fxgl-17.jar!/fxglassets/textures/fxgl_default_cursor.png
21:22:14.752 [FXGL Background Thread 4 ] DEBUG FXGLAssetLoaderServi - Loading from file system: jar:file:///C:/Users/10273/.m2/repository/com/github/almasb/fxgl/17/fxgl-17.jar!/fxglassets/ui/fonts/Abel-Regular.ttf
21:22:14.753 [JavaFX Application Thread] DEBUG Input                - Registered new binding: Screenshot - CTRL+8
21:22:14.753 [JavaFX Application Thread] DEBUG Input                - Registered new binding: System info dump - CTRL+9
21:22:14.753 [JavaFX Application Thread] DEBUG Input                - Registered new binding: Restart - CTRL+R
21:22:14.753 [JavaFX Application Thread] DEBUG Input                - Registered new binding: Toggle Debug Camera - CTRL+7
21:22:14.755 [FXGL Background Thread 4 ] DEBUG FXGLAssetLoaderServi - Loading from file system: jar:file:///C:/Users/10273/.m2/repository/com/github/almasb/fxgl/17/fxgl-17.jar!/fxglassets/ui/fonts/TerminalLandMono-Regular.otf
21:22:14.755 [JavaFX Application Thread] DEBUG LoopRunner           - Starting loop
21:22:14.756 [JavaFX Application Thread] DEBUG LoopRunner           - Initializing JavaFX AnimationTimerLoop
21:22:14.758 [JavaFX Application Thread] DEBUG Input                - Clearing active input actions
21:22:14.758 [FXGL Background Thread 4 ] DEBUG FXGLAssetLoaderServi - Loading from file system: jar:file:///C:/Users/10273/.m2/repository/com/github/almasb/fxgl/17/fxgl-17.jar!/fxglassets/ui/fonts/Courier-Prime.ttf
21:22:14.762 [JavaFX Application Thread] DEBUG GameApplicationServi - Removing overlay from FXGLStartupScene and adding to FXGLMainMenuDummyScene
21:22:14.762 [JavaFX Application Thread] DEBUG PrimaryStageWindow   - FXGLStartupScene -> FXGLMainMenuDummyScene
21:22:14.763 [JavaFX Application Thread] DEBUG PrimaryStageWindow   - Push state: FXGLDefaultMenu
21:22:14.770 [JavaFX Application Thread] DEBUG Input                - Clearing active input actions
21:22:14.776 [JavaFX Application Thread] DEBUG GameApplicationServi - Removing overlay from FXGLMainMenuDummyScene and adding to FXGLDefaultMenu
21:22:14.777 [JavaFX Application Thread] DEBUG PrimaryStageWindow   - FXGLMainMenuDummyScene -> FXGLDefaultMenu
21:22:14.778 [JavaFX Application Thread] DEBUG FXGLApplication      - Registering font factories with UI factory
21:22:15.420 [FXGL Background Thread 2 ] INFO  UpdaterService       - Your current version:  17
21:22:15.420 [FXGL Background Thread 2 ] INFO  UpdaterService       - Latest stable version: 17.2
21:22:16.561 [JavaFX Application Thread] DEBUG Menu                 - fireNewGame()
21:22:16.561 [JavaFX Application Thread] DEBUG GameApplicationServi - Starting new game
21:22:16.563 [JavaFX Application Thread] DEBUG PrimaryStageWindow   - Pop state: FXGLDefaultMenu
21:22:16.563 [JavaFX Application Thread] DEBUG Input                - Clearing active input actions
21:22:16.564 [JavaFX Application Thread] DEBUG GameApplicationServi - Removing overlay from FXGLDefaultMenu and adding to FXGLMainMenuDummyScene
21:22:16.564 [JavaFX Application Thread] DEBUG PrimaryStageWindow   - FXGLMainMenuDummyScene <- FXGLDefaultMenu
21:22:16.564 [JavaFX Application Thread] DEBUG Input                - Clearing active input actions
21:22:16.568 [JavaFX Application Thread] DEBUG GameApplicationServi - Removing overlay from FXGLMainMenuDummyScene and adding to FXGLLoadingScene
21:22:16.569 [JavaFX Application Thread] DEBUG PrimaryStageWindow   - FXGLMainMenuDummyScene -> FXGLLoadingScene
21:22:16.569 [JavaFX Application Thread] DEBUG GameApplicationServi - Clearing previous game
21:22:16.569 [JavaFX Application Thread] DEBUG GameScene            - Clearing game scene
21:22:16.569 [JavaFX Application Thread] DEBUG GameWorld            - Clearing game world
21:22:16.569 [JavaFX Application Thread] DEBUG PhysicsWorld         - Clearing physics world
21:22:16.571 [FXGL Background Thread 2 ] DEBUG FXGLApplication      - Initializing game
21:22:16.580 [FXGL Background Thread 2 ] DEBUG FXGLAssetLoaderServi - Loading from file system: file:/E:/java%20project/tank/target/classes/assets/textures/new.png
21:22:16.591 [FXGL Background Thread 2 ] DEBUG FXGLAssetLoaderServi - Loading from file system: file:/E:/java%20project/tank/target/classes/assets/textures/CrepeerFinal.png
21:22:16.594 [FXGL Background Thread 2 ] DEBUG FXGLAssetLoaderServi - Loading from file system: file:/E:/java%20project/tank/target/classes/assets/textures/TankFinal.png
21:22:16.605 [FXGL Background Thread 2 ] INFO  FXGLApplication      - Game initialization took: 0.034 sec
21:22:16.605 [JavaFX Application Thread] DEBUG Input                - Clearing active input actions
21:22:16.609 [JavaFX Application Thread] DEBUG GameApplicationServi - Removing overlay from FXGLLoadingScene and adding to GameScene
21:22:16.610 [JavaFX Application Thread] DEBUG PrimaryStageWindow   - FXGLLoadingScene -> GameScene
21:22:17.710 [FXGL Background Thread 3 ] DEBUG Engine               - Logging environment variables
21:22:17.710 [FXGL Background Thread 3 ] DEBUG Engine               - achievements: []
21:22:17.710 [FXGL Background Thread 3 ] DEBUG Engine               - actualHeight: 1018.0
21:22:17.710 [FXGL Background Thread 3 ] DEBUG Engine               - actualHeightProperty: ReadOnlyDoubleProperty [value: 1018.0]
21:22:17.710 [FXGL Background Thread 3 ] DEBUG Engine               - actualWidth: 1605.0
21:22:17.710 [FXGL Background Thread 3 ] DEBUG Engine               - actualWidthProperty: ReadOnlyDoubleProperty [value: 1605.0]
21:22:17.710 [FXGL Background Thread 3 ] DEBUG Engine               - appIcon: joker.jpg
21:22:17.710 [FXGL Background Thread 3 ] DEBUG Engine               - applicationMode: DEVELOPER
21:22:17.710 [FXGL Background Thread 3 ] DEBUG Engine               - cSSList: [fxgl_dark.css]
21:22:17.710 [FXGL Background Thread 3 ] DEBUG Engine               - collisionDetectionStrategy: BRUTE_FORCE
21:22:17.710 [FXGL Background Thread 3 ] DEBUG Engine               - configClass: Optional.empty
21:22:17.710 [FXGL Background Thread 3 ] DEBUG Engine               - credits: []
21:22:17.711 [FXGL Background Thread 3 ] DEBUG Engine               - defaultCursor: CursorInfo(imageName=fxgl_default_cursor.png, hotspotX=7.0, hotspotY=6.0)
21:22:17.711 [FXGL Background Thread 3 ] DEBUG Engine               - devBBoxColorProperty: ObjectProperty [value: 0xff0000ff]
21:22:17.711 [FXGL Background Thread 3 ] DEBUG Engine               - devEnableDebugCameraProperty: BooleanProperty [value: false]
21:22:17.711 [FXGL Background Thread 3 ] DEBUG Engine               - devSensorColorProperty: ObjectProperty [value: 0xffff00ff]
21:22:17.711 [FXGL Background Thread 3 ] DEBUG Engine               - devShowBBoxProperty: BooleanProperty [value: false]
21:22:17.711 [FXGL Background Thread 3 ] DEBUG Engine               - devShowPositionProperty: BooleanProperty [value: false]
21:22:17.711 [FXGL Background Thread 3 ] DEBUG Engine               - enabledMenuItems: []
21:22:17.711 [FXGL Background Thread 3 ] DEBUG Engine               - engineServices: [class com.almasb.fxgl.app.services.FXGLAssetLoaderService, class com.almasb.fxgl.app.FXGLApplication$GameApplicationService, class com.almasb.fxgl.app.services.FXGLDialogService, class com.almasb.fxgl.app.services.IOTaskExecutorService, class com.almasb.fxgl.io.FileSystemService, class com.almasb.fxgl.localization.LocalizationService, class com.almasb.fxgl.app.services.SystemBundleService, class com.almasb.fxgl.profile.SaveLoadService, class com.almasb.fxgl.ui.FXGLUIFactoryServiceProvider, class com.almasb.fxgl.ui.FXGLDialogFactoryServiceProvider, class com.almasb.fxgl.audio.AudioPlayer, class com.almasb.fxgl.notification.impl.NotificationServiceProvider, class com.almasb.fxgl.achievement.AchievementService, class com.almasb.fxgl.cutscene.CutsceneService, class com.almasb.fxgl.minigames.MiniGameService, class com.almasb.fxgl.net.NetService, class com.almasb.fxgl.app.services.UpdaterService, class com.almasb.fxgl.dev.DevService]
21:22:17.711 [FXGL Background Thread 3 ] DEBUG Engine               - fontGame: Abel-Regular.ttf
21:22:17.711 [FXGL Background Thread 3 ] DEBUG Engine               - fontMono: TerminalLandMono-Regular.otf
21:22:17.711 [FXGL Background Thread 3 ] DEBUG Engine               - fontText: Courier-Prime.ttf
21:22:17.711 [FXGL Background Thread 3 ] DEBUG Engine               - fontUI: VarelaRound-Regular.ttf
21:22:17.711 [FXGL Background Thread 3 ] DEBUG Engine               - fullScreen: BooleanProperty [value: false]
21:22:17.711 [FXGL Background Thread 3 ] DEBUG Engine               - gameDifficulty: MEDIUM
21:22:17.711 [FXGL Background Thread 3 ] DEBUG Engine               - gameDifficultyProperty: ObjectProperty [value: MEDIUM]
21:22:17.711 [FXGL Background Thread 3 ] DEBUG Engine               - globalMusicVolume: 0.5
21:22:17.711 [FXGL Background Thread 3 ] DEBUG Engine               - globalMusicVolumeProperty: DoubleProperty [value: 0.5]
21:22:17.711 [FXGL Background Thread 3 ] DEBUG Engine               - globalSoundVolume: 0.5
21:22:17.711 [FXGL Background Thread 3 ] DEBUG Engine               - globalSoundVolumeProperty: DoubleProperty [value: 0.8]
21:22:17.711 [FXGL Background Thread 3 ] DEBUG Engine               - height: 1280
21:22:17.711 [FXGL Background Thread 3 ] DEBUG Engine               - is3D: false
21:22:17.711 [FXGL Background Thread 3 ] DEBUG Engine               - isAndroid: false
21:22:17.712 [FXGL Background Thread 3 ] DEBUG Engine               - isBrowser: false
21:22:17.712 [FXGL Background Thread 3 ] DEBUG Engine               - isClickFeedbackEnabled: false
21:22:17.712 [FXGL Background Thread 3 ] DEBUG Engine               - isCloseConfirmation: false
21:22:17.712 [FXGL Background Thread 3 ] DEBUG Engine               - isDesktop: true
21:22:17.712 [FXGL Background Thread 3 ] DEBUG Engine               - isDeveloperMenuEnabled: false
21:22:17.712 [FXGL Background Thread 3 ] DEBUG Engine               - isEmbedded: false
21:22:17.712 [FXGL Background Thread 3 ] DEBUG Engine               - isEntityPreloadEnabled: true
21:22:17.712 [FXGL Background Thread 3 ] DEBUG Engine               - isExperimentalTiledLargeMap: false
21:22:17.712 [FXGL Background Thread 3 ] DEBUG Engine               - isFileSystemWriteAllowed: true
21:22:17.712 [FXGL Background Thread 3 ] DEBUG Engine               - isFullScreenAllowed: false
21:22:17.712 [FXGL Background Thread 3 ] DEBUG Engine               - isFullScreenFromStart: false
21:22:17.712 [FXGL Background Thread 3 ] DEBUG Engine               - isGameMenuEnabled: true
21:22:17.712 [FXGL Background Thread 3 ] DEBUG Engine               - isIOS: false
21:22:17.712 [FXGL Background Thread 3 ] DEBUG Engine               - isIntroEnabled: false
21:22:17.712 [FXGL Background Thread 3 ] DEBUG Engine               - isLinux: false
21:22:17.712 [FXGL Background Thread 3 ] DEBUG Engine               - isMac: false
21:22:17.712 [FXGL Background Thread 3 ] DEBUG Engine               - isMainMenuEnabled: true
21:22:17.712 [FXGL Background Thread 3 ] DEBUG Engine               - isManualResizeEnabled: false
21:22:17.712 [FXGL Background Thread 3 ] DEBUG Engine               - isMobile: false
21:22:17.712 [FXGL Background Thread 3 ] DEBUG Engine               - isNative: false
21:22:17.712 [FXGL Background Thread 3 ] DEBUG Engine               - isPauseMusicWhenMinimized: true
21:22:17.712 [FXGL Background Thread 3 ] DEBUG Engine               - isPreserveResizeRatio: false
21:22:17.712 [FXGL Background Thread 3 ] DEBUG Engine               - isProfilingEnabled: false
21:22:17.712 [FXGL Background Thread 3 ] DEBUG Engine               - isScaleAffectedOnResize: true
21:22:17.712 [FXGL Background Thread 3 ] DEBUG Engine               - isSingleStep: false
21:22:17.712 [FXGL Background Thread 3 ] DEBUG Engine               - isUserProfileEnabled: false
21:22:17.712 [FXGL Background Thread 3 ] DEBUG Engine               - isWindows: true
21:22:17.712 [FXGL Background Thread 3 ] DEBUG Engine               - language: ObjectProperty [value: ENGLISH]
21:22:17.712 [FXGL Background Thread 3 ] DEBUG Engine               - menuKey: ESCAPE
21:22:17.712 [FXGL Background Thread 3 ] DEBUG Engine               - mouseSensitivity: 0.2
21:22:17.712 [FXGL Background Thread 3 ] DEBUG Engine               - notificationViewClass: class com.almasb.fxgl.notification.view.XboxNotificationView
21:22:17.712 [FXGL Background Thread 3 ] DEBUG Engine               - pixelsPerMeter: 50.0
21:22:17.712 [FXGL Background Thread 3 ] DEBUG Engine               - platform: WINDOWS
21:22:17.712 [FXGL Background Thread 3 ] DEBUG Engine               - prefHeightProperty: ReadOnlyDoubleProperty [value: 1280.0]
21:22:17.712 [FXGL Background Thread 3 ] DEBUG Engine               - prefWidthProperty: ReadOnlyDoubleProperty [value: 2048.0]
21:22:17.712 [FXGL Background Thread 3 ] DEBUG Engine               - profileDir: profiles/
21:22:17.712 [FXGL Background Thread 3 ] DEBUG Engine               - profileName: StringProperty [value: DEFAULT]
21:22:17.712 [FXGL Background Thread 3 ] DEBUG Engine               - randomSeed: -1
21:22:17.713 [FXGL Background Thread 3 ] DEBUG Engine               - runtimeInfo: RuntimeInfo(platform=WINDOWS, version=17, build=31.12.2021 18.16)
21:22:17.713 [FXGL Background Thread 3 ] DEBUG Engine               - saveFileExt: sav
21:22:17.713 [FXGL Background Thread 3 ] DEBUG Engine               - scaledHeightProp$fxgl: DoubleProperty [bound, value: 1018.0]
21:22:17.713 [FXGL Background Thread 3 ] DEBUG Engine               - scaledWidthProp$fxgl: DoubleProperty [bound, value: 1605.0]
21:22:17.713 [FXGL Background Thread 3 ] DEBUG Engine               - sceneFactory: com.almasb.fxgl.app.scene.SceneFactory@27f56776
21:22:17.713 [FXGL Background Thread 3 ] DEBUG Engine               - secondsIn24h: 60
21:22:17.713 [FXGL Background Thread 3 ] DEBUG Engine               - soundMenuBack: menu/back.wav
21:22:17.713 [FXGL Background Thread 3 ] DEBUG Engine               - soundMenuPress: menu/press.wav
21:22:17.713 [FXGL Background Thread 3 ] DEBUG Engine               - soundMenuSelect: menu/select.wav
21:22:17.713 [FXGL Background Thread 3 ] DEBUG Engine               - soundNotification: core/notification.wav
21:22:17.713 [FXGL Background Thread 3 ] DEBUG Engine               - stageStyle: DECORATED
21:22:17.713 [FXGL Background Thread 3 ] DEBUG Engine               - supportedLanguages: [ENGLISH, FRENCH, GERMAN, HUNGARIAN, RUSSIAN]
21:22:17.713 [FXGL Background Thread 3 ] DEBUG Engine               - ticksPerSecond: -1
21:22:17.713 [FXGL Background Thread 3 ] DEBUG Engine               - title: TANK
21:22:17.713 [FXGL Background Thread 3 ] DEBUG Engine               - urlGithub: https://github.com/AlmasB/FXGL
21:22:17.713 [FXGL Background Thread 3 ] DEBUG Engine               - urlLeaderboard: http://fxgl-top.herokuapp.com/
21:22:17.713 [FXGL Background Thread 3 ] DEBUG Engine               - urlPOM: https://raw.githubusercontent.com/AlmasB/FXGL/release/README.md
21:22:17.713 [FXGL Background Thread 3 ] DEBUG Engine               - userAppClass: class com.kenny.tank.TankApp
21:22:17.713 [FXGL Background Thread 3 ] DEBUG Engine               - version: 0.1
21:22:17.713 [FXGL Background Thread 3 ] DEBUG Engine               - versionCheckDays: 7
21:22:17.713 [FXGL Background Thread 3 ] DEBUG Engine               - width: 2048
21:22:17.713 [FXGL Background Thread 3 ] DEBUG Engine               - Logging services
21:22:17.713 [FXGL Background Thread 3 ] DEBUG Engine               - class com.almasb.fxgl.app.services.FXGLAssetLoaderService
21:22:17.713 [FXGL Background Thread 3 ] DEBUG Engine               - class com.almasb.fxgl.app.FXGLApplication$GameApplicationService
21:22:17.713 [FXGL Background Thread 3 ] DEBUG Engine               - class com.almasb.fxgl.app.services.FXGLDialogService
21:22:17.713 [FXGL Background Thread 3 ] DEBUG Engine               - class com.almasb.fxgl.app.services.IOTaskExecutorService
21:22:17.713 [FXGL Background Thread 3 ] DEBUG Engine               - class com.almasb.fxgl.io.FileSystemService
21:22:17.714 [FXGL Background Thread 3 ] DEBUG Engine               - class com.almasb.fxgl.localization.LocalizationService
21:22:17.714 [FXGL Background Thread 3 ] DEBUG Engine               - class com.almasb.fxgl.app.services.SystemBundleService
21:22:17.714 [FXGL Background Thread 3 ] DEBUG Engine               - class com.almasb.fxgl.profile.SaveLoadService
21:22:17.714 [FXGL Background Thread 3 ] DEBUG Engine               - class com.almasb.fxgl.ui.FXGLUIFactoryServiceProvider
21:22:17.714 [FXGL Background Thread 3 ] DEBUG Engine               - class com.almasb.fxgl.ui.FXGLDialogFactoryServiceProvider
21:22:17.714 [FXGL Background Thread 3 ] DEBUG Engine               - class com.almasb.fxgl.audio.AudioPlayer
21:22:17.714 [FXGL Background Thread 3 ] DEBUG Engine               - class com.almasb.fxgl.notification.impl.NotificationServiceProvider
21:22:17.714 [FXGL Background Thread 3 ] DEBUG Engine               - class com.almasb.fxgl.achievement.AchievementService
21:22:17.714 [FXGL Background Thread 3 ] DEBUG Engine               - class com.almasb.fxgl.cutscene.CutsceneService
21:22:17.714 [FXGL Background Thread 3 ] DEBUG Engine               - class com.almasb.fxgl.minigames.MiniGameService
21:22:17.714 [FXGL Background Thread 3 ] DEBUG Engine               - class com.almasb.fxgl.net.NetService
21:22:17.714 [FXGL Background Thread 3 ] DEBUG Engine               - class com.almasb.fxgl.app.services.UpdaterService
21:22:17.714 [FXGL Background Thread 3 ] DEBUG Engine               - class com.almasb.fxgl.dev.DevService
21:22:30.835 [JavaFX Application Thread] DEBUG PrimaryStageWindow   - Push state: FXGLDefaultMenu
21:22:30.836 [JavaFX Application Thread] DEBUG Input                - Clearing active input actions
21:22:30.837 [JavaFX Application Thread] DEBUG GameApplicationServi - Removing overlay from GameScene and adding to FXGLDefaultMenu
21:22:30.838 [JavaFX Application Thread] DEBUG PrimaryStageWindow   - GameScene -> FXGLDefaultMenu
21:22:31.556 [JavaFX Application Thread] DEBUG Menu                 - fireExitToMainMenu()
21:22:31.557 [JavaFX Application Thread] DEBUG PrimaryStageWindow   - Push state: DialogSubScene
21:22:31.557 [JavaFX Application Thread] DEBUG Input                - Clearing active input actions
21:22:31.558 [JavaFX Application Thread] DEBUG GameApplicationServi - Removing overlay from FXGLDefaultMenu and adding to DialogSubScene
21:22:31.558 [JavaFX Application Thread] DEBUG PrimaryStageWindow   - FXGLDefaultMenu -> DialogSubScene
21:22:32.140 [JavaFX Application Thread] DEBUG PrimaryStageWindow   - Pop state: DialogSubScene
21:22:32.140 [JavaFX Application Thread] DEBUG Input                - Clearing active input actions
21:22:32.141 [JavaFX Application Thread] DEBUG GameApplicationServi - Removing overlay from DialogSubScene and adding to FXGLDefaultMenu
21:22:32.141 [JavaFX Application Thread] DEBUG PrimaryStageWindow   - FXGLDefaultMenu <- DialogSubScene
21:22:32.141 [JavaFX Application Thread] DEBUG PrimaryStageWindow   - Pop state: FXGLDefaultMenu
21:22:32.141 [JavaFX Application Thread] DEBUG Input                - Clearing active input actions
21:22:32.141 [JavaFX Application Thread] DEBUG GameApplicationServi - Removing overlay from FXGLDefaultMenu and adding to GameScene
21:22:32.141 [JavaFX Application Thread] DEBUG PrimaryStageWindow   - GameScene <- FXGLDefaultMenu
21:22:32.141 [JavaFX Application Thread] DEBUG Input                - Clearing active input actions
21:22:32.145 [JavaFX Application Thread] DEBUG GameApplicationServi - Removing overlay from GameScene and adding to FXGLMainMenuDummyScene
21:22:32.145 [JavaFX Application Thread] DEBUG PrimaryStageWindow   - GameScene -> FXGLMainMenuDummyScene
21:22:32.145 [JavaFX Application Thread] DEBUG PrimaryStageWindow   - Push state: FXGLDefaultMenu
21:22:32.145 [JavaFX Application Thread] DEBUG Input                - Clearing active input actions
21:22:32.148 [JavaFX Application Thread] DEBUG GameApplicationServi - Removing overlay from FXGLMainMenuDummyScene and adding to FXGLDefaultMenu
21:22:32.148 [JavaFX Application Thread] DEBUG PrimaryStageWindow   - FXGLMainMenuDummyScene -> FXGLDefaultMenu
21:22:32.825 [JavaFX Application Thread] DEBUG Menu                 - fireExit()
21:22:32.826 [JavaFX Application Thread] DEBUG PrimaryStageWindow   - Push state: DialogSubScene
21:22:32.826 [JavaFX Application Thread] DEBUG Input                - Clearing active input actions
21:22:32.827 [JavaFX Application Thread] DEBUG GameApplicationServi - Removing overlay from FXGLDefaultMenu and adding to DialogSubScene
21:22:32.827 [JavaFX Application Thread] DEBUG PrimaryStageWindow   - FXGLDefaultMenu -> DialogSubScene
21:22:33.927 [JavaFX Application Thread] DEBUG PrimaryStageWindow   - Pop state: DialogSubScene
21:22:33.927 [JavaFX Application Thread] DEBUG Input                - Clearing active input actions
21:22:33.928 [JavaFX Application Thread] DEBUG GameApplicationServi - Removing overlay from DialogSubScene and adding to FXGLDefaultMenu
21:22:33.928 [JavaFX Application Thread] DEBUG PrimaryStageWindow   - FXGLDefaultMenu <- DialogSubScene
21:22:33.928 [JavaFX Application Thread] DEBUG FXGLApplication      - Exiting FXGL
21:22:33.928 [JavaFX Application Thread] DEBUG LoopRunner           - Stopping loop
21:22:33.928 [JavaFX Application Thread] DEBUG SystemBundleService  - Saving FXGL system data
21:22:33.930 [JavaFX Application Thread] DEBUG FileSystemAccess     - Writing to: E:\java project\tank\system\fxgl.bundle
21:22:33.931 [JavaFX Application Thread] DEBUG Async                - Shutting down background threads
21:22:33.931 [JavaFX Application Thread] DEBUG PrimaryStageWindow   - Closing main window
21:22:33.957 [JavaFX Application Thread] DEBUG Logger               - Closing Logger
