09:52:48.270 [main                     ] DEBUG Logger               - Configured Logger
09:52:48.307 [main                     ] DEBUG GameApplication      - Logging settings
Title: All star battle
Version: 0.1
Width: 2048
Height: 1152
Fullscreen: false
Intro: false
Profiling: false
Single step:false
App Mode: DEVELOPER
Menu Key: ESCAPE
Stage Style: DECORATED
Scene Factory: class com.kenny.AllStarBattle.AllStarBattleApp$1

09:52:48.624 [JavaFX Application Thread] DEBUG FXGLApplication      - Initializing FXGL
09:52:48.629 [JavaFX Application Thread] INFO  Engine               - FXGL-17.1 (24.03.2022 17.34) on WINDOWS (J:17.0.6 FX:18)
09:52:48.629 [JavaFX Application Thread] DEBUG Engine               - JRE Vendor Name: Amazon.com Inc.
09:52:48.630 [JavaFX Application Thread] DEBUG Engine               - Running on OS: Windows 11 version 10.0
09:52:48.630 [JavaFX Application Thread] DEBUG Engine               - Architecture: amd64
09:52:48.630 [JavaFX Application Thread] INFO  Engine               - Source code and latest versions at: https://github.com/AlmasB/FXGL
09:52:48.630 [JavaFX Application Thread] INFO  Engine               -       Ask questions and discuss at: https://github.com/AlmasB/FXGL/discussions
09:52:48.630 [JavaFX Application Thread] INFO  Engine               -              Join the FXGL chat at: https://gitter.im/AlmasB/FXGL
09:52:48.688 [JavaFX Application Thread] DEBUG PrimaryStageWindow   - Creating a JavaFX scene
09:52:48.688 [JavaFX Application Thread] DEBUG PrimaryStageWindow   - Target size > screen size
09:52:48.720 [JavaFX Application Thread] DEBUG PrimaryStageWindow   - Target settings size: 2048.0 x 1152.0
09:52:48.720 [JavaFX Application Thread] DEBUG PrimaryStageWindow   - Scaled scene size:    1682.0 x 960.0
09:52:48.720 [JavaFX Application Thread] DEBUG PrimaryStageWindow   - Scaled ratio: (0.8212890625, 0.8333333333333334)
09:52:48.721 [JavaFX Application Thread] DEBUG PrimaryStageWindow   - Set initial scene to StartScene
09:52:48.725 [JavaFX Application Thread] DEBUG PrimaryStageWindow   - Opening main window
09:52:48.817 [JavaFX Application Thread] DEBUG PrimaryStageWindow   - Window border size: (14.6666259765625, 37.33331298828125)
09:52:48.817 [JavaFX Application Thread] DEBUG PrimaryStageWindow   - Scaled size: 1682.0 x 960.0
09:52:48.817 [JavaFX Application Thread] DEBUG PrimaryStageWindow   - Scaled ratio: (0.8212890625, 0.8333333333333334)
09:52:48.818 [JavaFX Application Thread] DEBUG PrimaryStageWindow   - Scene size: 1682.0 x 960.0
09:52:48.818 [JavaFX Application Thread] DEBUG PrimaryStageWindow   - Stage size: 1696.6666259765625 x 997.3333129882812
09:52:48.822 [FXGL Background Thread 1 ] DEBUG Engine               - Initializing environment variables
09:52:48.845 [FXGL Background Thread 1 ] DEBUG FXGLAssetLoaderServi - User app class for loading assets: class com.kenny.AllStarBattle.AllStarBattleApp
09:52:48.845 [FXGL Background Thread 1 ] DEBUG GameApplicationServi - Applying CSS: fxgl_dark.css
09:52:48.846 [FXGL Background Thread 1 ] DEBUG FXGLAssetLoaderServi - Loading from file system: jar:file:///C:/Users/10273/.m2/repository/com/github/almasb/fxgl/17.1/fxgl-17.1.jar!/fxglassets/ui/css/fxgl_dark.css
09:52:48.881 [FXGL Background Thread 1 ] DEBUG GameApplicationServi - Applying CSS: tank.css
09:52:48.881 [FXGL Background Thread 1 ] DEBUG FXGLAssetLoaderServi - Loading from file system: file:/E:/java%20project/tank/target/classes/assets/ui/css/tank.css
09:52:48.882 [FXGL Background Thread 1 ] DEBUG GameApplicationServi - Initializing application scenes
09:52:48.886 [FXGL Background Thread 1 ] DEBUG GameWorld            - Game world initialized
09:52:48.935 [FXGL Background Thread 1 ] DEBUG PhysicsWorld         - Physics world initialized: appHeight=1152, physics.ppm=50.0
09:52:48.935 [FXGL Background Thread 1 ] DEBUG PhysicsWorld         - Using strategy: BRUTE_FORCE
09:52:48.939 [FXGL Background Thread 1 ] DEBUG GameScene            - Game scene initialized: 2048x1152
09:52:48.942 [FXGL Background Thread 1 ] DEBUG FXGLAssetLoaderServi - Loading from file system: file:/E:/java%20project/tank/target/classes/assets/textures/MainMenu.png
09:52:49.051 [FXGL Background Thread 1 ] DEBUG FXGLAssetLoaderServi - Loading from file system: file:/E:/java%20project/tank/target/classes/assets/textures/R-C.jpg
09:52:49.073 [FXGL Background Thread 1 ] DEBUG FXGL.DefaultMenu     - createMenuBodyGameMenu()
09:52:49.080 [FXGL Background Thread 1 ] DEBUG FXGL.DefaultMenu     - createOptionsMenu()
09:52:49.086 [FXGL Background Thread 1 ] DEBUG FXGLAssetLoaderServi - Loading from file system: jar:file:///C:/Users/10273/.m2/repository/com/github/almasb/fxgl/17.1/fxgl-17.1.jar!/fxglassets/textures/particles/smoke.png
09:52:49.149 [FXGL Background Thread 1 ] DEBUG FXGLAssetLoaderServi - Loading from file system: jar:file:///C:/Users/10273/.m2/repository/com/github/almasb/fxgl/17.1/fxgl-17.1.jar!/fxglassets/textures/particles/trace_horizontal.png
09:52:49.161 [FXGL Background Thread 1 ] DEBUG GameApplicationServi - Application scenes initialized
09:52:49.168 [FXGL Background Thread 1 ] DEBUG SystemBundleService  - Loading FXGL system data
09:52:49.171 [FXGL Background Thread 1 ] DEBUG FileSystemAccess     - Reading from: E:\java project\tank\system\fxgl.bundle
09:52:49.176 [FXGL Background Thread 1 ] DEBUG SystemBundleService  - Bundle FXGL: {}
09:52:49.176 [FXGL Background Thread 1 ] DEBUG UpdaterService       - Checking for updates
09:52:49.178 [FXGL Background Thread 4 ] DEBUG FXGLApplication      - Loading fonts
09:52:49.178 [FXGL Background Thread 1 ] DEBUG FXGLApplication      - Loading default localization
09:52:49.179 [FXGL Background Thread 4 ] DEBUG FXGLAssetLoaderServi - Loading from file system: jar:file:///C:/Users/10273/.m2/repository/com/github/almasb/fxgl/17.1/fxgl-17.1.jar!/fxglassets/ui/fonts/VarelaRound-Regular.ttf
09:52:49.179 [FXGL Background Thread 1 ] DEBUG FXGLAssetLoaderServi - Loading from file system: jar:file:///C:/Users/10273/.m2/repository/com/github/almasb/fxgl/17.1/fxgl-17.1.jar!/fxglassets/languages/english.lang
09:52:49.212 [FXGL Background Thread 1 ] INFO  FXGLApplication      - FXGL initialization took: 0.390 sec
09:52:49.227 [FXGL Background Thread 4 ] DEBUG FXGLAssetLoaderServi - Loading from file system: jar:file:///C:/Users/10273/.m2/repository/com/github/almasb/fxgl/17.1/fxgl-17.1.jar!/fxglassets/ui/fonts/Abel-Regular.ttf
09:52:49.229 [JavaFX Application Thread] DEBUG Input                - Registered new binding: action0 - Up
09:52:49.229 [JavaFX Application Thread] DEBUG Input                - Registered new binding: action1 - Down
09:52:49.230 [FXGL Background Thread 4 ] DEBUG FXGLAssetLoaderServi - Loading from file system: jar:file:///C:/Users/10273/.m2/repository/com/github/almasb/fxgl/17.1/fxgl-17.1.jar!/fxglassets/ui/fonts/TerminalLandMono-Regular.otf
09:52:49.230 [JavaFX Application Thread] DEBUG Input                - Registered new binding: action2 - Left
09:52:49.231 [JavaFX Application Thread] DEBUG Input                - Registered new binding: action3 - Right
09:52:49.232 [JavaFX Application Thread] DEBUG Input                - Registered new binding: action4 - Space
09:52:49.232 [JavaFX Application Thread] DEBUG FXGLAssetLoaderServi - Loading from file system: file:/E:/java%20project/tank/target/classes/assets/textures/joker.jpg
09:52:49.232 [FXGL Background Thread 4 ] DEBUG FXGLAssetLoaderServi - Loading from file system: jar:file:///C:/Users/10273/.m2/repository/com/github/almasb/fxgl/17.1/fxgl-17.1.jar!/fxglassets/ui/fonts/Courier-Prime.ttf
09:52:49.245 [JavaFX Application Thread] DEBUG FXGLAssetLoaderServi - Loading from file system: jar:file:///C:/Users/10273/.m2/repository/com/github/almasb/fxgl/17.1/fxgl-17.1.jar!/fxglassets/textures/fxgl_default_cursor.png
09:52:49.247 [JavaFX Application Thread] DEBUG Input                - Registered new binding: Screenshot - CTRL+8
09:52:49.247 [JavaFX Application Thread] DEBUG Input                - Registered new binding: System info dump - CTRL+9
09:52:49.247 [JavaFX Application Thread] DEBUG Input                - Registered new binding: Restart - CTRL+R
09:52:49.248 [JavaFX Application Thread] DEBUG Input                - Registered new binding: Toggle Debug Camera - CTRL+7
09:52:49.253 [JavaFX Application Thread] DEBUG LoopRunner           - Starting loop
09:52:49.254 [JavaFX Application Thread] DEBUG LoopRunner           - Initializing JavaFX AnimationTimerLoop
09:52:49.257 [JavaFX Application Thread] DEBUG Input                - Clearing active input actions
09:52:49.261 [JavaFX Application Thread] DEBUG GameApplicationServi - Removing overlay from StartScene and adding to FXGLMainMenuDummyScene
09:52:49.261 [JavaFX Application Thread] DEBUG PrimaryStageWindow   - StartScene -> FXGLMainMenuDummyScene
09:52:49.261 [JavaFX Application Thread] DEBUG PrimaryStageWindow   - Push state: Main_menu
09:52:49.263 [JavaFX Application Thread] DEBUG Input                - Clearing active input actions
09:52:49.276 [JavaFX Application Thread] DEBUG GameApplicationServi - Removing overlay from FXGLMainMenuDummyScene and adding to Main_menu
09:52:49.276 [JavaFX Application Thread] DEBUG PrimaryStageWindow   - FXGLMainMenuDummyScene -> Main_menu
09:52:49.277 [JavaFX Application Thread] DEBUG FXGLApplication      - Registering font factories with UI factory
09:52:49.987 [FXGL Background Thread 2 ] INFO  UpdaterService       - Your current version:  17.1
09:52:49.987 [FXGL Background Thread 2 ] INFO  UpdaterService       - Latest stable version: 17.3
09:52:52.180 [FXGL Background Thread 3 ] DEBUG Engine               - Logging environment variables
09:52:52.185 [FXGL Background Thread 3 ] DEBUG Engine               - achievements: []
09:52:52.185 [FXGL Background Thread 3 ] DEBUG Engine               - actualHeight: 960.0
09:52:52.185 [FXGL Background Thread 3 ] DEBUG Engine               - actualHeightProperty: ReadOnlyDoubleProperty [value: 960.0]
09:52:52.185 [FXGL Background Thread 3 ] DEBUG Engine               - actualWidth: 1682.0
09:52:52.185 [FXGL Background Thread 3 ] DEBUG Engine               - actualWidthProperty: ReadOnlyDoubleProperty [value: 1682.0]
09:52:52.185 [FXGL Background Thread 3 ] DEBUG Engine               - appIcon: joker.jpg
09:52:52.185 [FXGL Background Thread 3 ] DEBUG Engine               - applicationMode: DEVELOPER
09:52:52.185 [FXGL Background Thread 3 ] DEBUG Engine               - cSSList: [fxgl_dark.css, tank.css]
09:52:52.185 [FXGL Background Thread 3 ] DEBUG Engine               - collisionDetectionStrategy: BRUTE_FORCE
09:52:52.185 [FXGL Background Thread 3 ] DEBUG Engine               - configClass: Optional.empty
09:52:52.185 [FXGL Background Thread 3 ] DEBUG Engine               - credits: []
09:52:52.191 [FXGL Background Thread 3 ] DEBUG Engine               - defaultCursor: CursorInfo(imageName=fxgl_default_cursor.png, hotspotX=7.0, hotspotY=6.0)
09:52:52.192 [FXGL Background Thread 3 ] DEBUG Engine               - devBBoxColorProperty: ObjectProperty [value: 0xff0000ff]
09:52:52.192 [FXGL Background Thread 3 ] DEBUG Engine               - devEnableDebugCameraProperty: BooleanProperty [value: false]
09:52:52.192 [FXGL Background Thread 3 ] DEBUG Engine               - devSensorColorProperty: ObjectProperty [value: 0xffff00ff]
09:52:52.192 [FXGL Background Thread 3 ] DEBUG Engine               - devShowBBoxProperty: BooleanProperty [value: false]
09:52:52.192 [FXGL Background Thread 3 ] DEBUG Engine               - devShowPositionProperty: BooleanProperty [value: false]
09:52:52.192 [FXGL Background Thread 3 ] DEBUG Engine               - enabledMenuItems: []
09:52:52.192 [FXGL Background Thread 3 ] DEBUG Engine               - engineServices: [class com.almasb.fxgl.app.services.FXGLAssetLoaderService, class com.almasb.fxgl.app.FXGLApplication$GameApplicationService, class com.almasb.fxgl.app.services.FXGLDialogService, class com.almasb.fxgl.app.services.IOTaskExecutorService, class com.almasb.fxgl.io.FileSystemService, class com.almasb.fxgl.localization.LocalizationService, class com.almasb.fxgl.app.services.SystemBundleService, class com.almasb.fxgl.profile.SaveLoadService, class com.almasb.fxgl.ui.FXGLUIFactoryServiceProvider, class com.almasb.fxgl.ui.FXGLDialogFactoryServiceProvider, class com.almasb.fxgl.audio.AudioPlayer, class com.almasb.fxgl.notification.impl.NotificationServiceProvider, class com.almasb.fxgl.achievement.AchievementService, class com.almasb.fxgl.cutscene.CutsceneService, class com.almasb.fxgl.minigames.MiniGameService, class com.almasb.fxgl.net.NetService, class com.almasb.fxgl.app.services.UpdaterService, class com.almasb.fxgl.dev.DevService]
09:52:52.192 [FXGL Background Thread 3 ] DEBUG Engine               - fontGame: Abel-Regular.ttf
09:52:52.192 [FXGL Background Thread 3 ] DEBUG Engine               - fontMono: TerminalLandMono-Regular.otf
09:52:52.193 [FXGL Background Thread 3 ] DEBUG Engine               - fontText: Courier-Prime.ttf
09:52:52.193 [FXGL Background Thread 3 ] DEBUG Engine               - fontUI: VarelaRound-Regular.ttf
09:52:52.193 [FXGL Background Thread 3 ] DEBUG Engine               - fullScreen: BooleanProperty [value: false]
09:52:52.193 [FXGL Background Thread 3 ] DEBUG Engine               - gameDifficulty: MEDIUM
09:52:52.193 [FXGL Background Thread 3 ] DEBUG Engine               - gameDifficultyProperty: ObjectProperty [value: MEDIUM]
09:52:52.193 [FXGL Background Thread 3 ] DEBUG Engine               - globalMusicVolume: 0.5
09:52:52.193 [FXGL Background Thread 3 ] DEBUG Engine               - globalMusicVolumeProperty: DoubleProperty [value: 0.5]
09:52:52.193 [FXGL Background Thread 3 ] DEBUG Engine               - globalSoundVolume: 0.5
09:52:52.193 [FXGL Background Thread 3 ] DEBUG Engine               - globalSoundVolumeProperty: DoubleProperty [value: 0.8]
09:52:52.193 [FXGL Background Thread 3 ] DEBUG Engine               - height: 1152
09:52:52.193 [FXGL Background Thread 3 ] DEBUG Engine               - is3D: false
09:52:52.193 [FXGL Background Thread 3 ] DEBUG Engine               - isAndroid: false
09:52:52.193 [FXGL Background Thread 3 ] DEBUG Engine               - isBrowser: false
09:52:52.193 [FXGL Background Thread 3 ] DEBUG Engine               - isClickFeedbackEnabled: false
09:52:52.193 [FXGL Background Thread 3 ] DEBUG Engine               - isCloseConfirmation: false
09:52:52.193 [FXGL Background Thread 3 ] DEBUG Engine               - isDesktop: true
09:52:52.193 [FXGL Background Thread 3 ] DEBUG Engine               - isDeveloperMenuEnabled: false
09:52:52.193 [FXGL Background Thread 3 ] DEBUG Engine               - isEmbedded: false
09:52:52.193 [FXGL Background Thread 3 ] DEBUG Engine               - isEntityPreloadEnabled: true
09:52:52.193 [FXGL Background Thread 3 ] DEBUG Engine               - isExperimentalTiledLargeMap: false
09:52:52.193 [FXGL Background Thread 3 ] DEBUG Engine               - isFileSystemWriteAllowed: true
09:52:52.193 [FXGL Background Thread 3 ] DEBUG Engine               - isFullScreenAllowed: false
09:52:52.193 [FXGL Background Thread 3 ] DEBUG Engine               - isFullScreenFromStart: false
09:52:52.193 [FXGL Background Thread 3 ] DEBUG Engine               - isGameMenuEnabled: true
09:52:52.193 [FXGL Background Thread 3 ] DEBUG Engine               - isIOS: false
09:52:52.193 [FXGL Background Thread 3 ] DEBUG Engine               - isIntroEnabled: false
09:52:52.194 [FXGL Background Thread 3 ] DEBUG Engine               - isLinux: false
09:52:52.194 [FXGL Background Thread 3 ] DEBUG Engine               - isMac: false
09:52:52.194 [FXGL Background Thread 3 ] DEBUG Engine               - isMainMenuEnabled: true
09:52:52.194 [FXGL Background Thread 3 ] DEBUG Engine               - isManualResizeEnabled: false
09:52:52.195 [FXGL Background Thread 3 ] DEBUG Engine               - isMobile: false
09:52:52.195 [FXGL Background Thread 3 ] DEBUG Engine               - isNative: false
09:52:52.195 [FXGL Background Thread 3 ] DEBUG Engine               - isPauseMusicWhenMinimized: true
09:52:52.196 [FXGL Background Thread 3 ] DEBUG Engine               - isPreserveResizeRatio: false
09:52:52.196 [FXGL Background Thread 3 ] DEBUG Engine               - isProfilingEnabled: false
09:52:52.196 [FXGL Background Thread 3 ] DEBUG Engine               - isScaleAffectedOnResize: true
09:52:52.196 [FXGL Background Thread 3 ] DEBUG Engine               - isSingleStep: false
09:52:52.196 [FXGL Background Thread 3 ] DEBUG Engine               - isUserProfileEnabled: false
09:52:52.196 [FXGL Background Thread 3 ] DEBUG Engine               - isWindows: true
09:52:52.196 [FXGL Background Thread 3 ] DEBUG Engine               - language: ObjectProperty [value: ENGLISH]
09:52:52.196 [FXGL Background Thread 3 ] DEBUG Engine               - menuKey: ESCAPE
09:52:52.196 [FXGL Background Thread 3 ] DEBUG Engine               - mouseSensitivity: 0.2
09:52:52.196 [FXGL Background Thread 3 ] DEBUG Engine               - notificationViewClass: class com.almasb.fxgl.notification.view.XboxNotificationView
09:52:52.196 [FXGL Background Thread 3 ] DEBUG Engine               - pixelsPerMeter: 50.0
09:52:52.196 [FXGL Background Thread 3 ] DEBUG Engine               - platform: WINDOWS
09:52:52.196 [FXGL Background Thread 3 ] DEBUG Engine               - prefHeightProperty: ReadOnlyDoubleProperty [value: 1152.0]
09:52:52.196 [FXGL Background Thread 3 ] DEBUG Engine               - prefWidthProperty: ReadOnlyDoubleProperty [value: 2048.0]
09:52:52.196 [FXGL Background Thread 3 ] DEBUG Engine               - profileDir: profiles/
09:52:52.196 [FXGL Background Thread 3 ] DEBUG Engine               - profileName: StringProperty [value: DEFAULT]
09:52:52.196 [FXGL Background Thread 3 ] DEBUG Engine               - randomSeed: -1
09:52:52.198 [FXGL Background Thread 3 ] DEBUG Engine               - runtimeInfo: RuntimeInfo(platform=WINDOWS, version=17.1, build=24.03.2022 17.34)
09:52:52.198 [FXGL Background Thread 3 ] DEBUG Engine               - saveFileExt: sav
09:52:52.198 [FXGL Background Thread 3 ] DEBUG Engine               - scaledHeightProp$fxgl: DoubleProperty [bound, value: 960.0]
09:52:52.198 [FXGL Background Thread 3 ] DEBUG Engine               - scaledWidthProp$fxgl: DoubleProperty [bound, value: 1682.0]
09:52:52.198 [FXGL Background Thread 3 ] DEBUG Engine               - sceneFactory: com.kenny.AllStarBattle.AllStarBattleApp$1@3f204158
09:52:52.198 [FXGL Background Thread 3 ] DEBUG Engine               - secondsIn24h: 60
09:52:52.198 [FXGL Background Thread 3 ] DEBUG Engine               - soundMenuBack: menu/back.wav
09:52:52.198 [FXGL Background Thread 3 ] DEBUG Engine               - soundMenuPress: menu/press.wav
09:52:52.198 [FXGL Background Thread 3 ] DEBUG Engine               - soundMenuSelect: menu/select.wav
09:52:52.198 [FXGL Background Thread 3 ] DEBUG Engine               - soundNotification: core/notification.wav
09:52:52.198 [FXGL Background Thread 3 ] DEBUG Engine               - stageStyle: DECORATED
09:52:52.198 [FXGL Background Thread 3 ] DEBUG Engine               - supportedLanguages: [ENGLISH, FRENCH, GERMAN, HUNGARIAN, RUSSIAN]
09:52:52.198 [FXGL Background Thread 3 ] DEBUG Engine               - ticksPerSecond: -1
09:52:52.198 [FXGL Background Thread 3 ] DEBUG Engine               - title: All star battle
09:52:52.198 [FXGL Background Thread 3 ] DEBUG Engine               - urlGithub: https://github.com/AlmasB/FXGL
09:52:52.198 [FXGL Background Thread 3 ] DEBUG Engine               - urlLeaderboard: http://fxgl-top.herokuapp.com/
09:52:52.198 [FXGL Background Thread 3 ] DEBUG Engine               - urlPOM: https://raw.githubusercontent.com/AlmasB/FXGL/release/README.md
09:52:52.198 [FXGL Background Thread 3 ] DEBUG Engine               - userAppClass: class com.kenny.AllStarBattle.AllStarBattleApp
09:52:52.198 [FXGL Background Thread 3 ] DEBUG Engine               - version: 0.1
09:52:52.198 [FXGL Background Thread 3 ] DEBUG Engine               - versionCheckDays: 7
09:52:52.198 [FXGL Background Thread 3 ] DEBUG Engine               - width: 2048
09:52:52.198 [FXGL Background Thread 3 ] DEBUG Engine               - Logging services
09:52:52.198 [FXGL Background Thread 3 ] DEBUG Engine               - class com.almasb.fxgl.app.services.FXGLAssetLoaderService
09:52:52.198 [FXGL Background Thread 3 ] DEBUG Engine               - class com.almasb.fxgl.app.FXGLApplication$GameApplicationService
09:52:52.198 [FXGL Background Thread 3 ] DEBUG Engine               - class com.almasb.fxgl.app.services.FXGLDialogService
09:52:52.198 [FXGL Background Thread 3 ] DEBUG Engine               - class com.almasb.fxgl.app.services.IOTaskExecutorService
09:52:52.198 [FXGL Background Thread 3 ] DEBUG Engine               - class com.almasb.fxgl.io.FileSystemService
09:52:52.198 [FXGL Background Thread 3 ] DEBUG Engine               - class com.almasb.fxgl.localization.LocalizationService
09:52:52.198 [FXGL Background Thread 3 ] DEBUG Engine               - class com.almasb.fxgl.app.services.SystemBundleService
09:52:52.198 [FXGL Background Thread 3 ] DEBUG Engine               - class com.almasb.fxgl.profile.SaveLoadService
09:52:52.198 [FXGL Background Thread 3 ] DEBUG Engine               - class com.almasb.fxgl.ui.FXGLUIFactoryServiceProvider
09:52:52.198 [FXGL Background Thread 3 ] DEBUG Engine               - class com.almasb.fxgl.ui.FXGLDialogFactoryServiceProvider
09:52:52.198 [FXGL Background Thread 3 ] DEBUG Engine               - class com.almasb.fxgl.audio.AudioPlayer
09:52:52.198 [FXGL Background Thread 3 ] DEBUG Engine               - class com.almasb.fxgl.notification.impl.NotificationServiceProvider
09:52:52.198 [FXGL Background Thread 3 ] DEBUG Engine               - class com.almasb.fxgl.achievement.AchievementService
09:52:52.198 [FXGL Background Thread 3 ] DEBUG Engine               - class com.almasb.fxgl.cutscene.CutsceneService
09:52:52.198 [FXGL Background Thread 3 ] DEBUG Engine               - class com.almasb.fxgl.minigames.MiniGameService
09:52:52.198 [FXGL Background Thread 3 ] DEBUG Engine               - class com.almasb.fxgl.net.NetService
09:52:52.198 [FXGL Background Thread 3 ] DEBUG Engine               - class com.almasb.fxgl.app.services.UpdaterService
09:52:52.198 [FXGL Background Thread 3 ] DEBUG Engine               - class com.almasb.fxgl.dev.DevService
09:53:03.965 [JavaFX Application Thread] DEBUG FXGLApplication      - Exiting FXGL
09:53:03.965 [JavaFX Application Thread] DEBUG LoopRunner           - Stopping loop
09:53:03.965 [JavaFX Application Thread] DEBUG SystemBundleService  - Saving FXGL system data
09:53:03.966 [JavaFX Application Thread] DEBUG FileSystemAccess     - Writing to: E:\java project\tank\system\fxgl.bundle
09:53:03.967 [JavaFX Application Thread] DEBUG Async                - Shutting down background threads
09:53:03.967 [JavaFX Application Thread] DEBUG PrimaryStageWindow   - Closing main window
09:53:04.003 [JavaFX Application Thread] DEBUG Logger               - Closing Logger
