19:44:49.866 [main                     ] DEBUG Logger               - Configured Logger
19:44:49.882 [main                     ] DEBUG GameApplication      - Logging settings
Title: All star battle
Version: 0.1
Width: 2048
Height: 1152
Fullscreen: false
Intro: false
Profiling: false
Single step:false
App Mode: DEVELOPER
Menu Key: ESCAPE
Stage Style: DECORATED
Scene Factory: class com.kenny.tank.AllStarBattleApp$1

19:44:50.130 [JavaFX Application Thread] DEBUG FXGLApplication      - Initializing FXGL
19:44:50.134 [JavaFX Application Thread] INFO  Engine               - FXGL-17.1 (24.03.2022 17.34) on WINDOWS (J:17.0.6 FX:18)
19:44:50.134 [JavaFX Application Thread] DEBUG Engine               - JRE Vendor Name: Amazon.com Inc.
19:44:50.134 [JavaFX Application Thread] DEBUG Engine               - Running on OS: Windows 11 version 10.0
19:44:50.134 [JavaFX Application Thread] DEBUG Engine               - Architecture: amd64
19:44:50.134 [JavaFX Application Thread] INFO  Engine               - Source code and latest versions at: https://github.com/AlmasB/FXGL
19:44:50.134 [JavaFX Application Thread] INFO  Engine               -       Ask questions and discuss at: https://github.com/AlmasB/FXGL/discussions
19:44:50.134 [JavaFX Application Thread] INFO  Engine               -              Join the FXGL chat at: https://gitter.im/AlmasB/FXGL
19:44:50.175 [JavaFX Application Thread] DEBUG PrimaryStageWindow   - Creating a JavaFX scene
19:44:50.175 [JavaFX Application Thread] DEBUG PrimaryStageWindow   - Target size > screen size
19:44:50.200 [JavaFX Application Thread] DEBUG PrimaryStageWindow   - Target settings size: 2048.0 x 1152.0
19:44:50.200 [JavaFX Application Thread] DEBUG PrimaryStageWindow   - Scaled scene size:    1682.0 x 960.0
19:44:50.200 [JavaFX Application Thread] DEBUG PrimaryStageWindow   - Scaled ratio: (0.8212890625, 0.8333333333333334)
19:44:50.201 [JavaFX Application Thread] DEBUG PrimaryStageWindow   - Set initial scene to StartScene
19:44:50.205 [JavaFX Application Thread] DEBUG PrimaryStageWindow   - Opening main window
19:44:50.253 [JavaFX Application Thread] DEBUG PrimaryStageWindow   - Window border size: (14.6666259765625, 37.33331298828125)
19:44:50.254 [JavaFX Application Thread] DEBUG PrimaryStageWindow   - Scaled size: 1682.0 x 960.0
19:44:50.254 [JavaFX Application Thread] DEBUG PrimaryStageWindow   - Scaled ratio: (0.8212890625, 0.8333333333333334)
19:44:50.254 [JavaFX Application Thread] DEBUG PrimaryStageWindow   - Scene size: 1682.0 x 960.0
19:44:50.254 [JavaFX Application Thread] DEBUG PrimaryStageWindow   - Stage size: 1696.6666259765625 x 997.3333129882812
19:44:50.258 [FXGL Background Thread 1 ] DEBUG Engine               - Initializing environment variables
19:44:50.284 [FXGL Background Thread 1 ] DEBUG FXGLAssetLoaderServi - User app class for loading assets: class com.kenny.tank.AllStarBattleApp
19:44:50.284 [FXGL Background Thread 1 ] DEBUG GameApplicationServi - Applying CSS: fxgl_dark.css
19:44:50.284 [FXGL Background Thread 1 ] DEBUG FXGLAssetLoaderServi - Loading from file system: jar:file:///C:/Users/10273/.m2/repository/com/github/almasb/fxgl/17.1/fxgl-17.1.jar!/fxglassets/ui/css/fxgl_dark.css
19:44:50.317 [FXGL Background Thread 1 ] DEBUG GameApplicationServi - Applying CSS: tank.css
19:44:50.319 [FXGL Background Thread 1 ] DEBUG FXGLAssetLoaderServi - Loading from file system: file:/E:/java%20project/tank/target/classes/assets/ui/css/tank.css
19:44:50.319 [FXGL Background Thread 1 ] DEBUG GameApplicationServi - Initializing application scenes
19:44:50.322 [FXGL Background Thread 1 ] DEBUG GameWorld            - Game world initialized
19:44:50.365 [FXGL Background Thread 1 ] DEBUG PhysicsWorld         - Physics world initialized: appHeight=1152, physics.ppm=50.0
19:44:50.365 [FXGL Background Thread 1 ] DEBUG PhysicsWorld         - Using strategy: BRUTE_FORCE
19:44:50.368 [FXGL Background Thread 1 ] DEBUG GameScene            - Game scene initialized: 2048x1152
19:44:50.371 [FXGL Background Thread 1 ] DEBUG FXGLAssetLoaderServi - Loading from file system: file:/E:/java%20project/tank/target/classes/assets/textures/MainMenu.png
19:44:50.460 [FXGL Background Thread 1 ] DEBUG FXGL.DefaultMenu     - createMenuBodyGameMenu()
19:44:50.467 [FXGL Background Thread 1 ] DEBUG FXGL.DefaultMenu     - createOptionsMenu()
19:44:50.472 [FXGL Background Thread 1 ] DEBUG FXGLAssetLoaderServi - Loading from file system: jar:file:///C:/Users/10273/.m2/repository/com/github/almasb/fxgl/17.1/fxgl-17.1.jar!/fxglassets/textures/particles/smoke.png
19:44:50.525 [FXGL Background Thread 1 ] DEBUG FXGLAssetLoaderServi - Loading from file system: jar:file:///C:/Users/10273/.m2/repository/com/github/almasb/fxgl/17.1/fxgl-17.1.jar!/fxglassets/textures/particles/trace_horizontal.png
19:44:50.541 [FXGL Background Thread 1 ] DEBUG GameApplicationServi - Application scenes initialized
19:44:50.549 [FXGL Background Thread 1 ] DEBUG SystemBundleService  - Loading FXGL system data
19:44:50.551 [FXGL Background Thread 1 ] DEBUG FileSystemAccess     - Reading from: E:\java project\tank\system\fxgl.bundle
19:44:50.555 [FXGL Background Thread 1 ] DEBUG SystemBundleService  - Bundle FXGL: {}
19:44:50.555 [FXGL Background Thread 1 ] DEBUG UpdaterService       - Checking for updates
19:44:50.558 [FXGL Background Thread 4 ] DEBUG FXGLApplication      - Loading fonts
19:44:50.558 [FXGL Background Thread 4 ] DEBUG FXGLAssetLoaderServi - Loading from file system: jar:file:///C:/Users/10273/.m2/repository/com/github/almasb/fxgl/17.1/fxgl-17.1.jar!/fxglassets/ui/fonts/VarelaRound-Regular.ttf
19:44:50.558 [FXGL Background Thread 1 ] DEBUG FXGLApplication      - Loading default localization
19:44:50.559 [FXGL Background Thread 1 ] DEBUG FXGLAssetLoaderServi - Loading from file system: jar:file:///C:/Users/10273/.m2/repository/com/github/almasb/fxgl/17.1/fxgl-17.1.jar!/fxglassets/languages/english.lang
19:44:50.584 [FXGL Background Thread 1 ] INFO  FXGLApplication      - FXGL initialization took: 0.326 sec
19:44:50.594 [JavaFX Application Thread] DEBUG Input                - Registered new binding: action0 - Up
19:44:50.594 [JavaFX Application Thread] DEBUG Input                - Registered new binding: action1 - Down
19:44:50.595 [JavaFX Application Thread] DEBUG Input                - Registered new binding: action2 - Left
19:44:50.596 [JavaFX Application Thread] DEBUG Input                - Registered new binding: action3 - Right
19:44:50.596 [JavaFX Application Thread] DEBUG Input                - Registered new binding: action4 - Space
19:44:50.597 [JavaFX Application Thread] DEBUG FXGLAssetLoaderServi - Loading from file system: file:/E:/java%20project/tank/target/classes/assets/textures/joker.jpg
19:44:50.611 [FXGL Background Thread 4 ] DEBUG FXGLAssetLoaderServi - Loading from file system: jar:file:///C:/Users/10273/.m2/repository/com/github/almasb/fxgl/17.1/fxgl-17.1.jar!/fxglassets/ui/fonts/Abel-Regular.ttf
19:44:50.613 [FXGL Background Thread 4 ] DEBUG FXGLAssetLoaderServi - Loading from file system: jar:file:///C:/Users/10273/.m2/repository/com/github/almasb/fxgl/17.1/fxgl-17.1.jar!/fxglassets/ui/fonts/TerminalLandMono-Regular.otf
19:44:50.615 [FXGL Background Thread 4 ] DEBUG FXGLAssetLoaderServi - Loading from file system: jar:file:///C:/Users/10273/.m2/repository/com/github/almasb/fxgl/17.1/fxgl-17.1.jar!/fxglassets/ui/fonts/Courier-Prime.ttf
19:44:50.623 [JavaFX Application Thread] DEBUG FXGLAssetLoaderServi - Loading from file system: jar:file:///C:/Users/10273/.m2/repository/com/github/almasb/fxgl/17.1/fxgl-17.1.jar!/fxglassets/textures/fxgl_default_cursor.png
19:44:50.624 [JavaFX Application Thread] DEBUG Input                - Registered new binding: Screenshot - CTRL+8
19:44:50.625 [JavaFX Application Thread] DEBUG Input                - Registered new binding: System info dump - CTRL+9
19:44:50.625 [JavaFX Application Thread] DEBUG Input                - Registered new binding: Restart - CTRL+R
19:44:50.626 [JavaFX Application Thread] DEBUG Input                - Registered new binding: Toggle Debug Camera - CTRL+7
19:44:50.628 [JavaFX Application Thread] DEBUG LoopRunner           - Starting loop
19:44:50.628 [JavaFX Application Thread] DEBUG LoopRunner           - Initializing JavaFX AnimationTimerLoop
19:44:50.631 [JavaFX Application Thread] DEBUG Input                - Clearing active input actions
19:44:50.637 [JavaFX Application Thread] DEBUG GameApplicationServi - Removing overlay from StartScene and adding to FXGLMainMenuDummyScene
19:44:50.637 [JavaFX Application Thread] DEBUG PrimaryStageWindow   - StartScene -> FXGLMainMenuDummyScene
19:44:50.637 [JavaFX Application Thread] DEBUG PrimaryStageWindow   - Push state: Main_menu
19:44:50.638 [JavaFX Application Thread] DEBUG Input                - Clearing active input actions
19:44:50.646 [JavaFX Application Thread] DEBUG GameApplicationServi - Removing overlay from FXGLMainMenuDummyScene and adding to Main_menu
19:44:50.646 [JavaFX Application Thread] DEBUG PrimaryStageWindow   - FXGLMainMenuDummyScene -> Main_menu
19:44:50.650 [JavaFX Application Thread] DEBUG FXGLApplication      - Registering font factories with UI factory
19:44:50.979 [JavaFX Application Thread] DEBUG GameApplicationServi - Starting new game
19:44:50.979 [JavaFX Application Thread] DEBUG PrimaryStageWindow   - Pop state: Main_menu
19:44:50.979 [JavaFX Application Thread] DEBUG Input                - Clearing active input actions
19:44:50.979 [JavaFX Application Thread] DEBUG GameApplicationServi - Removing overlay from Main_menu and adding to FXGLMainMenuDummyScene
19:44:50.980 [JavaFX Application Thread] DEBUG PrimaryStageWindow   - FXGLMainMenuDummyScene <- Main_menu
19:44:50.980 [JavaFX Application Thread] DEBUG Input                - Clearing active input actions
19:44:50.984 [JavaFX Application Thread] DEBUG GameApplicationServi - Removing overlay from FXGLMainMenuDummyScene and adding to Loading_Scene
19:44:50.985 [JavaFX Application Thread] DEBUG PrimaryStageWindow   - FXGLMainMenuDummyScene -> Loading_Scene
19:44:50.985 [JavaFX Application Thread] DEBUG GameApplicationServi - Clearing previous game
19:44:50.985 [JavaFX Application Thread] DEBUG GameScene            - Clearing game scene
19:44:50.985 [JavaFX Application Thread] DEBUG GameWorld            - Clearing game world
19:44:50.985 [JavaFX Application Thread] DEBUG PhysicsWorld         - Clearing physics world
19:44:50.986 [FXGL Background Thread 4 ] DEBUG FXGLApplication      - Initializing game
19:44:50.992 [FXGL Background Thread 2 ] INFO  UpdaterService       - Your current version:  17.1
19:44:50.993 [FXGL Background Thread 2 ] INFO  UpdaterService       - Latest stable version: 17.2
19:44:51.006 [FXGL Background Thread 4 ] WARN  TMXLevelLoader       - TiledMap generated from 1.8.4. Supported version: 1.4.2. Some features may not be parsed fully.
19:44:51.018 [FXGL Background Thread 4 ] DEBUG TMXLevelLoader       - Parsed TiledMap: file:/E:/java%20project/tank/target/classes/assets/levels/test1.tmx
19:44:51.019 [FXGL Background Thread 4 ] DEBUG TMXLevelLoader       - Creating tile layer entities
19:44:51.019 [FXGL Background Thread 4 ] DEBUG TMXLevelLoader       - Creating object layer entities
19:44:51.075 [FXGL Background Thread 4 ] DEBUG GameWorld            - Clearing removable entities
19:44:51.076 [FXGL Background Thread 4 ] DEBUG GameWorld            - Setting level: com.almasb.fxgl.entity.level.Level@7e47c942
19:44:51.084 [FXGL Background Thread 4 ] DEBUG FXGLAssetLoaderServi - Loading from file system: file:/E:/java%20project/tank/target/classes/assets/textures/element/Tank.png
19:44:51.085 [FXGL Background Thread 4 ] DEBUG FXGLAssetLoaderServi - Loading from file system: file:/E:/java%20project/tank/target/classes/assets/textures/Enemytank.png
19:44:51.088 [FXGL Background Thread 4 ] DEBUG FXGLAssetLoaderServi - Loading from file system: file:/E:/java%20project/tank/target/classes/assets/textures/Chicken.png
19:44:51.092 [FXGL Background Thread 4 ] DEBUG FXGLAssetLoaderServi - Loading from file system: file:/E:/java%20project/tank/target/classes/assets/textures/BossTank.png
19:44:51.095 [FXGL Background Thread 4 ] INFO  FXGLApplication      - Game initialization took: 0.108 sec
19:44:51.095 [JavaFX Application Thread] DEBUG Input                - Clearing active input actions
19:44:51.102 [JavaFX Application Thread] DEBUG GameApplicationServi - Removing overlay from Loading_Scene and adding to GameScene
19:44:51.103 [JavaFX Application Thread] DEBUG PrimaryStageWindow   - Loading_Scene -> GameScene
19:44:51.645 [JavaFX Application Thread] DEBUG FXGLAssetLoaderServi - Loading from file system: file:/E:/java%20project/tank/target/classes/assets/textures/element/Enemybullet.png
19:44:51.703 [JavaFX Application Thread] DEBUG FXGLAssetLoaderServi - Loading from file system: file:/E:/java%20project/tank/target/classes/assets/textures/SmallBoom.png
19:44:52.188 [JavaFX Application Thread] DEBUG FXGLAssetLoaderServi - Loading from file system: file:/E:/java%20project/tank/target/classes/assets/sounds/boom.wav
19:44:52.239 [JavaFX Application Thread] DEBUG FXGLAssetLoaderServi - Loading from file system: file:/E:/java%20project/tank/target/classes/assets/textures/element/Bullet.png
19:44:53.166 [JavaFX Application Thread] DEBUG FXGLAssetLoaderServi - Loading from file system: file:/E:/java%20project/tank/target/classes/assets/textures/boom.png
19:44:53.559 [FXGL Background Thread 3 ] DEBUG Engine               - Logging environment variables
19:44:53.559 [FXGL Background Thread 3 ] DEBUG Engine               - achievements: []
19:44:53.559 [FXGL Background Thread 3 ] DEBUG Engine               - actualHeight: 960.0
19:44:53.559 [FXGL Background Thread 3 ] DEBUG Engine               - actualHeightProperty: ReadOnlyDoubleProperty [value: 960.0]
19:44:53.559 [FXGL Background Thread 3 ] DEBUG Engine               - actualWidth: 1682.0
19:44:53.559 [FXGL Background Thread 3 ] DEBUG Engine               - actualWidthProperty: ReadOnlyDoubleProperty [value: 1682.0]
19:44:53.559 [FXGL Background Thread 3 ] DEBUG Engine               - appIcon: joker.jpg
19:44:53.559 [FXGL Background Thread 3 ] DEBUG Engine               - applicationMode: DEVELOPER
19:44:53.559 [FXGL Background Thread 3 ] DEBUG Engine               - cSSList: [fxgl_dark.css, tank.css]
19:44:53.559 [FXGL Background Thread 3 ] DEBUG Engine               - collisionDetectionStrategy: BRUTE_FORCE
19:44:53.559 [FXGL Background Thread 3 ] DEBUG Engine               - configClass: Optional.empty
19:44:53.559 [FXGL Background Thread 3 ] DEBUG Engine               - credits: []
19:44:53.560 [FXGL Background Thread 3 ] DEBUG Engine               - defaultCursor: CursorInfo(imageName=fxgl_default_cursor.png, hotspotX=7.0, hotspotY=6.0)
19:44:53.560 [FXGL Background Thread 3 ] DEBUG Engine               - devBBoxColorProperty: ObjectProperty [value: 0xff0000ff]
19:44:53.560 [FXGL Background Thread 3 ] DEBUG Engine               - devEnableDebugCameraProperty: BooleanProperty [value: false]
19:44:53.560 [FXGL Background Thread 3 ] DEBUG Engine               - devSensorColorProperty: ObjectProperty [value: 0xffff00ff]
19:44:53.560 [FXGL Background Thread 3 ] DEBUG Engine               - devShowBBoxProperty: BooleanProperty [value: false]
19:44:53.560 [FXGL Background Thread 3 ] DEBUG Engine               - devShowPositionProperty: BooleanProperty [value: false]
19:44:53.560 [FXGL Background Thread 3 ] DEBUG Engine               - enabledMenuItems: []
19:44:53.560 [FXGL Background Thread 3 ] DEBUG Engine               - engineServices: [class com.almasb.fxgl.app.services.FXGLAssetLoaderService, class com.almasb.fxgl.app.FXGLApplication$GameApplicationService, class com.almasb.fxgl.app.services.FXGLDialogService, class com.almasb.fxgl.app.services.IOTaskExecutorService, class com.almasb.fxgl.io.FileSystemService, class com.almasb.fxgl.localization.LocalizationService, class com.almasb.fxgl.app.services.SystemBundleService, class com.almasb.fxgl.profile.SaveLoadService, class com.almasb.fxgl.ui.FXGLUIFactoryServiceProvider, class com.almasb.fxgl.ui.FXGLDialogFactoryServiceProvider, class com.almasb.fxgl.audio.AudioPlayer, class com.almasb.fxgl.notification.impl.NotificationServiceProvider, class com.almasb.fxgl.achievement.AchievementService, class com.almasb.fxgl.cutscene.CutsceneService, class com.almasb.fxgl.minigames.MiniGameService, class com.almasb.fxgl.net.NetService, class com.almasb.fxgl.app.services.UpdaterService, class com.almasb.fxgl.dev.DevService]
19:44:53.560 [FXGL Background Thread 3 ] DEBUG Engine               - fontGame: Abel-Regular.ttf
19:44:53.560 [FXGL Background Thread 3 ] DEBUG Engine               - fontMono: TerminalLandMono-Regular.otf
19:44:53.560 [FXGL Background Thread 3 ] DEBUG Engine               - fontText: Courier-Prime.ttf
19:44:53.560 [FXGL Background Thread 3 ] DEBUG Engine               - fontUI: VarelaRound-Regular.ttf
19:44:53.560 [FXGL Background Thread 3 ] DEBUG Engine               - fullScreen: BooleanProperty [value: false]
19:44:53.560 [FXGL Background Thread 3 ] DEBUG Engine               - gameDifficulty: MEDIUM
19:44:53.561 [FXGL Background Thread 3 ] DEBUG Engine               - gameDifficultyProperty: ObjectProperty [value: MEDIUM]
19:44:53.561 [FXGL Background Thread 3 ] DEBUG Engine               - globalMusicVolume: 0.5
19:44:53.561 [FXGL Background Thread 3 ] DEBUG Engine               - globalMusicVolumeProperty: DoubleProperty [value: 0.5]
19:44:53.561 [FXGL Background Thread 3 ] DEBUG Engine               - globalSoundVolume: 0.5
19:44:53.561 [FXGL Background Thread 3 ] DEBUG Engine               - globalSoundVolumeProperty: DoubleProperty [value: 0.8]
19:44:53.561 [FXGL Background Thread 3 ] DEBUG Engine               - height: 1152
19:44:53.561 [FXGL Background Thread 3 ] DEBUG Engine               - is3D: false
19:44:53.561 [FXGL Background Thread 3 ] DEBUG Engine               - isAndroid: false
19:44:53.561 [FXGL Background Thread 3 ] DEBUG Engine               - isBrowser: false
19:44:53.561 [FXGL Background Thread 3 ] DEBUG Engine               - isClickFeedbackEnabled: false
19:44:53.561 [FXGL Background Thread 3 ] DEBUG Engine               - isCloseConfirmation: false
19:44:53.561 [FXGL Background Thread 3 ] DEBUG Engine               - isDesktop: true
19:44:53.561 [FXGL Background Thread 3 ] DEBUG Engine               - isDeveloperMenuEnabled: false
19:44:53.561 [FXGL Background Thread 3 ] DEBUG Engine               - isEmbedded: false
19:44:53.561 [FXGL Background Thread 3 ] DEBUG Engine               - isEntityPreloadEnabled: true
19:44:53.561 [FXGL Background Thread 3 ] DEBUG Engine               - isExperimentalTiledLargeMap: false
19:44:53.561 [FXGL Background Thread 3 ] DEBUG Engine               - isFileSystemWriteAllowed: true
19:44:53.561 [FXGL Background Thread 3 ] DEBUG Engine               - isFullScreenAllowed: false
19:44:53.561 [FXGL Background Thread 3 ] DEBUG Engine               - isFullScreenFromStart: false
19:44:53.561 [FXGL Background Thread 3 ] DEBUG Engine               - isGameMenuEnabled: true
19:44:53.561 [FXGL Background Thread 3 ] DEBUG Engine               - isIOS: false
19:44:53.561 [FXGL Background Thread 3 ] DEBUG Engine               - isIntroEnabled: false
19:44:53.561 [FXGL Background Thread 3 ] DEBUG Engine               - isLinux: false
19:44:53.561 [FXGL Background Thread 3 ] DEBUG Engine               - isMac: false
19:44:53.561 [FXGL Background Thread 3 ] DEBUG Engine               - isMainMenuEnabled: true
19:44:53.561 [FXGL Background Thread 3 ] DEBUG Engine               - isManualResizeEnabled: false
19:44:53.561 [FXGL Background Thread 3 ] DEBUG Engine               - isMobile: false
19:44:53.561 [FXGL Background Thread 3 ] DEBUG Engine               - isNative: false
19:44:53.561 [FXGL Background Thread 3 ] DEBUG Engine               - isPauseMusicWhenMinimized: true
19:44:53.561 [FXGL Background Thread 3 ] DEBUG Engine               - isPreserveResizeRatio: false
19:44:53.561 [FXGL Background Thread 3 ] DEBUG Engine               - isProfilingEnabled: false
19:44:53.561 [FXGL Background Thread 3 ] DEBUG Engine               - isScaleAffectedOnResize: true
19:44:53.561 [FXGL Background Thread 3 ] DEBUG Engine               - isSingleStep: false
19:44:53.562 [FXGL Background Thread 3 ] DEBUG Engine               - isUserProfileEnabled: false
19:44:53.562 [FXGL Background Thread 3 ] DEBUG Engine               - isWindows: true
19:44:53.562 [FXGL Background Thread 3 ] DEBUG Engine               - language: ObjectProperty [value: ENGLISH]
19:44:53.562 [FXGL Background Thread 3 ] DEBUG Engine               - menuKey: ESCAPE
19:44:53.562 [FXGL Background Thread 3 ] DEBUG Engine               - mouseSensitivity: 0.2
19:44:53.562 [FXGL Background Thread 3 ] DEBUG Engine               - notificationViewClass: class com.almasb.fxgl.notification.view.XboxNotificationView
19:44:53.562 [FXGL Background Thread 3 ] DEBUG Engine               - pixelsPerMeter: 50.0
19:44:53.562 [FXGL Background Thread 3 ] DEBUG Engine               - platform: WINDOWS
19:44:53.562 [FXGL Background Thread 3 ] DEBUG Engine               - prefHeightProperty: ReadOnlyDoubleProperty [value: 1152.0]
19:44:53.562 [FXGL Background Thread 3 ] DEBUG Engine               - prefWidthProperty: ReadOnlyDoubleProperty [value: 2048.0]
19:44:53.562 [FXGL Background Thread 3 ] DEBUG Engine               - profileDir: profiles/
19:44:53.562 [FXGL Background Thread 3 ] DEBUG Engine               - profileName: StringProperty [value: DEFAULT]
19:44:53.562 [FXGL Background Thread 3 ] DEBUG Engine               - randomSeed: -1
19:44:53.562 [FXGL Background Thread 3 ] DEBUG Engine               - runtimeInfo: RuntimeInfo(platform=WINDOWS, version=17.1, build=24.03.2022 17.34)
19:44:53.562 [FXGL Background Thread 3 ] DEBUG Engine               - saveFileExt: sav
19:44:53.562 [FXGL Background Thread 3 ] DEBUG Engine               - scaledHeightProp$fxgl: DoubleProperty [bound, value: 960.0]
19:44:53.562 [FXGL Background Thread 3 ] DEBUG Engine               - scaledWidthProp$fxgl: DoubleProperty [bound, value: 1682.0]
19:44:53.562 [FXGL Background Thread 3 ] DEBUG Engine               - sceneFactory: com.kenny.tank.AllStarBattleApp$1@75f02312
19:44:53.562 [FXGL Background Thread 3 ] DEBUG Engine               - secondsIn24h: 60
19:44:53.562 [FXGL Background Thread 3 ] DEBUG Engine               - soundMenuBack: menu/back.wav
19:44:53.562 [FXGL Background Thread 3 ] DEBUG Engine               - soundMenuPress: menu/press.wav
19:44:53.562 [FXGL Background Thread 3 ] DEBUG Engine               - soundMenuSelect: menu/select.wav
19:44:53.562 [FXGL Background Thread 3 ] DEBUG Engine               - soundNotification: core/notification.wav
19:44:53.562 [FXGL Background Thread 3 ] DEBUG Engine               - stageStyle: DECORATED
19:44:53.562 [FXGL Background Thread 3 ] DEBUG Engine               - supportedLanguages: [ENGLISH, FRENCH, GERMAN, HUNGARIAN, RUSSIAN]
19:44:53.562 [FXGL Background Thread 3 ] DEBUG Engine               - ticksPerSecond: -1
19:44:53.562 [FXGL Background Thread 3 ] DEBUG Engine               - title: All star battle
19:44:53.563 [FXGL Background Thread 3 ] DEBUG Engine               - urlGithub: https://github.com/AlmasB/FXGL
19:44:53.563 [FXGL Background Thread 3 ] DEBUG Engine               - urlLeaderboard: http://fxgl-top.herokuapp.com/
19:44:53.563 [FXGL Background Thread 3 ] DEBUG Engine               - urlPOM: https://raw.githubusercontent.com/AlmasB/FXGL/release/README.md
19:44:53.563 [FXGL Background Thread 3 ] DEBUG Engine               - userAppClass: class com.kenny.tank.AllStarBattleApp
19:44:53.563 [FXGL Background Thread 3 ] DEBUG Engine               - version: 0.1
19:44:53.563 [FXGL Background Thread 3 ] DEBUG Engine               - versionCheckDays: 7
19:44:53.563 [FXGL Background Thread 3 ] DEBUG Engine               - width: 2048
19:44:53.563 [FXGL Background Thread 3 ] DEBUG Engine               - Logging services
19:44:53.563 [FXGL Background Thread 3 ] DEBUG Engine               - class com.almasb.fxgl.app.services.FXGLAssetLoaderService
19:44:53.563 [FXGL Background Thread 3 ] DEBUG Engine               - class com.almasb.fxgl.app.FXGLApplication$GameApplicationService
19:44:53.563 [FXGL Background Thread 3 ] DEBUG Engine               - class com.almasb.fxgl.app.services.FXGLDialogService
19:44:53.563 [FXGL Background Thread 3 ] DEBUG Engine               - class com.almasb.fxgl.app.services.IOTaskExecutorService
19:44:53.563 [FXGL Background Thread 3 ] DEBUG Engine               - class com.almasb.fxgl.io.FileSystemService
19:44:53.563 [FXGL Background Thread 3 ] DEBUG Engine               - class com.almasb.fxgl.localization.LocalizationService
19:44:53.563 [FXGL Background Thread 3 ] DEBUG Engine               - class com.almasb.fxgl.app.services.SystemBundleService
19:44:53.563 [FXGL Background Thread 3 ] DEBUG Engine               - class com.almasb.fxgl.profile.SaveLoadService
19:44:53.563 [FXGL Background Thread 3 ] DEBUG Engine               - class com.almasb.fxgl.ui.FXGLUIFactoryServiceProvider
19:44:53.563 [FXGL Background Thread 3 ] DEBUG Engine               - class com.almasb.fxgl.ui.FXGLDialogFactoryServiceProvider
19:44:53.563 [FXGL Background Thread 3 ] DEBUG Engine               - class com.almasb.fxgl.audio.AudioPlayer
19:44:53.563 [FXGL Background Thread 3 ] DEBUG Engine               - class com.almasb.fxgl.notification.impl.NotificationServiceProvider
19:44:53.563 [FXGL Background Thread 3 ] DEBUG Engine               - class com.almasb.fxgl.achievement.AchievementService
19:44:53.563 [FXGL Background Thread 3 ] DEBUG Engine               - class com.almasb.fxgl.cutscene.CutsceneService
19:44:53.563 [FXGL Background Thread 3 ] DEBUG Engine               - class com.almasb.fxgl.minigames.MiniGameService
19:44:53.563 [FXGL Background Thread 3 ] DEBUG Engine               - class com.almasb.fxgl.net.NetService
19:44:53.563 [FXGL Background Thread 3 ] DEBUG Engine               - class com.almasb.fxgl.app.services.UpdaterService
19:44:53.563 [FXGL Background Thread 3 ] DEBUG Engine               - class com.almasb.fxgl.dev.DevService
19:45:00.354 [JavaFX Application Thread] DEBUG PrimaryStageWindow   - Push state: EggScene
19:45:00.354 [JavaFX Application Thread] DEBUG FXGLAssetLoaderServi - Loading from file system: file:/E:/java%20project/tank/target/classes/assets/music/chicken.mp3
19:45:00.363 [JavaFX Application Thread] DEBUG AudioPlayer          - Playing music com.almasb.fxgl.audio.Music@1946b0a2
19:45:00.364 [JavaFX Application Thread] DEBUG Input                - Clearing active input actions
19:45:00.364 [JavaFX Application Thread] DEBUG GameApplicationServi - Removing overlay from GameScene and adding to EggScene
19:45:00.364 [JavaFX Application Thread] DEBUG PrimaryStageWindow   - GameScene -> EggScene
19:45:02.364 [JavaFX Application Thread] DEBUG PrimaryStageWindow   - Pop state: EggScene
19:45:02.365 [JavaFX Application Thread] DEBUG Input                - Clearing active input actions
19:45:02.365 [JavaFX Application Thread] DEBUG GameApplicationServi - Removing overlay from EggScene and adding to GameScene
19:45:02.366 [JavaFX Application Thread] DEBUG PrimaryStageWindow   - GameScene <- EggScene
19:45:02.369 [JavaFX Application Thread] WARN  TMXLevelLoader       - TiledMap generated from 1.8.4. Supported version: 1.4.2. Some features may not be parsed fully.
19:45:02.372 [JavaFX Application Thread] DEBUG TMXLevelLoader       - Parsed TiledMap: file:/E:/java%20project/tank/target/classes/assets/levels/Chicken.tmx
19:45:02.372 [JavaFX Application Thread] DEBUG TMXLevelLoader       - Creating tile layer entities
19:45:02.372 [JavaFX Application Thread] DEBUG TMXLevelLoader       - Creating object layer entities
19:45:02.380 [JavaFX Application Thread] DEBUG GameWorld            - Clearing removable entities
19:45:02.387 [JavaFX Application Thread] DEBUG GameWorld            - Setting level: com.almasb.fxgl.entity.level.Level@6044edf0
19:45:02.393 [JavaFX Application Thread] DEBUG FXGLAssetLoaderServi - Loading from file system: file:/E:/java%20project/tank/target/classes/assets/textures/people.png
19:45:02.778 [JavaFX Application Thread] DEBUG FXGLAssetLoaderServi - Loading from file system: file:/E:/java%20project/tank/target/classes/assets/textures/element/Good.png
19:45:06.573 [JavaFX Application Thread] DEBUG FXGLAssetLoaderServi - Loading from file system: file:/E:/java%20project/tank/target/classes/assets/textures/Egg.png
19:45:12.573 [JavaFX Application Thread] DEBUG FXGLAssetLoaderServi - Loading from file system: file:/E:/java%20project/tank/target/classes/assets/textures/element/Enemy1.png
19:45:14.589 [JavaFX Application Thread] DEBUG FXGLAssetLoaderServi - Loading from file system: file:/E:/java%20project/tank/target/classes/assets/textures/element/Enemy2.png
19:45:41.928 [JavaFX Application Thread] DEBUG PrimaryStageWindow   - Push state: FXGLDefaultMenu
19:45:41.930 [JavaFX Application Thread] DEBUG Input                - Clearing active input actions
19:45:41.930 [JavaFX Application Thread] DEBUG GameApplicationServi - Removing overlay from GameScene and adding to FXGLDefaultMenu
19:45:41.931 [JavaFX Application Thread] DEBUG PrimaryStageWindow   - GameScene -> FXGLDefaultMenu
19:45:42.377 [JavaFX Application Thread] DEBUG PrimaryStageWindow   - Pop state: FXGLDefaultMenu
19:45:42.377 [JavaFX Application Thread] DEBUG Input                - Clearing active input actions
19:45:42.377 [JavaFX Application Thread] DEBUG GameApplicationServi - Removing overlay from FXGLDefaultMenu and adding to GameScene
19:45:42.377 [JavaFX Application Thread] DEBUG PrimaryStageWindow   - GameScene <- FXGLDefaultMenu
19:45:44.437 [JavaFX Application Thread] DEBUG PrimaryStageWindow   - Push state: FXGLDefaultMenu
19:45:44.437 [JavaFX Application Thread] DEBUG Input                - Clearing active input actions
19:45:44.437 [JavaFX Application Thread] DEBUG GameApplicationServi - Removing overlay from GameScene and adding to FXGLDefaultMenu
19:45:44.438 [JavaFX Application Thread] DEBUG PrimaryStageWindow   - GameScene -> FXGLDefaultMenu
19:45:45.211 [JavaFX Application Thread] DEBUG Menu                 - fireExitToMainMenu()
19:45:45.213 [JavaFX Application Thread] DEBUG PrimaryStageWindow   - Push state: DialogSubScene
19:45:45.213 [JavaFX Application Thread] DEBUG Input                - Clearing active input actions
19:45:45.213 [JavaFX Application Thread] DEBUG GameApplicationServi - Removing overlay from FXGLDefaultMenu and adding to DialogSubScene
19:45:45.213 [JavaFX Application Thread] DEBUG PrimaryStageWindow   - FXGLDefaultMenu -> DialogSubScene
19:45:45.893 [JavaFX Application Thread] DEBUG PrimaryStageWindow   - Pop state: DialogSubScene
19:45:45.893 [JavaFX Application Thread] DEBUG Input                - Clearing active input actions
19:45:45.894 [JavaFX Application Thread] DEBUG GameApplicationServi - Removing overlay from DialogSubScene and adding to FXGLDefaultMenu
19:45:45.894 [JavaFX Application Thread] DEBUG PrimaryStageWindow   - FXGLDefaultMenu <- DialogSubScene
19:45:45.894 [JavaFX Application Thread] DEBUG PrimaryStageWindow   - Pop state: FXGLDefaultMenu
19:45:45.894 [JavaFX Application Thread] DEBUG Input                - Clearing active input actions
19:45:45.894 [JavaFX Application Thread] DEBUG GameApplicationServi - Removing overlay from FXGLDefaultMenu and adding to GameScene
19:45:45.894 [JavaFX Application Thread] DEBUG PrimaryStageWindow   - GameScene <- FXGLDefaultMenu
19:45:45.894 [JavaFX Application Thread] DEBUG Input                - Clearing active input actions
19:45:45.899 [JavaFX Application Thread] DEBUG GameApplicationServi - Removing overlay from GameScene and adding to FXGLMainMenuDummyScene
19:45:45.900 [JavaFX Application Thread] DEBUG PrimaryStageWindow   - GameScene -> FXGLMainMenuDummyScene
19:45:45.900 [JavaFX Application Thread] DEBUG PrimaryStageWindow   - Push state: Main_menu
19:45:45.900 [JavaFX Application Thread] DEBUG Input                - Clearing active input actions
19:45:45.900 [JavaFX Application Thread] DEBUG GameApplicationServi - Removing overlay from FXGLMainMenuDummyScene and adding to Main_menu
19:45:45.900 [JavaFX Application Thread] DEBUG PrimaryStageWindow   - FXGLMainMenuDummyScene -> Main_menu
19:45:46.406 [JavaFX Application Thread] DEBUG FXGLApplication      - Exiting FXGL
19:45:46.406 [JavaFX Application Thread] DEBUG LoopRunner           - Stopping loop
19:45:46.406 [JavaFX Application Thread] DEBUG SystemBundleService  - Saving FXGL system data
19:45:46.407 [JavaFX Application Thread] DEBUG FileSystemAccess     - Writing to: E:\java project\tank\system\fxgl.bundle
19:45:46.410 [JavaFX Application Thread] DEBUG Async                - Shutting down background threads
19:45:46.410 [JavaFX Application Thread] DEBUG PrimaryStageWindow   - Closing main window
19:45:46.436 [JavaFX Application Thread] DEBUG Logger               - Closing Logger
