14:22:43.464 [main                     ] DEBUG Logger               - Configured Logger
14:22:43.482 [main                     ] DEBUG GameApplication      - Logging settings
Title: All star battle
Version: 0.1
Width: 2048
Height: 1152
Fullscreen: false
Intro: false
Profiling: false
Single step:false
App Mode: DEVELOPER
Menu Key: ESCAPE
Stage Style: DECORATED
Scene Factory: class com.kenny.tank.AllStarBattleApp$1

14:22:43.730 [JavaFX Application Thread] DEBUG FXGLApplication      - Initializing FXGL
14:22:43.733 [JavaFX Application Thread] INFO  Engine               - FXGL-17.1 (24.03.2022 17.34) on WINDOWS (J:17.0.6 FX:18)
14:22:43.734 [JavaFX Application Thread] DEBUG Engine               - JRE Vendor Name: Amazon.com Inc.
14:22:43.734 [JavaFX Application Thread] DEBUG Engine               - Running on OS: Windows 11 version 10.0
14:22:43.734 [JavaFX Application Thread] DEBUG Engine               - Architecture: amd64
14:22:43.734 [JavaFX Application Thread] INFO  Engine               - Source code and latest versions at: https://github.com/AlmasB/FXGL
14:22:43.734 [JavaFX Application Thread] INFO  Engine               -       Ask questions and discuss at: https://github.com/AlmasB/FXGL/discussions
14:22:43.734 [JavaFX Application Thread] INFO  Engine               -              Join the FXGL chat at: https://gitter.im/AlmasB/FXGL
14:22:43.778 [JavaFX Application Thread] DEBUG PrimaryStageWindow   - Creating a JavaFX scene
14:22:43.778 [JavaFX Application Thread] DEBUG PrimaryStageWindow   - Target size > screen size
14:22:43.803 [JavaFX Application Thread] DEBUG PrimaryStageWindow   - Target settings size: 2048.0 x 1152.0
14:22:43.804 [JavaFX Application Thread] DEBUG PrimaryStageWindow   - Scaled scene size:    1682.0 x 960.0
14:22:43.804 [JavaFX Application Thread] DEBUG PrimaryStageWindow   - Scaled ratio: (0.8212890625, 0.8333333333333334)
14:22:43.805 [JavaFX Application Thread] DEBUG PrimaryStageWindow   - Set initial scene to StartScene
14:22:43.811 [JavaFX Application Thread] DEBUG PrimaryStageWindow   - Opening main window
14:22:43.910 [JavaFX Application Thread] DEBUG PrimaryStageWindow   - Window border size: (14.6666259765625, 37.33331298828125)
14:22:43.910 [JavaFX Application Thread] DEBUG PrimaryStageWindow   - Scaled size: 1682.0 x 960.0
14:22:43.911 [JavaFX Application Thread] DEBUG PrimaryStageWindow   - Scaled ratio: (0.8212890625, 0.8333333333333334)
14:22:43.911 [JavaFX Application Thread] DEBUG PrimaryStageWindow   - Scene size: 1682.0 x 960.0
14:22:43.911 [JavaFX Application Thread] DEBUG PrimaryStageWindow   - Stage size: 1696.6666259765625 x 997.3333129882812
14:22:43.915 [FXGL Background Thread 1 ] DEBUG Engine               - Initializing environment variables
14:22:43.935 [FXGL Background Thread 1 ] DEBUG FXGLAssetLoaderServi - User app class for loading assets: class com.kenny.tank.AllStarBattleApp
14:22:43.935 [FXGL Background Thread 1 ] DEBUG GameApplicationServi - Applying CSS: fxgl_dark.css
14:22:43.935 [FXGL Background Thread 1 ] DEBUG FXGLAssetLoaderServi - Loading from file system: jar:file:///C:/Users/10273/.m2/repository/com/github/almasb/fxgl/17.1/fxgl-17.1.jar!/fxglassets/ui/css/fxgl_dark.css
14:22:43.967 [FXGL Background Thread 1 ] DEBUG GameApplicationServi - Applying CSS: tank.css
14:22:43.967 [FXGL Background Thread 1 ] DEBUG FXGLAssetLoaderServi - Loading from file system: file:/E:/java%20project/tank/target/classes/assets/ui/css/tank.css
14:22:43.968 [FXGL Background Thread 1 ] DEBUG GameApplicationServi - Initializing application scenes
14:22:43.971 [FXGL Background Thread 1 ] DEBUG GameWorld            - Game world initialized
14:22:44.005 [FXGL Background Thread 1 ] DEBUG PhysicsWorld         - Physics world initialized: appHeight=1152, physics.ppm=50.0
14:22:44.006 [FXGL Background Thread 1 ] DEBUG PhysicsWorld         - Using strategy: BRUTE_FORCE
14:22:44.009 [FXGL Background Thread 1 ] DEBUG GameScene            - Game scene initialized: 2048x1152
14:22:44.012 [FXGL Background Thread 1 ] DEBUG FXGLAssetLoaderServi - Loading from file system: file:/E:/java%20project/tank/target/classes/assets/textures/MainMenu.png
14:22:44.101 [FXGL Background Thread 1 ] DEBUG FXGLAssetLoaderServi - Loading from file system: file:/E:/java%20project/tank/target/classes/assets/textures/R-C.jpg
14:22:44.122 [FXGL Background Thread 1 ] DEBUG FXGL.DefaultMenu     - createMenuBodyGameMenu()
14:22:44.129 [FXGL Background Thread 1 ] DEBUG FXGL.DefaultMenu     - createOptionsMenu()
14:22:44.135 [FXGL Background Thread 1 ] DEBUG FXGLAssetLoaderServi - Loading from file system: jar:file:///C:/Users/10273/.m2/repository/com/github/almasb/fxgl/17.1/fxgl-17.1.jar!/fxglassets/textures/particles/smoke.png
14:22:44.184 [FXGL Background Thread 1 ] DEBUG FXGLAssetLoaderServi - Loading from file system: jar:file:///C:/Users/10273/.m2/repository/com/github/almasb/fxgl/17.1/fxgl-17.1.jar!/fxglassets/textures/particles/trace_horizontal.png
14:22:44.193 [FXGL Background Thread 1 ] DEBUG GameApplicationServi - Application scenes initialized
14:22:44.200 [FXGL Background Thread 1 ] DEBUG SystemBundleService  - Loading FXGL system data
14:22:44.202 [FXGL Background Thread 1 ] DEBUG FileSystemAccess     - Reading from: E:\java project\tank\system\fxgl.bundle
14:22:44.205 [FXGL Background Thread 1 ] DEBUG SystemBundleService  - Bundle FXGL: {}
14:22:44.205 [FXGL Background Thread 1 ] DEBUG UpdaterService       - Checking for updates
14:22:44.208 [FXGL Background Thread 4 ] DEBUG FXGLApplication      - Loading fonts
14:22:44.208 [FXGL Background Thread 1 ] DEBUG FXGLApplication      - Loading default localization
14:22:44.209 [FXGL Background Thread 4 ] DEBUG FXGLAssetLoaderServi - Loading from file system: jar:file:///C:/Users/10273/.m2/repository/com/github/almasb/fxgl/17.1/fxgl-17.1.jar!/fxglassets/ui/fonts/VarelaRound-Regular.ttf
14:22:44.209 [FXGL Background Thread 1 ] DEBUG FXGLAssetLoaderServi - Loading from file system: jar:file:///C:/Users/10273/.m2/repository/com/github/almasb/fxgl/17.1/fxgl-17.1.jar!/fxglassets/languages/english.lang
14:22:44.226 [FXGL Background Thread 1 ] INFO  FXGLApplication      - FXGL initialization took: 0.311 sec
14:22:44.235 [JavaFX Application Thread] DEBUG Input                - Registered new binding: action0 - Up
14:22:44.236 [JavaFX Application Thread] DEBUG Input                - Registered new binding: action1 - Down
14:22:44.236 [JavaFX Application Thread] DEBUG Input                - Registered new binding: action2 - Left
14:22:44.236 [JavaFX Application Thread] DEBUG Input                - Registered new binding: action3 - Right
14:22:44.237 [JavaFX Application Thread] DEBUG Input                - Registered new binding: action4 - Space
14:22:44.237 [JavaFX Application Thread] DEBUG FXGLAssetLoaderServi - Loading from file system: file:/E:/java%20project/tank/target/classes/assets/textures/joker.jpg
14:22:44.247 [JavaFX Application Thread] DEBUG FXGLAssetLoaderServi - Loading from file system: jar:file:///C:/Users/10273/.m2/repository/com/github/almasb/fxgl/17.1/fxgl-17.1.jar!/fxglassets/textures/fxgl_default_cursor.png
14:22:44.249 [JavaFX Application Thread] DEBUG Input                - Registered new binding: Screenshot - CTRL+8
14:22:44.250 [JavaFX Application Thread] DEBUG Input                - Registered new binding: System info dump - CTRL+9
14:22:44.251 [JavaFX Application Thread] DEBUG Input                - Registered new binding: Restart - CTRL+R
14:22:44.252 [JavaFX Application Thread] DEBUG Input                - Registered new binding: Toggle Debug Camera - CTRL+7
14:22:44.255 [JavaFX Application Thread] DEBUG LoopRunner           - Starting loop
14:22:44.255 [JavaFX Application Thread] DEBUG LoopRunner           - Initializing JavaFX AnimationTimerLoop
14:22:44.258 [FXGL Background Thread 4 ] DEBUG FXGLAssetLoaderServi - Loading from file system: jar:file:///C:/Users/10273/.m2/repository/com/github/almasb/fxgl/17.1/fxgl-17.1.jar!/fxglassets/ui/fonts/Abel-Regular.ttf
14:22:44.258 [JavaFX Application Thread] DEBUG Input                - Clearing active input actions
14:22:44.260 [FXGL Background Thread 4 ] DEBUG FXGLAssetLoaderServi - Loading from file system: jar:file:///C:/Users/10273/.m2/repository/com/github/almasb/fxgl/17.1/fxgl-17.1.jar!/fxglassets/ui/fonts/TerminalLandMono-Regular.otf
14:22:44.262 [FXGL Background Thread 4 ] DEBUG FXGLAssetLoaderServi - Loading from file system: jar:file:///C:/Users/10273/.m2/repository/com/github/almasb/fxgl/17.1/fxgl-17.1.jar!/fxglassets/ui/fonts/Courier-Prime.ttf
14:22:44.262 [JavaFX Application Thread] DEBUG GameApplicationServi - Removing overlay from StartScene and adding to FXGLMainMenuDummyScene
14:22:44.263 [JavaFX Application Thread] DEBUG PrimaryStageWindow   - StartScene -> FXGLMainMenuDummyScene
14:22:44.263 [JavaFX Application Thread] DEBUG PrimaryStageWindow   - Push state: Main_menu
14:22:44.264 [JavaFX Application Thread] DEBUG Input                - Clearing active input actions
14:22:44.271 [JavaFX Application Thread] DEBUG GameApplicationServi - Removing overlay from FXGLMainMenuDummyScene and adding to Main_menu
14:22:44.271 [JavaFX Application Thread] DEBUG PrimaryStageWindow   - FXGLMainMenuDummyScene -> Main_menu
14:22:44.272 [JavaFX Application Thread] DEBUG FXGLApplication      - Registering font factories with UI factory
14:22:44.680 [FXGL Background Thread 2 ] INFO  UpdaterService       - Your current version:  17.1
14:22:44.680 [FXGL Background Thread 2 ] INFO  UpdaterService       - Latest stable version: 17.3
14:22:47.209 [FXGL Background Thread 3 ] DEBUG Engine               - Logging environment variables
14:22:47.211 [FXGL Background Thread 3 ] DEBUG Engine               - achievements: []
14:22:47.211 [FXGL Background Thread 3 ] DEBUG Engine               - actualHeight: 960.0
14:22:47.211 [FXGL Background Thread 3 ] DEBUG Engine               - actualHeightProperty: ReadOnlyDoubleProperty [value: 960.0]
14:22:47.211 [FXGL Background Thread 3 ] DEBUG Engine               - actualWidth: 1682.0
14:22:47.211 [FXGL Background Thread 3 ] DEBUG Engine               - actualWidthProperty: ReadOnlyDoubleProperty [value: 1682.0]
14:22:47.212 [FXGL Background Thread 3 ] DEBUG Engine               - appIcon: joker.jpg
14:22:47.212 [FXGL Background Thread 3 ] DEBUG Engine               - applicationMode: DEVELOPER
14:22:47.212 [FXGL Background Thread 3 ] DEBUG Engine               - cSSList: [fxgl_dark.css, tank.css]
14:22:47.212 [FXGL Background Thread 3 ] DEBUG Engine               - collisionDetectionStrategy: BRUTE_FORCE
14:22:47.212 [FXGL Background Thread 3 ] DEBUG Engine               - configClass: Optional.empty
14:22:47.213 [FXGL Background Thread 3 ] DEBUG Engine               - credits: []
14:22:47.216 [FXGL Background Thread 3 ] DEBUG Engine               - defaultCursor: CursorInfo(imageName=fxgl_default_cursor.png, hotspotX=7.0, hotspotY=6.0)
14:22:47.217 [FXGL Background Thread 3 ] DEBUG Engine               - devBBoxColorProperty: ObjectProperty [value: 0xff0000ff]
14:22:47.217 [FXGL Background Thread 3 ] DEBUG Engine               - devEnableDebugCameraProperty: BooleanProperty [value: false]
14:22:47.217 [FXGL Background Thread 3 ] DEBUG Engine               - devSensorColorProperty: ObjectProperty [value: 0xffff00ff]
14:22:47.217 [FXGL Background Thread 3 ] DEBUG Engine               - devShowBBoxProperty: BooleanProperty [value: false]
14:22:47.217 [FXGL Background Thread 3 ] DEBUG Engine               - devShowPositionProperty: BooleanProperty [value: false]
14:22:47.217 [FXGL Background Thread 3 ] DEBUG Engine               - enabledMenuItems: []
14:22:47.218 [FXGL Background Thread 3 ] DEBUG Engine               - engineServices: [class com.almasb.fxgl.app.services.FXGLAssetLoaderService, class com.almasb.fxgl.app.FXGLApplication$GameApplicationService, class com.almasb.fxgl.app.services.FXGLDialogService, class com.almasb.fxgl.app.services.IOTaskExecutorService, class com.almasb.fxgl.io.FileSystemService, class com.almasb.fxgl.localization.LocalizationService, class com.almasb.fxgl.app.services.SystemBundleService, class com.almasb.fxgl.profile.SaveLoadService, class com.almasb.fxgl.ui.FXGLUIFactoryServiceProvider, class com.almasb.fxgl.ui.FXGLDialogFactoryServiceProvider, class com.almasb.fxgl.audio.AudioPlayer, class com.almasb.fxgl.notification.impl.NotificationServiceProvider, class com.almasb.fxgl.achievement.AchievementService, class com.almasb.fxgl.cutscene.CutsceneService, class com.almasb.fxgl.minigames.MiniGameService, class com.almasb.fxgl.net.NetService, class com.almasb.fxgl.app.services.UpdaterService, class com.almasb.fxgl.dev.DevService]
14:22:47.218 [FXGL Background Thread 3 ] DEBUG Engine               - fontGame: Abel-Regular.ttf
14:22:47.218 [FXGL Background Thread 3 ] DEBUG Engine               - fontMono: TerminalLandMono-Regular.otf
14:22:47.218 [FXGL Background Thread 3 ] DEBUG Engine               - fontText: Courier-Prime.ttf
14:22:47.219 [FXGL Background Thread 3 ] DEBUG Engine               - fontUI: VarelaRound-Regular.ttf
14:22:47.219 [FXGL Background Thread 3 ] DEBUG Engine               - fullScreen: BooleanProperty [value: false]
14:22:47.219 [FXGL Background Thread 3 ] DEBUG Engine               - gameDifficulty: MEDIUM
14:22:47.219 [FXGL Background Thread 3 ] DEBUG Engine               - gameDifficultyProperty: ObjectProperty [value: MEDIUM]
14:22:47.219 [FXGL Background Thread 3 ] DEBUG Engine               - globalMusicVolume: 0.5
14:22:47.219 [FXGL Background Thread 3 ] DEBUG Engine               - globalMusicVolumeProperty: DoubleProperty [value: 0.5]
14:22:47.219 [FXGL Background Thread 3 ] DEBUG Engine               - globalSoundVolume: 0.5
14:22:47.219 [FXGL Background Thread 3 ] DEBUG Engine               - globalSoundVolumeProperty: DoubleProperty [value: 0.8]
14:22:47.219 [FXGL Background Thread 3 ] DEBUG Engine               - height: 1152
14:22:47.220 [FXGL Background Thread 3 ] DEBUG Engine               - is3D: false
14:22:47.220 [FXGL Background Thread 3 ] DEBUG Engine               - isAndroid: false
14:22:47.220 [FXGL Background Thread 3 ] DEBUG Engine               - isBrowser: false
14:22:47.220 [FXGL Background Thread 3 ] DEBUG Engine               - isClickFeedbackEnabled: false
14:22:47.220 [FXGL Background Thread 3 ] DEBUG Engine               - isCloseConfirmation: false
14:22:47.220 [FXGL Background Thread 3 ] DEBUG Engine               - isDesktop: true
14:22:47.220 [FXGL Background Thread 3 ] DEBUG Engine               - isDeveloperMenuEnabled: false
14:22:47.220 [FXGL Background Thread 3 ] DEBUG Engine               - isEmbedded: false
14:22:47.220 [FXGL Background Thread 3 ] DEBUG Engine               - isEntityPreloadEnabled: true
14:22:47.220 [FXGL Background Thread 3 ] DEBUG Engine               - isExperimentalTiledLargeMap: false
14:22:47.221 [FXGL Background Thread 3 ] DEBUG Engine               - isFileSystemWriteAllowed: true
14:22:47.221 [FXGL Background Thread 3 ] DEBUG Engine               - isFullScreenAllowed: false
14:22:47.221 [FXGL Background Thread 3 ] DEBUG Engine               - isFullScreenFromStart: false
14:22:47.221 [FXGL Background Thread 3 ] DEBUG Engine               - isGameMenuEnabled: true
14:22:47.221 [FXGL Background Thread 3 ] DEBUG Engine               - isIOS: false
14:22:47.221 [FXGL Background Thread 3 ] DEBUG Engine               - isIntroEnabled: false
14:22:47.221 [FXGL Background Thread 3 ] DEBUG Engine               - isLinux: false
14:22:47.221 [FXGL Background Thread 3 ] DEBUG Engine               - isMac: false
14:22:47.221 [FXGL Background Thread 3 ] DEBUG Engine               - isMainMenuEnabled: true
14:22:47.221 [FXGL Background Thread 3 ] DEBUG Engine               - isManualResizeEnabled: false
14:22:47.221 [FXGL Background Thread 3 ] DEBUG Engine               - isMobile: false
14:22:47.221 [FXGL Background Thread 3 ] DEBUG Engine               - isNative: false
14:22:47.221 [FXGL Background Thread 3 ] DEBUG Engine               - isPauseMusicWhenMinimized: true
14:22:47.221 [FXGL Background Thread 3 ] DEBUG Engine               - isPreserveResizeRatio: false
14:22:47.221 [FXGL Background Thread 3 ] DEBUG Engine               - isProfilingEnabled: false
14:22:47.221 [FXGL Background Thread 3 ] DEBUG Engine               - isScaleAffectedOnResize: true
14:22:47.221 [FXGL Background Thread 3 ] DEBUG Engine               - isSingleStep: false
14:22:47.221 [FXGL Background Thread 3 ] DEBUG Engine               - isUserProfileEnabled: false
14:22:47.221 [FXGL Background Thread 3 ] DEBUG Engine               - isWindows: true
14:22:47.222 [FXGL Background Thread 3 ] DEBUG Engine               - language: ObjectProperty [value: ENGLISH]
14:22:47.222 [FXGL Background Thread 3 ] DEBUG Engine               - menuKey: ESCAPE
14:22:47.222 [FXGL Background Thread 3 ] DEBUG Engine               - mouseSensitivity: 0.2
14:22:47.222 [FXGL Background Thread 3 ] DEBUG Engine               - notificationViewClass: class com.almasb.fxgl.notification.view.XboxNotificationView
14:22:47.222 [FXGL Background Thread 3 ] DEBUG Engine               - pixelsPerMeter: 50.0
14:22:47.222 [FXGL Background Thread 3 ] DEBUG Engine               - platform: WINDOWS
14:22:47.222 [FXGL Background Thread 3 ] DEBUG Engine               - prefHeightProperty: ReadOnlyDoubleProperty [value: 1152.0]
14:22:47.222 [FXGL Background Thread 3 ] DEBUG Engine               - prefWidthProperty: ReadOnlyDoubleProperty [value: 2048.0]
14:22:47.222 [FXGL Background Thread 3 ] DEBUG Engine               - profileDir: profiles/
14:22:47.222 [FXGL Background Thread 3 ] DEBUG Engine               - profileName: StringProperty [value: DEFAULT]
14:22:47.222 [FXGL Background Thread 3 ] DEBUG Engine               - randomSeed: -1
14:22:47.222 [FXGL Background Thread 3 ] DEBUG Engine               - runtimeInfo: RuntimeInfo(platform=WINDOWS, version=17.1, build=24.03.2022 17.34)
14:22:47.222 [FXGL Background Thread 3 ] DEBUG Engine               - saveFileExt: sav
14:22:47.222 [FXGL Background Thread 3 ] DEBUG Engine               - scaledHeightProp$fxgl: DoubleProperty [bound, value: 960.0]
14:22:47.222 [FXGL Background Thread 3 ] DEBUG Engine               - scaledWidthProp$fxgl: DoubleProperty [bound, value: 1682.0]
14:22:47.222 [FXGL Background Thread 3 ] DEBUG Engine               - sceneFactory: com.kenny.tank.AllStarBattleApp$1@4c708574
14:22:47.222 [FXGL Background Thread 3 ] DEBUG Engine               - secondsIn24h: 60
14:22:47.222 [FXGL Background Thread 3 ] DEBUG Engine               - soundMenuBack: menu/back.wav
14:22:47.222 [FXGL Background Thread 3 ] DEBUG Engine               - soundMenuPress: menu/press.wav
14:22:47.222 [FXGL Background Thread 3 ] DEBUG Engine               - soundMenuSelect: menu/select.wav
14:22:47.222 [FXGL Background Thread 3 ] DEBUG Engine               - soundNotification: core/notification.wav
14:22:47.222 [FXGL Background Thread 3 ] DEBUG Engine               - stageStyle: DECORATED
14:22:47.222 [FXGL Background Thread 3 ] DEBUG Engine               - supportedLanguages: [ENGLISH, FRENCH, GERMAN, HUNGARIAN, RUSSIAN]
14:22:47.222 [FXGL Background Thread 3 ] DEBUG Engine               - ticksPerSecond: -1
14:22:47.222 [FXGL Background Thread 3 ] DEBUG Engine               - title: All star battle
14:22:47.222 [FXGL Background Thread 3 ] DEBUG Engine               - urlGithub: https://github.com/AlmasB/FXGL
14:22:47.223 [FXGL Background Thread 3 ] DEBUG Engine               - urlLeaderboard: http://fxgl-top.herokuapp.com/
14:22:47.223 [FXGL Background Thread 3 ] DEBUG Engine               - urlPOM: https://raw.githubusercontent.com/AlmasB/FXGL/release/README.md
14:22:47.223 [FXGL Background Thread 3 ] DEBUG Engine               - userAppClass: class com.kenny.tank.AllStarBattleApp
14:22:47.223 [FXGL Background Thread 3 ] DEBUG Engine               - version: 0.1
14:22:47.223 [FXGL Background Thread 3 ] DEBUG Engine               - versionCheckDays: 7
14:22:47.223 [FXGL Background Thread 3 ] DEBUG Engine               - width: 2048
14:22:47.223 [FXGL Background Thread 3 ] DEBUG Engine               - Logging services
14:22:47.223 [FXGL Background Thread 3 ] DEBUG Engine               - class com.almasb.fxgl.app.services.FXGLAssetLoaderService
14:22:47.223 [FXGL Background Thread 3 ] DEBUG Engine               - class com.almasb.fxgl.app.FXGLApplication$GameApplicationService
14:22:47.223 [FXGL Background Thread 3 ] DEBUG Engine               - class com.almasb.fxgl.app.services.FXGLDialogService
14:22:47.223 [FXGL Background Thread 3 ] DEBUG Engine               - class com.almasb.fxgl.app.services.IOTaskExecutorService
14:22:47.223 [FXGL Background Thread 3 ] DEBUG Engine               - class com.almasb.fxgl.io.FileSystemService
14:22:47.223 [FXGL Background Thread 3 ] DEBUG Engine               - class com.almasb.fxgl.localization.LocalizationService
14:22:47.223 [FXGL Background Thread 3 ] DEBUG Engine               - class com.almasb.fxgl.app.services.SystemBundleService
14:22:47.223 [FXGL Background Thread 3 ] DEBUG Engine               - class com.almasb.fxgl.profile.SaveLoadService
14:22:47.223 [FXGL Background Thread 3 ] DEBUG Engine               - class com.almasb.fxgl.ui.FXGLUIFactoryServiceProvider
14:22:47.223 [FXGL Background Thread 3 ] DEBUG Engine               - class com.almasb.fxgl.ui.FXGLDialogFactoryServiceProvider
14:22:47.223 [FXGL Background Thread 3 ] DEBUG Engine               - class com.almasb.fxgl.audio.AudioPlayer
14:22:47.223 [FXGL Background Thread 3 ] DEBUG Engine               - class com.almasb.fxgl.notification.impl.NotificationServiceProvider
14:22:47.223 [FXGL Background Thread 3 ] DEBUG Engine               - class com.almasb.fxgl.achievement.AchievementService
14:22:47.223 [FXGL Background Thread 3 ] DEBUG Engine               - class com.almasb.fxgl.cutscene.CutsceneService
14:22:47.223 [FXGL Background Thread 3 ] DEBUG Engine               - class com.almasb.fxgl.minigames.MiniGameService
14:22:47.223 [FXGL Background Thread 3 ] DEBUG Engine               - class com.almasb.fxgl.net.NetService
14:22:47.223 [FXGL Background Thread 3 ] DEBUG Engine               - class com.almasb.fxgl.app.services.UpdaterService
14:22:47.223 [FXGL Background Thread 3 ] DEBUG Engine               - class com.almasb.fxgl.dev.DevService
14:22:53.423 [JavaFX Application Thread] DEBUG GameApplicationServi - Starting new game
14:22:53.423 [JavaFX Application Thread] DEBUG PrimaryStageWindow   - Pop state: Main_menu
14:22:53.423 [JavaFX Application Thread] DEBUG Input                - Clearing active input actions
14:22:53.427 [JavaFX Application Thread] DEBUG GameApplicationServi - Removing overlay from Main_menu and adding to FXGLMainMenuDummyScene
14:22:53.428 [JavaFX Application Thread] DEBUG PrimaryStageWindow   - FXGLMainMenuDummyScene <- Main_menu
14:22:53.429 [JavaFX Application Thread] DEBUG Input                - Clearing active input actions
14:22:53.437 [JavaFX Application Thread] DEBUG GameApplicationServi - Removing overlay from FXGLMainMenuDummyScene and adding to Loading_Scene
14:22:53.437 [JavaFX Application Thread] DEBUG PrimaryStageWindow   - FXGLMainMenuDummyScene -> Loading_Scene
14:22:53.437 [JavaFX Application Thread] DEBUG GameApplicationServi - Clearing previous game
14:22:53.438 [JavaFX Application Thread] DEBUG GameScene            - Clearing game scene
14:22:53.438 [JavaFX Application Thread] DEBUG GameWorld            - Clearing game world
14:22:53.438 [JavaFX Application Thread] DEBUG PhysicsWorld         - Clearing physics world
14:22:53.439 [FXGL Background Thread 2 ] DEBUG FXGLApplication      - Initializing game
14:22:53.464 [FXGL Background Thread 2 ] WARN  TMXLevelLoader       - TiledMap generated from 1.8.4. Supported version: 1.4.2. Some features may not be parsed fully.
14:22:53.478 [FXGL Background Thread 2 ] DEBUG TMXLevelLoader       - Parsed TiledMap: file:/E:/java%20project/tank/target/classes/assets/levels/test1.tmx
14:22:53.478 [FXGL Background Thread 2 ] DEBUG TMXLevelLoader       - Creating tile layer entities
14:22:53.478 [FXGL Background Thread 2 ] DEBUG TMXLevelLoader       - Creating object layer entities
14:22:53.532 [FXGL Background Thread 2 ] DEBUG GameWorld            - Clearing removable entities
14:22:53.532 [FXGL Background Thread 2 ] DEBUG GameWorld            - Setting level: com.almasb.fxgl.entity.level.Level@423b5fe4
14:22:53.540 [FXGL Background Thread 2 ] DEBUG FXGLAssetLoaderServi - Loading from file system: file:/E:/java%20project/tank/target/classes/assets/textures/element/Tank.png
14:22:53.542 [FXGL Background Thread 2 ] DEBUG FXGLAssetLoaderServi - Loading from file system: file:/E:/java%20project/tank/target/classes/assets/textures/Enemytank.png
14:22:53.550 [FXGL Background Thread 2 ] DEBUG FXGLAssetLoaderServi - Loading from file system: file:/E:/java%20project/tank/target/classes/assets/textures/Chicken.png
14:22:53.556 [FXGL Background Thread 2 ] DEBUG FXGLAssetLoaderServi - Loading from file system: file:/E:/java%20project/tank/target/classes/assets/textures/BossTank.png
14:22:53.559 [FXGL Background Thread 2 ] INFO  FXGLApplication      - Game initialization took: 0.120 sec
14:22:53.559 [JavaFX Application Thread] DEBUG Input                - Clearing active input actions
14:22:53.565 [JavaFX Application Thread] DEBUG GameApplicationServi - Removing overlay from Loading_Scene and adding to GameScene
14:22:53.566 [JavaFX Application Thread] DEBUG PrimaryStageWindow   - Loading_Scene -> GameScene
14:22:53.993 [JavaFX Application Thread] DEBUG FXGLAssetLoaderServi - Loading from file system: file:/E:/java%20project/tank/target/classes/assets/textures/element/Enemybullet.png
14:22:54.125 [JavaFX Application Thread] DEBUG FXGLAssetLoaderServi - Loading from file system: file:/E:/java%20project/tank/target/classes/assets/textures/SmallBoom.png
14:22:54.314 [JavaFX Application Thread] DEBUG FXGLAssetLoaderServi - Loading from file system: file:/E:/java%20project/tank/target/classes/assets/sounds/boom.wav
14:22:54.353 [JavaFX Application Thread] DEBUG FXGLAssetLoaderServi - Loading from file system: file:/E:/java%20project/tank/target/classes/assets/textures/element/Bullet.png
14:22:56.749 [JavaFX Application Thread] DEBUG FXGLAssetLoaderServi - Loading from file system: file:/E:/java%20project/tank/target/classes/assets/textures/boom.png
14:23:01.486 [JavaFX Application Thread] DEBUG PrimaryStageWindow   - Push state: EggScene
14:23:01.488 [JavaFX Application Thread] DEBUG FXGLAssetLoaderServi - Loading from file system: file:/E:/java%20project/tank/target/classes/assets/music/chicken.mp3
14:23:01.513 [JavaFX Application Thread] DEBUG AudioPlayer          - Playing music com.almasb.fxgl.audio.Music@723f562d
14:23:01.514 [JavaFX Application Thread] DEBUG Input                - Clearing active input actions
14:23:01.517 [JavaFX Application Thread] DEBUG GameApplicationServi - Removing overlay from GameScene and adding to EggScene
14:23:01.517 [JavaFX Application Thread] DEBUG PrimaryStageWindow   - GameScene -> EggScene
14:23:06.492 [JavaFX Application Thread] DEBUG PrimaryStageWindow   - Pop state: EggScene
14:23:06.492 [JavaFX Application Thread] DEBUG Input                - Clearing active input actions
14:23:06.493 [JavaFX Application Thread] DEBUG GameApplicationServi - Removing overlay from EggScene and adding to GameScene
14:23:06.493 [JavaFX Application Thread] DEBUG PrimaryStageWindow   - GameScene <- EggScene
14:23:06.495 [JavaFX Application Thread] WARN  TMXLevelLoader       - TiledMap generated from 1.8.4. Supported version: 1.4.2. Some features may not be parsed fully.
14:23:06.499 [JavaFX Application Thread] DEBUG TMXLevelLoader       - Parsed TiledMap: file:/E:/java%20project/tank/target/classes/assets/levels/Chicken.tmx
14:23:06.499 [JavaFX Application Thread] DEBUG TMXLevelLoader       - Creating tile layer entities
14:23:06.499 [JavaFX Application Thread] DEBUG TMXLevelLoader       - Creating object layer entities
14:23:06.509 [JavaFX Application Thread] DEBUG GameWorld            - Clearing removable entities
14:23:06.514 [JavaFX Application Thread] DEBUG GameWorld            - Setting level: com.almasb.fxgl.entity.level.Level@1102d759
14:23:06.519 [JavaFX Application Thread] DEBUG FXGLAssetLoaderServi - Loading from file system: file:/E:/java%20project/tank/target/classes/assets/textures/people.png
14:23:08.011 [JavaFX Application Thread] DEBUG FXGLAssetLoaderServi - Loading from file system: file:/E:/java%20project/tank/target/classes/assets/sounds/JI%20(1).wav
14:23:08.013 [JavaFX Application Thread] DEBUG FXGLAssetLoaderServi - Loading from file system: file:/E:/java%20project/tank/target/classes/assets/textures/element/Good.png
14:23:08.472 [JavaFX Application Thread] DEBUG FXGLAssetLoaderServi - Loading from file system: file:/E:/java%20project/tank/target/classes/assets/textures/Egg.png
14:23:14.387 [JavaFX Application Thread] DEBUG FXGLAssetLoaderServi - Loading from file system: file:/E:/java%20project/tank/target/classes/assets/textures/element/Enemy1.png
14:23:24.387 [JavaFX Application Thread] DEBUG FXGLAssetLoaderServi - Loading from file system: file:/E:/java%20project/tank/target/classes/assets/textures/element/Enemy2.png
14:23:28.345 [JavaFX Application Thread] DEBUG FXGLAssetLoaderServi - Loading from file system: file:/E:/java%20project/tank/target/classes/assets/textures/Props/LUCKYBLOCK.png
14:23:48.619 [JavaFX Application Thread] DEBUG PrimaryStageWindow   - Push state: FXGLDefaultMenu
14:23:48.620 [JavaFX Application Thread] DEBUG Input                - Clearing active input actions
14:23:48.621 [JavaFX Application Thread] DEBUG GameApplicationServi - Removing overlay from GameScene and adding to FXGLDefaultMenu
14:23:48.621 [JavaFX Application Thread] DEBUG PrimaryStageWindow   - GameScene -> FXGLDefaultMenu
14:23:49.817 [JavaFX Application Thread] DEBUG Menu                 - fireExitToMainMenu()
14:23:49.818 [JavaFX Application Thread] DEBUG PrimaryStageWindow   - Push state: DialogSubScene
14:23:49.818 [JavaFX Application Thread] DEBUG Input                - Clearing active input actions
14:23:49.818 [JavaFX Application Thread] DEBUG GameApplicationServi - Removing overlay from FXGLDefaultMenu and adding to DialogSubScene
14:23:49.819 [JavaFX Application Thread] DEBUG PrimaryStageWindow   - FXGLDefaultMenu -> DialogSubScene
14:23:50.430 [JavaFX Application Thread] DEBUG PrimaryStageWindow   - Pop state: DialogSubScene
14:23:50.430 [JavaFX Application Thread] DEBUG Input                - Clearing active input actions
14:23:50.431 [JavaFX Application Thread] DEBUG GameApplicationServi - Removing overlay from DialogSubScene and adding to FXGLDefaultMenu
14:23:50.431 [JavaFX Application Thread] DEBUG PrimaryStageWindow   - FXGLDefaultMenu <- DialogSubScene
14:23:50.435 [JavaFX Application Thread] DEBUG PrimaryStageWindow   - Pop state: FXGLDefaultMenu
14:23:50.435 [JavaFX Application Thread] DEBUG Input                - Clearing active input actions
14:23:50.435 [JavaFX Application Thread] DEBUG GameApplicationServi - Removing overlay from FXGLDefaultMenu and adding to GameScene
14:23:50.435 [JavaFX Application Thread] DEBUG PrimaryStageWindow   - GameScene <- FXGLDefaultMenu
14:23:50.435 [JavaFX Application Thread] DEBUG Input                - Clearing active input actions
14:23:50.442 [JavaFX Application Thread] DEBUG GameApplicationServi - Removing overlay from GameScene and adding to FXGLMainMenuDummyScene
14:23:50.442 [JavaFX Application Thread] DEBUG PrimaryStageWindow   - GameScene -> FXGLMainMenuDummyScene
14:23:50.442 [JavaFX Application Thread] DEBUG PrimaryStageWindow   - Push state: Main_menu
14:23:50.442 [JavaFX Application Thread] DEBUG Input                - Clearing active input actions
14:23:50.443 [JavaFX Application Thread] DEBUG GameApplicationServi - Removing overlay from FXGLMainMenuDummyScene and adding to Main_menu
14:23:50.443 [JavaFX Application Thread] DEBUG PrimaryStageWindow   - FXGLMainMenuDummyScene -> Main_menu
14:23:51.559 [JavaFX Application Thread] DEBUG FXGLApplication      - Exiting FXGL
14:23:51.559 [JavaFX Application Thread] DEBUG LoopRunner           - Stopping loop
14:23:51.559 [JavaFX Application Thread] DEBUG SystemBundleService  - Saving FXGL system data
14:23:51.559 [JavaFX Application Thread] DEBUG FileSystemAccess     - Writing to: E:\java project\tank\system\fxgl.bundle
14:23:51.561 [JavaFX Application Thread] DEBUG Async                - Shutting down background threads
14:23:51.561 [JavaFX Application Thread] DEBUG PrimaryStageWindow   - Closing main window
14:23:51.586 [JavaFX Application Thread] DEBUG Logger               - Closing Logger
