19:46:36.990 [main                     ] DEBUG Logger               - Configured Logger
19:46:37.008 [main                     ] DEBUG GameApplication      - Logging settings
Title: All star battle
Version: 0.1
Width: 2048
Height: 1152
Fullscreen: false
Intro: false
Profiling: false
Single step:false
App Mode: DEVELOPER
Menu Key: ESCAPE
Stage Style: DECORATED
Scene Factory: class com.kenny.tank.AllStarBattleApp$1

19:46:37.277 [JavaFX Application Thread] DEBUG FXGLApplication      - Initializing FXGL
19:46:37.281 [JavaFX Application Thread] INFO  Engine               - FXGL-17.1 (24.03.2022 17.34) on WINDOWS (J:17.0.6 FX:18)
19:46:37.281 [JavaFX Application Thread] DEBUG Engine               - JRE Vendor Name: Amazon.com Inc.
19:46:37.281 [JavaFX Application Thread] DEBUG Engine               - Running on OS: Windows 11 version 10.0
19:46:37.281 [JavaFX Application Thread] DEBUG Engine               - Architecture: amd64
19:46:37.281 [JavaFX Application Thread] INFO  Engine               - Source code and latest versions at: https://github.com/AlmasB/FXGL
19:46:37.282 [JavaFX Application Thread] INFO  Engine               -       Ask questions and discuss at: https://github.com/AlmasB/FXGL/discussions
19:46:37.282 [JavaFX Application Thread] INFO  Engine               -              Join the FXGL chat at: https://gitter.im/AlmasB/FXGL
19:46:37.325 [JavaFX Application Thread] DEBUG PrimaryStageWindow   - Creating a JavaFX scene
19:46:37.325 [JavaFX Application Thread] DEBUG PrimaryStageWindow   - Target size > screen size
19:46:37.350 [JavaFX Application Thread] DEBUG PrimaryStageWindow   - Target settings size: 2048.0 x 1152.0
19:46:37.350 [JavaFX Application Thread] DEBUG PrimaryStageWindow   - Scaled scene size:    1682.0 x 960.0
19:46:37.351 [JavaFX Application Thread] DEBUG PrimaryStageWindow   - Scaled ratio: (0.8212890625, 0.8333333333333334)
19:46:37.351 [JavaFX Application Thread] DEBUG PrimaryStageWindow   - Set initial scene to StartScene
19:46:37.355 [JavaFX Application Thread] DEBUG PrimaryStageWindow   - Opening main window
19:46:37.404 [JavaFX Application Thread] DEBUG PrimaryStageWindow   - Window border size: (14.6666259765625, 37.33331298828125)
19:46:37.404 [JavaFX Application Thread] DEBUG PrimaryStageWindow   - Scaled size: 1682.0 x 960.0
19:46:37.404 [JavaFX Application Thread] DEBUG PrimaryStageWindow   - Scaled ratio: (0.8212890625, 0.8333333333333334)
19:46:37.404 [JavaFX Application Thread] DEBUG PrimaryStageWindow   - Scene size: 1682.0 x 960.0
19:46:37.404 [JavaFX Application Thread] DEBUG PrimaryStageWindow   - Stage size: 1696.6666259765625 x 997.3333129882812
19:46:37.409 [FXGL Background Thread 1 ] DEBUG Engine               - Initializing environment variables
19:46:37.432 [FXGL Background Thread 1 ] DEBUG FXGLAssetLoaderServi - User app class for loading assets: class com.kenny.tank.AllStarBattleApp
19:46:37.432 [FXGL Background Thread 1 ] DEBUG GameApplicationServi - Applying CSS: fxgl_dark.css
19:46:37.432 [FXGL Background Thread 1 ] DEBUG FXGLAssetLoaderServi - Loading from file system: jar:file:///C:/Users/10273/.m2/repository/com/github/almasb/fxgl/17.1/fxgl-17.1.jar!/fxglassets/ui/css/fxgl_dark.css
19:46:37.465 [FXGL Background Thread 1 ] DEBUG GameApplicationServi - Applying CSS: tank.css
19:46:37.466 [FXGL Background Thread 1 ] DEBUG FXGLAssetLoaderServi - Loading from file system: file:/E:/java%20project/tank/target/classes/assets/ui/css/tank.css
19:46:37.467 [FXGL Background Thread 1 ] DEBUG GameApplicationServi - Initializing application scenes
19:46:37.470 [FXGL Background Thread 1 ] DEBUG GameWorld            - Game world initialized
19:46:37.512 [FXGL Background Thread 1 ] DEBUG PhysicsWorld         - Physics world initialized: appHeight=1152, physics.ppm=50.0
19:46:37.512 [FXGL Background Thread 1 ] DEBUG PhysicsWorld         - Using strategy: BRUTE_FORCE
19:46:37.515 [FXGL Background Thread 1 ] DEBUG GameScene            - Game scene initialized: 2048x1152
19:46:37.518 [FXGL Background Thread 1 ] DEBUG FXGLAssetLoaderServi - Loading from file system: file:/E:/java%20project/tank/target/classes/assets/textures/MainMenu.png
19:46:37.603 [FXGL Background Thread 1 ] DEBUG FXGL.DefaultMenu     - createMenuBodyGameMenu()
19:46:37.613 [FXGL Background Thread 1 ] DEBUG FXGL.DefaultMenu     - createOptionsMenu()
19:46:37.618 [FXGL Background Thread 1 ] DEBUG FXGLAssetLoaderServi - Loading from file system: jar:file:///C:/Users/10273/.m2/repository/com/github/almasb/fxgl/17.1/fxgl-17.1.jar!/fxglassets/textures/particles/smoke.png
19:46:37.662 [FXGL Background Thread 1 ] DEBUG FXGLAssetLoaderServi - Loading from file system: jar:file:///C:/Users/10273/.m2/repository/com/github/almasb/fxgl/17.1/fxgl-17.1.jar!/fxglassets/textures/particles/trace_horizontal.png
19:46:37.675 [FXGL Background Thread 1 ] DEBUG GameApplicationServi - Application scenes initialized
19:46:37.682 [FXGL Background Thread 1 ] DEBUG SystemBundleService  - Loading FXGL system data
19:46:37.685 [FXGL Background Thread 1 ] DEBUG FileSystemAccess     - Reading from: E:\java project\tank\system\fxgl.bundle
19:46:37.689 [FXGL Background Thread 1 ] DEBUG SystemBundleService  - Bundle FXGL: {}
19:46:37.689 [FXGL Background Thread 1 ] DEBUG UpdaterService       - Checking for updates
19:46:37.692 [FXGL Background Thread 4 ] DEBUG FXGLApplication      - Loading fonts
19:46:37.692 [FXGL Background Thread 4 ] DEBUG FXGLAssetLoaderServi - Loading from file system: jar:file:///C:/Users/10273/.m2/repository/com/github/almasb/fxgl/17.1/fxgl-17.1.jar!/fxglassets/ui/fonts/VarelaRound-Regular.ttf
19:46:37.693 [FXGL Background Thread 1 ] DEBUG FXGLApplication      - Loading default localization
19:46:37.694 [FXGL Background Thread 1 ] DEBUG FXGLAssetLoaderServi - Loading from file system: jar:file:///C:/Users/10273/.m2/repository/com/github/almasb/fxgl/17.1/fxgl-17.1.jar!/fxglassets/languages/english.lang
19:46:37.712 [FXGL Background Thread 1 ] INFO  FXGLApplication      - FXGL initialization took: 0.303 sec
19:46:37.721 [JavaFX Application Thread] DEBUG Input                - Registered new binding: action0 - Up
19:46:37.722 [JavaFX Application Thread] DEBUG Input                - Registered new binding: action1 - Down
19:46:37.722 [JavaFX Application Thread] DEBUG Input                - Registered new binding: action2 - Left
19:46:37.723 [JavaFX Application Thread] DEBUG Input                - Registered new binding: action3 - Right
19:46:37.723 [JavaFX Application Thread] DEBUG Input                - Registered new binding: action4 - Space
19:46:37.724 [JavaFX Application Thread] DEBUG FXGLAssetLoaderServi - Loading from file system: file:/E:/java%20project/tank/target/classes/assets/textures/joker.jpg
19:46:37.733 [FXGL Background Thread 4 ] DEBUG FXGLAssetLoaderServi - Loading from file system: jar:file:///C:/Users/10273/.m2/repository/com/github/almasb/fxgl/17.1/fxgl-17.1.jar!/fxglassets/ui/fonts/Abel-Regular.ttf
19:46:37.735 [FXGL Background Thread 4 ] DEBUG FXGLAssetLoaderServi - Loading from file system: jar:file:///C:/Users/10273/.m2/repository/com/github/almasb/fxgl/17.1/fxgl-17.1.jar!/fxglassets/ui/fonts/TerminalLandMono-Regular.otf
19:46:37.737 [FXGL Background Thread 4 ] DEBUG FXGLAssetLoaderServi - Loading from file system: jar:file:///C:/Users/10273/.m2/repository/com/github/almasb/fxgl/17.1/fxgl-17.1.jar!/fxglassets/ui/fonts/Courier-Prime.ttf
19:46:37.738 [JavaFX Application Thread] DEBUG FXGLAssetLoaderServi - Loading from file system: jar:file:///C:/Users/10273/.m2/repository/com/github/almasb/fxgl/17.1/fxgl-17.1.jar!/fxglassets/textures/fxgl_default_cursor.png
19:46:37.740 [JavaFX Application Thread] DEBUG Input                - Registered new binding: Screenshot - CTRL+8
19:46:37.740 [JavaFX Application Thread] DEBUG Input                - Registered new binding: System info dump - CTRL+9
19:46:37.741 [JavaFX Application Thread] DEBUG Input                - Registered new binding: Restart - CTRL+R
19:46:37.741 [JavaFX Application Thread] DEBUG Input                - Registered new binding: Toggle Debug Camera - CTRL+7
19:46:37.743 [JavaFX Application Thread] DEBUG LoopRunner           - Starting loop
19:46:37.743 [JavaFX Application Thread] DEBUG LoopRunner           - Initializing JavaFX AnimationTimerLoop
19:46:37.747 [JavaFX Application Thread] DEBUG Input                - Clearing active input actions
19:46:37.753 [JavaFX Application Thread] DEBUG GameApplicationServi - Removing overlay from StartScene and adding to FXGLMainMenuDummyScene
19:46:37.753 [JavaFX Application Thread] DEBUG PrimaryStageWindow   - StartScene -> FXGLMainMenuDummyScene
19:46:37.753 [JavaFX Application Thread] DEBUG PrimaryStageWindow   - Push state: Main_menu
19:46:37.753 [JavaFX Application Thread] DEBUG Input                - Clearing active input actions
19:46:37.761 [JavaFX Application Thread] DEBUG GameApplicationServi - Removing overlay from FXGLMainMenuDummyScene and adding to Main_menu
19:46:37.761 [JavaFX Application Thread] DEBUG PrimaryStageWindow   - FXGLMainMenuDummyScene -> Main_menu
19:46:37.764 [JavaFX Application Thread] DEBUG FXGLApplication      - Registering font factories with UI factory
19:46:38.153 [JavaFX Application Thread] DEBUG GameApplicationServi - Starting new game
19:46:38.153 [JavaFX Application Thread] DEBUG PrimaryStageWindow   - Pop state: Main_menu
19:46:38.153 [JavaFX Application Thread] DEBUG Input                - Clearing active input actions
19:46:38.153 [JavaFX Application Thread] DEBUG GameApplicationServi - Removing overlay from Main_menu and adding to FXGLMainMenuDummyScene
19:46:38.154 [JavaFX Application Thread] DEBUG PrimaryStageWindow   - FXGLMainMenuDummyScene <- Main_menu
19:46:38.154 [JavaFX Application Thread] DEBUG Input                - Clearing active input actions
19:46:38.157 [JavaFX Application Thread] DEBUG GameApplicationServi - Removing overlay from FXGLMainMenuDummyScene and adding to Loading_Scene
19:46:38.157 [JavaFX Application Thread] DEBUG PrimaryStageWindow   - FXGLMainMenuDummyScene -> Loading_Scene
19:46:38.157 [JavaFX Application Thread] DEBUG GameApplicationServi - Clearing previous game
19:46:38.157 [JavaFX Application Thread] DEBUG GameScene            - Clearing game scene
19:46:38.157 [JavaFX Application Thread] DEBUG GameWorld            - Clearing game world
19:46:38.158 [JavaFX Application Thread] DEBUG PhysicsWorld         - Clearing physics world
19:46:38.160 [FXGL Background Thread 4 ] DEBUG FXGLApplication      - Initializing game
19:46:38.180 [FXGL Background Thread 4 ] WARN  TMXLevelLoader       - TiledMap generated from 1.8.4. Supported version: 1.4.2. Some features may not be parsed fully.
19:46:38.192 [FXGL Background Thread 4 ] DEBUG TMXLevelLoader       - Parsed TiledMap: file:/E:/java%20project/tank/target/classes/assets/levels/test1.tmx
19:46:38.193 [FXGL Background Thread 4 ] DEBUG TMXLevelLoader       - Creating tile layer entities
19:46:38.193 [FXGL Background Thread 4 ] DEBUG TMXLevelLoader       - Creating object layer entities
19:46:38.245 [FXGL Background Thread 4 ] DEBUG GameWorld            - Clearing removable entities
19:46:38.246 [FXGL Background Thread 4 ] DEBUG GameWorld            - Setting level: com.almasb.fxgl.entity.level.Level@18e9d930
19:46:38.254 [FXGL Background Thread 4 ] DEBUG FXGLAssetLoaderServi - Loading from file system: file:/E:/java%20project/tank/target/classes/assets/textures/element/Tank.png
19:46:38.256 [FXGL Background Thread 4 ] DEBUG FXGLAssetLoaderServi - Loading from file system: file:/E:/java%20project/tank/target/classes/assets/textures/Enemytank.png
19:46:38.258 [FXGL Background Thread 4 ] DEBUG FXGLAssetLoaderServi - Loading from file system: file:/E:/java%20project/tank/target/classes/assets/textures/Chicken.png
19:46:38.262 [FXGL Background Thread 4 ] DEBUG FXGLAssetLoaderServi - Loading from file system: file:/E:/java%20project/tank/target/classes/assets/textures/BossTank.png
19:46:38.264 [FXGL Background Thread 4 ] INFO  FXGLApplication      - Game initialization took: 0.104 sec
19:46:38.264 [JavaFX Application Thread] DEBUG Input                - Clearing active input actions
19:46:38.270 [JavaFX Application Thread] DEBUG GameApplicationServi - Removing overlay from Loading_Scene and adding to GameScene
19:46:38.270 [JavaFX Application Thread] DEBUG PrimaryStageWindow   - Loading_Scene -> GameScene
19:46:38.388 [FXGL Background Thread 2 ] INFO  UpdaterService       - Your current version:  17.1
19:46:38.388 [FXGL Background Thread 2 ] INFO  UpdaterService       - Latest stable version: 17.2
19:46:38.851 [JavaFX Application Thread] DEBUG FXGLAssetLoaderServi - Loading from file system: file:/E:/java%20project/tank/target/classes/assets/textures/element/Enemybullet.png
19:46:39.193 [JavaFX Application Thread] DEBUG FXGLAssetLoaderServi - Loading from file system: file:/E:/java%20project/tank/target/classes/assets/textures/SmallBoom.png
19:46:39.384 [JavaFX Application Thread] DEBUG FXGLAssetLoaderServi - Loading from file system: file:/E:/java%20project/tank/target/classes/assets/sounds/boom.wav
19:46:39.434 [JavaFX Application Thread] DEBUG FXGLAssetLoaderServi - Loading from file system: file:/E:/java%20project/tank/target/classes/assets/textures/element/Bullet.png
19:46:40.693 [FXGL Background Thread 3 ] DEBUG Engine               - Logging environment variables
19:46:40.693 [FXGL Background Thread 3 ] DEBUG Engine               - achievements: []
19:46:40.693 [FXGL Background Thread 3 ] DEBUG Engine               - actualHeight: 960.0
19:46:40.693 [FXGL Background Thread 3 ] DEBUG Engine               - actualHeightProperty: ReadOnlyDoubleProperty [value: 960.0]
19:46:40.693 [FXGL Background Thread 3 ] DEBUG Engine               - actualWidth: 1682.0
19:46:40.693 [FXGL Background Thread 3 ] DEBUG Engine               - actualWidthProperty: ReadOnlyDoubleProperty [value: 1682.0]
19:46:40.693 [FXGL Background Thread 3 ] DEBUG Engine               - appIcon: joker.jpg
19:46:40.693 [FXGL Background Thread 3 ] DEBUG Engine               - applicationMode: DEVELOPER
19:46:40.694 [FXGL Background Thread 3 ] DEBUG Engine               - cSSList: [fxgl_dark.css, tank.css]
19:46:40.694 [FXGL Background Thread 3 ] DEBUG Engine               - collisionDetectionStrategy: BRUTE_FORCE
19:46:40.694 [FXGL Background Thread 3 ] DEBUG Engine               - configClass: Optional.empty
19:46:40.694 [FXGL Background Thread 3 ] DEBUG Engine               - credits: []
19:46:40.694 [FXGL Background Thread 3 ] DEBUG Engine               - defaultCursor: CursorInfo(imageName=fxgl_default_cursor.png, hotspotX=7.0, hotspotY=6.0)
19:46:40.694 [FXGL Background Thread 3 ] DEBUG Engine               - devBBoxColorProperty: ObjectProperty [value: 0xff0000ff]
19:46:40.694 [FXGL Background Thread 3 ] DEBUG Engine               - devEnableDebugCameraProperty: BooleanProperty [value: false]
19:46:40.694 [FXGL Background Thread 3 ] DEBUG Engine               - devSensorColorProperty: ObjectProperty [value: 0xffff00ff]
19:46:40.694 [FXGL Background Thread 3 ] DEBUG Engine               - devShowBBoxProperty: BooleanProperty [value: false]
19:46:40.694 [FXGL Background Thread 3 ] DEBUG Engine               - devShowPositionProperty: BooleanProperty [value: false]
19:46:40.694 [FXGL Background Thread 3 ] DEBUG Engine               - enabledMenuItems: []
19:46:40.694 [FXGL Background Thread 3 ] DEBUG Engine               - engineServices: [class com.almasb.fxgl.app.services.FXGLAssetLoaderService, class com.almasb.fxgl.app.FXGLApplication$GameApplicationService, class com.almasb.fxgl.app.services.FXGLDialogService, class com.almasb.fxgl.app.services.IOTaskExecutorService, class com.almasb.fxgl.io.FileSystemService, class com.almasb.fxgl.localization.LocalizationService, class com.almasb.fxgl.app.services.SystemBundleService, class com.almasb.fxgl.profile.SaveLoadService, class com.almasb.fxgl.ui.FXGLUIFactoryServiceProvider, class com.almasb.fxgl.ui.FXGLDialogFactoryServiceProvider, class com.almasb.fxgl.audio.AudioPlayer, class com.almasb.fxgl.notification.impl.NotificationServiceProvider, class com.almasb.fxgl.achievement.AchievementService, class com.almasb.fxgl.cutscene.CutsceneService, class com.almasb.fxgl.minigames.MiniGameService, class com.almasb.fxgl.net.NetService, class com.almasb.fxgl.app.services.UpdaterService, class com.almasb.fxgl.dev.DevService]
19:46:40.695 [FXGL Background Thread 3 ] DEBUG Engine               - fontGame: Abel-Regular.ttf
19:46:40.695 [FXGL Background Thread 3 ] DEBUG Engine               - fontMono: TerminalLandMono-Regular.otf
19:46:40.695 [FXGL Background Thread 3 ] DEBUG Engine               - fontText: Courier-Prime.ttf
19:46:40.695 [FXGL Background Thread 3 ] DEBUG Engine               - fontUI: VarelaRound-Regular.ttf
19:46:40.695 [FXGL Background Thread 3 ] DEBUG Engine               - fullScreen: BooleanProperty [value: false]
19:46:40.695 [FXGL Background Thread 3 ] DEBUG Engine               - gameDifficulty: MEDIUM
19:46:40.695 [FXGL Background Thread 3 ] DEBUG Engine               - gameDifficultyProperty: ObjectProperty [value: MEDIUM]
19:46:40.695 [FXGL Background Thread 3 ] DEBUG Engine               - globalMusicVolume: 0.5
19:46:40.695 [FXGL Background Thread 3 ] DEBUG Engine               - globalMusicVolumeProperty: DoubleProperty [value: 0.5]
19:46:40.696 [FXGL Background Thread 3 ] DEBUG Engine               - globalSoundVolume: 0.5
19:46:40.696 [FXGL Background Thread 3 ] DEBUG Engine               - globalSoundVolumeProperty: DoubleProperty [value: 0.8]
19:46:40.696 [FXGL Background Thread 3 ] DEBUG Engine               - height: 1152
19:46:40.696 [FXGL Background Thread 3 ] DEBUG Engine               - is3D: false
19:46:40.696 [FXGL Background Thread 3 ] DEBUG Engine               - isAndroid: false
19:46:40.696 [FXGL Background Thread 3 ] DEBUG Engine               - isBrowser: false
19:46:40.696 [FXGL Background Thread 3 ] DEBUG Engine               - isClickFeedbackEnabled: false
19:46:40.696 [FXGL Background Thread 3 ] DEBUG Engine               - isCloseConfirmation: false
19:46:40.696 [FXGL Background Thread 3 ] DEBUG Engine               - isDesktop: true
19:46:40.696 [FXGL Background Thread 3 ] DEBUG Engine               - isDeveloperMenuEnabled: false
19:46:40.696 [FXGL Background Thread 3 ] DEBUG Engine               - isEmbedded: false
19:46:40.696 [FXGL Background Thread 3 ] DEBUG Engine               - isEntityPreloadEnabled: true
19:46:40.696 [FXGL Background Thread 3 ] DEBUG Engine               - isExperimentalTiledLargeMap: false
19:46:40.696 [FXGL Background Thread 3 ] DEBUG Engine               - isFileSystemWriteAllowed: true
19:46:40.696 [FXGL Background Thread 3 ] DEBUG Engine               - isFullScreenAllowed: false
19:46:40.696 [FXGL Background Thread 3 ] DEBUG Engine               - isFullScreenFromStart: false
19:46:40.696 [FXGL Background Thread 3 ] DEBUG Engine               - isGameMenuEnabled: true
19:46:40.696 [FXGL Background Thread 3 ] DEBUG Engine               - isIOS: false
19:46:40.696 [FXGL Background Thread 3 ] DEBUG Engine               - isIntroEnabled: false
19:46:40.697 [FXGL Background Thread 3 ] DEBUG Engine               - isLinux: false
19:46:40.697 [FXGL Background Thread 3 ] DEBUG Engine               - isMac: false
19:46:40.697 [FXGL Background Thread 3 ] DEBUG Engine               - isMainMenuEnabled: true
19:46:40.697 [FXGL Background Thread 3 ] DEBUG Engine               - isManualResizeEnabled: false
19:46:40.697 [FXGL Background Thread 3 ] DEBUG Engine               - isMobile: false
19:46:40.697 [FXGL Background Thread 3 ] DEBUG Engine               - isNative: false
19:46:40.697 [FXGL Background Thread 3 ] DEBUG Engine               - isPauseMusicWhenMinimized: true
19:46:40.697 [FXGL Background Thread 3 ] DEBUG Engine               - isPreserveResizeRatio: false
19:46:40.697 [FXGL Background Thread 3 ] DEBUG Engine               - isProfilingEnabled: false
19:46:40.697 [FXGL Background Thread 3 ] DEBUG Engine               - isScaleAffectedOnResize: true
19:46:40.697 [FXGL Background Thread 3 ] DEBUG Engine               - isSingleStep: false
19:46:40.697 [FXGL Background Thread 3 ] DEBUG Engine               - isUserProfileEnabled: false
19:46:40.697 [FXGL Background Thread 3 ] DEBUG Engine               - isWindows: true
19:46:40.697 [FXGL Background Thread 3 ] DEBUG Engine               - language: ObjectProperty [value: ENGLISH]
19:46:40.697 [FXGL Background Thread 3 ] DEBUG Engine               - menuKey: ESCAPE
19:46:40.697 [FXGL Background Thread 3 ] DEBUG Engine               - mouseSensitivity: 0.2
19:46:40.697 [FXGL Background Thread 3 ] DEBUG Engine               - notificationViewClass: class com.almasb.fxgl.notification.view.XboxNotificationView
19:46:40.697 [FXGL Background Thread 3 ] DEBUG Engine               - pixelsPerMeter: 50.0
19:46:40.697 [FXGL Background Thread 3 ] DEBUG Engine               - platform: WINDOWS
19:46:40.697 [FXGL Background Thread 3 ] DEBUG Engine               - prefHeightProperty: ReadOnlyDoubleProperty [value: 1152.0]
19:46:40.697 [FXGL Background Thread 3 ] DEBUG Engine               - prefWidthProperty: ReadOnlyDoubleProperty [value: 2048.0]
19:46:40.697 [FXGL Background Thread 3 ] DEBUG Engine               - profileDir: profiles/
19:46:40.697 [FXGL Background Thread 3 ] DEBUG Engine               - profileName: StringProperty [value: DEFAULT]
19:46:40.697 [FXGL Background Thread 3 ] DEBUG Engine               - randomSeed: -1
19:46:40.697 [FXGL Background Thread 3 ] DEBUG Engine               - runtimeInfo: RuntimeInfo(platform=WINDOWS, version=17.1, build=24.03.2022 17.34)
19:46:40.697 [FXGL Background Thread 3 ] DEBUG Engine               - saveFileExt: sav
19:46:40.697 [FXGL Background Thread 3 ] DEBUG Engine               - scaledHeightProp$fxgl: DoubleProperty [bound, value: 960.0]
19:46:40.697 [FXGL Background Thread 3 ] DEBUG Engine               - scaledWidthProp$fxgl: DoubleProperty [bound, value: 1682.0]
19:46:40.698 [FXGL Background Thread 3 ] DEBUG Engine               - sceneFactory: com.kenny.tank.AllStarBattleApp$1@1e7d7730
19:46:40.698 [FXGL Background Thread 3 ] DEBUG Engine               - secondsIn24h: 60
19:46:40.698 [FXGL Background Thread 3 ] DEBUG Engine               - soundMenuBack: menu/back.wav
19:46:40.698 [FXGL Background Thread 3 ] DEBUG Engine               - soundMenuPress: menu/press.wav
19:46:40.698 [FXGL Background Thread 3 ] DEBUG Engine               - soundMenuSelect: menu/select.wav
19:46:40.698 [FXGL Background Thread 3 ] DEBUG Engine               - soundNotification: core/notification.wav
19:46:40.698 [FXGL Background Thread 3 ] DEBUG Engine               - stageStyle: DECORATED
19:46:40.698 [FXGL Background Thread 3 ] DEBUG Engine               - supportedLanguages: [ENGLISH, FRENCH, GERMAN, HUNGARIAN, RUSSIAN]
19:46:40.698 [FXGL Background Thread 3 ] DEBUG Engine               - ticksPerSecond: -1
19:46:40.698 [FXGL Background Thread 3 ] DEBUG Engine               - title: All star battle
19:46:40.698 [FXGL Background Thread 3 ] DEBUG Engine               - urlGithub: https://github.com/AlmasB/FXGL
19:46:40.698 [FXGL Background Thread 3 ] DEBUG Engine               - urlLeaderboard: http://fxgl-top.herokuapp.com/
19:46:40.698 [FXGL Background Thread 3 ] DEBUG Engine               - urlPOM: https://raw.githubusercontent.com/AlmasB/FXGL/release/README.md
19:46:40.698 [FXGL Background Thread 3 ] DEBUG Engine               - userAppClass: class com.kenny.tank.AllStarBattleApp
19:46:40.698 [FXGL Background Thread 3 ] DEBUG Engine               - version: 0.1
19:46:40.698 [FXGL Background Thread 3 ] DEBUG Engine               - versionCheckDays: 7
19:46:40.698 [FXGL Background Thread 3 ] DEBUG Engine               - width: 2048
19:46:40.698 [FXGL Background Thread 3 ] DEBUG Engine               - Logging services
19:46:40.698 [FXGL Background Thread 3 ] DEBUG Engine               - class com.almasb.fxgl.app.services.FXGLAssetLoaderService
19:46:40.698 [FXGL Background Thread 3 ] DEBUG Engine               - class com.almasb.fxgl.app.FXGLApplication$GameApplicationService
19:46:40.698 [FXGL Background Thread 3 ] DEBUG Engine               - class com.almasb.fxgl.app.services.FXGLDialogService
19:46:40.698 [FXGL Background Thread 3 ] DEBUG Engine               - class com.almasb.fxgl.app.services.IOTaskExecutorService
19:46:40.698 [FXGL Background Thread 3 ] DEBUG Engine               - class com.almasb.fxgl.io.FileSystemService
19:46:40.698 [FXGL Background Thread 3 ] DEBUG Engine               - class com.almasb.fxgl.localization.LocalizationService
19:46:40.698 [FXGL Background Thread 3 ] DEBUG Engine               - class com.almasb.fxgl.app.services.SystemBundleService
19:46:40.698 [FXGL Background Thread 3 ] DEBUG Engine               - class com.almasb.fxgl.profile.SaveLoadService
19:46:40.698 [FXGL Background Thread 3 ] DEBUG Engine               - class com.almasb.fxgl.ui.FXGLUIFactoryServiceProvider
19:46:40.698 [FXGL Background Thread 3 ] DEBUG Engine               - class com.almasb.fxgl.ui.FXGLDialogFactoryServiceProvider
19:46:40.698 [FXGL Background Thread 3 ] DEBUG Engine               - class com.almasb.fxgl.audio.AudioPlayer
19:46:40.698 [FXGL Background Thread 3 ] DEBUG Engine               - class com.almasb.fxgl.notification.impl.NotificationServiceProvider
19:46:40.698 [FXGL Background Thread 3 ] DEBUG Engine               - class com.almasb.fxgl.achievement.AchievementService
19:46:40.699 [FXGL Background Thread 3 ] DEBUG Engine               - class com.almasb.fxgl.cutscene.CutsceneService
19:46:40.699 [FXGL Background Thread 3 ] DEBUG Engine               - class com.almasb.fxgl.minigames.MiniGameService
19:46:40.699 [FXGL Background Thread 3 ] DEBUG Engine               - class com.almasb.fxgl.net.NetService
19:46:40.699 [FXGL Background Thread 3 ] DEBUG Engine               - class com.almasb.fxgl.app.services.UpdaterService
19:46:40.699 [FXGL Background Thread 3 ] DEBUG Engine               - class com.almasb.fxgl.dev.DevService
19:46:43.961 [JavaFX Application Thread] DEBUG FXGLAssetLoaderServi - Loading from file system: file:/E:/java%20project/tank/target/classes/assets/textures/boom.png
19:46:45.912 [JavaFX Application Thread] DEBUG PrimaryStageWindow   - Push state: EggScene
19:46:45.912 [JavaFX Application Thread] DEBUG FXGLAssetLoaderServi - Loading from file system: file:/E:/java%20project/tank/target/classes/assets/music/chicken.mp3
19:46:45.922 [JavaFX Application Thread] DEBUG AudioPlayer          - Playing music com.almasb.fxgl.audio.Music@4a6a258d
19:46:45.923 [JavaFX Application Thread] DEBUG Input                - Clearing active input actions
19:46:45.923 [JavaFX Application Thread] DEBUG GameApplicationServi - Removing overlay from GameScene and adding to EggScene
19:46:45.923 [JavaFX Application Thread] DEBUG PrimaryStageWindow   - GameScene -> EggScene
19:46:47.929 [JavaFX Application Thread] DEBUG PrimaryStageWindow   - Pop state: EggScene
19:46:47.930 [JavaFX Application Thread] DEBUG Input                - Clearing active input actions
19:46:47.930 [JavaFX Application Thread] DEBUG GameApplicationServi - Removing overlay from EggScene and adding to GameScene
19:46:47.931 [JavaFX Application Thread] DEBUG PrimaryStageWindow   - GameScene <- EggScene
19:46:47.932 [JavaFX Application Thread] WARN  TMXLevelLoader       - TiledMap generated from 1.8.4. Supported version: 1.4.2. Some features may not be parsed fully.
19:46:47.936 [JavaFX Application Thread] DEBUG TMXLevelLoader       - Parsed TiledMap: file:/E:/java%20project/tank/target/classes/assets/levels/Chicken.tmx
19:46:47.936 [JavaFX Application Thread] DEBUG TMXLevelLoader       - Creating tile layer entities
19:46:47.936 [JavaFX Application Thread] DEBUG TMXLevelLoader       - Creating object layer entities
19:46:47.944 [JavaFX Application Thread] DEBUG GameWorld            - Clearing removable entities
19:46:47.949 [JavaFX Application Thread] DEBUG GameWorld            - Setting level: com.almasb.fxgl.entity.level.Level@708cc38
19:46:47.952 [JavaFX Application Thread] DEBUG FXGLAssetLoaderServi - Loading from file system: file:/E:/java%20project/tank/target/classes/assets/textures/people.png
19:46:48.585 [JavaFX Application Thread] DEBUG FXGLAssetLoaderServi - Loading from file system: file:/E:/java%20project/tank/target/classes/assets/textures/element/Good.png
19:46:52.266 [JavaFX Application Thread] DEBUG FXGLAssetLoaderServi - Loading from file system: file:/E:/java%20project/tank/target/classes/assets/textures/Egg.png
19:46:57.976 [JavaFX Application Thread] DEBUG FXGLAssetLoaderServi - Loading from file system: file:/E:/java%20project/tank/target/classes/assets/textures/element/Enemy1.png
19:47:01.662 [JavaFX Application Thread] DEBUG PrimaryStageWindow   - Push state: FXGLDefaultMenu
19:47:01.664 [JavaFX Application Thread] DEBUG Input                - Clearing active input actions
19:47:01.664 [JavaFX Application Thread] DEBUG GameApplicationServi - Removing overlay from GameScene and adding to FXGLDefaultMenu
19:47:01.664 [JavaFX Application Thread] DEBUG PrimaryStageWindow   - GameScene -> FXGLDefaultMenu
19:47:02.896 [JavaFX Application Thread] DEBUG Menu                 - fireExitToMainMenu()
19:47:02.897 [JavaFX Application Thread] DEBUG PrimaryStageWindow   - Push state: DialogSubScene
19:47:02.897 [JavaFX Application Thread] DEBUG Input                - Clearing active input actions
19:47:02.898 [JavaFX Application Thread] DEBUG GameApplicationServi - Removing overlay from FXGLDefaultMenu and adding to DialogSubScene
19:47:02.898 [JavaFX Application Thread] DEBUG PrimaryStageWindow   - FXGLDefaultMenu -> DialogSubScene
19:47:03.757 [JavaFX Application Thread] DEBUG PrimaryStageWindow   - Pop state: DialogSubScene
19:47:03.757 [JavaFX Application Thread] DEBUG Input                - Clearing active input actions
19:47:03.757 [JavaFX Application Thread] DEBUG GameApplicationServi - Removing overlay from DialogSubScene and adding to FXGLDefaultMenu
19:47:03.757 [JavaFX Application Thread] DEBUG PrimaryStageWindow   - FXGLDefaultMenu <- DialogSubScene
19:47:03.759 [JavaFX Application Thread] DEBUG PrimaryStageWindow   - Pop state: FXGLDefaultMenu
19:47:03.759 [JavaFX Application Thread] DEBUG Input                - Clearing active input actions
19:47:03.759 [JavaFX Application Thread] DEBUG GameApplicationServi - Removing overlay from FXGLDefaultMenu and adding to GameScene
19:47:03.759 [JavaFX Application Thread] DEBUG PrimaryStageWindow   - GameScene <- FXGLDefaultMenu
19:47:03.759 [JavaFX Application Thread] DEBUG Input                - Clearing active input actions
19:47:03.765 [JavaFX Application Thread] DEBUG GameApplicationServi - Removing overlay from GameScene and adding to FXGLMainMenuDummyScene
19:47:03.765 [JavaFX Application Thread] DEBUG PrimaryStageWindow   - GameScene -> FXGLMainMenuDummyScene
19:47:03.765 [JavaFX Application Thread] DEBUG PrimaryStageWindow   - Push state: Main_menu
19:47:03.765 [JavaFX Application Thread] DEBUG Input                - Clearing active input actions
19:47:03.766 [JavaFX Application Thread] DEBUG GameApplicationServi - Removing overlay from FXGLMainMenuDummyScene and adding to Main_menu
19:47:03.766 [JavaFX Application Thread] DEBUG PrimaryStageWindow   - FXGLMainMenuDummyScene -> Main_menu
19:47:04.197 [JavaFX Application Thread] DEBUG FXGLApplication      - Exiting FXGL
19:47:04.197 [JavaFX Application Thread] DEBUG LoopRunner           - Stopping loop
19:47:04.197 [JavaFX Application Thread] DEBUG SystemBundleService  - Saving FXGL system data
19:47:04.199 [JavaFX Application Thread] DEBUG FileSystemAccess     - Writing to: E:\java project\tank\system\fxgl.bundle
19:47:04.200 [JavaFX Application Thread] DEBUG Async                - Shutting down background threads
19:47:04.200 [JavaFX Application Thread] DEBUG PrimaryStageWindow   - Closing main window
19:47:04.221 [JavaFX Application Thread] DEBUG Logger               - Closing Logger
