10:15:33.178 [main                     ] DEBUG Logger               - Configured Logger
10:15:33.194 [main                     ] DEBUG GameApplication      - Logging settings
Title: TANK
Version: 0.1
Width: 750
Height: 800
Fullscreen: false
Intro: false
Profiling: false
Single step:false
App Mode: DEVELOPER
Menu Key: ESCAPE
Stage Style: DECORATED
Scene Factory: class com.almasb.fxgl.app.scene.SceneFactory

10:15:33.517 [JavaFX Application Thread] DEBUG FXGLApplication      - Initializing FXGL
10:15:33.520 [JavaFX Application Thread] INFO  Engine               - FXGL-17 (31.12.2021 18.16) on WINDOWS (J:17.0.6 FX:17.0.0.1)
10:15:33.521 [JavaFX Application Thread] DEBUG Engine               - JRE Vendor Name: Amazon.com Inc.
10:15:33.521 [JavaFX Application Thread] DEBUG Engine               - Running on OS: Windows 11 version 10.0
10:15:33.521 [JavaFX Application Thread] DEBUG Engine               - Architecture: amd64
10:15:33.521 [JavaFX Application Thread] INFO  Engine               - Source code and latest versions at: https://github.com/AlmasB/FXGL
10:15:33.521 [JavaFX Application Thread] INFO  Engine               -       Ask questions and discuss at: https://github.com/AlmasB/FXGL/discussions
10:15:33.521 [JavaFX Application Thread] INFO  Engine               -              Join the FXGL chat at: https://gitter.im/AlmasB/FXGL
10:15:33.572 [JavaFX Application Thread] DEBUG PrimaryStageWindow   - Creating a JavaFX scene
10:15:33.600 [JavaFX Application Thread] DEBUG PrimaryStageWindow   - Target settings size: 750.0 x 800.0
10:15:33.601 [JavaFX Application Thread] DEBUG PrimaryStageWindow   - Scaled scene size:    750.0 x 800.0
10:15:33.601 [JavaFX Application Thread] DEBUG PrimaryStageWindow   - Scaled ratio: (1.0, 1.0)
10:15:33.601 [JavaFX Application Thread] DEBUG PrimaryStageWindow   - Set initial scene to FXGLStartupScene
10:15:33.605 [JavaFX Application Thread] DEBUG PrimaryStageWindow   - Opening main window
10:15:33.698 [JavaFX Application Thread] DEBUG PrimaryStageWindow   - Window border size: (14.66668701171875, 37.33331298828125)
10:15:33.698 [JavaFX Application Thread] DEBUG PrimaryStageWindow   - Scaled size: 750.0 x 800.0
10:15:33.698 [JavaFX Application Thread] DEBUG PrimaryStageWindow   - Scaled ratio: (1.0, 1.0)
10:15:33.698 [JavaFX Application Thread] DEBUG PrimaryStageWindow   - Scene size: 750.0 x 800.0
10:15:33.698 [JavaFX Application Thread] DEBUG PrimaryStageWindow   - Stage size: 764.6666870117188 x 837.3333129882812
10:15:33.704 [FXGL Background Thread 1 ] DEBUG Engine               - Initializing environment variables
10:15:33.728 [FXGL Background Thread 1 ] DEBUG FXGLAssetLoaderServi - User app class for loading assets: class com.kenny.tank.TankApp
10:15:33.728 [FXGL Background Thread 1 ] DEBUG GameApplicationServi - Applying CSS: fxgl_dark.css
10:15:33.729 [FXGL Background Thread 1 ] DEBUG FXGLAssetLoaderServi - Loading from file system: jar:file:///C:/Users/10273/.m2/repository/com/github/almasb/fxgl/17/fxgl-17.jar!/fxglassets/ui/css/fxgl_dark.css
10:15:33.759 [FXGL Background Thread 1 ] DEBUG GameApplicationServi - Initializing application scenes
10:15:33.811 [FXGL Background Thread 1 ] DEBUG GameWorld            - Game world initialized
10:15:33.845 [FXGL Background Thread 1 ] DEBUG PhysicsWorld         - Physics world initialized: appHeight=800, physics.ppm=50.0
10:15:33.845 [FXGL Background Thread 1 ] DEBUG PhysicsWorld         - Using strategy: BRUTE_FORCE
10:15:33.848 [FXGL Background Thread 1 ] DEBUG GameScene            - Game scene initialized: 750x800
10:15:33.856 [FXGL Background Thread 1 ] WARN  FXGL.DefaultMenu     - FXGLDefaultMenu is not designed for resolutions < 800x600
10:15:33.856 [FXGL Background Thread 1 ] DEBUG FXGL.DefaultMenu     - createMenuBodyMainMenu()
10:15:33.866 [FXGL Background Thread 1 ] DEBUG FXGL.DefaultMenu     - createOptionsMenu()
10:15:33.874 [FXGL Background Thread 1 ] DEBUG FXGLAssetLoaderServi - Loading from file system: jar:file:///C:/Users/10273/.m2/repository/com/github/almasb/fxgl/17/fxgl-17.jar!/fxglassets/textures/particles/smoke.png
10:15:33.932 [FXGL Background Thread 1 ] DEBUG FXGLAssetLoaderServi - Loading from file system: jar:file:///C:/Users/10273/.m2/repository/com/github/almasb/fxgl/17/fxgl-17.jar!/fxglassets/textures/particles/trace_horizontal.png
10:15:33.949 [FXGL Background Thread 1 ] WARN  FXGL.DefaultMenu     - FXGLDefaultMenu is not designed for resolutions < 800x600
10:15:33.949 [FXGL Background Thread 1 ] DEBUG FXGL.DefaultMenu     - createMenuBodyGameMenu()
10:15:33.950 [FXGL Background Thread 1 ] DEBUG FXGL.DefaultMenu     - createOptionsMenu()
10:15:33.957 [FXGL Background Thread 1 ] DEBUG GameApplicationServi - Application scenes initialized
10:15:33.964 [FXGL Background Thread 1 ] DEBUG SystemBundleService  - Loading FXGL system data
10:15:33.966 [FXGL Background Thread 1 ] DEBUG FileSystemAccess     - Reading from: E:\java project\tank\system\fxgl.bundle
10:15:33.971 [FXGL Background Thread 1 ] DEBUG SystemBundleService  - Bundle FXGL: {}
10:15:33.971 [FXGL Background Thread 1 ] DEBUG UpdaterService       - Checking for updates
10:15:33.973 [FXGL Background Thread 4 ] DEBUG FXGLApplication      - Loading fonts
10:15:33.973 [FXGL Background Thread 1 ] DEBUG FXGLApplication      - Loading default localization
10:15:33.973 [FXGL Background Thread 4 ] DEBUG FXGLAssetLoaderServi - Loading from file system: jar:file:///C:/Users/10273/.m2/repository/com/github/almasb/fxgl/17/fxgl-17.jar!/fxglassets/ui/fonts/VarelaRound-Regular.ttf
10:15:33.973 [FXGL Background Thread 1 ] DEBUG FXGLAssetLoaderServi - Loading from file system: jar:file:///C:/Users/10273/.m2/repository/com/github/almasb/fxgl/17/fxgl-17.jar!/fxglassets/languages/english.lang
10:15:33.988 [FXGL Background Thread 1 ] INFO  FXGLApplication      - FXGL initialization took: 0.284 sec
10:15:33.997 [JavaFX Application Thread] DEBUG Input                - Registered new binding: player1 move up - Up
10:15:33.998 [JavaFX Application Thread] DEBUG Input                - Registered new binding: player1 move down - Down
10:15:33.998 [JavaFX Application Thread] DEBUG Input                - Registered new binding: player1 move left - Left
10:15:33.998 [JavaFX Application Thread] DEBUG Input                - Registered new binding: player1 move right - Right
10:15:33.999 [JavaFX Application Thread] DEBUG Input                - Registered new binding: SHOOT - Space
10:15:33.999 [JavaFX Application Thread] DEBUG Input                - Registered new binding: player2 move up - W
10:15:33.999 [JavaFX Application Thread] DEBUG Input                - Registered new binding: player2 move down - S
10:15:33.999 [JavaFX Application Thread] DEBUG Input                - Registered new binding: player2 move left - A
10:15:33.999 [JavaFX Application Thread] DEBUG Input                - Registered new binding: player2 move right - D
10:15:34.000 [JavaFX Application Thread] DEBUG FXGLAssetLoaderServi - Loading from file system: file:/E:/java%20project/tank/target/classes/assets/textures/joker.jpg
10:15:34.024 [FXGL Background Thread 4 ] DEBUG FXGLAssetLoaderServi - Loading from file system: jar:file:///C:/Users/10273/.m2/repository/com/github/almasb/fxgl/17/fxgl-17.jar!/fxglassets/ui/fonts/Abel-Regular.ttf
10:15:34.027 [FXGL Background Thread 4 ] DEBUG FXGLAssetLoaderServi - Loading from file system: jar:file:///C:/Users/10273/.m2/repository/com/github/almasb/fxgl/17/fxgl-17.jar!/fxglassets/ui/fonts/TerminalLandMono-Regular.otf
10:15:34.030 [FXGL Background Thread 4 ] DEBUG FXGLAssetLoaderServi - Loading from file system: jar:file:///C:/Users/10273/.m2/repository/com/github/almasb/fxgl/17/fxgl-17.jar!/fxglassets/ui/fonts/Courier-Prime.ttf
10:15:34.055 [JavaFX Application Thread] DEBUG FXGLAssetLoaderServi - Loading from file system: jar:file:///C:/Users/10273/.m2/repository/com/github/almasb/fxgl/17/fxgl-17.jar!/fxglassets/textures/fxgl_default_cursor.png
10:15:34.058 [JavaFX Application Thread] DEBUG Input                - Registered new binding: Screenshot - CTRL+8
10:15:34.058 [JavaFX Application Thread] DEBUG Input                - Registered new binding: System info dump - CTRL+9
10:15:34.059 [JavaFX Application Thread] DEBUG Input                - Registered new binding: Restart - CTRL+R
10:15:34.059 [JavaFX Application Thread] DEBUG Input                - Registered new binding: Toggle Debug Camera - CTRL+7
10:15:34.061 [JavaFX Application Thread] DEBUG LoopRunner           - Starting loop
10:15:34.061 [JavaFX Application Thread] DEBUG LoopRunner           - Initializing JavaFX AnimationTimerLoop
10:15:34.064 [JavaFX Application Thread] DEBUG Input                - Clearing active input actions
10:15:34.070 [JavaFX Application Thread] DEBUG GameApplicationServi - Removing overlay from FXGLStartupScene and adding to FXGLMainMenuDummyScene
10:15:34.070 [JavaFX Application Thread] DEBUG PrimaryStageWindow   - FXGLStartupScene -> FXGLMainMenuDummyScene
10:15:34.071 [JavaFX Application Thread] DEBUG PrimaryStageWindow   - Push state: FXGLDefaultMenu
10:15:34.074 [JavaFX Application Thread] DEBUG Input                - Clearing active input actions
10:15:34.080 [JavaFX Application Thread] DEBUG GameApplicationServi - Removing overlay from FXGLMainMenuDummyScene and adding to FXGLDefaultMenu
10:15:34.081 [JavaFX Application Thread] DEBUG PrimaryStageWindow   - FXGLMainMenuDummyScene -> FXGLDefaultMenu
10:15:34.081 [JavaFX Application Thread] DEBUG FXGLApplication      - Registering font factories with UI factory
10:15:34.191 [FXGL Background Thread 2 ] WARN  UpdaterService       - Failed to find updates: java.net.UnknownHostException: raw.githubusercontent.com
10:15:35.628 [JavaFX Application Thread] DEBUG Menu                 - fireNewGame()
10:15:35.628 [JavaFX Application Thread] DEBUG GameApplicationServi - Starting new game
10:15:35.630 [JavaFX Application Thread] DEBUG PrimaryStageWindow   - Pop state: FXGLDefaultMenu
10:15:35.630 [JavaFX Application Thread] DEBUG Input                - Clearing active input actions
10:15:35.631 [JavaFX Application Thread] DEBUG GameApplicationServi - Removing overlay from FXGLDefaultMenu and adding to FXGLMainMenuDummyScene
10:15:35.632 [JavaFX Application Thread] DEBUG PrimaryStageWindow   - FXGLMainMenuDummyScene <- FXGLDefaultMenu
10:15:35.632 [JavaFX Application Thread] DEBUG Input                - Clearing active input actions
10:15:35.637 [JavaFX Application Thread] DEBUG GameApplicationServi - Removing overlay from FXGLMainMenuDummyScene and adding to FXGLLoadingScene
10:15:35.637 [JavaFX Application Thread] DEBUG PrimaryStageWindow   - FXGLMainMenuDummyScene -> FXGLLoadingScene
10:15:35.637 [JavaFX Application Thread] DEBUG GameApplicationServi - Clearing previous game
10:15:35.637 [JavaFX Application Thread] DEBUG GameScene            - Clearing game scene
10:15:35.637 [JavaFX Application Thread] DEBUG GameWorld            - Clearing game world
10:15:35.637 [JavaFX Application Thread] DEBUG PhysicsWorld         - Clearing physics world
10:15:35.638 [FXGL Background Thread 2 ] DEBUG FXGLApplication      - Initializing game
10:15:35.647 [FXGL Background Thread 2 ] DEBUG FXGLAssetLoaderServi - Loading from file system: file:/E:/java%20project/tank/target/classes/assets/textures/Crepeer.png
10:15:35.667 [FXGL Background Thread 2 ] INFO  FXGLApplication      - Game initialization took: 0.028 sec
10:15:35.667 [JavaFX Application Thread] DEBUG Input                - Clearing active input actions
10:15:35.670 [JavaFX Application Thread] DEBUG GameApplicationServi - Removing overlay from FXGLLoadingScene and adding to GameScene
10:15:35.670 [JavaFX Application Thread] DEBUG PrimaryStageWindow   - FXGLLoadingScene -> GameScene
10:15:36.973 [FXGL Background Thread 3 ] DEBUG Engine               - Logging environment variables
10:15:36.974 [FXGL Background Thread 3 ] DEBUG Engine               - achievements: []
10:15:36.974 [FXGL Background Thread 3 ] DEBUG Engine               - actualHeight: 800.0
10:15:36.974 [FXGL Background Thread 3 ] DEBUG Engine               - actualHeightProperty: ReadOnlyDoubleProperty [value: 800.0]
10:15:36.974 [FXGL Background Thread 3 ] DEBUG Engine               - actualWidth: 750.0
10:15:36.974 [FXGL Background Thread 3 ] DEBUG Engine               - actualWidthProperty: ReadOnlyDoubleProperty [value: 750.0]
10:15:36.974 [FXGL Background Thread 3 ] DEBUG Engine               - appIcon: joker.jpg
10:15:36.974 [FXGL Background Thread 3 ] DEBUG Engine               - applicationMode: DEVELOPER
10:15:36.974 [FXGL Background Thread 3 ] DEBUG Engine               - cSSList: [fxgl_dark.css]
10:15:36.975 [FXGL Background Thread 3 ] DEBUG Engine               - collisionDetectionStrategy: BRUTE_FORCE
10:15:36.975 [FXGL Background Thread 3 ] DEBUG Engine               - configClass: Optional.empty
10:15:36.975 [FXGL Background Thread 3 ] DEBUG Engine               - credits: []
10:15:36.975 [FXGL Background Thread 3 ] DEBUG Engine               - defaultCursor: CursorInfo(imageName=fxgl_default_cursor.png, hotspotX=7.0, hotspotY=6.0)
10:15:36.975 [FXGL Background Thread 3 ] DEBUG Engine               - devBBoxColorProperty: ObjectProperty [value: 0xff0000ff]
10:15:36.976 [FXGL Background Thread 3 ] DEBUG Engine               - devEnableDebugCameraProperty: BooleanProperty [value: false]
10:15:36.976 [FXGL Background Thread 3 ] DEBUG Engine               - devSensorColorProperty: ObjectProperty [value: 0xffff00ff]
10:15:36.976 [FXGL Background Thread 3 ] DEBUG Engine               - devShowBBoxProperty: BooleanProperty [value: false]
10:15:36.976 [FXGL Background Thread 3 ] DEBUG Engine               - devShowPositionProperty: BooleanProperty [value: false]
10:15:36.976 [FXGL Background Thread 3 ] DEBUG Engine               - enabledMenuItems: []
10:15:36.976 [FXGL Background Thread 3 ] DEBUG Engine               - engineServices: [class com.almasb.fxgl.app.services.FXGLAssetLoaderService, class com.almasb.fxgl.app.FXGLApplication$GameApplicationService, class com.almasb.fxgl.app.services.FXGLDialogService, class com.almasb.fxgl.app.services.IOTaskExecutorService, class com.almasb.fxgl.io.FileSystemService, class com.almasb.fxgl.localization.LocalizationService, class com.almasb.fxgl.app.services.SystemBundleService, class com.almasb.fxgl.profile.SaveLoadService, class com.almasb.fxgl.ui.FXGLUIFactoryServiceProvider, class com.almasb.fxgl.ui.FXGLDialogFactoryServiceProvider, class com.almasb.fxgl.audio.AudioPlayer, class com.almasb.fxgl.notification.impl.NotificationServiceProvider, class com.almasb.fxgl.achievement.AchievementService, class com.almasb.fxgl.cutscene.CutsceneService, class com.almasb.fxgl.minigames.MiniGameService, class com.almasb.fxgl.net.NetService, class com.almasb.fxgl.app.services.UpdaterService, class com.almasb.fxgl.dev.DevService]
10:15:36.976 [FXGL Background Thread 3 ] DEBUG Engine               - fontGame: Abel-Regular.ttf
10:15:36.977 [FXGL Background Thread 3 ] DEBUG Engine               - fontMono: TerminalLandMono-Regular.otf
10:15:36.977 [FXGL Background Thread 3 ] DEBUG Engine               - fontText: Courier-Prime.ttf
10:15:36.977 [FXGL Background Thread 3 ] DEBUG Engine               - fontUI: VarelaRound-Regular.ttf
10:15:36.977 [FXGL Background Thread 3 ] DEBUG Engine               - fullScreen: BooleanProperty [value: false]
10:15:36.977 [FXGL Background Thread 3 ] DEBUG Engine               - gameDifficulty: MEDIUM
10:15:36.977 [FXGL Background Thread 3 ] DEBUG Engine               - gameDifficultyProperty: ObjectProperty [value: MEDIUM]
10:15:36.977 [FXGL Background Thread 3 ] DEBUG Engine               - globalMusicVolume: 0.5
10:15:36.977 [FXGL Background Thread 3 ] DEBUG Engine               - globalMusicVolumeProperty: DoubleProperty [value: 0.5]
10:15:36.978 [FXGL Background Thread 3 ] DEBUG Engine               - globalSoundVolume: 0.5
10:15:36.978 [FXGL Background Thread 3 ] DEBUG Engine               - globalSoundVolumeProperty: DoubleProperty [value: 0.8]
10:15:36.978 [FXGL Background Thread 3 ] DEBUG Engine               - height: 800
10:15:36.978 [FXGL Background Thread 3 ] DEBUG Engine               - is3D: false
10:15:36.978 [FXGL Background Thread 3 ] DEBUG Engine               - isAndroid: false
10:15:36.978 [FXGL Background Thread 3 ] DEBUG Engine               - isBrowser: false
10:15:36.978 [FXGL Background Thread 3 ] DEBUG Engine               - isClickFeedbackEnabled: false
10:15:36.978 [FXGL Background Thread 3 ] DEBUG Engine               - isCloseConfirmation: false
10:15:36.978 [FXGL Background Thread 3 ] DEBUG Engine               - isDesktop: true
10:15:36.978 [FXGL Background Thread 3 ] DEBUG Engine               - isDeveloperMenuEnabled: false
10:15:36.978 [FXGL Background Thread 3 ] DEBUG Engine               - isEmbedded: false
10:15:36.978 [FXGL Background Thread 3 ] DEBUG Engine               - isEntityPreloadEnabled: true
10:15:36.978 [FXGL Background Thread 3 ] DEBUG Engine               - isExperimentalTiledLargeMap: false
10:15:36.978 [FXGL Background Thread 3 ] DEBUG Engine               - isFileSystemWriteAllowed: true
10:15:36.978 [FXGL Background Thread 3 ] DEBUG Engine               - isFullScreenAllowed: false
10:15:36.978 [FXGL Background Thread 3 ] DEBUG Engine               - isFullScreenFromStart: false
10:15:36.978 [FXGL Background Thread 3 ] DEBUG Engine               - isGameMenuEnabled: true
10:15:36.979 [FXGL Background Thread 3 ] DEBUG Engine               - isIOS: false
10:15:36.979 [FXGL Background Thread 3 ] DEBUG Engine               - isIntroEnabled: false
10:15:36.979 [FXGL Background Thread 3 ] DEBUG Engine               - isLinux: false
10:15:36.979 [FXGL Background Thread 3 ] DEBUG Engine               - isMac: false
10:15:36.979 [FXGL Background Thread 3 ] DEBUG Engine               - isMainMenuEnabled: true
10:15:36.979 [FXGL Background Thread 3 ] DEBUG Engine               - isManualResizeEnabled: false
10:15:36.979 [FXGL Background Thread 3 ] DEBUG Engine               - isMobile: false
10:15:36.979 [FXGL Background Thread 3 ] DEBUG Engine               - isNative: false
10:15:36.979 [FXGL Background Thread 3 ] DEBUG Engine               - isPauseMusicWhenMinimized: true
10:15:36.979 [FXGL Background Thread 3 ] DEBUG Engine               - isPreserveResizeRatio: false
10:15:36.979 [FXGL Background Thread 3 ] DEBUG Engine               - isProfilingEnabled: false
10:15:36.979 [FXGL Background Thread 3 ] DEBUG Engine               - isScaleAffectedOnResize: true
10:15:36.979 [FXGL Background Thread 3 ] DEBUG Engine               - isSingleStep: false
10:15:36.979 [FXGL Background Thread 3 ] DEBUG Engine               - isUserProfileEnabled: false
10:15:36.980 [FXGL Background Thread 3 ] DEBUG Engine               - isWindows: true
10:15:36.980 [FXGL Background Thread 3 ] DEBUG Engine               - language: ObjectProperty [value: ENGLISH]
10:15:36.980 [FXGL Background Thread 3 ] DEBUG Engine               - menuKey: ESCAPE
10:15:36.980 [FXGL Background Thread 3 ] DEBUG Engine               - mouseSensitivity: 0.2
10:15:36.980 [FXGL Background Thread 3 ] DEBUG Engine               - notificationViewClass: class com.almasb.fxgl.notification.view.XboxNotificationView
10:15:36.980 [FXGL Background Thread 3 ] DEBUG Engine               - pixelsPerMeter: 50.0
10:15:36.980 [FXGL Background Thread 3 ] DEBUG Engine               - platform: WINDOWS
10:15:36.980 [FXGL Background Thread 3 ] DEBUG Engine               - prefHeightProperty: ReadOnlyDoubleProperty [value: 800.0]
10:15:36.980 [FXGL Background Thread 3 ] DEBUG Engine               - prefWidthProperty: ReadOnlyDoubleProperty [value: 750.0]
10:15:36.980 [FXGL Background Thread 3 ] DEBUG Engine               - profileDir: profiles/
10:15:36.980 [FXGL Background Thread 3 ] DEBUG Engine               - profileName: StringProperty [value: DEFAULT]
10:15:36.980 [FXGL Background Thread 3 ] DEBUG Engine               - randomSeed: -1
10:15:36.981 [FXGL Background Thread 3 ] DEBUG Engine               - runtimeInfo: RuntimeInfo(platform=WINDOWS, version=17, build=31.12.2021 18.16)
10:15:36.981 [FXGL Background Thread 3 ] DEBUG Engine               - saveFileExt: sav
10:15:36.981 [FXGL Background Thread 3 ] DEBUG Engine               - scaledHeightProp$fxgl: DoubleProperty [bound, value: 800.0]
10:15:36.981 [FXGL Background Thread 3 ] DEBUG Engine               - scaledWidthProp$fxgl: DoubleProperty [bound, value: 750.0]
10:15:36.982 [FXGL Background Thread 3 ] DEBUG Engine               - sceneFactory: com.almasb.fxgl.app.scene.SceneFactory@47664959
10:15:36.982 [FXGL Background Thread 3 ] DEBUG Engine               - secondsIn24h: 60
10:15:36.982 [FXGL Background Thread 3 ] DEBUG Engine               - soundMenuBack: menu/back.wav
10:15:36.982 [FXGL Background Thread 3 ] DEBUG Engine               - soundMenuPress: menu/press.wav
10:15:36.982 [FXGL Background Thread 3 ] DEBUG Engine               - soundMenuSelect: menu/select.wav
10:15:36.982 [FXGL Background Thread 3 ] DEBUG Engine               - soundNotification: core/notification.wav
10:15:36.982 [FXGL Background Thread 3 ] DEBUG Engine               - stageStyle: DECORATED
10:15:36.982 [FXGL Background Thread 3 ] DEBUG Engine               - supportedLanguages: [ENGLISH, FRENCH, GERMAN, HUNGARIAN, RUSSIAN]
10:15:36.982 [FXGL Background Thread 3 ] DEBUG Engine               - ticksPerSecond: -1
10:15:36.982 [FXGL Background Thread 3 ] DEBUG Engine               - title: TANK
10:15:36.982 [FXGL Background Thread 3 ] DEBUG Engine               - urlGithub: https://github.com/AlmasB/FXGL
10:15:36.982 [FXGL Background Thread 3 ] DEBUG Engine               - urlLeaderboard: http://fxgl-top.herokuapp.com/
10:15:36.982 [FXGL Background Thread 3 ] DEBUG Engine               - urlPOM: https://raw.githubusercontent.com/AlmasB/FXGL/release/README.md
10:15:36.982 [FXGL Background Thread 3 ] DEBUG Engine               - userAppClass: class com.kenny.tank.TankApp
10:15:36.982 [FXGL Background Thread 3 ] DEBUG Engine               - version: 0.1
10:15:36.982 [FXGL Background Thread 3 ] DEBUG Engine               - versionCheckDays: 7
10:15:36.982 [FXGL Background Thread 3 ] DEBUG Engine               - width: 750
10:15:36.982 [FXGL Background Thread 3 ] DEBUG Engine               - Logging services
10:15:36.982 [FXGL Background Thread 3 ] DEBUG Engine               - class com.almasb.fxgl.app.services.FXGLAssetLoaderService
10:15:36.982 [FXGL Background Thread 3 ] DEBUG Engine               - class com.almasb.fxgl.app.FXGLApplication$GameApplicationService
10:15:36.983 [FXGL Background Thread 3 ] DEBUG Engine               - class com.almasb.fxgl.app.services.FXGLDialogService
10:15:36.983 [FXGL Background Thread 3 ] DEBUG Engine               - class com.almasb.fxgl.app.services.IOTaskExecutorService
10:15:36.983 [FXGL Background Thread 3 ] DEBUG Engine               - class com.almasb.fxgl.io.FileSystemService
10:15:36.983 [FXGL Background Thread 3 ] DEBUG Engine               - class com.almasb.fxgl.localization.LocalizationService
10:15:36.983 [FXGL Background Thread 3 ] DEBUG Engine               - class com.almasb.fxgl.app.services.SystemBundleService
10:15:36.983 [FXGL Background Thread 3 ] DEBUG Engine               - class com.almasb.fxgl.profile.SaveLoadService
10:15:36.983 [FXGL Background Thread 3 ] DEBUG Engine               - class com.almasb.fxgl.ui.FXGLUIFactoryServiceProvider
10:15:36.983 [FXGL Background Thread 3 ] DEBUG Engine               - class com.almasb.fxgl.ui.FXGLDialogFactoryServiceProvider
10:15:36.983 [FXGL Background Thread 3 ] DEBUG Engine               - class com.almasb.fxgl.audio.AudioPlayer
10:15:36.983 [FXGL Background Thread 3 ] DEBUG Engine               - class com.almasb.fxgl.notification.impl.NotificationServiceProvider
10:15:36.983 [FXGL Background Thread 3 ] DEBUG Engine               - class com.almasb.fxgl.achievement.AchievementService
10:15:36.983 [FXGL Background Thread 3 ] DEBUG Engine               - class com.almasb.fxgl.cutscene.CutsceneService
10:15:36.983 [FXGL Background Thread 3 ] DEBUG Engine               - class com.almasb.fxgl.minigames.MiniGameService
10:15:36.983 [FXGL Background Thread 3 ] DEBUG Engine               - class com.almasb.fxgl.net.NetService
10:15:36.983 [FXGL Background Thread 3 ] DEBUG Engine               - class com.almasb.fxgl.app.services.UpdaterService
10:15:36.983 [FXGL Background Thread 3 ] DEBUG Engine               - class com.almasb.fxgl.dev.DevService
10:15:40.327 [JavaFX Application Thread] DEBUG FXGLAssetLoaderServi - Loading from file system: file:/E:/java%20project/tank/target/classes/assets/sounds/boom.wav
10:15:59.574 [JavaFX Application Thread] DEBUG PrimaryStageWindow   - Push state: FXGLDefaultMenu
10:15:59.574 [JavaFX Application Thread] DEBUG Input                - Clearing active input actions
10:15:59.576 [JavaFX Application Thread] DEBUG GameApplicationServi - Removing overlay from GameScene and adding to FXGLDefaultMenu
10:15:59.576 [JavaFX Application Thread] DEBUG PrimaryStageWindow   - GameScene -> FXGLDefaultMenu
10:16:01.263 [JavaFX Application Thread] DEBUG Menu                 - fireExitToMainMenu()
10:16:01.265 [JavaFX Application Thread] DEBUG PrimaryStageWindow   - Push state: DialogSubScene
10:16:01.265 [JavaFX Application Thread] DEBUG Input                - Clearing active input actions
10:16:01.265 [JavaFX Application Thread] DEBUG GameApplicationServi - Removing overlay from FXGLDefaultMenu and adding to DialogSubScene
10:16:01.265 [JavaFX Application Thread] DEBUG PrimaryStageWindow   - FXGLDefaultMenu -> DialogSubScene
10:16:02.253 [JavaFX Application Thread] DEBUG PrimaryStageWindow   - Pop state: DialogSubScene
10:16:02.253 [JavaFX Application Thread] DEBUG Input                - Clearing active input actions
10:16:02.253 [JavaFX Application Thread] DEBUG GameApplicationServi - Removing overlay from DialogSubScene and adding to FXGLDefaultMenu
10:16:02.253 [JavaFX Application Thread] DEBUG PrimaryStageWindow   - FXGLDefaultMenu <- DialogSubScene
10:16:02.254 [JavaFX Application Thread] DEBUG PrimaryStageWindow   - Pop state: FXGLDefaultMenu
10:16:02.254 [JavaFX Application Thread] DEBUG Input                - Clearing active input actions
10:16:02.254 [JavaFX Application Thread] DEBUG GameApplicationServi - Removing overlay from FXGLDefaultMenu and adding to GameScene
10:16:02.254 [JavaFX Application Thread] DEBUG PrimaryStageWindow   - GameScene <- FXGLDefaultMenu
10:16:02.254 [JavaFX Application Thread] DEBUG Input                - Clearing active input actions
10:16:02.257 [JavaFX Application Thread] DEBUG GameApplicationServi - Removing overlay from GameScene and adding to FXGLMainMenuDummyScene
10:16:02.257 [JavaFX Application Thread] DEBUG PrimaryStageWindow   - GameScene -> FXGLMainMenuDummyScene
10:16:02.257 [JavaFX Application Thread] DEBUG PrimaryStageWindow   - Push state: FXGLDefaultMenu
10:16:02.257 [JavaFX Application Thread] DEBUG Input                - Clearing active input actions
10:16:02.258 [JavaFX Application Thread] DEBUG GameApplicationServi - Removing overlay from FXGLMainMenuDummyScene and adding to FXGLDefaultMenu
10:16:02.258 [JavaFX Application Thread] DEBUG PrimaryStageWindow   - FXGLMainMenuDummyScene -> FXGLDefaultMenu
10:16:03.164 [JavaFX Application Thread] DEBUG Menu                 - fireExit()
10:16:03.165 [JavaFX Application Thread] DEBUG PrimaryStageWindow   - Push state: DialogSubScene
10:16:03.165 [JavaFX Application Thread] DEBUG Input                - Clearing active input actions
10:16:03.165 [JavaFX Application Thread] DEBUG GameApplicationServi - Removing overlay from FXGLDefaultMenu and adding to DialogSubScene
10:16:03.165 [JavaFX Application Thread] DEBUG PrimaryStageWindow   - FXGLDefaultMenu -> DialogSubScene
10:16:04.057 [JavaFX Application Thread] DEBUG PrimaryStageWindow   - Pop state: DialogSubScene
10:16:04.057 [JavaFX Application Thread] DEBUG Input                - Clearing active input actions
10:16:04.057 [JavaFX Application Thread] DEBUG GameApplicationServi - Removing overlay from DialogSubScene and adding to FXGLDefaultMenu
10:16:04.057 [JavaFX Application Thread] DEBUG PrimaryStageWindow   - FXGLDefaultMenu <- DialogSubScene
10:16:04.057 [JavaFX Application Thread] DEBUG FXGLApplication      - Exiting FXGL
10:16:04.057 [JavaFX Application Thread] DEBUG LoopRunner           - Stopping loop
10:16:04.057 [JavaFX Application Thread] DEBUG SystemBundleService  - Saving FXGL system data
10:16:04.059 [JavaFX Application Thread] DEBUG FileSystemAccess     - Writing to: E:\java project\tank\system\fxgl.bundle
10:16:04.060 [JavaFX Application Thread] DEBUG Async                - Shutting down background threads
10:16:04.061 [JavaFX Application Thread] DEBUG PrimaryStageWindow   - Closing main window
10:16:04.097 [JavaFX Application Thread] DEBUG Logger               - Closing Logger
