19:39:48.075 [main                     ] DEBUG Logger               - Configured Logger
19:39:48.090 [main                     ] DEBUG GameApplication      - Logging settings
Title: TANK
Version: 0.1
Width: 750
Height: 800
Fullscreen: false
Intro: false
Profiling: false
Single step:false
App Mode: DEVELOPER
Menu Key: ESCAPE
Stage Style: DECORATED
Scene Factory: class com.almasb.fxgl.app.scene.SceneFactory

19:39:48.338 [JavaFX Application Thread] DEBUG FXGLApplication      - Initializing FXGL
19:39:48.341 [JavaFX Application Thread] INFO  Engine               - FXGL-17 (31.12.2021 18.16) on WINDOWS (J:17.0.6 FX:17.0.0.1)
19:39:48.342 [JavaFX Application Thread] DEBUG Engine               - JRE Vendor Name: Amazon.com Inc.
19:39:48.342 [JavaFX Application Thread] DEBUG Engine               - Running on OS: Windows 11 version 10.0
19:39:48.342 [JavaFX Application Thread] DEBUG Engine               - Architecture: amd64
19:39:48.342 [JavaFX Application Thread] INFO  Engine               - Source code and latest versions at: https://github.com/AlmasB/FXGL
19:39:48.342 [JavaFX Application Thread] INFO  Engine               -       Ask questions and discuss at: https://github.com/AlmasB/FXGL/discussions
19:39:48.342 [JavaFX Application Thread] INFO  Engine               -              Join the FXGL chat at: https://gitter.im/AlmasB/FXGL
19:39:48.388 [JavaFX Application Thread] DEBUG PrimaryStageWindow   - Creating a JavaFX scene
19:39:48.412 [JavaFX Application Thread] DEBUG PrimaryStageWindow   - Target settings size: 750.0 x 800.0
19:39:48.412 [JavaFX Application Thread] DEBUG PrimaryStageWindow   - Scaled scene size:    750.0 x 800.0
19:39:48.412 [JavaFX Application Thread] DEBUG PrimaryStageWindow   - Scaled ratio: (1.0, 1.0)
19:39:48.413 [JavaFX Application Thread] DEBUG PrimaryStageWindow   - Set initial scene to FXGLStartupScene
19:39:48.416 [JavaFX Application Thread] DEBUG PrimaryStageWindow   - Opening main window
19:39:48.502 [JavaFX Application Thread] DEBUG PrimaryStageWindow   - Window border size: (14.66668701171875, 37.33331298828125)
19:39:48.502 [JavaFX Application Thread] DEBUG PrimaryStageWindow   - Scaled size: 750.0 x 800.0
19:39:48.502 [JavaFX Application Thread] DEBUG PrimaryStageWindow   - Scaled ratio: (1.0, 1.0)
19:39:48.502 [JavaFX Application Thread] DEBUG PrimaryStageWindow   - Scene size: 750.0 x 800.0
19:39:48.503 [JavaFX Application Thread] DEBUG PrimaryStageWindow   - Stage size: 764.6666870117188 x 837.3333129882812
19:39:48.507 [FXGL Background Thread 1 ] DEBUG Engine               - Initializing environment variables
19:39:48.524 [FXGL Background Thread 1 ] DEBUG FXGLAssetLoaderServi - User app class for loading assets: class com.kenny.tank.TankApp
19:39:48.525 [FXGL Background Thread 1 ] DEBUG GameApplicationServi - Applying CSS: fxgl_dark.css
19:39:48.525 [FXGL Background Thread 1 ] DEBUG FXGLAssetLoaderServi - Loading from file system: jar:file:///C:/Users/10273/.m2/repository/com/github/almasb/fxgl/17/fxgl-17.jar!/fxglassets/ui/css/fxgl_dark.css
19:39:48.553 [FXGL Background Thread 1 ] DEBUG GameApplicationServi - Initializing application scenes
19:39:48.591 [FXGL Background Thread 1 ] DEBUG GameWorld            - Game world initialized
19:39:48.620 [FXGL Background Thread 1 ] DEBUG PhysicsWorld         - Physics world initialized: appHeight=800, physics.ppm=50.0
19:39:48.620 [FXGL Background Thread 1 ] DEBUG PhysicsWorld         - Using strategy: BRUTE_FORCE
19:39:48.624 [FXGL Background Thread 1 ] DEBUG GameScene            - Game scene initialized: 750x800
19:39:48.632 [FXGL Background Thread 1 ] WARN  FXGL.DefaultMenu     - FXGLDefaultMenu is not designed for resolutions < 800x600
19:39:48.632 [FXGL Background Thread 1 ] DEBUG FXGL.DefaultMenu     - createMenuBodyMainMenu()
19:39:48.639 [FXGL Background Thread 1 ] DEBUG FXGL.DefaultMenu     - createOptionsMenu()
19:39:48.645 [FXGL Background Thread 1 ] DEBUG FXGLAssetLoaderServi - Loading from file system: jar:file:///C:/Users/10273/.m2/repository/com/github/almasb/fxgl/17/fxgl-17.jar!/fxglassets/textures/particles/smoke.png
19:39:48.697 [FXGL Background Thread 1 ] DEBUG FXGLAssetLoaderServi - Loading from file system: jar:file:///C:/Users/10273/.m2/repository/com/github/almasb/fxgl/17/fxgl-17.jar!/fxglassets/textures/particles/trace_horizontal.png
19:39:48.715 [FXGL Background Thread 1 ] WARN  FXGL.DefaultMenu     - FXGLDefaultMenu is not designed for resolutions < 800x600
19:39:48.716 [FXGL Background Thread 1 ] DEBUG FXGL.DefaultMenu     - createMenuBodyGameMenu()
19:39:48.716 [FXGL Background Thread 1 ] DEBUG FXGL.DefaultMenu     - createOptionsMenu()
19:39:48.723 [FXGL Background Thread 1 ] DEBUG GameApplicationServi - Application scenes initialized
19:39:48.730 [FXGL Background Thread 1 ] DEBUG SystemBundleService  - Loading FXGL system data
19:39:48.732 [FXGL Background Thread 1 ] DEBUG FileSystemAccess     - Reading from: E:\java project\tank\system\fxgl.bundle
19:39:48.736 [FXGL Background Thread 1 ] DEBUG SystemBundleService  - Bundle FXGL: {}
19:39:48.736 [FXGL Background Thread 1 ] DEBUG UpdaterService       - Checking for updates
19:39:48.738 [FXGL Background Thread 4 ] DEBUG FXGLApplication      - Loading fonts
19:39:48.738 [FXGL Background Thread 4 ] DEBUG FXGLAssetLoaderServi - Loading from file system: jar:file:///C:/Users/10273/.m2/repository/com/github/almasb/fxgl/17/fxgl-17.jar!/fxglassets/ui/fonts/VarelaRound-Regular.ttf
19:39:48.739 [FXGL Background Thread 1 ] DEBUG FXGLApplication      - Loading default localization
19:39:48.739 [FXGL Background Thread 1 ] DEBUG FXGLAssetLoaderServi - Loading from file system: jar:file:///C:/Users/10273/.m2/repository/com/github/almasb/fxgl/17/fxgl-17.jar!/fxglassets/languages/english.lang
19:39:48.751 [FXGL Background Thread 1 ] INFO  FXGLApplication      - FXGL initialization took: 0.244 sec
19:39:48.759 [JavaFX Application Thread] DEBUG Input                - Registered new binding: player1 move up - Up
19:39:48.759 [JavaFX Application Thread] DEBUG Input                - Registered new binding: player1 move down - Down
19:39:48.759 [JavaFX Application Thread] DEBUG Input                - Registered new binding: player1 move left - Left
19:39:48.759 [JavaFX Application Thread] DEBUG Input                - Registered new binding: player1 move right - Right
19:39:48.759 [JavaFX Application Thread] DEBUG Input                - Registered new binding: SHOOT - Space
19:39:48.760 [JavaFX Application Thread] DEBUG Input                - Registered new binding: player2 move up - W
19:39:48.760 [JavaFX Application Thread] DEBUG Input                - Registered new binding: player2 move down - S
19:39:48.760 [JavaFX Application Thread] DEBUG Input                - Registered new binding: player2 move left - A
19:39:48.760 [JavaFX Application Thread] DEBUG Input                - Registered new binding: player2 move right - D
19:39:48.760 [JavaFX Application Thread] DEBUG FXGLAssetLoaderServi - Loading from file system: file:/E:/java%20project/tank/target/classes/assets/textures/joker.jpg
19:39:48.772 [JavaFX Application Thread] DEBUG FXGLAssetLoaderServi - Loading from file system: jar:file:///C:/Users/10273/.m2/repository/com/github/almasb/fxgl/17/fxgl-17.jar!/fxglassets/textures/fxgl_default_cursor.png
19:39:48.773 [FXGL Background Thread 4 ] DEBUG FXGLAssetLoaderServi - Loading from file system: jar:file:///C:/Users/10273/.m2/repository/com/github/almasb/fxgl/17/fxgl-17.jar!/fxglassets/ui/fonts/Abel-Regular.ttf
19:39:48.773 [JavaFX Application Thread] DEBUG Input                - Registered new binding: Screenshot - CTRL+8
19:39:48.773 [JavaFX Application Thread] DEBUG Input                - Registered new binding: System info dump - CTRL+9
19:39:48.773 [JavaFX Application Thread] DEBUG Input                - Registered new binding: Restart - CTRL+R
19:39:48.774 [JavaFX Application Thread] DEBUG Input                - Registered new binding: Toggle Debug Camera - CTRL+7
19:39:48.775 [FXGL Background Thread 4 ] DEBUG FXGLAssetLoaderServi - Loading from file system: jar:file:///C:/Users/10273/.m2/repository/com/github/almasb/fxgl/17/fxgl-17.jar!/fxglassets/ui/fonts/TerminalLandMono-Regular.otf
19:39:48.775 [JavaFX Application Thread] DEBUG LoopRunner           - Starting loop
19:39:48.775 [JavaFX Application Thread] DEBUG LoopRunner           - Initializing JavaFX AnimationTimerLoop
19:39:48.776 [FXGL Background Thread 4 ] DEBUG FXGLAssetLoaderServi - Loading from file system: jar:file:///C:/Users/10273/.m2/repository/com/github/almasb/fxgl/17/fxgl-17.jar!/fxglassets/ui/fonts/Courier-Prime.ttf
19:39:48.777 [JavaFX Application Thread] DEBUG Input                - Clearing active input actions
19:39:48.782 [JavaFX Application Thread] DEBUG GameApplicationServi - Removing overlay from FXGLStartupScene and adding to FXGLMainMenuDummyScene
19:39:48.782 [JavaFX Application Thread] DEBUG PrimaryStageWindow   - FXGLStartupScene -> FXGLMainMenuDummyScene
19:39:48.782 [JavaFX Application Thread] DEBUG PrimaryStageWindow   - Push state: FXGLDefaultMenu
19:39:48.789 [JavaFX Application Thread] DEBUG Input                - Clearing active input actions
19:39:48.795 [JavaFX Application Thread] DEBUG GameApplicationServi - Removing overlay from FXGLMainMenuDummyScene and adding to FXGLDefaultMenu
19:39:48.796 [JavaFX Application Thread] DEBUG PrimaryStageWindow   - FXGLMainMenuDummyScene -> FXGLDefaultMenu
19:39:48.853 [JavaFX Application Thread] DEBUG FXGLApplication      - Registering font factories with UI factory
19:39:48.867 [FXGL Background Thread 2 ] WARN  UpdaterService       - Failed to find updates: java.net.UnknownHostException: raw.githubusercontent.com
19:39:49.677 [JavaFX Application Thread] DEBUG Menu                 - fireNewGame()
19:39:49.677 [JavaFX Application Thread] DEBUG GameApplicationServi - Starting new game
19:39:49.678 [JavaFX Application Thread] DEBUG PrimaryStageWindow   - Pop state: FXGLDefaultMenu
19:39:49.679 [JavaFX Application Thread] DEBUG Input                - Clearing active input actions
19:39:49.679 [JavaFX Application Thread] DEBUG GameApplicationServi - Removing overlay from FXGLDefaultMenu and adding to FXGLMainMenuDummyScene
19:39:49.679 [JavaFX Application Thread] DEBUG PrimaryStageWindow   - FXGLMainMenuDummyScene <- FXGLDefaultMenu
19:39:49.679 [JavaFX Application Thread] DEBUG Input                - Clearing active input actions
19:39:49.683 [JavaFX Application Thread] DEBUG GameApplicationServi - Removing overlay from FXGLMainMenuDummyScene and adding to FXGLLoadingScene
19:39:49.683 [JavaFX Application Thread] DEBUG PrimaryStageWindow   - FXGLMainMenuDummyScene -> FXGLLoadingScene
19:39:49.683 [JavaFX Application Thread] DEBUG GameApplicationServi - Clearing previous game
19:39:49.683 [JavaFX Application Thread] DEBUG GameScene            - Clearing game scene
19:39:49.683 [JavaFX Application Thread] DEBUG GameWorld            - Clearing game world
19:39:49.683 [JavaFX Application Thread] DEBUG PhysicsWorld         - Clearing physics world
19:39:49.683 [FXGL Background Thread 2 ] DEBUG FXGLApplication      - Initializing game
19:39:49.691 [FXGL Background Thread 2 ] DEBUG FXGLAssetLoaderServi - Loading from file system: file:/E:/java%20project/tank/target/classes/assets/textures/Crepeer.png
19:39:49.703 [FXGL Background Thread 2 ] INFO  FXGLApplication      - Game initialization took: 0.019 sec
19:39:49.703 [JavaFX Application Thread] DEBUG Input                - Clearing active input actions
19:39:49.706 [JavaFX Application Thread] DEBUG GameApplicationServi - Removing overlay from FXGLLoadingScene and adding to GameScene
19:39:49.706 [JavaFX Application Thread] DEBUG PrimaryStageWindow   - FXGLLoadingScene -> GameScene
19:39:51.738 [FXGL Background Thread 3 ] DEBUG Engine               - Logging environment variables
19:39:51.738 [FXGL Background Thread 3 ] DEBUG Engine               - achievements: []
19:39:51.738 [FXGL Background Thread 3 ] DEBUG Engine               - actualHeight: 800.0
19:39:51.738 [FXGL Background Thread 3 ] DEBUG Engine               - actualHeightProperty: ReadOnlyDoubleProperty [value: 800.0]
19:39:51.738 [FXGL Background Thread 3 ] DEBUG Engine               - actualWidth: 750.0
19:39:51.738 [FXGL Background Thread 3 ] DEBUG Engine               - actualWidthProperty: ReadOnlyDoubleProperty [value: 750.0]
19:39:51.738 [FXGL Background Thread 3 ] DEBUG Engine               - appIcon: joker.jpg
19:39:51.738 [FXGL Background Thread 3 ] DEBUG Engine               - applicationMode: DEVELOPER
19:39:51.738 [FXGL Background Thread 3 ] DEBUG Engine               - cSSList: [fxgl_dark.css]
19:39:51.738 [FXGL Background Thread 3 ] DEBUG Engine               - collisionDetectionStrategy: BRUTE_FORCE
19:39:51.738 [FXGL Background Thread 3 ] DEBUG Engine               - configClass: Optional.empty
19:39:51.738 [FXGL Background Thread 3 ] DEBUG Engine               - credits: []
19:39:51.739 [FXGL Background Thread 3 ] DEBUG Engine               - defaultCursor: CursorInfo(imageName=fxgl_default_cursor.png, hotspotX=7.0, hotspotY=6.0)
19:39:51.739 [FXGL Background Thread 3 ] DEBUG Engine               - devBBoxColorProperty: ObjectProperty [value: 0xff0000ff]
19:39:51.739 [FXGL Background Thread 3 ] DEBUG Engine               - devEnableDebugCameraProperty: BooleanProperty [value: false]
19:39:51.739 [FXGL Background Thread 3 ] DEBUG Engine               - devSensorColorProperty: ObjectProperty [value: 0xffff00ff]
19:39:51.739 [FXGL Background Thread 3 ] DEBUG Engine               - devShowBBoxProperty: BooleanProperty [value: false]
19:39:51.739 [FXGL Background Thread 3 ] DEBUG Engine               - devShowPositionProperty: BooleanProperty [value: false]
19:39:51.739 [FXGL Background Thread 3 ] DEBUG Engine               - enabledMenuItems: []
19:39:51.739 [FXGL Background Thread 3 ] DEBUG Engine               - engineServices: [class com.almasb.fxgl.app.services.FXGLAssetLoaderService, class com.almasb.fxgl.app.FXGLApplication$GameApplicationService, class com.almasb.fxgl.app.services.FXGLDialogService, class com.almasb.fxgl.app.services.IOTaskExecutorService, class com.almasb.fxgl.io.FileSystemService, class com.almasb.fxgl.localization.LocalizationService, class com.almasb.fxgl.app.services.SystemBundleService, class com.almasb.fxgl.profile.SaveLoadService, class com.almasb.fxgl.ui.FXGLUIFactoryServiceProvider, class com.almasb.fxgl.ui.FXGLDialogFactoryServiceProvider, class com.almasb.fxgl.audio.AudioPlayer, class com.almasb.fxgl.notification.impl.NotificationServiceProvider, class com.almasb.fxgl.achievement.AchievementService, class com.almasb.fxgl.cutscene.CutsceneService, class com.almasb.fxgl.minigames.MiniGameService, class com.almasb.fxgl.net.NetService, class com.almasb.fxgl.app.services.UpdaterService, class com.almasb.fxgl.dev.DevService]
19:39:51.739 [FXGL Background Thread 3 ] DEBUG Engine               - fontGame: Abel-Regular.ttf
19:39:51.739 [FXGL Background Thread 3 ] DEBUG Engine               - fontMono: TerminalLandMono-Regular.otf
19:39:51.739 [FXGL Background Thread 3 ] DEBUG Engine               - fontText: Courier-Prime.ttf
19:39:51.739 [FXGL Background Thread 3 ] DEBUG Engine               - fontUI: VarelaRound-Regular.ttf
19:39:51.739 [FXGL Background Thread 3 ] DEBUG Engine               - fullScreen: BooleanProperty [value: false]
19:39:51.739 [FXGL Background Thread 3 ] DEBUG Engine               - gameDifficulty: MEDIUM
19:39:51.739 [FXGL Background Thread 3 ] DEBUG Engine               - gameDifficultyProperty: ObjectProperty [value: MEDIUM]
19:39:51.739 [FXGL Background Thread 3 ] DEBUG Engine               - globalMusicVolume: 0.5
19:39:51.739 [FXGL Background Thread 3 ] DEBUG Engine               - globalMusicVolumeProperty: DoubleProperty [value: 0.5]
19:39:51.740 [FXGL Background Thread 3 ] DEBUG Engine               - globalSoundVolume: 0.5
19:39:51.740 [FXGL Background Thread 3 ] DEBUG Engine               - globalSoundVolumeProperty: DoubleProperty [value: 0.8]
19:39:51.740 [FXGL Background Thread 3 ] DEBUG Engine               - height: 800
19:39:51.740 [FXGL Background Thread 3 ] DEBUG Engine               - is3D: false
19:39:51.740 [FXGL Background Thread 3 ] DEBUG Engine               - isAndroid: false
19:39:51.740 [FXGL Background Thread 3 ] DEBUG Engine               - isBrowser: false
19:39:51.740 [FXGL Background Thread 3 ] DEBUG Engine               - isClickFeedbackEnabled: false
19:39:51.740 [FXGL Background Thread 3 ] DEBUG Engine               - isCloseConfirmation: false
19:39:51.740 [FXGL Background Thread 3 ] DEBUG Engine               - isDesktop: true
19:39:51.740 [FXGL Background Thread 3 ] DEBUG Engine               - isDeveloperMenuEnabled: false
19:39:51.740 [FXGL Background Thread 3 ] DEBUG Engine               - isEmbedded: false
19:39:51.740 [FXGL Background Thread 3 ] DEBUG Engine               - isEntityPreloadEnabled: true
19:39:51.740 [FXGL Background Thread 3 ] DEBUG Engine               - isExperimentalTiledLargeMap: false
19:39:51.740 [FXGL Background Thread 3 ] DEBUG Engine               - isFileSystemWriteAllowed: true
19:39:51.740 [FXGL Background Thread 3 ] DEBUG Engine               - isFullScreenAllowed: false
19:39:51.740 [FXGL Background Thread 3 ] DEBUG Engine               - isFullScreenFromStart: false
19:39:51.740 [FXGL Background Thread 3 ] DEBUG Engine               - isGameMenuEnabled: true
19:39:51.740 [FXGL Background Thread 3 ] DEBUG Engine               - isIOS: false
19:39:51.740 [FXGL Background Thread 3 ] DEBUG Engine               - isIntroEnabled: false
19:39:51.740 [FXGL Background Thread 3 ] DEBUG Engine               - isLinux: false
19:39:51.740 [FXGL Background Thread 3 ] DEBUG Engine               - isMac: false
19:39:51.740 [FXGL Background Thread 3 ] DEBUG Engine               - isMainMenuEnabled: true
19:39:51.740 [FXGL Background Thread 3 ] DEBUG Engine               - isManualResizeEnabled: false
19:39:51.740 [FXGL Background Thread 3 ] DEBUG Engine               - isMobile: false
19:39:51.740 [FXGL Background Thread 3 ] DEBUG Engine               - isNative: false
19:39:51.740 [FXGL Background Thread 3 ] DEBUG Engine               - isPauseMusicWhenMinimized: true
19:39:51.740 [FXGL Background Thread 3 ] DEBUG Engine               - isPreserveResizeRatio: false
19:39:51.740 [FXGL Background Thread 3 ] DEBUG Engine               - isProfilingEnabled: false
19:39:51.740 [FXGL Background Thread 3 ] DEBUG Engine               - isScaleAffectedOnResize: true
19:39:51.740 [FXGL Background Thread 3 ] DEBUG Engine               - isSingleStep: false
19:39:51.740 [FXGL Background Thread 3 ] DEBUG Engine               - isUserProfileEnabled: false
19:39:51.740 [FXGL Background Thread 3 ] DEBUG Engine               - isWindows: true
19:39:51.740 [FXGL Background Thread 3 ] DEBUG Engine               - language: ObjectProperty [value: ENGLISH]
19:39:51.740 [FXGL Background Thread 3 ] DEBUG Engine               - menuKey: ESCAPE
19:39:51.740 [FXGL Background Thread 3 ] DEBUG Engine               - mouseSensitivity: 0.2
19:39:51.740 [FXGL Background Thread 3 ] DEBUG Engine               - notificationViewClass: class com.almasb.fxgl.notification.view.XboxNotificationView
19:39:51.740 [FXGL Background Thread 3 ] DEBUG Engine               - pixelsPerMeter: 50.0
19:39:51.740 [FXGL Background Thread 3 ] DEBUG Engine               - platform: WINDOWS
19:39:51.740 [FXGL Background Thread 3 ] DEBUG Engine               - prefHeightProperty: ReadOnlyDoubleProperty [value: 800.0]
19:39:51.741 [FXGL Background Thread 3 ] DEBUG Engine               - prefWidthProperty: ReadOnlyDoubleProperty [value: 750.0]
19:39:51.741 [FXGL Background Thread 3 ] DEBUG Engine               - profileDir: profiles/
19:39:51.741 [FXGL Background Thread 3 ] DEBUG Engine               - profileName: StringProperty [value: DEFAULT]
19:39:51.741 [FXGL Background Thread 3 ] DEBUG Engine               - randomSeed: -1
19:39:51.741 [FXGL Background Thread 3 ] DEBUG Engine               - runtimeInfo: RuntimeInfo(platform=WINDOWS, version=17, build=31.12.2021 18.16)
19:39:51.741 [FXGL Background Thread 3 ] DEBUG Engine               - saveFileExt: sav
19:39:51.741 [FXGL Background Thread 3 ] DEBUG Engine               - scaledHeightProp$fxgl: DoubleProperty [bound, value: 800.0]
19:39:51.741 [FXGL Background Thread 3 ] DEBUG Engine               - scaledWidthProp$fxgl: DoubleProperty [bound, value: 750.0]
19:39:51.741 [FXGL Background Thread 3 ] DEBUG Engine               - sceneFactory: com.almasb.fxgl.app.scene.SceneFactory@7e3f7386
19:39:51.741 [FXGL Background Thread 3 ] DEBUG Engine               - secondsIn24h: 60
19:39:51.741 [FXGL Background Thread 3 ] DEBUG Engine               - soundMenuBack: menu/back.wav
19:39:51.741 [FXGL Background Thread 3 ] DEBUG Engine               - soundMenuPress: menu/press.wav
19:39:51.741 [FXGL Background Thread 3 ] DEBUG Engine               - soundMenuSelect: menu/select.wav
19:39:51.741 [FXGL Background Thread 3 ] DEBUG Engine               - soundNotification: core/notification.wav
19:39:51.741 [FXGL Background Thread 3 ] DEBUG Engine               - stageStyle: DECORATED
19:39:51.741 [FXGL Background Thread 3 ] DEBUG Engine               - supportedLanguages: [ENGLISH, FRENCH, GERMAN, HUNGARIAN, RUSSIAN]
19:39:51.741 [FXGL Background Thread 3 ] DEBUG Engine               - ticksPerSecond: -1
19:39:51.741 [FXGL Background Thread 3 ] DEBUG Engine               - title: TANK
19:39:51.741 [FXGL Background Thread 3 ] DEBUG Engine               - urlGithub: https://github.com/AlmasB/FXGL
19:39:51.741 [FXGL Background Thread 3 ] DEBUG Engine               - urlLeaderboard: http://fxgl-top.herokuapp.com/
19:39:51.741 [FXGL Background Thread 3 ] DEBUG Engine               - urlPOM: https://raw.githubusercontent.com/AlmasB/FXGL/release/README.md
19:39:51.741 [FXGL Background Thread 3 ] DEBUG Engine               - userAppClass: class com.kenny.tank.TankApp
19:39:51.741 [FXGL Background Thread 3 ] DEBUG Engine               - version: 0.1
19:39:51.741 [FXGL Background Thread 3 ] DEBUG Engine               - versionCheckDays: 7
19:39:51.741 [FXGL Background Thread 3 ] DEBUG Engine               - width: 750
19:39:51.741 [FXGL Background Thread 3 ] DEBUG Engine               - Logging services
19:39:51.741 [FXGL Background Thread 3 ] DEBUG Engine               - class com.almasb.fxgl.app.services.FXGLAssetLoaderService
19:39:51.741 [FXGL Background Thread 3 ] DEBUG Engine               - class com.almasb.fxgl.app.FXGLApplication$GameApplicationService
19:39:51.741 [FXGL Background Thread 3 ] DEBUG Engine               - class com.almasb.fxgl.app.services.FXGLDialogService
19:39:51.741 [FXGL Background Thread 3 ] DEBUG Engine               - class com.almasb.fxgl.app.services.IOTaskExecutorService
19:39:51.741 [FXGL Background Thread 3 ] DEBUG Engine               - class com.almasb.fxgl.io.FileSystemService
19:39:51.741 [FXGL Background Thread 3 ] DEBUG Engine               - class com.almasb.fxgl.localization.LocalizationService
19:39:51.741 [FXGL Background Thread 3 ] DEBUG Engine               - class com.almasb.fxgl.app.services.SystemBundleService
19:39:51.741 [FXGL Background Thread 3 ] DEBUG Engine               - class com.almasb.fxgl.profile.SaveLoadService
19:39:51.741 [FXGL Background Thread 3 ] DEBUG Engine               - class com.almasb.fxgl.ui.FXGLUIFactoryServiceProvider
19:39:51.741 [FXGL Background Thread 3 ] DEBUG Engine               - class com.almasb.fxgl.ui.FXGLDialogFactoryServiceProvider
19:39:51.741 [FXGL Background Thread 3 ] DEBUG Engine               - class com.almasb.fxgl.audio.AudioPlayer
19:39:51.741 [FXGL Background Thread 3 ] DEBUG Engine               - class com.almasb.fxgl.notification.impl.NotificationServiceProvider
19:39:51.741 [FXGL Background Thread 3 ] DEBUG Engine               - class com.almasb.fxgl.achievement.AchievementService
19:39:51.741 [FXGL Background Thread 3 ] DEBUG Engine               - class com.almasb.fxgl.cutscene.CutsceneService
19:39:51.741 [FXGL Background Thread 3 ] DEBUG Engine               - class com.almasb.fxgl.minigames.MiniGameService
19:39:51.741 [FXGL Background Thread 3 ] DEBUG Engine               - class com.almasb.fxgl.net.NetService
19:39:51.741 [FXGL Background Thread 3 ] DEBUG Engine               - class com.almasb.fxgl.app.services.UpdaterService
19:39:51.741 [FXGL Background Thread 3 ] DEBUG Engine               - class com.almasb.fxgl.dev.DevService
19:39:52.067 [JavaFX Application Thread] DEBUG FXGLAssetLoaderServi - Loading from file system: file:/E:/java%20project/tank/target/classes/assets/sounds/boom.wav
19:39:58.353 [JavaFX Application Thread] DEBUG PrimaryStageWindow   - Push state: FXGLDefaultMenu
19:39:58.353 [JavaFX Application Thread] DEBUG Input                - Clearing active input actions
19:39:58.355 [JavaFX Application Thread] DEBUG GameApplicationServi - Removing overlay from GameScene and adding to FXGLDefaultMenu
19:39:58.355 [JavaFX Application Thread] DEBUG PrimaryStageWindow   - GameScene -> FXGLDefaultMenu
19:39:59.057 [JavaFX Application Thread] DEBUG Menu                 - fireExitToMainMenu()
19:39:59.060 [JavaFX Application Thread] DEBUG PrimaryStageWindow   - Push state: DialogSubScene
19:39:59.060 [JavaFX Application Thread] DEBUG Input                - Clearing active input actions
19:39:59.060 [JavaFX Application Thread] DEBUG GameApplicationServi - Removing overlay from FXGLDefaultMenu and adding to DialogSubScene
19:39:59.060 [JavaFX Application Thread] DEBUG PrimaryStageWindow   - FXGLDefaultMenu -> DialogSubScene
19:39:59.558 [JavaFX Application Thread] DEBUG PrimaryStageWindow   - Pop state: DialogSubScene
19:39:59.558 [JavaFX Application Thread] DEBUG Input                - Clearing active input actions
19:39:59.558 [JavaFX Application Thread] DEBUG GameApplicationServi - Removing overlay from DialogSubScene and adding to FXGLDefaultMenu
19:39:59.559 [JavaFX Application Thread] DEBUG PrimaryStageWindow   - FXGLDefaultMenu <- DialogSubScene
19:39:59.559 [JavaFX Application Thread] DEBUG PrimaryStageWindow   - Pop state: FXGLDefaultMenu
19:39:59.559 [JavaFX Application Thread] DEBUG Input                - Clearing active input actions
19:39:59.559 [JavaFX Application Thread] DEBUG GameApplicationServi - Removing overlay from FXGLDefaultMenu and adding to GameScene
19:39:59.559 [JavaFX Application Thread] DEBUG PrimaryStageWindow   - GameScene <- FXGLDefaultMenu
19:39:59.559 [JavaFX Application Thread] DEBUG Input                - Clearing active input actions
19:39:59.562 [JavaFX Application Thread] DEBUG GameApplicationServi - Removing overlay from GameScene and adding to FXGLMainMenuDummyScene
19:39:59.563 [JavaFX Application Thread] DEBUG PrimaryStageWindow   - GameScene -> FXGLMainMenuDummyScene
19:39:59.563 [JavaFX Application Thread] DEBUG PrimaryStageWindow   - Push state: FXGLDefaultMenu
19:39:59.563 [JavaFX Application Thread] DEBUG Input                - Clearing active input actions
19:39:59.565 [JavaFX Application Thread] DEBUG GameApplicationServi - Removing overlay from FXGLMainMenuDummyScene and adding to FXGLDefaultMenu
19:39:59.565 [JavaFX Application Thread] DEBUG PrimaryStageWindow   - FXGLMainMenuDummyScene -> FXGLDefaultMenu
19:40:00.407 [JavaFX Application Thread] DEBUG Menu                 - fireExit()
19:40:00.408 [JavaFX Application Thread] DEBUG PrimaryStageWindow   - Push state: DialogSubScene
19:40:00.408 [JavaFX Application Thread] DEBUG Input                - Clearing active input actions
19:40:00.408 [JavaFX Application Thread] DEBUG GameApplicationServi - Removing overlay from FXGLDefaultMenu and adding to DialogSubScene
19:40:00.408 [JavaFX Application Thread] DEBUG PrimaryStageWindow   - FXGLDefaultMenu -> DialogSubScene
19:40:00.877 [JavaFX Application Thread] DEBUG PrimaryStageWindow   - Pop state: DialogSubScene
19:40:00.878 [JavaFX Application Thread] DEBUG Input                - Clearing active input actions
19:40:00.878 [JavaFX Application Thread] DEBUG GameApplicationServi - Removing overlay from DialogSubScene and adding to FXGLDefaultMenu
19:40:00.878 [JavaFX Application Thread] DEBUG PrimaryStageWindow   - FXGLDefaultMenu <- DialogSubScene
19:40:00.878 [JavaFX Application Thread] DEBUG FXGLApplication      - Exiting FXGL
19:40:00.878 [JavaFX Application Thread] DEBUG LoopRunner           - Stopping loop
19:40:00.878 [JavaFX Application Thread] DEBUG SystemBundleService  - Saving FXGL system data
19:40:00.881 [JavaFX Application Thread] DEBUG FileSystemAccess     - Writing to: E:\java project\tank\system\fxgl.bundle
19:40:00.883 [JavaFX Application Thread] DEBUG Async                - Shutting down background threads
19:40:00.883 [JavaFX Application Thread] DEBUG PrimaryStageWindow   - Closing main window
19:40:00.903 [JavaFX Application Thread] DEBUG Logger               - Closing Logger
