19:22:40.586 [main                     ] DEBUG Logger               - Configured Logger
19:22:40.611 [main                     ] DEBUG GameApplication      - Logging settings
Title: All star battle
Version: 0.1
Width: 2048
Height: 1152
Fullscreen: false
Intro: false
Profiling: false
Single step:false
App Mode: DEVELOPER
Menu Key: ESCAPE
Stage Style: DECORATED
Scene Factory: class com.kenny.AllStarBattle.AllStarBattleApp$1

19:22:40.959 [JavaFX Application Thread] DEBUG FXGLApplication      - Initializing FXGL
19:22:40.964 [JavaFX Application Thread] INFO  Engine               - FXGL-17.1 (24.03.2022 17.34) on WINDOWS (J:17.0.6 FX:18)
19:22:40.964 [JavaFX Application Thread] DEBUG Engine               - JRE Vendor Name: Amazon.com Inc.
19:22:40.964 [JavaFX Application Thread] DEBUG Engine               - Running on OS: Windows 11 version 10.0
19:22:40.964 [JavaFX Application Thread] DEBUG Engine               - Architecture: amd64
19:22:40.964 [JavaFX Application Thread] INFO  Engine               - Source code and latest versions at: https://github.com/AlmasB/FXGL
19:22:40.965 [JavaFX Application Thread] INFO  Engine               -       Ask questions and discuss at: https://github.com/AlmasB/FXGL/discussions
19:22:40.965 [JavaFX Application Thread] INFO  Engine               -              Join the FXGL chat at: https://gitter.im/AlmasB/FXGL
19:22:41.023 [JavaFX Application Thread] DEBUG PrimaryStageWindow   - Creating a JavaFX scene
19:22:41.023 [JavaFX Application Thread] DEBUG PrimaryStageWindow   - Target size > screen size
19:22:41.057 [JavaFX Application Thread] DEBUG PrimaryStageWindow   - Target settings size: 2048.0 x 1152.0
19:22:41.057 [JavaFX Application Thread] DEBUG PrimaryStageWindow   - Scaled scene size:    1682.0 x 960.0
19:22:41.057 [JavaFX Application Thread] DEBUG PrimaryStageWindow   - Scaled ratio: (0.8212890625, 0.8333333333333334)
19:22:41.059 [JavaFX Application Thread] DEBUG PrimaryStageWindow   - Set initial scene to StartScene
19:22:41.064 [JavaFX Application Thread] DEBUG PrimaryStageWindow   - Opening main window
19:22:41.177 [JavaFX Application Thread] DEBUG PrimaryStageWindow   - Window border size: (14.6666259765625, 37.33331298828125)
19:22:41.177 [JavaFX Application Thread] DEBUG PrimaryStageWindow   - Scaled size: 1682.0 x 960.0
19:22:41.177 [JavaFX Application Thread] DEBUG PrimaryStageWindow   - Scaled ratio: (0.8212890625, 0.8333333333333334)
19:22:41.178 [JavaFX Application Thread] DEBUG PrimaryStageWindow   - Scene size: 1682.0 x 960.0
19:22:41.178 [JavaFX Application Thread] DEBUG PrimaryStageWindow   - Stage size: 1696.6666259765625 x 997.3333129882812
19:22:41.184 [FXGL Background Thread 1 ] DEBUG Engine               - Initializing environment variables
19:22:41.214 [FXGL Background Thread 1 ] DEBUG FXGLAssetLoaderServi - User app class for loading assets: class com.kenny.AllStarBattle.AllStarBattleApp
19:22:41.214 [FXGL Background Thread 1 ] DEBUG GameApplicationServi - Applying CSS: fxgl_dark.css
19:22:41.215 [FXGL Background Thread 1 ] DEBUG FXGLAssetLoaderServi - Loading from file system: jar:file:///C:/Users/10273/.m2/repository/com/github/almasb/fxgl/17.1/fxgl-17.1.jar!/fxglassets/ui/css/fxgl_dark.css
19:22:41.251 [FXGL Background Thread 1 ] DEBUG GameApplicationServi - Applying CSS: tank.css
19:22:41.251 [FXGL Background Thread 1 ] DEBUG FXGLAssetLoaderServi - Loading from file system: file:/E:/java%20project/tank/target/classes/assets/ui/css/tank.css
19:22:41.253 [FXGL Background Thread 1 ] DEBUG GameApplicationServi - Initializing application scenes
19:22:41.255 [FXGL Background Thread 1 ] DEBUG GameWorld            - Game world initialized
19:22:41.309 [FXGL Background Thread 1 ] DEBUG PhysicsWorld         - Physics world initialized: appHeight=1152, physics.ppm=50.0
19:22:41.309 [FXGL Background Thread 1 ] DEBUG PhysicsWorld         - Using strategy: BRUTE_FORCE
19:22:41.314 [FXGL Background Thread 1 ] DEBUG GameScene            - Game scene initialized: 2048x1152
19:22:41.317 [FXGL Background Thread 1 ] DEBUG FXGLAssetLoaderServi - Loading from file system: file:/E:/java%20project/tank/target/classes/assets/textures/MainMenu.png
19:22:41.442 [FXGL Background Thread 1 ] DEBUG FXGLAssetLoaderServi - Loading from file system: file:/E:/java%20project/tank/target/classes/assets/textures/R-C.jpg
19:22:41.465 [FXGL Background Thread 1 ] DEBUG FXGL.DefaultMenu     - createMenuBodyGameMenu()
19:22:41.471 [FXGL Background Thread 1 ] DEBUG FXGL.DefaultMenu     - createOptionsMenu()
19:22:41.478 [FXGL Background Thread 1 ] DEBUG FXGLAssetLoaderServi - Loading from file system: jar:file:///C:/Users/10273/.m2/repository/com/github/almasb/fxgl/17.1/fxgl-17.1.jar!/fxglassets/textures/particles/smoke.png
19:22:41.546 [FXGL Background Thread 1 ] DEBUG FXGLAssetLoaderServi - Loading from file system: jar:file:///C:/Users/10273/.m2/repository/com/github/almasb/fxgl/17.1/fxgl-17.1.jar!/fxglassets/textures/particles/trace_horizontal.png
19:22:41.555 [FXGL Background Thread 1 ] DEBUG GameApplicationServi - Application scenes initialized
19:22:41.562 [FXGL Background Thread 1 ] DEBUG SystemBundleService  - Loading FXGL system data
19:22:41.566 [FXGL Background Thread 1 ] DEBUG FileSystemAccess     - Reading from: E:\java project\tank\system\fxgl.bundle
19:22:41.572 [FXGL Background Thread 1 ] DEBUG SystemBundleService  - Bundle FXGL: {}
19:22:41.572 [FXGL Background Thread 1 ] DEBUG UpdaterService       - Checking for updates
19:22:41.575 [FXGL Background Thread 4 ] DEBUG FXGLApplication      - Loading fonts
19:22:41.576 [FXGL Background Thread 4 ] DEBUG FXGLAssetLoaderServi - Loading from file system: jar:file:///C:/Users/10273/.m2/repository/com/github/almasb/fxgl/17.1/fxgl-17.1.jar!/fxglassets/ui/fonts/VarelaRound-Regular.ttf
19:22:41.577 [FXGL Background Thread 1 ] DEBUG FXGLApplication      - Loading default localization
19:22:41.577 [FXGL Background Thread 1 ] DEBUG FXGLAssetLoaderServi - Loading from file system: jar:file:///C:/Users/10273/.m2/repository/com/github/almasb/fxgl/17.1/fxgl-17.1.jar!/fxglassets/languages/english.lang
19:22:41.610 [FXGL Background Thread 1 ] INFO  FXGLApplication      - FXGL initialization took: 0.426 sec
19:22:41.622 [JavaFX Application Thread] DEBUG Input                - Registered new binding: action0 - Up
19:22:41.622 [JavaFX Application Thread] DEBUG Input                - Registered new binding: action1 - Down
19:22:41.623 [JavaFX Application Thread] DEBUG Input                - Registered new binding: action2 - Left
19:22:41.624 [JavaFX Application Thread] DEBUG Input                - Registered new binding: action3 - Right
19:22:41.625 [JavaFX Application Thread] DEBUG Input                - Registered new binding: action4 - Space
19:22:41.625 [JavaFX Application Thread] DEBUG FXGLAssetLoaderServi - Loading from file system: file:/E:/java%20project/tank/target/classes/assets/textures/joker.jpg
19:22:41.641 [JavaFX Application Thread] DEBUG FXGLAssetLoaderServi - Loading from file system: jar:file:///C:/Users/10273/.m2/repository/com/github/almasb/fxgl/17.1/fxgl-17.1.jar!/fxglassets/textures/fxgl_default_cursor.png
19:22:41.646 [JavaFX Application Thread] DEBUG Input                - Registered new binding: Screenshot - CTRL+8
19:22:41.647 [JavaFX Application Thread] DEBUG Input                - Registered new binding: System info dump - CTRL+9
19:22:41.648 [JavaFX Application Thread] DEBUG Input                - Registered new binding: Restart - CTRL+R
19:22:41.650 [JavaFX Application Thread] DEBUG Input                - Registered new binding: Toggle Debug Camera - CTRL+7
19:22:41.659 [JavaFX Application Thread] DEBUG LoopRunner           - Starting loop
19:22:41.659 [JavaFX Application Thread] DEBUG LoopRunner           - Initializing JavaFX AnimationTimerLoop
19:22:41.662 [FXGL Background Thread 4 ] DEBUG FXGLAssetLoaderServi - Loading from file system: jar:file:///C:/Users/10273/.m2/repository/com/github/almasb/fxgl/17.1/fxgl-17.1.jar!/fxglassets/ui/fonts/Abel-Regular.ttf
19:22:41.664 [FXGL Background Thread 4 ] DEBUG FXGLAssetLoaderServi - Loading from file system: jar:file:///C:/Users/10273/.m2/repository/com/github/almasb/fxgl/17.1/fxgl-17.1.jar!/fxglassets/ui/fonts/TerminalLandMono-Regular.otf
19:22:41.666 [JavaFX Application Thread] DEBUG Input                - Clearing active input actions
19:22:41.666 [FXGL Background Thread 4 ] DEBUG FXGLAssetLoaderServi - Loading from file system: jar:file:///C:/Users/10273/.m2/repository/com/github/almasb/fxgl/17.1/fxgl-17.1.jar!/fxglassets/ui/fonts/Courier-Prime.ttf
19:22:41.671 [JavaFX Application Thread] DEBUG GameApplicationServi - Removing overlay from StartScene and adding to FXGLMainMenuDummyScene
19:22:41.671 [JavaFX Application Thread] DEBUG PrimaryStageWindow   - StartScene -> FXGLMainMenuDummyScene
19:22:41.671 [JavaFX Application Thread] DEBUG PrimaryStageWindow   - Push state: Main_menu
19:22:41.673 [JavaFX Application Thread] DEBUG Input                - Clearing active input actions
19:22:41.695 [JavaFX Application Thread] DEBUG GameApplicationServi - Removing overlay from FXGLMainMenuDummyScene and adding to Main_menu
19:22:41.695 [JavaFX Application Thread] DEBUG PrimaryStageWindow   - FXGLMainMenuDummyScene -> Main_menu
19:22:41.838 [JavaFX Application Thread] DEBUG FXGLApplication      - Registering font factories with UI factory
19:22:42.483 [FXGL Background Thread 2 ] INFO  UpdaterService       - Your current version:  17.1
19:22:42.483 [FXGL Background Thread 2 ] INFO  UpdaterService       - Latest stable version: 17.3
19:22:43.738 [JavaFX Application Thread] DEBUG FXGLApplication      - Exiting FXGL
19:22:43.738 [JavaFX Application Thread] DEBUG LoopRunner           - Stopping loop
19:22:43.739 [JavaFX Application Thread] DEBUG SystemBundleService  - Saving FXGL system data
19:22:43.740 [JavaFX Application Thread] DEBUG FileSystemAccess     - Writing to: E:\java project\tank\system\fxgl.bundle
19:22:43.743 [JavaFX Application Thread] DEBUG Async                - Shutting down background threads
19:22:43.744 [JavaFX Application Thread] DEBUG PrimaryStageWindow   - Closing main window
19:22:43.762 [JavaFX Application Thread] DEBUG Logger               - Closing Logger
