12:46:32.541 [main                     ] DEBUG Logger               - Configured Logger
12:46:32.563 [main                     ] DEBUG GameApplication      - Logging settings
Title: TANK
Version: 0.1
Width: 2048
Height: 1280
Fullscreen: false
Intro: false
Profiling: false
Single step:false
App Mode: DEVELOPER
Menu Key: ESCAPE
Stage Style: DECORATED
Scene Factory: class com.almasb.fxgl.app.scene.SceneFactory

12:46:32.865 [JavaFX Application Thread] DEBUG FXGLApplication      - Initializing FXGL
12:46:32.868 [JavaFX Application Thread] INFO  Engine               - FXGL-17 (31.12.2021 18.16) on WINDOWS (J:17.0.6 FX:17.0.0.1)
12:46:32.869 [JavaFX Application Thread] DEBUG Engine               - JRE Vendor Name: Amazon.com Inc.
12:46:32.869 [JavaFX Application Thread] DEBUG Engine               - Running on OS: Windows 11 version 10.0
12:46:32.869 [JavaFX Application Thread] DEBUG Engine               - Architecture: amd64
12:46:32.869 [JavaFX Application Thread] INFO  Engine               - Source code and latest versions at: https://github.com/AlmasB/FXGL
12:46:32.869 [JavaFX Application Thread] INFO  Engine               -       Ask questions and discuss at: https://github.com/AlmasB/FXGL/discussions
12:46:32.869 [JavaFX Application Thread] INFO  Engine               -              Join the FXGL chat at: https://gitter.im/AlmasB/FXGL
12:46:32.920 [JavaFX Application Thread] DEBUG PrimaryStageWindow   - Creating a JavaFX scene
12:46:32.920 [JavaFX Application Thread] DEBUG PrimaryStageWindow   - Target size > screen size
12:46:32.948 [JavaFX Application Thread] DEBUG PrimaryStageWindow   - Target settings size: 2048.0 x 1280.0
12:46:32.948 [JavaFX Application Thread] DEBUG PrimaryStageWindow   - Scaled scene size:    1605.0 x 1018.0
12:46:32.948 [JavaFX Application Thread] DEBUG PrimaryStageWindow   - Scaled ratio: (0.78369140625, 0.7953125)
12:46:32.949 [JavaFX Application Thread] DEBUG PrimaryStageWindow   - Set initial scene to FXGLStartupScene
12:46:32.953 [JavaFX Application Thread] DEBUG PrimaryStageWindow   - Opening main window
12:46:33.010 [JavaFX Application Thread] DEBUG PrimaryStageWindow   - Window border size: (15.0, 37.3333740234375)
12:46:33.010 [JavaFX Application Thread] DEBUG PrimaryStageWindow   - Scaled size: 1605.0 x 1018.0
12:46:33.010 [JavaFX Application Thread] DEBUG PrimaryStageWindow   - Scaled ratio: (0.78369140625, 0.7953125)
12:46:33.011 [JavaFX Application Thread] DEBUG PrimaryStageWindow   - Scene size: 1605.0 x 1018.0
12:46:33.011 [JavaFX Application Thread] DEBUG PrimaryStageWindow   - Stage size: 1620.0 x 1055.3333740234375
12:46:33.016 [FXGL Background Thread 1 ] DEBUG Engine               - Initializing environment variables
12:46:33.038 [FXGL Background Thread 1 ] DEBUG FXGLAssetLoaderServi - User app class for loading assets: class com.kenny.tank.TankApp
12:46:33.038 [FXGL Background Thread 1 ] DEBUG GameApplicationServi - Applying CSS: fxgl_dark.css
12:46:33.039 [FXGL Background Thread 1 ] DEBUG FXGLAssetLoaderServi - Loading from file system: jar:file:///C:/Users/10273/.m2/repository/com/github/almasb/fxgl/17/fxgl-17.jar!/fxglassets/ui/css/fxgl_dark.css
12:46:33.066 [FXGL Background Thread 1 ] DEBUG GameApplicationServi - Initializing application scenes
12:46:33.121 [FXGL Background Thread 1 ] DEBUG GameWorld            - Game world initialized
12:46:33.152 [FXGL Background Thread 1 ] DEBUG PhysicsWorld         - Physics world initialized: appHeight=1280, physics.ppm=50.0
12:46:33.152 [FXGL Background Thread 1 ] DEBUG PhysicsWorld         - Using strategy: BRUTE_FORCE
12:46:33.155 [FXGL Background Thread 1 ] DEBUG GameScene            - Game scene initialized: 2048x1280
12:46:33.163 [FXGL Background Thread 1 ] DEBUG FXGL.DefaultMenu     - createMenuBodyMainMenu()
12:46:33.173 [FXGL Background Thread 1 ] DEBUG FXGL.DefaultMenu     - createOptionsMenu()
12:46:33.179 [FXGL Background Thread 1 ] DEBUG FXGLAssetLoaderServi - Loading from file system: jar:file:///C:/Users/10273/.m2/repository/com/github/almasb/fxgl/17/fxgl-17.jar!/fxglassets/textures/particles/smoke.png
12:46:33.238 [FXGL Background Thread 1 ] DEBUG FXGLAssetLoaderServi - Loading from file system: jar:file:///C:/Users/10273/.m2/repository/com/github/almasb/fxgl/17/fxgl-17.jar!/fxglassets/textures/particles/trace_horizontal.png
12:46:33.257 [FXGL Background Thread 1 ] DEBUG FXGL.DefaultMenu     - createMenuBodyGameMenu()
12:46:33.258 [FXGL Background Thread 1 ] DEBUG FXGL.DefaultMenu     - createOptionsMenu()
12:46:33.265 [FXGL Background Thread 1 ] DEBUG GameApplicationServi - Application scenes initialized
12:46:33.271 [FXGL Background Thread 1 ] DEBUG SystemBundleService  - Loading FXGL system data
12:46:33.273 [FXGL Background Thread 1 ] DEBUG FileSystemAccess     - Reading from: E:\java project\tank\system\fxgl.bundle
12:46:33.277 [FXGL Background Thread 1 ] DEBUG SystemBundleService  - Bundle FXGL: {}
12:46:33.277 [FXGL Background Thread 1 ] DEBUG UpdaterService       - Checking for updates
12:46:33.279 [FXGL Background Thread 4 ] DEBUG FXGLApplication      - Loading fonts
12:46:33.280 [FXGL Background Thread 1 ] DEBUG FXGLApplication      - Loading default localization
12:46:33.280 [FXGL Background Thread 4 ] DEBUG FXGLAssetLoaderServi - Loading from file system: jar:file:///C:/Users/10273/.m2/repository/com/github/almasb/fxgl/17/fxgl-17.jar!/fxglassets/ui/fonts/VarelaRound-Regular.ttf
12:46:33.280 [FXGL Background Thread 1 ] DEBUG FXGLAssetLoaderServi - Loading from file system: jar:file:///C:/Users/10273/.m2/repository/com/github/almasb/fxgl/17/fxgl-17.jar!/fxglassets/languages/english.lang
12:46:33.293 [FXGL Background Thread 1 ] INFO  FXGLApplication      - FXGL initialization took: 0.277 sec
12:46:33.301 [JavaFX Application Thread] DEBUG Input                - Registered new binding: action0 - Up
12:46:33.301 [JavaFX Application Thread] DEBUG Input                - Registered new binding: action1 - Down
12:46:33.301 [JavaFX Application Thread] DEBUG Input                - Registered new binding: action2 - Left
12:46:33.301 [JavaFX Application Thread] DEBUG Input                - Registered new binding: action3 - Right
12:46:33.302 [JavaFX Application Thread] DEBUG Input                - Registered new binding: action4 - Space
12:46:33.302 [JavaFX Application Thread] DEBUG LoopRunner           - Stopping loop
12:46:33.302 [JavaFX Application Thread] DEBUG LoopRunner           - Initializing JavaFX AnimationTimerLoop
12:46:33.304 [JavaFX Application Thread] FATAL FXGLApplication      - Uncaught Exception:
java.lang.IllegalArgumentException: Trigger is already bound: Up
	at com.almasb.fxgl.core@17/com.almasb.fxgl.input.Input.addBinding(Input.kt:451)
	at com.almasb.fxgl.core@17/com.almasb.fxgl.input.Input.addAction(Input.kt:446)
	at com.almasb.fxgl.core@17/com.almasb.fxgl.input.Input.addAction$default(Input.kt:443)
	at com.almasb.fxgl.core@17/com.almasb.fxgl.input.Input.addAction(Input.kt)
	at tank@1.0-SNAPSHOT/com.kenny.tank.TankApp.initInput(TankApp.java:153)
	at com.almasb.fxgl.all@17/com.almasb.fxgl.app.FXGLApplication$GameApplicationService.onMainLoopStarting(FXGLApplication.kt:529)
	at com.almasb.fxgl.all@17/com.almasb.fxgl.app.Engine.startLoop(Engine.kt:150)
	at com.almasb.fxgl.all@17/com.almasb.fxgl.app.FXGLApplication.startImpl$lambda-3(FXGLApplication.kt:145)
	at com.almasb.fxgl.core@17/com.almasb.fxgl.core.concurrent.IOTask.succeed(IOTask.java:164)
	at com.almasb.fxgl.core@17/com.almasb.fxgl.core.concurrent.IOTask$1.succeeded(IOTask.java:153)
	at javafx.graphics/javafx.concurrent.Task.setState(Task.java:726)
	at javafx.graphics/javafx.concurrent.Task$TaskCallable.lambda$call$1(Task.java:1437)
	at javafx.graphics/com.sun.javafx.application.PlatformImpl.lambda$runLater$10(PlatformImpl.java:457)
	at java.base/java.security.AccessController.doPrivileged(AccessController.java:399)
	at javafx.graphics/com.sun.javafx.application.PlatformImpl.lambda$runLater$11(PlatformImpl.java:456)
	at javafx.graphics/com.sun.glass.ui.InvokeLaterDispatcher$Future.run(InvokeLaterDispatcher.java:96)
	at javafx.graphics/com.sun.glass.ui.win.WinApplication._runLoop(Native Method)
	at javafx.graphics/com.sun.glass.ui.win.WinApplication.lambda$runLoop$3(WinApplication.java:184)
	at java.base/java.lang.Thread.run(Thread.java:833)

12:46:33.304 [JavaFX Application Thread] FATAL FXGLApplication      - Application will now exit
12:46:33.317 [JavaFX Application Thread] DEBUG PrimaryStageWindow   - Push state: ErrorSubScene
12:46:33.318 [JavaFX Application Thread] DEBUG Input                - Clearing active input actions
12:46:33.319 [FXGL Background Thread 4 ] DEBUG FXGLAssetLoaderServi - Loading from file system: jar:file:///C:/Users/10273/.m2/repository/com/github/almasb/fxgl/17/fxgl-17.jar!/fxglassets/ui/fonts/Abel-Regular.ttf
12:46:33.321 [FXGL Background Thread 4 ] DEBUG FXGLAssetLoaderServi - Loading from file system: jar:file:///C:/Users/10273/.m2/repository/com/github/almasb/fxgl/17/fxgl-17.jar!/fxglassets/ui/fonts/TerminalLandMono-Regular.otf
12:46:33.323 [FXGL Background Thread 4 ] DEBUG FXGLAssetLoaderServi - Loading from file system: jar:file:///C:/Users/10273/.m2/repository/com/github/almasb/fxgl/17/fxgl-17.jar!/fxglassets/ui/fonts/Courier-Prime.ttf
12:46:33.325 [JavaFX Application Thread] DEBUG GameApplicationServi - Removing overlay from FXGLStartupScene and adding to ErrorSubScene
12:46:33.325 [JavaFX Application Thread] DEBUG PrimaryStageWindow   - FXGLStartupScene -> ErrorSubScene
12:46:33.465 [JavaFX Application Thread] DEBUG FXGLApplication      - Registering font factories with UI factory
12:46:34.075 [FXGL Background Thread 2 ] INFO  UpdaterService       - Your current version:  17
12:46:34.075 [FXGL Background Thread 2 ] INFO  UpdaterService       - Latest stable version: 17.2
12:46:36.280 [FXGL Background Thread 3 ] DEBUG Engine               - Logging environment variables
12:46:36.281 [FXGL Background Thread 3 ] DEBUG Engine               - achievements: []
12:46:36.281 [FXGL Background Thread 3 ] DEBUG Engine               - actualHeight: 1018.0
12:46:36.282 [FXGL Background Thread 3 ] DEBUG Engine               - actualHeightProperty: ReadOnlyDoubleProperty [value: 1018.0]
12:46:36.282 [FXGL Background Thread 3 ] DEBUG Engine               - actualWidth: 1605.0
12:46:36.282 [FXGL Background Thread 3 ] DEBUG Engine               - actualWidthProperty: ReadOnlyDoubleProperty [value: 1605.0]
12:46:36.282 [FXGL Background Thread 3 ] DEBUG Engine               - appIcon: joker.jpg
12:46:36.282 [FXGL Background Thread 3 ] DEBUG Engine               - applicationMode: DEVELOPER
12:46:36.282 [FXGL Background Thread 3 ] DEBUG Engine               - cSSList: [fxgl_dark.css]
12:46:36.282 [FXGL Background Thread 3 ] DEBUG Engine               - collisionDetectionStrategy: BRUTE_FORCE
12:46:36.282 [FXGL Background Thread 3 ] DEBUG Engine               - configClass: Optional.empty
12:46:36.283 [FXGL Background Thread 3 ] DEBUG Engine               - credits: []
12:46:36.283 [FXGL Background Thread 3 ] DEBUG Engine               - defaultCursor: CursorInfo(imageName=fxgl_default_cursor.png, hotspotX=7.0, hotspotY=6.0)
12:46:36.283 [FXGL Background Thread 3 ] DEBUG Engine               - devBBoxColorProperty: ObjectProperty [value: 0xff0000ff]
12:46:36.284 [FXGL Background Thread 3 ] DEBUG Engine               - devEnableDebugCameraProperty: BooleanProperty [value: false]
12:46:36.284 [FXGL Background Thread 3 ] DEBUG Engine               - devSensorColorProperty: ObjectProperty [value: 0xffff00ff]
12:46:36.284 [FXGL Background Thread 3 ] DEBUG Engine               - devShowBBoxProperty: BooleanProperty [value: false]
12:46:36.284 [FXGL Background Thread 3 ] DEBUG Engine               - devShowPositionProperty: BooleanProperty [value: false]
12:46:36.284 [FXGL Background Thread 3 ] DEBUG Engine               - enabledMenuItems: []
12:46:36.284 [FXGL Background Thread 3 ] DEBUG Engine               - engineServices: [class com.almasb.fxgl.app.services.FXGLAssetLoaderService, class com.almasb.fxgl.app.FXGLApplication$GameApplicationService, class com.almasb.fxgl.app.services.FXGLDialogService, class com.almasb.fxgl.app.services.IOTaskExecutorService, class com.almasb.fxgl.io.FileSystemService, class com.almasb.fxgl.localization.LocalizationService, class com.almasb.fxgl.app.services.SystemBundleService, class com.almasb.fxgl.profile.SaveLoadService, class com.almasb.fxgl.ui.FXGLUIFactoryServiceProvider, class com.almasb.fxgl.ui.FXGLDialogFactoryServiceProvider, class com.almasb.fxgl.audio.AudioPlayer, class com.almasb.fxgl.notification.impl.NotificationServiceProvider, class com.almasb.fxgl.achievement.AchievementService, class com.almasb.fxgl.cutscene.CutsceneService, class com.almasb.fxgl.minigames.MiniGameService, class com.almasb.fxgl.net.NetService, class com.almasb.fxgl.app.services.UpdaterService, class com.almasb.fxgl.dev.DevService]
12:46:36.284 [FXGL Background Thread 3 ] DEBUG Engine               - fontGame: Abel-Regular.ttf
12:46:36.285 [FXGL Background Thread 3 ] DEBUG Engine               - fontMono: TerminalLandMono-Regular.otf
12:46:36.285 [FXGL Background Thread 3 ] DEBUG Engine               - fontText: Courier-Prime.ttf
12:46:36.285 [FXGL Background Thread 3 ] DEBUG Engine               - fontUI: VarelaRound-Regular.ttf
12:46:36.285 [FXGL Background Thread 3 ] DEBUG Engine               - fullScreen: BooleanProperty [value: false]
12:46:36.285 [FXGL Background Thread 3 ] DEBUG Engine               - gameDifficulty: MEDIUM
12:46:36.285 [FXGL Background Thread 3 ] DEBUG Engine               - gameDifficultyProperty: ObjectProperty [value: MEDIUM]
12:46:36.285 [FXGL Background Thread 3 ] DEBUG Engine               - globalMusicVolume: 0.5
12:46:36.285 [FXGL Background Thread 3 ] DEBUG Engine               - globalMusicVolumeProperty: DoubleProperty [value: 0.5]
12:46:36.285 [FXGL Background Thread 3 ] DEBUG Engine               - globalSoundVolume: 0.5
12:46:36.286 [FXGL Background Thread 3 ] DEBUG Engine               - globalSoundVolumeProperty: DoubleProperty [value: 0.5]
12:46:36.286 [FXGL Background Thread 3 ] DEBUG Engine               - height: 1280
12:46:36.286 [FXGL Background Thread 3 ] DEBUG Engine               - is3D: false
12:46:36.286 [FXGL Background Thread 3 ] DEBUG Engine               - isAndroid: false
12:46:36.286 [FXGL Background Thread 3 ] DEBUG Engine               - isBrowser: false
12:46:36.286 [FXGL Background Thread 3 ] DEBUG Engine               - isClickFeedbackEnabled: false
12:46:36.286 [FXGL Background Thread 3 ] DEBUG Engine               - isCloseConfirmation: false
12:46:36.286 [FXGL Background Thread 3 ] DEBUG Engine               - isDesktop: true
12:46:36.286 [FXGL Background Thread 3 ] DEBUG Engine               - isDeveloperMenuEnabled: false
12:46:36.286 [FXGL Background Thread 3 ] DEBUG Engine               - isEmbedded: false
12:46:36.286 [FXGL Background Thread 3 ] DEBUG Engine               - isEntityPreloadEnabled: true
12:46:36.287 [FXGL Background Thread 3 ] DEBUG Engine               - isExperimentalTiledLargeMap: false
12:46:36.287 [FXGL Background Thread 3 ] DEBUG Engine               - isFileSystemWriteAllowed: true
12:46:36.287 [FXGL Background Thread 3 ] DEBUG Engine               - isFullScreenAllowed: false
12:46:36.287 [FXGL Background Thread 3 ] DEBUG Engine               - isFullScreenFromStart: false
12:46:36.287 [FXGL Background Thread 3 ] DEBUG Engine               - isGameMenuEnabled: true
12:46:36.287 [FXGL Background Thread 3 ] DEBUG Engine               - isIOS: false
12:46:36.287 [FXGL Background Thread 3 ] DEBUG Engine               - isIntroEnabled: false
12:46:36.287 [FXGL Background Thread 3 ] DEBUG Engine               - isLinux: false
12:46:36.287 [FXGL Background Thread 3 ] DEBUG Engine               - isMac: false
12:46:36.287 [FXGL Background Thread 3 ] DEBUG Engine               - isMainMenuEnabled: true
12:46:36.287 [FXGL Background Thread 3 ] DEBUG Engine               - isManualResizeEnabled: false
12:46:36.288 [FXGL Background Thread 3 ] DEBUG Engine               - isMobile: false
12:46:36.288 [FXGL Background Thread 3 ] DEBUG Engine               - isNative: false
12:46:36.288 [FXGL Background Thread 3 ] DEBUG Engine               - isPauseMusicWhenMinimized: true
12:46:36.288 [FXGL Background Thread 3 ] DEBUG Engine               - isPreserveResizeRatio: false
12:46:36.288 [FXGL Background Thread 3 ] DEBUG Engine               - isProfilingEnabled: false
12:46:36.288 [FXGL Background Thread 3 ] DEBUG Engine               - isScaleAffectedOnResize: true
12:46:36.288 [FXGL Background Thread 3 ] DEBUG Engine               - isSingleStep: false
12:46:36.288 [FXGL Background Thread 3 ] DEBUG Engine               - isUserProfileEnabled: false
12:46:36.288 [FXGL Background Thread 3 ] DEBUG Engine               - isWindows: true
12:46:36.288 [FXGL Background Thread 3 ] DEBUG Engine               - language: ObjectProperty [value: ENGLISH]
12:46:36.288 [FXGL Background Thread 3 ] DEBUG Engine               - menuKey: ESCAPE
12:46:36.289 [FXGL Background Thread 3 ] DEBUG Engine               - mouseSensitivity: 0.2
12:46:36.289 [FXGL Background Thread 3 ] DEBUG Engine               - notificationViewClass: class com.almasb.fxgl.notification.view.XboxNotificationView
12:46:36.289 [FXGL Background Thread 3 ] DEBUG Engine               - pixelsPerMeter: 50.0
12:46:36.289 [FXGL Background Thread 3 ] DEBUG Engine               - platform: WINDOWS
12:46:36.289 [FXGL Background Thread 3 ] DEBUG Engine               - prefHeightProperty: ReadOnlyDoubleProperty [value: 1280.0]
12:46:36.289 [FXGL Background Thread 3 ] DEBUG Engine               - prefWidthProperty: ReadOnlyDoubleProperty [value: 2048.0]
12:46:36.289 [FXGL Background Thread 3 ] DEBUG Engine               - profileDir: profiles/
12:46:36.289 [FXGL Background Thread 3 ] DEBUG Engine               - profileName: StringProperty [value: DEFAULT]
12:46:36.289 [FXGL Background Thread 3 ] DEBUG Engine               - randomSeed: -1
12:46:36.291 [FXGL Background Thread 3 ] DEBUG Engine               - runtimeInfo: RuntimeInfo(platform=WINDOWS, version=17, build=31.12.2021 18.16)
12:46:36.291 [FXGL Background Thread 3 ] DEBUG Engine               - saveFileExt: sav
12:46:36.291 [FXGL Background Thread 3 ] DEBUG Engine               - scaledHeightProp$fxgl: DoubleProperty [bound, value: 1018.0]
12:46:36.292 [FXGL Background Thread 3 ] DEBUG Engine               - scaledWidthProp$fxgl: DoubleProperty [bound, value: 1605.0]
12:46:36.292 [FXGL Background Thread 3 ] DEBUG Engine               - sceneFactory: com.almasb.fxgl.app.scene.SceneFactory@69d795b7
12:46:36.292 [FXGL Background Thread 3 ] DEBUG Engine               - secondsIn24h: 60
12:46:36.292 [FXGL Background Thread 3 ] DEBUG Engine               - soundMenuBack: menu/back.wav
12:46:36.292 [FXGL Background Thread 3 ] DEBUG Engine               - soundMenuPress: menu/press.wav
12:46:36.292 [FXGL Background Thread 3 ] DEBUG Engine               - soundMenuSelect: menu/select.wav
12:46:36.292 [FXGL Background Thread 3 ] DEBUG Engine               - soundNotification: core/notification.wav
12:46:36.292 [FXGL Background Thread 3 ] DEBUG Engine               - stageStyle: DECORATED
12:46:36.292 [FXGL Background Thread 3 ] DEBUG Engine               - supportedLanguages: [ENGLISH, FRENCH, GERMAN, HUNGARIAN, RUSSIAN]
12:46:36.292 [FXGL Background Thread 3 ] DEBUG Engine               - ticksPerSecond: -1
12:46:36.292 [FXGL Background Thread 3 ] DEBUG Engine               - title: TANK
12:46:36.292 [FXGL Background Thread 3 ] DEBUG Engine               - urlGithub: https://github.com/AlmasB/FXGL
12:46:36.292 [FXGL Background Thread 3 ] DEBUG Engine               - urlLeaderboard: http://fxgl-top.herokuapp.com/
12:46:36.292 [FXGL Background Thread 3 ] DEBUG Engine               - urlPOM: https://raw.githubusercontent.com/AlmasB/FXGL/release/README.md
12:46:36.292 [FXGL Background Thread 3 ] DEBUG Engine               - userAppClass: class com.kenny.tank.TankApp
12:46:36.293 [FXGL Background Thread 3 ] DEBUG Engine               - version: 0.1
12:46:36.293 [FXGL Background Thread 3 ] DEBUG Engine               - versionCheckDays: 7
12:46:36.293 [FXGL Background Thread 3 ] DEBUG Engine               - width: 2048
12:46:36.293 [FXGL Background Thread 3 ] DEBUG Engine               - Logging services
12:46:36.293 [FXGL Background Thread 3 ] DEBUG Engine               - class com.almasb.fxgl.app.services.FXGLAssetLoaderService
12:46:36.293 [FXGL Background Thread 3 ] DEBUG Engine               - class com.almasb.fxgl.app.FXGLApplication$GameApplicationService
12:46:36.293 [FXGL Background Thread 3 ] DEBUG Engine               - class com.almasb.fxgl.app.services.FXGLDialogService
12:46:36.293 [FXGL Background Thread 3 ] DEBUG Engine               - class com.almasb.fxgl.app.services.IOTaskExecutorService
12:46:36.293 [FXGL Background Thread 3 ] DEBUG Engine               - class com.almasb.fxgl.io.FileSystemService
12:46:36.293 [FXGL Background Thread 3 ] DEBUG Engine               - class com.almasb.fxgl.localization.LocalizationService
12:46:36.293 [FXGL Background Thread 3 ] DEBUG Engine               - class com.almasb.fxgl.app.services.SystemBundleService
12:46:36.293 [FXGL Background Thread 3 ] DEBUG Engine               - class com.almasb.fxgl.profile.SaveLoadService
12:46:36.293 [FXGL Background Thread 3 ] DEBUG Engine               - class com.almasb.fxgl.ui.FXGLUIFactoryServiceProvider
12:46:36.293 [FXGL Background Thread 3 ] DEBUG Engine               - class com.almasb.fxgl.ui.FXGLDialogFactoryServiceProvider
12:46:36.293 [FXGL Background Thread 3 ] DEBUG Engine               - class com.almasb.fxgl.audio.AudioPlayer
12:46:36.293 [FXGL Background Thread 3 ] DEBUG Engine               - class com.almasb.fxgl.notification.impl.NotificationServiceProvider
12:46:36.294 [FXGL Background Thread 3 ] DEBUG Engine               - class com.almasb.fxgl.achievement.AchievementService
12:46:36.294 [FXGL Background Thread 3 ] DEBUG Engine               - class com.almasb.fxgl.cutscene.CutsceneService
12:46:36.294 [FXGL Background Thread 3 ] DEBUG Engine               - class com.almasb.fxgl.minigames.MiniGameService
12:46:36.294 [FXGL Background Thread 3 ] DEBUG Engine               - class com.almasb.fxgl.net.NetService
12:46:36.294 [FXGL Background Thread 3 ] DEBUG Engine               - class com.almasb.fxgl.app.services.UpdaterService
12:46:36.294 [FXGL Background Thread 3 ] DEBUG Engine               - class com.almasb.fxgl.dev.DevService
12:46:36.317 [JavaFX Application Thread] DEBUG FXGLApplication      - Exiting FXGL
12:46:36.317 [JavaFX Application Thread] DEBUG Async                - Shutting down background threads
12:46:36.317 [JavaFX Application Thread] DEBUG PrimaryStageWindow   - Closing main window
12:46:36.331 [JavaFX Application Thread] DEBUG Logger               - Closing Logger
