19:42:53.180 [main                     ] DEBUG Logger               - Configured Logger
19:42:53.199 [main                     ] DEBUG GameApplication      - Logging settings
Title: All star battle
Version: 0.1
Width: 2048
Height: 1152
Fullscreen: false
Intro: false
Profiling: false
Single step:false
App Mode: DEVELOPER
Menu Key: ESCAPE
Stage Style: DECORATED
Scene Factory: class com.kenny.tank.AllStarBattleApp$1

19:42:53.463 [JavaFX Application Thread] DEBUG FXGLApplication      - Initializing FXGL
19:42:53.466 [JavaFX Application Thread] INFO  Engine               - FXGL-17.1 (24.03.2022 17.34) on WINDOWS (J:17.0.6 FX:18)
19:42:53.467 [JavaFX Application Thread] DEBUG Engine               - JRE Vendor Name: Amazon.com Inc.
19:42:53.467 [JavaFX Application Thread] DEBUG Engine               - Running on OS: Windows 11 version 10.0
19:42:53.467 [JavaFX Application Thread] DEBUG Engine               - Architecture: amd64
19:42:53.467 [JavaFX Application Thread] INFO  Engine               - Source code and latest versions at: https://github.com/AlmasB/FXGL
19:42:53.467 [JavaFX Application Thread] INFO  Engine               -       Ask questions and discuss at: https://github.com/AlmasB/FXGL/discussions
19:42:53.467 [JavaFX Application Thread] INFO  Engine               -              Join the FXGL chat at: https://gitter.im/AlmasB/FXGL
19:42:53.511 [JavaFX Application Thread] DEBUG PrimaryStageWindow   - Creating a JavaFX scene
19:42:53.511 [JavaFX Application Thread] DEBUG PrimaryStageWindow   - Target size > screen size
19:42:53.537 [JavaFX Application Thread] DEBUG PrimaryStageWindow   - Target settings size: 2048.0 x 1152.0
19:42:53.537 [JavaFX Application Thread] DEBUG PrimaryStageWindow   - Scaled scene size:    1682.0 x 960.0
19:42:53.537 [JavaFX Application Thread] DEBUG PrimaryStageWindow   - Scaled ratio: (0.8212890625, 0.8333333333333334)
19:42:53.538 [JavaFX Application Thread] DEBUG PrimaryStageWindow   - Set initial scene to StartScene
19:42:53.542 [JavaFX Application Thread] DEBUG PrimaryStageWindow   - Opening main window
19:42:53.592 [JavaFX Application Thread] DEBUG PrimaryStageWindow   - Window border size: (14.6666259765625, 37.33331298828125)
19:42:53.593 [JavaFX Application Thread] DEBUG PrimaryStageWindow   - Scaled size: 1682.0 x 960.0
19:42:53.593 [JavaFX Application Thread] DEBUG PrimaryStageWindow   - Scaled ratio: (0.8212890625, 0.8333333333333334)
19:42:53.593 [JavaFX Application Thread] DEBUG PrimaryStageWindow   - Scene size: 1682.0 x 960.0
19:42:53.594 [JavaFX Application Thread] DEBUG PrimaryStageWindow   - Stage size: 1696.6666259765625 x 997.3333129882812
19:42:53.597 [FXGL Background Thread 1 ] DEBUG Engine               - Initializing environment variables
19:42:53.623 [FXGL Background Thread 1 ] DEBUG FXGLAssetLoaderServi - User app class for loading assets: class com.kenny.tank.AllStarBattleApp
19:42:53.623 [FXGL Background Thread 1 ] DEBUG GameApplicationServi - Applying CSS: fxgl_dark.css
19:42:53.624 [FXGL Background Thread 1 ] DEBUG FXGLAssetLoaderServi - Loading from file system: jar:file:///C:/Users/10273/.m2/repository/com/github/almasb/fxgl/17.1/fxgl-17.1.jar!/fxglassets/ui/css/fxgl_dark.css
19:42:53.654 [FXGL Background Thread 1 ] DEBUG GameApplicationServi - Applying CSS: tank.css
19:42:53.655 [FXGL Background Thread 1 ] DEBUG FXGLAssetLoaderServi - Loading from file system: file:/E:/java%20project/tank/target/classes/assets/ui/css/tank.css
19:42:53.655 [FXGL Background Thread 1 ] DEBUG GameApplicationServi - Initializing application scenes
19:42:53.658 [FXGL Background Thread 1 ] DEBUG GameWorld            - Game world initialized
19:42:53.699 [FXGL Background Thread 1 ] DEBUG PhysicsWorld         - Physics world initialized: appHeight=1152, physics.ppm=50.0
19:42:53.699 [FXGL Background Thread 1 ] DEBUG PhysicsWorld         - Using strategy: BRUTE_FORCE
19:42:53.703 [FXGL Background Thread 1 ] DEBUG GameScene            - Game scene initialized: 2048x1152
19:42:53.707 [FXGL Background Thread 1 ] DEBUG FXGLAssetLoaderServi - Loading from file system: file:/E:/java%20project/tank/target/classes/assets/textures/MainMenu.png
19:42:53.791 [FXGL Background Thread 1 ] DEBUG FXGL.DefaultMenu     - createMenuBodyGameMenu()
19:42:53.799 [FXGL Background Thread 1 ] DEBUG FXGL.DefaultMenu     - createOptionsMenu()
19:42:53.804 [FXGL Background Thread 1 ] DEBUG FXGLAssetLoaderServi - Loading from file system: jar:file:///C:/Users/10273/.m2/repository/com/github/almasb/fxgl/17.1/fxgl-17.1.jar!/fxglassets/textures/particles/smoke.png
19:42:53.851 [FXGL Background Thread 1 ] DEBUG FXGLAssetLoaderServi - Loading from file system: jar:file:///C:/Users/10273/.m2/repository/com/github/almasb/fxgl/17.1/fxgl-17.1.jar!/fxglassets/textures/particles/trace_horizontal.png
19:42:53.860 [FXGL Background Thread 1 ] DEBUG GameApplicationServi - Application scenes initialized
19:42:53.868 [FXGL Background Thread 1 ] DEBUG SystemBundleService  - Loading FXGL system data
19:42:53.871 [FXGL Background Thread 1 ] DEBUG FileSystemAccess     - Reading from: E:\java project\tank\system\fxgl.bundle
19:42:53.875 [FXGL Background Thread 1 ] DEBUG SystemBundleService  - Bundle FXGL: {}
19:42:53.875 [FXGL Background Thread 1 ] DEBUG UpdaterService       - Checking for updates
19:42:53.878 [FXGL Background Thread 4 ] DEBUG FXGLApplication      - Loading fonts
19:42:53.878 [FXGL Background Thread 4 ] DEBUG FXGLAssetLoaderServi - Loading from file system: jar:file:///C:/Users/10273/.m2/repository/com/github/almasb/fxgl/17.1/fxgl-17.1.jar!/fxglassets/ui/fonts/VarelaRound-Regular.ttf
19:42:53.879 [FXGL Background Thread 1 ] DEBUG FXGLApplication      - Loading default localization
19:42:53.880 [FXGL Background Thread 1 ] DEBUG FXGLAssetLoaderServi - Loading from file system: jar:file:///C:/Users/10273/.m2/repository/com/github/almasb/fxgl/17.1/fxgl-17.1.jar!/fxglassets/languages/english.lang
19:42:53.899 [FXGL Background Thread 1 ] INFO  FXGLApplication      - FXGL initialization took: 0.301 sec
19:42:53.909 [JavaFX Application Thread] DEBUG Input                - Registered new binding: action0 - Up
19:42:53.909 [JavaFX Application Thread] DEBUG Input                - Registered new binding: action1 - Down
19:42:53.910 [JavaFX Application Thread] DEBUG Input                - Registered new binding: action2 - Left
19:42:53.910 [JavaFX Application Thread] DEBUG Input                - Registered new binding: action3 - Right
19:42:53.911 [JavaFX Application Thread] DEBUG Input                - Registered new binding: action4 - Space
19:42:53.911 [JavaFX Application Thread] DEBUG FXGLAssetLoaderServi - Loading from file system: file:/E:/java%20project/tank/target/classes/assets/textures/joker.jpg
19:42:53.926 [JavaFX Application Thread] DEBUG FXGLAssetLoaderServi - Loading from file system: jar:file:///C:/Users/10273/.m2/repository/com/github/almasb/fxgl/17.1/fxgl-17.1.jar!/fxglassets/textures/fxgl_default_cursor.png
19:42:53.927 [FXGL Background Thread 4 ] DEBUG FXGLAssetLoaderServi - Loading from file system: jar:file:///C:/Users/10273/.m2/repository/com/github/almasb/fxgl/17.1/fxgl-17.1.jar!/fxglassets/ui/fonts/Abel-Regular.ttf
19:42:53.928 [JavaFX Application Thread] DEBUG Input                - Registered new binding: Screenshot - CTRL+8
19:42:53.928 [JavaFX Application Thread] DEBUG Input                - Registered new binding: System info dump - CTRL+9
19:42:53.928 [JavaFX Application Thread] DEBUG Input                - Registered new binding: Restart - CTRL+R
19:42:53.929 [JavaFX Application Thread] DEBUG Input                - Registered new binding: Toggle Debug Camera - CTRL+7
19:42:53.930 [FXGL Background Thread 4 ] DEBUG FXGLAssetLoaderServi - Loading from file system: jar:file:///C:/Users/10273/.m2/repository/com/github/almasb/fxgl/17.1/fxgl-17.1.jar!/fxglassets/ui/fonts/TerminalLandMono-Regular.otf
19:42:53.932 [JavaFX Application Thread] DEBUG LoopRunner           - Starting loop
19:42:53.932 [JavaFX Application Thread] DEBUG LoopRunner           - Initializing JavaFX AnimationTimerLoop
19:42:53.932 [FXGL Background Thread 4 ] DEBUG FXGLAssetLoaderServi - Loading from file system: jar:file:///C:/Users/10273/.m2/repository/com/github/almasb/fxgl/17.1/fxgl-17.1.jar!/fxglassets/ui/fonts/Courier-Prime.ttf
19:42:53.935 [JavaFX Application Thread] DEBUG Input                - Clearing active input actions
19:42:53.941 [JavaFX Application Thread] DEBUG GameApplicationServi - Removing overlay from StartScene and adding to FXGLMainMenuDummyScene
19:42:53.942 [JavaFX Application Thread] DEBUG PrimaryStageWindow   - StartScene -> FXGLMainMenuDummyScene
19:42:53.942 [JavaFX Application Thread] DEBUG PrimaryStageWindow   - Push state: Main_menu
19:42:53.942 [JavaFX Application Thread] DEBUG Input                - Clearing active input actions
19:42:53.949 [JavaFX Application Thread] DEBUG GameApplicationServi - Removing overlay from FXGLMainMenuDummyScene and adding to Main_menu
19:42:53.949 [JavaFX Application Thread] DEBUG PrimaryStageWindow   - FXGLMainMenuDummyScene -> Main_menu
19:42:54.000 [JavaFX Application Thread] DEBUG FXGLApplication      - Registering font factories with UI factory
19:42:54.303 [FXGL Background Thread 2 ] INFO  UpdaterService       - Your current version:  17.1
19:42:54.304 [FXGL Background Thread 2 ] INFO  UpdaterService       - Latest stable version: 17.2
19:42:54.323 [JavaFX Application Thread] DEBUG GameApplicationServi - Starting new game
19:42:54.323 [JavaFX Application Thread] DEBUG PrimaryStageWindow   - Pop state: Main_menu
19:42:54.323 [JavaFX Application Thread] DEBUG Input                - Clearing active input actions
19:42:54.323 [JavaFX Application Thread] DEBUG GameApplicationServi - Removing overlay from Main_menu and adding to FXGLMainMenuDummyScene
19:42:54.324 [JavaFX Application Thread] DEBUG PrimaryStageWindow   - FXGLMainMenuDummyScene <- Main_menu
19:42:54.324 [JavaFX Application Thread] DEBUG Input                - Clearing active input actions
19:42:54.328 [JavaFX Application Thread] DEBUG GameApplicationServi - Removing overlay from FXGLMainMenuDummyScene and adding to Loading_Scene
19:42:54.328 [JavaFX Application Thread] DEBUG PrimaryStageWindow   - FXGLMainMenuDummyScene -> Loading_Scene
19:42:54.328 [JavaFX Application Thread] DEBUG GameApplicationServi - Clearing previous game
19:42:54.328 [JavaFX Application Thread] DEBUG GameScene            - Clearing game scene
19:42:54.328 [JavaFX Application Thread] DEBUG GameWorld            - Clearing game world
19:42:54.328 [JavaFX Application Thread] DEBUG PhysicsWorld         - Clearing physics world
19:42:54.331 [FXGL Background Thread 2 ] DEBUG FXGLApplication      - Initializing game
19:42:54.351 [FXGL Background Thread 2 ] WARN  TMXLevelLoader       - TiledMap generated from 1.8.4. Supported version: 1.4.2. Some features may not be parsed fully.
19:42:54.364 [FXGL Background Thread 2 ] DEBUG TMXLevelLoader       - Parsed TiledMap: file:/E:/java%20project/tank/target/classes/assets/levels/test1.tmx
19:42:54.365 [FXGL Background Thread 2 ] DEBUG TMXLevelLoader       - Creating tile layer entities
19:42:54.365 [FXGL Background Thread 2 ] DEBUG TMXLevelLoader       - Creating object layer entities
19:42:54.418 [FXGL Background Thread 2 ] DEBUG GameWorld            - Clearing removable entities
19:42:54.418 [FXGL Background Thread 2 ] DEBUG GameWorld            - Setting level: com.almasb.fxgl.entity.level.Level@be062c2
19:42:54.427 [FXGL Background Thread 2 ] DEBUG FXGLAssetLoaderServi - Loading from file system: file:/E:/java%20project/tank/target/classes/assets/textures/element/Tank.png
19:42:54.429 [FXGL Background Thread 2 ] DEBUG FXGLAssetLoaderServi - Loading from file system: file:/E:/java%20project/tank/target/classes/assets/textures/Enemytank.png
19:42:54.431 [FXGL Background Thread 2 ] DEBUG FXGLAssetLoaderServi - Loading from file system: file:/E:/java%20project/tank/target/classes/assets/textures/Chicken.png
19:42:54.435 [FXGL Background Thread 2 ] DEBUG FXGLAssetLoaderServi - Loading from file system: file:/E:/java%20project/tank/target/classes/assets/textures/BossTank.png
19:42:54.437 [FXGL Background Thread 2 ] INFO  FXGLApplication      - Game initialization took: 0.106 sec
19:42:54.437 [JavaFX Application Thread] DEBUG Input                - Clearing active input actions
19:42:54.443 [JavaFX Application Thread] DEBUG GameApplicationServi - Removing overlay from Loading_Scene and adding to GameScene
19:42:54.444 [JavaFX Application Thread] DEBUG PrimaryStageWindow   - Loading_Scene -> GameScene
19:42:55.026 [JavaFX Application Thread] DEBUG FXGLAssetLoaderServi - Loading from file system: file:/E:/java%20project/tank/target/classes/assets/textures/element/Enemybullet.png
19:42:55.073 [JavaFX Application Thread] DEBUG FXGLAssetLoaderServi - Loading from file system: file:/E:/java%20project/tank/target/classes/assets/textures/SmallBoom.png
19:42:55.856 [JavaFX Application Thread] DEBUG FXGLAssetLoaderServi - Loading from file system: file:/E:/java%20project/tank/target/classes/assets/sounds/boom.wav
19:42:55.906 [JavaFX Application Thread] DEBUG FXGLAssetLoaderServi - Loading from file system: file:/E:/java%20project/tank/target/classes/assets/textures/element/Bullet.png
19:42:56.879 [FXGL Background Thread 3 ] DEBUG Engine               - Logging environment variables
19:42:56.879 [FXGL Background Thread 3 ] DEBUG Engine               - achievements: []
19:42:56.879 [FXGL Background Thread 3 ] DEBUG Engine               - actualHeight: 960.0
19:42:56.880 [FXGL Background Thread 3 ] DEBUG Engine               - actualHeightProperty: ReadOnlyDoubleProperty [value: 960.0]
19:42:56.880 [FXGL Background Thread 3 ] DEBUG Engine               - actualWidth: 1682.0
19:42:56.880 [FXGL Background Thread 3 ] DEBUG Engine               - actualWidthProperty: ReadOnlyDoubleProperty [value: 1682.0]
19:42:56.880 [FXGL Background Thread 3 ] DEBUG Engine               - appIcon: joker.jpg
19:42:56.880 [FXGL Background Thread 3 ] DEBUG Engine               - applicationMode: DEVELOPER
19:42:56.880 [FXGL Background Thread 3 ] DEBUG Engine               - cSSList: [fxgl_dark.css, tank.css]
19:42:56.880 [FXGL Background Thread 3 ] DEBUG Engine               - collisionDetectionStrategy: BRUTE_FORCE
19:42:56.880 [FXGL Background Thread 3 ] DEBUG Engine               - configClass: Optional.empty
19:42:56.880 [FXGL Background Thread 3 ] DEBUG Engine               - credits: []
19:42:56.880 [FXGL Background Thread 3 ] DEBUG Engine               - defaultCursor: CursorInfo(imageName=fxgl_default_cursor.png, hotspotX=7.0, hotspotY=6.0)
19:42:56.880 [FXGL Background Thread 3 ] DEBUG Engine               - devBBoxColorProperty: ObjectProperty [value: 0xff0000ff]
19:42:56.880 [FXGL Background Thread 3 ] DEBUG Engine               - devEnableDebugCameraProperty: BooleanProperty [value: false]
19:42:56.881 [FXGL Background Thread 3 ] DEBUG Engine               - devSensorColorProperty: ObjectProperty [value: 0xffff00ff]
19:42:56.881 [FXGL Background Thread 3 ] DEBUG Engine               - devShowBBoxProperty: BooleanProperty [value: false]
19:42:56.881 [FXGL Background Thread 3 ] DEBUG Engine               - devShowPositionProperty: BooleanProperty [value: false]
19:42:56.881 [FXGL Background Thread 3 ] DEBUG Engine               - enabledMenuItems: []
19:42:56.881 [FXGL Background Thread 3 ] DEBUG Engine               - engineServices: [class com.almasb.fxgl.app.services.FXGLAssetLoaderService, class com.almasb.fxgl.app.FXGLApplication$GameApplicationService, class com.almasb.fxgl.app.services.FXGLDialogService, class com.almasb.fxgl.app.services.IOTaskExecutorService, class com.almasb.fxgl.io.FileSystemService, class com.almasb.fxgl.localization.LocalizationService, class com.almasb.fxgl.app.services.SystemBundleService, class com.almasb.fxgl.profile.SaveLoadService, class com.almasb.fxgl.ui.FXGLUIFactoryServiceProvider, class com.almasb.fxgl.ui.FXGLDialogFactoryServiceProvider, class com.almasb.fxgl.audio.AudioPlayer, class com.almasb.fxgl.notification.impl.NotificationServiceProvider, class com.almasb.fxgl.achievement.AchievementService, class com.almasb.fxgl.cutscene.CutsceneService, class com.almasb.fxgl.minigames.MiniGameService, class com.almasb.fxgl.net.NetService, class com.almasb.fxgl.app.services.UpdaterService, class com.almasb.fxgl.dev.DevService]
19:42:56.881 [FXGL Background Thread 3 ] DEBUG Engine               - fontGame: Abel-Regular.ttf
19:42:56.881 [FXGL Background Thread 3 ] DEBUG Engine               - fontMono: TerminalLandMono-Regular.otf
19:42:56.881 [FXGL Background Thread 3 ] DEBUG Engine               - fontText: Courier-Prime.ttf
19:42:56.882 [FXGL Background Thread 3 ] DEBUG Engine               - fontUI: VarelaRound-Regular.ttf
19:42:56.882 [FXGL Background Thread 3 ] DEBUG Engine               - fullScreen: BooleanProperty [value: false]
19:42:56.882 [FXGL Background Thread 3 ] DEBUG Engine               - gameDifficulty: MEDIUM
19:42:56.882 [FXGL Background Thread 3 ] DEBUG Engine               - gameDifficultyProperty: ObjectProperty [value: MEDIUM]
19:42:56.882 [FXGL Background Thread 3 ] DEBUG Engine               - globalMusicVolume: 0.5
19:42:56.882 [FXGL Background Thread 3 ] DEBUG Engine               - globalMusicVolumeProperty: DoubleProperty [value: 0.5]
19:42:56.882 [FXGL Background Thread 3 ] DEBUG Engine               - globalSoundVolume: 0.5
19:42:56.882 [FXGL Background Thread 3 ] DEBUG Engine               - globalSoundVolumeProperty: DoubleProperty [value: 0.8]
19:42:56.882 [FXGL Background Thread 3 ] DEBUG Engine               - height: 1152
19:42:56.882 [FXGL Background Thread 3 ] DEBUG Engine               - is3D: false
19:42:56.882 [FXGL Background Thread 3 ] DEBUG Engine               - isAndroid: false
19:42:56.882 [FXGL Background Thread 3 ] DEBUG Engine               - isBrowser: false
19:42:56.882 [FXGL Background Thread 3 ] DEBUG Engine               - isClickFeedbackEnabled: false
19:42:56.882 [FXGL Background Thread 3 ] DEBUG Engine               - isCloseConfirmation: false
19:42:56.882 [FXGL Background Thread 3 ] DEBUG Engine               - isDesktop: true
19:42:56.882 [FXGL Background Thread 3 ] DEBUG Engine               - isDeveloperMenuEnabled: false
19:42:56.882 [FXGL Background Thread 3 ] DEBUG Engine               - isEmbedded: false
19:42:56.882 [FXGL Background Thread 3 ] DEBUG Engine               - isEntityPreloadEnabled: true
19:42:56.882 [FXGL Background Thread 3 ] DEBUG Engine               - isExperimentalTiledLargeMap: false
19:42:56.883 [FXGL Background Thread 3 ] DEBUG Engine               - isFileSystemWriteAllowed: true
19:42:56.883 [FXGL Background Thread 3 ] DEBUG Engine               - isFullScreenAllowed: false
19:42:56.883 [FXGL Background Thread 3 ] DEBUG Engine               - isFullScreenFromStart: false
19:42:56.883 [FXGL Background Thread 3 ] DEBUG Engine               - isGameMenuEnabled: true
19:42:56.883 [FXGL Background Thread 3 ] DEBUG Engine               - isIOS: false
19:42:56.883 [FXGL Background Thread 3 ] DEBUG Engine               - isIntroEnabled: false
19:42:56.883 [FXGL Background Thread 3 ] DEBUG Engine               - isLinux: false
19:42:56.883 [FXGL Background Thread 3 ] DEBUG Engine               - isMac: false
19:42:56.883 [FXGL Background Thread 3 ] DEBUG Engine               - isMainMenuEnabled: true
19:42:56.883 [FXGL Background Thread 3 ] DEBUG Engine               - isManualResizeEnabled: false
19:42:56.883 [FXGL Background Thread 3 ] DEBUG Engine               - isMobile: false
19:42:56.883 [FXGL Background Thread 3 ] DEBUG Engine               - isNative: false
19:42:56.883 [FXGL Background Thread 3 ] DEBUG Engine               - isPauseMusicWhenMinimized: true
19:42:56.883 [FXGL Background Thread 3 ] DEBUG Engine               - isPreserveResizeRatio: false
19:42:56.883 [FXGL Background Thread 3 ] DEBUG Engine               - isProfilingEnabled: false
19:42:56.883 [FXGL Background Thread 3 ] DEBUG Engine               - isScaleAffectedOnResize: true
19:42:56.883 [FXGL Background Thread 3 ] DEBUG Engine               - isSingleStep: false
19:42:56.883 [FXGL Background Thread 3 ] DEBUG Engine               - isUserProfileEnabled: false
19:42:56.883 [FXGL Background Thread 3 ] DEBUG Engine               - isWindows: true
19:42:56.883 [FXGL Background Thread 3 ] DEBUG Engine               - language: ObjectProperty [value: ENGLISH]
19:42:56.883 [FXGL Background Thread 3 ] DEBUG Engine               - menuKey: ESCAPE
19:42:56.883 [FXGL Background Thread 3 ] DEBUG Engine               - mouseSensitivity: 0.2
19:42:56.883 [FXGL Background Thread 3 ] DEBUG Engine               - notificationViewClass: class com.almasb.fxgl.notification.view.XboxNotificationView
19:42:56.883 [FXGL Background Thread 3 ] DEBUG Engine               - pixelsPerMeter: 50.0
19:42:56.883 [FXGL Background Thread 3 ] DEBUG Engine               - platform: WINDOWS
19:42:56.883 [FXGL Background Thread 3 ] DEBUG Engine               - prefHeightProperty: ReadOnlyDoubleProperty [value: 1152.0]
19:42:56.883 [FXGL Background Thread 3 ] DEBUG Engine               - prefWidthProperty: ReadOnlyDoubleProperty [value: 2048.0]
19:42:56.883 [FXGL Background Thread 3 ] DEBUG Engine               - profileDir: profiles/
19:42:56.883 [FXGL Background Thread 3 ] DEBUG Engine               - profileName: StringProperty [value: DEFAULT]
19:42:56.883 [FXGL Background Thread 3 ] DEBUG Engine               - randomSeed: -1
19:42:56.884 [FXGL Background Thread 3 ] DEBUG Engine               - runtimeInfo: RuntimeInfo(platform=WINDOWS, version=17.1, build=24.03.2022 17.34)
19:42:56.884 [FXGL Background Thread 3 ] DEBUG Engine               - saveFileExt: sav
19:42:56.884 [FXGL Background Thread 3 ] DEBUG Engine               - scaledHeightProp$fxgl: DoubleProperty [bound, value: 960.0]
19:42:56.884 [FXGL Background Thread 3 ] DEBUG Engine               - scaledWidthProp$fxgl: DoubleProperty [bound, value: 1682.0]
19:42:56.884 [FXGL Background Thread 3 ] DEBUG Engine               - sceneFactory: com.kenny.tank.AllStarBattleApp$1@61ba1da9
19:42:56.884 [FXGL Background Thread 3 ] DEBUG Engine               - secondsIn24h: 60
19:42:56.884 [FXGL Background Thread 3 ] DEBUG Engine               - soundMenuBack: menu/back.wav
19:42:56.884 [FXGL Background Thread 3 ] DEBUG Engine               - soundMenuPress: menu/press.wav
19:42:56.884 [FXGL Background Thread 3 ] DEBUG Engine               - soundMenuSelect: menu/select.wav
19:42:56.884 [FXGL Background Thread 3 ] DEBUG Engine               - soundNotification: core/notification.wav
19:42:56.884 [FXGL Background Thread 3 ] DEBUG Engine               - stageStyle: DECORATED
19:42:56.884 [FXGL Background Thread 3 ] DEBUG Engine               - supportedLanguages: [ENGLISH, FRENCH, GERMAN, HUNGARIAN, RUSSIAN]
19:42:56.884 [FXGL Background Thread 3 ] DEBUG Engine               - ticksPerSecond: -1
19:42:56.884 [FXGL Background Thread 3 ] DEBUG Engine               - title: All star battle
19:42:56.884 [FXGL Background Thread 3 ] DEBUG Engine               - urlGithub: https://github.com/AlmasB/FXGL
19:42:56.884 [FXGL Background Thread 3 ] DEBUG Engine               - urlLeaderboard: http://fxgl-top.herokuapp.com/
19:42:56.884 [FXGL Background Thread 3 ] DEBUG Engine               - urlPOM: https://raw.githubusercontent.com/AlmasB/FXGL/release/README.md
19:42:56.884 [FXGL Background Thread 3 ] DEBUG Engine               - userAppClass: class com.kenny.tank.AllStarBattleApp
19:42:56.884 [FXGL Background Thread 3 ] DEBUG Engine               - version: 0.1
19:42:56.884 [FXGL Background Thread 3 ] DEBUG Engine               - versionCheckDays: 7
19:42:56.884 [FXGL Background Thread 3 ] DEBUG Engine               - width: 2048
19:42:56.884 [FXGL Background Thread 3 ] DEBUG Engine               - Logging services
19:42:56.884 [FXGL Background Thread 3 ] DEBUG Engine               - class com.almasb.fxgl.app.services.FXGLAssetLoaderService
19:42:56.885 [FXGL Background Thread 3 ] DEBUG Engine               - class com.almasb.fxgl.app.FXGLApplication$GameApplicationService
19:42:56.885 [FXGL Background Thread 3 ] DEBUG Engine               - class com.almasb.fxgl.app.services.FXGLDialogService
19:42:56.885 [FXGL Background Thread 3 ] DEBUG Engine               - class com.almasb.fxgl.app.services.IOTaskExecutorService
19:42:56.885 [FXGL Background Thread 3 ] DEBUG Engine               - class com.almasb.fxgl.io.FileSystemService
19:42:56.885 [FXGL Background Thread 3 ] DEBUG Engine               - class com.almasb.fxgl.localization.LocalizationService
19:42:56.885 [FXGL Background Thread 3 ] DEBUG Engine               - class com.almasb.fxgl.app.services.SystemBundleService
19:42:56.885 [FXGL Background Thread 3 ] DEBUG Engine               - class com.almasb.fxgl.profile.SaveLoadService
19:42:56.885 [FXGL Background Thread 3 ] DEBUG Engine               - class com.almasb.fxgl.ui.FXGLUIFactoryServiceProvider
19:42:56.885 [FXGL Background Thread 3 ] DEBUG Engine               - class com.almasb.fxgl.ui.FXGLDialogFactoryServiceProvider
19:42:56.885 [FXGL Background Thread 3 ] DEBUG Engine               - class com.almasb.fxgl.audio.AudioPlayer
19:42:56.885 [FXGL Background Thread 3 ] DEBUG Engine               - class com.almasb.fxgl.notification.impl.NotificationServiceProvider
19:42:56.885 [FXGL Background Thread 3 ] DEBUG Engine               - class com.almasb.fxgl.achievement.AchievementService
19:42:56.885 [FXGL Background Thread 3 ] DEBUG Engine               - class com.almasb.fxgl.cutscene.CutsceneService
19:42:56.885 [FXGL Background Thread 3 ] DEBUG Engine               - class com.almasb.fxgl.minigames.MiniGameService
19:42:56.885 [FXGL Background Thread 3 ] DEBUG Engine               - class com.almasb.fxgl.net.NetService
19:42:56.885 [FXGL Background Thread 3 ] DEBUG Engine               - class com.almasb.fxgl.app.services.UpdaterService
19:42:56.885 [FXGL Background Thread 3 ] DEBUG Engine               - class com.almasb.fxgl.dev.DevService
19:43:00.033 [JavaFX Application Thread] DEBUG FXGLAssetLoaderServi - Loading from file system: file:/E:/java%20project/tank/target/classes/assets/textures/boom.png
19:43:03.704 [JavaFX Application Thread] DEBUG PrimaryStageWindow   - Push state: FXGLDefaultMenu
19:43:03.705 [JavaFX Application Thread] DEBUG Input                - Clearing active input actions
19:43:03.706 [JavaFX Application Thread] DEBUG GameApplicationServi - Removing overlay from GameScene and adding to FXGLDefaultMenu
19:43:03.706 [JavaFX Application Thread] DEBUG PrimaryStageWindow   - GameScene -> FXGLDefaultMenu
19:43:04.594 [JavaFX Application Thread] DEBUG Menu                 - fireExitToMainMenu()
19:43:04.596 [JavaFX Application Thread] DEBUG PrimaryStageWindow   - Push state: DialogSubScene
19:43:04.596 [JavaFX Application Thread] DEBUG Input                - Clearing active input actions
19:43:04.596 [JavaFX Application Thread] DEBUG GameApplicationServi - Removing overlay from FXGLDefaultMenu and adding to DialogSubScene
19:43:04.596 [JavaFX Application Thread] DEBUG PrimaryStageWindow   - FXGLDefaultMenu -> DialogSubScene
19:43:05.292 [JavaFX Application Thread] DEBUG PrimaryStageWindow   - Pop state: DialogSubScene
19:43:05.292 [JavaFX Application Thread] DEBUG Input                - Clearing active input actions
19:43:05.293 [JavaFX Application Thread] DEBUG GameApplicationServi - Removing overlay from DialogSubScene and adding to FXGLDefaultMenu
19:43:05.293 [JavaFX Application Thread] DEBUG PrimaryStageWindow   - FXGLDefaultMenu <- DialogSubScene
19:43:05.295 [JavaFX Application Thread] DEBUG PrimaryStageWindow   - Pop state: FXGLDefaultMenu
19:43:05.295 [JavaFX Application Thread] DEBUG Input                - Clearing active input actions
19:43:05.295 [JavaFX Application Thread] DEBUG GameApplicationServi - Removing overlay from FXGLDefaultMenu and adding to GameScene
19:43:05.295 [JavaFX Application Thread] DEBUG PrimaryStageWindow   - GameScene <- FXGLDefaultMenu
19:43:05.295 [JavaFX Application Thread] DEBUG Input                - Clearing active input actions
19:43:05.301 [JavaFX Application Thread] DEBUG GameApplicationServi - Removing overlay from GameScene and adding to FXGLMainMenuDummyScene
19:43:05.301 [JavaFX Application Thread] DEBUG PrimaryStageWindow   - GameScene -> FXGLMainMenuDummyScene
19:43:05.301 [JavaFX Application Thread] DEBUG PrimaryStageWindow   - Push state: Main_menu
19:43:05.301 [JavaFX Application Thread] DEBUG Input                - Clearing active input actions
19:43:05.302 [JavaFX Application Thread] DEBUG GameApplicationServi - Removing overlay from FXGLMainMenuDummyScene and adding to Main_menu
19:43:05.302 [JavaFX Application Thread] DEBUG PrimaryStageWindow   - FXGLMainMenuDummyScene -> Main_menu
19:43:05.639 [JavaFX Application Thread] DEBUG GameApplicationServi - Starting new game
19:43:05.639 [JavaFX Application Thread] DEBUG PrimaryStageWindow   - Pop state: Main_menu
19:43:05.639 [JavaFX Application Thread] DEBUG Input                - Clearing active input actions
19:43:05.639 [JavaFX Application Thread] DEBUG GameApplicationServi - Removing overlay from Main_menu and adding to FXGLMainMenuDummyScene
19:43:05.639 [JavaFX Application Thread] DEBUG PrimaryStageWindow   - FXGLMainMenuDummyScene <- Main_menu
19:43:05.639 [JavaFX Application Thread] DEBUG Input                - Clearing active input actions
19:43:05.646 [JavaFX Application Thread] DEBUG GameApplicationServi - Removing overlay from FXGLMainMenuDummyScene and adding to Loading_Scene
19:43:05.646 [JavaFX Application Thread] DEBUG PrimaryStageWindow   - FXGLMainMenuDummyScene -> Loading_Scene
19:43:05.646 [JavaFX Application Thread] DEBUG GameApplicationServi - Clearing previous game
19:43:05.646 [JavaFX Application Thread] DEBUG GameScene            - Clearing game scene
19:43:05.646 [JavaFX Application Thread] DEBUG GameWorld            - Clearing game world
19:43:05.651 [JavaFX Application Thread] DEBUG PhysicsWorld         - Clearing physics world
19:43:05.651 [FXGL Background Thread 2 ] DEBUG FXGLApplication      - Initializing game
19:43:05.653 [FXGL Background Thread 2 ] WARN  TMXLevelLoader       - TiledMap generated from 1.8.4. Supported version: 1.4.2. Some features may not be parsed fully.
19:43:05.656 [FXGL Background Thread 2 ] DEBUG TMXLevelLoader       - Parsed TiledMap: file:/E:/java%20project/tank/target/classes/assets/levels/test1.tmx
19:43:05.656 [FXGL Background Thread 2 ] DEBUG TMXLevelLoader       - Creating tile layer entities
19:43:05.656 [FXGL Background Thread 2 ] DEBUG TMXLevelLoader       - Creating object layer entities
19:43:05.670 [FXGL Background Thread 2 ] DEBUG GameWorld            - Clearing removable entities
19:43:05.670 [FXGL Background Thread 2 ] DEBUG GameWorld            - Setting level: com.almasb.fxgl.entity.level.Level@1e4e6842
19:43:05.673 [FXGL Background Thread 2 ] INFO  FXGLApplication      - Game initialization took: 0.022 sec
19:43:05.673 [JavaFX Application Thread] DEBUG Input                - Clearing active input actions
19:43:05.677 [JavaFX Application Thread] DEBUG GameApplicationServi - Removing overlay from Loading_Scene and adding to GameScene
19:43:05.677 [JavaFX Application Thread] DEBUG PrimaryStageWindow   - Loading_Scene -> GameScene
19:43:13.219 [JavaFX Application Thread] DEBUG PrimaryStageWindow   - Push state: EggScene
19:43:13.219 [JavaFX Application Thread] DEBUG FXGLAssetLoaderServi - Loading from file system: file:/E:/java%20project/tank/target/classes/assets/music/chicken.mp3
19:43:13.239 [JavaFX Application Thread] DEBUG AudioPlayer          - Playing music com.almasb.fxgl.audio.Music@3a29c352
19:43:13.239 [JavaFX Application Thread] DEBUG Input                - Clearing active input actions
19:43:13.239 [JavaFX Application Thread] DEBUG GameApplicationServi - Removing overlay from GameScene and adding to EggScene
19:43:13.239 [JavaFX Application Thread] DEBUG PrimaryStageWindow   - GameScene -> EggScene
19:43:15.232 [JavaFX Application Thread] DEBUG PrimaryStageWindow   - Pop state: EggScene
19:43:15.232 [JavaFX Application Thread] DEBUG Input                - Clearing active input actions
19:43:15.233 [JavaFX Application Thread] DEBUG GameApplicationServi - Removing overlay from EggScene and adding to GameScene
19:43:15.233 [JavaFX Application Thread] DEBUG PrimaryStageWindow   - GameScene <- EggScene
19:43:15.235 [JavaFX Application Thread] WARN  TMXLevelLoader       - TiledMap generated from 1.8.4. Supported version: 1.4.2. Some features may not be parsed fully.
19:43:15.240 [JavaFX Application Thread] DEBUG TMXLevelLoader       - Parsed TiledMap: file:/E:/java%20project/tank/target/classes/assets/levels/Chicken.tmx
19:43:15.240 [JavaFX Application Thread] DEBUG TMXLevelLoader       - Creating tile layer entities
19:43:15.241 [JavaFX Application Thread] DEBUG TMXLevelLoader       - Creating object layer entities
19:43:15.254 [JavaFX Application Thread] DEBUG GameWorld            - Clearing removable entities
19:43:15.260 [JavaFX Application Thread] DEBUG GameWorld            - Setting level: com.almasb.fxgl.entity.level.Level@617d3f80
19:43:15.266 [JavaFX Application Thread] DEBUG FXGLAssetLoaderServi - Loading from file system: file:/E:/java%20project/tank/target/classes/assets/textures/people.png
19:43:15.841 [JavaFX Application Thread] DEBUG FXGLAssetLoaderServi - Loading from file system: file:/E:/java%20project/tank/target/classes/assets/textures/element/Good.png
19:43:19.793 [JavaFX Application Thread] DEBUG FXGLAssetLoaderServi - Loading from file system: file:/E:/java%20project/tank/target/classes/assets/textures/Egg.png
19:43:21.279 [JavaFX Application Thread] DEBUG PrimaryStageWindow   - Push state: FXGLDefaultMenu
19:43:21.279 [JavaFX Application Thread] DEBUG Input                - Clearing active input actions
19:43:21.280 [JavaFX Application Thread] DEBUG GameApplicationServi - Removing overlay from GameScene and adding to FXGLDefaultMenu
19:43:21.280 [JavaFX Application Thread] DEBUG PrimaryStageWindow   - GameScene -> FXGLDefaultMenu
19:43:22.009 [JavaFX Application Thread] DEBUG Menu                 - fireExitToMainMenu()
19:43:22.010 [JavaFX Application Thread] DEBUG PrimaryStageWindow   - Push state: DialogSubScene
19:43:22.010 [JavaFX Application Thread] DEBUG Input                - Clearing active input actions
19:43:22.011 [JavaFX Application Thread] DEBUG GameApplicationServi - Removing overlay from FXGLDefaultMenu and adding to DialogSubScene
19:43:22.011 [JavaFX Application Thread] DEBUG PrimaryStageWindow   - FXGLDefaultMenu -> DialogSubScene
19:43:22.596 [JavaFX Application Thread] DEBUG PrimaryStageWindow   - Pop state: DialogSubScene
19:43:22.596 [JavaFX Application Thread] DEBUG Input                - Clearing active input actions
19:43:22.597 [JavaFX Application Thread] DEBUG GameApplicationServi - Removing overlay from DialogSubScene and adding to FXGLDefaultMenu
19:43:22.597 [JavaFX Application Thread] DEBUG PrimaryStageWindow   - FXGLDefaultMenu <- DialogSubScene
19:43:22.597 [JavaFX Application Thread] DEBUG PrimaryStageWindow   - Pop state: FXGLDefaultMenu
19:43:22.597 [JavaFX Application Thread] DEBUG Input                - Clearing active input actions
19:43:22.597 [JavaFX Application Thread] DEBUG GameApplicationServi - Removing overlay from FXGLDefaultMenu and adding to GameScene
19:43:22.597 [JavaFX Application Thread] DEBUG PrimaryStageWindow   - GameScene <- FXGLDefaultMenu
19:43:22.597 [JavaFX Application Thread] DEBUG Input                - Clearing active input actions
19:43:22.603 [JavaFX Application Thread] DEBUG GameApplicationServi - Removing overlay from GameScene and adding to FXGLMainMenuDummyScene
19:43:22.603 [JavaFX Application Thread] DEBUG PrimaryStageWindow   - GameScene -> FXGLMainMenuDummyScene
19:43:22.603 [JavaFX Application Thread] DEBUG PrimaryStageWindow   - Push state: Main_menu
19:43:22.603 [JavaFX Application Thread] DEBUG Input                - Clearing active input actions
19:43:22.603 [JavaFX Application Thread] DEBUG GameApplicationServi - Removing overlay from FXGLMainMenuDummyScene and adding to Main_menu
19:43:22.603 [JavaFX Application Thread] DEBUG PrimaryStageWindow   - FXGLMainMenuDummyScene -> Main_menu
19:43:23.014 [JavaFX Application Thread] DEBUG FXGLApplication      - Exiting FXGL
19:43:23.014 [JavaFX Application Thread] DEBUG LoopRunner           - Stopping loop
19:43:23.014 [JavaFX Application Thread] DEBUG SystemBundleService  - Saving FXGL system data
19:43:23.016 [JavaFX Application Thread] DEBUG FileSystemAccess     - Writing to: E:\java project\tank\system\fxgl.bundle
19:43:23.017 [JavaFX Application Thread] DEBUG Async                - Shutting down background threads
19:43:23.017 [JavaFX Application Thread] DEBUG PrimaryStageWindow   - Closing main window
19:43:23.040 [JavaFX Application Thread] DEBUG Logger               - Closing Logger
