08:45:55.713 [main                     ] DEBUG Logger               - Configured Logger
08:45:55.735 [main                     ] DEBUG GameApplication      - Logging settings
Title: All star battle
Version: 0.1
Width: 2048
Height: 1152
Fullscreen: false
Intro: false
Profiling: false
Single step:false
App Mode: DEVELOPER
Menu Key: ESCAPE
Stage Style: DECORATED
Scene Factory: class com.kenny.AllStarBattle.AllStarBattleApp$1

08:45:56.175 [JavaFX Application Thread] DEBUG FXGLApplication      - Initializing FXGL
08:45:56.187 [JavaFX Application Thread] INFO  Engine               - FXGL-17.1 (24.03.2022 17.34) on WINDOWS (J:17.0.6 FX:18)
08:45:56.187 [JavaFX Application Thread] DEBUG Engine               - JRE Vendor Name: Amazon.com Inc.
08:45:56.188 [JavaFX Application Thread] DEBUG Engine               - Running on OS: Windows 11 version 10.0
08:45:56.188 [JavaFX Application Thread] DEBUG Engine               - Architecture: amd64
08:45:56.188 [JavaFX Application Thread] INFO  Engine               - Source code and latest versions at: https://github.com/AlmasB/FXGL
08:45:56.188 [JavaFX Application Thread] INFO  Engine               -       Ask questions and discuss at: https://github.com/AlmasB/FXGL/discussions
08:45:56.188 [JavaFX Application Thread] INFO  Engine               -              Join the FXGL chat at: https://gitter.im/AlmasB/FXGL
08:45:56.242 [JavaFX Application Thread] DEBUG PrimaryStageWindow   - Creating a JavaFX scene
08:45:56.242 [JavaFX Application Thread] DEBUG PrimaryStageWindow   - Target size > screen size
08:45:56.271 [JavaFX Application Thread] DEBUG PrimaryStageWindow   - Target settings size: 2048.0 x 1152.0
08:45:56.271 [JavaFX Application Thread] DEBUG PrimaryStageWindow   - Scaled scene size:    1682.0 x 960.0
08:45:56.271 [JavaFX Application Thread] DEBUG PrimaryStageWindow   - Scaled ratio: (0.8212890625, 0.8333333333333334)
08:45:56.272 [JavaFX Application Thread] DEBUG PrimaryStageWindow   - Set initial scene to StartScene
08:45:56.276 [JavaFX Application Thread] DEBUG PrimaryStageWindow   - Opening main window
08:45:56.383 [JavaFX Application Thread] DEBUG PrimaryStageWindow   - Window border size: (14.6666259765625, 37.33331298828125)
08:45:56.384 [JavaFX Application Thread] DEBUG PrimaryStageWindow   - Scaled size: 1682.0 x 960.0
08:45:56.384 [JavaFX Application Thread] DEBUG PrimaryStageWindow   - Scaled ratio: (0.8212890625, 0.8333333333333334)
08:45:56.384 [JavaFX Application Thread] DEBUG PrimaryStageWindow   - Scene size: 1682.0 x 960.0
08:45:56.384 [JavaFX Application Thread] DEBUG PrimaryStageWindow   - Stage size: 1696.6666259765625 x 997.3333129882812
08:45:56.389 [FXGL Background Thread 1 ] DEBUG Engine               - Initializing environment variables
08:45:56.419 [FXGL Background Thread 1 ] DEBUG FXGLAssetLoaderServi - User app class for loading assets: class com.kenny.AllStarBattle.AllStarBattleApp
08:45:56.419 [FXGL Background Thread 1 ] DEBUG GameApplicationServi - Applying CSS: fxgl_dark.css
08:45:56.420 [FXGL Background Thread 1 ] DEBUG FXGLAssetLoaderServi - Loading from file system: jar:file:/E:/java%20project/tank/out/artifacts/tank_jar/tank.jar!/fxglassets/ui/css/fxgl_dark.css
08:45:56.452 [FXGL Background Thread 1 ] DEBUG GameApplicationServi - Applying CSS: tank.css
08:45:56.453 [FXGL Background Thread 1 ] DEBUG FXGLAssetLoaderServi - Loading from file system: jar:file:/E:/java%20project/tank/out/artifacts/tank_jar/tank.jar!/assets/ui/css/tank.css
08:45:56.453 [FXGL Background Thread 1 ] DEBUG GameApplicationServi - Initializing application scenes
08:45:56.456 [FXGL Background Thread 1 ] DEBUG GameWorld            - Game world initialized
08:45:56.491 [FXGL Background Thread 1 ] DEBUG PhysicsWorld         - Physics world initialized: appHeight=1152, physics.ppm=50.0
08:45:56.491 [FXGL Background Thread 1 ] DEBUG PhysicsWorld         - Using strategy: BRUTE_FORCE
08:45:56.496 [FXGL Background Thread 1 ] DEBUG GameScene            - Game scene initialized: 2048x1152
08:45:56.501 [FXGL Background Thread 1 ] DEBUG FXGLAssetLoaderServi - Loading from file system: jar:file:/E:/java%20project/tank/out/artifacts/tank_jar/tank.jar!/assets/textures/MainMenu.png
08:45:56.612 [FXGL Background Thread 1 ] DEBUG FXGLAssetLoaderServi - Loading from file system: jar:file:/E:/java%20project/tank/out/artifacts/tank_jar/tank.jar!/assets/textures/R-C.jpg
08:45:56.643 [FXGL Background Thread 1 ] DEBUG FXGL.DefaultMenu     - createMenuBodyGameMenu()
08:45:56.650 [FXGL Background Thread 1 ] DEBUG FXGL.DefaultMenu     - createOptionsMenu()
08:45:56.659 [FXGL Background Thread 1 ] DEBUG FXGLAssetLoaderServi - Loading from file system: jar:file:/E:/java%20project/tank/out/artifacts/tank_jar/tank.jar!/fxglassets/textures/particles/smoke.png
08:45:56.746 [FXGL Background Thread 1 ] DEBUG FXGLAssetLoaderServi - Loading from file system: jar:file:/E:/java%20project/tank/out/artifacts/tank_jar/tank.jar!/fxglassets/textures/particles/trace_horizontal.png
08:45:56.760 [FXGL Background Thread 1 ] DEBUG GameApplicationServi - Application scenes initialized
08:45:56.768 [FXGL Background Thread 1 ] DEBUG SystemBundleService  - Loading FXGL system data
08:45:56.772 [FXGL Background Thread 1 ] DEBUG FileSystemAccess     - Reading from: E:\java project\tank\system\fxgl.bundle
08:45:56.776 [FXGL Background Thread 1 ] DEBUG SystemBundleService  - Bundle FXGL: {}
08:45:56.777 [FXGL Background Thread 1 ] DEBUG UpdaterService       - Checking for updates
08:45:56.781 [FXGL Background Thread 4 ] DEBUG FXGLApplication      - Loading fonts
08:45:56.782 [FXGL Background Thread 4 ] DEBUG FXGLAssetLoaderServi - Loading from file system: jar:file:/E:/java%20project/tank/out/artifacts/tank_jar/tank.jar!/fxglassets/ui/fonts/VarelaRound-Regular.ttf
08:45:56.782 [FXGL Background Thread 1 ] DEBUG FXGLApplication      - Loading default localization
08:45:56.782 [FXGL Background Thread 1 ] DEBUG FXGLAssetLoaderServi - Loading from file system: jar:file:/E:/java%20project/tank/out/artifacts/tank_jar/tank.jar!/fxglassets/languages/english.lang
08:45:56.805 [FXGL Background Thread 1 ] INFO  FXGLApplication      - FXGL initialization took: 0.416 sec
08:45:56.813 [JavaFX Application Thread] DEBUG Input                - Registered new binding: action0 - Up
08:45:56.814 [JavaFX Application Thread] DEBUG Input                - Registered new binding: action1 - Down
08:45:56.814 [JavaFX Application Thread] DEBUG Input                - Registered new binding: action2 - Left
08:45:56.814 [JavaFX Application Thread] DEBUG Input                - Registered new binding: action3 - Right
08:45:56.815 [JavaFX Application Thread] DEBUG Input                - Registered new binding: action4 - Space
08:45:56.815 [JavaFX Application Thread] DEBUG FXGLAssetLoaderServi - Loading from file system: jar:file:/E:/java%20project/tank/out/artifacts/tank_jar/tank.jar!/assets/textures/joker.jpg
08:45:56.828 [JavaFX Application Thread] DEBUG FXGLAssetLoaderServi - Loading from file system: jar:file:/E:/java%20project/tank/out/artifacts/tank_jar/tank.jar!/fxglassets/textures/fxgl_default_cursor.png
08:45:56.830 [FXGL Background Thread 4 ] DEBUG FXGLAssetLoaderServi - Loading from file system: jar:file:/E:/java%20project/tank/out/artifacts/tank_jar/tank.jar!/fxglassets/ui/fonts/Abel-Regular.ttf
08:45:56.832 [JavaFX Application Thread] DEBUG Input                - Registered new binding: Screenshot - CTRL+8
08:45:56.833 [FXGL Background Thread 4 ] DEBUG FXGLAssetLoaderServi - Loading from file system: jar:file:/E:/java%20project/tank/out/artifacts/tank_jar/tank.jar!/fxglassets/ui/fonts/TerminalLandMono-Regular.otf
08:45:56.833 [JavaFX Application Thread] DEBUG Input                - Registered new binding: System info dump - CTRL+9
08:45:56.834 [JavaFX Application Thread] DEBUG Input                - Registered new binding: Restart - CTRL+R
08:45:56.834 [FXGL Background Thread 4 ] DEBUG FXGLAssetLoaderServi - Loading from file system: jar:file:/E:/java%20project/tank/out/artifacts/tank_jar/tank.jar!/fxglassets/ui/fonts/Courier-Prime.ttf
08:45:56.836 [JavaFX Application Thread] DEBUG Input                - Registered new binding: Toggle Debug Camera - CTRL+7
08:45:56.841 [JavaFX Application Thread] DEBUG LoopRunner           - Starting loop
08:45:56.841 [JavaFX Application Thread] DEBUG LoopRunner           - Initializing JavaFX AnimationTimerLoop
08:45:56.845 [JavaFX Application Thread] DEBUG Input                - Clearing active input actions
08:45:56.851 [JavaFX Application Thread] DEBUG GameApplicationServi - Removing overlay from StartScene and adding to FXGLMainMenuDummyScene
08:45:56.851 [JavaFX Application Thread] DEBUG PrimaryStageWindow   - StartScene -> FXGLMainMenuDummyScene
08:45:56.851 [JavaFX Application Thread] DEBUG PrimaryStageWindow   - Push state: Main_menu
08:45:56.853 [JavaFX Application Thread] DEBUG Input                - Clearing active input actions
08:45:56.872 [JavaFX Application Thread] DEBUG GameApplicationServi - Removing overlay from FXGLMainMenuDummyScene and adding to Main_menu
08:45:56.872 [JavaFX Application Thread] DEBUG PrimaryStageWindow   - FXGLMainMenuDummyScene -> Main_menu
08:45:56.873 [JavaFX Application Thread] DEBUG FXGLApplication      - Registering font factories with UI factory
08:45:57.281 [FXGL Background Thread 2 ] INFO  UpdaterService       - Your current version:  17.1
08:45:57.281 [FXGL Background Thread 2 ] INFO  UpdaterService       - Latest stable version: 17.3
08:45:58.693 [JavaFX Application Thread] DEBUG LoopRunner           - Pausing loop
08:45:59.780 [FXGL Background Thread 3 ] DEBUG Engine               - Logging environment variables
08:45:59.781 [FXGL Background Thread 3 ] DEBUG Engine               - achievements: []
08:45:59.781 [FXGL Background Thread 3 ] DEBUG Engine               - actualHeight: 960.0
08:45:59.782 [FXGL Background Thread 3 ] DEBUG Engine               - actualHeightProperty: ReadOnlyDoubleProperty [value: 960.0]
08:45:59.782 [FXGL Background Thread 3 ] DEBUG Engine               - actualWidth: 1682.0
08:45:59.782 [FXGL Background Thread 3 ] DEBUG Engine               - actualWidthProperty: ReadOnlyDoubleProperty [value: 1682.0]
08:45:59.782 [FXGL Background Thread 3 ] DEBUG Engine               - appIcon: joker.jpg
08:45:59.782 [FXGL Background Thread 3 ] DEBUG Engine               - applicationMode: DEVELOPER
08:45:59.782 [FXGL Background Thread 3 ] DEBUG Engine               - cSSList: [fxgl_dark.css, tank.css]
08:45:59.782 [FXGL Background Thread 3 ] DEBUG Engine               - collisionDetectionStrategy: BRUTE_FORCE
08:45:59.782 [FXGL Background Thread 3 ] DEBUG Engine               - configClass: Optional.empty
08:45:59.783 [FXGL Background Thread 3 ] DEBUG Engine               - credits: []
08:45:59.783 [FXGL Background Thread 3 ] DEBUG Engine               - defaultCursor: CursorInfo(imageName=fxgl_default_cursor.png, hotspotX=7.0, hotspotY=6.0)
08:45:59.784 [FXGL Background Thread 3 ] DEBUG Engine               - devBBoxColorProperty: ObjectProperty [value: 0xff0000ff]
08:45:59.784 [FXGL Background Thread 3 ] DEBUG Engine               - devEnableDebugCameraProperty: BooleanProperty [value: false]
08:45:59.784 [FXGL Background Thread 3 ] DEBUG Engine               - devSensorColorProperty: ObjectProperty [value: 0xffff00ff]
08:45:59.784 [FXGL Background Thread 3 ] DEBUG Engine               - devShowBBoxProperty: BooleanProperty [value: false]
08:45:59.784 [FXGL Background Thread 3 ] DEBUG Engine               - devShowPositionProperty: BooleanProperty [value: false]
08:45:59.784 [FXGL Background Thread 3 ] DEBUG Engine               - enabledMenuItems: []
08:45:59.784 [FXGL Background Thread 3 ] DEBUG Engine               - engineServices: [class com.almasb.fxgl.app.services.FXGLAssetLoaderService, class com.almasb.fxgl.app.FXGLApplication$GameApplicationService, class com.almasb.fxgl.app.services.FXGLDialogService, class com.almasb.fxgl.app.services.IOTaskExecutorService, class com.almasb.fxgl.io.FileSystemService, class com.almasb.fxgl.localization.LocalizationService, class com.almasb.fxgl.app.services.SystemBundleService, class com.almasb.fxgl.profile.SaveLoadService, class com.almasb.fxgl.ui.FXGLUIFactoryServiceProvider, class com.almasb.fxgl.ui.FXGLDialogFactoryServiceProvider, class com.almasb.fxgl.audio.AudioPlayer, class com.almasb.fxgl.notification.impl.NotificationServiceProvider, class com.almasb.fxgl.achievement.AchievementService, class com.almasb.fxgl.cutscene.CutsceneService, class com.almasb.fxgl.minigames.MiniGameService, class com.almasb.fxgl.net.NetService, class com.almasb.fxgl.app.services.UpdaterService, class com.almasb.fxgl.dev.DevService]
08:45:59.784 [FXGL Background Thread 3 ] DEBUG Engine               - fontGame: Abel-Regular.ttf
08:45:59.784 [FXGL Background Thread 3 ] DEBUG Engine               - fontMono: TerminalLandMono-Regular.otf
08:45:59.784 [FXGL Background Thread 3 ] DEBUG Engine               - fontText: Courier-Prime.ttf
08:45:59.784 [FXGL Background Thread 3 ] DEBUG Engine               - fontUI: VarelaRound-Regular.ttf
08:45:59.784 [FXGL Background Thread 3 ] DEBUG Engine               - fullScreen: BooleanProperty [value: false]
08:45:59.784 [FXGL Background Thread 3 ] DEBUG Engine               - gameDifficulty: MEDIUM
08:45:59.784 [FXGL Background Thread 3 ] DEBUG Engine               - gameDifficultyProperty: ObjectProperty [value: MEDIUM]
08:45:59.785 [FXGL Background Thread 3 ] DEBUG Engine               - globalMusicVolume: 0.5
08:45:59.785 [FXGL Background Thread 3 ] DEBUG Engine               - globalMusicVolumeProperty: DoubleProperty [value: 0.5]
08:45:59.785 [FXGL Background Thread 3 ] DEBUG Engine               - globalSoundVolume: 0.5
08:45:59.785 [FXGL Background Thread 3 ] DEBUG Engine               - globalSoundVolumeProperty: DoubleProperty [value: 0.8]
08:45:59.785 [FXGL Background Thread 3 ] DEBUG Engine               - height: 1152
08:45:59.785 [FXGL Background Thread 3 ] DEBUG Engine               - is3D: false
08:45:59.785 [FXGL Background Thread 3 ] DEBUG Engine               - isAndroid: false
08:45:59.785 [FXGL Background Thread 3 ] DEBUG Engine               - isBrowser: false
08:45:59.785 [FXGL Background Thread 3 ] DEBUG Engine               - isClickFeedbackEnabled: false
08:45:59.785 [FXGL Background Thread 3 ] DEBUG Engine               - isCloseConfirmation: false
08:45:59.785 [FXGL Background Thread 3 ] DEBUG Engine               - isDesktop: true
08:45:59.785 [FXGL Background Thread 3 ] DEBUG Engine               - isDeveloperMenuEnabled: false
08:45:59.785 [FXGL Background Thread 3 ] DEBUG Engine               - isEmbedded: false
08:45:59.785 [FXGL Background Thread 3 ] DEBUG Engine               - isEntityPreloadEnabled: true
08:45:59.785 [FXGL Background Thread 3 ] DEBUG Engine               - isExperimentalTiledLargeMap: false
08:45:59.785 [FXGL Background Thread 3 ] DEBUG Engine               - isFileSystemWriteAllowed: true
08:45:59.785 [FXGL Background Thread 3 ] DEBUG Engine               - isFullScreenAllowed: false
08:45:59.786 [FXGL Background Thread 3 ] DEBUG Engine               - isFullScreenFromStart: false
08:45:59.786 [FXGL Background Thread 3 ] DEBUG Engine               - isGameMenuEnabled: true
08:45:59.786 [FXGL Background Thread 3 ] DEBUG Engine               - isIOS: false
08:45:59.786 [FXGL Background Thread 3 ] DEBUG Engine               - isIntroEnabled: false
08:45:59.786 [FXGL Background Thread 3 ] DEBUG Engine               - isLinux: false
08:45:59.786 [FXGL Background Thread 3 ] DEBUG Engine               - isMac: false
08:45:59.786 [FXGL Background Thread 3 ] DEBUG Engine               - isMainMenuEnabled: true
08:45:59.786 [FXGL Background Thread 3 ] DEBUG Engine               - isManualResizeEnabled: false
08:45:59.786 [FXGL Background Thread 3 ] DEBUG Engine               - isMobile: false
08:45:59.786 [FXGL Background Thread 3 ] DEBUG Engine               - isNative: false
08:45:59.786 [FXGL Background Thread 3 ] DEBUG Engine               - isPauseMusicWhenMinimized: true
08:45:59.787 [FXGL Background Thread 3 ] DEBUG Engine               - isPreserveResizeRatio: false
08:45:59.787 [FXGL Background Thread 3 ] DEBUG Engine               - isProfilingEnabled: false
08:45:59.787 [FXGL Background Thread 3 ] DEBUG Engine               - isScaleAffectedOnResize: true
08:45:59.787 [FXGL Background Thread 3 ] DEBUG Engine               - isSingleStep: false
08:45:59.787 [FXGL Background Thread 3 ] DEBUG Engine               - isUserProfileEnabled: false
08:45:59.787 [FXGL Background Thread 3 ] DEBUG Engine               - isWindows: true
08:45:59.787 [FXGL Background Thread 3 ] DEBUG Engine               - language: ObjectProperty [value: ENGLISH]
08:45:59.787 [FXGL Background Thread 3 ] DEBUG Engine               - menuKey: ESCAPE
08:45:59.787 [FXGL Background Thread 3 ] DEBUG Engine               - mouseSensitivity: 0.2
08:45:59.787 [FXGL Background Thread 3 ] DEBUG Engine               - notificationViewClass: class com.almasb.fxgl.notification.view.XboxNotificationView
08:45:59.787 [FXGL Background Thread 3 ] DEBUG Engine               - pixelsPerMeter: 50.0
08:45:59.787 [FXGL Background Thread 3 ] DEBUG Engine               - platform: WINDOWS
08:45:59.788 [FXGL Background Thread 3 ] DEBUG Engine               - prefHeightProperty: ReadOnlyDoubleProperty [value: 1152.0]
08:45:59.788 [FXGL Background Thread 3 ] DEBUG Engine               - prefWidthProperty: ReadOnlyDoubleProperty [value: 2048.0]
08:45:59.788 [FXGL Background Thread 3 ] DEBUG Engine               - profileDir: profiles/
08:45:59.788 [FXGL Background Thread 3 ] DEBUG Engine               - profileName: StringProperty [value: DEFAULT]
08:45:59.788 [FXGL Background Thread 3 ] DEBUG Engine               - randomSeed: -1
08:45:59.789 [FXGL Background Thread 3 ] DEBUG Engine               - runtimeInfo: RuntimeInfo(platform=WINDOWS, version=17.1, build=24.03.2022 17.34)
08:45:59.790 [FXGL Background Thread 3 ] DEBUG Engine               - saveFileExt: sav
08:45:59.791 [FXGL Background Thread 3 ] DEBUG Engine               - scaledHeightProp$fxgl: DoubleProperty [bound, value: 960.0]
08:45:59.791 [FXGL Background Thread 3 ] DEBUG Engine               - scaledWidthProp$fxgl: DoubleProperty [bound, value: 1682.0]
08:45:59.791 [FXGL Background Thread 3 ] DEBUG Engine               - sceneFactory: com.kenny.AllStarBattle.AllStarBattleApp$1@77698f3f
08:45:59.791 [FXGL Background Thread 3 ] DEBUG Engine               - secondsIn24h: 60
08:45:59.791 [FXGL Background Thread 3 ] DEBUG Engine               - soundMenuBack: menu/back.wav
08:45:59.791 [FXGL Background Thread 3 ] DEBUG Engine               - soundMenuPress: menu/press.wav
08:45:59.791 [FXGL Background Thread 3 ] DEBUG Engine               - soundMenuSelect: menu/select.wav
08:45:59.791 [FXGL Background Thread 3 ] DEBUG Engine               - soundNotification: core/notification.wav
08:45:59.791 [FXGL Background Thread 3 ] DEBUG Engine               - stageStyle: DECORATED
08:45:59.791 [FXGL Background Thread 3 ] DEBUG Engine               - supportedLanguages: [ENGLISH, FRENCH, GERMAN, HUNGARIAN, RUSSIAN]
08:45:59.791 [FXGL Background Thread 3 ] DEBUG Engine               - ticksPerSecond: -1
08:45:59.791 [FXGL Background Thread 3 ] DEBUG Engine               - title: All star battle
08:45:59.791 [FXGL Background Thread 3 ] DEBUG Engine               - urlGithub: https://github.com/AlmasB/FXGL
08:45:59.791 [FXGL Background Thread 3 ] DEBUG Engine               - urlLeaderboard: http://fxgl-top.herokuapp.com/
08:45:59.791 [FXGL Background Thread 3 ] DEBUG Engine               - urlPOM: https://raw.githubusercontent.com/AlmasB/FXGL/release/README.md
08:45:59.791 [FXGL Background Thread 3 ] DEBUG Engine               - userAppClass: class com.kenny.AllStarBattle.AllStarBattleApp
08:45:59.791 [FXGL Background Thread 3 ] DEBUG Engine               - version: 0.1
08:45:59.791 [FXGL Background Thread 3 ] DEBUG Engine               - versionCheckDays: 7
08:45:59.791 [FXGL Background Thread 3 ] DEBUG Engine               - width: 2048
08:45:59.791 [FXGL Background Thread 3 ] DEBUG Engine               - Logging services
08:45:59.791 [FXGL Background Thread 3 ] DEBUG Engine               - class com.almasb.fxgl.app.services.FXGLAssetLoaderService
08:45:59.791 [FXGL Background Thread 3 ] DEBUG Engine               - class com.almasb.fxgl.app.FXGLApplication$GameApplicationService
08:45:59.791 [FXGL Background Thread 3 ] DEBUG Engine               - class com.almasb.fxgl.app.services.FXGLDialogService
08:45:59.791 [FXGL Background Thread 3 ] DEBUG Engine               - class com.almasb.fxgl.app.services.IOTaskExecutorService
08:45:59.791 [FXGL Background Thread 3 ] DEBUG Engine               - class com.almasb.fxgl.io.FileSystemService
08:45:59.791 [FXGL Background Thread 3 ] DEBUG Engine               - class com.almasb.fxgl.localization.LocalizationService
08:45:59.791 [FXGL Background Thread 3 ] DEBUG Engine               - class com.almasb.fxgl.app.services.SystemBundleService
08:45:59.791 [FXGL Background Thread 3 ] DEBUG Engine               - class com.almasb.fxgl.profile.SaveLoadService
08:45:59.791 [FXGL Background Thread 3 ] DEBUG Engine               - class com.almasb.fxgl.ui.FXGLUIFactoryServiceProvider
08:45:59.791 [FXGL Background Thread 3 ] DEBUG Engine               - class com.almasb.fxgl.ui.FXGLDialogFactoryServiceProvider
08:45:59.791 [FXGL Background Thread 3 ] DEBUG Engine               - class com.almasb.fxgl.audio.AudioPlayer
08:45:59.792 [FXGL Background Thread 3 ] DEBUG Engine               - class com.almasb.fxgl.notification.impl.NotificationServiceProvider
08:45:59.792 [FXGL Background Thread 3 ] DEBUG Engine               - class com.almasb.fxgl.achievement.AchievementService
08:45:59.792 [FXGL Background Thread 3 ] DEBUG Engine               - class com.almasb.fxgl.cutscene.CutsceneService
08:45:59.792 [FXGL Background Thread 3 ] DEBUG Engine               - class com.almasb.fxgl.minigames.MiniGameService
08:45:59.792 [FXGL Background Thread 3 ] DEBUG Engine               - class com.almasb.fxgl.net.NetService
08:45:59.792 [FXGL Background Thread 3 ] DEBUG Engine               - class com.almasb.fxgl.app.services.UpdaterService
08:45:59.792 [FXGL Background Thread 3 ] DEBUG Engine               - class com.almasb.fxgl.dev.DevService
08:46:09.011 [JavaFX Application Thread] DEBUG LoopRunner           - Resuming loop
08:46:16.803 [JavaFX Application Thread] DEBUG GameApplicationServi - Starting new game
08:46:16.803 [JavaFX Application Thread] DEBUG PrimaryStageWindow   - Pop state: Main_menu
08:46:16.803 [JavaFX Application Thread] DEBUG Input                - Clearing active input actions
08:46:16.804 [JavaFX Application Thread] DEBUG GameApplicationServi - Removing overlay from Main_menu and adding to FXGLMainMenuDummyScene
08:46:16.804 [JavaFX Application Thread] DEBUG PrimaryStageWindow   - FXGLMainMenuDummyScene <- Main_menu
08:46:16.805 [JavaFX Application Thread] DEBUG Input                - Clearing active input actions
08:46:16.809 [JavaFX Application Thread] DEBUG GameApplicationServi - Removing overlay from FXGLMainMenuDummyScene and adding to Loading_Scene
08:46:16.809 [JavaFX Application Thread] DEBUG PrimaryStageWindow   - FXGLMainMenuDummyScene -> Loading_Scene
08:46:16.809 [JavaFX Application Thread] DEBUG GameApplicationServi - Clearing previous game
08:46:16.809 [JavaFX Application Thread] DEBUG GameScene            - Clearing game scene
08:46:16.809 [JavaFX Application Thread] DEBUG GameWorld            - Clearing game world
08:46:16.809 [JavaFX Application Thread] DEBUG PhysicsWorld         - Clearing physics world
08:46:16.811 [FXGL Background Thread 2 ] DEBUG FXGLApplication      - Initializing game
08:46:16.838 [FXGL Background Thread 2 ] WARN  TMXLevelLoader       - TiledMap generated from 1.8.4. Supported version: 1.4.2. Some features may not be parsed fully.
08:46:16.852 [FXGL Background Thread 2 ] DEBUG TMXLevelLoader       - Parsed TiledMap: jar:file:/E:/java%20project/tank/out/artifacts/tank_jar/tank.jar!/assets/levels/test1.tmx
08:46:16.854 [FXGL Background Thread 2 ] DEBUG TMXLevelLoader       - Creating tile layer entities
08:46:16.855 [FXGL Background Thread 2 ] DEBUG TMXLevelLoader       - Creating object layer entities
08:46:16.947 [FXGL Background Thread 2 ] DEBUG GameWorld            - Clearing removable entities
08:46:16.947 [FXGL Background Thread 2 ] DEBUG GameWorld            - Setting level: com.almasb.fxgl.entity.level.Level@628f08c4
08:46:16.957 [FXGL Background Thread 2 ] DEBUG FXGLAssetLoaderServi - Loading from file system: jar:file:/E:/java%20project/tank/out/artifacts/tank_jar/tank.jar!/assets/textures/element/Tank.png
08:46:16.961 [FXGL Background Thread 2 ] WARN  FXGLAssetLoaderServi - Asset "/assets/textures/Enemytank.png" was not found!
08:46:16.961 [FXGL Background Thread 2 ] WARN  FXGLAssetLoaderServi - Failed to load IMAGE
08:46:16.965 [FXGL Background Thread 2 ] WARN  FXGLAssetLoaderServi - Asset "/assets/textures/Enemytank.png" was not found!
08:46:16.965 [FXGL Background Thread 2 ] WARN  FXGLAssetLoaderServi - Failed to load IMAGE
08:46:16.965 [FXGL Background Thread 2 ] WARN  FXGLAssetLoaderServi - Asset "/assets/textures/Enemytank.png" was not found!
08:46:16.965 [FXGL Background Thread 2 ] WARN  FXGLAssetLoaderServi - Failed to load IMAGE
08:46:16.965 [FXGL Background Thread 2 ] WARN  FXGLAssetLoaderServi - Asset "/assets/textures/Enemytank.png" was not found!
08:46:16.965 [FXGL Background Thread 2 ] WARN  FXGLAssetLoaderServi - Failed to load IMAGE
08:46:16.966 [FXGL Background Thread 2 ] DEBUG FXGLAssetLoaderServi - Loading from file system: jar:file:/E:/java%20project/tank/out/artifacts/tank_jar/tank.jar!/assets/textures/Chicken.png
08:46:16.969 [FXGL Background Thread 2 ] DEBUG FXGLAssetLoaderServi - Loading from file system: jar:file:/E:/java%20project/tank/out/artifacts/tank_jar/tank.jar!/assets/textures/BossTank.png
08:46:16.972 [FXGL Background Thread 2 ] INFO  FXGLApplication      - Game initialization took: 0.161 sec
08:46:16.972 [JavaFX Application Thread] DEBUG Input                - Clearing active input actions
08:46:16.977 [JavaFX Application Thread] DEBUG GameApplicationServi - Removing overlay from Loading_Scene and adding to GameScene
08:46:16.977 [JavaFX Application Thread] DEBUG PrimaryStageWindow   - Loading_Scene -> GameScene
08:46:17.465 [JavaFX Application Thread] DEBUG FXGLAssetLoaderServi - Loading from file system: jar:file:/E:/java%20project/tank/out/artifacts/tank_jar/tank.jar!/assets/textures/element/Enemybullet.png
08:46:17.680 [JavaFX Application Thread] DEBUG FXGLAssetLoaderServi - Loading from file system: jar:file:/E:/java%20project/tank/out/artifacts/tank_jar/tank.jar!/assets/textures/SmallBoom.png
08:46:19.381 [JavaFX Application Thread] DEBUG FXGLAssetLoaderServi - Loading from file system: jar:file:/E:/java%20project/tank/out/artifacts/tank_jar/tank.jar!/assets/sounds/boom.wav
08:46:19.421 [JavaFX Application Thread] DEBUG FXGLAssetLoaderServi - Loading from file system: jar:file:/E:/java%20project/tank/out/artifacts/tank_jar/tank.jar!/assets/textures/element/Bullet.png
08:46:20.102 [JavaFX Application Thread] DEBUG FXGLAssetLoaderServi - Loading from file system: jar:file:/E:/java%20project/tank/out/artifacts/tank_jar/tank.jar!/assets/textures/boom.png
08:46:22.297 [JavaFX Application Thread] DEBUG FXGLAssetLoaderServi - Loading from file system: jar:file:/E:/java%20project/tank/out/artifacts/tank_jar/tank.jar!/assets/textures/Props/GOD.png
08:46:24.568 [JavaFX Application Thread] DEBUG PrimaryStageWindow   - Push state: FXGLDefaultMenu
08:46:24.568 [JavaFX Application Thread] DEBUG Input                - Clearing active input actions
08:46:24.569 [JavaFX Application Thread] DEBUG GameApplicationServi - Removing overlay from GameScene and adding to FXGLDefaultMenu
08:46:24.569 [JavaFX Application Thread] DEBUG PrimaryStageWindow   - GameScene -> FXGLDefaultMenu
08:46:26.187 [JavaFX Application Thread] DEBUG Menu                 - fireExitToMainMenu()
08:46:26.188 [JavaFX Application Thread] DEBUG PrimaryStageWindow   - Push state: DialogSubScene
08:46:26.188 [JavaFX Application Thread] DEBUG Input                - Clearing active input actions
08:46:26.189 [JavaFX Application Thread] DEBUG GameApplicationServi - Removing overlay from FXGLDefaultMenu and adding to DialogSubScene
08:46:26.189 [JavaFX Application Thread] DEBUG PrimaryStageWindow   - FXGLDefaultMenu -> DialogSubScene
08:46:27.525 [JavaFX Application Thread] DEBUG PrimaryStageWindow   - Pop state: DialogSubScene
08:46:27.525 [JavaFX Application Thread] DEBUG Input                - Clearing active input actions
08:46:27.526 [JavaFX Application Thread] DEBUG GameApplicationServi - Removing overlay from DialogSubScene and adding to FXGLDefaultMenu
08:46:27.526 [JavaFX Application Thread] DEBUG PrimaryStageWindow   - FXGLDefaultMenu <- DialogSubScene
08:46:27.528 [JavaFX Application Thread] DEBUG PrimaryStageWindow   - Pop state: FXGLDefaultMenu
08:46:27.528 [JavaFX Application Thread] DEBUG Input                - Clearing active input actions
08:46:27.528 [JavaFX Application Thread] DEBUG GameApplicationServi - Removing overlay from FXGLDefaultMenu and adding to GameScene
08:46:27.528 [JavaFX Application Thread] DEBUG PrimaryStageWindow   - GameScene <- FXGLDefaultMenu
08:46:27.528 [JavaFX Application Thread] DEBUG Input                - Clearing active input actions
08:46:27.533 [JavaFX Application Thread] DEBUG GameApplicationServi - Removing overlay from GameScene and adding to FXGLMainMenuDummyScene
08:46:27.533 [JavaFX Application Thread] DEBUG PrimaryStageWindow   - GameScene -> FXGLMainMenuDummyScene
08:46:27.533 [JavaFX Application Thread] DEBUG PrimaryStageWindow   - Push state: Main_menu
08:46:27.534 [JavaFX Application Thread] DEBUG Input                - Clearing active input actions
08:46:27.535 [JavaFX Application Thread] DEBUG GameApplicationServi - Removing overlay from FXGLMainMenuDummyScene and adding to Main_menu
08:46:27.536 [JavaFX Application Thread] DEBUG PrimaryStageWindow   - FXGLMainMenuDummyScene -> Main_menu
08:46:28.784 [JavaFX Application Thread] DEBUG FXGLApplication      - Exiting FXGL
08:46:28.784 [JavaFX Application Thread] DEBUG LoopRunner           - Stopping loop
08:46:28.784 [JavaFX Application Thread] DEBUG SystemBundleService  - Saving FXGL system data
08:46:28.787 [JavaFX Application Thread] DEBUG FileSystemAccess     - Writing to: E:\java project\tank\system\fxgl.bundle
08:46:28.789 [JavaFX Application Thread] DEBUG Async                - Shutting down background threads
08:46:28.789 [JavaFX Application Thread] DEBUG PrimaryStageWindow   - Closing main window
08:46:28.801 [JavaFX Application Thread] DEBUG Logger               - Closing Logger
