14:04:33.281 [main                     ] DEBUG Logger               - Configured Logger
14:04:33.298 [main                     ] DEBUG GameApplication      - Logging settings
Title: All star battle
Version: 0.1
Width: 2048
Height: 1152
Fullscreen: false
Intro: false
Profiling: false
Single step:false
App Mode: DEVELOPER
Menu Key: ESCAPE
Stage Style: DECORATED
Scene Factory: class com.kenny.tank.AllStarBattleApp$1

14:04:33.587 [JavaFX Application Thread] DEBUG FXGLApplication      - Initializing FXGL
14:04:33.591 [JavaFX Application Thread] INFO  Engine               - FXGL-17.1 (24.03.2022 17.34) on WINDOWS (J:17.0.6 FX:18)
14:04:33.591 [JavaFX Application Thread] DEBUG Engine               - JRE Vendor Name: Amazon.com Inc.
14:04:33.592 [JavaFX Application Thread] DEBUG Engine               - Running on OS: Windows 11 version 10.0
14:04:33.592 [JavaFX Application Thread] DEBUG Engine               - Architecture: amd64
14:04:33.592 [JavaFX Application Thread] INFO  Engine               - Source code and latest versions at: https://github.com/AlmasB/FXGL
14:04:33.592 [JavaFX Application Thread] INFO  Engine               -       Ask questions and discuss at: https://github.com/AlmasB/FXGL/discussions
14:04:33.592 [JavaFX Application Thread] INFO  Engine               -              Join the FXGL chat at: https://gitter.im/AlmasB/FXGL
14:04:33.648 [JavaFX Application Thread] DEBUG PrimaryStageWindow   - Creating a JavaFX scene
14:04:33.648 [JavaFX Application Thread] DEBUG PrimaryStageWindow   - Target size > screen size
14:04:33.678 [JavaFX Application Thread] DEBUG PrimaryStageWindow   - Target settings size: 2048.0 x 1152.0
14:04:33.678 [JavaFX Application Thread] DEBUG PrimaryStageWindow   - Scaled scene size:    1682.0 x 960.0
14:04:33.678 [JavaFX Application Thread] DEBUG PrimaryStageWindow   - Scaled ratio: (0.8212890625, 0.8333333333333334)
14:04:33.679 [JavaFX Application Thread] DEBUG PrimaryStageWindow   - Set initial scene to StartScene
14:04:33.684 [JavaFX Application Thread] DEBUG PrimaryStageWindow   - Opening main window
14:04:33.777 [JavaFX Application Thread] DEBUG PrimaryStageWindow   - Window border size: (14.6666259765625, 37.33331298828125)
14:04:33.777 [JavaFX Application Thread] DEBUG PrimaryStageWindow   - Scaled size: 1682.0 x 960.0
14:04:33.777 [JavaFX Application Thread] DEBUG PrimaryStageWindow   - Scaled ratio: (0.8212890625, 0.8333333333333334)
14:04:33.778 [JavaFX Application Thread] DEBUG PrimaryStageWindow   - Scene size: 1682.0 x 960.0
14:04:33.778 [JavaFX Application Thread] DEBUG PrimaryStageWindow   - Stage size: 1696.6666259765625 x 997.3333129882812
14:04:33.784 [FXGL Background Thread 1 ] DEBUG Engine               - Initializing environment variables
14:04:33.808 [FXGL Background Thread 1 ] DEBUG FXGLAssetLoaderServi - User app class for loading assets: class com.kenny.tank.AllStarBattleApp
14:04:33.809 [FXGL Background Thread 1 ] DEBUG GameApplicationServi - Applying CSS: fxgl_dark.css
14:04:33.809 [FXGL Background Thread 1 ] DEBUG FXGLAssetLoaderServi - Loading from file system: jar:file:///C:/Users/10273/.m2/repository/com/github/almasb/fxgl/17.1/fxgl-17.1.jar!/fxglassets/ui/css/fxgl_dark.css
14:04:33.844 [FXGL Background Thread 1 ] DEBUG GameApplicationServi - Applying CSS: tank.css
14:04:33.844 [FXGL Background Thread 1 ] DEBUG FXGLAssetLoaderServi - Loading from file system: file:/E:/java%20project/tank/target/classes/assets/ui/css/tank.css
14:04:33.845 [FXGL Background Thread 1 ] DEBUG GameApplicationServi - Initializing application scenes
14:04:33.849 [FXGL Background Thread 1 ] DEBUG GameWorld            - Game world initialized
14:04:33.894 [FXGL Background Thread 1 ] DEBUG PhysicsWorld         - Physics world initialized: appHeight=1152, physics.ppm=50.0
14:04:33.894 [FXGL Background Thread 1 ] DEBUG PhysicsWorld         - Using strategy: BRUTE_FORCE
14:04:33.897 [FXGL Background Thread 1 ] DEBUG GameScene            - Game scene initialized: 2048x1152
14:04:33.902 [FXGL Background Thread 1 ] DEBUG FXGLAssetLoaderServi - Loading from file system: file:/E:/java%20project/tank/target/classes/assets/textures/MainMenu.png
14:04:34.000 [FXGL Background Thread 1 ] DEBUG FXGLAssetLoaderServi - Loading from file system: file:/E:/java%20project/tank/target/classes/assets/textures/R-C.jpg
14:04:34.023 [FXGL Background Thread 1 ] DEBUG FXGL.DefaultMenu     - createMenuBodyGameMenu()
14:04:34.030 [FXGL Background Thread 1 ] DEBUG FXGL.DefaultMenu     - createOptionsMenu()
14:04:34.037 [FXGL Background Thread 1 ] DEBUG FXGLAssetLoaderServi - Loading from file system: jar:file:///C:/Users/10273/.m2/repository/com/github/almasb/fxgl/17.1/fxgl-17.1.jar!/fxglassets/textures/particles/smoke.png
14:04:34.094 [FXGL Background Thread 1 ] DEBUG FXGLAssetLoaderServi - Loading from file system: jar:file:///C:/Users/10273/.m2/repository/com/github/almasb/fxgl/17.1/fxgl-17.1.jar!/fxglassets/textures/particles/trace_horizontal.png
14:04:34.104 [FXGL Background Thread 1 ] DEBUG GameApplicationServi - Application scenes initialized
14:04:34.112 [FXGL Background Thread 1 ] DEBUG SystemBundleService  - Loading FXGL system data
14:04:34.115 [FXGL Background Thread 1 ] DEBUG FileSystemAccess     - Reading from: E:\java project\tank\system\fxgl.bundle
14:04:34.120 [FXGL Background Thread 1 ] DEBUG SystemBundleService  - Bundle FXGL: {}
14:04:34.120 [FXGL Background Thread 1 ] DEBUG UpdaterService       - Checking for updates
14:04:34.124 [FXGL Background Thread 4 ] DEBUG FXGLApplication      - Loading fonts
14:04:34.124 [FXGL Background Thread 4 ] DEBUG FXGLAssetLoaderServi - Loading from file system: jar:file:///C:/Users/10273/.m2/repository/com/github/almasb/fxgl/17.1/fxgl-17.1.jar!/fxglassets/ui/fonts/VarelaRound-Regular.ttf
14:04:34.124 [FXGL Background Thread 1 ] DEBUG FXGLApplication      - Loading default localization
14:04:34.124 [FXGL Background Thread 1 ] DEBUG FXGLAssetLoaderServi - Loading from file system: jar:file:///C:/Users/10273/.m2/repository/com/github/almasb/fxgl/17.1/fxgl-17.1.jar!/fxglassets/languages/english.lang
14:04:34.139 [FXGL Background Thread 1 ] INFO  FXGLApplication      - FXGL initialization took: 0.355 sec
14:04:34.150 [JavaFX Application Thread] DEBUG Input                - Registered new binding: action0 - Up
14:04:34.151 [JavaFX Application Thread] DEBUG Input                - Registered new binding: action1 - Down
14:04:34.152 [JavaFX Application Thread] DEBUG Input                - Registered new binding: action2 - Left
14:04:34.152 [JavaFX Application Thread] DEBUG Input                - Registered new binding: action3 - Right
14:04:34.153 [JavaFX Application Thread] DEBUG Input                - Registered new binding: action4 - Space
14:04:34.153 [JavaFX Application Thread] DEBUG FXGLAssetLoaderServi - Loading from file system: file:/E:/java%20project/tank/target/classes/assets/textures/joker.jpg
14:04:34.165 [JavaFX Application Thread] DEBUG FXGLAssetLoaderServi - Loading from file system: jar:file:///C:/Users/10273/.m2/repository/com/github/almasb/fxgl/17.1/fxgl-17.1.jar!/fxglassets/textures/fxgl_default_cursor.png
14:04:34.167 [JavaFX Application Thread] DEBUG Input                - Registered new binding: Screenshot - CTRL+8
14:04:34.167 [JavaFX Application Thread] DEBUG Input                - Registered new binding: System info dump - CTRL+9
14:04:34.167 [JavaFX Application Thread] DEBUG Input                - Registered new binding: Restart - CTRL+R
14:04:34.168 [JavaFX Application Thread] DEBUG Input                - Registered new binding: Toggle Debug Camera - CTRL+7
14:04:34.172 [JavaFX Application Thread] DEBUG LoopRunner           - Starting loop
14:04:34.172 [JavaFX Application Thread] DEBUG LoopRunner           - Initializing JavaFX AnimationTimerLoop
14:04:34.177 [JavaFX Application Thread] DEBUG Input                - Clearing active input actions
14:04:34.179 [FXGL Background Thread 4 ] DEBUG FXGLAssetLoaderServi - Loading from file system: jar:file:///C:/Users/10273/.m2/repository/com/github/almasb/fxgl/17.1/fxgl-17.1.jar!/fxglassets/ui/fonts/Abel-Regular.ttf
14:04:34.181 [FXGL Background Thread 4 ] DEBUG FXGLAssetLoaderServi - Loading from file system: jar:file:///C:/Users/10273/.m2/repository/com/github/almasb/fxgl/17.1/fxgl-17.1.jar!/fxglassets/ui/fonts/TerminalLandMono-Regular.otf
14:04:34.182 [JavaFX Application Thread] DEBUG GameApplicationServi - Removing overlay from StartScene and adding to FXGLMainMenuDummyScene
14:04:34.182 [JavaFX Application Thread] DEBUG PrimaryStageWindow   - StartScene -> FXGLMainMenuDummyScene
14:04:34.182 [JavaFX Application Thread] DEBUG PrimaryStageWindow   - Push state: Main_menu
14:04:34.183 [FXGL Background Thread 4 ] DEBUG FXGLAssetLoaderServi - Loading from file system: jar:file:///C:/Users/10273/.m2/repository/com/github/almasb/fxgl/17.1/fxgl-17.1.jar!/fxglassets/ui/fonts/Courier-Prime.ttf
14:04:34.183 [JavaFX Application Thread] DEBUG Input                - Clearing active input actions
14:04:34.194 [JavaFX Application Thread] DEBUG GameApplicationServi - Removing overlay from FXGLMainMenuDummyScene and adding to Main_menu
14:04:34.194 [JavaFX Application Thread] DEBUG PrimaryStageWindow   - FXGLMainMenuDummyScene -> Main_menu
14:04:34.312 [JavaFX Application Thread] DEBUG FXGLApplication      - Registering font factories with UI factory
14:04:34.914 [FXGL Background Thread 2 ] INFO  UpdaterService       - Your current version:  17.1
14:04:34.915 [FXGL Background Thread 2 ] INFO  UpdaterService       - Latest stable version: 17.3
14:04:37.124 [FXGL Background Thread 3 ] DEBUG Engine               - Logging environment variables
14:04:37.125 [FXGL Background Thread 3 ] DEBUG Engine               - achievements: []
14:04:37.125 [FXGL Background Thread 3 ] DEBUG Engine               - actualHeight: 960.0
14:04:37.126 [FXGL Background Thread 3 ] DEBUG Engine               - actualHeightProperty: ReadOnlyDoubleProperty [value: 960.0]
14:04:37.126 [FXGL Background Thread 3 ] DEBUG Engine               - actualWidth: 1682.0
14:04:37.126 [FXGL Background Thread 3 ] DEBUG Engine               - actualWidthProperty: ReadOnlyDoubleProperty [value: 1682.0]
14:04:37.127 [FXGL Background Thread 3 ] DEBUG Engine               - appIcon: joker.jpg
14:04:37.127 [FXGL Background Thread 3 ] DEBUG Engine               - applicationMode: DEVELOPER
14:04:37.127 [FXGL Background Thread 3 ] DEBUG Engine               - cSSList: [fxgl_dark.css, tank.css]
14:04:37.127 [FXGL Background Thread 3 ] DEBUG Engine               - collisionDetectionStrategy: BRUTE_FORCE
14:04:37.128 [FXGL Background Thread 3 ] DEBUG Engine               - configClass: Optional.empty
14:04:37.128 [FXGL Background Thread 3 ] DEBUG Engine               - credits: []
14:04:37.128 [FXGL Background Thread 3 ] DEBUG Engine               - defaultCursor: CursorInfo(imageName=fxgl_default_cursor.png, hotspotX=7.0, hotspotY=6.0)
14:04:37.128 [FXGL Background Thread 3 ] DEBUG Engine               - devBBoxColorProperty: ObjectProperty [value: 0xff0000ff]
14:04:37.128 [FXGL Background Thread 3 ] DEBUG Engine               - devEnableDebugCameraProperty: BooleanProperty [value: false]
14:04:37.128 [FXGL Background Thread 3 ] DEBUG Engine               - devSensorColorProperty: ObjectProperty [value: 0xffff00ff]
14:04:37.129 [FXGL Background Thread 3 ] DEBUG Engine               - devShowBBoxProperty: BooleanProperty [value: false]
14:04:37.129 [FXGL Background Thread 3 ] DEBUG Engine               - devShowPositionProperty: BooleanProperty [value: false]
14:04:37.129 [FXGL Background Thread 3 ] DEBUG Engine               - enabledMenuItems: []
14:04:37.129 [FXGL Background Thread 3 ] DEBUG Engine               - engineServices: [class com.almasb.fxgl.app.services.FXGLAssetLoaderService, class com.almasb.fxgl.app.FXGLApplication$GameApplicationService, class com.almasb.fxgl.app.services.FXGLDialogService, class com.almasb.fxgl.app.services.IOTaskExecutorService, class com.almasb.fxgl.io.FileSystemService, class com.almasb.fxgl.localization.LocalizationService, class com.almasb.fxgl.app.services.SystemBundleService, class com.almasb.fxgl.profile.SaveLoadService, class com.almasb.fxgl.ui.FXGLUIFactoryServiceProvider, class com.almasb.fxgl.ui.FXGLDialogFactoryServiceProvider, class com.almasb.fxgl.audio.AudioPlayer, class com.almasb.fxgl.notification.impl.NotificationServiceProvider, class com.almasb.fxgl.achievement.AchievementService, class com.almasb.fxgl.cutscene.CutsceneService, class com.almasb.fxgl.minigames.MiniGameService, class com.almasb.fxgl.net.NetService, class com.almasb.fxgl.app.services.UpdaterService, class com.almasb.fxgl.dev.DevService]
14:04:37.129 [FXGL Background Thread 3 ] DEBUG Engine               - fontGame: Abel-Regular.ttf
14:04:37.129 [FXGL Background Thread 3 ] DEBUG Engine               - fontMono: TerminalLandMono-Regular.otf
14:04:37.129 [FXGL Background Thread 3 ] DEBUG Engine               - fontText: Courier-Prime.ttf
14:04:37.129 [FXGL Background Thread 3 ] DEBUG Engine               - fontUI: VarelaRound-Regular.ttf
14:04:37.129 [FXGL Background Thread 3 ] DEBUG Engine               - fullScreen: BooleanProperty [value: false]
14:04:37.129 [FXGL Background Thread 3 ] DEBUG Engine               - gameDifficulty: MEDIUM
14:04:37.129 [FXGL Background Thread 3 ] DEBUG Engine               - gameDifficultyProperty: ObjectProperty [value: MEDIUM]
14:04:37.129 [FXGL Background Thread 3 ] DEBUG Engine               - globalMusicVolume: 0.5
14:04:37.129 [FXGL Background Thread 3 ] DEBUG Engine               - globalMusicVolumeProperty: DoubleProperty [value: 0.5]
14:04:37.129 [FXGL Background Thread 3 ] DEBUG Engine               - globalSoundVolume: 0.5
14:04:37.129 [FXGL Background Thread 3 ] DEBUG Engine               - globalSoundVolumeProperty: DoubleProperty [value: 0.8]
14:04:37.130 [FXGL Background Thread 3 ] DEBUG Engine               - height: 1152
14:04:37.130 [FXGL Background Thread 3 ] DEBUG Engine               - is3D: false
14:04:37.130 [FXGL Background Thread 3 ] DEBUG Engine               - isAndroid: false
14:04:37.130 [FXGL Background Thread 3 ] DEBUG Engine               - isBrowser: false
14:04:37.130 [FXGL Background Thread 3 ] DEBUG Engine               - isClickFeedbackEnabled: false
14:04:37.130 [FXGL Background Thread 3 ] DEBUG Engine               - isCloseConfirmation: false
14:04:37.130 [FXGL Background Thread 3 ] DEBUG Engine               - isDesktop: true
14:04:37.130 [FXGL Background Thread 3 ] DEBUG Engine               - isDeveloperMenuEnabled: false
14:04:37.130 [FXGL Background Thread 3 ] DEBUG Engine               - isEmbedded: false
14:04:37.130 [FXGL Background Thread 3 ] DEBUG Engine               - isEntityPreloadEnabled: true
14:04:37.130 [FXGL Background Thread 3 ] DEBUG Engine               - isExperimentalTiledLargeMap: false
14:04:37.130 [FXGL Background Thread 3 ] DEBUG Engine               - isFileSystemWriteAllowed: true
14:04:37.130 [FXGL Background Thread 3 ] DEBUG Engine               - isFullScreenAllowed: false
14:04:37.130 [FXGL Background Thread 3 ] DEBUG Engine               - isFullScreenFromStart: false
14:04:37.130 [FXGL Background Thread 3 ] DEBUG Engine               - isGameMenuEnabled: true
14:04:37.130 [FXGL Background Thread 3 ] DEBUG Engine               - isIOS: false
14:04:37.130 [FXGL Background Thread 3 ] DEBUG Engine               - isIntroEnabled: false
14:04:37.130 [FXGL Background Thread 3 ] DEBUG Engine               - isLinux: false
14:04:37.130 [FXGL Background Thread 3 ] DEBUG Engine               - isMac: false
14:04:37.130 [FXGL Background Thread 3 ] DEBUG Engine               - isMainMenuEnabled: true
14:04:37.130 [FXGL Background Thread 3 ] DEBUG Engine               - isManualResizeEnabled: false
14:04:37.131 [FXGL Background Thread 3 ] DEBUG Engine               - isMobile: false
14:04:37.131 [FXGL Background Thread 3 ] DEBUG Engine               - isNative: false
14:04:37.131 [FXGL Background Thread 3 ] DEBUG Engine               - isPauseMusicWhenMinimized: true
14:04:37.131 [FXGL Background Thread 3 ] DEBUG Engine               - isPreserveResizeRatio: false
14:04:37.131 [FXGL Background Thread 3 ] DEBUG Engine               - isProfilingEnabled: false
14:04:37.131 [FXGL Background Thread 3 ] DEBUG Engine               - isScaleAffectedOnResize: true
14:04:37.131 [FXGL Background Thread 3 ] DEBUG Engine               - isSingleStep: false
14:04:37.131 [FXGL Background Thread 3 ] DEBUG Engine               - isUserProfileEnabled: false
14:04:37.131 [FXGL Background Thread 3 ] DEBUG Engine               - isWindows: true
14:04:37.131 [FXGL Background Thread 3 ] DEBUG Engine               - language: ObjectProperty [value: ENGLISH]
14:04:37.131 [FXGL Background Thread 3 ] DEBUG Engine               - menuKey: ESCAPE
14:04:37.131 [FXGL Background Thread 3 ] DEBUG Engine               - mouseSensitivity: 0.2
14:04:37.131 [FXGL Background Thread 3 ] DEBUG Engine               - notificationViewClass: class com.almasb.fxgl.notification.view.XboxNotificationView
14:04:37.131 [FXGL Background Thread 3 ] DEBUG Engine               - pixelsPerMeter: 50.0
14:04:37.131 [FXGL Background Thread 3 ] DEBUG Engine               - platform: WINDOWS
14:04:37.131 [FXGL Background Thread 3 ] DEBUG Engine               - prefHeightProperty: ReadOnlyDoubleProperty [value: 1152.0]
14:04:37.131 [FXGL Background Thread 3 ] DEBUG Engine               - prefWidthProperty: ReadOnlyDoubleProperty [value: 2048.0]
14:04:37.131 [FXGL Background Thread 3 ] DEBUG Engine               - profileDir: profiles/
14:04:37.131 [FXGL Background Thread 3 ] DEBUG Engine               - profileName: StringProperty [value: DEFAULT]
14:04:37.131 [FXGL Background Thread 3 ] DEBUG Engine               - randomSeed: -1
14:04:37.131 [FXGL Background Thread 3 ] DEBUG Engine               - runtimeInfo: RuntimeInfo(platform=WINDOWS, version=17.1, build=24.03.2022 17.34)
14:04:37.132 [FXGL Background Thread 3 ] DEBUG Engine               - saveFileExt: sav
14:04:37.132 [FXGL Background Thread 3 ] DEBUG Engine               - scaledHeightProp$fxgl: DoubleProperty [bound, value: 960.0]
14:04:37.132 [FXGL Background Thread 3 ] DEBUG Engine               - scaledWidthProp$fxgl: DoubleProperty [bound, value: 1682.0]
14:04:37.132 [FXGL Background Thread 3 ] DEBUG Engine               - sceneFactory: com.kenny.tank.AllStarBattleApp$1@4997e171
14:04:37.132 [FXGL Background Thread 3 ] DEBUG Engine               - secondsIn24h: 60
14:04:37.132 [FXGL Background Thread 3 ] DEBUG Engine               - soundMenuBack: menu/back.wav
14:04:37.132 [FXGL Background Thread 3 ] DEBUG Engine               - soundMenuPress: menu/press.wav
14:04:37.132 [FXGL Background Thread 3 ] DEBUG Engine               - soundMenuSelect: menu/select.wav
14:04:37.132 [FXGL Background Thread 3 ] DEBUG Engine               - soundNotification: core/notification.wav
14:04:37.132 [FXGL Background Thread 3 ] DEBUG Engine               - stageStyle: DECORATED
14:04:37.132 [FXGL Background Thread 3 ] DEBUG Engine               - supportedLanguages: [ENGLISH, FRENCH, GERMAN, HUNGARIAN, RUSSIAN]
14:04:37.132 [FXGL Background Thread 3 ] DEBUG Engine               - ticksPerSecond: -1
14:04:37.132 [FXGL Background Thread 3 ] DEBUG Engine               - title: All star battle
14:04:37.132 [FXGL Background Thread 3 ] DEBUG Engine               - urlGithub: https://github.com/AlmasB/FXGL
14:04:37.132 [FXGL Background Thread 3 ] DEBUG Engine               - urlLeaderboard: http://fxgl-top.herokuapp.com/
14:04:37.132 [FXGL Background Thread 3 ] DEBUG Engine               - urlPOM: https://raw.githubusercontent.com/AlmasB/FXGL/release/README.md
14:04:37.132 [FXGL Background Thread 3 ] DEBUG Engine               - userAppClass: class com.kenny.tank.AllStarBattleApp
14:04:37.132 [FXGL Background Thread 3 ] DEBUG Engine               - version: 0.1
14:04:37.132 [FXGL Background Thread 3 ] DEBUG Engine               - versionCheckDays: 7
14:04:37.132 [FXGL Background Thread 3 ] DEBUG Engine               - width: 2048
14:04:37.132 [FXGL Background Thread 3 ] DEBUG Engine               - Logging services
14:04:37.132 [FXGL Background Thread 3 ] DEBUG Engine               - class com.almasb.fxgl.app.services.FXGLAssetLoaderService
14:04:37.133 [FXGL Background Thread 3 ] DEBUG Engine               - class com.almasb.fxgl.app.FXGLApplication$GameApplicationService
14:04:37.133 [FXGL Background Thread 3 ] DEBUG Engine               - class com.almasb.fxgl.app.services.FXGLDialogService
14:04:37.133 [FXGL Background Thread 3 ] DEBUG Engine               - class com.almasb.fxgl.app.services.IOTaskExecutorService
14:04:37.133 [FXGL Background Thread 3 ] DEBUG Engine               - class com.almasb.fxgl.io.FileSystemService
14:04:37.133 [FXGL Background Thread 3 ] DEBUG Engine               - class com.almasb.fxgl.localization.LocalizationService
14:04:37.133 [FXGL Background Thread 3 ] DEBUG Engine               - class com.almasb.fxgl.app.services.SystemBundleService
14:04:37.133 [FXGL Background Thread 3 ] DEBUG Engine               - class com.almasb.fxgl.profile.SaveLoadService
14:04:37.133 [FXGL Background Thread 3 ] DEBUG Engine               - class com.almasb.fxgl.ui.FXGLUIFactoryServiceProvider
14:04:37.133 [FXGL Background Thread 3 ] DEBUG Engine               - class com.almasb.fxgl.ui.FXGLDialogFactoryServiceProvider
14:04:37.133 [FXGL Background Thread 3 ] DEBUG Engine               - class com.almasb.fxgl.audio.AudioPlayer
14:04:37.133 [FXGL Background Thread 3 ] DEBUG Engine               - class com.almasb.fxgl.notification.impl.NotificationServiceProvider
14:04:37.133 [FXGL Background Thread 3 ] DEBUG Engine               - class com.almasb.fxgl.achievement.AchievementService
14:04:37.133 [FXGL Background Thread 3 ] DEBUG Engine               - class com.almasb.fxgl.cutscene.CutsceneService
14:04:37.133 [FXGL Background Thread 3 ] DEBUG Engine               - class com.almasb.fxgl.minigames.MiniGameService
14:04:37.133 [FXGL Background Thread 3 ] DEBUG Engine               - class com.almasb.fxgl.net.NetService
14:04:37.133 [FXGL Background Thread 3 ] DEBUG Engine               - class com.almasb.fxgl.app.services.UpdaterService
14:04:37.133 [FXGL Background Thread 3 ] DEBUG Engine               - class com.almasb.fxgl.dev.DevService
14:04:44.431 [JavaFX Application Thread] DEBUG GameApplicationServi - Starting new game
14:04:44.432 [JavaFX Application Thread] DEBUG PrimaryStageWindow   - Pop state: Main_menu
14:04:44.432 [JavaFX Application Thread] DEBUG Input                - Clearing active input actions
14:04:44.434 [JavaFX Application Thread] DEBUG GameApplicationServi - Removing overlay from Main_menu and adding to FXGLMainMenuDummyScene
14:04:44.435 [JavaFX Application Thread] DEBUG PrimaryStageWindow   - FXGLMainMenuDummyScene <- Main_menu
14:04:44.436 [JavaFX Application Thread] DEBUG Input                - Clearing active input actions
14:04:44.446 [JavaFX Application Thread] DEBUG GameApplicationServi - Removing overlay from FXGLMainMenuDummyScene and adding to Loading_Scene
14:04:44.446 [JavaFX Application Thread] DEBUG PrimaryStageWindow   - FXGLMainMenuDummyScene -> Loading_Scene
14:04:44.446 [JavaFX Application Thread] DEBUG GameApplicationServi - Clearing previous game
14:04:44.446 [JavaFX Application Thread] DEBUG GameScene            - Clearing game scene
14:04:44.446 [JavaFX Application Thread] DEBUG GameWorld            - Clearing game world
14:04:44.447 [JavaFX Application Thread] DEBUG PhysicsWorld         - Clearing physics world
14:04:44.450 [FXGL Background Thread 2 ] DEBUG FXGLApplication      - Initializing game
14:04:44.497 [FXGL Background Thread 2 ] WARN  TMXLevelLoader       - TiledMap generated from 1.8.4. Supported version: 1.4.2. Some features may not be parsed fully.
14:04:44.513 [FXGL Background Thread 2 ] DEBUG TMXLevelLoader       - Parsed TiledMap: file:/E:/java%20project/tank/target/classes/assets/levels/test1.tmx
14:04:44.514 [FXGL Background Thread 2 ] DEBUG TMXLevelLoader       - Creating tile layer entities
14:04:44.514 [FXGL Background Thread 2 ] DEBUG TMXLevelLoader       - Creating object layer entities
14:04:44.572 [FXGL Background Thread 2 ] DEBUG GameWorld            - Clearing removable entities
14:04:44.573 [FXGL Background Thread 2 ] DEBUG GameWorld            - Setting level: com.almasb.fxgl.entity.level.Level@2826733d
14:04:44.581 [FXGL Background Thread 2 ] DEBUG FXGLAssetLoaderServi - Loading from file system: file:/E:/java%20project/tank/target/classes/assets/textures/element/Tank.png
14:04:44.582 [FXGL Background Thread 2 ] DEBUG FXGLAssetLoaderServi - Loading from file system: file:/E:/java%20project/tank/target/classes/assets/textures/Enemytank.png
14:04:44.592 [FXGL Background Thread 2 ] DEBUG FXGLAssetLoaderServi - Loading from file system: file:/E:/java%20project/tank/target/classes/assets/textures/Chicken.png
14:04:44.598 [FXGL Background Thread 2 ] DEBUG FXGLAssetLoaderServi - Loading from file system: file:/E:/java%20project/tank/target/classes/assets/textures/BossTank.png
14:04:44.602 [FXGL Background Thread 2 ] INFO  FXGLApplication      - Game initialization took: 0.152 sec
14:04:44.602 [JavaFX Application Thread] DEBUG Input                - Clearing active input actions
14:04:44.608 [JavaFX Application Thread] DEBUG GameApplicationServi - Removing overlay from Loading_Scene and adding to GameScene
14:04:44.609 [JavaFX Application Thread] DEBUG PrimaryStageWindow   - Loading_Scene -> GameScene
14:04:45.130 [JavaFX Application Thread] DEBUG FXGLAssetLoaderServi - Loading from file system: file:/E:/java%20project/tank/target/classes/assets/textures/element/Enemybullet.png
14:04:45.227 [JavaFX Application Thread] DEBUG FXGLAssetLoaderServi - Loading from file system: file:/E:/java%20project/tank/target/classes/assets/textures/SmallBoom.png
14:04:45.608 [JavaFX Application Thread] DEBUG FXGLAssetLoaderServi - Loading from file system: file:/E:/java%20project/tank/target/classes/assets/sounds/boom.wav
14:04:45.660 [JavaFX Application Thread] DEBUG FXGLAssetLoaderServi - Loading from file system: file:/E:/java%20project/tank/target/classes/assets/textures/element/Bullet.png
14:04:55.008 [JavaFX Application Thread] DEBUG FXGLAssetLoaderServi - Loading from file system: file:/E:/java%20project/tank/target/classes/assets/textures/boom.png
14:04:55.979 [JavaFX Application Thread] DEBUG FXGLAssetLoaderServi - Loading from file system: file:/E:/java%20project/tank/target/classes/assets/textures/Props/GOD.png
14:04:57.063 [JavaFX Application Thread] DEBUG FXGLAssetLoaderServi - Loading from file system: file:/E:/java%20project/tank/target/classes/assets/textures/Props/LUCKYBLOCK.png
14:04:58.353 [JavaFX Application Thread] DEBUG FXGLAssetLoaderServi - Loading from file system: file:/E:/java%20project/tank/target/classes/assets/textures/Props/GODeffect.png
14:05:00.197 [JavaFX Application Thread] DEBUG FXGLAssetLoaderServi - Loading from file system: file:/E:/java%20project/tank/target/classes/assets/textures/Props/UPGRADE.png
14:05:11.434 [JavaFX Application Thread] DEBUG FXGLAssetLoaderServi - Loading from file system: file:/E:/java%20project/tank/target/classes/assets/textures/Props/HEART.png
14:05:13.105 [JavaFX Application Thread] DEBUG FXGLAssetLoaderServi - Loading from file system: file:/E:/java%20project/tank/target/classes/assets/textures/Props/PORTAL.png
14:05:18.891 [JavaFX Application Thread] DEBUG FXGLAssetLoaderServi - Loading from file system: file:/E:/java%20project/tank/target/classes/assets/textures/Suicide.png
14:05:18.900 [JavaFX Application Thread] DEBUG PrimaryStageWindow   - Push state: FailedScene
14:05:18.900 [JavaFX Application Thread] DEBUG Input                - Clearing active input actions
14:05:18.900 [JavaFX Application Thread] DEBUG GameApplicationServi - Removing overlay from GameScene and adding to FailedScene
14:05:18.900 [JavaFX Application Thread] DEBUG PrimaryStageWindow   - GameScene -> FailedScene
14:05:21.401 [JavaFX Application Thread] DEBUG PrimaryStageWindow   - Pop state: FailedScene
14:05:21.401 [JavaFX Application Thread] DEBUG Input                - Clearing active input actions
14:05:21.401 [JavaFX Application Thread] DEBUG GameApplicationServi - Removing overlay from FailedScene and adding to GameScene
14:05:21.402 [JavaFX Application Thread] DEBUG PrimaryStageWindow   - GameScene <- FailedScene
14:05:21.402 [JavaFX Application Thread] DEBUG Input                - Clearing active input actions
14:05:21.406 [JavaFX Application Thread] DEBUG GameApplicationServi - Removing overlay from GameScene and adding to FXGLMainMenuDummyScene
14:05:21.406 [JavaFX Application Thread] DEBUG PrimaryStageWindow   - GameScene -> FXGLMainMenuDummyScene
14:05:21.406 [JavaFX Application Thread] DEBUG PrimaryStageWindow   - Push state: Main_menu
14:05:21.406 [JavaFX Application Thread] DEBUG Input                - Clearing active input actions
14:05:21.408 [JavaFX Application Thread] DEBUG GameApplicationServi - Removing overlay from FXGLMainMenuDummyScene and adding to Main_menu
14:05:21.409 [JavaFX Application Thread] DEBUG PrimaryStageWindow   - FXGLMainMenuDummyScene -> Main_menu
14:05:22.212 [JavaFX Application Thread] DEBUG GameApplicationServi - Starting new game
14:05:22.212 [JavaFX Application Thread] DEBUG PrimaryStageWindow   - Pop state: Main_menu
14:05:22.212 [JavaFX Application Thread] DEBUG Input                - Clearing active input actions
14:05:22.213 [JavaFX Application Thread] DEBUG GameApplicationServi - Removing overlay from Main_menu and adding to FXGLMainMenuDummyScene
14:05:22.213 [JavaFX Application Thread] DEBUG PrimaryStageWindow   - FXGLMainMenuDummyScene <- Main_menu
14:05:22.213 [JavaFX Application Thread] DEBUG Input                - Clearing active input actions
14:05:22.217 [JavaFX Application Thread] DEBUG GameApplicationServi - Removing overlay from FXGLMainMenuDummyScene and adding to Loading_Scene
14:05:22.218 [JavaFX Application Thread] DEBUG PrimaryStageWindow   - FXGLMainMenuDummyScene -> Loading_Scene
14:05:22.218 [JavaFX Application Thread] DEBUG GameApplicationServi - Clearing previous game
14:05:22.218 [JavaFX Application Thread] DEBUG GameScene            - Clearing game scene
14:05:22.218 [JavaFX Application Thread] DEBUG GameWorld            - Clearing game world
14:05:22.220 [JavaFX Application Thread] DEBUG PhysicsWorld         - Clearing physics world
14:05:22.221 [FXGL Background Thread 2 ] DEBUG FXGLApplication      - Initializing game
14:05:22.222 [FXGL Background Thread 2 ] WARN  TMXLevelLoader       - TiledMap generated from 1.8.4. Supported version: 1.4.2. Some features may not be parsed fully.
14:05:22.227 [FXGL Background Thread 2 ] DEBUG TMXLevelLoader       - Parsed TiledMap: file:/E:/java%20project/tank/target/classes/assets/levels/test1.tmx
14:05:22.227 [FXGL Background Thread 2 ] DEBUG TMXLevelLoader       - Creating tile layer entities
14:05:22.227 [FXGL Background Thread 2 ] DEBUG TMXLevelLoader       - Creating object layer entities
14:05:22.239 [FXGL Background Thread 2 ] DEBUG GameWorld            - Clearing removable entities
14:05:22.239 [FXGL Background Thread 2 ] DEBUG GameWorld            - Setting level: com.almasb.fxgl.entity.level.Level@5bf67e1
14:05:22.241 [FXGL Background Thread 2 ] INFO  FXGLApplication      - Game initialization took: 0.022 sec
14:05:22.243 [JavaFX Application Thread] DEBUG Input                - Clearing active input actions
14:05:22.246 [JavaFX Application Thread] DEBUG GameApplicationServi - Removing overlay from Loading_Scene and adding to GameScene
14:05:22.247 [JavaFX Application Thread] DEBUG PrimaryStageWindow   - Loading_Scene -> GameScene
14:05:55.844 [JavaFX Application Thread] DEBUG PrimaryStageWindow   - Push state: FailedScene
14:05:55.844 [JavaFX Application Thread] DEBUG Input                - Clearing active input actions
14:05:55.844 [JavaFX Application Thread] DEBUG GameApplicationServi - Removing overlay from GameScene and adding to FailedScene
14:05:55.844 [JavaFX Application Thread] DEBUG PrimaryStageWindow   - GameScene -> FailedScene
14:05:58.346 [JavaFX Application Thread] DEBUG PrimaryStageWindow   - Pop state: FailedScene
14:05:58.346 [JavaFX Application Thread] DEBUG Input                - Clearing active input actions
14:05:58.346 [JavaFX Application Thread] DEBUG GameApplicationServi - Removing overlay from FailedScene and adding to GameScene
14:05:58.346 [JavaFX Application Thread] DEBUG PrimaryStageWindow   - GameScene <- FailedScene
14:05:58.346 [JavaFX Application Thread] DEBUG Input                - Clearing active input actions
14:05:58.349 [JavaFX Application Thread] DEBUG GameApplicationServi - Removing overlay from GameScene and adding to FXGLMainMenuDummyScene
14:05:58.349 [JavaFX Application Thread] DEBUG PrimaryStageWindow   - GameScene -> FXGLMainMenuDummyScene
14:05:58.349 [JavaFX Application Thread] DEBUG PrimaryStageWindow   - Push state: Main_menu
14:05:58.349 [JavaFX Application Thread] DEBUG Input                - Clearing active input actions
14:05:58.350 [JavaFX Application Thread] DEBUG GameApplicationServi - Removing overlay from FXGLMainMenuDummyScene and adding to Main_menu
14:05:58.350 [JavaFX Application Thread] DEBUG PrimaryStageWindow   - FXGLMainMenuDummyScene -> Main_menu
14:06:00.084 [JavaFX Application Thread] DEBUG GameApplicationServi - Starting new game
14:06:00.084 [JavaFX Application Thread] DEBUG PrimaryStageWindow   - Pop state: Main_menu
14:06:00.084 [JavaFX Application Thread] DEBUG Input                - Clearing active input actions
14:06:00.085 [JavaFX Application Thread] DEBUG GameApplicationServi - Removing overlay from Main_menu and adding to FXGLMainMenuDummyScene
14:06:00.085 [JavaFX Application Thread] DEBUG PrimaryStageWindow   - FXGLMainMenuDummyScene <- Main_menu
14:06:00.085 [JavaFX Application Thread] DEBUG Input                - Clearing active input actions
14:06:00.088 [JavaFX Application Thread] DEBUG GameApplicationServi - Removing overlay from FXGLMainMenuDummyScene and adding to Loading_Scene
14:06:00.088 [JavaFX Application Thread] DEBUG PrimaryStageWindow   - FXGLMainMenuDummyScene -> Loading_Scene
14:06:00.088 [JavaFX Application Thread] DEBUG GameApplicationServi - Clearing previous game
14:06:00.088 [JavaFX Application Thread] DEBUG GameScene            - Clearing game scene
14:06:00.088 [JavaFX Application Thread] DEBUG GameWorld            - Clearing game world
14:06:00.090 [JavaFX Application Thread] DEBUG PhysicsWorld         - Clearing physics world
14:06:00.090 [FXGL Background Thread 2 ] DEBUG FXGLApplication      - Initializing game
14:06:00.091 [FXGL Background Thread 2 ] WARN  TMXLevelLoader       - TiledMap generated from 1.8.4. Supported version: 1.4.2. Some features may not be parsed fully.
14:06:00.093 [FXGL Background Thread 2 ] DEBUG TMXLevelLoader       - Parsed TiledMap: file:/E:/java%20project/tank/target/classes/assets/levels/test1.tmx
14:06:00.093 [FXGL Background Thread 2 ] DEBUG TMXLevelLoader       - Creating tile layer entities
14:06:00.093 [FXGL Background Thread 2 ] DEBUG TMXLevelLoader       - Creating object layer entities
14:06:00.101 [FXGL Background Thread 2 ] DEBUG GameWorld            - Clearing removable entities
14:06:00.101 [FXGL Background Thread 2 ] DEBUG GameWorld            - Setting level: com.almasb.fxgl.entity.level.Level@551c4b12
14:06:00.103 [FXGL Background Thread 2 ] INFO  FXGLApplication      - Game initialization took: 0.013 sec
14:06:00.104 [JavaFX Application Thread] DEBUG Input                - Clearing active input actions
14:06:00.106 [JavaFX Application Thread] DEBUG GameApplicationServi - Removing overlay from Loading_Scene and adding to GameScene
14:06:00.106 [JavaFX Application Thread] DEBUG PrimaryStageWindow   - Loading_Scene -> GameScene
14:06:39.376 [JavaFX Application Thread] DEBUG FXGLAssetLoaderServi - Loading from file system: file:/E:/java%20project/tank/target/classes/assets/textures/Props/PORTIONeffect.png
14:06:42.406 [JavaFX Application Thread] DEBUG PrimaryStageWindow   - Push state: FailedScene
14:06:42.406 [JavaFX Application Thread] DEBUG Input                - Clearing active input actions
14:06:42.406 [JavaFX Application Thread] DEBUG GameApplicationServi - Removing overlay from GameScene and adding to FailedScene
14:06:42.406 [JavaFX Application Thread] DEBUG PrimaryStageWindow   - GameScene -> FailedScene
14:06:44.915 [JavaFX Application Thread] DEBUG PrimaryStageWindow   - Pop state: FailedScene
14:06:44.915 [JavaFX Application Thread] DEBUG Input                - Clearing active input actions
14:06:44.915 [JavaFX Application Thread] DEBUG GameApplicationServi - Removing overlay from FailedScene and adding to GameScene
14:06:44.915 [JavaFX Application Thread] DEBUG PrimaryStageWindow   - GameScene <- FailedScene
14:06:44.915 [JavaFX Application Thread] DEBUG Input                - Clearing active input actions
14:06:44.917 [JavaFX Application Thread] DEBUG GameApplicationServi - Removing overlay from GameScene and adding to FXGLMainMenuDummyScene
14:06:44.918 [JavaFX Application Thread] DEBUG PrimaryStageWindow   - GameScene -> FXGLMainMenuDummyScene
14:06:44.918 [JavaFX Application Thread] DEBUG PrimaryStageWindow   - Push state: Main_menu
14:06:44.918 [JavaFX Application Thread] DEBUG Input                - Clearing active input actions
14:06:44.918 [JavaFX Application Thread] DEBUG GameApplicationServi - Removing overlay from FXGLMainMenuDummyScene and adding to Main_menu
14:06:44.918 [JavaFX Application Thread] DEBUG PrimaryStageWindow   - FXGLMainMenuDummyScene -> Main_menu
14:06:45.438 [JavaFX Application Thread] DEBUG GameApplicationServi - Starting new game
14:06:45.438 [JavaFX Application Thread] DEBUG PrimaryStageWindow   - Pop state: Main_menu
14:06:45.438 [JavaFX Application Thread] DEBUG Input                - Clearing active input actions
14:06:45.439 [JavaFX Application Thread] DEBUG GameApplicationServi - Removing overlay from Main_menu and adding to FXGLMainMenuDummyScene
14:06:45.439 [JavaFX Application Thread] DEBUG PrimaryStageWindow   - FXGLMainMenuDummyScene <- Main_menu
14:06:45.439 [JavaFX Application Thread] DEBUG Input                - Clearing active input actions
14:06:45.442 [JavaFX Application Thread] DEBUG GameApplicationServi - Removing overlay from FXGLMainMenuDummyScene and adding to Loading_Scene
14:06:45.442 [JavaFX Application Thread] DEBUG PrimaryStageWindow   - FXGLMainMenuDummyScene -> Loading_Scene
14:06:45.442 [JavaFX Application Thread] DEBUG GameApplicationServi - Clearing previous game
14:06:45.442 [JavaFX Application Thread] DEBUG GameScene            - Clearing game scene
14:06:45.442 [JavaFX Application Thread] DEBUG GameWorld            - Clearing game world
14:06:45.444 [JavaFX Application Thread] DEBUG PhysicsWorld         - Clearing physics world
14:06:45.445 [FXGL Background Thread 2 ] DEBUG FXGLApplication      - Initializing game
14:06:45.446 [FXGL Background Thread 2 ] WARN  TMXLevelLoader       - TiledMap generated from 1.8.4. Supported version: 1.4.2. Some features may not be parsed fully.
14:06:45.448 [FXGL Background Thread 2 ] DEBUG TMXLevelLoader       - Parsed TiledMap: file:/E:/java%20project/tank/target/classes/assets/levels/test1.tmx
14:06:45.448 [FXGL Background Thread 2 ] DEBUG TMXLevelLoader       - Creating tile layer entities
14:06:45.448 [FXGL Background Thread 2 ] DEBUG TMXLevelLoader       - Creating object layer entities
14:06:45.454 [FXGL Background Thread 2 ] DEBUG GameWorld            - Clearing removable entities
14:06:45.454 [FXGL Background Thread 2 ] DEBUG GameWorld            - Setting level: com.almasb.fxgl.entity.level.Level@9e9f669
14:06:45.457 [FXGL Background Thread 2 ] INFO  FXGLApplication      - Game initialization took: 0.013 sec
14:06:45.458 [JavaFX Application Thread] DEBUG Input                - Clearing active input actions
14:06:45.463 [JavaFX Application Thread] DEBUG GameApplicationServi - Removing overlay from Loading_Scene and adding to GameScene
14:06:45.463 [JavaFX Application Thread] DEBUG PrimaryStageWindow   - Loading_Scene -> GameScene
14:07:55.579 [JavaFX Application Thread] DEBUG PrimaryStageWindow   - Push state: FailedScene
14:07:55.579 [JavaFX Application Thread] DEBUG Input                - Clearing active input actions
14:07:55.579 [JavaFX Application Thread] DEBUG GameApplicationServi - Removing overlay from GameScene and adding to FailedScene
14:07:55.579 [JavaFX Application Thread] DEBUG PrimaryStageWindow   - GameScene -> FailedScene
14:07:58.082 [JavaFX Application Thread] DEBUG PrimaryStageWindow   - Pop state: FailedScene
14:07:58.082 [JavaFX Application Thread] DEBUG Input                - Clearing active input actions
14:07:58.082 [JavaFX Application Thread] DEBUG GameApplicationServi - Removing overlay from FailedScene and adding to GameScene
14:07:58.082 [JavaFX Application Thread] DEBUG PrimaryStageWindow   - GameScene <- FailedScene
14:07:58.082 [JavaFX Application Thread] DEBUG Input                - Clearing active input actions
14:07:58.085 [JavaFX Application Thread] DEBUG GameApplicationServi - Removing overlay from GameScene and adding to FXGLMainMenuDummyScene
14:07:58.085 [JavaFX Application Thread] DEBUG PrimaryStageWindow   - GameScene -> FXGLMainMenuDummyScene
14:07:58.085 [JavaFX Application Thread] DEBUG PrimaryStageWindow   - Push state: Main_menu
14:07:58.085 [JavaFX Application Thread] DEBUG Input                - Clearing active input actions
14:07:58.086 [JavaFX Application Thread] DEBUG GameApplicationServi - Removing overlay from FXGLMainMenuDummyScene and adding to Main_menu
14:07:58.086 [JavaFX Application Thread] DEBUG PrimaryStageWindow   - FXGLMainMenuDummyScene -> Main_menu
14:07:58.959 [JavaFX Application Thread] DEBUG GameApplicationServi - Starting new game
14:07:58.960 [JavaFX Application Thread] DEBUG PrimaryStageWindow   - Pop state: Main_menu
14:07:58.960 [JavaFX Application Thread] DEBUG Input                - Clearing active input actions
14:07:58.960 [JavaFX Application Thread] DEBUG GameApplicationServi - Removing overlay from Main_menu and adding to FXGLMainMenuDummyScene
14:07:58.960 [JavaFX Application Thread] DEBUG PrimaryStageWindow   - FXGLMainMenuDummyScene <- Main_menu
14:07:58.960 [JavaFX Application Thread] DEBUG Input                - Clearing active input actions
14:07:58.965 [JavaFX Application Thread] DEBUG GameApplicationServi - Removing overlay from FXGLMainMenuDummyScene and adding to Loading_Scene
14:07:58.965 [JavaFX Application Thread] DEBUG PrimaryStageWindow   - FXGLMainMenuDummyScene -> Loading_Scene
14:07:58.965 [JavaFX Application Thread] DEBUG GameApplicationServi - Clearing previous game
14:07:58.965 [JavaFX Application Thread] DEBUG GameScene            - Clearing game scene
14:07:58.965 [JavaFX Application Thread] DEBUG GameWorld            - Clearing game world
14:07:58.968 [JavaFX Application Thread] DEBUG PhysicsWorld         - Clearing physics world
14:07:58.969 [FXGL Background Thread 5 ] DEBUG FXGLApplication      - Initializing game
14:07:58.970 [FXGL Background Thread 5 ] WARN  TMXLevelLoader       - TiledMap generated from 1.8.4. Supported version: 1.4.2. Some features may not be parsed fully.
14:07:58.971 [FXGL Background Thread 5 ] DEBUG TMXLevelLoader       - Parsed TiledMap: file:/E:/java%20project/tank/target/classes/assets/levels/test1.tmx
14:07:58.971 [FXGL Background Thread 5 ] DEBUG TMXLevelLoader       - Creating tile layer entities
14:07:58.971 [FXGL Background Thread 5 ] DEBUG TMXLevelLoader       - Creating object layer entities
14:07:58.983 [FXGL Background Thread 5 ] DEBUG GameWorld            - Clearing removable entities
14:07:58.983 [FXGL Background Thread 5 ] DEBUG GameWorld            - Setting level: com.almasb.fxgl.entity.level.Level@5a39cdd4
14:07:58.986 [FXGL Background Thread 5 ] INFO  FXGLApplication      - Game initialization took: 0.017 sec
14:07:58.986 [JavaFX Application Thread] DEBUG Input                - Clearing active input actions
14:07:58.988 [JavaFX Application Thread] DEBUG GameApplicationServi - Removing overlay from Loading_Scene and adding to GameScene
14:07:58.988 [JavaFX Application Thread] DEBUG PrimaryStageWindow   - Loading_Scene -> GameScene
14:08:17.214 [JavaFX Application Thread] DEBUG PrimaryStageWindow   - Push state: FXGLDefaultMenu
14:08:17.216 [JavaFX Application Thread] DEBUG Input                - Clearing active input actions
14:08:17.217 [JavaFX Application Thread] DEBUG GameApplicationServi - Removing overlay from GameScene and adding to FXGLDefaultMenu
14:08:17.217 [JavaFX Application Thread] DEBUG PrimaryStageWindow   - GameScene -> FXGLDefaultMenu
14:08:23.986 [JavaFX Application Thread] DEBUG Menu                 - fireResume()
14:08:23.991 [JavaFX Application Thread] DEBUG PrimaryStageWindow   - Pop state: FXGLDefaultMenu
14:08:23.991 [JavaFX Application Thread] DEBUG Input                - Clearing active input actions
14:08:23.992 [JavaFX Application Thread] DEBUG GameApplicationServi - Removing overlay from FXGLDefaultMenu and adding to GameScene
14:08:23.992 [JavaFX Application Thread] DEBUG PrimaryStageWindow   - GameScene <- FXGLDefaultMenu
14:09:58.603 [JavaFX Application Thread] DEBUG PrimaryStageWindow   - Push state: SuccessScene
14:09:58.603 [JavaFX Application Thread] DEBUG Input                - Clearing active input actions
14:09:58.603 [JavaFX Application Thread] DEBUG GameApplicationServi - Removing overlay from GameScene and adding to SuccessScene
14:09:58.603 [JavaFX Application Thread] DEBUG PrimaryStageWindow   - GameScene -> SuccessScene
14:10:00.110 [JavaFX Application Thread] DEBUG PrimaryStageWindow   - Pop state: SuccessScene
14:10:00.110 [JavaFX Application Thread] DEBUG Input                - Clearing active input actions
14:10:00.110 [JavaFX Application Thread] DEBUG GameApplicationServi - Removing overlay from SuccessScene and adding to GameScene
14:10:00.111 [JavaFX Application Thread] DEBUG PrimaryStageWindow   - GameScene <- SuccessScene
14:10:00.162 [JavaFX Application Thread] WARN  TMXLevelLoader       - TiledMap generated from 1.8.4. Supported version: 1.4.2. Some features may not be parsed fully.
14:10:00.166 [JavaFX Application Thread] DEBUG TMXLevelLoader       - Parsed TiledMap: file:/E:/java%20project/tank/target/classes/assets/levels/test2.tmx
14:10:00.166 [JavaFX Application Thread] DEBUG TMXLevelLoader       - Creating tile layer entities
14:10:00.166 [JavaFX Application Thread] DEBUG TMXLevelLoader       - Creating object layer entities
14:10:00.173 [JavaFX Application Thread] DEBUG GameWorld            - Clearing removable entities
14:10:00.176 [JavaFX Application Thread] DEBUG GameWorld            - Setting level: com.almasb.fxgl.entity.level.Level@38ec187a
14:10:04.595 [JavaFX Application Thread] DEBUG PrimaryStageWindow   - Push state: FXGLDefaultMenu
14:10:04.595 [JavaFX Application Thread] DEBUG Input                - Clearing active input actions
14:10:04.596 [JavaFX Application Thread] DEBUG GameApplicationServi - Removing overlay from GameScene and adding to FXGLDefaultMenu
14:10:04.596 [JavaFX Application Thread] DEBUG PrimaryStageWindow   - GameScene -> FXGLDefaultMenu
14:10:05.841 [JavaFX Application Thread] DEBUG Menu                 - fireExitToMainMenu()
14:10:05.842 [JavaFX Application Thread] DEBUG PrimaryStageWindow   - Push state: DialogSubScene
14:10:05.842 [JavaFX Application Thread] DEBUG Input                - Clearing active input actions
14:10:05.842 [JavaFX Application Thread] DEBUG GameApplicationServi - Removing overlay from FXGLDefaultMenu and adding to DialogSubScene
14:10:05.842 [JavaFX Application Thread] DEBUG PrimaryStageWindow   - FXGLDefaultMenu -> DialogSubScene
14:10:06.702 [JavaFX Application Thread] DEBUG PrimaryStageWindow   - Pop state: DialogSubScene
14:10:06.702 [JavaFX Application Thread] DEBUG Input                - Clearing active input actions
14:10:06.703 [JavaFX Application Thread] DEBUG GameApplicationServi - Removing overlay from DialogSubScene and adding to FXGLDefaultMenu
14:10:06.703 [JavaFX Application Thread] DEBUG PrimaryStageWindow   - FXGLDefaultMenu <- DialogSubScene
14:10:06.703 [JavaFX Application Thread] DEBUG PrimaryStageWindow   - Pop state: FXGLDefaultMenu
14:10:06.703 [JavaFX Application Thread] DEBUG Input                - Clearing active input actions
14:10:06.703 [JavaFX Application Thread] DEBUG GameApplicationServi - Removing overlay from FXGLDefaultMenu and adding to GameScene
14:10:06.704 [JavaFX Application Thread] DEBUG PrimaryStageWindow   - GameScene <- FXGLDefaultMenu
14:10:06.704 [JavaFX Application Thread] DEBUG Input                - Clearing active input actions
14:10:06.711 [JavaFX Application Thread] DEBUG GameApplicationServi - Removing overlay from GameScene and adding to FXGLMainMenuDummyScene
14:10:06.711 [JavaFX Application Thread] DEBUG PrimaryStageWindow   - GameScene -> FXGLMainMenuDummyScene
14:10:06.711 [JavaFX Application Thread] DEBUG PrimaryStageWindow   - Push state: Main_menu
14:10:06.711 [JavaFX Application Thread] DEBUG Input                - Clearing active input actions
14:10:06.711 [JavaFX Application Thread] DEBUG GameApplicationServi - Removing overlay from FXGLMainMenuDummyScene and adding to Main_menu
14:10:06.711 [JavaFX Application Thread] DEBUG PrimaryStageWindow   - FXGLMainMenuDummyScene -> Main_menu
14:10:07.451 [JavaFX Application Thread] DEBUG FXGLApplication      - Exiting FXGL
14:10:07.452 [JavaFX Application Thread] DEBUG LoopRunner           - Stopping loop
14:10:07.452 [JavaFX Application Thread] DEBUG SystemBundleService  - Saving FXGL system data
14:10:07.455 [JavaFX Application Thread] DEBUG FileSystemAccess     - Writing to: E:\java project\tank\system\fxgl.bundle
14:10:07.457 [JavaFX Application Thread] DEBUG Async                - Shutting down background threads
14:10:07.457 [JavaFX Application Thread] DEBUG PrimaryStageWindow   - Closing main window
14:10:07.467 [JavaFX Application Thread] DEBUG Logger               - Closing Logger
