18:48:42.125 [main                     ] DEBUG Logger               - Configured Logger
18:48:42.152 [main                     ] DEBUG GameApplication      - Logging settings
Title: All star battle
Version: 0.1
Width: 2048
Height: 1152
Fullscreen: false
Intro: false
Profiling: false
Single step:false
App Mode: DEVELOPER
Menu Key: ESCAPE
Stage Style: DECORATED
Scene Factory: class com.kenny.tank.AllStarBattleApp$1

18:48:42.494 [JavaFX Application Thread] DEBUG FXGLApplication      - Initializing FXGL
18:48:42.500 [JavaFX Application Thread] INFO  Engine               - FXGL-17.1 (24.03.2022 17.34) on WINDOWS (J:17.0.6 FX:18)
18:48:42.500 [JavaFX Application Thread] DEBUG Engine               - JRE Vendor Name: Amazon.com Inc.
18:48:42.500 [JavaFX Application Thread] DEBUG Engine               - Running on OS: Windows 11 version 10.0
18:48:42.501 [JavaFX Application Thread] DEBUG Engine               - Architecture: amd64
18:48:42.501 [JavaFX Application Thread] INFO  Engine               - Source code and latest versions at: https://github.com/AlmasB/FXGL
18:48:42.501 [JavaFX Application Thread] INFO  Engine               -       Ask questions and discuss at: https://github.com/AlmasB/FXGL/discussions
18:48:42.501 [JavaFX Application Thread] INFO  Engine               -              Join the FXGL chat at: https://gitter.im/AlmasB/FXGL
18:48:42.560 [JavaFX Application Thread] DEBUG PrimaryStageWindow   - Creating a JavaFX scene
18:48:42.560 [JavaFX Application Thread] DEBUG PrimaryStageWindow   - Target size > screen size
18:48:42.591 [JavaFX Application Thread] DEBUG PrimaryStageWindow   - Target settings size: 2048.0 x 1152.0
18:48:42.591 [JavaFX Application Thread] DEBUG PrimaryStageWindow   - Scaled scene size:    1682.0 x 960.0
18:48:42.591 [JavaFX Application Thread] DEBUG PrimaryStageWindow   - Scaled ratio: (0.8212890625, 0.8333333333333334)
18:48:42.592 [JavaFX Application Thread] DEBUG PrimaryStageWindow   - Set initial scene to StartScene
18:48:42.598 [JavaFX Application Thread] DEBUG PrimaryStageWindow   - Opening main window
18:48:42.732 [JavaFX Application Thread] DEBUG PrimaryStageWindow   - Window border size: (14.6666259765625, 37.33331298828125)
18:48:42.732 [JavaFX Application Thread] DEBUG PrimaryStageWindow   - Scaled size: 1682.0 x 960.0
18:48:42.733 [JavaFX Application Thread] DEBUG PrimaryStageWindow   - Scaled ratio: (0.8212890625, 0.8333333333333334)
18:48:42.733 [JavaFX Application Thread] DEBUG PrimaryStageWindow   - Scene size: 1682.0 x 960.0
18:48:42.734 [JavaFX Application Thread] DEBUG PrimaryStageWindow   - Stage size: 1696.6666259765625 x 997.3333129882812
18:48:42.741 [FXGL Background Thread 1 ] DEBUG Engine               - Initializing environment variables
18:48:42.766 [FXGL Background Thread 1 ] DEBUG FXGLAssetLoaderServi - User app class for loading assets: class com.kenny.tank.AllStarBattleApp
18:48:42.767 [FXGL Background Thread 1 ] DEBUG GameApplicationServi - Applying CSS: fxgl_dark.css
18:48:42.767 [FXGL Background Thread 1 ] DEBUG FXGLAssetLoaderServi - Loading from file system: jar:file:///C:/Users/10273/.m2/repository/com/github/almasb/fxgl/17.1/fxgl-17.1.jar!/fxglassets/ui/css/fxgl_dark.css
18:48:42.819 [FXGL Background Thread 1 ] DEBUG GameApplicationServi - Applying CSS: tank.css
18:48:42.819 [FXGL Background Thread 1 ] DEBUG FXGLAssetLoaderServi - Loading from file system: file:/E:/java%20project/tank/target/classes/assets/ui/css/tank.css
18:48:42.821 [FXGL Background Thread 1 ] DEBUG GameApplicationServi - Initializing application scenes
18:48:42.825 [FXGL Background Thread 1 ] DEBUG GameWorld            - Game world initialized
18:48:42.900 [FXGL Background Thread 1 ] DEBUG PhysicsWorld         - Physics world initialized: appHeight=1152, physics.ppm=50.0
18:48:42.900 [FXGL Background Thread 1 ] DEBUG PhysicsWorld         - Using strategy: BRUTE_FORCE
18:48:42.905 [FXGL Background Thread 1 ] DEBUG GameScene            - Game scene initialized: 2048x1152
18:48:42.914 [FXGL Background Thread 1 ] DEBUG FXGLAssetLoaderServi - Loading from file system: file:/E:/java%20project/tank/target/classes/assets/textures/MainMenu.png
18:48:43.072 [FXGL Background Thread 1 ] DEBUG FXGLAssetLoaderServi - Loading from file system: file:/E:/java%20project/tank/target/classes/assets/textures/R-C.jpg
18:48:43.137 [FXGL Background Thread 1 ] DEBUG FXGL.DefaultMenu     - createMenuBodyGameMenu()
18:48:43.147 [FXGL Background Thread 1 ] DEBUG FXGL.DefaultMenu     - createOptionsMenu()
18:48:43.158 [FXGL Background Thread 1 ] DEBUG FXGLAssetLoaderServi - Loading from file system: jar:file:///C:/Users/10273/.m2/repository/com/github/almasb/fxgl/17.1/fxgl-17.1.jar!/fxglassets/textures/particles/smoke.png
18:48:43.237 [FXGL Background Thread 1 ] DEBUG FXGLAssetLoaderServi - Loading from file system: jar:file:///C:/Users/10273/.m2/repository/com/github/almasb/fxgl/17.1/fxgl-17.1.jar!/fxglassets/textures/particles/trace_horizontal.png
18:48:43.252 [FXGL Background Thread 1 ] DEBUG GameApplicationServi - Application scenes initialized
18:48:43.263 [FXGL Background Thread 1 ] DEBUG SystemBundleService  - Loading FXGL system data
18:48:43.267 [FXGL Background Thread 1 ] DEBUG FileSystemAccess     - Reading from: E:\java project\tank\system\fxgl.bundle
18:48:43.278 [FXGL Background Thread 1 ] DEBUG SystemBundleService  - Bundle FXGL: {}
18:48:43.279 [FXGL Background Thread 1 ] DEBUG UpdaterService       - Checking for updates
18:48:43.283 [FXGL Background Thread 1 ] DEBUG FXGLApplication      - Loading default localization
18:48:43.284 [FXGL Background Thread 1 ] DEBUG FXGLAssetLoaderServi - Loading from file system: jar:file:///C:/Users/10273/.m2/repository/com/github/almasb/fxgl/17.1/fxgl-17.1.jar!/fxglassets/languages/english.lang
18:48:43.300 [FXGL Background Thread 1 ] INFO  FXGLApplication      - FXGL initialization took: 0.559 sec
18:48:43.308 [FXGL Background Thread 4 ] DEBUG FXGLApplication      - Loading fonts
18:48:43.308 [FXGL Background Thread 4 ] DEBUG FXGLAssetLoaderServi - Loading from file system: jar:file:///C:/Users/10273/.m2/repository/com/github/almasb/fxgl/17.1/fxgl-17.1.jar!/fxglassets/ui/fonts/VarelaRound-Regular.ttf
18:48:43.309 [JavaFX Application Thread] DEBUG Input                - Registered new binding: action0 - Up
18:48:43.310 [JavaFX Application Thread] DEBUG Input                - Registered new binding: action1 - Down
18:48:43.312 [JavaFX Application Thread] DEBUG Input                - Registered new binding: action2 - Left
18:48:43.312 [JavaFX Application Thread] DEBUG Input                - Registered new binding: action3 - Right
18:48:43.313 [JavaFX Application Thread] DEBUG Input                - Registered new binding: action4 - Space
18:48:43.313 [JavaFX Application Thread] DEBUG FXGLAssetLoaderServi - Loading from file system: file:/E:/java%20project/tank/target/classes/assets/textures/joker.jpg
18:48:43.337 [JavaFX Application Thread] DEBUG FXGLAssetLoaderServi - Loading from file system: jar:file:///C:/Users/10273/.m2/repository/com/github/almasb/fxgl/17.1/fxgl-17.1.jar!/fxglassets/textures/fxgl_default_cursor.png
18:48:43.339 [JavaFX Application Thread] DEBUG Input                - Registered new binding: Screenshot - CTRL+8
18:48:43.340 [JavaFX Application Thread] DEBUG Input                - Registered new binding: System info dump - CTRL+9
18:48:43.341 [JavaFX Application Thread] DEBUG Input                - Registered new binding: Restart - CTRL+R
18:48:43.342 [JavaFX Application Thread] DEBUG Input                - Registered new binding: Toggle Debug Camera - CTRL+7
18:48:43.349 [JavaFX Application Thread] DEBUG LoopRunner           - Starting loop
18:48:43.349 [JavaFX Application Thread] DEBUG LoopRunner           - Initializing JavaFX AnimationTimerLoop
18:48:43.353 [JavaFX Application Thread] DEBUG Input                - Clearing active input actions
18:48:43.375 [JavaFX Application Thread] DEBUG GameApplicationServi - Removing overlay from StartScene and adding to FXGLMainMenuDummyScene
18:48:43.375 [JavaFX Application Thread] DEBUG PrimaryStageWindow   - StartScene -> FXGLMainMenuDummyScene
18:48:43.375 [JavaFX Application Thread] DEBUG PrimaryStageWindow   - Push state: Main_menu
18:48:43.377 [JavaFX Application Thread] DEBUG Input                - Clearing active input actions
18:48:43.390 [JavaFX Application Thread] DEBUG GameApplicationServi - Removing overlay from FXGLMainMenuDummyScene and adding to Main_menu
18:48:43.392 [JavaFX Application Thread] DEBUG PrimaryStageWindow   - FXGLMainMenuDummyScene -> Main_menu
18:48:43.466 [FXGL Background Thread 4 ] DEBUG FXGLAssetLoaderServi - Loading from file system: jar:file:///C:/Users/10273/.m2/repository/com/github/almasb/fxgl/17.1/fxgl-17.1.jar!/fxglassets/ui/fonts/Abel-Regular.ttf
18:48:43.469 [FXGL Background Thread 4 ] DEBUG FXGLAssetLoaderServi - Loading from file system: jar:file:///C:/Users/10273/.m2/repository/com/github/almasb/fxgl/17.1/fxgl-17.1.jar!/fxglassets/ui/fonts/TerminalLandMono-Regular.otf
18:48:43.472 [FXGL Background Thread 4 ] DEBUG FXGLAssetLoaderServi - Loading from file system: jar:file:///C:/Users/10273/.m2/repository/com/github/almasb/fxgl/17.1/fxgl-17.1.jar!/fxglassets/ui/fonts/Courier-Prime.ttf
18:48:43.537 [FXGL Background Thread 2 ] WARN  UpdaterService       - Failed to find updates: java.net.UnknownHostException: raw.githubusercontent.com
18:48:43.574 [JavaFX Application Thread] DEBUG FXGLApplication      - Registering font factories with UI factory
18:48:46.282 [FXGL Background Thread 3 ] DEBUG Engine               - Logging environment variables
18:48:46.282 [FXGL Background Thread 3 ] DEBUG Engine               - achievements: []
18:48:46.283 [FXGL Background Thread 3 ] DEBUG Engine               - actualHeight: 960.0
18:48:46.283 [FXGL Background Thread 3 ] DEBUG Engine               - actualHeightProperty: ReadOnlyDoubleProperty [value: 960.0]
18:48:46.283 [FXGL Background Thread 3 ] DEBUG Engine               - actualWidth: 1682.0
18:48:46.283 [FXGL Background Thread 3 ] DEBUG Engine               - actualWidthProperty: ReadOnlyDoubleProperty [value: 1682.0]
18:48:46.283 [FXGL Background Thread 3 ] DEBUG Engine               - appIcon: joker.jpg
18:48:46.284 [FXGL Background Thread 3 ] DEBUG Engine               - applicationMode: DEVELOPER
18:48:46.284 [FXGL Background Thread 3 ] DEBUG Engine               - cSSList: [fxgl_dark.css, tank.css]
18:48:46.284 [FXGL Background Thread 3 ] DEBUG Engine               - collisionDetectionStrategy: BRUTE_FORCE
18:48:46.284 [FXGL Background Thread 3 ] DEBUG Engine               - configClass: Optional.empty
18:48:46.284 [FXGL Background Thread 3 ] DEBUG Engine               - credits: []
18:48:46.285 [FXGL Background Thread 3 ] DEBUG Engine               - defaultCursor: CursorInfo(imageName=fxgl_default_cursor.png, hotspotX=7.0, hotspotY=6.0)
18:48:46.285 [FXGL Background Thread 3 ] DEBUG Engine               - devBBoxColorProperty: ObjectProperty [value: 0xff0000ff]
18:48:46.285 [FXGL Background Thread 3 ] DEBUG Engine               - devEnableDebugCameraProperty: BooleanProperty [value: false]
18:48:46.286 [FXGL Background Thread 3 ] DEBUG Engine               - devSensorColorProperty: ObjectProperty [value: 0xffff00ff]
18:48:46.286 [FXGL Background Thread 3 ] DEBUG Engine               - devShowBBoxProperty: BooleanProperty [value: false]
18:48:46.286 [FXGL Background Thread 3 ] DEBUG Engine               - devShowPositionProperty: BooleanProperty [value: false]
18:48:46.286 [FXGL Background Thread 3 ] DEBUG Engine               - enabledMenuItems: []
18:48:46.286 [FXGL Background Thread 3 ] DEBUG Engine               - engineServices: [class com.almasb.fxgl.app.services.FXGLAssetLoaderService, class com.almasb.fxgl.app.FXGLApplication$GameApplicationService, class com.almasb.fxgl.app.services.FXGLDialogService, class com.almasb.fxgl.app.services.IOTaskExecutorService, class com.almasb.fxgl.io.FileSystemService, class com.almasb.fxgl.localization.LocalizationService, class com.almasb.fxgl.app.services.SystemBundleService, class com.almasb.fxgl.profile.SaveLoadService, class com.almasb.fxgl.ui.FXGLUIFactoryServiceProvider, class com.almasb.fxgl.ui.FXGLDialogFactoryServiceProvider, class com.almasb.fxgl.audio.AudioPlayer, class com.almasb.fxgl.notification.impl.NotificationServiceProvider, class com.almasb.fxgl.achievement.AchievementService, class com.almasb.fxgl.cutscene.CutsceneService, class com.almasb.fxgl.minigames.MiniGameService, class com.almasb.fxgl.net.NetService, class com.almasb.fxgl.app.services.UpdaterService, class com.almasb.fxgl.dev.DevService]
18:48:46.286 [FXGL Background Thread 3 ] DEBUG Engine               - fontGame: Abel-Regular.ttf
18:48:46.286 [FXGL Background Thread 3 ] DEBUG Engine               - fontMono: TerminalLandMono-Regular.otf
18:48:46.286 [FXGL Background Thread 3 ] DEBUG Engine               - fontText: Courier-Prime.ttf
18:48:46.286 [FXGL Background Thread 3 ] DEBUG Engine               - fontUI: VarelaRound-Regular.ttf
18:48:46.286 [FXGL Background Thread 3 ] DEBUG Engine               - fullScreen: BooleanProperty [value: false]
18:48:46.287 [FXGL Background Thread 3 ] DEBUG Engine               - gameDifficulty: MEDIUM
18:48:46.287 [FXGL Background Thread 3 ] DEBUG Engine               - gameDifficultyProperty: ObjectProperty [value: MEDIUM]
18:48:46.287 [FXGL Background Thread 3 ] DEBUG Engine               - globalMusicVolume: 0.5
18:48:46.287 [FXGL Background Thread 3 ] DEBUG Engine               - globalMusicVolumeProperty: DoubleProperty [value: 0.5]
18:48:46.287 [FXGL Background Thread 3 ] DEBUG Engine               - globalSoundVolume: 0.5
18:48:46.287 [FXGL Background Thread 3 ] DEBUG Engine               - globalSoundVolumeProperty: DoubleProperty [value: 0.8]
18:48:46.287 [FXGL Background Thread 3 ] DEBUG Engine               - height: 1152
18:48:46.287 [FXGL Background Thread 3 ] DEBUG Engine               - is3D: false
18:48:46.287 [FXGL Background Thread 3 ] DEBUG Engine               - isAndroid: false
18:48:46.287 [FXGL Background Thread 3 ] DEBUG Engine               - isBrowser: false
18:48:46.287 [FXGL Background Thread 3 ] DEBUG Engine               - isClickFeedbackEnabled: false
18:48:46.287 [FXGL Background Thread 3 ] DEBUG Engine               - isCloseConfirmation: false
18:48:46.287 [FXGL Background Thread 3 ] DEBUG Engine               - isDesktop: true
18:48:46.287 [FXGL Background Thread 3 ] DEBUG Engine               - isDeveloperMenuEnabled: false
18:48:46.287 [FXGL Background Thread 3 ] DEBUG Engine               - isEmbedded: false
18:48:46.287 [FXGL Background Thread 3 ] DEBUG Engine               - isEntityPreloadEnabled: true
18:48:46.287 [FXGL Background Thread 3 ] DEBUG Engine               - isExperimentalTiledLargeMap: false
18:48:46.287 [FXGL Background Thread 3 ] DEBUG Engine               - isFileSystemWriteAllowed: true
18:48:46.287 [FXGL Background Thread 3 ] DEBUG Engine               - isFullScreenAllowed: false
18:48:46.287 [FXGL Background Thread 3 ] DEBUG Engine               - isFullScreenFromStart: false
18:48:46.287 [FXGL Background Thread 3 ] DEBUG Engine               - isGameMenuEnabled: true
18:48:46.287 [FXGL Background Thread 3 ] DEBUG Engine               - isIOS: false
18:48:46.287 [FXGL Background Thread 3 ] DEBUG Engine               - isIntroEnabled: false
18:48:46.287 [FXGL Background Thread 3 ] DEBUG Engine               - isLinux: false
18:48:46.288 [FXGL Background Thread 3 ] DEBUG Engine               - isMac: false
18:48:46.288 [FXGL Background Thread 3 ] DEBUG Engine               - isMainMenuEnabled: true
18:48:46.288 [FXGL Background Thread 3 ] DEBUG Engine               - isManualResizeEnabled: false
18:48:46.288 [FXGL Background Thread 3 ] DEBUG Engine               - isMobile: false
18:48:46.288 [FXGL Background Thread 3 ] DEBUG Engine               - isNative: false
18:48:46.288 [FXGL Background Thread 3 ] DEBUG Engine               - isPauseMusicWhenMinimized: true
18:48:46.288 [FXGL Background Thread 3 ] DEBUG Engine               - isPreserveResizeRatio: false
18:48:46.288 [FXGL Background Thread 3 ] DEBUG Engine               - isProfilingEnabled: false
18:48:46.288 [FXGL Background Thread 3 ] DEBUG Engine               - isScaleAffectedOnResize: true
18:48:46.288 [FXGL Background Thread 3 ] DEBUG Engine               - isSingleStep: false
18:48:46.289 [FXGL Background Thread 3 ] DEBUG Engine               - isUserProfileEnabled: false
18:48:46.289 [FXGL Background Thread 3 ] DEBUG Engine               - isWindows: true
18:48:46.289 [FXGL Background Thread 3 ] DEBUG Engine               - language: ObjectProperty [value: ENGLISH]
18:48:46.289 [FXGL Background Thread 3 ] DEBUG Engine               - menuKey: ESCAPE
18:48:46.289 [FXGL Background Thread 3 ] DEBUG Engine               - mouseSensitivity: 0.2
18:48:46.289 [FXGL Background Thread 3 ] DEBUG Engine               - notificationViewClass: class com.almasb.fxgl.notification.view.XboxNotificationView
18:48:46.289 [FXGL Background Thread 3 ] DEBUG Engine               - pixelsPerMeter: 50.0
18:48:46.289 [FXGL Background Thread 3 ] DEBUG Engine               - platform: WINDOWS
18:48:46.289 [FXGL Background Thread 3 ] DEBUG Engine               - prefHeightProperty: ReadOnlyDoubleProperty [value: 1152.0]
18:48:46.289 [FXGL Background Thread 3 ] DEBUG Engine               - prefWidthProperty: ReadOnlyDoubleProperty [value: 2048.0]
18:48:46.289 [FXGL Background Thread 3 ] DEBUG Engine               - profileDir: profiles/
18:48:46.289 [FXGL Background Thread 3 ] DEBUG Engine               - profileName: StringProperty [value: DEFAULT]
18:48:46.289 [FXGL Background Thread 3 ] DEBUG Engine               - randomSeed: -1
18:48:46.289 [FXGL Background Thread 3 ] DEBUG Engine               - runtimeInfo: RuntimeInfo(platform=WINDOWS, version=17.1, build=24.03.2022 17.34)
18:48:46.289 [FXGL Background Thread 3 ] DEBUG Engine               - saveFileExt: sav
18:48:46.289 [FXGL Background Thread 3 ] DEBUG Engine               - scaledHeightProp$fxgl: DoubleProperty [bound, value: 960.0]
18:48:46.289 [FXGL Background Thread 3 ] DEBUG Engine               - scaledWidthProp$fxgl: DoubleProperty [bound, value: 1682.0]
18:48:46.289 [FXGL Background Thread 3 ] DEBUG Engine               - sceneFactory: com.kenny.tank.AllStarBattleApp$1@2ea117a5
18:48:46.289 [FXGL Background Thread 3 ] DEBUG Engine               - secondsIn24h: 60
18:48:46.290 [FXGL Background Thread 3 ] DEBUG Engine               - soundMenuBack: menu/back.wav
18:48:46.290 [FXGL Background Thread 3 ] DEBUG Engine               - soundMenuPress: menu/press.wav
18:48:46.290 [FXGL Background Thread 3 ] DEBUG Engine               - soundMenuSelect: menu/select.wav
18:48:46.290 [FXGL Background Thread 3 ] DEBUG Engine               - soundNotification: core/notification.wav
18:48:46.290 [FXGL Background Thread 3 ] DEBUG Engine               - stageStyle: DECORATED
18:48:46.290 [FXGL Background Thread 3 ] DEBUG Engine               - supportedLanguages: [ENGLISH, FRENCH, GERMAN, HUNGARIAN, RUSSIAN]
18:48:46.290 [FXGL Background Thread 3 ] DEBUG Engine               - ticksPerSecond: -1
18:48:46.290 [FXGL Background Thread 3 ] DEBUG Engine               - title: All star battle
18:48:46.290 [FXGL Background Thread 3 ] DEBUG Engine               - urlGithub: https://github.com/AlmasB/FXGL
18:48:46.290 [FXGL Background Thread 3 ] DEBUG Engine               - urlLeaderboard: http://fxgl-top.herokuapp.com/
18:48:46.290 [FXGL Background Thread 3 ] DEBUG Engine               - urlPOM: https://raw.githubusercontent.com/AlmasB/FXGL/release/README.md
18:48:46.290 [FXGL Background Thread 3 ] DEBUG Engine               - userAppClass: class com.kenny.tank.AllStarBattleApp
18:48:46.290 [FXGL Background Thread 3 ] DEBUG Engine               - version: 0.1
18:48:46.290 [FXGL Background Thread 3 ] DEBUG Engine               - versionCheckDays: 7
18:48:46.290 [FXGL Background Thread 3 ] DEBUG Engine               - width: 2048
18:48:46.290 [FXGL Background Thread 3 ] DEBUG Engine               - Logging services
18:48:46.290 [FXGL Background Thread 3 ] DEBUG Engine               - class com.almasb.fxgl.app.services.FXGLAssetLoaderService
18:48:46.290 [FXGL Background Thread 3 ] DEBUG Engine               - class com.almasb.fxgl.app.FXGLApplication$GameApplicationService
18:48:46.290 [FXGL Background Thread 3 ] DEBUG Engine               - class com.almasb.fxgl.app.services.FXGLDialogService
18:48:46.290 [FXGL Background Thread 3 ] DEBUG Engine               - class com.almasb.fxgl.app.services.IOTaskExecutorService
18:48:46.290 [FXGL Background Thread 3 ] DEBUG Engine               - class com.almasb.fxgl.io.FileSystemService
18:48:46.290 [FXGL Background Thread 3 ] DEBUG Engine               - class com.almasb.fxgl.localization.LocalizationService
18:48:46.290 [FXGL Background Thread 3 ] DEBUG Engine               - class com.almasb.fxgl.app.services.SystemBundleService
18:48:46.290 [FXGL Background Thread 3 ] DEBUG Engine               - class com.almasb.fxgl.profile.SaveLoadService
18:48:46.290 [FXGL Background Thread 3 ] DEBUG Engine               - class com.almasb.fxgl.ui.FXGLUIFactoryServiceProvider
18:48:46.290 [FXGL Background Thread 3 ] DEBUG Engine               - class com.almasb.fxgl.ui.FXGLDialogFactoryServiceProvider
18:48:46.290 [FXGL Background Thread 3 ] DEBUG Engine               - class com.almasb.fxgl.audio.AudioPlayer
18:48:46.290 [FXGL Background Thread 3 ] DEBUG Engine               - class com.almasb.fxgl.notification.impl.NotificationServiceProvider
18:48:46.290 [FXGL Background Thread 3 ] DEBUG Engine               - class com.almasb.fxgl.achievement.AchievementService
18:48:46.290 [FXGL Background Thread 3 ] DEBUG Engine               - class com.almasb.fxgl.cutscene.CutsceneService
18:48:46.290 [FXGL Background Thread 3 ] DEBUG Engine               - class com.almasb.fxgl.minigames.MiniGameService
18:48:46.290 [FXGL Background Thread 3 ] DEBUG Engine               - class com.almasb.fxgl.net.NetService
18:48:46.290 [FXGL Background Thread 3 ] DEBUG Engine               - class com.almasb.fxgl.app.services.UpdaterService
18:48:46.290 [FXGL Background Thread 3 ] DEBUG Engine               - class com.almasb.fxgl.dev.DevService
18:48:55.386 [JavaFX Application Thread] DEBUG GameApplicationServi - Starting new game
18:48:55.387 [JavaFX Application Thread] DEBUG PrimaryStageWindow   - Pop state: Main_menu
18:48:55.387 [JavaFX Application Thread] DEBUG Input                - Clearing active input actions
18:48:55.389 [JavaFX Application Thread] DEBUG GameApplicationServi - Removing overlay from Main_menu and adding to FXGLMainMenuDummyScene
18:48:55.389 [JavaFX Application Thread] DEBUG PrimaryStageWindow   - FXGLMainMenuDummyScene <- Main_menu
18:48:55.390 [JavaFX Application Thread] DEBUG Input                - Clearing active input actions
18:48:55.399 [JavaFX Application Thread] DEBUG GameApplicationServi - Removing overlay from FXGLMainMenuDummyScene and adding to Loading_Scene
18:48:55.399 [JavaFX Application Thread] DEBUG PrimaryStageWindow   - FXGLMainMenuDummyScene -> Loading_Scene
18:48:55.399 [JavaFX Application Thread] DEBUG GameApplicationServi - Clearing previous game
18:48:55.399 [JavaFX Application Thread] DEBUG GameScene            - Clearing game scene
18:48:55.399 [JavaFX Application Thread] DEBUG GameWorld            - Clearing game world
18:48:55.399 [JavaFX Application Thread] DEBUG PhysicsWorld         - Clearing physics world
18:48:55.404 [FXGL Background Thread 2 ] DEBUG FXGLApplication      - Initializing game
18:48:55.450 [FXGL Background Thread 2 ] WARN  TMXLevelLoader       - TiledMap generated from 1.8.4. Supported version: 1.4.2. Some features may not be parsed fully.
18:48:55.475 [FXGL Background Thread 2 ] DEBUG TMXLevelLoader       - Parsed TiledMap: file:/E:/java%20project/tank/target/classes/assets/levels/test1.tmx
18:48:55.476 [FXGL Background Thread 2 ] DEBUG TMXLevelLoader       - Creating tile layer entities
18:48:55.477 [FXGL Background Thread 2 ] DEBUG TMXLevelLoader       - Creating object layer entities
18:48:55.555 [FXGL Background Thread 2 ] DEBUG GameWorld            - Clearing removable entities
18:48:55.556 [FXGL Background Thread 2 ] DEBUG GameWorld            - Setting level: com.almasb.fxgl.entity.level.Level@1e111614
18:48:55.567 [FXGL Background Thread 2 ] DEBUG FXGLAssetLoaderServi - Loading from file system: file:/E:/java%20project/tank/target/classes/assets/textures/element/Tank.png
18:48:55.570 [FXGL Background Thread 2 ] DEBUG FXGLAssetLoaderServi - Loading from file system: file:/E:/java%20project/tank/target/classes/assets/textures/Enemytank.png
18:48:55.572 [FXGL Background Thread 2 ] DEBUG FXGLAssetLoaderServi - Loading from file system: file:/E:/java%20project/tank/target/classes/assets/textures/Chicken.png
18:48:55.578 [FXGL Background Thread 2 ] DEBUG FXGLAssetLoaderServi - Loading from file system: file:/E:/java%20project/tank/target/classes/assets/textures/BossTank.png
18:48:55.583 [FXGL Background Thread 2 ] INFO  FXGLApplication      - Game initialization took: 0.180 sec
18:48:55.583 [JavaFX Application Thread] DEBUG Input                - Clearing active input actions
18:48:55.591 [JavaFX Application Thread] DEBUG GameApplicationServi - Removing overlay from Loading_Scene and adding to GameScene
18:48:55.592 [JavaFX Application Thread] DEBUG PrimaryStageWindow   - Loading_Scene -> GameScene
18:48:56.715 [JavaFX Application Thread] DEBUG FXGLAssetLoaderServi - Loading from file system: file:/E:/java%20project/tank/target/classes/assets/textures/element/Enemybullet.png
18:48:56.864 [JavaFX Application Thread] DEBUG FXGLAssetLoaderServi - Loading from file system: file:/E:/java%20project/tank/target/classes/assets/textures/SmallBoom.png
18:48:57.736 [JavaFX Application Thread] DEBUG FXGLAssetLoaderServi - Loading from file system: file:/E:/java%20project/tank/target/classes/assets/sounds/boom.wav
18:48:57.805 [JavaFX Application Thread] DEBUG FXGLAssetLoaderServi - Loading from file system: file:/E:/java%20project/tank/target/classes/assets/textures/element/Bullet.png
18:49:01.243 [JavaFX Application Thread] DEBUG FXGLAssetLoaderServi - Loading from file system: file:/E:/java%20project/tank/target/classes/assets/textures/boom.png
18:49:01.253 [JavaFX Application Thread] DEBUG PrimaryStageWindow   - Push state: EggScene
18:49:01.253 [JavaFX Application Thread] DEBUG FXGLAssetLoaderServi - Loading from file system: file:/E:/java%20project/tank/target/classes/assets/music/chicken.mp3
18:49:01.268 [JavaFX Application Thread] DEBUG AudioPlayer          - Playing music com.almasb.fxgl.audio.Music@8cc335f
18:49:01.269 [JavaFX Application Thread] DEBUG Input                - Clearing active input actions
18:49:01.269 [JavaFX Application Thread] DEBUG GameApplicationServi - Removing overlay from GameScene and adding to EggScene
18:49:01.269 [JavaFX Application Thread] DEBUG PrimaryStageWindow   - GameScene -> EggScene
18:49:06.263 [JavaFX Application Thread] DEBUG PrimaryStageWindow   - Pop state: EggScene
18:49:06.263 [JavaFX Application Thread] DEBUG Input                - Clearing active input actions
18:49:06.264 [JavaFX Application Thread] DEBUG GameApplicationServi - Removing overlay from EggScene and adding to GameScene
18:49:06.264 [JavaFX Application Thread] DEBUG PrimaryStageWindow   - GameScene <- EggScene
18:49:06.267 [JavaFX Application Thread] WARN  TMXLevelLoader       - TiledMap generated from 1.8.4. Supported version: 1.4.2. Some features may not be parsed fully.
18:49:06.270 [JavaFX Application Thread] DEBUG TMXLevelLoader       - Parsed TiledMap: file:/E:/java%20project/tank/target/classes/assets/levels/Chicken.tmx
18:49:06.270 [JavaFX Application Thread] DEBUG TMXLevelLoader       - Creating tile layer entities
18:49:06.270 [JavaFX Application Thread] DEBUG TMXLevelLoader       - Creating object layer entities
18:49:06.296 [JavaFX Application Thread] DEBUG GameWorld            - Clearing removable entities
18:49:06.302 [JavaFX Application Thread] DEBUG GameWorld            - Setting level: com.almasb.fxgl.entity.level.Level@683b65f8
18:49:06.307 [JavaFX Application Thread] DEBUG FXGLAssetLoaderServi - Loading from file system: file:/E:/java%20project/tank/target/classes/assets/textures/people.png
18:49:09.530 [JavaFX Application Thread] DEBUG FXGLAssetLoaderServi - Loading from file system: file:/E:/java%20project/tank/target/classes/assets/textures/element/Good.png
18:49:11.515 [JavaFX Application Thread] DEBUG FXGLAssetLoaderServi - Loading from file system: file:/E:/java%20project/tank/target/classes/assets/textures/Egg.png
18:49:17.506 [JavaFX Application Thread] DEBUG FXGLAssetLoaderServi - Loading from file system: file:/E:/java%20project/tank/target/classes/assets/textures/element/Enemy2.png
18:49:22.699 [JavaFX Application Thread] DEBUG FXGLAssetLoaderServi - Loading from file system: file:/E:/java%20project/tank/target/classes/assets/textures/element/Enemy1.png
18:49:32.549 [JavaFX Application Thread] DEBUG FXGLAssetLoaderServi - Loading from file system: file:/E:/java%20project/tank/target/classes/assets/textures/Props/GOD.png
18:49:38.378 [JavaFX Application Thread] DEBUG FXGLAssetLoaderServi - Loading from file system: file:/E:/java%20project/tank/target/classes/assets/textures/Props/LUCKYBLOCK.png
18:50:19.859 [JavaFX Application Thread] DEBUG FXGLAssetLoaderServi - Loading from file system: file:/E:/java%20project/tank/target/classes/assets/textures/Props/HEART.png
18:50:20.713 [JavaFX Application Thread] DEBUG PrimaryStageWindow   - Push state: FXGLDefaultMenu
18:50:20.718 [JavaFX Application Thread] DEBUG Input                - Clearing active input actions
18:50:20.722 [JavaFX Application Thread] DEBUG GameApplicationServi - Removing overlay from GameScene and adding to FXGLDefaultMenu
18:50:20.722 [JavaFX Application Thread] DEBUG PrimaryStageWindow   - GameScene -> FXGLDefaultMenu
18:50:22.266 [JavaFX Application Thread] DEBUG PrimaryStageWindow   - Pop state: FXGLDefaultMenu
18:50:22.266 [JavaFX Application Thread] DEBUG Input                - Clearing active input actions
18:50:22.267 [JavaFX Application Thread] DEBUG GameApplicationServi - Removing overlay from FXGLDefaultMenu and adding to GameScene
18:50:22.267 [JavaFX Application Thread] DEBUG PrimaryStageWindow   - GameScene <- FXGLDefaultMenu
18:50:44.484 [JavaFX Application Thread] DEBUG PrimaryStageWindow   - Push state: FXGLDefaultMenu
18:50:44.484 [JavaFX Application Thread] DEBUG Input                - Clearing active input actions
18:50:44.486 [JavaFX Application Thread] DEBUG GameApplicationServi - Removing overlay from GameScene and adding to FXGLDefaultMenu
18:50:44.486 [JavaFX Application Thread] DEBUG PrimaryStageWindow   - GameScene -> FXGLDefaultMenu
18:50:45.892 [JavaFX Application Thread] DEBUG Menu                 - fireExitToMainMenu()
18:50:45.896 [JavaFX Application Thread] DEBUG PrimaryStageWindow   - Push state: DialogSubScene
18:50:45.896 [JavaFX Application Thread] DEBUG Input                - Clearing active input actions
18:50:45.897 [JavaFX Application Thread] DEBUG GameApplicationServi - Removing overlay from FXGLDefaultMenu and adding to DialogSubScene
18:50:45.897 [JavaFX Application Thread] DEBUG PrimaryStageWindow   - FXGLDefaultMenu -> DialogSubScene
18:50:46.895 [JavaFX Application Thread] DEBUG PrimaryStageWindow   - Pop state: DialogSubScene
18:50:46.895 [JavaFX Application Thread] DEBUG Input                - Clearing active input actions
18:50:46.896 [JavaFX Application Thread] DEBUG GameApplicationServi - Removing overlay from DialogSubScene and adding to FXGLDefaultMenu
18:50:46.897 [JavaFX Application Thread] DEBUG PrimaryStageWindow   - FXGLDefaultMenu <- DialogSubScene
18:50:46.897 [JavaFX Application Thread] DEBUG PrimaryStageWindow   - Pop state: FXGLDefaultMenu
18:50:46.897 [JavaFX Application Thread] DEBUG Input                - Clearing active input actions
18:50:46.897 [JavaFX Application Thread] DEBUG GameApplicationServi - Removing overlay from FXGLDefaultMenu and adding to GameScene
18:50:46.897 [JavaFX Application Thread] DEBUG PrimaryStageWindow   - GameScene <- FXGLDefaultMenu
18:50:46.898 [JavaFX Application Thread] DEBUG Input                - Clearing active input actions
18:50:46.918 [JavaFX Application Thread] DEBUG GameApplicationServi - Removing overlay from GameScene and adding to FXGLMainMenuDummyScene
18:50:46.918 [JavaFX Application Thread] DEBUG PrimaryStageWindow   - GameScene -> FXGLMainMenuDummyScene
18:50:46.918 [JavaFX Application Thread] DEBUG PrimaryStageWindow   - Push state: Main_menu
18:50:46.931 [JavaFX Application Thread] DEBUG Input                - Clearing active input actions
18:50:46.933 [JavaFX Application Thread] DEBUG GameApplicationServi - Removing overlay from FXGLMainMenuDummyScene and adding to Main_menu
18:50:46.933 [JavaFX Application Thread] DEBUG PrimaryStageWindow   - FXGLMainMenuDummyScene -> Main_menu
18:50:47.864 [JavaFX Application Thread] DEBUG FXGLApplication      - Exiting FXGL
18:50:47.864 [JavaFX Application Thread] DEBUG LoopRunner           - Stopping loop
18:50:47.865 [JavaFX Application Thread] DEBUG SystemBundleService  - Saving FXGL system data
18:50:47.867 [JavaFX Application Thread] DEBUG FileSystemAccess     - Writing to: E:\java project\tank\system\fxgl.bundle
18:50:47.870 [JavaFX Application Thread] DEBUG Async                - Shutting down background threads
18:50:47.870 [JavaFX Application Thread] DEBUG PrimaryStageWindow   - Closing main window
18:50:47.902 [JavaFX Application Thread] DEBUG Logger               - Closing Logger
