20:32:08.855 [main                     ] DEBUG Logger               - Configured Logger
20:32:08.870 [main                     ] DEBUG GameApplication      - Logging settings
Title: All star battle
Version: 0.1
Width: 2048
Height: 1152
Fullscreen: false
Intro: false
Profiling: false
Single step:false
App Mode: DEVELOPER
Menu Key: ESCAPE
Stage Style: DECORATED
Scene Factory: class com.almasb.fxgl.app.scene.SceneFactory

20:32:09.119 [JavaFX Application Thread] DEBUG FXGLApplication      - Initializing FXGL
20:32:09.122 [JavaFX Application Thread] INFO  Engine               - FXGL-17.1 (24.03.2022 17.34) on WINDOWS (J:17.0.6 FX:18)
20:32:09.123 [JavaFX Application Thread] DEBUG Engine               - JRE Vendor Name: Amazon.com Inc.
20:32:09.123 [JavaFX Application Thread] DEBUG Engine               - Running on OS: Windows 11 version 10.0
20:32:09.123 [JavaFX Application Thread] DEBUG Engine               - Architecture: amd64
20:32:09.123 [JavaFX Application Thread] INFO  Engine               - Source code and latest versions at: https://github.com/AlmasB/FXGL
20:32:09.123 [JavaFX Application Thread] INFO  Engine               -       Ask questions and discuss at: https://github.com/AlmasB/FXGL/discussions
20:32:09.123 [JavaFX Application Thread] INFO  Engine               -              Join the FXGL chat at: https://gitter.im/AlmasB/FXGL
20:32:09.170 [JavaFX Application Thread] DEBUG PrimaryStageWindow   - Creating a JavaFX scene
20:32:09.171 [JavaFX Application Thread] DEBUG PrimaryStageWindow   - Target size > screen size
20:32:09.195 [JavaFX Application Thread] DEBUG PrimaryStageWindow   - Target settings size: 2048.0 x 1152.0
20:32:09.195 [JavaFX Application Thread] DEBUG PrimaryStageWindow   - Scaled scene size:    1682.0 x 960.0
20:32:09.195 [JavaFX Application Thread] DEBUG PrimaryStageWindow   - Scaled ratio: (0.8212890625, 0.8333333333333334)
20:32:09.196 [JavaFX Application Thread] DEBUG PrimaryStageWindow   - Set initial scene to FXGLStartupScene
20:32:09.200 [JavaFX Application Thread] DEBUG PrimaryStageWindow   - Opening main window
20:32:09.252 [JavaFX Application Thread] DEBUG PrimaryStageWindow   - Window border size: (14.6666259765625, 37.33331298828125)
20:32:09.253 [JavaFX Application Thread] DEBUG PrimaryStageWindow   - Scaled size: 1682.0 x 960.0
20:32:09.253 [JavaFX Application Thread] DEBUG PrimaryStageWindow   - Scaled ratio: (0.8212890625, 0.8333333333333334)
20:32:09.253 [JavaFX Application Thread] DEBUG PrimaryStageWindow   - Scene size: 1682.0 x 960.0
20:32:09.253 [JavaFX Application Thread] DEBUG PrimaryStageWindow   - Stage size: 1696.6666259765625 x 997.3333129882812
20:32:09.258 [FXGL Background Thread 1 ] DEBUG Engine               - Initializing environment variables
20:32:09.283 [FXGL Background Thread 1 ] DEBUG FXGLAssetLoaderServi - User app class for loading assets: class com.kenny.tank.TankApp
20:32:09.283 [FXGL Background Thread 1 ] DEBUG GameApplicationServi - Applying CSS: fxgl_dark.css
20:32:09.283 [FXGL Background Thread 1 ] DEBUG FXGLAssetLoaderServi - Loading from file system: jar:file:///C:/Users/10273/.m2/repository/com/github/almasb/fxgl/17.1/fxgl-17.1.jar!/fxglassets/ui/css/fxgl_dark.css
20:32:09.317 [FXGL Background Thread 1 ] DEBUG GameApplicationServi - Initializing application scenes
20:32:09.365 [FXGL Background Thread 1 ] DEBUG GameWorld            - Game world initialized
20:32:09.398 [FXGL Background Thread 1 ] DEBUG PhysicsWorld         - Physics world initialized: appHeight=1152, physics.ppm=50.0
20:32:09.398 [FXGL Background Thread 1 ] DEBUG PhysicsWorld         - Using strategy: BRUTE_FORCE
20:32:09.402 [FXGL Background Thread 1 ] DEBUG GameScene            - Game scene initialized: 2048x1152
20:32:09.410 [FXGL Background Thread 1 ] DEBUG FXGL.DefaultMenu     - createMenuBodyMainMenu()
20:32:09.419 [FXGL Background Thread 1 ] DEBUG FXGL.DefaultMenu     - createOptionsMenu()
20:32:09.428 [FXGL Background Thread 1 ] DEBUG FXGLAssetLoaderServi - Loading from file system: jar:file:///C:/Users/10273/.m2/repository/com/github/almasb/fxgl/17.1/fxgl-17.1.jar!/fxglassets/textures/particles/smoke.png
20:32:09.483 [FXGL Background Thread 1 ] DEBUG FXGLAssetLoaderServi - Loading from file system: jar:file:///C:/Users/10273/.m2/repository/com/github/almasb/fxgl/17.1/fxgl-17.1.jar!/fxglassets/textures/particles/trace_horizontal.png
20:32:09.501 [FXGL Background Thread 1 ] DEBUG FXGL.DefaultMenu     - createMenuBodyGameMenu()
20:32:09.502 [FXGL Background Thread 1 ] DEBUG FXGL.DefaultMenu     - createOptionsMenu()
20:32:09.510 [FXGL Background Thread 1 ] DEBUG GameApplicationServi - Application scenes initialized
20:32:09.517 [FXGL Background Thread 1 ] DEBUG SystemBundleService  - Loading FXGL system data
20:32:09.520 [FXGL Background Thread 1 ] DEBUG FileSystemAccess     - Reading from: E:\java project\tank\system\fxgl.bundle
20:32:09.524 [FXGL Background Thread 1 ] DEBUG SystemBundleService  - Bundle FXGL: {}
20:32:09.525 [FXGL Background Thread 1 ] DEBUG UpdaterService       - Checking for updates
20:32:09.527 [FXGL Background Thread 4 ] DEBUG FXGLApplication      - Loading fonts
20:32:09.527 [FXGL Background Thread 1 ] DEBUG FXGLApplication      - Loading default localization
20:32:09.527 [FXGL Background Thread 4 ] DEBUG FXGLAssetLoaderServi - Loading from file system: jar:file:///C:/Users/10273/.m2/repository/com/github/almasb/fxgl/17.1/fxgl-17.1.jar!/fxglassets/ui/fonts/VarelaRound-Regular.ttf
20:32:09.527 [FXGL Background Thread 1 ] DEBUG FXGLAssetLoaderServi - Loading from file system: jar:file:///C:/Users/10273/.m2/repository/com/github/almasb/fxgl/17.1/fxgl-17.1.jar!/fxglassets/languages/english.lang
20:32:09.554 [FXGL Background Thread 1 ] INFO  FXGLApplication      - FXGL initialization took: 0.296 sec
20:32:09.568 [JavaFX Application Thread] DEBUG Input                - Registered new binding: action0 - Up
20:32:09.569 [JavaFX Application Thread] DEBUG Input                - Registered new binding: action1 - Down
20:32:09.570 [JavaFX Application Thread] DEBUG Input                - Registered new binding: action2 - Left
20:32:09.570 [JavaFX Application Thread] DEBUG Input                - Registered new binding: action3 - Right
20:32:09.571 [JavaFX Application Thread] DEBUG Input                - Registered new binding: action4 - Space
20:32:09.571 [JavaFX Application Thread] DEBUG FXGLAssetLoaderServi - Loading from file system: file:/E:/java%20project/tank/target/classes/assets/textures/joker.jpg
20:32:09.574 [FXGL Background Thread 4 ] DEBUG FXGLAssetLoaderServi - Loading from file system: jar:file:///C:/Users/10273/.m2/repository/com/github/almasb/fxgl/17.1/fxgl-17.1.jar!/fxglassets/ui/fonts/Abel-Regular.ttf
20:32:09.577 [FXGL Background Thread 4 ] DEBUG FXGLAssetLoaderServi - Loading from file system: jar:file:///C:/Users/10273/.m2/repository/com/github/almasb/fxgl/17.1/fxgl-17.1.jar!/fxglassets/ui/fonts/TerminalLandMono-Regular.otf
20:32:09.579 [FXGL Background Thread 4 ] DEBUG FXGLAssetLoaderServi - Loading from file system: jar:file:///C:/Users/10273/.m2/repository/com/github/almasb/fxgl/17.1/fxgl-17.1.jar!/fxglassets/ui/fonts/Courier-Prime.ttf
20:32:09.588 [JavaFX Application Thread] DEBUG FXGLAssetLoaderServi - Loading from file system: jar:file:///C:/Users/10273/.m2/repository/com/github/almasb/fxgl/17.1/fxgl-17.1.jar!/fxglassets/textures/fxgl_default_cursor.png
20:32:09.590 [JavaFX Application Thread] DEBUG Input                - Registered new binding: Screenshot - CTRL+8
20:32:09.590 [JavaFX Application Thread] DEBUG Input                - Registered new binding: System info dump - CTRL+9
20:32:09.590 [JavaFX Application Thread] DEBUG Input                - Registered new binding: Restart - CTRL+R
20:32:09.591 [JavaFX Application Thread] DEBUG Input                - Registered new binding: Toggle Debug Camera - CTRL+7
20:32:09.592 [JavaFX Application Thread] DEBUG LoopRunner           - Starting loop
20:32:09.592 [JavaFX Application Thread] DEBUG LoopRunner           - Initializing JavaFX AnimationTimerLoop
20:32:09.594 [JavaFX Application Thread] DEBUG Input                - Clearing active input actions
20:32:09.598 [JavaFX Application Thread] DEBUG GameApplicationServi - Removing overlay from FXGLStartupScene and adding to FXGLMainMenuDummyScene
20:32:09.598 [JavaFX Application Thread] DEBUG PrimaryStageWindow   - FXGLStartupScene -> FXGLMainMenuDummyScene
20:32:09.598 [JavaFX Application Thread] DEBUG PrimaryStageWindow   - Push state: FXGLDefaultMenu
20:32:09.605 [JavaFX Application Thread] DEBUG Input                - Clearing active input actions
20:32:09.611 [JavaFX Application Thread] DEBUG GameApplicationServi - Removing overlay from FXGLMainMenuDummyScene and adding to FXGLDefaultMenu
20:32:09.612 [JavaFX Application Thread] DEBUG PrimaryStageWindow   - FXGLMainMenuDummyScene -> FXGLDefaultMenu
20:32:09.618 [JavaFX Application Thread] DEBUG FXGLApplication      - Registering font factories with UI factory
20:32:09.978 [FXGL Background Thread 2 ] INFO  UpdaterService       - Your current version:  17.1
20:32:09.978 [FXGL Background Thread 2 ] INFO  UpdaterService       - Latest stable version: 17.2
20:32:10.468 [JavaFX Application Thread] DEBUG Menu                 - fireNewGame()
20:32:10.468 [JavaFX Application Thread] DEBUG GameApplicationServi - Starting new game
20:32:10.469 [JavaFX Application Thread] DEBUG PrimaryStageWindow   - Pop state: FXGLDefaultMenu
20:32:10.469 [JavaFX Application Thread] DEBUG Input                - Clearing active input actions
20:32:10.470 [JavaFX Application Thread] DEBUG GameApplicationServi - Removing overlay from FXGLDefaultMenu and adding to FXGLMainMenuDummyScene
20:32:10.470 [JavaFX Application Thread] DEBUG PrimaryStageWindow   - FXGLMainMenuDummyScene <- FXGLDefaultMenu
20:32:10.471 [JavaFX Application Thread] DEBUG Input                - Clearing active input actions
20:32:10.475 [JavaFX Application Thread] DEBUG GameApplicationServi - Removing overlay from FXGLMainMenuDummyScene and adding to FXGLLoadingScene
20:32:10.475 [JavaFX Application Thread] DEBUG PrimaryStageWindow   - FXGLMainMenuDummyScene -> FXGLLoadingScene
20:32:10.475 [JavaFX Application Thread] DEBUG GameApplicationServi - Clearing previous game
20:32:10.476 [JavaFX Application Thread] DEBUG GameScene            - Clearing game scene
20:32:10.476 [JavaFX Application Thread] DEBUG GameWorld            - Clearing game world
20:32:10.476 [JavaFX Application Thread] DEBUG PhysicsWorld         - Clearing physics world
20:32:10.477 [FXGL Background Thread 2 ] DEBUG FXGLApplication      - Initializing game
20:32:10.499 [FXGL Background Thread 2 ] WARN  TMXLevelLoader       - TiledMap generated from 1.8.4. Supported version: 1.4.2. Some features may not be parsed fully.
20:32:10.517 [FXGL Background Thread 2 ] DEBUG TMXLevelLoader       - Parsed TiledMap: file:/E:/java%20project/tank/target/classes/assets/levels/test.tmx
20:32:10.518 [FXGL Background Thread 2 ] DEBUG TMXLevelLoader       - Creating tile layer entities
20:32:10.519 [FXGL Background Thread 2 ] DEBUG TMXLevelLoader       - Creating object layer entities
20:32:10.592 [FXGL Background Thread 2 ] DEBUG GameWorld            - Clearing removable entities
20:32:10.592 [FXGL Background Thread 2 ] DEBUG GameWorld            - Setting level: com.almasb.fxgl.entity.level.Level@66e8e0cf
20:32:10.605 [FXGL Background Thread 2 ] DEBUG FXGLAssetLoaderServi - Loading from file system: file:/E:/java%20project/tank/target/classes/assets/textures/element/Tank.png
20:32:10.607 [FXGL Background Thread 2 ] WARN  Entity               - Entity already has component: com.kenny.tank.components.TankComponent
20:32:10.610 [FXGL Background Thread 2 ] DEBUG FXGLAssetLoaderServi - Loading from file system: file:/E:/java%20project/tank/target/classes/assets/textures/Enemytank.png
20:32:10.613 [FXGL Background Thread 2 ] DEBUG FXGLAssetLoaderServi - Loading from file system: file:/E:/java%20project/tank/target/classes/assets/textures/Chicken.png
20:32:10.618 [FXGL Background Thread 2 ] DEBUG FXGLAssetLoaderServi - Loading from file system: file:/E:/java%20project/tank/target/classes/assets/textures/BossTank.png
20:32:10.622 [FXGL Background Thread 2 ] INFO  FXGLApplication      - Game initialization took: 0.145 sec
20:32:10.623 [JavaFX Application Thread] DEBUG Input                - Clearing active input actions
20:32:10.631 [JavaFX Application Thread] DEBUG GameApplicationServi - Removing overlay from FXGLLoadingScene and adding to GameScene
20:32:10.631 [JavaFX Application Thread] DEBUG PrimaryStageWindow   - FXGLLoadingScene -> GameScene
20:32:10.965 [JavaFX Application Thread] DEBUG FXGLAssetLoaderServi - Loading from file system: file:/E:/java%20project/tank/target/classes/assets/textures/element/Enemybullet.png
20:32:11.069 [JavaFX Application Thread] DEBUG FXGLAssetLoaderServi - Loading from file system: file:/E:/java%20project/tank/target/classes/assets/textures/SmallBoom.png
20:32:11.410 [JavaFX Application Thread] DEBUG PrimaryStageWindow   - Push state: FXGLDefaultMenu
20:32:11.411 [JavaFX Application Thread] DEBUG Input                - Clearing active input actions
20:32:11.411 [JavaFX Application Thread] DEBUG GameApplicationServi - Removing overlay from GameScene and adding to FXGLDefaultMenu
20:32:11.411 [JavaFX Application Thread] DEBUG PrimaryStageWindow   - GameScene -> FXGLDefaultMenu
20:32:12.366 [JavaFX Application Thread] DEBUG Menu                 - fireExitToMainMenu()
20:32:12.367 [JavaFX Application Thread] DEBUG PrimaryStageWindow   - Push state: DialogSubScene
20:32:12.367 [JavaFX Application Thread] DEBUG Input                - Clearing active input actions
20:32:12.368 [JavaFX Application Thread] DEBUG GameApplicationServi - Removing overlay from FXGLDefaultMenu and adding to DialogSubScene
20:32:12.368 [JavaFX Application Thread] DEBUG PrimaryStageWindow   - FXGLDefaultMenu -> DialogSubScene
20:32:12.528 [FXGL Background Thread 3 ] DEBUG Engine               - Logging environment variables
20:32:12.529 [FXGL Background Thread 3 ] DEBUG Engine               - achievements: []
20:32:12.529 [FXGL Background Thread 3 ] DEBUG Engine               - actualHeight: 960.0
20:32:12.529 [FXGL Background Thread 3 ] DEBUG Engine               - actualHeightProperty: ReadOnlyDoubleProperty [value: 960.0]
20:32:12.529 [FXGL Background Thread 3 ] DEBUG Engine               - actualWidth: 1682.0
20:32:12.529 [FXGL Background Thread 3 ] DEBUG Engine               - actualWidthProperty: ReadOnlyDoubleProperty [value: 1682.0]
20:32:12.529 [FXGL Background Thread 3 ] DEBUG Engine               - appIcon: joker.jpg
20:32:12.529 [FXGL Background Thread 3 ] DEBUG Engine               - applicationMode: DEVELOPER
20:32:12.529 [FXGL Background Thread 3 ] DEBUG Engine               - cSSList: [fxgl_dark.css]
20:32:12.530 [FXGL Background Thread 3 ] DEBUG Engine               - collisionDetectionStrategy: BRUTE_FORCE
20:32:12.530 [FXGL Background Thread 3 ] DEBUG Engine               - configClass: Optional.empty
20:32:12.530 [FXGL Background Thread 3 ] DEBUG Engine               - credits: []
20:32:12.530 [FXGL Background Thread 3 ] DEBUG Engine               - defaultCursor: CursorInfo(imageName=fxgl_default_cursor.png, hotspotX=7.0, hotspotY=6.0)
20:32:12.532 [FXGL Background Thread 3 ] DEBUG Engine               - devBBoxColorProperty: ObjectProperty [value: 0xff0000ff]
20:32:12.533 [FXGL Background Thread 3 ] DEBUG Engine               - devEnableDebugCameraProperty: BooleanProperty [value: false]
20:32:12.534 [FXGL Background Thread 3 ] DEBUG Engine               - devSensorColorProperty: ObjectProperty [value: 0xffff00ff]
20:32:12.535 [FXGL Background Thread 3 ] DEBUG Engine               - devShowBBoxProperty: BooleanProperty [value: false]
20:32:12.535 [FXGL Background Thread 3 ] DEBUG Engine               - devShowPositionProperty: BooleanProperty [value: false]
20:32:12.535 [FXGL Background Thread 3 ] DEBUG Engine               - enabledMenuItems: []
20:32:12.535 [FXGL Background Thread 3 ] DEBUG Engine               - engineServices: [class com.almasb.fxgl.app.services.FXGLAssetLoaderService, class com.almasb.fxgl.app.FXGLApplication$GameApplicationService, class com.almasb.fxgl.app.services.FXGLDialogService, class com.almasb.fxgl.app.services.IOTaskExecutorService, class com.almasb.fxgl.io.FileSystemService, class com.almasb.fxgl.localization.LocalizationService, class com.almasb.fxgl.app.services.SystemBundleService, class com.almasb.fxgl.profile.SaveLoadService, class com.almasb.fxgl.ui.FXGLUIFactoryServiceProvider, class com.almasb.fxgl.ui.FXGLDialogFactoryServiceProvider, class com.almasb.fxgl.audio.AudioPlayer, class com.almasb.fxgl.notification.impl.NotificationServiceProvider, class com.almasb.fxgl.achievement.AchievementService, class com.almasb.fxgl.cutscene.CutsceneService, class com.almasb.fxgl.minigames.MiniGameService, class com.almasb.fxgl.net.NetService, class com.almasb.fxgl.app.services.UpdaterService, class com.almasb.fxgl.dev.DevService]
20:32:12.536 [FXGL Background Thread 3 ] DEBUG Engine               - fontGame: Abel-Regular.ttf
20:32:12.536 [FXGL Background Thread 3 ] DEBUG Engine               - fontMono: TerminalLandMono-Regular.otf
20:32:12.536 [FXGL Background Thread 3 ] DEBUG Engine               - fontText: Courier-Prime.ttf
20:32:12.536 [FXGL Background Thread 3 ] DEBUG Engine               - fontUI: VarelaRound-Regular.ttf
20:32:12.536 [FXGL Background Thread 3 ] DEBUG Engine               - fullScreen: BooleanProperty [value: false]
20:32:12.536 [FXGL Background Thread 3 ] DEBUG Engine               - gameDifficulty: MEDIUM
20:32:12.536 [FXGL Background Thread 3 ] DEBUG Engine               - gameDifficultyProperty: ObjectProperty [value: MEDIUM]
20:32:12.536 [FXGL Background Thread 3 ] DEBUG Engine               - globalMusicVolume: 0.5
20:32:12.536 [FXGL Background Thread 3 ] DEBUG Engine               - globalMusicVolumeProperty: DoubleProperty [value: 0.5]
20:32:12.536 [FXGL Background Thread 3 ] DEBUG Engine               - globalSoundVolume: 0.5
20:32:12.537 [FXGL Background Thread 3 ] DEBUG Engine               - globalSoundVolumeProperty: DoubleProperty [value: 0.8]
20:32:12.537 [FXGL Background Thread 3 ] DEBUG Engine               - height: 1152
20:32:12.537 [FXGL Background Thread 3 ] DEBUG Engine               - is3D: false
20:32:12.537 [FXGL Background Thread 3 ] DEBUG Engine               - isAndroid: false
20:32:12.537 [FXGL Background Thread 3 ] DEBUG Engine               - isBrowser: false
20:32:12.537 [FXGL Background Thread 3 ] DEBUG Engine               - isClickFeedbackEnabled: false
20:32:12.537 [FXGL Background Thread 3 ] DEBUG Engine               - isCloseConfirmation: false
20:32:12.537 [FXGL Background Thread 3 ] DEBUG Engine               - isDesktop: true
20:32:12.537 [FXGL Background Thread 3 ] DEBUG Engine               - isDeveloperMenuEnabled: false
20:32:12.538 [FXGL Background Thread 3 ] DEBUG Engine               - isEmbedded: false
20:32:12.538 [FXGL Background Thread 3 ] DEBUG Engine               - isEntityPreloadEnabled: true
20:32:12.538 [FXGL Background Thread 3 ] DEBUG Engine               - isExperimentalTiledLargeMap: false
20:32:12.538 [FXGL Background Thread 3 ] DEBUG Engine               - isFileSystemWriteAllowed: true
20:32:12.538 [FXGL Background Thread 3 ] DEBUG Engine               - isFullScreenAllowed: false
20:32:12.538 [FXGL Background Thread 3 ] DEBUG Engine               - isFullScreenFromStart: false
20:32:12.539 [FXGL Background Thread 3 ] DEBUG Engine               - isGameMenuEnabled: true
20:32:12.539 [FXGL Background Thread 3 ] DEBUG Engine               - isIOS: false
20:32:12.539 [FXGL Background Thread 3 ] DEBUG Engine               - isIntroEnabled: false
20:32:12.539 [FXGL Background Thread 3 ] DEBUG Engine               - isLinux: false
20:32:12.539 [FXGL Background Thread 3 ] DEBUG Engine               - isMac: false
20:32:12.539 [FXGL Background Thread 3 ] DEBUG Engine               - isMainMenuEnabled: true
20:32:12.539 [FXGL Background Thread 3 ] DEBUG Engine               - isManualResizeEnabled: false
20:32:12.539 [FXGL Background Thread 3 ] DEBUG Engine               - isMobile: false
20:32:12.539 [FXGL Background Thread 3 ] DEBUG Engine               - isNative: false
20:32:12.539 [FXGL Background Thread 3 ] DEBUG Engine               - isPauseMusicWhenMinimized: true
20:32:12.540 [FXGL Background Thread 3 ] DEBUG Engine               - isPreserveResizeRatio: false
20:32:12.540 [FXGL Background Thread 3 ] DEBUG Engine               - isProfilingEnabled: false
20:32:12.540 [FXGL Background Thread 3 ] DEBUG Engine               - isScaleAffectedOnResize: true
20:32:12.540 [FXGL Background Thread 3 ] DEBUG Engine               - isSingleStep: false
20:32:12.540 [FXGL Background Thread 3 ] DEBUG Engine               - isUserProfileEnabled: false
20:32:12.540 [FXGL Background Thread 3 ] DEBUG Engine               - isWindows: true
20:32:12.540 [FXGL Background Thread 3 ] DEBUG Engine               - language: ObjectProperty [value: ENGLISH]
20:32:12.540 [FXGL Background Thread 3 ] DEBUG Engine               - menuKey: ESCAPE
20:32:12.540 [FXGL Background Thread 3 ] DEBUG Engine               - mouseSensitivity: 0.2
20:32:12.540 [FXGL Background Thread 3 ] DEBUG Engine               - notificationViewClass: class com.almasb.fxgl.notification.view.XboxNotificationView
20:32:12.540 [FXGL Background Thread 3 ] DEBUG Engine               - pixelsPerMeter: 50.0
20:32:12.540 [FXGL Background Thread 3 ] DEBUG Engine               - platform: WINDOWS
20:32:12.540 [FXGL Background Thread 3 ] DEBUG Engine               - prefHeightProperty: ReadOnlyDoubleProperty [value: 1152.0]
20:32:12.540 [FXGL Background Thread 3 ] DEBUG Engine               - prefWidthProperty: ReadOnlyDoubleProperty [value: 2048.0]
20:32:12.541 [FXGL Background Thread 3 ] DEBUG Engine               - profileDir: profiles/
20:32:12.541 [FXGL Background Thread 3 ] DEBUG Engine               - profileName: StringProperty [value: DEFAULT]
20:32:12.541 [FXGL Background Thread 3 ] DEBUG Engine               - randomSeed: -1
20:32:12.541 [FXGL Background Thread 3 ] DEBUG Engine               - runtimeInfo: RuntimeInfo(platform=WINDOWS, version=17.1, build=24.03.2022 17.34)
20:32:12.541 [FXGL Background Thread 3 ] DEBUG Engine               - saveFileExt: sav
20:32:12.541 [FXGL Background Thread 3 ] DEBUG Engine               - scaledHeightProp$fxgl: DoubleProperty [bound, value: 960.0]
20:32:12.541 [FXGL Background Thread 3 ] DEBUG Engine               - scaledWidthProp$fxgl: DoubleProperty [bound, value: 1682.0]
20:32:12.541 [FXGL Background Thread 3 ] DEBUG Engine               - sceneFactory: com.almasb.fxgl.app.scene.SceneFactory@322d8475
20:32:12.541 [FXGL Background Thread 3 ] DEBUG Engine               - secondsIn24h: 60
20:32:12.541 [FXGL Background Thread 3 ] DEBUG Engine               - soundMenuBack: menu/back.wav
20:32:12.542 [FXGL Background Thread 3 ] DEBUG Engine               - soundMenuPress: menu/press.wav
20:32:12.542 [FXGL Background Thread 3 ] DEBUG Engine               - soundMenuSelect: menu/select.wav
20:32:12.542 [FXGL Background Thread 3 ] DEBUG Engine               - soundNotification: core/notification.wav
20:32:12.542 [FXGL Background Thread 3 ] DEBUG Engine               - stageStyle: DECORATED
20:32:12.542 [FXGL Background Thread 3 ] DEBUG Engine               - supportedLanguages: [ENGLISH, FRENCH, GERMAN, HUNGARIAN, RUSSIAN]
20:32:12.542 [FXGL Background Thread 3 ] DEBUG Engine               - ticksPerSecond: -1
20:32:12.543 [FXGL Background Thread 3 ] DEBUG Engine               - title: All star battle
20:32:12.543 [FXGL Background Thread 3 ] DEBUG Engine               - urlGithub: https://github.com/AlmasB/FXGL
20:32:12.543 [FXGL Background Thread 3 ] DEBUG Engine               - urlLeaderboard: http://fxgl-top.herokuapp.com/
20:32:12.543 [FXGL Background Thread 3 ] DEBUG Engine               - urlPOM: https://raw.githubusercontent.com/AlmasB/FXGL/release/README.md
20:32:12.543 [FXGL Background Thread 3 ] DEBUG Engine               - userAppClass: class com.kenny.tank.TankApp
20:32:12.543 [FXGL Background Thread 3 ] DEBUG Engine               - version: 0.1
20:32:12.543 [FXGL Background Thread 3 ] DEBUG Engine               - versionCheckDays: 7
20:32:12.543 [FXGL Background Thread 3 ] DEBUG Engine               - width: 2048
20:32:12.543 [FXGL Background Thread 3 ] DEBUG Engine               - Logging services
20:32:12.543 [FXGL Background Thread 3 ] DEBUG Engine               - class com.almasb.fxgl.app.services.FXGLAssetLoaderService
20:32:12.543 [FXGL Background Thread 3 ] DEBUG Engine               - class com.almasb.fxgl.app.FXGLApplication$GameApplicationService
20:32:12.543 [FXGL Background Thread 3 ] DEBUG Engine               - class com.almasb.fxgl.app.services.FXGLDialogService
20:32:12.543 [FXGL Background Thread 3 ] DEBUG Engine               - class com.almasb.fxgl.app.services.IOTaskExecutorService
20:32:12.543 [FXGL Background Thread 3 ] DEBUG Engine               - class com.almasb.fxgl.io.FileSystemService
20:32:12.543 [FXGL Background Thread 3 ] DEBUG Engine               - class com.almasb.fxgl.localization.LocalizationService
20:32:12.543 [FXGL Background Thread 3 ] DEBUG Engine               - class com.almasb.fxgl.app.services.SystemBundleService
20:32:12.543 [FXGL Background Thread 3 ] DEBUG Engine               - class com.almasb.fxgl.profile.SaveLoadService
20:32:12.543 [FXGL Background Thread 3 ] DEBUG Engine               - class com.almasb.fxgl.ui.FXGLUIFactoryServiceProvider
20:32:12.543 [FXGL Background Thread 3 ] DEBUG Engine               - class com.almasb.fxgl.ui.FXGLDialogFactoryServiceProvider
20:32:12.543 [FXGL Background Thread 3 ] DEBUG Engine               - class com.almasb.fxgl.audio.AudioPlayer
20:32:12.543 [FXGL Background Thread 3 ] DEBUG Engine               - class com.almasb.fxgl.notification.impl.NotificationServiceProvider
20:32:12.543 [FXGL Background Thread 3 ] DEBUG Engine               - class com.almasb.fxgl.achievement.AchievementService
20:32:12.543 [FXGL Background Thread 3 ] DEBUG Engine               - class com.almasb.fxgl.cutscene.CutsceneService
20:32:12.543 [FXGL Background Thread 3 ] DEBUG Engine               - class com.almasb.fxgl.minigames.MiniGameService
20:32:12.543 [FXGL Background Thread 3 ] DEBUG Engine               - class com.almasb.fxgl.net.NetService
20:32:12.543 [FXGL Background Thread 3 ] DEBUG Engine               - class com.almasb.fxgl.app.services.UpdaterService
20:32:12.543 [FXGL Background Thread 3 ] DEBUG Engine               - class com.almasb.fxgl.dev.DevService
20:32:13.265 [JavaFX Application Thread] DEBUG PrimaryStageWindow   - Pop state: DialogSubScene
20:32:13.265 [JavaFX Application Thread] DEBUG Input                - Clearing active input actions
20:32:13.266 [JavaFX Application Thread] DEBUG GameApplicationServi - Removing overlay from DialogSubScene and adding to FXGLDefaultMenu
20:32:13.266 [JavaFX Application Thread] DEBUG PrimaryStageWindow   - FXGLDefaultMenu <- DialogSubScene
20:32:13.266 [JavaFX Application Thread] DEBUG PrimaryStageWindow   - Pop state: FXGLDefaultMenu
20:32:13.266 [JavaFX Application Thread] DEBUG Input                - Clearing active input actions
20:32:13.266 [JavaFX Application Thread] DEBUG GameApplicationServi - Removing overlay from FXGLDefaultMenu and adding to GameScene
20:32:13.266 [JavaFX Application Thread] DEBUG PrimaryStageWindow   - GameScene <- FXGLDefaultMenu
20:32:13.266 [JavaFX Application Thread] DEBUG Input                - Clearing active input actions
20:32:13.269 [JavaFX Application Thread] DEBUG GameApplicationServi - Removing overlay from GameScene and adding to FXGLMainMenuDummyScene
20:32:13.269 [JavaFX Application Thread] DEBUG PrimaryStageWindow   - GameScene -> FXGLMainMenuDummyScene
20:32:13.269 [JavaFX Application Thread] DEBUG PrimaryStageWindow   - Push state: FXGLDefaultMenu
20:32:13.270 [JavaFX Application Thread] DEBUG Input                - Clearing active input actions
20:32:13.271 [JavaFX Application Thread] DEBUG GameApplicationServi - Removing overlay from FXGLMainMenuDummyScene and adding to FXGLDefaultMenu
20:32:13.271 [JavaFX Application Thread] DEBUG PrimaryStageWindow   - FXGLMainMenuDummyScene -> FXGLDefaultMenu
20:32:14.280 [JavaFX Application Thread] DEBUG Menu                 - fireExit()
20:32:14.281 [JavaFX Application Thread] DEBUG PrimaryStageWindow   - Push state: DialogSubScene
20:32:14.281 [JavaFX Application Thread] DEBUG Input                - Clearing active input actions
20:32:14.282 [JavaFX Application Thread] DEBUG GameApplicationServi - Removing overlay from FXGLDefaultMenu and adding to DialogSubScene
20:32:14.282 [JavaFX Application Thread] DEBUG PrimaryStageWindow   - FXGLDefaultMenu -> DialogSubScene
20:32:15.117 [JavaFX Application Thread] DEBUG PrimaryStageWindow   - Pop state: DialogSubScene
20:32:15.118 [JavaFX Application Thread] DEBUG Input                - Clearing active input actions
20:32:15.119 [JavaFX Application Thread] DEBUG GameApplicationServi - Removing overlay from DialogSubScene and adding to FXGLDefaultMenu
20:32:15.119 [JavaFX Application Thread] DEBUG PrimaryStageWindow   - FXGLDefaultMenu <- DialogSubScene
20:32:15.119 [JavaFX Application Thread] DEBUG FXGLApplication      - Exiting FXGL
20:32:15.120 [JavaFX Application Thread] DEBUG LoopRunner           - Stopping loop
20:32:15.120 [JavaFX Application Thread] DEBUG SystemBundleService  - Saving FXGL system data
20:32:15.123 [JavaFX Application Thread] DEBUG FileSystemAccess     - Writing to: E:\java project\tank\system\fxgl.bundle
20:32:15.125 [JavaFX Application Thread] DEBUG Async                - Shutting down background threads
20:32:15.126 [JavaFX Application Thread] DEBUG PrimaryStageWindow   - Closing main window
20:32:15.141 [JavaFX Application Thread] DEBUG Logger               - Closing Logger
