11:05:53.899 [main                     ] DEBUG Logger               - Configured Logger
11:05:53.923 [main                     ] DEBUG GameApplication      - Logging settings
Title: All star battle
Version: 0.1
Width: 2048
Height: 1152
Fullscreen: false
Intro: false
Profiling: false
Single step:false
App Mode: DEVELOPER
Menu Key: ESCAPE
Stage Style: DECORATED
Scene Factory: class com.kenny.AllStarBattle.AllStarBattleApp$1

11:05:54.279 [JavaFX Application Thread] DEBUG FXGLApplication      - Initializing FXGL
11:05:54.285 [JavaFX Application Thread] INFO  Engine               - FXGL-17.1 (24.03.2022 17.34) on WINDOWS (J:17.0.6 FX:18)
11:05:54.285 [JavaFX Application Thread] DEBUG Engine               - JRE Vendor Name: Amazon.com Inc.
11:05:54.286 [JavaFX Application Thread] DEBUG Engine               - Running on OS: Windows 11 version 10.0
11:05:54.286 [JavaFX Application Thread] DEBUG Engine               - Architecture: amd64
11:05:54.286 [JavaFX Application Thread] INFO  Engine               - Source code and latest versions at: https://github.com/AlmasB/FXGL
11:05:54.286 [JavaFX Application Thread] INFO  Engine               -       Ask questions and discuss at: https://github.com/AlmasB/FXGL/discussions
11:05:54.287 [JavaFX Application Thread] INFO  Engine               -              Join the FXGL chat at: https://gitter.im/AlmasB/FXGL
11:05:54.344 [JavaFX Application Thread] DEBUG PrimaryStageWindow   - Creating a JavaFX scene
11:05:54.345 [JavaFX Application Thread] DEBUG PrimaryStageWindow   - Target size > screen size
11:05:54.378 [JavaFX Application Thread] DEBUG PrimaryStageWindow   - Target settings size: 2048.0 x 1152.0
11:05:54.379 [JavaFX Application Thread] DEBUG PrimaryStageWindow   - Scaled scene size:    1682.0 x 960.0
11:05:54.379 [JavaFX Application Thread] DEBUG PrimaryStageWindow   - Scaled ratio: (0.8212890625, 0.8333333333333334)
11:05:54.381 [JavaFX Application Thread] DEBUG PrimaryStageWindow   - Set initial scene to StartScene
11:05:54.391 [JavaFX Application Thread] DEBUG PrimaryStageWindow   - Opening main window
11:05:54.515 [JavaFX Application Thread] DEBUG PrimaryStageWindow   - Window border size: (14.6666259765625, 37.33331298828125)
11:05:54.516 [JavaFX Application Thread] DEBUG PrimaryStageWindow   - Scaled size: 1682.0 x 960.0
11:05:54.516 [JavaFX Application Thread] DEBUG PrimaryStageWindow   - Scaled ratio: (0.8212890625, 0.8333333333333334)
11:05:54.516 [JavaFX Application Thread] DEBUG PrimaryStageWindow   - Scene size: 1682.0 x 960.0
11:05:54.517 [JavaFX Application Thread] DEBUG PrimaryStageWindow   - Stage size: 1696.6666259765625 x 997.3333129882812
11:05:54.529 [FXGL Background Thread 1 ] DEBUG Engine               - Initializing environment variables
11:05:54.589 [FXGL Background Thread 1 ] DEBUG FXGLAssetLoaderServi - User app class for loading assets: class com.kenny.AllStarBattle.AllStarBattleApp
11:05:54.589 [FXGL Background Thread 1 ] DEBUG GameApplicationServi - Applying CSS: fxgl_dark.css
11:05:54.590 [FXGL Background Thread 1 ] DEBUG FXGLAssetLoaderServi - Loading from file system: jar:file:///C:/Users/10273/.m2/repository/com/github/almasb/fxgl/17.1/fxgl-17.1.jar!/fxglassets/ui/css/fxgl_dark.css
11:05:54.670 [FXGL Background Thread 1 ] DEBUG GameApplicationServi - Applying CSS: tank.css
11:05:54.671 [FXGL Background Thread 1 ] DEBUG FXGLAssetLoaderServi - Loading from file system: file:/E:/java%20project/tank/target/classes/assets/ui/css/tank.css
11:05:54.673 [FXGL Background Thread 1 ] DEBUG GameApplicationServi - Initializing application scenes
11:05:54.681 [FXGL Background Thread 1 ] DEBUG GameWorld            - Game world initialized
11:05:54.894 [FXGL Background Thread 1 ] DEBUG PhysicsWorld         - Physics world initialized: appHeight=1152, physics.ppm=50.0
11:05:54.894 [FXGL Background Thread 1 ] DEBUG PhysicsWorld         - Using strategy: BRUTE_FORCE
11:05:54.896 [FXGL Background Thread 1 ] DEBUG GameScene            - Game scene initialized: 2048x1152
11:05:54.900 [FXGL Background Thread 1 ] DEBUG FXGLAssetLoaderServi - Loading from file system: file:/E:/java%20project/tank/target/classes/assets/textures/MainMenu.png
11:05:55.017 [FXGL Background Thread 1 ] DEBUG FXGLAssetLoaderServi - Loading from file system: file:/E:/java%20project/tank/target/classes/assets/textures/R-C.jpg
11:05:55.049 [FXGL Background Thread 1 ] DEBUG FXGL.DefaultMenu     - createMenuBodyGameMenu()
11:05:55.055 [FXGL Background Thread 1 ] DEBUG FXGL.DefaultMenu     - createOptionsMenu()
11:05:55.066 [FXGL Background Thread 1 ] DEBUG FXGLAssetLoaderServi - Loading from file system: jar:file:///C:/Users/10273/.m2/repository/com/github/almasb/fxgl/17.1/fxgl-17.1.jar!/fxglassets/textures/particles/smoke.png
11:05:55.144 [FXGL Background Thread 1 ] DEBUG FXGLAssetLoaderServi - Loading from file system: jar:file:///C:/Users/10273/.m2/repository/com/github/almasb/fxgl/17.1/fxgl-17.1.jar!/fxglassets/textures/particles/trace_horizontal.png
11:05:55.153 [FXGL Background Thread 1 ] DEBUG GameApplicationServi - Application scenes initialized
11:05:55.163 [FXGL Background Thread 1 ] DEBUG SystemBundleService  - Loading FXGL system data
11:05:55.172 [FXGL Background Thread 1 ] DEBUG FileSystemAccess     - Reading from: E:\java project\tank\system\fxgl.bundle
11:05:55.181 [FXGL Background Thread 1 ] DEBUG SystemBundleService  - Bundle FXGL: {}
11:05:55.182 [FXGL Background Thread 1 ] DEBUG UpdaterService       - Checking for updates
11:05:55.185 [FXGL Background Thread 4 ] DEBUG FXGLApplication      - Loading fonts
11:05:55.185 [FXGL Background Thread 1 ] DEBUG FXGLApplication      - Loading default localization
11:05:55.186 [FXGL Background Thread 4 ] DEBUG FXGLAssetLoaderServi - Loading from file system: jar:file:///C:/Users/10273/.m2/repository/com/github/almasb/fxgl/17.1/fxgl-17.1.jar!/fxglassets/ui/fonts/VarelaRound-Regular.ttf
11:05:55.186 [FXGL Background Thread 1 ] DEBUG FXGLAssetLoaderServi - Loading from file system: jar:file:///C:/Users/10273/.m2/repository/com/github/almasb/fxgl/17.1/fxgl-17.1.jar!/fxglassets/languages/english.lang
11:05:55.213 [FXGL Background Thread 1 ] INFO  FXGLApplication      - FXGL initialization took: 0.684 sec
11:05:55.226 [JavaFX Application Thread] DEBUG Input                - Registered new binding: action0 - Up
11:05:55.226 [JavaFX Application Thread] DEBUG Input                - Registered new binding: action1 - Down
11:05:55.228 [JavaFX Application Thread] DEBUG Input                - Registered new binding: action2 - Left
11:05:55.229 [JavaFX Application Thread] DEBUG Input                - Registered new binding: action3 - Right
11:05:55.229 [JavaFX Application Thread] DEBUG Input                - Registered new binding: action4 - Space
11:05:55.230 [JavaFX Application Thread] DEBUG FXGLAssetLoaderServi - Loading from file system: file:/E:/java%20project/tank/target/classes/assets/textures/joker.jpg
11:05:55.257 [FXGL Background Thread 4 ] DEBUG FXGLAssetLoaderServi - Loading from file system: jar:file:///C:/Users/10273/.m2/repository/com/github/almasb/fxgl/17.1/fxgl-17.1.jar!/fxglassets/ui/fonts/Abel-Regular.ttf
11:05:55.260 [FXGL Background Thread 4 ] DEBUG FXGLAssetLoaderServi - Loading from file system: jar:file:///C:/Users/10273/.m2/repository/com/github/almasb/fxgl/17.1/fxgl-17.1.jar!/fxglassets/ui/fonts/TerminalLandMono-Regular.otf
11:05:55.262 [FXGL Background Thread 4 ] DEBUG FXGLAssetLoaderServi - Loading from file system: jar:file:///C:/Users/10273/.m2/repository/com/github/almasb/fxgl/17.1/fxgl-17.1.jar!/fxglassets/ui/fonts/Courier-Prime.ttf
11:05:55.269 [JavaFX Application Thread] DEBUG FXGLAssetLoaderServi - Loading from file system: jar:file:///C:/Users/10273/.m2/repository/com/github/almasb/fxgl/17.1/fxgl-17.1.jar!/fxglassets/textures/fxgl_default_cursor.png
11:05:55.274 [JavaFX Application Thread] DEBUG Input                - Registered new binding: Screenshot - CTRL+8
11:05:55.275 [JavaFX Application Thread] DEBUG Input                - Registered new binding: System info dump - CTRL+9
11:05:55.276 [JavaFX Application Thread] DEBUG Input                - Registered new binding: Restart - CTRL+R
11:05:55.278 [JavaFX Application Thread] DEBUG Input                - Registered new binding: Toggle Debug Camera - CTRL+7
11:05:55.282 [JavaFX Application Thread] DEBUG LoopRunner           - Starting loop
11:05:55.283 [JavaFX Application Thread] DEBUG LoopRunner           - Initializing JavaFX AnimationTimerLoop
11:05:55.288 [JavaFX Application Thread] DEBUG Input                - Clearing active input actions
11:05:55.297 [JavaFX Application Thread] DEBUG GameApplicationServi - Removing overlay from StartScene and adding to FXGLMainMenuDummyScene
11:05:55.298 [JavaFX Application Thread] DEBUG PrimaryStageWindow   - StartScene -> FXGLMainMenuDummyScene
11:05:55.298 [JavaFX Application Thread] DEBUG PrimaryStageWindow   - Push state: Main_menu
11:05:55.299 [JavaFX Application Thread] DEBUG Input                - Clearing active input actions
11:05:55.314 [JavaFX Application Thread] DEBUG GameApplicationServi - Removing overlay from FXGLMainMenuDummyScene and adding to Main_menu
11:05:55.315 [JavaFX Application Thread] DEBUG PrimaryStageWindow   - FXGLMainMenuDummyScene -> Main_menu
11:05:55.323 [JavaFX Application Thread] DEBUG FXGLApplication      - Registering font factories with UI factory
11:05:56.182 [FXGL Background Thread 2 ] INFO  UpdaterService       - Your current version:  17.1
11:05:56.183 [FXGL Background Thread 2 ] INFO  UpdaterService       - Latest stable version: 17.3
11:05:58.185 [FXGL Background Thread 3 ] DEBUG Engine               - Logging environment variables
11:05:58.186 [FXGL Background Thread 3 ] DEBUG Engine               - achievements: []
11:05:58.186 [FXGL Background Thread 3 ] DEBUG Engine               - actualHeight: 960.0
11:05:58.186 [FXGL Background Thread 3 ] DEBUG Engine               - actualHeightProperty: ReadOnlyDoubleProperty [value: 960.0]
11:05:58.186 [FXGL Background Thread 3 ] DEBUG Engine               - actualWidth: 1682.0
11:05:58.186 [FXGL Background Thread 3 ] DEBUG Engine               - actualWidthProperty: ReadOnlyDoubleProperty [value: 1682.0]
11:05:58.187 [FXGL Background Thread 3 ] DEBUG Engine               - appIcon: joker.jpg
11:05:58.187 [FXGL Background Thread 3 ] DEBUG Engine               - applicationMode: DEVELOPER
11:05:58.187 [FXGL Background Thread 3 ] DEBUG Engine               - cSSList: [fxgl_dark.css, tank.css]
11:05:58.187 [FXGL Background Thread 3 ] DEBUG Engine               - collisionDetectionStrategy: BRUTE_FORCE
11:05:58.188 [FXGL Background Thread 3 ] DEBUG Engine               - configClass: Optional.empty
11:05:58.188 [FXGL Background Thread 3 ] DEBUG Engine               - credits: []
11:05:58.192 [FXGL Background Thread 3 ] DEBUG Engine               - defaultCursor: CursorInfo(imageName=fxgl_default_cursor.png, hotspotX=7.0, hotspotY=6.0)
11:05:58.192 [FXGL Background Thread 3 ] DEBUG Engine               - devBBoxColorProperty: ObjectProperty [value: 0xff0000ff]
11:05:58.192 [FXGL Background Thread 3 ] DEBUG Engine               - devEnableDebugCameraProperty: BooleanProperty [value: false]
11:05:58.192 [FXGL Background Thread 3 ] DEBUG Engine               - devSensorColorProperty: ObjectProperty [value: 0xffff00ff]
11:05:58.192 [FXGL Background Thread 3 ] DEBUG Engine               - devShowBBoxProperty: BooleanProperty [value: false]
11:05:58.193 [FXGL Background Thread 3 ] DEBUG Engine               - devShowPositionProperty: BooleanProperty [value: false]
11:05:58.193 [FXGL Background Thread 3 ] DEBUG Engine               - enabledMenuItems: []
11:05:58.193 [FXGL Background Thread 3 ] DEBUG Engine               - engineServices: [class com.almasb.fxgl.app.services.FXGLAssetLoaderService, class com.almasb.fxgl.app.FXGLApplication$GameApplicationService, class com.almasb.fxgl.app.services.FXGLDialogService, class com.almasb.fxgl.app.services.IOTaskExecutorService, class com.almasb.fxgl.io.FileSystemService, class com.almasb.fxgl.localization.LocalizationService, class com.almasb.fxgl.app.services.SystemBundleService, class com.almasb.fxgl.profile.SaveLoadService, class com.almasb.fxgl.ui.FXGLUIFactoryServiceProvider, class com.almasb.fxgl.ui.FXGLDialogFactoryServiceProvider, class com.almasb.fxgl.audio.AudioPlayer, class com.almasb.fxgl.notification.impl.NotificationServiceProvider, class com.almasb.fxgl.achievement.AchievementService, class com.almasb.fxgl.cutscene.CutsceneService, class com.almasb.fxgl.minigames.MiniGameService, class com.almasb.fxgl.net.NetService, class com.almasb.fxgl.app.services.UpdaterService, class com.almasb.fxgl.dev.DevService]
11:05:58.193 [FXGL Background Thread 3 ] DEBUG Engine               - fontGame: Abel-Regular.ttf
11:05:58.193 [FXGL Background Thread 3 ] DEBUG Engine               - fontMono: TerminalLandMono-Regular.otf
11:05:58.193 [FXGL Background Thread 3 ] DEBUG Engine               - fontText: Courier-Prime.ttf
11:05:58.193 [FXGL Background Thread 3 ] DEBUG Engine               - fontUI: VarelaRound-Regular.ttf
11:05:58.193 [FXGL Background Thread 3 ] DEBUG Engine               - fullScreen: BooleanProperty [value: false]
11:05:58.193 [FXGL Background Thread 3 ] DEBUG Engine               - gameDifficulty: MEDIUM
11:05:58.193 [FXGL Background Thread 3 ] DEBUG Engine               - gameDifficultyProperty: ObjectProperty [value: MEDIUM]
11:05:58.193 [FXGL Background Thread 3 ] DEBUG Engine               - globalMusicVolume: 0.5
11:05:58.193 [FXGL Background Thread 3 ] DEBUG Engine               - globalMusicVolumeProperty: DoubleProperty [value: 0.5]
11:05:58.193 [FXGL Background Thread 3 ] DEBUG Engine               - globalSoundVolume: 0.5
11:05:58.193 [FXGL Background Thread 3 ] DEBUG Engine               - globalSoundVolumeProperty: DoubleProperty [value: 0.8]
11:05:58.193 [FXGL Background Thread 3 ] DEBUG Engine               - height: 1152
11:05:58.193 [FXGL Background Thread 3 ] DEBUG Engine               - is3D: false
11:05:58.193 [FXGL Background Thread 3 ] DEBUG Engine               - isAndroid: false
11:05:58.195 [FXGL Background Thread 3 ] DEBUG Engine               - isBrowser: false
11:05:58.195 [FXGL Background Thread 3 ] DEBUG Engine               - isClickFeedbackEnabled: false
11:05:58.195 [FXGL Background Thread 3 ] DEBUG Engine               - isCloseConfirmation: false
11:05:58.195 [FXGL Background Thread 3 ] DEBUG Engine               - isDesktop: true
11:05:58.195 [FXGL Background Thread 3 ] DEBUG Engine               - isDeveloperMenuEnabled: false
11:05:58.195 [FXGL Background Thread 3 ] DEBUG Engine               - isEmbedded: false
11:05:58.195 [FXGL Background Thread 3 ] DEBUG Engine               - isEntityPreloadEnabled: true
11:05:58.195 [FXGL Background Thread 3 ] DEBUG Engine               - isExperimentalTiledLargeMap: false
11:05:58.195 [FXGL Background Thread 3 ] DEBUG Engine               - isFileSystemWriteAllowed: true
11:05:58.195 [FXGL Background Thread 3 ] DEBUG Engine               - isFullScreenAllowed: false
11:05:58.195 [FXGL Background Thread 3 ] DEBUG Engine               - isFullScreenFromStart: false
11:05:58.195 [FXGL Background Thread 3 ] DEBUG Engine               - isGameMenuEnabled: true
11:05:58.195 [FXGL Background Thread 3 ] DEBUG Engine               - isIOS: false
11:05:58.195 [FXGL Background Thread 3 ] DEBUG Engine               - isIntroEnabled: false
11:05:58.195 [FXGL Background Thread 3 ] DEBUG Engine               - isLinux: false
11:05:58.195 [FXGL Background Thread 3 ] DEBUG Engine               - isMac: false
11:05:58.195 [FXGL Background Thread 3 ] DEBUG Engine               - isMainMenuEnabled: true
11:05:58.195 [FXGL Background Thread 3 ] DEBUG Engine               - isManualResizeEnabled: false
11:05:58.195 [FXGL Background Thread 3 ] DEBUG Engine               - isMobile: false
11:05:58.195 [FXGL Background Thread 3 ] DEBUG Engine               - isNative: false
11:05:58.195 [FXGL Background Thread 3 ] DEBUG Engine               - isPauseMusicWhenMinimized: true
11:05:58.195 [FXGL Background Thread 3 ] DEBUG Engine               - isPreserveResizeRatio: false
11:05:58.195 [FXGL Background Thread 3 ] DEBUG Engine               - isProfilingEnabled: false
11:05:58.195 [FXGL Background Thread 3 ] DEBUG Engine               - isScaleAffectedOnResize: true
11:05:58.195 [FXGL Background Thread 3 ] DEBUG Engine               - isSingleStep: false
11:05:58.195 [FXGL Background Thread 3 ] DEBUG Engine               - isUserProfileEnabled: false
11:05:58.195 [FXGL Background Thread 3 ] DEBUG Engine               - isWindows: true
11:05:58.195 [FXGL Background Thread 3 ] DEBUG Engine               - language: ObjectProperty [value: ENGLISH]
11:05:58.195 [FXGL Background Thread 3 ] DEBUG Engine               - menuKey: ESCAPE
11:05:58.196 [FXGL Background Thread 3 ] DEBUG Engine               - mouseSensitivity: 0.2
11:05:58.196 [FXGL Background Thread 3 ] DEBUG Engine               - notificationViewClass: class com.almasb.fxgl.notification.view.XboxNotificationView
11:05:58.196 [FXGL Background Thread 3 ] DEBUG Engine               - pixelsPerMeter: 50.0
11:05:58.196 [FXGL Background Thread 3 ] DEBUG Engine               - platform: WINDOWS
11:05:58.196 [FXGL Background Thread 3 ] DEBUG Engine               - prefHeightProperty: ReadOnlyDoubleProperty [value: 1152.0]
11:05:58.196 [FXGL Background Thread 3 ] DEBUG Engine               - prefWidthProperty: ReadOnlyDoubleProperty [value: 2048.0]
11:05:58.196 [FXGL Background Thread 3 ] DEBUG Engine               - profileDir: profiles/
11:05:58.196 [FXGL Background Thread 3 ] DEBUG Engine               - profileName: StringProperty [value: DEFAULT]
11:05:58.196 [FXGL Background Thread 3 ] DEBUG Engine               - randomSeed: -1
11:05:58.196 [FXGL Background Thread 3 ] DEBUG Engine               - runtimeInfo: RuntimeInfo(platform=WINDOWS, version=17.1, build=24.03.2022 17.34)
11:05:58.196 [FXGL Background Thread 3 ] DEBUG Engine               - saveFileExt: sav
11:05:58.196 [FXGL Background Thread 3 ] DEBUG Engine               - scaledHeightProp$fxgl: DoubleProperty [bound, value: 960.0]
11:05:58.196 [FXGL Background Thread 3 ] DEBUG Engine               - scaledWidthProp$fxgl: DoubleProperty [bound, value: 1682.0]
11:05:58.196 [FXGL Background Thread 3 ] DEBUG Engine               - sceneFactory: com.kenny.AllStarBattle.AllStarBattleApp$1@a9ec49d
11:05:58.196 [FXGL Background Thread 3 ] DEBUG Engine               - secondsIn24h: 60
11:05:58.196 [FXGL Background Thread 3 ] DEBUG Engine               - soundMenuBack: menu/back.wav
11:05:58.196 [FXGL Background Thread 3 ] DEBUG Engine               - soundMenuPress: menu/press.wav
11:05:58.196 [FXGL Background Thread 3 ] DEBUG Engine               - soundMenuSelect: menu/select.wav
11:05:58.196 [FXGL Background Thread 3 ] DEBUG Engine               - soundNotification: core/notification.wav
11:05:58.196 [FXGL Background Thread 3 ] DEBUG Engine               - stageStyle: DECORATED
11:05:58.196 [FXGL Background Thread 3 ] DEBUG Engine               - supportedLanguages: [ENGLISH, FRENCH, GERMAN, HUNGARIAN, RUSSIAN]
11:05:58.196 [FXGL Background Thread 3 ] DEBUG Engine               - ticksPerSecond: -1
11:05:58.196 [FXGL Background Thread 3 ] DEBUG Engine               - title: All star battle
11:05:58.196 [FXGL Background Thread 3 ] DEBUG Engine               - urlGithub: https://github.com/AlmasB/FXGL
11:05:58.197 [FXGL Background Thread 3 ] DEBUG Engine               - urlLeaderboard: http://fxgl-top.herokuapp.com/
11:05:58.197 [FXGL Background Thread 3 ] DEBUG Engine               - urlPOM: https://raw.githubusercontent.com/AlmasB/FXGL/release/README.md
11:05:58.197 [FXGL Background Thread 3 ] DEBUG Engine               - userAppClass: class com.kenny.AllStarBattle.AllStarBattleApp
11:05:58.197 [FXGL Background Thread 3 ] DEBUG Engine               - version: 0.1
11:05:58.197 [FXGL Background Thread 3 ] DEBUG Engine               - versionCheckDays: 7
11:05:58.197 [FXGL Background Thread 3 ] DEBUG Engine               - width: 2048
11:05:58.197 [FXGL Background Thread 3 ] DEBUG Engine               - Logging services
11:05:58.197 [FXGL Background Thread 3 ] DEBUG Engine               - class com.almasb.fxgl.app.services.FXGLAssetLoaderService
11:05:58.197 [FXGL Background Thread 3 ] DEBUG Engine               - class com.almasb.fxgl.app.FXGLApplication$GameApplicationService
11:05:58.197 [FXGL Background Thread 3 ] DEBUG Engine               - class com.almasb.fxgl.app.services.FXGLDialogService
11:05:58.197 [FXGL Background Thread 3 ] DEBUG Engine               - class com.almasb.fxgl.app.services.IOTaskExecutorService
11:05:58.197 [FXGL Background Thread 3 ] DEBUG Engine               - class com.almasb.fxgl.io.FileSystemService
11:05:58.197 [FXGL Background Thread 3 ] DEBUG Engine               - class com.almasb.fxgl.localization.LocalizationService
11:05:58.197 [FXGL Background Thread 3 ] DEBUG Engine               - class com.almasb.fxgl.app.services.SystemBundleService
11:05:58.197 [FXGL Background Thread 3 ] DEBUG Engine               - class com.almasb.fxgl.profile.SaveLoadService
11:05:58.197 [FXGL Background Thread 3 ] DEBUG Engine               - class com.almasb.fxgl.ui.FXGLUIFactoryServiceProvider
11:05:58.197 [FXGL Background Thread 3 ] DEBUG Engine               - class com.almasb.fxgl.ui.FXGLDialogFactoryServiceProvider
11:05:58.197 [FXGL Background Thread 3 ] DEBUG Engine               - class com.almasb.fxgl.audio.AudioPlayer
11:05:58.197 [FXGL Background Thread 3 ] DEBUG Engine               - class com.almasb.fxgl.notification.impl.NotificationServiceProvider
11:05:58.197 [FXGL Background Thread 3 ] DEBUG Engine               - class com.almasb.fxgl.achievement.AchievementService
11:05:58.197 [FXGL Background Thread 3 ] DEBUG Engine               - class com.almasb.fxgl.cutscene.CutsceneService
11:05:58.197 [FXGL Background Thread 3 ] DEBUG Engine               - class com.almasb.fxgl.minigames.MiniGameService
11:05:58.197 [FXGL Background Thread 3 ] DEBUG Engine               - class com.almasb.fxgl.net.NetService
11:05:58.197 [FXGL Background Thread 3 ] DEBUG Engine               - class com.almasb.fxgl.app.services.UpdaterService
11:05:58.197 [FXGL Background Thread 3 ] DEBUG Engine               - class com.almasb.fxgl.dev.DevService
11:06:09.586 [JavaFX Application Thread] DEBUG GameApplicationServi - Starting new game
11:06:09.587 [JavaFX Application Thread] DEBUG PrimaryStageWindow   - Pop state: Main_menu
11:06:09.587 [JavaFX Application Thread] DEBUG Input                - Clearing active input actions
11:06:09.587 [JavaFX Application Thread] DEBUG GameApplicationServi - Removing overlay from Main_menu and adding to FXGLMainMenuDummyScene
11:06:09.588 [JavaFX Application Thread] DEBUG PrimaryStageWindow   - FXGLMainMenuDummyScene <- Main_menu
11:06:09.588 [JavaFX Application Thread] DEBUG Input                - Clearing active input actions
11:06:09.592 [JavaFX Application Thread] DEBUG GameApplicationServi - Removing overlay from FXGLMainMenuDummyScene and adding to Loading_Scene
11:06:09.594 [JavaFX Application Thread] DEBUG PrimaryStageWindow   - FXGLMainMenuDummyScene -> Loading_Scene
11:06:09.594 [JavaFX Application Thread] DEBUG GameApplicationServi - Clearing previous game
11:06:09.594 [JavaFX Application Thread] DEBUG GameScene            - Clearing game scene
11:06:09.594 [JavaFX Application Thread] DEBUG GameWorld            - Clearing game world
11:06:09.595 [JavaFX Application Thread] DEBUG PhysicsWorld         - Clearing physics world
11:06:09.600 [FXGL Background Thread 2 ] DEBUG FXGLApplication      - Initializing game
11:06:09.640 [FXGL Background Thread 2 ] WARN  TMXLevelLoader       - TiledMap generated from 1.8.4. Supported version: 1.4.2. Some features may not be parsed fully.
11:06:09.654 [FXGL Background Thread 2 ] DEBUG TMXLevelLoader       - Parsed TiledMap: file:/E:/java%20project/tank/target/classes/assets/levels/test1.tmx
11:06:09.655 [FXGL Background Thread 2 ] DEBUG TMXLevelLoader       - Creating tile layer entities
11:06:09.656 [FXGL Background Thread 2 ] DEBUG TMXLevelLoader       - Creating object layer entities
11:06:09.714 [FXGL Background Thread 2 ] DEBUG GameWorld            - Clearing removable entities
11:06:09.716 [FXGL Background Thread 2 ] DEBUG GameWorld            - Setting level: com.almasb.fxgl.entity.level.Level@39dece8b
11:06:09.743 [FXGL Background Thread 2 ] DEBUG FXGLAssetLoaderServi - Loading from file system: file:/E:/java%20project/tank/target/classes/assets/textures/element/Tank.png
11:06:09.745 [FXGL Background Thread 2 ] DEBUG FXGLAssetLoaderServi - Loading from file system: file:/E:/java%20project/tank/target/classes/assets/textures/Enemytank.png
11:06:09.748 [FXGL Background Thread 2 ] DEBUG FXGLAssetLoaderServi - Loading from file system: file:/E:/java%20project/tank/target/classes/assets/textures/Chicken.png
11:06:09.752 [FXGL Background Thread 2 ] DEBUG FXGLAssetLoaderServi - Loading from file system: file:/E:/java%20project/tank/target/classes/assets/textures/BossTank.png
11:06:09.756 [FXGL Background Thread 2 ] INFO  FXGLApplication      - Game initialization took: 0.157 sec
11:06:09.757 [JavaFX Application Thread] DEBUG Input                - Clearing active input actions
11:06:09.762 [JavaFX Application Thread] DEBUG GameApplicationServi - Removing overlay from Loading_Scene and adding to GameScene
11:06:09.762 [JavaFX Application Thread] DEBUG PrimaryStageWindow   - Loading_Scene -> GameScene
11:06:10.370 [JavaFX Application Thread] DEBUG FXGLAssetLoaderServi - Loading from file system: file:/E:/java%20project/tank/target/classes/assets/textures/element/Enemybullet.png
11:06:10.449 [JavaFX Application Thread] DEBUG FXGLAssetLoaderServi - Loading from file system: file:/E:/java%20project/tank/target/classes/assets/textures/SmallBoom.png
11:06:11.295 [JavaFX Application Thread] DEBUG FXGLAssetLoaderServi - Loading from file system: file:/E:/java%20project/tank/target/classes/assets/sounds/boom.wav
11:06:11.346 [JavaFX Application Thread] DEBUG FXGLAssetLoaderServi - Loading from file system: file:/E:/java%20project/tank/target/classes/assets/textures/element/Bullet.png
11:06:12.109 [JavaFX Application Thread] DEBUG FXGLAssetLoaderServi - Loading from file system: file:/E:/java%20project/tank/target/classes/assets/textures/boom.png
11:06:12.542 [JavaFX Application Thread] DEBUG FXGLAssetLoaderServi - Loading from file system: file:/E:/java%20project/tank/target/classes/assets/textures/Props/LUCKYBLOCK.png
11:06:16.558 [JavaFX Application Thread] DEBUG FXGLAssetLoaderServi - Loading from file system: file:/E:/java%20project/tank/target/classes/assets/textures/Props/PORTAL.png
11:06:20.785 [JavaFX Application Thread] DEBUG FXGLAssetLoaderServi - Loading from file system: file:/E:/java%20project/tank/target/classes/assets/textures/Props/GOD.png
11:06:23.144 [JavaFX Application Thread] DEBUG FXGLAssetLoaderServi - Loading from file system: file:/E:/java%20project/tank/target/classes/assets/textures/Props/GODeffect.png
11:06:47.708 [JavaFX Application Thread] DEBUG FXGLAssetLoaderServi - Loading from file system: file:/E:/java%20project/tank/target/classes/assets/textures/Props/PORTIONeffect.png
11:07:11.211 [JavaFX Application Thread] DEBUG PrimaryStageWindow   - Push state: SuccessScene
11:07:11.211 [JavaFX Application Thread] DEBUG Input                - Clearing active input actions
11:07:11.212 [JavaFX Application Thread] DEBUG GameApplicationServi - Removing overlay from GameScene and adding to SuccessScene
11:07:11.212 [JavaFX Application Thread] DEBUG PrimaryStageWindow   - GameScene -> SuccessScene
11:07:12.719 [JavaFX Application Thread] DEBUG PrimaryStageWindow   - Pop state: SuccessScene
11:07:12.719 [JavaFX Application Thread] DEBUG Input                - Clearing active input actions
11:07:12.719 [JavaFX Application Thread] DEBUG GameApplicationServi - Removing overlay from SuccessScene and adding to GameScene
11:07:12.720 [JavaFX Application Thread] DEBUG PrimaryStageWindow   - GameScene <- SuccessScene
11:07:12.725 [JavaFX Application Thread] WARN  TMXLevelLoader       - TiledMap generated from 1.8.4. Supported version: 1.4.2. Some features may not be parsed fully.
11:07:12.729 [JavaFX Application Thread] DEBUG TMXLevelLoader       - Parsed TiledMap: file:/E:/java%20project/tank/target/classes/assets/levels/test2.tmx
11:07:12.729 [JavaFX Application Thread] DEBUG TMXLevelLoader       - Creating tile layer entities
11:07:12.731 [JavaFX Application Thread] DEBUG TMXLevelLoader       - Creating object layer entities
11:07:12.745 [JavaFX Application Thread] DEBUG GameWorld            - Clearing removable entities
11:07:12.753 [JavaFX Application Thread] DEBUG GameWorld            - Setting level: com.almasb.fxgl.entity.level.Level@2fe288f6
11:07:27.485 [JavaFX Application Thread] DEBUG PrimaryStageWindow   - Push state: EggScene
11:07:27.485 [JavaFX Application Thread] DEBUG FXGLAssetLoaderServi - Loading from file system: file:/E:/java%20project/tank/target/classes/assets/music/chicken.mp3
11:07:27.506 [JavaFX Application Thread] DEBUG AudioPlayer          - Playing music com.almasb.fxgl.audio.Music@6e1f84e5
11:07:27.506 [JavaFX Application Thread] DEBUG Input                - Clearing active input actions
11:07:27.506 [JavaFX Application Thread] DEBUG GameApplicationServi - Removing overlay from GameScene and adding to EggScene
11:07:27.506 [JavaFX Application Thread] DEBUG PrimaryStageWindow   - GameScene -> EggScene
11:07:32.495 [JavaFX Application Thread] DEBUG PrimaryStageWindow   - Pop state: EggScene
11:07:32.495 [JavaFX Application Thread] DEBUG Input                - Clearing active input actions
11:07:32.495 [JavaFX Application Thread] DEBUG GameApplicationServi - Removing overlay from EggScene and adding to GameScene
11:07:32.495 [JavaFX Application Thread] DEBUG PrimaryStageWindow   - GameScene <- EggScene
11:07:32.498 [JavaFX Application Thread] WARN  TMXLevelLoader       - TiledMap generated from 1.8.4. Supported version: 1.4.2. Some features may not be parsed fully.
11:07:32.500 [JavaFX Application Thread] DEBUG TMXLevelLoader       - Parsed TiledMap: file:/E:/java%20project/tank/target/classes/assets/levels/Chicken.tmx
11:07:32.500 [JavaFX Application Thread] DEBUG TMXLevelLoader       - Creating tile layer entities
11:07:32.500 [JavaFX Application Thread] DEBUG TMXLevelLoader       - Creating object layer entities
11:07:32.511 [JavaFX Application Thread] DEBUG GameWorld            - Clearing removable entities
11:07:32.513 [JavaFX Application Thread] DEBUG GameWorld            - Setting level: com.almasb.fxgl.entity.level.Level@6c1eb65b
11:07:32.522 [JavaFX Application Thread] DEBUG FXGLAssetLoaderServi - Loading from file system: file:/E:/java%20project/tank/target/classes/assets/textures/people.png
11:07:34.015 [JavaFX Application Thread] DEBUG FXGLAssetLoaderServi - Loading from file system: file:/E:/java%20project/tank/target/classes/assets/sounds/JI%20(1).wav
11:07:34.034 [JavaFX Application Thread] DEBUG FXGLAssetLoaderServi - Loading from file system: file:/E:/java%20project/tank/target/classes/assets/textures/element/Good.png
11:07:36.313 [JavaFX Application Thread] DEBUG FXGLAssetLoaderServi - Loading from file system: file:/E:/java%20project/tank/target/classes/assets/textures/Egg.png
11:07:42.215 [JavaFX Application Thread] DEBUG FXGLAssetLoaderServi - Loading from file system: file:/E:/java%20project/tank/target/classes/assets/textures/element/Enemy1.png
11:07:47.487 [JavaFX Application Thread] DEBUG FXGLAssetLoaderServi - Loading from file system: file:/E:/java%20project/tank/target/classes/assets/textures/element/Enemy2.png
11:08:08.335 [JavaFX Application Thread] DEBUG PrimaryStageWindow   - Push state: FXGLDefaultMenu
11:08:08.336 [JavaFX Application Thread] DEBUG Input                - Clearing active input actions
11:08:08.336 [JavaFX Application Thread] DEBUG GameApplicationServi - Removing overlay from GameScene and adding to FXGLDefaultMenu
11:08:08.336 [JavaFX Application Thread] DEBUG PrimaryStageWindow   - GameScene -> FXGLDefaultMenu
11:08:10.346 [JavaFX Application Thread] DEBUG Menu                 - fireExitToMainMenu()
11:08:10.348 [JavaFX Application Thread] DEBUG PrimaryStageWindow   - Push state: DialogSubScene
11:08:10.349 [JavaFX Application Thread] DEBUG Input                - Clearing active input actions
11:08:10.349 [JavaFX Application Thread] DEBUG GameApplicationServi - Removing overlay from FXGLDefaultMenu and adding to DialogSubScene
11:08:10.349 [JavaFX Application Thread] DEBUG PrimaryStageWindow   - FXGLDefaultMenu -> DialogSubScene
11:08:11.608 [JavaFX Application Thread] DEBUG PrimaryStageWindow   - Pop state: DialogSubScene
11:08:11.608 [JavaFX Application Thread] DEBUG Input                - Clearing active input actions
11:08:11.608 [JavaFX Application Thread] DEBUG GameApplicationServi - Removing overlay from DialogSubScene and adding to FXGLDefaultMenu
11:08:11.608 [JavaFX Application Thread] DEBUG PrimaryStageWindow   - FXGLDefaultMenu <- DialogSubScene
11:08:11.610 [JavaFX Application Thread] DEBUG PrimaryStageWindow   - Pop state: FXGLDefaultMenu
11:08:11.610 [JavaFX Application Thread] DEBUG Input                - Clearing active input actions
11:08:11.610 [JavaFX Application Thread] DEBUG GameApplicationServi - Removing overlay from FXGLDefaultMenu and adding to GameScene
11:08:11.610 [JavaFX Application Thread] DEBUG PrimaryStageWindow   - GameScene <- FXGLDefaultMenu
11:08:11.610 [JavaFX Application Thread] DEBUG Input                - Clearing active input actions
11:08:11.615 [JavaFX Application Thread] DEBUG GameApplicationServi - Removing overlay from GameScene and adding to FXGLMainMenuDummyScene
11:08:11.615 [JavaFX Application Thread] DEBUG PrimaryStageWindow   - GameScene -> FXGLMainMenuDummyScene
11:08:11.615 [JavaFX Application Thread] DEBUG PrimaryStageWindow   - Push state: Main_menu
11:08:11.615 [JavaFX Application Thread] DEBUG Input                - Clearing active input actions
11:08:11.617 [JavaFX Application Thread] DEBUG GameApplicationServi - Removing overlay from FXGLMainMenuDummyScene and adding to Main_menu
11:08:11.617 [JavaFX Application Thread] DEBUG PrimaryStageWindow   - FXGLMainMenuDummyScene -> Main_menu
11:08:18.004 [JavaFX Application Thread] DEBUG FXGLApplication      - Exiting FXGL
11:08:18.004 [JavaFX Application Thread] DEBUG LoopRunner           - Stopping loop
11:08:18.004 [JavaFX Application Thread] DEBUG SystemBundleService  - Saving FXGL system data
11:08:18.007 [JavaFX Application Thread] DEBUG FileSystemAccess     - Writing to: E:\java project\tank\system\fxgl.bundle
11:08:18.008 [JavaFX Application Thread] DEBUG Async                - Shutting down background threads
11:08:18.008 [JavaFX Application Thread] DEBUG PrimaryStageWindow   - Closing main window
11:08:18.038 [JavaFX Application Thread] DEBUG Logger               - Closing Logger
