11:08:24.560 [main                     ] DEBUG Logger               - Configured Logger
11:08:24.589 [main                     ] DEBUG GameApplication      - Logging settings
Title: All star battle
Version: 0.1
Width: 2048
Height: 1152
Fullscreen: false
Intro: false
Profiling: false
Single step:false
App Mode: DEVELOPER
Menu Key: ESCAPE
Stage Style: DECORATED
Scene Factory: class com.kenny.AllStarBattle.AllStarBattleApp$1

11:08:25.055 [JavaFX Application Thread] DEBUG FXGLApplication      - Initializing FXGL
11:08:25.058 [JavaFX Application Thread] INFO  Engine               - FXGL-17.1 (24.03.2022 17.34) on WINDOWS (J:17.0.6 FX:18)
11:08:25.059 [JavaFX Application Thread] DEBUG Engine               - JRE Vendor Name: Amazon.com Inc.
11:08:25.059 [JavaFX Application Thread] DEBUG Engine               - Running on OS: Windows 11 version 10.0
11:08:25.059 [JavaFX Application Thread] DEBUG Engine               - Architecture: amd64
11:08:25.059 [JavaFX Application Thread] INFO  Engine               - Source code and latest versions at: https://github.com/AlmasB/FXGL
11:08:25.059 [JavaFX Application Thread] INFO  Engine               -       Ask questions and discuss at: https://github.com/AlmasB/FXGL/discussions
11:08:25.059 [JavaFX Application Thread] INFO  Engine               -              Join the FXGL chat at: https://gitter.im/AlmasB/FXGL
11:08:25.118 [JavaFX Application Thread] DEBUG PrimaryStageWindow   - Creating a JavaFX scene
11:08:25.118 [JavaFX Application Thread] DEBUG PrimaryStageWindow   - Target size > screen size
11:08:25.155 [JavaFX Application Thread] DEBUG PrimaryStageWindow   - Target settings size: 2048.0 x 1152.0
11:08:25.155 [JavaFX Application Thread] DEBUG PrimaryStageWindow   - Scaled scene size:    1682.0 x 960.0
11:08:25.155 [JavaFX Application Thread] DEBUG PrimaryStageWindow   - Scaled ratio: (0.8212890625, 0.8333333333333334)
11:08:25.156 [JavaFX Application Thread] DEBUG PrimaryStageWindow   - Set initial scene to StartScene
11:08:25.163 [JavaFX Application Thread] DEBUG PrimaryStageWindow   - Opening main window
11:08:25.288 [JavaFX Application Thread] DEBUG PrimaryStageWindow   - Window border size: (14.6666259765625, 37.33331298828125)
11:08:25.288 [JavaFX Application Thread] DEBUG PrimaryStageWindow   - Scaled size: 1682.0 x 960.0
11:08:25.288 [JavaFX Application Thread] DEBUG PrimaryStageWindow   - Scaled ratio: (0.8212890625, 0.8333333333333334)
11:08:25.289 [JavaFX Application Thread] DEBUG PrimaryStageWindow   - Scene size: 1682.0 x 960.0
11:08:25.289 [JavaFX Application Thread] DEBUG PrimaryStageWindow   - Stage size: 1696.6666259765625 x 997.3333129882812
11:08:25.301 [FXGL Background Thread 1 ] DEBUG Engine               - Initializing environment variables
11:08:25.343 [FXGL Background Thread 1 ] DEBUG FXGLAssetLoaderServi - User app class for loading assets: class com.kenny.AllStarBattle.AllStarBattleApp
11:08:25.343 [FXGL Background Thread 1 ] DEBUG GameApplicationServi - Applying CSS: fxgl_dark.css
11:08:25.344 [FXGL Background Thread 1 ] DEBUG FXGLAssetLoaderServi - Loading from file system: jar:file:///C:/Users/10273/.m2/repository/com/github/almasb/fxgl/17.1/fxgl-17.1.jar!/fxglassets/ui/css/fxgl_dark.css
11:08:25.415 [FXGL Background Thread 1 ] DEBUG GameApplicationServi - Applying CSS: tank.css
11:08:25.415 [FXGL Background Thread 1 ] DEBUG FXGLAssetLoaderServi - Loading from file system: file:/E:/java%20project/tank/target/classes/assets/ui/css/tank.css
11:08:25.418 [FXGL Background Thread 1 ] DEBUG GameApplicationServi - Initializing application scenes
11:08:25.424 [FXGL Background Thread 1 ] DEBUG GameWorld            - Game world initialized
11:08:25.509 [FXGL Background Thread 1 ] DEBUG PhysicsWorld         - Physics world initialized: appHeight=1152, physics.ppm=50.0
11:08:25.510 [FXGL Background Thread 1 ] DEBUG PhysicsWorld         - Using strategy: BRUTE_FORCE
11:08:25.515 [FXGL Background Thread 1 ] DEBUG GameScene            - Game scene initialized: 2048x1152
11:08:25.524 [FXGL Background Thread 1 ] DEBUG FXGLAssetLoaderServi - Loading from file system: file:/E:/java%20project/tank/target/classes/assets/textures/MainMenu.png
11:08:25.664 [FXGL Background Thread 1 ] DEBUG FXGLAssetLoaderServi - Loading from file system: file:/E:/java%20project/tank/target/classes/assets/textures/R-C.jpg
11:08:25.710 [FXGL Background Thread 1 ] DEBUG FXGL.DefaultMenu     - createMenuBodyGameMenu()
11:08:25.718 [FXGL Background Thread 1 ] DEBUG FXGL.DefaultMenu     - createOptionsMenu()
11:08:25.725 [FXGL Background Thread 1 ] DEBUG FXGLAssetLoaderServi - Loading from file system: jar:file:///C:/Users/10273/.m2/repository/com/github/almasb/fxgl/17.1/fxgl-17.1.jar!/fxglassets/textures/particles/smoke.png
11:08:25.801 [FXGL Background Thread 1 ] DEBUG FXGLAssetLoaderServi - Loading from file system: jar:file:///C:/Users/10273/.m2/repository/com/github/almasb/fxgl/17.1/fxgl-17.1.jar!/fxglassets/textures/particles/trace_horizontal.png
11:08:25.813 [FXGL Background Thread 1 ] DEBUG GameApplicationServi - Application scenes initialized
11:08:25.823 [FXGL Background Thread 1 ] DEBUG SystemBundleService  - Loading FXGL system data
11:08:25.827 [FXGL Background Thread 1 ] DEBUG FileSystemAccess     - Reading from: E:\java project\tank\system\fxgl.bundle
11:08:25.836 [FXGL Background Thread 1 ] DEBUG SystemBundleService  - Bundle FXGL: {}
11:08:25.836 [FXGL Background Thread 1 ] DEBUG UpdaterService       - Checking for updates
11:08:25.841 [FXGL Background Thread 4 ] DEBUG FXGLApplication      - Loading fonts
11:08:25.842 [FXGL Background Thread 4 ] DEBUG FXGLAssetLoaderServi - Loading from file system: jar:file:///C:/Users/10273/.m2/repository/com/github/almasb/fxgl/17.1/fxgl-17.1.jar!/fxglassets/ui/fonts/VarelaRound-Regular.ttf
11:08:25.842 [FXGL Background Thread 1 ] DEBUG FXGLApplication      - Loading default localization
11:08:25.843 [FXGL Background Thread 1 ] DEBUG FXGLAssetLoaderServi - Loading from file system: jar:file:///C:/Users/10273/.m2/repository/com/github/almasb/fxgl/17.1/fxgl-17.1.jar!/fxglassets/languages/english.lang
11:08:25.872 [FXGL Background Thread 1 ] INFO  FXGLApplication      - FXGL initialization took: 0.571 sec
11:08:25.886 [JavaFX Application Thread] DEBUG Input                - Registered new binding: action0 - Up
11:08:25.886 [JavaFX Application Thread] DEBUG Input                - Registered new binding: action1 - Down
11:08:25.887 [JavaFX Application Thread] DEBUG Input                - Registered new binding: action2 - Left
11:08:25.888 [JavaFX Application Thread] DEBUG Input                - Registered new binding: action3 - Right
11:08:25.889 [JavaFX Application Thread] DEBUG Input                - Registered new binding: action4 - Space
11:08:25.890 [JavaFX Application Thread] DEBUG FXGLAssetLoaderServi - Loading from file system: file:/E:/java%20project/tank/target/classes/assets/textures/joker.jpg
11:08:25.904 [JavaFX Application Thread] DEBUG FXGLAssetLoaderServi - Loading from file system: jar:file:///C:/Users/10273/.m2/repository/com/github/almasb/fxgl/17.1/fxgl-17.1.jar!/fxglassets/textures/fxgl_default_cursor.png
11:08:25.906 [JavaFX Application Thread] DEBUG Input                - Registered new binding: Screenshot - CTRL+8
11:08:25.907 [JavaFX Application Thread] DEBUG Input                - Registered new binding: System info dump - CTRL+9
11:08:25.907 [JavaFX Application Thread] DEBUG Input                - Registered new binding: Restart - CTRL+R
11:08:25.908 [JavaFX Application Thread] DEBUG Input                - Registered new binding: Toggle Debug Camera - CTRL+7
11:08:25.910 [JavaFX Application Thread] DEBUG LoopRunner           - Starting loop
11:08:25.910 [JavaFX Application Thread] DEBUG LoopRunner           - Initializing JavaFX AnimationTimerLoop
11:08:25.914 [JavaFX Application Thread] DEBUG Input                - Clearing active input actions
11:08:25.926 [JavaFX Application Thread] DEBUG GameApplicationServi - Removing overlay from StartScene and adding to FXGLMainMenuDummyScene
11:08:25.927 [JavaFX Application Thread] DEBUG PrimaryStageWindow   - StartScene -> FXGLMainMenuDummyScene
11:08:25.927 [JavaFX Application Thread] DEBUG PrimaryStageWindow   - Push state: Main_menu
11:08:25.930 [JavaFX Application Thread] DEBUG Input                - Clearing active input actions
11:08:25.952 [JavaFX Application Thread] DEBUG GameApplicationServi - Removing overlay from FXGLMainMenuDummyScene and adding to Main_menu
11:08:25.953 [JavaFX Application Thread] DEBUG PrimaryStageWindow   - FXGLMainMenuDummyScene -> Main_menu
11:08:25.957 [FXGL Background Thread 4 ] DEBUG FXGLAssetLoaderServi - Loading from file system: jar:file:///C:/Users/10273/.m2/repository/com/github/almasb/fxgl/17.1/fxgl-17.1.jar!/fxglassets/ui/fonts/Abel-Regular.ttf
11:08:25.960 [FXGL Background Thread 4 ] DEBUG FXGLAssetLoaderServi - Loading from file system: jar:file:///C:/Users/10273/.m2/repository/com/github/almasb/fxgl/17.1/fxgl-17.1.jar!/fxglassets/ui/fonts/TerminalLandMono-Regular.otf
11:08:25.962 [FXGL Background Thread 4 ] DEBUG FXGLAssetLoaderServi - Loading from file system: jar:file:///C:/Users/10273/.m2/repository/com/github/almasb/fxgl/17.1/fxgl-17.1.jar!/fxglassets/ui/fonts/Courier-Prime.ttf
11:08:26.141 [JavaFX Application Thread] DEBUG FXGLApplication      - Registering font factories with UI factory
11:08:26.455 [FXGL Background Thread 2 ] INFO  UpdaterService       - Your current version:  17.1
11:08:26.455 [FXGL Background Thread 2 ] INFO  UpdaterService       - Latest stable version: 17.3
11:08:28.842 [FXGL Background Thread 3 ] DEBUG Engine               - Logging environment variables
11:08:28.842 [FXGL Background Thread 3 ] DEBUG Engine               - achievements: []
11:08:28.842 [FXGL Background Thread 3 ] DEBUG Engine               - actualHeight: 960.0
11:08:28.842 [FXGL Background Thread 3 ] DEBUG Engine               - actualHeightProperty: ReadOnlyDoubleProperty [value: 960.0]
11:08:28.842 [FXGL Background Thread 3 ] DEBUG Engine               - actualWidth: 1682.0
11:08:28.842 [FXGL Background Thread 3 ] DEBUG Engine               - actualWidthProperty: ReadOnlyDoubleProperty [value: 1682.0]
11:08:28.842 [FXGL Background Thread 3 ] DEBUG Engine               - appIcon: joker.jpg
11:08:28.842 [FXGL Background Thread 3 ] DEBUG Engine               - applicationMode: DEVELOPER
11:08:28.842 [FXGL Background Thread 3 ] DEBUG Engine               - cSSList: [fxgl_dark.css, tank.css]
11:08:28.842 [FXGL Background Thread 3 ] DEBUG Engine               - collisionDetectionStrategy: BRUTE_FORCE
11:08:28.843 [FXGL Background Thread 3 ] DEBUG Engine               - configClass: Optional.empty
11:08:28.843 [FXGL Background Thread 3 ] DEBUG Engine               - credits: []
11:08:28.843 [FXGL Background Thread 3 ] DEBUG Engine               - defaultCursor: CursorInfo(imageName=fxgl_default_cursor.png, hotspotX=7.0, hotspotY=6.0)
11:08:28.843 [FXGL Background Thread 3 ] DEBUG Engine               - devBBoxColorProperty: ObjectProperty [value: 0xff0000ff]
11:08:28.843 [FXGL Background Thread 3 ] DEBUG Engine               - devEnableDebugCameraProperty: BooleanProperty [value: false]
11:08:28.843 [FXGL Background Thread 3 ] DEBUG Engine               - devSensorColorProperty: ObjectProperty [value: 0xffff00ff]
11:08:28.843 [FXGL Background Thread 3 ] DEBUG Engine               - devShowBBoxProperty: BooleanProperty [value: false]
11:08:28.843 [FXGL Background Thread 3 ] DEBUG Engine               - devShowPositionProperty: BooleanProperty [value: false]
11:08:28.843 [FXGL Background Thread 3 ] DEBUG Engine               - enabledMenuItems: []
11:08:28.843 [FXGL Background Thread 3 ] DEBUG Engine               - engineServices: [class com.almasb.fxgl.app.services.FXGLAssetLoaderService, class com.almasb.fxgl.app.FXGLApplication$GameApplicationService, class com.almasb.fxgl.app.services.FXGLDialogService, class com.almasb.fxgl.app.services.IOTaskExecutorService, class com.almasb.fxgl.io.FileSystemService, class com.almasb.fxgl.localization.LocalizationService, class com.almasb.fxgl.app.services.SystemBundleService, class com.almasb.fxgl.profile.SaveLoadService, class com.almasb.fxgl.ui.FXGLUIFactoryServiceProvider, class com.almasb.fxgl.ui.FXGLDialogFactoryServiceProvider, class com.almasb.fxgl.audio.AudioPlayer, class com.almasb.fxgl.notification.impl.NotificationServiceProvider, class com.almasb.fxgl.achievement.AchievementService, class com.almasb.fxgl.cutscene.CutsceneService, class com.almasb.fxgl.minigames.MiniGameService, class com.almasb.fxgl.net.NetService, class com.almasb.fxgl.app.services.UpdaterService, class com.almasb.fxgl.dev.DevService]
11:08:28.843 [FXGL Background Thread 3 ] DEBUG Engine               - fontGame: Abel-Regular.ttf
11:08:28.844 [FXGL Background Thread 3 ] DEBUG Engine               - fontMono: TerminalLandMono-Regular.otf
11:08:28.844 [FXGL Background Thread 3 ] DEBUG Engine               - fontText: Courier-Prime.ttf
11:08:28.844 [FXGL Background Thread 3 ] DEBUG Engine               - fontUI: VarelaRound-Regular.ttf
11:08:28.844 [FXGL Background Thread 3 ] DEBUG Engine               - fullScreen: BooleanProperty [value: false]
11:08:28.844 [FXGL Background Thread 3 ] DEBUG Engine               - gameDifficulty: MEDIUM
11:08:28.844 [FXGL Background Thread 3 ] DEBUG Engine               - gameDifficultyProperty: ObjectProperty [value: MEDIUM]
11:08:28.844 [FXGL Background Thread 3 ] DEBUG Engine               - globalMusicVolume: 0.5
11:08:28.844 [FXGL Background Thread 3 ] DEBUG Engine               - globalMusicVolumeProperty: DoubleProperty [value: 0.5]
11:08:28.844 [FXGL Background Thread 3 ] DEBUG Engine               - globalSoundVolume: 0.5
11:08:28.844 [FXGL Background Thread 3 ] DEBUG Engine               - globalSoundVolumeProperty: DoubleProperty [value: 0.8]
11:08:28.844 [FXGL Background Thread 3 ] DEBUG Engine               - height: 1152
11:08:28.844 [FXGL Background Thread 3 ] DEBUG Engine               - is3D: false
11:08:28.844 [FXGL Background Thread 3 ] DEBUG Engine               - isAndroid: false
11:08:28.844 [FXGL Background Thread 3 ] DEBUG Engine               - isBrowser: false
11:08:28.844 [FXGL Background Thread 3 ] DEBUG Engine               - isClickFeedbackEnabled: false
11:08:28.844 [FXGL Background Thread 3 ] DEBUG Engine               - isCloseConfirmation: false
11:08:28.844 [FXGL Background Thread 3 ] DEBUG Engine               - isDesktop: true
11:08:28.844 [FXGL Background Thread 3 ] DEBUG Engine               - isDeveloperMenuEnabled: false
11:08:28.844 [FXGL Background Thread 3 ] DEBUG Engine               - isEmbedded: false
11:08:28.844 [FXGL Background Thread 3 ] DEBUG Engine               - isEntityPreloadEnabled: true
11:08:28.844 [FXGL Background Thread 3 ] DEBUG Engine               - isExperimentalTiledLargeMap: false
11:08:28.844 [FXGL Background Thread 3 ] DEBUG Engine               - isFileSystemWriteAllowed: true
11:08:28.844 [FXGL Background Thread 3 ] DEBUG Engine               - isFullScreenAllowed: false
11:08:28.845 [FXGL Background Thread 3 ] DEBUG Engine               - isFullScreenFromStart: false
11:08:28.845 [FXGL Background Thread 3 ] DEBUG Engine               - isGameMenuEnabled: true
11:08:28.845 [FXGL Background Thread 3 ] DEBUG Engine               - isIOS: false
11:08:28.845 [FXGL Background Thread 3 ] DEBUG Engine               - isIntroEnabled: false
11:08:28.845 [FXGL Background Thread 3 ] DEBUG Engine               - isLinux: false
11:08:28.845 [FXGL Background Thread 3 ] DEBUG Engine               - isMac: false
11:08:28.845 [FXGL Background Thread 3 ] DEBUG Engine               - isMainMenuEnabled: true
11:08:28.845 [FXGL Background Thread 3 ] DEBUG Engine               - isManualResizeEnabled: false
11:08:28.845 [FXGL Background Thread 3 ] DEBUG Engine               - isMobile: false
11:08:28.845 [FXGL Background Thread 3 ] DEBUG Engine               - isNative: false
11:08:28.845 [FXGL Background Thread 3 ] DEBUG Engine               - isPauseMusicWhenMinimized: true
11:08:28.845 [FXGL Background Thread 3 ] DEBUG Engine               - isPreserveResizeRatio: false
11:08:28.845 [FXGL Background Thread 3 ] DEBUG Engine               - isProfilingEnabled: false
11:08:28.845 [FXGL Background Thread 3 ] DEBUG Engine               - isScaleAffectedOnResize: true
11:08:28.845 [FXGL Background Thread 3 ] DEBUG Engine               - isSingleStep: false
11:08:28.845 [FXGL Background Thread 3 ] DEBUG Engine               - isUserProfileEnabled: false
11:08:28.846 [FXGL Background Thread 3 ] DEBUG Engine               - isWindows: true
11:08:28.846 [FXGL Background Thread 3 ] DEBUG Engine               - language: ObjectProperty [value: ENGLISH]
11:08:28.846 [FXGL Background Thread 3 ] DEBUG Engine               - menuKey: ESCAPE
11:08:28.846 [FXGL Background Thread 3 ] DEBUG Engine               - mouseSensitivity: 0.2
11:08:28.846 [FXGL Background Thread 3 ] DEBUG Engine               - notificationViewClass: class com.almasb.fxgl.notification.view.XboxNotificationView
11:08:28.846 [FXGL Background Thread 3 ] DEBUG Engine               - pixelsPerMeter: 50.0
11:08:28.846 [FXGL Background Thread 3 ] DEBUG Engine               - platform: WINDOWS
11:08:28.846 [FXGL Background Thread 3 ] DEBUG Engine               - prefHeightProperty: ReadOnlyDoubleProperty [value: 1152.0]
11:08:28.846 [FXGL Background Thread 3 ] DEBUG Engine               - prefWidthProperty: ReadOnlyDoubleProperty [value: 2048.0]
11:08:28.846 [FXGL Background Thread 3 ] DEBUG Engine               - profileDir: profiles/
11:08:28.846 [FXGL Background Thread 3 ] DEBUG Engine               - profileName: StringProperty [value: DEFAULT]
11:08:28.846 [FXGL Background Thread 3 ] DEBUG Engine               - randomSeed: -1
11:08:28.846 [FXGL Background Thread 3 ] DEBUG Engine               - runtimeInfo: RuntimeInfo(platform=WINDOWS, version=17.1, build=24.03.2022 17.34)
11:08:28.846 [FXGL Background Thread 3 ] DEBUG Engine               - saveFileExt: sav
11:08:28.846 [FXGL Background Thread 3 ] DEBUG Engine               - scaledHeightProp$fxgl: DoubleProperty [bound, value: 960.0]
11:08:28.846 [FXGL Background Thread 3 ] DEBUG Engine               - scaledWidthProp$fxgl: DoubleProperty [bound, value: 1682.0]
11:08:28.846 [FXGL Background Thread 3 ] DEBUG Engine               - sceneFactory: com.kenny.AllStarBattle.AllStarBattleApp$1@5eb440ca
11:08:28.847 [FXGL Background Thread 3 ] DEBUG Engine               - secondsIn24h: 60
11:08:28.847 [FXGL Background Thread 3 ] DEBUG Engine               - soundMenuBack: menu/back.wav
11:08:28.847 [FXGL Background Thread 3 ] DEBUG Engine               - soundMenuPress: menu/press.wav
11:08:28.847 [FXGL Background Thread 3 ] DEBUG Engine               - soundMenuSelect: menu/select.wav
11:08:28.847 [FXGL Background Thread 3 ] DEBUG Engine               - soundNotification: core/notification.wav
11:08:28.847 [FXGL Background Thread 3 ] DEBUG Engine               - stageStyle: DECORATED
11:08:28.847 [FXGL Background Thread 3 ] DEBUG Engine               - supportedLanguages: [ENGLISH, FRENCH, GERMAN, HUNGARIAN, RUSSIAN]
11:08:28.847 [FXGL Background Thread 3 ] DEBUG Engine               - ticksPerSecond: -1
11:08:28.847 [FXGL Background Thread 3 ] DEBUG Engine               - title: All star battle
11:08:28.847 [FXGL Background Thread 3 ] DEBUG Engine               - urlGithub: https://github.com/AlmasB/FXGL
11:08:28.847 [FXGL Background Thread 3 ] DEBUG Engine               - urlLeaderboard: http://fxgl-top.herokuapp.com/
11:08:28.847 [FXGL Background Thread 3 ] DEBUG Engine               - urlPOM: https://raw.githubusercontent.com/AlmasB/FXGL/release/README.md
11:08:28.847 [FXGL Background Thread 3 ] DEBUG Engine               - userAppClass: class com.kenny.AllStarBattle.AllStarBattleApp
11:08:28.847 [FXGL Background Thread 3 ] DEBUG Engine               - version: 0.1
11:08:28.847 [FXGL Background Thread 3 ] DEBUG Engine               - versionCheckDays: 7
11:08:28.847 [FXGL Background Thread 3 ] DEBUG Engine               - width: 2048
11:08:28.847 [FXGL Background Thread 3 ] DEBUG Engine               - Logging services
11:08:28.847 [FXGL Background Thread 3 ] DEBUG Engine               - class com.almasb.fxgl.app.services.FXGLAssetLoaderService
11:08:28.847 [FXGL Background Thread 3 ] DEBUG Engine               - class com.almasb.fxgl.app.FXGLApplication$GameApplicationService
11:08:28.847 [FXGL Background Thread 3 ] DEBUG Engine               - class com.almasb.fxgl.app.services.FXGLDialogService
11:08:28.847 [FXGL Background Thread 3 ] DEBUG Engine               - class com.almasb.fxgl.app.services.IOTaskExecutorService
11:08:28.847 [FXGL Background Thread 3 ] DEBUG Engine               - class com.almasb.fxgl.io.FileSystemService
11:08:28.847 [FXGL Background Thread 3 ] DEBUG Engine               - class com.almasb.fxgl.localization.LocalizationService
11:08:28.847 [FXGL Background Thread 3 ] DEBUG Engine               - class com.almasb.fxgl.app.services.SystemBundleService
11:08:28.847 [FXGL Background Thread 3 ] DEBUG Engine               - class com.almasb.fxgl.profile.SaveLoadService
11:08:28.847 [FXGL Background Thread 3 ] DEBUG Engine               - class com.almasb.fxgl.ui.FXGLUIFactoryServiceProvider
11:08:28.847 [FXGL Background Thread 3 ] DEBUG Engine               - class com.almasb.fxgl.ui.FXGLDialogFactoryServiceProvider
11:08:28.847 [FXGL Background Thread 3 ] DEBUG Engine               - class com.almasb.fxgl.audio.AudioPlayer
11:08:28.847 [FXGL Background Thread 3 ] DEBUG Engine               - class com.almasb.fxgl.notification.impl.NotificationServiceProvider
11:08:28.847 [FXGL Background Thread 3 ] DEBUG Engine               - class com.almasb.fxgl.achievement.AchievementService
11:08:28.847 [FXGL Background Thread 3 ] DEBUG Engine               - class com.almasb.fxgl.cutscene.CutsceneService
11:08:28.847 [FXGL Background Thread 3 ] DEBUG Engine               - class com.almasb.fxgl.minigames.MiniGameService
11:08:28.847 [FXGL Background Thread 3 ] DEBUG Engine               - class com.almasb.fxgl.net.NetService
11:08:28.847 [FXGL Background Thread 3 ] DEBUG Engine               - class com.almasb.fxgl.app.services.UpdaterService
11:08:28.847 [FXGL Background Thread 3 ] DEBUG Engine               - class com.almasb.fxgl.dev.DevService
11:08:37.080 [JavaFX Application Thread] DEBUG GameApplicationServi - Starting new game
11:08:37.080 [JavaFX Application Thread] DEBUG PrimaryStageWindow   - Pop state: Main_menu
11:08:37.080 [JavaFX Application Thread] DEBUG Input                - Clearing active input actions
11:08:37.080 [JavaFX Application Thread] DEBUG GameApplicationServi - Removing overlay from Main_menu and adding to FXGLMainMenuDummyScene
11:08:37.081 [JavaFX Application Thread] DEBUG PrimaryStageWindow   - FXGLMainMenuDummyScene <- Main_menu
11:08:37.081 [JavaFX Application Thread] DEBUG Input                - Clearing active input actions
11:08:37.085 [JavaFX Application Thread] DEBUG GameApplicationServi - Removing overlay from FXGLMainMenuDummyScene and adding to Loading_Scene
11:08:37.085 [JavaFX Application Thread] DEBUG PrimaryStageWindow   - FXGLMainMenuDummyScene -> Loading_Scene
11:08:37.085 [JavaFX Application Thread] DEBUG GameApplicationServi - Clearing previous game
11:08:37.085 [JavaFX Application Thread] DEBUG GameScene            - Clearing game scene
11:08:37.085 [JavaFX Application Thread] DEBUG GameWorld            - Clearing game world
11:08:37.085 [JavaFX Application Thread] DEBUG PhysicsWorld         - Clearing physics world
11:08:37.086 [FXGL Background Thread 2 ] DEBUG FXGLApplication      - Initializing game
11:08:37.127 [FXGL Background Thread 2 ] WARN  TMXLevelLoader       - TiledMap generated from 1.8.4. Supported version: 1.4.2. Some features may not be parsed fully.
11:08:37.144 [FXGL Background Thread 2 ] DEBUG TMXLevelLoader       - Parsed TiledMap: file:/E:/java%20project/tank/target/classes/assets/levels/test1.tmx
11:08:37.146 [FXGL Background Thread 2 ] DEBUG TMXLevelLoader       - Creating tile layer entities
11:08:37.146 [FXGL Background Thread 2 ] DEBUG TMXLevelLoader       - Creating object layer entities
11:08:37.223 [FXGL Background Thread 2 ] DEBUG GameWorld            - Clearing removable entities
11:08:37.224 [FXGL Background Thread 2 ] DEBUG GameWorld            - Setting level: com.almasb.fxgl.entity.level.Level@61fc1ada
11:08:37.235 [FXGL Background Thread 2 ] DEBUG FXGLAssetLoaderServi - Loading from file system: file:/E:/java%20project/tank/target/classes/assets/textures/element/Tank.png
11:08:37.237 [FXGL Background Thread 2 ] DEBUG FXGLAssetLoaderServi - Loading from file system: file:/E:/java%20project/tank/target/classes/assets/textures/Enemytank.png
11:08:37.240 [FXGL Background Thread 2 ] DEBUG FXGLAssetLoaderServi - Loading from file system: file:/E:/java%20project/tank/target/classes/assets/textures/Chicken.png
11:08:37.243 [FXGL Background Thread 2 ] DEBUG FXGLAssetLoaderServi - Loading from file system: file:/E:/java%20project/tank/target/classes/assets/textures/BossTank.png
11:08:37.281 [FXGL Background Thread 2 ] INFO  FXGLApplication      - Game initialization took: 0.195 sec
11:08:37.281 [JavaFX Application Thread] DEBUG Input                - Clearing active input actions
11:08:37.285 [JavaFX Application Thread] DEBUG GameApplicationServi - Removing overlay from Loading_Scene and adding to GameScene
11:08:37.285 [JavaFX Application Thread] DEBUG PrimaryStageWindow   - Loading_Scene -> GameScene
11:08:37.833 [JavaFX Application Thread] DEBUG FXGLAssetLoaderServi - Loading from file system: file:/E:/java%20project/tank/target/classes/assets/textures/element/Enemybullet.png
11:08:37.913 [JavaFX Application Thread] DEBUG FXGLAssetLoaderServi - Loading from file system: file:/E:/java%20project/tank/target/classes/assets/textures/SmallBoom.png
11:08:38.268 [JavaFX Application Thread] DEBUG FXGLAssetLoaderServi - Loading from file system: file:/E:/java%20project/tank/target/classes/assets/sounds/boom.wav
11:08:38.343 [JavaFX Application Thread] DEBUG FXGLAssetLoaderServi - Loading from file system: file:/E:/java%20project/tank/target/classes/assets/textures/element/Bullet.png
11:08:42.542 [JavaFX Application Thread] DEBUG FXGLAssetLoaderServi - Loading from file system: file:/E:/java%20project/tank/target/classes/assets/textures/boom.png
11:08:53.744 [JavaFX Application Thread] DEBUG PrimaryStageWindow   - Push state: EggScene
11:08:53.744 [JavaFX Application Thread] DEBUG FXGLAssetLoaderServi - Loading from file system: file:/E:/java%20project/tank/target/classes/assets/music/chicken.mp3
11:08:53.753 [JavaFX Application Thread] DEBUG AudioPlayer          - Playing music com.almasb.fxgl.audio.Music@cea96a7
11:08:53.753 [JavaFX Application Thread] DEBUG Input                - Clearing active input actions
11:08:53.754 [JavaFX Application Thread] DEBUG GameApplicationServi - Removing overlay from GameScene and adding to EggScene
11:08:53.754 [JavaFX Application Thread] DEBUG PrimaryStageWindow   - GameScene -> EggScene
11:08:58.759 [JavaFX Application Thread] DEBUG PrimaryStageWindow   - Pop state: EggScene
11:08:58.759 [JavaFX Application Thread] DEBUG Input                - Clearing active input actions
11:08:58.759 [JavaFX Application Thread] DEBUG GameApplicationServi - Removing overlay from EggScene and adding to GameScene
11:08:58.759 [JavaFX Application Thread] DEBUG PrimaryStageWindow   - GameScene <- EggScene
11:08:58.769 [JavaFX Application Thread] WARN  TMXLevelLoader       - TiledMap generated from 1.8.4. Supported version: 1.4.2. Some features may not be parsed fully.
11:08:58.771 [JavaFX Application Thread] DEBUG TMXLevelLoader       - Parsed TiledMap: file:/E:/java%20project/tank/target/classes/assets/levels/Chicken.tmx
11:08:58.772 [JavaFX Application Thread] DEBUG TMXLevelLoader       - Creating tile layer entities
11:08:58.772 [JavaFX Application Thread] DEBUG TMXLevelLoader       - Creating object layer entities
11:08:58.783 [JavaFX Application Thread] DEBUG GameWorld            - Clearing removable entities
11:08:58.787 [JavaFX Application Thread] DEBUG GameWorld            - Setting level: com.almasb.fxgl.entity.level.Level@633256b8
11:08:58.807 [JavaFX Application Thread] DEBUG FXGLAssetLoaderServi - Loading from file system: file:/E:/java%20project/tank/target/classes/assets/textures/people.png
11:09:00.291 [JavaFX Application Thread] DEBUG FXGLAssetLoaderServi - Loading from file system: file:/E:/java%20project/tank/target/classes/assets/sounds/JI%20(1).wav
11:09:00.302 [JavaFX Application Thread] DEBUG FXGLAssetLoaderServi - Loading from file system: file:/E:/java%20project/tank/target/classes/assets/textures/element/Good.png
11:09:02.904 [JavaFX Application Thread] DEBUG FXGLAssetLoaderServi - Loading from file system: file:/E:/java%20project/tank/target/classes/assets/textures/Egg.png
11:09:08.687 [JavaFX Application Thread] DEBUG FXGLAssetLoaderServi - Loading from file system: file:/E:/java%20project/tank/target/classes/assets/textures/element/Enemy2.png
11:09:13.843 [JavaFX Application Thread] DEBUG FXGLAssetLoaderServi - Loading from file system: file:/E:/java%20project/tank/target/classes/assets/textures/element/Enemy1.png
11:09:15.241 [JavaFX Application Thread] DEBUG FXGLAssetLoaderServi - Loading from file system: file:/E:/java%20project/tank/target/classes/assets/textures/Props/LUCKYBLOCK.png
11:09:40.355 [JavaFX Application Thread] DEBUG FXGLAssetLoaderServi - Loading from file system: file:/E:/java%20project/tank/target/classes/assets/textures/Props/HEART.png
11:09:57.064 [JavaFX Application Thread] DEBUG FXGLAssetLoaderServi - Loading from file system: file:/E:/java%20project/tank/target/classes/assets/textures/Suicide.png
11:09:57.083 [JavaFX Application Thread] DEBUG PrimaryStageWindow   - Push state: FailedScene
11:09:57.084 [JavaFX Application Thread] DEBUG Input                - Clearing active input actions
11:09:57.084 [JavaFX Application Thread] DEBUG GameApplicationServi - Removing overlay from GameScene and adding to FailedScene
11:09:57.084 [JavaFX Application Thread] DEBUG PrimaryStageWindow   - GameScene -> FailedScene
11:09:59.586 [JavaFX Application Thread] DEBUG PrimaryStageWindow   - Pop state: FailedScene
11:09:59.586 [JavaFX Application Thread] DEBUG Input                - Clearing active input actions
11:09:59.586 [JavaFX Application Thread] DEBUG GameApplicationServi - Removing overlay from FailedScene and adding to GameScene
11:09:59.586 [JavaFX Application Thread] DEBUG PrimaryStageWindow   - GameScene <- FailedScene
11:09:59.586 [JavaFX Application Thread] DEBUG Input                - Clearing active input actions
11:09:59.595 [JavaFX Application Thread] DEBUG GameApplicationServi - Removing overlay from GameScene and adding to FXGLMainMenuDummyScene
11:09:59.596 [JavaFX Application Thread] DEBUG PrimaryStageWindow   - GameScene -> FXGLMainMenuDummyScene
11:09:59.596 [JavaFX Application Thread] DEBUG PrimaryStageWindow   - Push state: Main_menu
11:09:59.596 [JavaFX Application Thread] DEBUG Input                - Clearing active input actions
11:09:59.599 [JavaFX Application Thread] DEBUG GameApplicationServi - Removing overlay from FXGLMainMenuDummyScene and adding to Main_menu
11:09:59.599 [JavaFX Application Thread] DEBUG PrimaryStageWindow   - FXGLMainMenuDummyScene -> Main_menu
11:10:06.833 [JavaFX Application Thread] DEBUG FXGLApplication      - Exiting FXGL
11:10:06.833 [JavaFX Application Thread] DEBUG LoopRunner           - Stopping loop
11:10:06.833 [JavaFX Application Thread] DEBUG SystemBundleService  - Saving FXGL system data
11:10:06.837 [JavaFX Application Thread] DEBUG FileSystemAccess     - Writing to: E:\java project\tank\system\fxgl.bundle
11:10:06.839 [JavaFX Application Thread] DEBUG Async                - Shutting down background threads
11:10:06.839 [JavaFX Application Thread] DEBUG PrimaryStageWindow   - Closing main window
11:10:06.862 [JavaFX Application Thread] DEBUG Logger               - Closing Logger
