22:48:04.864 [main                     ] DEBUG Logger               - Configured Logger
22:48:04.882 [main                     ] DEBUG GameApplication      - Logging settings
Title: All star battle
Version: 0.1
Width: 2048
Height: 1152
Fullscreen: false
Intro: false
Profiling: false
Single step:false
App Mode: DEVELOPER
Menu Key: ESCAPE
Stage Style: DECORATED
Scene Factory: class com.kenny.tank.AllStarBattleApp$1

22:48:05.186 [JavaFX Application Thread] DEBUG FXGLApplication      - Initializing FXGL
22:48:05.190 [JavaFX Application Thread] INFO  Engine               - FXGL-17.1 (24.03.2022 17.34) on WINDOWS (J:17.0.6 FX:18)
22:48:05.191 [JavaFX Application Thread] DEBUG Engine               - JRE Vendor Name: Amazon.com Inc.
22:48:05.191 [JavaFX Application Thread] DEBUG Engine               - Running on OS: Windows 11 version 10.0
22:48:05.191 [JavaFX Application Thread] DEBUG Engine               - Architecture: amd64
22:48:05.191 [JavaFX Application Thread] INFO  Engine               - Source code and latest versions at: https://github.com/AlmasB/FXGL
22:48:05.191 [JavaFX Application Thread] INFO  Engine               -       Ask questions and discuss at: https://github.com/AlmasB/FXGL/discussions
22:48:05.191 [JavaFX Application Thread] INFO  Engine               -              Join the FXGL chat at: https://gitter.im/AlmasB/FXGL
22:48:05.249 [JavaFX Application Thread] DEBUG PrimaryStageWindow   - Creating a JavaFX scene
22:48:05.249 [JavaFX Application Thread] DEBUG PrimaryStageWindow   - Target size > screen size
22:48:05.281 [JavaFX Application Thread] DEBUG PrimaryStageWindow   - Target settings size: 2048.0 x 1152.0
22:48:05.281 [JavaFX Application Thread] DEBUG PrimaryStageWindow   - Scaled scene size:    1682.0 x 960.0
22:48:05.281 [JavaFX Application Thread] DEBUG PrimaryStageWindow   - Scaled ratio: (0.8212890625, 0.8333333333333334)
22:48:05.282 [JavaFX Application Thread] DEBUG PrimaryStageWindow   - Set initial scene to StartScene
22:48:05.287 [JavaFX Application Thread] DEBUG PrimaryStageWindow   - Opening main window
22:48:05.373 [JavaFX Application Thread] DEBUG PrimaryStageWindow   - Window border size: (14.6666259765625, 37.33331298828125)
22:48:05.373 [JavaFX Application Thread] DEBUG PrimaryStageWindow   - Scaled size: 1682.0 x 960.0
22:48:05.373 [JavaFX Application Thread] DEBUG PrimaryStageWindow   - Scaled ratio: (0.8212890625, 0.8333333333333334)
22:48:05.373 [JavaFX Application Thread] DEBUG PrimaryStageWindow   - Scene size: 1682.0 x 960.0
22:48:05.374 [JavaFX Application Thread] DEBUG PrimaryStageWindow   - Stage size: 1696.6666259765625 x 997.3333129882812
22:48:05.378 [FXGL Background Thread 1 ] DEBUG Engine               - Initializing environment variables
22:48:05.400 [FXGL Background Thread 1 ] DEBUG FXGLAssetLoaderServi - User app class for loading assets: class com.kenny.tank.AllStarBattleApp
22:48:05.400 [FXGL Background Thread 1 ] DEBUG GameApplicationServi - Applying CSS: fxgl_dark.css
22:48:05.401 [FXGL Background Thread 1 ] DEBUG FXGLAssetLoaderServi - Loading from file system: jar:file:///C:/Users/10273/.m2/repository/com/github/almasb/fxgl/17.1/fxgl-17.1.jar!/fxglassets/ui/css/fxgl_dark.css
22:48:05.435 [FXGL Background Thread 1 ] DEBUG GameApplicationServi - Applying CSS: tank.css
22:48:05.435 [FXGL Background Thread 1 ] DEBUG FXGLAssetLoaderServi - Loading from file system: file:/E:/java%20project/tank/target/classes/assets/ui/css/tank.css
22:48:05.437 [FXGL Background Thread 1 ] DEBUG GameApplicationServi - Initializing application scenes
22:48:05.440 [FXGL Background Thread 1 ] DEBUG GameWorld            - Game world initialized
22:48:05.482 [FXGL Background Thread 1 ] DEBUG PhysicsWorld         - Physics world initialized: appHeight=1152, physics.ppm=50.0
22:48:05.482 [FXGL Background Thread 1 ] DEBUG PhysicsWorld         - Using strategy: BRUTE_FORCE
22:48:05.485 [FXGL Background Thread 1 ] DEBUG GameScene            - Game scene initialized: 2048x1152
22:48:05.489 [FXGL Background Thread 1 ] DEBUG FXGLAssetLoaderServi - Loading from file system: file:/E:/java%20project/tank/target/classes/assets/textures/MainMenu.png
22:48:05.577 [FXGL Background Thread 1 ] DEBUG FXGLAssetLoaderServi - Loading from file system: file:/E:/java%20project/tank/target/classes/assets/textures/R-C.jpg
22:48:05.599 [FXGL Background Thread 1 ] DEBUG FXGL.DefaultMenu     - createMenuBodyGameMenu()
22:48:05.606 [FXGL Background Thread 1 ] DEBUG FXGL.DefaultMenu     - createOptionsMenu()
22:48:05.612 [FXGL Background Thread 1 ] DEBUG FXGLAssetLoaderServi - Loading from file system: jar:file:///C:/Users/10273/.m2/repository/com/github/almasb/fxgl/17.1/fxgl-17.1.jar!/fxglassets/textures/particles/smoke.png
22:48:05.664 [FXGL Background Thread 1 ] DEBUG FXGLAssetLoaderServi - Loading from file system: jar:file:///C:/Users/10273/.m2/repository/com/github/almasb/fxgl/17.1/fxgl-17.1.jar!/fxglassets/textures/particles/trace_horizontal.png
22:48:05.674 [FXGL Background Thread 1 ] DEBUG GameApplicationServi - Application scenes initialized
22:48:05.682 [FXGL Background Thread 1 ] DEBUG SystemBundleService  - Loading FXGL system data
22:48:05.685 [FXGL Background Thread 1 ] DEBUG FileSystemAccess     - Reading from: E:\java project\tank\system\fxgl.bundle
22:48:05.691 [FXGL Background Thread 1 ] DEBUG SystemBundleService  - Bundle FXGL: {}
22:48:05.691 [FXGL Background Thread 1 ] DEBUG UpdaterService       - Checking for updates
22:48:05.695 [FXGL Background Thread 4 ] DEBUG FXGLApplication      - Loading fonts
22:48:05.695 [FXGL Background Thread 1 ] DEBUG FXGLApplication      - Loading default localization
22:48:05.695 [FXGL Background Thread 4 ] DEBUG FXGLAssetLoaderServi - Loading from file system: jar:file:///C:/Users/10273/.m2/repository/com/github/almasb/fxgl/17.1/fxgl-17.1.jar!/fxglassets/ui/fonts/VarelaRound-Regular.ttf
22:48:05.696 [FXGL Background Thread 1 ] DEBUG FXGLAssetLoaderServi - Loading from file system: jar:file:///C:/Users/10273/.m2/repository/com/github/almasb/fxgl/17.1/fxgl-17.1.jar!/fxglassets/languages/english.lang
22:48:05.721 [FXGL Background Thread 1 ] INFO  FXGLApplication      - FXGL initialization took: 0.343 sec
22:48:05.728 [JavaFX Application Thread] DEBUG Input                - Registered new binding: action0 - Up
22:48:05.728 [JavaFX Application Thread] DEBUG Input                - Registered new binding: action1 - Down
22:48:05.729 [JavaFX Application Thread] DEBUG Input                - Registered new binding: action2 - Left
22:48:05.729 [JavaFX Application Thread] DEBUG Input                - Registered new binding: action3 - Right
22:48:05.730 [JavaFX Application Thread] DEBUG Input                - Registered new binding: action4 - Space
22:48:05.730 [JavaFX Application Thread] DEBUG FXGLAssetLoaderServi - Loading from file system: file:/E:/java%20project/tank/target/classes/assets/textures/joker.jpg
22:48:05.737 [JavaFX Application Thread] DEBUG FXGLAssetLoaderServi - Loading from file system: jar:file:///C:/Users/10273/.m2/repository/com/github/almasb/fxgl/17.1/fxgl-17.1.jar!/fxglassets/textures/fxgl_default_cursor.png
22:48:05.739 [JavaFX Application Thread] DEBUG Input                - Registered new binding: Screenshot - CTRL+8
22:48:05.739 [JavaFX Application Thread] DEBUG Input                - Registered new binding: System info dump - CTRL+9
22:48:05.740 [JavaFX Application Thread] DEBUG Input                - Registered new binding: Restart - CTRL+R
22:48:05.740 [JavaFX Application Thread] DEBUG Input                - Registered new binding: Toggle Debug Camera - CTRL+7
22:48:05.744 [JavaFX Application Thread] DEBUG LoopRunner           - Starting loop
22:48:05.744 [JavaFX Application Thread] DEBUG LoopRunner           - Initializing JavaFX AnimationTimerLoop
22:48:05.748 [JavaFX Application Thread] DEBUG Input                - Clearing active input actions
22:48:05.751 [FXGL Background Thread 4 ] DEBUG FXGLAssetLoaderServi - Loading from file system: jar:file:///C:/Users/10273/.m2/repository/com/github/almasb/fxgl/17.1/fxgl-17.1.jar!/fxglassets/ui/fonts/Abel-Regular.ttf
22:48:05.752 [JavaFX Application Thread] DEBUG GameApplicationServi - Removing overlay from StartScene and adding to FXGLMainMenuDummyScene
22:48:05.752 [JavaFX Application Thread] DEBUG PrimaryStageWindow   - StartScene -> FXGLMainMenuDummyScene
22:48:05.753 [JavaFX Application Thread] DEBUG PrimaryStageWindow   - Push state: Main_menu
22:48:05.753 [FXGL Background Thread 4 ] DEBUG FXGLAssetLoaderServi - Loading from file system: jar:file:///C:/Users/10273/.m2/repository/com/github/almasb/fxgl/17.1/fxgl-17.1.jar!/fxglassets/ui/fonts/TerminalLandMono-Regular.otf
22:48:05.753 [JavaFX Application Thread] DEBUG Input                - Clearing active input actions
22:48:05.755 [FXGL Background Thread 4 ] DEBUG FXGLAssetLoaderServi - Loading from file system: jar:file:///C:/Users/10273/.m2/repository/com/github/almasb/fxgl/17.1/fxgl-17.1.jar!/fxglassets/ui/fonts/Courier-Prime.ttf
22:48:05.763 [JavaFX Application Thread] DEBUG GameApplicationServi - Removing overlay from FXGLMainMenuDummyScene and adding to Main_menu
22:48:05.763 [JavaFX Application Thread] DEBUG PrimaryStageWindow   - FXGLMainMenuDummyScene -> Main_menu
22:48:05.884 [JavaFX Application Thread] DEBUG FXGLApplication      - Registering font factories with UI factory
22:48:06.524 [FXGL Background Thread 2 ] INFO  UpdaterService       - Your current version:  17.1
22:48:06.524 [FXGL Background Thread 2 ] INFO  UpdaterService       - Latest stable version: 17.3
22:48:08.694 [FXGL Background Thread 3 ] DEBUG Engine               - Logging environment variables
22:48:08.695 [FXGL Background Thread 3 ] DEBUG Engine               - achievements: []
22:48:08.696 [FXGL Background Thread 3 ] DEBUG Engine               - actualHeight: 960.0
22:48:08.696 [FXGL Background Thread 3 ] DEBUG Engine               - actualHeightProperty: ReadOnlyDoubleProperty [value: 960.0]
22:48:08.696 [FXGL Background Thread 3 ] DEBUG Engine               - actualWidth: 1682.0
22:48:08.697 [FXGL Background Thread 3 ] DEBUG Engine               - actualWidthProperty: ReadOnlyDoubleProperty [value: 1682.0]
22:48:08.697 [FXGL Background Thread 3 ] DEBUG Engine               - appIcon: joker.jpg
22:48:08.698 [FXGL Background Thread 3 ] DEBUG Engine               - applicationMode: DEVELOPER
22:48:08.698 [FXGL Background Thread 3 ] DEBUG Engine               - cSSList: [fxgl_dark.css, tank.css]
22:48:08.698 [FXGL Background Thread 3 ] DEBUG Engine               - collisionDetectionStrategy: BRUTE_FORCE
22:48:08.700 [FXGL Background Thread 3 ] DEBUG Engine               - configClass: Optional.empty
22:48:08.701 [FXGL Background Thread 3 ] DEBUG Engine               - credits: []
22:48:08.702 [FXGL Background Thread 3 ] DEBUG Engine               - defaultCursor: CursorInfo(imageName=fxgl_default_cursor.png, hotspotX=7.0, hotspotY=6.0)
22:48:08.702 [FXGL Background Thread 3 ] DEBUG Engine               - devBBoxColorProperty: ObjectProperty [value: 0xff0000ff]
22:48:08.702 [FXGL Background Thread 3 ] DEBUG Engine               - devEnableDebugCameraProperty: BooleanProperty [value: false]
22:48:08.702 [FXGL Background Thread 3 ] DEBUG Engine               - devSensorColorProperty: ObjectProperty [value: 0xffff00ff]
22:48:08.702 [FXGL Background Thread 3 ] DEBUG Engine               - devShowBBoxProperty: BooleanProperty [value: false]
22:48:08.702 [FXGL Background Thread 3 ] DEBUG Engine               - devShowPositionProperty: BooleanProperty [value: false]
22:48:08.702 [FXGL Background Thread 3 ] DEBUG Engine               - enabledMenuItems: []
22:48:08.702 [FXGL Background Thread 3 ] DEBUG Engine               - engineServices: [class com.almasb.fxgl.app.services.FXGLAssetLoaderService, class com.almasb.fxgl.app.FXGLApplication$GameApplicationService, class com.almasb.fxgl.app.services.FXGLDialogService, class com.almasb.fxgl.app.services.IOTaskExecutorService, class com.almasb.fxgl.io.FileSystemService, class com.almasb.fxgl.localization.LocalizationService, class com.almasb.fxgl.app.services.SystemBundleService, class com.almasb.fxgl.profile.SaveLoadService, class com.almasb.fxgl.ui.FXGLUIFactoryServiceProvider, class com.almasb.fxgl.ui.FXGLDialogFactoryServiceProvider, class com.almasb.fxgl.audio.AudioPlayer, class com.almasb.fxgl.notification.impl.NotificationServiceProvider, class com.almasb.fxgl.achievement.AchievementService, class com.almasb.fxgl.cutscene.CutsceneService, class com.almasb.fxgl.minigames.MiniGameService, class com.almasb.fxgl.net.NetService, class com.almasb.fxgl.app.services.UpdaterService, class com.almasb.fxgl.dev.DevService]
22:48:08.703 [FXGL Background Thread 3 ] DEBUG Engine               - fontGame: Abel-Regular.ttf
22:48:08.703 [FXGL Background Thread 3 ] DEBUG Engine               - fontMono: TerminalLandMono-Regular.otf
22:48:08.703 [FXGL Background Thread 3 ] DEBUG Engine               - fontText: Courier-Prime.ttf
22:48:08.703 [FXGL Background Thread 3 ] DEBUG Engine               - fontUI: VarelaRound-Regular.ttf
22:48:08.703 [FXGL Background Thread 3 ] DEBUG Engine               - fullScreen: BooleanProperty [value: false]
22:48:08.703 [FXGL Background Thread 3 ] DEBUG Engine               - gameDifficulty: MEDIUM
22:48:08.703 [FXGL Background Thread 3 ] DEBUG Engine               - gameDifficultyProperty: ObjectProperty [value: MEDIUM]
22:48:08.703 [FXGL Background Thread 3 ] DEBUG Engine               - globalMusicVolume: 0.5
22:48:08.703 [FXGL Background Thread 3 ] DEBUG Engine               - globalMusicVolumeProperty: DoubleProperty [value: 0.5]
22:48:08.703 [FXGL Background Thread 3 ] DEBUG Engine               - globalSoundVolume: 0.5
22:48:08.703 [FXGL Background Thread 3 ] DEBUG Engine               - globalSoundVolumeProperty: DoubleProperty [value: 0.8]
22:48:08.703 [FXGL Background Thread 3 ] DEBUG Engine               - height: 1152
22:48:08.703 [FXGL Background Thread 3 ] DEBUG Engine               - is3D: false
22:48:08.703 [FXGL Background Thread 3 ] DEBUG Engine               - isAndroid: false
22:48:08.703 [FXGL Background Thread 3 ] DEBUG Engine               - isBrowser: false
22:48:08.704 [FXGL Background Thread 3 ] DEBUG Engine               - isClickFeedbackEnabled: false
22:48:08.704 [FXGL Background Thread 3 ] DEBUG Engine               - isCloseConfirmation: false
22:48:08.704 [FXGL Background Thread 3 ] DEBUG Engine               - isDesktop: true
22:48:08.704 [FXGL Background Thread 3 ] DEBUG Engine               - isDeveloperMenuEnabled: false
22:48:08.704 [FXGL Background Thread 3 ] DEBUG Engine               - isEmbedded: false
22:48:08.704 [FXGL Background Thread 3 ] DEBUG Engine               - isEntityPreloadEnabled: true
22:48:08.704 [FXGL Background Thread 3 ] DEBUG Engine               - isExperimentalTiledLargeMap: false
22:48:08.704 [FXGL Background Thread 3 ] DEBUG Engine               - isFileSystemWriteAllowed: true
22:48:08.704 [FXGL Background Thread 3 ] DEBUG Engine               - isFullScreenAllowed: false
22:48:08.704 [FXGL Background Thread 3 ] DEBUG Engine               - isFullScreenFromStart: false
22:48:08.704 [FXGL Background Thread 3 ] DEBUG Engine               - isGameMenuEnabled: true
22:48:08.704 [FXGL Background Thread 3 ] DEBUG Engine               - isIOS: false
22:48:08.704 [FXGL Background Thread 3 ] DEBUG Engine               - isIntroEnabled: false
22:48:08.704 [FXGL Background Thread 3 ] DEBUG Engine               - isLinux: false
22:48:08.704 [FXGL Background Thread 3 ] DEBUG Engine               - isMac: false
22:48:08.704 [FXGL Background Thread 3 ] DEBUG Engine               - isMainMenuEnabled: true
22:48:08.704 [FXGL Background Thread 3 ] DEBUG Engine               - isManualResizeEnabled: false
22:48:08.704 [FXGL Background Thread 3 ] DEBUG Engine               - isMobile: false
22:48:08.704 [FXGL Background Thread 3 ] DEBUG Engine               - isNative: false
22:48:08.704 [FXGL Background Thread 3 ] DEBUG Engine               - isPauseMusicWhenMinimized: true
22:48:08.704 [FXGL Background Thread 3 ] DEBUG Engine               - isPreserveResizeRatio: false
22:48:08.704 [FXGL Background Thread 3 ] DEBUG Engine               - isProfilingEnabled: false
22:48:08.705 [FXGL Background Thread 3 ] DEBUG Engine               - isScaleAffectedOnResize: true
22:48:08.705 [FXGL Background Thread 3 ] DEBUG Engine               - isSingleStep: false
22:48:08.705 [FXGL Background Thread 3 ] DEBUG Engine               - isUserProfileEnabled: false
22:48:08.705 [FXGL Background Thread 3 ] DEBUG Engine               - isWindows: true
22:48:08.705 [FXGL Background Thread 3 ] DEBUG Engine               - language: ObjectProperty [value: ENGLISH]
22:48:08.705 [FXGL Background Thread 3 ] DEBUG Engine               - menuKey: ESCAPE
22:48:08.705 [FXGL Background Thread 3 ] DEBUG Engine               - mouseSensitivity: 0.2
22:48:08.705 [FXGL Background Thread 3 ] DEBUG Engine               - notificationViewClass: class com.almasb.fxgl.notification.view.XboxNotificationView
22:48:08.705 [FXGL Background Thread 3 ] DEBUG Engine               - pixelsPerMeter: 50.0
22:48:08.705 [FXGL Background Thread 3 ] DEBUG Engine               - platform: WINDOWS
22:48:08.705 [FXGL Background Thread 3 ] DEBUG Engine               - prefHeightProperty: ReadOnlyDoubleProperty [value: 1152.0]
22:48:08.705 [FXGL Background Thread 3 ] DEBUG Engine               - prefWidthProperty: ReadOnlyDoubleProperty [value: 2048.0]
22:48:08.705 [FXGL Background Thread 3 ] DEBUG Engine               - profileDir: profiles/
22:48:08.705 [FXGL Background Thread 3 ] DEBUG Engine               - profileName: StringProperty [value: DEFAULT]
22:48:08.706 [FXGL Background Thread 3 ] DEBUG Engine               - randomSeed: -1
22:48:08.707 [FXGL Background Thread 3 ] DEBUG Engine               - runtimeInfo: RuntimeInfo(platform=WINDOWS, version=17.1, build=24.03.2022 17.34)
22:48:08.707 [FXGL Background Thread 3 ] DEBUG Engine               - saveFileExt: sav
22:48:08.707 [FXGL Background Thread 3 ] DEBUG Engine               - scaledHeightProp$fxgl: DoubleProperty [bound, value: 960.0]
22:48:08.707 [FXGL Background Thread 3 ] DEBUG Engine               - scaledWidthProp$fxgl: DoubleProperty [bound, value: 1682.0]
22:48:08.707 [FXGL Background Thread 3 ] DEBUG Engine               - sceneFactory: com.kenny.tank.AllStarBattleApp$1@54e61bc0
22:48:08.707 [FXGL Background Thread 3 ] DEBUG Engine               - secondsIn24h: 60
22:48:08.707 [FXGL Background Thread 3 ] DEBUG Engine               - soundMenuBack: menu/back.wav
22:48:08.707 [FXGL Background Thread 3 ] DEBUG Engine               - soundMenuPress: menu/press.wav
22:48:08.707 [FXGL Background Thread 3 ] DEBUG Engine               - soundMenuSelect: menu/select.wav
22:48:08.707 [FXGL Background Thread 3 ] DEBUG Engine               - soundNotification: core/notification.wav
22:48:08.707 [FXGL Background Thread 3 ] DEBUG Engine               - stageStyle: DECORATED
22:48:08.707 [FXGL Background Thread 3 ] DEBUG Engine               - supportedLanguages: [ENGLISH, FRENCH, GERMAN, HUNGARIAN, RUSSIAN]
22:48:08.707 [FXGL Background Thread 3 ] DEBUG Engine               - ticksPerSecond: -1
22:48:08.707 [FXGL Background Thread 3 ] DEBUG Engine               - title: All star battle
22:48:08.707 [FXGL Background Thread 3 ] DEBUG Engine               - urlGithub: https://github.com/AlmasB/FXGL
22:48:08.707 [FXGL Background Thread 3 ] DEBUG Engine               - urlLeaderboard: http://fxgl-top.herokuapp.com/
22:48:08.707 [FXGL Background Thread 3 ] DEBUG Engine               - urlPOM: https://raw.githubusercontent.com/AlmasB/FXGL/release/README.md
22:48:08.707 [FXGL Background Thread 3 ] DEBUG Engine               - userAppClass: class com.kenny.tank.AllStarBattleApp
22:48:08.707 [FXGL Background Thread 3 ] DEBUG Engine               - version: 0.1
22:48:08.707 [FXGL Background Thread 3 ] DEBUG Engine               - versionCheckDays: 7
22:48:08.707 [FXGL Background Thread 3 ] DEBUG Engine               - width: 2048
22:48:08.707 [FXGL Background Thread 3 ] DEBUG Engine               - Logging services
22:48:08.707 [FXGL Background Thread 3 ] DEBUG Engine               - class com.almasb.fxgl.app.services.FXGLAssetLoaderService
22:48:08.707 [FXGL Background Thread 3 ] DEBUG Engine               - class com.almasb.fxgl.app.FXGLApplication$GameApplicationService
22:48:08.707 [FXGL Background Thread 3 ] DEBUG Engine               - class com.almasb.fxgl.app.services.FXGLDialogService
22:48:08.708 [FXGL Background Thread 3 ] DEBUG Engine               - class com.almasb.fxgl.app.services.IOTaskExecutorService
22:48:08.708 [FXGL Background Thread 3 ] DEBUG Engine               - class com.almasb.fxgl.io.FileSystemService
22:48:08.708 [FXGL Background Thread 3 ] DEBUG Engine               - class com.almasb.fxgl.localization.LocalizationService
22:48:08.708 [FXGL Background Thread 3 ] DEBUG Engine               - class com.almasb.fxgl.app.services.SystemBundleService
22:48:08.708 [FXGL Background Thread 3 ] DEBUG Engine               - class com.almasb.fxgl.profile.SaveLoadService
22:48:08.708 [FXGL Background Thread 3 ] DEBUG Engine               - class com.almasb.fxgl.ui.FXGLUIFactoryServiceProvider
22:48:08.708 [FXGL Background Thread 3 ] DEBUG Engine               - class com.almasb.fxgl.ui.FXGLDialogFactoryServiceProvider
22:48:08.708 [FXGL Background Thread 3 ] DEBUG Engine               - class com.almasb.fxgl.audio.AudioPlayer
22:48:08.708 [FXGL Background Thread 3 ] DEBUG Engine               - class com.almasb.fxgl.notification.impl.NotificationServiceProvider
22:48:08.708 [FXGL Background Thread 3 ] DEBUG Engine               - class com.almasb.fxgl.achievement.AchievementService
22:48:08.708 [FXGL Background Thread 3 ] DEBUG Engine               - class com.almasb.fxgl.cutscene.CutsceneService
22:48:08.708 [FXGL Background Thread 3 ] DEBUG Engine               - class com.almasb.fxgl.minigames.MiniGameService
22:48:08.708 [FXGL Background Thread 3 ] DEBUG Engine               - class com.almasb.fxgl.net.NetService
22:48:08.708 [FXGL Background Thread 3 ] DEBUG Engine               - class com.almasb.fxgl.app.services.UpdaterService
22:48:08.708 [FXGL Background Thread 3 ] DEBUG Engine               - class com.almasb.fxgl.dev.DevService
22:48:13.806 [JavaFX Application Thread] DEBUG GameApplicationServi - Starting new game
22:48:13.806 [JavaFX Application Thread] DEBUG PrimaryStageWindow   - Pop state: Main_menu
22:48:13.806 [JavaFX Application Thread] DEBUG Input                - Clearing active input actions
22:48:13.809 [JavaFX Application Thread] DEBUG GameApplicationServi - Removing overlay from Main_menu and adding to FXGLMainMenuDummyScene
22:48:13.810 [JavaFX Application Thread] DEBUG PrimaryStageWindow   - FXGLMainMenuDummyScene <- Main_menu
22:48:13.811 [JavaFX Application Thread] DEBUG Input                - Clearing active input actions
22:48:13.820 [JavaFX Application Thread] DEBUG GameApplicationServi - Removing overlay from FXGLMainMenuDummyScene and adding to Loading_Scene
22:48:13.820 [JavaFX Application Thread] DEBUG PrimaryStageWindow   - FXGLMainMenuDummyScene -> Loading_Scene
22:48:13.820 [JavaFX Application Thread] DEBUG GameApplicationServi - Clearing previous game
22:48:13.821 [JavaFX Application Thread] DEBUG GameScene            - Clearing game scene
22:48:13.821 [JavaFX Application Thread] DEBUG GameWorld            - Clearing game world
22:48:13.821 [JavaFX Application Thread] DEBUG PhysicsWorld         - Clearing physics world
22:48:13.822 [FXGL Background Thread 2 ] DEBUG FXGLApplication      - Initializing game
22:48:13.863 [FXGL Background Thread 2 ] WARN  TMXLevelLoader       - TiledMap generated from 1.8.4. Supported version: 1.4.2. Some features may not be parsed fully.
22:48:13.876 [FXGL Background Thread 2 ] DEBUG TMXLevelLoader       - Parsed TiledMap: file:/E:/java%20project/tank/target/classes/assets/levels/test1.tmx
22:48:13.877 [FXGL Background Thread 2 ] DEBUG TMXLevelLoader       - Creating tile layer entities
22:48:13.877 [FXGL Background Thread 2 ] DEBUG TMXLevelLoader       - Creating object layer entities
22:48:13.930 [FXGL Background Thread 2 ] DEBUG GameWorld            - Clearing removable entities
22:48:13.931 [FXGL Background Thread 2 ] DEBUG GameWorld            - Setting level: com.almasb.fxgl.entity.level.Level@5ebeef06
22:48:13.938 [FXGL Background Thread 2 ] DEBUG FXGLAssetLoaderServi - Loading from file system: file:/E:/java%20project/tank/target/classes/assets/textures/element/Tank.png
22:48:13.940 [FXGL Background Thread 2 ] DEBUG FXGLAssetLoaderServi - Loading from file system: file:/E:/java%20project/tank/target/classes/assets/textures/Enemytank.png
22:48:13.942 [FXGL Background Thread 2 ] DEBUG FXGLAssetLoaderServi - Loading from file system: file:/E:/java%20project/tank/target/classes/assets/textures/Chicken.png
22:48:13.948 [FXGL Background Thread 2 ] DEBUG FXGLAssetLoaderServi - Loading from file system: file:/E:/java%20project/tank/target/classes/assets/textures/BossTank.png
22:48:13.952 [FXGL Background Thread 2 ] INFO  FXGLApplication      - Game initialization took: 0.130 sec
22:48:13.952 [JavaFX Application Thread] DEBUG Input                - Clearing active input actions
22:48:13.959 [JavaFX Application Thread] DEBUG GameApplicationServi - Removing overlay from Loading_Scene and adding to GameScene
22:48:13.960 [JavaFX Application Thread] DEBUG PrimaryStageWindow   - Loading_Scene -> GameScene
22:48:15.100 [JavaFX Application Thread] DEBUG FXGLAssetLoaderServi - Loading from file system: file:/E:/java%20project/tank/target/classes/assets/textures/element/Enemybullet.png
22:48:15.292 [JavaFX Application Thread] DEBUG FXGLAssetLoaderServi - Loading from file system: file:/E:/java%20project/tank/target/classes/assets/textures/SmallBoom.png
22:48:15.639 [JavaFX Application Thread] DEBUG FXGLAssetLoaderServi - Loading from file system: file:/E:/java%20project/tank/target/classes/assets/sounds/boom.wav
22:48:15.701 [JavaFX Application Thread] DEBUG FXGLAssetLoaderServi - Loading from file system: file:/E:/java%20project/tank/target/classes/assets/textures/element/Bullet.png
22:48:22.846 [JavaFX Application Thread] DEBUG FXGLAssetLoaderServi - Loading from file system: file:/E:/java%20project/tank/target/classes/assets/textures/boom.png
22:48:22.862 [JavaFX Application Thread] DEBUG PrimaryStageWindow   - Push state: EggScene
22:48:22.862 [JavaFX Application Thread] DEBUG FXGLAssetLoaderServi - Loading from file system: file:/E:/java%20project/tank/target/classes/assets/music/chicken.mp3
22:48:22.877 [JavaFX Application Thread] DEBUG AudioPlayer          - Playing music com.almasb.fxgl.audio.Music@3a20e5e5
22:48:22.878 [JavaFX Application Thread] DEBUG Input                - Clearing active input actions
22:48:22.878 [JavaFX Application Thread] DEBUG GameApplicationServi - Removing overlay from GameScene and adding to EggScene
22:48:22.878 [JavaFX Application Thread] DEBUG PrimaryStageWindow   - GameScene -> EggScene
22:48:27.866 [JavaFX Application Thread] DEBUG PrimaryStageWindow   - Pop state: EggScene
22:48:27.866 [JavaFX Application Thread] DEBUG Input                - Clearing active input actions
22:48:27.867 [JavaFX Application Thread] DEBUG GameApplicationServi - Removing overlay from EggScene and adding to GameScene
22:48:27.867 [JavaFX Application Thread] DEBUG PrimaryStageWindow   - GameScene <- EggScene
22:48:27.876 [JavaFX Application Thread] WARN  TMXLevelLoader       - TiledMap generated from 1.8.4. Supported version: 1.4.2. Some features may not be parsed fully.
22:48:27.880 [JavaFX Application Thread] DEBUG TMXLevelLoader       - Parsed TiledMap: file:/E:/java%20project/tank/target/classes/assets/levels/Chicken.tmx
22:48:27.881 [JavaFX Application Thread] DEBUG TMXLevelLoader       - Creating tile layer entities
22:48:27.881 [JavaFX Application Thread] DEBUG TMXLevelLoader       - Creating object layer entities
22:48:27.891 [JavaFX Application Thread] DEBUG GameWorld            - Clearing removable entities
22:48:27.894 [JavaFX Application Thread] DEBUG GameWorld            - Setting level: com.almasb.fxgl.entity.level.Level@651f9088
22:48:27.899 [JavaFX Application Thread] DEBUG FXGLAssetLoaderServi - Loading from file system: file:/E:/java%20project/tank/target/classes/assets/textures/people.png
22:48:29.258 [JavaFX Application Thread] DEBUG FXGLAssetLoaderServi - Loading from file system: file:/E:/java%20project/tank/target/classes/assets/textures/element/Good.png
22:48:42.219 [JavaFX Application Thread] DEBUG FXGLAssetLoaderServi - Loading from file system: file:/E:/java%20project/tank/target/classes/assets/textures/Egg.png
22:48:48.218 [JavaFX Application Thread] DEBUG FXGLAssetLoaderServi - Loading from file system: file:/E:/java%20project/tank/target/classes/assets/textures/element/Enemy2.png
22:48:52.367 [JavaFX Application Thread] DEBUG FXGLAssetLoaderServi - Loading from file system: file:/E:/java%20project/tank/target/classes/assets/textures/element/Enemy1.png
22:48:54.194 [JavaFX Application Thread] DEBUG PrimaryStageWindow   - Push state: FXGLDefaultMenu
22:48:54.198 [JavaFX Application Thread] DEBUG Input                - Clearing active input actions
22:48:54.199 [JavaFX Application Thread] DEBUG GameApplicationServi - Removing overlay from GameScene and adding to FXGLDefaultMenu
22:48:54.199 [JavaFX Application Thread] DEBUG PrimaryStageWindow   - GameScene -> FXGLDefaultMenu
22:48:55.422 [JavaFX Application Thread] DEBUG Menu                 - fireExitToMainMenu()
22:48:55.428 [JavaFX Application Thread] DEBUG PrimaryStageWindow   - Push state: DialogSubScene
22:48:55.428 [JavaFX Application Thread] DEBUG Input                - Clearing active input actions
22:48:55.428 [JavaFX Application Thread] DEBUG GameApplicationServi - Removing overlay from FXGLDefaultMenu and adding to DialogSubScene
22:48:55.428 [JavaFX Application Thread] DEBUG PrimaryStageWindow   - FXGLDefaultMenu -> DialogSubScene
22:48:56.478 [JavaFX Application Thread] DEBUG PrimaryStageWindow   - Pop state: DialogSubScene
22:48:56.478 [JavaFX Application Thread] DEBUG Input                - Clearing active input actions
22:48:56.478 [JavaFX Application Thread] DEBUG GameApplicationServi - Removing overlay from DialogSubScene and adding to FXGLDefaultMenu
22:48:56.479 [JavaFX Application Thread] DEBUG PrimaryStageWindow   - FXGLDefaultMenu <- DialogSubScene
22:48:56.480 [JavaFX Application Thread] DEBUG PrimaryStageWindow   - Pop state: FXGLDefaultMenu
22:48:56.480 [JavaFX Application Thread] DEBUG Input                - Clearing active input actions
22:48:56.480 [JavaFX Application Thread] DEBUG GameApplicationServi - Removing overlay from FXGLDefaultMenu and adding to GameScene
22:48:56.480 [JavaFX Application Thread] DEBUG PrimaryStageWindow   - GameScene <- FXGLDefaultMenu
22:48:56.480 [JavaFX Application Thread] DEBUG Input                - Clearing active input actions
22:48:56.486 [JavaFX Application Thread] DEBUG GameApplicationServi - Removing overlay from GameScene and adding to FXGLMainMenuDummyScene
22:48:56.486 [JavaFX Application Thread] DEBUG PrimaryStageWindow   - GameScene -> FXGLMainMenuDummyScene
22:48:56.486 [JavaFX Application Thread] DEBUG PrimaryStageWindow   - Push state: Main_menu
22:48:56.486 [JavaFX Application Thread] DEBUG Input                - Clearing active input actions
22:48:56.487 [JavaFX Application Thread] DEBUG GameApplicationServi - Removing overlay from FXGLMainMenuDummyScene and adding to Main_menu
22:48:56.487 [JavaFX Application Thread] DEBUG PrimaryStageWindow   - FXGLMainMenuDummyScene -> Main_menu
22:48:57.029 [JavaFX Application Thread] DEBUG FXGLApplication      - Exiting FXGL
22:48:57.029 [JavaFX Application Thread] DEBUG LoopRunner           - Stopping loop
22:48:57.029 [JavaFX Application Thread] DEBUG SystemBundleService  - Saving FXGL system data
22:48:57.031 [JavaFX Application Thread] DEBUG FileSystemAccess     - Writing to: E:\java project\tank\system\fxgl.bundle
22:48:57.032 [JavaFX Application Thread] DEBUG Async                - Shutting down background threads
22:48:57.032 [JavaFX Application Thread] DEBUG PrimaryStageWindow   - Closing main window
22:48:57.058 [JavaFX Application Thread] DEBUG Logger               - Closing Logger
