14:24:00.396 [main                     ] DEBUG Logger               - Configured Logger
14:24:00.411 [main                     ] DEBUG GameApplication      - Logging settings
Title: All star battle
Version: 0.1
Width: 2048
Height: 1152
Fullscreen: false
Intro: false
Profiling: false
Single step:false
App Mode: DEVELOPER
Menu Key: ESCAPE
Stage Style: DECORATED
Scene Factory: class com.kenny.tank.AllStarBattleApp$1

14:24:00.652 [JavaFX Application Thread] DEBUG FXGLApplication      - Initializing FXGL
14:24:00.656 [JavaFX Application Thread] INFO  Engine               - FXGL-17.1 (24.03.2022 17.34) on WINDOWS (J:17.0.6 FX:18)
14:24:00.656 [JavaFX Application Thread] DEBUG Engine               - JRE Vendor Name: Amazon.com Inc.
14:24:00.657 [JavaFX Application Thread] DEBUG Engine               - Running on OS: Windows 11 version 10.0
14:24:00.657 [JavaFX Application Thread] DEBUG Engine               - Architecture: amd64
14:24:00.657 [JavaFX Application Thread] INFO  Engine               - Source code and latest versions at: https://github.com/AlmasB/FXGL
14:24:00.657 [JavaFX Application Thread] INFO  Engine               -       Ask questions and discuss at: https://github.com/AlmasB/FXGL/discussions
14:24:00.657 [JavaFX Application Thread] INFO  Engine               -              Join the FXGL chat at: https://gitter.im/AlmasB/FXGL
14:24:00.699 [JavaFX Application Thread] DEBUG PrimaryStageWindow   - Creating a JavaFX scene
14:24:00.699 [JavaFX Application Thread] DEBUG PrimaryStageWindow   - Target size > screen size
14:24:00.723 [JavaFX Application Thread] DEBUG PrimaryStageWindow   - Target settings size: 2048.0 x 1152.0
14:24:00.723 [JavaFX Application Thread] DEBUG PrimaryStageWindow   - Scaled scene size:    1682.0 x 960.0
14:24:00.723 [JavaFX Application Thread] DEBUG PrimaryStageWindow   - Scaled ratio: (0.8212890625, 0.8333333333333334)
14:24:00.724 [JavaFX Application Thread] DEBUG PrimaryStageWindow   - Set initial scene to StartScene
14:24:00.728 [JavaFX Application Thread] DEBUG PrimaryStageWindow   - Opening main window
14:24:00.809 [JavaFX Application Thread] DEBUG PrimaryStageWindow   - Window border size: (14.6666259765625, 37.33331298828125)
14:24:00.809 [JavaFX Application Thread] DEBUG PrimaryStageWindow   - Scaled size: 1682.0 x 960.0
14:24:00.809 [JavaFX Application Thread] DEBUG PrimaryStageWindow   - Scaled ratio: (0.8212890625, 0.8333333333333334)
14:24:00.809 [JavaFX Application Thread] DEBUG PrimaryStageWindow   - Scene size: 1682.0 x 960.0
14:24:00.810 [JavaFX Application Thread] DEBUG PrimaryStageWindow   - Stage size: 1696.6666259765625 x 997.3333129882812
14:24:00.814 [FXGL Background Thread 1 ] DEBUG Engine               - Initializing environment variables
14:24:00.838 [FXGL Background Thread 1 ] DEBUG FXGLAssetLoaderServi - User app class for loading assets: class com.kenny.tank.AllStarBattleApp
14:24:00.839 [FXGL Background Thread 1 ] DEBUG GameApplicationServi - Applying CSS: fxgl_dark.css
14:24:00.839 [FXGL Background Thread 1 ] DEBUG FXGLAssetLoaderServi - Loading from file system: jar:file:///C:/Users/10273/.m2/repository/com/github/almasb/fxgl/17.1/fxgl-17.1.jar!/fxglassets/ui/css/fxgl_dark.css
14:24:00.870 [FXGL Background Thread 1 ] DEBUG GameApplicationServi - Applying CSS: tank.css
14:24:00.870 [FXGL Background Thread 1 ] DEBUG FXGLAssetLoaderServi - Loading from file system: file:/E:/java%20project/tank/target/classes/assets/ui/css/tank.css
14:24:00.871 [FXGL Background Thread 1 ] DEBUG GameApplicationServi - Initializing application scenes
14:24:00.874 [FXGL Background Thread 1 ] DEBUG GameWorld            - Game world initialized
14:24:00.911 [FXGL Background Thread 1 ] DEBUG PhysicsWorld         - Physics world initialized: appHeight=1152, physics.ppm=50.0
14:24:00.911 [FXGL Background Thread 1 ] DEBUG PhysicsWorld         - Using strategy: BRUTE_FORCE
14:24:00.914 [FXGL Background Thread 1 ] DEBUG GameScene            - Game scene initialized: 2048x1152
14:24:00.918 [FXGL Background Thread 1 ] DEBUG FXGLAssetLoaderServi - Loading from file system: file:/E:/java%20project/tank/target/classes/assets/textures/MainMenu.png
14:24:01.002 [FXGL Background Thread 1 ] DEBUG FXGLAssetLoaderServi - Loading from file system: file:/E:/java%20project/tank/target/classes/assets/textures/R-C.jpg
14:24:01.022 [FXGL Background Thread 1 ] DEBUG FXGL.DefaultMenu     - createMenuBodyGameMenu()
14:24:01.029 [FXGL Background Thread 1 ] DEBUG FXGL.DefaultMenu     - createOptionsMenu()
14:24:01.035 [FXGL Background Thread 1 ] DEBUG FXGLAssetLoaderServi - Loading from file system: jar:file:///C:/Users/10273/.m2/repository/com/github/almasb/fxgl/17.1/fxgl-17.1.jar!/fxglassets/textures/particles/smoke.png
14:24:01.084 [FXGL Background Thread 1 ] DEBUG FXGLAssetLoaderServi - Loading from file system: jar:file:///C:/Users/10273/.m2/repository/com/github/almasb/fxgl/17.1/fxgl-17.1.jar!/fxglassets/textures/particles/trace_horizontal.png
14:24:01.093 [FXGL Background Thread 1 ] DEBUG GameApplicationServi - Application scenes initialized
14:24:01.101 [FXGL Background Thread 1 ] DEBUG SystemBundleService  - Loading FXGL system data
14:24:01.103 [FXGL Background Thread 1 ] DEBUG FileSystemAccess     - Reading from: E:\java project\tank\system\fxgl.bundle
14:24:01.108 [FXGL Background Thread 1 ] DEBUG SystemBundleService  - Bundle FXGL: {}
14:24:01.109 [FXGL Background Thread 1 ] DEBUG UpdaterService       - Checking for updates
14:24:01.111 [FXGL Background Thread 4 ] DEBUG FXGLApplication      - Loading fonts
14:24:01.112 [FXGL Background Thread 1 ] DEBUG FXGLApplication      - Loading default localization
14:24:01.112 [FXGL Background Thread 4 ] DEBUG FXGLAssetLoaderServi - Loading from file system: jar:file:///C:/Users/10273/.m2/repository/com/github/almasb/fxgl/17.1/fxgl-17.1.jar!/fxglassets/ui/fonts/VarelaRound-Regular.ttf
14:24:01.113 [FXGL Background Thread 1 ] DEBUG FXGLAssetLoaderServi - Loading from file system: jar:file:///C:/Users/10273/.m2/repository/com/github/almasb/fxgl/17.1/fxgl-17.1.jar!/fxglassets/languages/english.lang
14:24:01.138 [FXGL Background Thread 1 ] INFO  FXGLApplication      - FXGL initialization took: 0.325 sec
14:24:01.145 [JavaFX Application Thread] DEBUG Input                - Registered new binding: action0 - Up
14:24:01.146 [JavaFX Application Thread] DEBUG Input                - Registered new binding: action1 - Down
14:24:01.147 [JavaFX Application Thread] DEBUG Input                - Registered new binding: action2 - Left
14:24:01.148 [JavaFX Application Thread] DEBUG Input                - Registered new binding: action3 - Right
14:24:01.149 [JavaFX Application Thread] DEBUG Input                - Registered new binding: action4 - Space
14:24:01.149 [JavaFX Application Thread] DEBUG FXGLAssetLoaderServi - Loading from file system: file:/E:/java%20project/tank/target/classes/assets/textures/joker.jpg
14:24:01.159 [JavaFX Application Thread] DEBUG FXGLAssetLoaderServi - Loading from file system: jar:file:///C:/Users/10273/.m2/repository/com/github/almasb/fxgl/17.1/fxgl-17.1.jar!/fxglassets/textures/fxgl_default_cursor.png
14:24:01.162 [JavaFX Application Thread] DEBUG Input                - Registered new binding: Screenshot - CTRL+8
14:24:01.162 [JavaFX Application Thread] DEBUG Input                - Registered new binding: System info dump - CTRL+9
14:24:01.163 [JavaFX Application Thread] DEBUG Input                - Registered new binding: Restart - CTRL+R
14:24:01.163 [JavaFX Application Thread] DEBUG Input                - Registered new binding: Toggle Debug Camera - CTRL+7
14:24:01.165 [FXGL Background Thread 4 ] DEBUG FXGLAssetLoaderServi - Loading from file system: jar:file:///C:/Users/10273/.m2/repository/com/github/almasb/fxgl/17.1/fxgl-17.1.jar!/fxglassets/ui/fonts/Abel-Regular.ttf
14:24:01.165 [JavaFX Application Thread] DEBUG LoopRunner           - Starting loop
14:24:01.165 [JavaFX Application Thread] DEBUG LoopRunner           - Initializing JavaFX AnimationTimerLoop
14:24:01.167 [FXGL Background Thread 4 ] DEBUG FXGLAssetLoaderServi - Loading from file system: jar:file:///C:/Users/10273/.m2/repository/com/github/almasb/fxgl/17.1/fxgl-17.1.jar!/fxglassets/ui/fonts/TerminalLandMono-Regular.otf
14:24:01.168 [JavaFX Application Thread] DEBUG Input                - Clearing active input actions
14:24:01.171 [FXGL Background Thread 4 ] DEBUG FXGLAssetLoaderServi - Loading from file system: jar:file:///C:/Users/10273/.m2/repository/com/github/almasb/fxgl/17.1/fxgl-17.1.jar!/fxglassets/ui/fonts/Courier-Prime.ttf
14:24:01.175 [JavaFX Application Thread] DEBUG GameApplicationServi - Removing overlay from StartScene and adding to FXGLMainMenuDummyScene
14:24:01.175 [JavaFX Application Thread] DEBUG PrimaryStageWindow   - StartScene -> FXGLMainMenuDummyScene
14:24:01.175 [JavaFX Application Thread] DEBUG PrimaryStageWindow   - Push state: Main_menu
14:24:01.176 [JavaFX Application Thread] DEBUG Input                - Clearing active input actions
14:24:01.183 [JavaFX Application Thread] DEBUG GameApplicationServi - Removing overlay from FXGLMainMenuDummyScene and adding to Main_menu
14:24:01.184 [JavaFX Application Thread] DEBUG PrimaryStageWindow   - FXGLMainMenuDummyScene -> Main_menu
14:24:01.288 [JavaFX Application Thread] DEBUG FXGLApplication      - Registering font factories with UI factory
14:24:01.572 [FXGL Background Thread 2 ] INFO  UpdaterService       - Your current version:  17.1
14:24:01.572 [FXGL Background Thread 2 ] INFO  UpdaterService       - Latest stable version: 17.3
14:24:04.111 [FXGL Background Thread 3 ] DEBUG Engine               - Logging environment variables
14:24:04.113 [FXGL Background Thread 3 ] DEBUG Engine               - achievements: []
14:24:04.114 [FXGL Background Thread 3 ] DEBUG Engine               - actualHeight: 960.0
14:24:04.115 [FXGL Background Thread 3 ] DEBUG Engine               - actualHeightProperty: ReadOnlyDoubleProperty [value: 960.0]
14:24:04.115 [FXGL Background Thread 3 ] DEBUG Engine               - actualWidth: 1682.0
14:24:04.115 [FXGL Background Thread 3 ] DEBUG Engine               - actualWidthProperty: ReadOnlyDoubleProperty [value: 1682.0]
14:24:04.115 [FXGL Background Thread 3 ] DEBUG Engine               - appIcon: joker.jpg
14:24:04.115 [FXGL Background Thread 3 ] DEBUG Engine               - applicationMode: DEVELOPER
14:24:04.116 [FXGL Background Thread 3 ] DEBUG Engine               - cSSList: [fxgl_dark.css, tank.css]
14:24:04.116 [FXGL Background Thread 3 ] DEBUG Engine               - collisionDetectionStrategy: BRUTE_FORCE
14:24:04.118 [FXGL Background Thread 3 ] DEBUG Engine               - configClass: Optional.empty
14:24:04.118 [FXGL Background Thread 3 ] DEBUG Engine               - credits: []
14:24:04.121 [FXGL Background Thread 3 ] DEBUG Engine               - defaultCursor: CursorInfo(imageName=fxgl_default_cursor.png, hotspotX=7.0, hotspotY=6.0)
14:24:04.122 [FXGL Background Thread 3 ] DEBUG Engine               - devBBoxColorProperty: ObjectProperty [value: 0xff0000ff]
14:24:04.122 [FXGL Background Thread 3 ] DEBUG Engine               - devEnableDebugCameraProperty: BooleanProperty [value: false]
14:24:04.122 [FXGL Background Thread 3 ] DEBUG Engine               - devSensorColorProperty: ObjectProperty [value: 0xffff00ff]
14:24:04.122 [FXGL Background Thread 3 ] DEBUG Engine               - devShowBBoxProperty: BooleanProperty [value: false]
14:24:04.122 [FXGL Background Thread 3 ] DEBUG Engine               - devShowPositionProperty: BooleanProperty [value: false]
14:24:04.122 [FXGL Background Thread 3 ] DEBUG Engine               - enabledMenuItems: []
14:24:04.122 [FXGL Background Thread 3 ] DEBUG Engine               - engineServices: [class com.almasb.fxgl.app.services.FXGLAssetLoaderService, class com.almasb.fxgl.app.FXGLApplication$GameApplicationService, class com.almasb.fxgl.app.services.FXGLDialogService, class com.almasb.fxgl.app.services.IOTaskExecutorService, class com.almasb.fxgl.io.FileSystemService, class com.almasb.fxgl.localization.LocalizationService, class com.almasb.fxgl.app.services.SystemBundleService, class com.almasb.fxgl.profile.SaveLoadService, class com.almasb.fxgl.ui.FXGLUIFactoryServiceProvider, class com.almasb.fxgl.ui.FXGLDialogFactoryServiceProvider, class com.almasb.fxgl.audio.AudioPlayer, class com.almasb.fxgl.notification.impl.NotificationServiceProvider, class com.almasb.fxgl.achievement.AchievementService, class com.almasb.fxgl.cutscene.CutsceneService, class com.almasb.fxgl.minigames.MiniGameService, class com.almasb.fxgl.net.NetService, class com.almasb.fxgl.app.services.UpdaterService, class com.almasb.fxgl.dev.DevService]
14:24:04.122 [FXGL Background Thread 3 ] DEBUG Engine               - fontGame: Abel-Regular.ttf
14:24:04.123 [FXGL Background Thread 3 ] DEBUG Engine               - fontMono: TerminalLandMono-Regular.otf
14:24:04.123 [FXGL Background Thread 3 ] DEBUG Engine               - fontText: Courier-Prime.ttf
14:24:04.123 [FXGL Background Thread 3 ] DEBUG Engine               - fontUI: VarelaRound-Regular.ttf
14:24:04.123 [FXGL Background Thread 3 ] DEBUG Engine               - fullScreen: BooleanProperty [value: false]
14:24:04.123 [FXGL Background Thread 3 ] DEBUG Engine               - gameDifficulty: MEDIUM
14:24:04.123 [FXGL Background Thread 3 ] DEBUG Engine               - gameDifficultyProperty: ObjectProperty [value: MEDIUM]
14:24:04.123 [FXGL Background Thread 3 ] DEBUG Engine               - globalMusicVolume: 0.5
14:24:04.123 [FXGL Background Thread 3 ] DEBUG Engine               - globalMusicVolumeProperty: DoubleProperty [value: 0.5]
14:24:04.123 [FXGL Background Thread 3 ] DEBUG Engine               - globalSoundVolume: 0.5
14:24:04.124 [FXGL Background Thread 3 ] DEBUG Engine               - globalSoundVolumeProperty: DoubleProperty [value: 0.8]
14:24:04.124 [FXGL Background Thread 3 ] DEBUG Engine               - height: 1152
14:24:04.124 [FXGL Background Thread 3 ] DEBUG Engine               - is3D: false
14:24:04.124 [FXGL Background Thread 3 ] DEBUG Engine               - isAndroid: false
14:24:04.124 [FXGL Background Thread 3 ] DEBUG Engine               - isBrowser: false
14:24:04.124 [FXGL Background Thread 3 ] DEBUG Engine               - isClickFeedbackEnabled: false
14:24:04.124 [FXGL Background Thread 3 ] DEBUG Engine               - isCloseConfirmation: false
14:24:04.124 [FXGL Background Thread 3 ] DEBUG Engine               - isDesktop: true
14:24:04.124 [FXGL Background Thread 3 ] DEBUG Engine               - isDeveloperMenuEnabled: false
14:24:04.124 [FXGL Background Thread 3 ] DEBUG Engine               - isEmbedded: false
14:24:04.124 [FXGL Background Thread 3 ] DEBUG Engine               - isEntityPreloadEnabled: true
14:24:04.124 [FXGL Background Thread 3 ] DEBUG Engine               - isExperimentalTiledLargeMap: false
14:24:04.124 [FXGL Background Thread 3 ] DEBUG Engine               - isFileSystemWriteAllowed: true
14:24:04.124 [FXGL Background Thread 3 ] DEBUG Engine               - isFullScreenAllowed: false
14:24:04.124 [FXGL Background Thread 3 ] DEBUG Engine               - isFullScreenFromStart: false
14:24:04.125 [FXGL Background Thread 3 ] DEBUG Engine               - isGameMenuEnabled: true
14:24:04.125 [FXGL Background Thread 3 ] DEBUG Engine               - isIOS: false
14:24:04.125 [FXGL Background Thread 3 ] DEBUG Engine               - isIntroEnabled: false
14:24:04.125 [FXGL Background Thread 3 ] DEBUG Engine               - isLinux: false
14:24:04.125 [FXGL Background Thread 3 ] DEBUG Engine               - isMac: false
14:24:04.125 [FXGL Background Thread 3 ] DEBUG Engine               - isMainMenuEnabled: true
14:24:04.125 [FXGL Background Thread 3 ] DEBUG Engine               - isManualResizeEnabled: false
14:24:04.125 [FXGL Background Thread 3 ] DEBUG Engine               - isMobile: false
14:24:04.125 [FXGL Background Thread 3 ] DEBUG Engine               - isNative: false
14:24:04.125 [FXGL Background Thread 3 ] DEBUG Engine               - isPauseMusicWhenMinimized: true
14:24:04.125 [FXGL Background Thread 3 ] DEBUG Engine               - isPreserveResizeRatio: false
14:24:04.125 [FXGL Background Thread 3 ] DEBUG Engine               - isProfilingEnabled: false
14:24:04.125 [FXGL Background Thread 3 ] DEBUG Engine               - isScaleAffectedOnResize: true
14:24:04.125 [FXGL Background Thread 3 ] DEBUG Engine               - isSingleStep: false
14:24:04.125 [FXGL Background Thread 3 ] DEBUG Engine               - isUserProfileEnabled: false
14:24:04.125 [FXGL Background Thread 3 ] DEBUG Engine               - isWindows: true
14:24:04.125 [FXGL Background Thread 3 ] DEBUG Engine               - language: ObjectProperty [value: ENGLISH]
14:24:04.125 [FXGL Background Thread 3 ] DEBUG Engine               - menuKey: ESCAPE
14:24:04.126 [FXGL Background Thread 3 ] DEBUG Engine               - mouseSensitivity: 0.2
14:24:04.126 [FXGL Background Thread 3 ] DEBUG Engine               - notificationViewClass: class com.almasb.fxgl.notification.view.XboxNotificationView
14:24:04.126 [FXGL Background Thread 3 ] DEBUG Engine               - pixelsPerMeter: 50.0
14:24:04.126 [FXGL Background Thread 3 ] DEBUG Engine               - platform: WINDOWS
14:24:04.126 [FXGL Background Thread 3 ] DEBUG Engine               - prefHeightProperty: ReadOnlyDoubleProperty [value: 1152.0]
14:24:04.126 [FXGL Background Thread 3 ] DEBUG Engine               - prefWidthProperty: ReadOnlyDoubleProperty [value: 2048.0]
14:24:04.126 [FXGL Background Thread 3 ] DEBUG Engine               - profileDir: profiles/
14:24:04.126 [FXGL Background Thread 3 ] DEBUG Engine               - profileName: StringProperty [value: DEFAULT]
14:24:04.126 [FXGL Background Thread 3 ] DEBUG Engine               - randomSeed: -1
14:24:04.126 [FXGL Background Thread 3 ] DEBUG Engine               - runtimeInfo: RuntimeInfo(platform=WINDOWS, version=17.1, build=24.03.2022 17.34)
14:24:04.126 [FXGL Background Thread 3 ] DEBUG Engine               - saveFileExt: sav
14:24:04.126 [FXGL Background Thread 3 ] DEBUG Engine               - scaledHeightProp$fxgl: DoubleProperty [bound, value: 960.0]
14:24:04.126 [FXGL Background Thread 3 ] DEBUG Engine               - scaledWidthProp$fxgl: DoubleProperty [bound, value: 1682.0]
14:24:04.126 [FXGL Background Thread 3 ] DEBUG Engine               - sceneFactory: com.kenny.tank.AllStarBattleApp$1@28e5ebd1
14:24:04.126 [FXGL Background Thread 3 ] DEBUG Engine               - secondsIn24h: 60
14:24:04.126 [FXGL Background Thread 3 ] DEBUG Engine               - soundMenuBack: menu/back.wav
14:24:04.126 [FXGL Background Thread 3 ] DEBUG Engine               - soundMenuPress: menu/press.wav
14:24:04.126 [FXGL Background Thread 3 ] DEBUG Engine               - soundMenuSelect: menu/select.wav
14:24:04.126 [FXGL Background Thread 3 ] DEBUG Engine               - soundNotification: core/notification.wav
14:24:04.126 [FXGL Background Thread 3 ] DEBUG Engine               - stageStyle: DECORATED
14:24:04.126 [FXGL Background Thread 3 ] DEBUG Engine               - supportedLanguages: [ENGLISH, FRENCH, GERMAN, HUNGARIAN, RUSSIAN]
14:24:04.126 [FXGL Background Thread 3 ] DEBUG Engine               - ticksPerSecond: -1
14:24:04.126 [FXGL Background Thread 3 ] DEBUG Engine               - title: All star battle
14:24:04.127 [FXGL Background Thread 3 ] DEBUG Engine               - urlGithub: https://github.com/AlmasB/FXGL
14:24:04.127 [FXGL Background Thread 3 ] DEBUG Engine               - urlLeaderboard: http://fxgl-top.herokuapp.com/
14:24:04.127 [FXGL Background Thread 3 ] DEBUG Engine               - urlPOM: https://raw.githubusercontent.com/AlmasB/FXGL/release/README.md
14:24:04.127 [FXGL Background Thread 3 ] DEBUG Engine               - userAppClass: class com.kenny.tank.AllStarBattleApp
14:24:04.127 [FXGL Background Thread 3 ] DEBUG Engine               - version: 0.1
14:24:04.127 [FXGL Background Thread 3 ] DEBUG Engine               - versionCheckDays: 7
14:24:04.127 [FXGL Background Thread 3 ] DEBUG Engine               - width: 2048
14:24:04.127 [FXGL Background Thread 3 ] DEBUG Engine               - Logging services
14:24:04.127 [FXGL Background Thread 3 ] DEBUG Engine               - class com.almasb.fxgl.app.services.FXGLAssetLoaderService
14:24:04.127 [FXGL Background Thread 3 ] DEBUG Engine               - class com.almasb.fxgl.app.FXGLApplication$GameApplicationService
14:24:04.127 [FXGL Background Thread 3 ] DEBUG Engine               - class com.almasb.fxgl.app.services.FXGLDialogService
14:24:04.127 [FXGL Background Thread 3 ] DEBUG Engine               - class com.almasb.fxgl.app.services.IOTaskExecutorService
14:24:04.127 [FXGL Background Thread 3 ] DEBUG Engine               - class com.almasb.fxgl.io.FileSystemService
14:24:04.127 [FXGL Background Thread 3 ] DEBUG Engine               - class com.almasb.fxgl.localization.LocalizationService
14:24:04.127 [FXGL Background Thread 3 ] DEBUG Engine               - class com.almasb.fxgl.app.services.SystemBundleService
14:24:04.127 [FXGL Background Thread 3 ] DEBUG Engine               - class com.almasb.fxgl.profile.SaveLoadService
14:24:04.127 [FXGL Background Thread 3 ] DEBUG Engine               - class com.almasb.fxgl.ui.FXGLUIFactoryServiceProvider
14:24:04.127 [FXGL Background Thread 3 ] DEBUG Engine               - class com.almasb.fxgl.ui.FXGLDialogFactoryServiceProvider
14:24:04.127 [FXGL Background Thread 3 ] DEBUG Engine               - class com.almasb.fxgl.audio.AudioPlayer
14:24:04.127 [FXGL Background Thread 3 ] DEBUG Engine               - class com.almasb.fxgl.notification.impl.NotificationServiceProvider
14:24:04.127 [FXGL Background Thread 3 ] DEBUG Engine               - class com.almasb.fxgl.achievement.AchievementService
14:24:04.127 [FXGL Background Thread 3 ] DEBUG Engine               - class com.almasb.fxgl.cutscene.CutsceneService
14:24:04.127 [FXGL Background Thread 3 ] DEBUG Engine               - class com.almasb.fxgl.minigames.MiniGameService
14:24:04.127 [FXGL Background Thread 3 ] DEBUG Engine               - class com.almasb.fxgl.net.NetService
14:24:04.127 [FXGL Background Thread 3 ] DEBUG Engine               - class com.almasb.fxgl.app.services.UpdaterService
14:24:04.127 [FXGL Background Thread 3 ] DEBUG Engine               - class com.almasb.fxgl.dev.DevService
14:24:30.100 [JavaFX Application Thread] DEBUG GameApplicationServi - Starting new game
14:24:30.100 [JavaFX Application Thread] DEBUG PrimaryStageWindow   - Pop state: Main_menu
14:24:30.100 [JavaFX Application Thread] DEBUG Input                - Clearing active input actions
14:24:30.101 [JavaFX Application Thread] DEBUG GameApplicationServi - Removing overlay from Main_menu and adding to FXGLMainMenuDummyScene
14:24:30.101 [JavaFX Application Thread] DEBUG PrimaryStageWindow   - FXGLMainMenuDummyScene <- Main_menu
14:24:30.104 [JavaFX Application Thread] DEBUG Input                - Clearing active input actions
14:24:30.109 [JavaFX Application Thread] DEBUG GameApplicationServi - Removing overlay from FXGLMainMenuDummyScene and adding to Loading_Scene
14:24:30.109 [JavaFX Application Thread] DEBUG PrimaryStageWindow   - FXGLMainMenuDummyScene -> Loading_Scene
14:24:30.109 [JavaFX Application Thread] DEBUG GameApplicationServi - Clearing previous game
14:24:30.109 [JavaFX Application Thread] DEBUG GameScene            - Clearing game scene
14:24:30.109 [JavaFX Application Thread] DEBUG GameWorld            - Clearing game world
14:24:30.110 [JavaFX Application Thread] DEBUG PhysicsWorld         - Clearing physics world
14:24:30.112 [FXGL Background Thread 2 ] DEBUG FXGLApplication      - Initializing game
14:24:30.132 [FXGL Background Thread 2 ] WARN  TMXLevelLoader       - TiledMap generated from 1.8.4. Supported version: 1.4.2. Some features may not be parsed fully.
14:24:30.143 [FXGL Background Thread 2 ] DEBUG TMXLevelLoader       - Parsed TiledMap: file:/E:/java%20project/tank/target/classes/assets/levels/test1.tmx
14:24:30.144 [FXGL Background Thread 2 ] DEBUG TMXLevelLoader       - Creating tile layer entities
14:24:30.144 [FXGL Background Thread 2 ] DEBUG TMXLevelLoader       - Creating object layer entities
14:24:30.194 [FXGL Background Thread 2 ] DEBUG GameWorld            - Clearing removable entities
14:24:30.195 [FXGL Background Thread 2 ] DEBUG GameWorld            - Setting level: com.almasb.fxgl.entity.level.Level@2826733d
14:24:30.203 [FXGL Background Thread 2 ] DEBUG FXGLAssetLoaderServi - Loading from file system: file:/E:/java%20project/tank/target/classes/assets/textures/element/Tank.png
14:24:30.205 [FXGL Background Thread 2 ] DEBUG FXGLAssetLoaderServi - Loading from file system: file:/E:/java%20project/tank/target/classes/assets/textures/Enemytank.png
14:24:30.207 [FXGL Background Thread 2 ] DEBUG FXGLAssetLoaderServi - Loading from file system: file:/E:/java%20project/tank/target/classes/assets/textures/Chicken.png
14:24:30.210 [FXGL Background Thread 2 ] DEBUG FXGLAssetLoaderServi - Loading from file system: file:/E:/java%20project/tank/target/classes/assets/textures/BossTank.png
14:24:30.214 [FXGL Background Thread 2 ] INFO  FXGLApplication      - Game initialization took: 0.101 sec
14:24:30.214 [JavaFX Application Thread] DEBUG Input                - Clearing active input actions
14:24:30.219 [JavaFX Application Thread] DEBUG GameApplicationServi - Removing overlay from Loading_Scene and adding to GameScene
14:24:30.219 [JavaFX Application Thread] DEBUG PrimaryStageWindow   - Loading_Scene -> GameScene
14:24:30.610 [JavaFX Application Thread] DEBUG FXGLAssetLoaderServi - Loading from file system: file:/E:/java%20project/tank/target/classes/assets/textures/element/Enemybullet.png
14:24:30.648 [JavaFX Application Thread] DEBUG FXGLAssetLoaderServi - Loading from file system: file:/E:/java%20project/tank/target/classes/assets/textures/SmallBoom.png
14:24:32.724 [JavaFX Application Thread] DEBUG FXGLAssetLoaderServi - Loading from file system: file:/E:/java%20project/tank/target/classes/assets/textures/boom.png
14:24:40.657 [JavaFX Application Thread] DEBUG FXGLAssetLoaderServi - Loading from file system: file:/E:/java%20project/tank/target/classes/assets/sounds/boom.wav
14:24:40.695 [JavaFX Application Thread] DEBUG FXGLAssetLoaderServi - Loading from file system: file:/E:/java%20project/tank/target/classes/assets/textures/element/Bullet.png
14:24:59.351 [JavaFX Application Thread] DEBUG PrimaryStageWindow   - Push state: EggScene
14:24:59.351 [JavaFX Application Thread] DEBUG FXGLAssetLoaderServi - Loading from file system: file:/E:/java%20project/tank/target/classes/assets/music/chicken.mp3
14:24:59.360 [JavaFX Application Thread] DEBUG AudioPlayer          - Playing music com.almasb.fxgl.audio.Music@5785ef00
14:24:59.360 [JavaFX Application Thread] DEBUG Input                - Clearing active input actions
14:24:59.361 [JavaFX Application Thread] DEBUG GameApplicationServi - Removing overlay from GameScene and adding to EggScene
14:24:59.361 [JavaFX Application Thread] DEBUG PrimaryStageWindow   - GameScene -> EggScene
14:25:04.358 [JavaFX Application Thread] DEBUG PrimaryStageWindow   - Pop state: EggScene
14:25:04.358 [JavaFX Application Thread] DEBUG Input                - Clearing active input actions
14:25:04.359 [JavaFX Application Thread] DEBUG GameApplicationServi - Removing overlay from EggScene and adding to GameScene
14:25:04.359 [JavaFX Application Thread] DEBUG PrimaryStageWindow   - GameScene <- EggScene
14:25:04.361 [JavaFX Application Thread] WARN  TMXLevelLoader       - TiledMap generated from 1.8.4. Supported version: 1.4.2. Some features may not be parsed fully.
14:25:04.365 [JavaFX Application Thread] DEBUG TMXLevelLoader       - Parsed TiledMap: file:/E:/java%20project/tank/target/classes/assets/levels/Chicken.tmx
14:25:04.365 [JavaFX Application Thread] DEBUG TMXLevelLoader       - Creating tile layer entities
14:25:04.365 [JavaFX Application Thread] DEBUG TMXLevelLoader       - Creating object layer entities
14:25:04.371 [JavaFX Application Thread] DEBUG GameWorld            - Clearing removable entities
14:25:04.373 [JavaFX Application Thread] DEBUG GameWorld            - Setting level: com.almasb.fxgl.entity.level.Level@69cbbff6
14:25:04.376 [JavaFX Application Thread] DEBUG FXGLAssetLoaderServi - Loading from file system: file:/E:/java%20project/tank/target/classes/assets/textures/people.png
14:25:06.129 [JavaFX Application Thread] DEBUG FXGLAssetLoaderServi - Loading from file system: file:/E:/java%20project/tank/target/classes/assets/sounds/JI%20(1).wav
14:25:06.130 [JavaFX Application Thread] DEBUG FXGLAssetLoaderServi - Loading from file system: file:/E:/java%20project/tank/target/classes/assets/textures/element/Good.png
14:25:06.979 [JavaFX Application Thread] DEBUG FXGLAssetLoaderServi - Loading from file system: file:/E:/java%20project/tank/target/classes/assets/textures/Egg.png
14:25:12.790 [JavaFX Application Thread] DEBUG FXGLAssetLoaderServi - Loading from file system: file:/E:/java%20project/tank/target/classes/assets/textures/element/Enemy1.png
14:25:21.361 [JavaFX Application Thread] DEBUG FXGLAssetLoaderServi - Loading from file system: file:/E:/java%20project/tank/target/classes/assets/textures/Props/GOD.png
14:25:21.796 [JavaFX Application Thread] DEBUG FXGLAssetLoaderServi - Loading from file system: file:/E:/java%20project/tank/target/classes/assets/textures/element/Enemy2.png
14:25:26.566 [JavaFX Application Thread] DEBUG FXGLAssetLoaderServi - Loading from file system: file:/E:/java%20project/tank/target/classes/assets/textures/Props/GODeffect.png
14:25:35.990 [JavaFX Application Thread] DEBUG FXGLAssetLoaderServi - Loading from file system: file:/E:/java%20project/tank/target/classes/assets/textures/Props/HEART.png
14:26:14.646 [JavaFX Application Thread] DEBUG FXGLAssetLoaderServi - Loading from file system: file:/E:/java%20project/tank/target/classes/assets/textures/Props/LUCKYBLOCK.png
14:27:24.781 [JavaFX Application Thread] DEBUG PrimaryStageWindow   - Push state: SuccesschickenScene
14:27:24.781 [JavaFX Application Thread] DEBUG Input                - Clearing active input actions
14:27:24.781 [JavaFX Application Thread] DEBUG GameApplicationServi - Removing overlay from GameScene and adding to SuccesschickenScene
14:27:24.781 [JavaFX Application Thread] DEBUG PrimaryStageWindow   - GameScene -> SuccesschickenScene
14:27:26.303 [JavaFX Application Thread] DEBUG PrimaryStageWindow   - Pop state: SuccesschickenScene
14:27:26.303 [JavaFX Application Thread] DEBUG Input                - Clearing active input actions
14:27:26.303 [JavaFX Application Thread] DEBUG GameApplicationServi - Removing overlay from SuccesschickenScene and adding to GameScene
14:27:26.303 [JavaFX Application Thread] DEBUG PrimaryStageWindow   - GameScene <- SuccesschickenScene
14:27:26.304 [JavaFX Application Thread] DEBUG Input                - Clearing active input actions
14:27:26.310 [JavaFX Application Thread] DEBUG GameApplicationServi - Removing overlay from GameScene and adding to FXGLMainMenuDummyScene
14:27:26.310 [JavaFX Application Thread] DEBUG PrimaryStageWindow   - GameScene -> FXGLMainMenuDummyScene
14:27:26.310 [JavaFX Application Thread] DEBUG PrimaryStageWindow   - Push state: Main_menu
14:27:26.310 [JavaFX Application Thread] DEBUG Input                - Clearing active input actions
14:27:26.314 [JavaFX Application Thread] DEBUG GameApplicationServi - Removing overlay from FXGLMainMenuDummyScene and adding to Main_menu
14:27:26.315 [JavaFX Application Thread] DEBUG PrimaryStageWindow   - FXGLMainMenuDummyScene -> Main_menu
14:27:38.650 [JavaFX Application Thread] DEBUG FXGLApplication      - Exiting FXGL
14:27:38.650 [JavaFX Application Thread] DEBUG LoopRunner           - Stopping loop
14:27:38.650 [JavaFX Application Thread] DEBUG SystemBundleService  - Saving FXGL system data
14:27:38.653 [JavaFX Application Thread] DEBUG FileSystemAccess     - Writing to: E:\java project\tank\system\fxgl.bundle
14:27:38.654 [JavaFX Application Thread] DEBUG Async                - Shutting down background threads
14:27:38.654 [JavaFX Application Thread] DEBUG PrimaryStageWindow   - Closing main window
14:27:38.683 [JavaFX Application Thread] DEBUG Logger               - Closing Logger
