15:46:12.797 [main                     ] DEBUG Logger               - Configured Logger
15:46:12.821 [main                     ] DEBUG GameApplication      - Logging settings
Title: All star battle
Version: 0.1
Width: 2048
Height: 1152
Fullscreen: false
Intro: false
Profiling: false
Single step:false
App Mode: DEVELOPER
Menu Key: ESCAPE
Stage Style: DECORATED
Scene Factory: class com.kenny.AllStarBattle.AllStarBattleApp$1

15:46:13.169 [JavaFX Application Thread] DEBUG FXGLApplication      - Initializing FXGL
15:46:13.174 [JavaFX Application Thread] INFO  Engine               - FXGL-17.1 (24.03.2022 17.34) on WINDOWS (J:17.0.6 FX:18)
15:46:13.175 [JavaFX Application Thread] DEBUG Engine               - JRE Vendor Name: Amazon.com Inc.
15:46:13.175 [JavaFX Application Thread] DEBUG Engine               - Running on OS: Windows 11 version 10.0
15:46:13.175 [JavaFX Application Thread] DEBUG Engine               - Architecture: amd64
15:46:13.175 [JavaFX Application Thread] INFO  Engine               - Source code and latest versions at: https://github.com/AlmasB/FXGL
15:46:13.175 [JavaFX Application Thread] INFO  Engine               -       Ask questions and discuss at: https://github.com/AlmasB/FXGL/discussions
15:46:13.175 [JavaFX Application Thread] INFO  Engine               -              Join the FXGL chat at: https://gitter.im/AlmasB/FXGL
15:46:13.234 [JavaFX Application Thread] DEBUG PrimaryStageWindow   - Creating a JavaFX scene
15:46:13.234 [JavaFX Application Thread] DEBUG PrimaryStageWindow   - Target size > screen size
15:46:13.269 [JavaFX Application Thread] DEBUG PrimaryStageWindow   - Target settings size: 2048.0 x 1152.0
15:46:13.270 [JavaFX Application Thread] DEBUG PrimaryStageWindow   - Scaled scene size:    1682.0 x 960.0
15:46:13.270 [JavaFX Application Thread] DEBUG PrimaryStageWindow   - Scaled ratio: (0.8212890625, 0.8333333333333334)
15:46:13.271 [JavaFX Application Thread] DEBUG PrimaryStageWindow   - Set initial scene to StartScene
15:46:13.276 [JavaFX Application Thread] DEBUG PrimaryStageWindow   - Opening main window
15:46:13.424 [JavaFX Application Thread] DEBUG PrimaryStageWindow   - Window border size: (14.6666259765625, 37.33331298828125)
15:46:13.425 [JavaFX Application Thread] DEBUG PrimaryStageWindow   - Scaled size: 1682.0 x 960.0
15:46:13.425 [JavaFX Application Thread] DEBUG PrimaryStageWindow   - Scaled ratio: (0.8212890625, 0.8333333333333334)
15:46:13.426 [JavaFX Application Thread] DEBUG PrimaryStageWindow   - Scene size: 1682.0 x 960.0
15:46:13.426 [JavaFX Application Thread] DEBUG PrimaryStageWindow   - Stage size: 1696.6666259765625 x 997.3333129882812
15:46:13.432 [FXGL Background Thread 1 ] DEBUG Engine               - Initializing environment variables
15:46:13.472 [FXGL Background Thread 1 ] DEBUG FXGLAssetLoaderServi - User app class for loading assets: class com.kenny.AllStarBattle.AllStarBattleApp
15:46:13.473 [FXGL Background Thread 1 ] DEBUG GameApplicationServi - Applying CSS: fxgl_dark.css
15:46:13.474 [FXGL Background Thread 1 ] DEBUG FXGLAssetLoaderServi - Loading from file system: jar:file:///C:/Users/10273/.m2/repository/com/github/almasb/fxgl/17.1/fxgl-17.1.jar!/fxglassets/ui/css/fxgl_dark.css
15:46:13.526 [FXGL Background Thread 1 ] DEBUG GameApplicationServi - Applying CSS: tank.css
15:46:13.527 [FXGL Background Thread 1 ] DEBUG FXGLAssetLoaderServi - Loading from file system: file:/E:/java%20project/tank/target/classes/assets/ui/css/tank.css
15:46:13.529 [FXGL Background Thread 1 ] DEBUG GameApplicationServi - Initializing application scenes
15:46:13.535 [FXGL Background Thread 1 ] DEBUG GameWorld            - Game world initialized
15:46:13.605 [FXGL Background Thread 1 ] DEBUG PhysicsWorld         - Physics world initialized: appHeight=1152, physics.ppm=50.0
15:46:13.605 [FXGL Background Thread 1 ] DEBUG PhysicsWorld         - Using strategy: BRUTE_FORCE
15:46:13.610 [FXGL Background Thread 1 ] DEBUG GameScene            - Game scene initialized: 2048x1152
15:46:13.615 [FXGL Background Thread 1 ] DEBUG FXGLAssetLoaderServi - Loading from file system: file:/E:/java%20project/tank/target/classes/assets/textures/MainMenu.png
15:46:13.753 [FXGL Background Thread 1 ] DEBUG FXGLAssetLoaderServi - Loading from file system: file:/E:/java%20project/tank/target/classes/assets/textures/R-C.jpg
15:46:13.789 [FXGL Background Thread 1 ] DEBUG FXGL.DefaultMenu     - createMenuBodyGameMenu()
15:46:13.798 [FXGL Background Thread 1 ] DEBUG FXGL.DefaultMenu     - createOptionsMenu()
15:46:13.807 [FXGL Background Thread 1 ] DEBUG FXGLAssetLoaderServi - Loading from file system: jar:file:///C:/Users/10273/.m2/repository/com/github/almasb/fxgl/17.1/fxgl-17.1.jar!/fxglassets/textures/particles/smoke.png
15:46:13.872 [FXGL Background Thread 1 ] DEBUG FXGLAssetLoaderServi - Loading from file system: jar:file:///C:/Users/10273/.m2/repository/com/github/almasb/fxgl/17.1/fxgl-17.1.jar!/fxglassets/textures/particles/trace_horizontal.png
15:46:13.885 [FXGL Background Thread 1 ] DEBUG GameApplicationServi - Application scenes initialized
15:46:13.897 [FXGL Background Thread 1 ] DEBUG SystemBundleService  - Loading FXGL system data
15:46:13.901 [FXGL Background Thread 1 ] DEBUG FileSystemAccess     - Reading from: E:\java project\tank\system\fxgl.bundle
15:46:13.907 [FXGL Background Thread 1 ] DEBUG SystemBundleService  - Bundle FXGL: {}
15:46:13.907 [FXGL Background Thread 1 ] DEBUG UpdaterService       - Checking for updates
15:46:13.913 [FXGL Background Thread 4 ] DEBUG FXGLApplication      - Loading fonts
15:46:13.913 [FXGL Background Thread 1 ] DEBUG FXGLApplication      - Loading default localization
15:46:13.913 [FXGL Background Thread 4 ] DEBUG FXGLAssetLoaderServi - Loading from file system: jar:file:///C:/Users/10273/.m2/repository/com/github/almasb/fxgl/17.1/fxgl-17.1.jar!/fxglassets/ui/fonts/VarelaRound-Regular.ttf
15:46:13.914 [FXGL Background Thread 1 ] DEBUG FXGLAssetLoaderServi - Loading from file system: jar:file:///C:/Users/10273/.m2/repository/com/github/almasb/fxgl/17.1/fxgl-17.1.jar!/fxglassets/languages/english.lang
15:46:13.936 [FXGL Background Thread 1 ] INFO  FXGLApplication      - FXGL initialization took: 0.504 sec
15:46:13.947 [JavaFX Application Thread] DEBUG Input                - Registered new binding: action0 - Up
15:46:13.948 [JavaFX Application Thread] DEBUG Input                - Registered new binding: action1 - Down
15:46:13.949 [JavaFX Application Thread] DEBUG Input                - Registered new binding: action2 - Left
15:46:13.950 [JavaFX Application Thread] DEBUG Input                - Registered new binding: action3 - Right
15:46:13.951 [JavaFX Application Thread] DEBUG Input                - Registered new binding: action4 - Space
15:46:13.952 [JavaFX Application Thread] DEBUG FXGLAssetLoaderServi - Loading from file system: file:/E:/java%20project/tank/target/classes/assets/textures/joker.jpg
15:46:13.968 [JavaFX Application Thread] DEBUG FXGLAssetLoaderServi - Loading from file system: jar:file:///C:/Users/10273/.m2/repository/com/github/almasb/fxgl/17.1/fxgl-17.1.jar!/fxglassets/textures/fxgl_default_cursor.png
15:46:13.970 [JavaFX Application Thread] DEBUG Input                - Registered new binding: Screenshot - CTRL+8
15:46:13.971 [JavaFX Application Thread] DEBUG Input                - Registered new binding: System info dump - CTRL+9
15:46:13.971 [JavaFX Application Thread] DEBUG Input                - Registered new binding: Restart - CTRL+R
15:46:13.972 [JavaFX Application Thread] DEBUG Input                - Registered new binding: Toggle Debug Camera - CTRL+7
15:46:13.977 [JavaFX Application Thread] DEBUG LoopRunner           - Starting loop
15:46:13.977 [JavaFX Application Thread] DEBUG LoopRunner           - Initializing JavaFX AnimationTimerLoop
15:46:13.982 [JavaFX Application Thread] DEBUG Input                - Clearing active input actions
15:46:14.001 [JavaFX Application Thread] DEBUG GameApplicationServi - Removing overlay from StartScene and adding to FXGLMainMenuDummyScene
15:46:14.002 [JavaFX Application Thread] DEBUG PrimaryStageWindow   - StartScene -> FXGLMainMenuDummyScene
15:46:14.002 [JavaFX Application Thread] DEBUG PrimaryStageWindow   - Push state: Main_menu
15:46:14.003 [JavaFX Application Thread] DEBUG Input                - Clearing active input actions
15:46:14.020 [JavaFX Application Thread] DEBUG GameApplicationServi - Removing overlay from FXGLMainMenuDummyScene and adding to Main_menu
15:46:14.021 [JavaFX Application Thread] DEBUG PrimaryStageWindow   - FXGLMainMenuDummyScene -> Main_menu
15:46:14.040 [FXGL Background Thread 4 ] DEBUG FXGLAssetLoaderServi - Loading from file system: jar:file:///C:/Users/10273/.m2/repository/com/github/almasb/fxgl/17.1/fxgl-17.1.jar!/fxglassets/ui/fonts/Abel-Regular.ttf
15:46:14.046 [FXGL Background Thread 4 ] DEBUG FXGLAssetLoaderServi - Loading from file system: jar:file:///C:/Users/10273/.m2/repository/com/github/almasb/fxgl/17.1/fxgl-17.1.jar!/fxglassets/ui/fonts/TerminalLandMono-Regular.otf
15:46:14.050 [FXGL Background Thread 4 ] DEBUG FXGLAssetLoaderServi - Loading from file system: jar:file:///C:/Users/10273/.m2/repository/com/github/almasb/fxgl/17.1/fxgl-17.1.jar!/fxglassets/ui/fonts/Courier-Prime.ttf
15:46:14.219 [JavaFX Application Thread] DEBUG FXGLApplication      - Registering font factories with UI factory
15:46:15.537 [FXGL Background Thread 2 ] INFO  UpdaterService       - Your current version:  17.1
15:46:15.538 [FXGL Background Thread 2 ] INFO  UpdaterService       - Latest stable version: 17.3
15:46:16.911 [FXGL Background Thread 3 ] DEBUG Engine               - Logging environment variables
15:46:16.912 [FXGL Background Thread 3 ] DEBUG Engine               - achievements: []
15:46:16.913 [FXGL Background Thread 3 ] DEBUG Engine               - actualHeight: 960.0
15:46:16.913 [FXGL Background Thread 3 ] DEBUG Engine               - actualHeightProperty: ReadOnlyDoubleProperty [value: 960.0]
15:46:16.913 [FXGL Background Thread 3 ] DEBUG Engine               - actualWidth: 1682.0
15:46:16.913 [FXGL Background Thread 3 ] DEBUG Engine               - actualWidthProperty: ReadOnlyDoubleProperty [value: 1682.0]
15:46:16.914 [FXGL Background Thread 3 ] DEBUG Engine               - appIcon: joker.jpg
15:46:16.914 [FXGL Background Thread 3 ] DEBUG Engine               - applicationMode: DEVELOPER
15:46:16.914 [FXGL Background Thread 3 ] DEBUG Engine               - cSSList: [fxgl_dark.css, tank.css]
15:46:16.915 [FXGL Background Thread 3 ] DEBUG Engine               - collisionDetectionStrategy: BRUTE_FORCE
15:46:16.915 [FXGL Background Thread 3 ] DEBUG Engine               - configClass: Optional.empty
15:46:16.915 [FXGL Background Thread 3 ] DEBUG Engine               - credits: []
15:46:16.917 [FXGL Background Thread 3 ] DEBUG Engine               - defaultCursor: CursorInfo(imageName=fxgl_default_cursor.png, hotspotX=7.0, hotspotY=6.0)
15:46:16.919 [FXGL Background Thread 3 ] DEBUG Engine               - devBBoxColorProperty: ObjectProperty [value: 0xff0000ff]
15:46:16.919 [FXGL Background Thread 3 ] DEBUG Engine               - devEnableDebugCameraProperty: BooleanProperty [value: false]
15:46:16.919 [FXGL Background Thread 3 ] DEBUG Engine               - devSensorColorProperty: ObjectProperty [value: 0xffff00ff]
15:46:16.920 [FXGL Background Thread 3 ] DEBUG Engine               - devShowBBoxProperty: BooleanProperty [value: false]
15:46:16.920 [FXGL Background Thread 3 ] DEBUG Engine               - devShowPositionProperty: BooleanProperty [value: false]
15:46:16.920 [FXGL Background Thread 3 ] DEBUG Engine               - enabledMenuItems: []
15:46:16.920 [FXGL Background Thread 3 ] DEBUG Engine               - engineServices: [class com.almasb.fxgl.app.services.FXGLAssetLoaderService, class com.almasb.fxgl.app.FXGLApplication$GameApplicationService, class com.almasb.fxgl.app.services.FXGLDialogService, class com.almasb.fxgl.app.services.IOTaskExecutorService, class com.almasb.fxgl.io.FileSystemService, class com.almasb.fxgl.localization.LocalizationService, class com.almasb.fxgl.app.services.SystemBundleService, class com.almasb.fxgl.profile.SaveLoadService, class com.almasb.fxgl.ui.FXGLUIFactoryServiceProvider, class com.almasb.fxgl.ui.FXGLDialogFactoryServiceProvider, class com.almasb.fxgl.audio.AudioPlayer, class com.almasb.fxgl.notification.impl.NotificationServiceProvider, class com.almasb.fxgl.achievement.AchievementService, class com.almasb.fxgl.cutscene.CutsceneService, class com.almasb.fxgl.minigames.MiniGameService, class com.almasb.fxgl.net.NetService, class com.almasb.fxgl.app.services.UpdaterService, class com.almasb.fxgl.dev.DevService]
15:46:16.920 [FXGL Background Thread 3 ] DEBUG Engine               - fontGame: Abel-Regular.ttf
15:46:16.920 [FXGL Background Thread 3 ] DEBUG Engine               - fontMono: TerminalLandMono-Regular.otf
15:46:16.921 [FXGL Background Thread 3 ] DEBUG Engine               - fontText: Courier-Prime.ttf
15:46:16.921 [FXGL Background Thread 3 ] DEBUG Engine               - fontUI: VarelaRound-Regular.ttf
15:46:16.921 [FXGL Background Thread 3 ] DEBUG Engine               - fullScreen: BooleanProperty [value: false]
15:46:16.921 [FXGL Background Thread 3 ] DEBUG Engine               - gameDifficulty: MEDIUM
15:46:16.921 [FXGL Background Thread 3 ] DEBUG Engine               - gameDifficultyProperty: ObjectProperty [value: MEDIUM]
15:46:16.922 [FXGL Background Thread 3 ] DEBUG Engine               - globalMusicVolume: 0.5
15:46:16.922 [FXGL Background Thread 3 ] DEBUG Engine               - globalMusicVolumeProperty: DoubleProperty [value: 0.5]
15:46:16.922 [FXGL Background Thread 3 ] DEBUG Engine               - globalSoundVolume: 0.5
15:46:16.922 [FXGL Background Thread 3 ] DEBUG Engine               - globalSoundVolumeProperty: DoubleProperty [value: 0.8]
15:46:16.923 [FXGL Background Thread 3 ] DEBUG Engine               - height: 1152
15:46:16.923 [FXGL Background Thread 3 ] DEBUG Engine               - is3D: false
15:46:16.923 [FXGL Background Thread 3 ] DEBUG Engine               - isAndroid: false
15:46:16.923 [FXGL Background Thread 3 ] DEBUG Engine               - isBrowser: false
15:46:16.923 [FXGL Background Thread 3 ] DEBUG Engine               - isClickFeedbackEnabled: false
15:46:16.923 [FXGL Background Thread 3 ] DEBUG Engine               - isCloseConfirmation: false
15:46:16.923 [FXGL Background Thread 3 ] DEBUG Engine               - isDesktop: true
15:46:16.923 [FXGL Background Thread 3 ] DEBUG Engine               - isDeveloperMenuEnabled: false
15:46:16.923 [FXGL Background Thread 3 ] DEBUG Engine               - isEmbedded: false
15:46:16.923 [FXGL Background Thread 3 ] DEBUG Engine               - isEntityPreloadEnabled: true
15:46:16.923 [FXGL Background Thread 3 ] DEBUG Engine               - isExperimentalTiledLargeMap: false
15:46:16.924 [FXGL Background Thread 3 ] DEBUG Engine               - isFileSystemWriteAllowed: true
15:46:16.924 [FXGL Background Thread 3 ] DEBUG Engine               - isFullScreenAllowed: false
15:46:16.924 [FXGL Background Thread 3 ] DEBUG Engine               - isFullScreenFromStart: false
15:46:16.924 [FXGL Background Thread 3 ] DEBUG Engine               - isGameMenuEnabled: true
15:46:16.924 [FXGL Background Thread 3 ] DEBUG Engine               - isIOS: false
15:46:16.924 [FXGL Background Thread 3 ] DEBUG Engine               - isIntroEnabled: false
15:46:16.924 [FXGL Background Thread 3 ] DEBUG Engine               - isLinux: false
15:46:16.924 [FXGL Background Thread 3 ] DEBUG Engine               - isMac: false
15:46:16.924 [FXGL Background Thread 3 ] DEBUG Engine               - isMainMenuEnabled: true
15:46:16.924 [FXGL Background Thread 3 ] DEBUG Engine               - isManualResizeEnabled: false
15:46:16.925 [FXGL Background Thread 3 ] DEBUG Engine               - isMobile: false
15:46:16.931 [FXGL Background Thread 3 ] DEBUG Engine               - isNative: false
15:46:16.931 [FXGL Background Thread 3 ] DEBUG Engine               - isPauseMusicWhenMinimized: true
15:46:16.932 [FXGL Background Thread 3 ] DEBUG Engine               - isPreserveResizeRatio: false
15:46:16.932 [FXGL Background Thread 3 ] DEBUG Engine               - isProfilingEnabled: false
15:46:16.932 [FXGL Background Thread 3 ] DEBUG Engine               - isScaleAffectedOnResize: true
15:46:16.932 [FXGL Background Thread 3 ] DEBUG Engine               - isSingleStep: false
15:46:16.932 [FXGL Background Thread 3 ] DEBUG Engine               - isUserProfileEnabled: false
15:46:16.932 [FXGL Background Thread 3 ] DEBUG Engine               - isWindows: true
15:46:16.933 [FXGL Background Thread 3 ] DEBUG Engine               - language: ObjectProperty [value: ENGLISH]
15:46:16.933 [FXGL Background Thread 3 ] DEBUG Engine               - menuKey: ESCAPE
15:46:16.933 [FXGL Background Thread 3 ] DEBUG Engine               - mouseSensitivity: 0.2
15:46:16.933 [FXGL Background Thread 3 ] DEBUG Engine               - notificationViewClass: class com.almasb.fxgl.notification.view.XboxNotificationView
15:46:16.933 [FXGL Background Thread 3 ] DEBUG Engine               - pixelsPerMeter: 50.0
15:46:16.933 [FXGL Background Thread 3 ] DEBUG Engine               - platform: WINDOWS
15:46:16.933 [FXGL Background Thread 3 ] DEBUG Engine               - prefHeightProperty: ReadOnlyDoubleProperty [value: 1152.0]
15:46:16.933 [FXGL Background Thread 3 ] DEBUG Engine               - prefWidthProperty: ReadOnlyDoubleProperty [value: 2048.0]
15:46:16.933 [FXGL Background Thread 3 ] DEBUG Engine               - profileDir: profiles/
15:46:16.933 [FXGL Background Thread 3 ] DEBUG Engine               - profileName: StringProperty [value: DEFAULT]
15:46:16.933 [FXGL Background Thread 3 ] DEBUG Engine               - randomSeed: -1
15:46:16.933 [FXGL Background Thread 3 ] DEBUG Engine               - runtimeInfo: RuntimeInfo(platform=WINDOWS, version=17.1, build=24.03.2022 17.34)
15:46:16.934 [FXGL Background Thread 3 ] DEBUG Engine               - saveFileExt: sav
15:46:16.934 [FXGL Background Thread 3 ] DEBUG Engine               - scaledHeightProp$fxgl: DoubleProperty [bound, value: 960.0]
15:46:16.934 [FXGL Background Thread 3 ] DEBUG Engine               - scaledWidthProp$fxgl: DoubleProperty [bound, value: 1682.0]
15:46:16.934 [FXGL Background Thread 3 ] DEBUG Engine               - sceneFactory: com.kenny.AllStarBattle.AllStarBattleApp$1@26ab20d
15:46:16.934 [FXGL Background Thread 3 ] DEBUG Engine               - secondsIn24h: 60
15:46:16.934 [FXGL Background Thread 3 ] DEBUG Engine               - soundMenuBack: menu/back.wav
15:46:16.934 [FXGL Background Thread 3 ] DEBUG Engine               - soundMenuPress: menu/press.wav
15:46:16.934 [FXGL Background Thread 3 ] DEBUG Engine               - soundMenuSelect: menu/select.wav
15:46:16.934 [FXGL Background Thread 3 ] DEBUG Engine               - soundNotification: core/notification.wav
15:46:16.934 [FXGL Background Thread 3 ] DEBUG Engine               - stageStyle: DECORATED
15:46:16.935 [FXGL Background Thread 3 ] DEBUG Engine               - supportedLanguages: [ENGLISH, FRENCH, GERMAN, HUNGARIAN, RUSSIAN]
15:46:16.935 [FXGL Background Thread 3 ] DEBUG Engine               - ticksPerSecond: -1
15:46:16.935 [FXGL Background Thread 3 ] DEBUG Engine               - title: All star battle
15:46:16.935 [FXGL Background Thread 3 ] DEBUG Engine               - urlGithub: https://github.com/AlmasB/FXGL
15:46:16.935 [FXGL Background Thread 3 ] DEBUG Engine               - urlLeaderboard: http://fxgl-top.herokuapp.com/
15:46:16.935 [FXGL Background Thread 3 ] DEBUG Engine               - urlPOM: https://raw.githubusercontent.com/AlmasB/FXGL/release/README.md
15:46:16.935 [FXGL Background Thread 3 ] DEBUG Engine               - userAppClass: class com.kenny.AllStarBattle.AllStarBattleApp
15:46:16.935 [FXGL Background Thread 3 ] DEBUG Engine               - version: 0.1
15:46:16.935 [FXGL Background Thread 3 ] DEBUG Engine               - versionCheckDays: 7
15:46:16.935 [FXGL Background Thread 3 ] DEBUG Engine               - width: 2048
15:46:16.935 [FXGL Background Thread 3 ] DEBUG Engine               - Logging services
15:46:16.935 [FXGL Background Thread 3 ] DEBUG Engine               - class com.almasb.fxgl.app.services.FXGLAssetLoaderService
15:46:16.935 [FXGL Background Thread 3 ] DEBUG Engine               - class com.almasb.fxgl.app.FXGLApplication$GameApplicationService
15:46:16.937 [FXGL Background Thread 3 ] DEBUG Engine               - class com.almasb.fxgl.app.services.FXGLDialogService
15:46:16.937 [FXGL Background Thread 3 ] DEBUG Engine               - class com.almasb.fxgl.app.services.IOTaskExecutorService
15:46:16.937 [FXGL Background Thread 3 ] DEBUG Engine               - class com.almasb.fxgl.io.FileSystemService
15:46:16.937 [FXGL Background Thread 3 ] DEBUG Engine               - class com.almasb.fxgl.localization.LocalizationService
15:46:16.937 [FXGL Background Thread 3 ] DEBUG Engine               - class com.almasb.fxgl.app.services.SystemBundleService
15:46:16.937 [FXGL Background Thread 3 ] DEBUG Engine               - class com.almasb.fxgl.profile.SaveLoadService
15:46:16.937 [FXGL Background Thread 3 ] DEBUG Engine               - class com.almasb.fxgl.ui.FXGLUIFactoryServiceProvider
15:46:16.937 [FXGL Background Thread 3 ] DEBUG Engine               - class com.almasb.fxgl.ui.FXGLDialogFactoryServiceProvider
15:46:16.938 [FXGL Background Thread 3 ] DEBUG Engine               - class com.almasb.fxgl.audio.AudioPlayer
15:46:16.938 [FXGL Background Thread 3 ] DEBUG Engine               - class com.almasb.fxgl.notification.impl.NotificationServiceProvider
15:46:16.938 [FXGL Background Thread 3 ] DEBUG Engine               - class com.almasb.fxgl.achievement.AchievementService
15:46:16.938 [FXGL Background Thread 3 ] DEBUG Engine               - class com.almasb.fxgl.cutscene.CutsceneService
15:46:16.938 [FXGL Background Thread 3 ] DEBUG Engine               - class com.almasb.fxgl.minigames.MiniGameService
15:46:16.938 [FXGL Background Thread 3 ] DEBUG Engine               - class com.almasb.fxgl.net.NetService
15:46:16.938 [FXGL Background Thread 3 ] DEBUG Engine               - class com.almasb.fxgl.app.services.UpdaterService
15:46:16.938 [FXGL Background Thread 3 ] DEBUG Engine               - class com.almasb.fxgl.dev.DevService
15:46:21.347 [JavaFX Application Thread] DEBUG GameApplicationServi - Starting new game
15:46:21.347 [JavaFX Application Thread] DEBUG PrimaryStageWindow   - Pop state: Main_menu
15:46:21.348 [JavaFX Application Thread] DEBUG Input                - Clearing active input actions
15:46:21.351 [JavaFX Application Thread] DEBUG GameApplicationServi - Removing overlay from Main_menu and adding to FXGLMainMenuDummyScene
15:46:21.351 [JavaFX Application Thread] DEBUG PrimaryStageWindow   - FXGLMainMenuDummyScene <- Main_menu
15:46:21.352 [JavaFX Application Thread] DEBUG Input                - Clearing active input actions
15:46:21.367 [JavaFX Application Thread] DEBUG GameApplicationServi - Removing overlay from FXGLMainMenuDummyScene and adding to Loading_Scene
15:46:21.370 [JavaFX Application Thread] DEBUG PrimaryStageWindow   - FXGLMainMenuDummyScene -> Loading_Scene
15:46:21.372 [JavaFX Application Thread] DEBUG GameApplicationServi - Clearing previous game
15:46:21.372 [JavaFX Application Thread] DEBUG GameScene            - Clearing game scene
15:46:21.373 [JavaFX Application Thread] DEBUG GameWorld            - Clearing game world
15:46:21.374 [JavaFX Application Thread] DEBUG PhysicsWorld         - Clearing physics world
15:46:21.382 [FXGL Background Thread 2 ] DEBUG FXGLApplication      - Initializing game
15:46:21.411 [FXGL Background Thread 2 ] WARN  TMXLevelLoader       - TiledMap generated from 1.8.4. Supported version: 1.4.2. Some features may not be parsed fully.
15:46:21.437 [FXGL Background Thread 2 ] DEBUG TMXLevelLoader       - Parsed TiledMap: file:/E:/java%20project/tank/target/classes/assets/levels/test1.tmx
15:46:21.437 [FXGL Background Thread 2 ] DEBUG TMXLevelLoader       - Creating tile layer entities
15:46:21.437 [FXGL Background Thread 2 ] DEBUG TMXLevelLoader       - Creating object layer entities
15:46:21.545 [FXGL Background Thread 2 ] DEBUG GameWorld            - Clearing removable entities
15:46:21.546 [FXGL Background Thread 2 ] DEBUG GameWorld            - Setting level: com.almasb.fxgl.entity.level.Level@201de130
15:46:21.556 [FXGL Background Thread 2 ] DEBUG FXGLAssetLoaderServi - Loading from file system: file:/E:/java%20project/tank/target/classes/assets/textures/element/Tank.png
15:46:21.558 [FXGL Background Thread 2 ] DEBUG FXGLAssetLoaderServi - Loading from file system: file:/E:/java%20project/tank/target/classes/assets/textures/Enemytank.png
15:46:21.561 [FXGL Background Thread 2 ] DEBUG FXGLAssetLoaderServi - Loading from file system: file:/E:/java%20project/tank/target/classes/assets/textures/Chicken.png
15:46:21.565 [FXGL Background Thread 2 ] DEBUG FXGLAssetLoaderServi - Loading from file system: file:/E:/java%20project/tank/target/classes/assets/textures/BossTank.png
15:46:21.570 [FXGL Background Thread 2 ] INFO  FXGLApplication      - Game initialization took: 0.187 sec
15:46:21.570 [JavaFX Application Thread] DEBUG Input                - Clearing active input actions
15:46:21.576 [JavaFX Application Thread] DEBUG GameApplicationServi - Removing overlay from Loading_Scene and adding to GameScene
15:46:21.576 [JavaFX Application Thread] DEBUG PrimaryStageWindow   - Loading_Scene -> GameScene
15:46:22.000 [JavaFX Application Thread] DEBUG FXGLAssetLoaderServi - Loading from file system: file:/E:/java%20project/tank/target/classes/assets/textures/element/Enemybullet.png
15:46:22.137 [JavaFX Application Thread] DEBUG FXGLAssetLoaderServi - Loading from file system: file:/E:/java%20project/tank/target/classes/assets/textures/SmallBoom.png
15:46:24.617 [JavaFX Application Thread] DEBUG FXGLAssetLoaderServi - Loading from file system: file:/E:/java%20project/tank/target/classes/assets/sounds/boom.wav
15:46:24.673 [JavaFX Application Thread] DEBUG FXGLAssetLoaderServi - Loading from file system: file:/E:/java%20project/tank/target/classes/assets/textures/element/Bullet.png
15:46:24.812 [JavaFX Application Thread] DEBUG FXGLAssetLoaderServi - Loading from file system: file:/E:/java%20project/tank/target/classes/assets/textures/boom.png
15:46:24.818 [JavaFX Application Thread] DEBUG FXGLAssetLoaderServi - Loading from file system: file:/E:/java%20project/tank/target/classes/assets/textures/Props/GOD.png
15:46:26.796 [JavaFX Application Thread] DEBUG FXGLAssetLoaderServi - Loading from file system: file:/E:/java%20project/tank/target/classes/assets/textures/Props/LUCKYBLOCK.png
15:46:36.203 [JavaFX Application Thread] DEBUG FXGLAssetLoaderServi - Loading from file system: file:/E:/java%20project/tank/target/classes/assets/textures/Props/UPGRADE.png
15:46:58.363 [JavaFX Application Thread] DEBUG FXGLAssetLoaderServi - Loading from file system: file:/E:/java%20project/tank/target/classes/assets/textures/Props/HEART.png
15:47:25.486 [JavaFX Application Thread] DEBUG PrimaryStageWindow   - Push state: SuccessScene
15:47:25.488 [JavaFX Application Thread] DEBUG Input                - Clearing active input actions
15:47:25.488 [JavaFX Application Thread] DEBUG GameApplicationServi - Removing overlay from GameScene and adding to SuccessScene
15:47:25.488 [JavaFX Application Thread] DEBUG PrimaryStageWindow   - GameScene -> SuccessScene
15:47:27.001 [JavaFX Application Thread] DEBUG PrimaryStageWindow   - Pop state: SuccessScene
15:47:27.001 [JavaFX Application Thread] DEBUG Input                - Clearing active input actions
15:47:27.002 [JavaFX Application Thread] DEBUG GameApplicationServi - Removing overlay from SuccessScene and adding to GameScene
15:47:27.002 [JavaFX Application Thread] DEBUG PrimaryStageWindow   - GameScene <- SuccessScene
15:47:27.055 [JavaFX Application Thread] WARN  TMXLevelLoader       - TiledMap generated from 1.8.4. Supported version: 1.4.2. Some features may not be parsed fully.
15:47:27.066 [JavaFX Application Thread] DEBUG TMXLevelLoader       - Parsed TiledMap: file:/E:/java%20project/tank/target/classes/assets/levels/test2.tmx
15:47:27.067 [JavaFX Application Thread] DEBUG TMXLevelLoader       - Creating tile layer entities
15:47:27.067 [JavaFX Application Thread] DEBUG TMXLevelLoader       - Creating object layer entities
15:47:27.092 [JavaFX Application Thread] DEBUG GameWorld            - Clearing removable entities
15:47:27.097 [JavaFX Application Thread] DEBUG GameWorld            - Setting level: com.almasb.fxgl.entity.level.Level@7dd29410
15:47:50.582 [JavaFX Application Thread] DEBUG FXGLAssetLoaderServi - Loading from file system: file:/E:/java%20project/tank/target/classes/assets/textures/Props/PORTAL.png
15:48:16.592 [JavaFX Application Thread] DEBUG FXGLAssetLoaderServi - Loading from file system: file:/E:/java%20project/tank/target/classes/assets/textures/Props/GODeffect.png
15:49:21.131 [JavaFX Application Thread] DEBUG PrimaryStageWindow   - Push state: SuccessScene
15:49:21.131 [JavaFX Application Thread] DEBUG Input                - Clearing active input actions
15:49:21.131 [JavaFX Application Thread] DEBUG GameApplicationServi - Removing overlay from GameScene and adding to SuccessScene
15:49:21.131 [JavaFX Application Thread] DEBUG PrimaryStageWindow   - GameScene -> SuccessScene
15:49:22.634 [JavaFX Application Thread] DEBUG PrimaryStageWindow   - Pop state: SuccessScene
15:49:22.634 [JavaFX Application Thread] DEBUG Input                - Clearing active input actions
15:49:22.636 [JavaFX Application Thread] DEBUG GameApplicationServi - Removing overlay from SuccessScene and adding to GameScene
15:49:22.636 [JavaFX Application Thread] DEBUG PrimaryStageWindow   - GameScene <- SuccessScene
15:49:22.636 [JavaFX Application Thread] DEBUG Input                - Clearing active input actions
15:49:22.648 [JavaFX Application Thread] DEBUG GameApplicationServi - Removing overlay from GameScene and adding to FXGLMainMenuDummyScene
15:49:22.648 [JavaFX Application Thread] DEBUG PrimaryStageWindow   - GameScene -> FXGLMainMenuDummyScene
15:49:22.648 [JavaFX Application Thread] DEBUG PrimaryStageWindow   - Push state: Main_menu
15:49:22.648 [JavaFX Application Thread] DEBUG Input                - Clearing active input actions
15:49:22.675 [JavaFX Application Thread] DEBUG GameApplicationServi - Removing overlay from FXGLMainMenuDummyScene and adding to Main_menu
15:49:22.675 [JavaFX Application Thread] DEBUG PrimaryStageWindow   - FXGLMainMenuDummyScene -> Main_menu
15:49:28.925 [JavaFX Application Thread] DEBUG FXGLApplication      - Exiting FXGL
15:49:28.927 [JavaFX Application Thread] DEBUG LoopRunner           - Stopping loop
15:49:28.937 [JavaFX Application Thread] DEBUG SystemBundleService  - Saving FXGL system data
15:49:28.939 [JavaFX Application Thread] DEBUG FileSystemAccess     - Writing to: E:\java project\tank\system\fxgl.bundle
15:49:28.946 [JavaFX Application Thread] DEBUG Async                - Shutting down background threads
15:49:28.946 [JavaFX Application Thread] DEBUG PrimaryStageWindow   - Closing main window
15:49:28.980 [JavaFX Application Thread] DEBUG Logger               - Closing Logger
