20:45:41.105 [main                     ] DEBUG Logger               - Configured Logger
20:45:41.123 [main                     ] DEBUG GameApplication      - Logging settings
Title: All star battle
Version: 0.1
Width: 2048
Height: 1152
Fullscreen: false
Intro: false
Profiling: false
Single step:false
App Mode: DEVELOPER
Menu Key: ESCAPE
Stage Style: DECORATED
Scene Factory: class com.kenny.tank.AllStarBattleApp$1

20:45:41.388 [JavaFX Application Thread] DEBUG FXGLApplication      - Initializing FXGL
20:45:41.392 [JavaFX Application Thread] INFO  Engine               - FXGL-17.1 (24.03.2022 17.34) on WINDOWS (J:17.0.6 FX:18)
20:45:41.392 [JavaFX Application Thread] DEBUG Engine               - JRE Vendor Name: Amazon.com Inc.
20:45:41.392 [JavaFX Application Thread] DEBUG Engine               - Running on OS: Windows 11 version 10.0
20:45:41.392 [JavaFX Application Thread] DEBUG Engine               - Architecture: amd64
20:45:41.392 [JavaFX Application Thread] INFO  Engine               - Source code and latest versions at: https://github.com/AlmasB/FXGL
20:45:41.393 [JavaFX Application Thread] INFO  Engine               -       Ask questions and discuss at: https://github.com/AlmasB/FXGL/discussions
20:45:41.393 [JavaFX Application Thread] INFO  Engine               -              Join the FXGL chat at: https://gitter.im/AlmasB/FXGL
20:45:41.439 [JavaFX Application Thread] DEBUG PrimaryStageWindow   - Creating a JavaFX scene
20:45:41.439 [JavaFX Application Thread] DEBUG PrimaryStageWindow   - Target size > screen size
20:45:41.463 [JavaFX Application Thread] DEBUG PrimaryStageWindow   - Target settings size: 2048.0 x 1152.0
20:45:41.464 [JavaFX Application Thread] DEBUG PrimaryStageWindow   - Scaled scene size:    1682.0 x 960.0
20:45:41.464 [JavaFX Application Thread] DEBUG PrimaryStageWindow   - Scaled ratio: (0.8212890625, 0.8333333333333334)
20:45:41.464 [JavaFX Application Thread] DEBUG PrimaryStageWindow   - Set initial scene to StartScene
20:45:41.468 [JavaFX Application Thread] DEBUG PrimaryStageWindow   - Opening main window
20:45:41.558 [JavaFX Application Thread] DEBUG PrimaryStageWindow   - Window border size: (14.6666259765625, 37.33331298828125)
20:45:41.558 [JavaFX Application Thread] DEBUG PrimaryStageWindow   - Scaled size: 1682.0 x 960.0
20:45:41.559 [JavaFX Application Thread] DEBUG PrimaryStageWindow   - Scaled ratio: (0.8212890625, 0.8333333333333334)
20:45:41.559 [JavaFX Application Thread] DEBUG PrimaryStageWindow   - Scene size: 1682.0 x 960.0
20:45:41.559 [JavaFX Application Thread] DEBUG PrimaryStageWindow   - Stage size: 1696.6666259765625 x 997.3333129882812
20:45:41.563 [FXGL Background Thread 1 ] DEBUG Engine               - Initializing environment variables
20:45:41.581 [FXGL Background Thread 1 ] DEBUG FXGLAssetLoaderServi - User app class for loading assets: class com.kenny.tank.AllStarBattleApp
20:45:41.581 [FXGL Background Thread 1 ] DEBUG GameApplicationServi - Applying CSS: fxgl_dark.css
20:45:41.582 [FXGL Background Thread 1 ] DEBUG FXGLAssetLoaderServi - Loading from file system: jar:file:///C:/Users/10273/.m2/repository/com/github/almasb/fxgl/17.1/fxgl-17.1.jar!/fxglassets/ui/css/fxgl_dark.css
20:45:41.613 [FXGL Background Thread 1 ] DEBUG GameApplicationServi - Applying CSS: tank.css
20:45:41.613 [FXGL Background Thread 1 ] DEBUG FXGLAssetLoaderServi - Loading from file system: file:/E:/java%20project/tank/target/classes/assets/ui/css/tank.css
20:45:41.614 [FXGL Background Thread 1 ] DEBUG GameApplicationServi - Initializing application scenes
20:45:41.617 [FXGL Background Thread 1 ] DEBUG GameWorld            - Game world initialized
20:45:41.656 [FXGL Background Thread 1 ] DEBUG PhysicsWorld         - Physics world initialized: appHeight=1152, physics.ppm=50.0
20:45:41.657 [FXGL Background Thread 1 ] DEBUG PhysicsWorld         - Using strategy: BRUTE_FORCE
20:45:41.660 [FXGL Background Thread 1 ] DEBUG GameScene            - Game scene initialized: 2048x1152
20:45:41.663 [FXGL Background Thread 1 ] DEBUG FXGLAssetLoaderServi - Loading from file system: file:/E:/java%20project/tank/target/classes/assets/textures/MainMenu.png
20:45:41.752 [FXGL Background Thread 1 ] DEBUG FXGLAssetLoaderServi - Loading from file system: file:/E:/java%20project/tank/target/classes/assets/textures/R-C.jpg
20:45:41.773 [FXGL Background Thread 1 ] DEBUG FXGL.DefaultMenu     - createMenuBodyGameMenu()
20:45:41.781 [FXGL Background Thread 1 ] DEBUG FXGL.DefaultMenu     - createOptionsMenu()
20:45:41.787 [FXGL Background Thread 1 ] DEBUG FXGLAssetLoaderServi - Loading from file system: jar:file:///C:/Users/10273/.m2/repository/com/github/almasb/fxgl/17.1/fxgl-17.1.jar!/fxglassets/textures/particles/smoke.png
20:45:41.838 [FXGL Background Thread 1 ] DEBUG FXGLAssetLoaderServi - Loading from file system: jar:file:///C:/Users/10273/.m2/repository/com/github/almasb/fxgl/17.1/fxgl-17.1.jar!/fxglassets/textures/particles/trace_horizontal.png
20:45:41.850 [FXGL Background Thread 1 ] DEBUG GameApplicationServi - Application scenes initialized
20:45:41.860 [FXGL Background Thread 1 ] DEBUG SystemBundleService  - Loading FXGL system data
20:45:41.864 [FXGL Background Thread 1 ] DEBUG FileSystemAccess     - Reading from: E:\java project\tank\system\fxgl.bundle
20:45:41.870 [FXGL Background Thread 1 ] DEBUG SystemBundleService  - Bundle FXGL: {}
20:45:41.870 [FXGL Background Thread 1 ] DEBUG UpdaterService       - Checking for updates
20:45:41.875 [FXGL Background Thread 4 ] DEBUG FXGLApplication      - Loading fonts
20:45:41.876 [FXGL Background Thread 4 ] DEBUG FXGLAssetLoaderServi - Loading from file system: jar:file:///C:/Users/10273/.m2/repository/com/github/almasb/fxgl/17.1/fxgl-17.1.jar!/fxglassets/ui/fonts/VarelaRound-Regular.ttf
20:45:41.876 [FXGL Background Thread 1 ] DEBUG FXGLApplication      - Loading default localization
20:45:41.877 [FXGL Background Thread 1 ] DEBUG FXGLAssetLoaderServi - Loading from file system: jar:file:///C:/Users/10273/.m2/repository/com/github/almasb/fxgl/17.1/fxgl-17.1.jar!/fxglassets/languages/english.lang
20:45:41.891 [FXGL Background Thread 1 ] INFO  FXGLApplication      - FXGL initialization took: 0.327 sec
20:45:41.900 [JavaFX Application Thread] DEBUG Input                - Registered new binding: action0 - Up
20:45:41.901 [JavaFX Application Thread] DEBUG Input                - Registered new binding: action1 - Down
20:45:41.901 [JavaFX Application Thread] DEBUG Input                - Registered new binding: action2 - Left
20:45:41.902 [JavaFX Application Thread] DEBUG Input                - Registered new binding: action3 - Right
20:45:41.902 [JavaFX Application Thread] DEBUG Input                - Registered new binding: action4 - Space
20:45:41.902 [JavaFX Application Thread] DEBUG FXGLAssetLoaderServi - Loading from file system: file:/E:/java%20project/tank/target/classes/assets/textures/joker.jpg
20:45:41.919 [JavaFX Application Thread] DEBUG FXGLAssetLoaderServi - Loading from file system: jar:file:///C:/Users/10273/.m2/repository/com/github/almasb/fxgl/17.1/fxgl-17.1.jar!/fxglassets/textures/fxgl_default_cursor.png
20:45:41.921 [JavaFX Application Thread] DEBUG Input                - Registered new binding: Screenshot - CTRL+8
20:45:41.922 [JavaFX Application Thread] DEBUG Input                - Registered new binding: System info dump - CTRL+9
20:45:41.922 [FXGL Background Thread 4 ] DEBUG FXGLAssetLoaderServi - Loading from file system: jar:file:///C:/Users/10273/.m2/repository/com/github/almasb/fxgl/17.1/fxgl-17.1.jar!/fxglassets/ui/fonts/Abel-Regular.ttf
20:45:41.922 [JavaFX Application Thread] DEBUG Input                - Registered new binding: Restart - CTRL+R
20:45:41.923 [JavaFX Application Thread] DEBUG Input                - Registered new binding: Toggle Debug Camera - CTRL+7
20:45:41.924 [FXGL Background Thread 4 ] DEBUG FXGLAssetLoaderServi - Loading from file system: jar:file:///C:/Users/10273/.m2/repository/com/github/almasb/fxgl/17.1/fxgl-17.1.jar!/fxglassets/ui/fonts/TerminalLandMono-Regular.otf
20:45:41.925 [JavaFX Application Thread] DEBUG LoopRunner           - Starting loop
20:45:41.925 [JavaFX Application Thread] DEBUG LoopRunner           - Initializing JavaFX AnimationTimerLoop
20:45:41.926 [FXGL Background Thread 4 ] DEBUG FXGLAssetLoaderServi - Loading from file system: jar:file:///C:/Users/10273/.m2/repository/com/github/almasb/fxgl/17.1/fxgl-17.1.jar!/fxglassets/ui/fonts/Courier-Prime.ttf
20:45:41.929 [JavaFX Application Thread] DEBUG Input                - Clearing active input actions
20:45:41.936 [JavaFX Application Thread] DEBUG GameApplicationServi - Removing overlay from StartScene and adding to FXGLMainMenuDummyScene
20:45:41.936 [JavaFX Application Thread] DEBUG PrimaryStageWindow   - StartScene -> FXGLMainMenuDummyScene
20:45:41.936 [JavaFX Application Thread] DEBUG PrimaryStageWindow   - Push state: Main_menu
20:45:41.937 [JavaFX Application Thread] DEBUG Input                - Clearing active input actions
20:45:41.945 [JavaFX Application Thread] DEBUG GameApplicationServi - Removing overlay from FXGLMainMenuDummyScene and adding to Main_menu
20:45:41.945 [JavaFX Application Thread] DEBUG PrimaryStageWindow   - FXGLMainMenuDummyScene -> Main_menu
20:45:41.947 [JavaFX Application Thread] DEBUG FXGLApplication      - Registering font factories with UI factory
20:45:42.348 [FXGL Background Thread 2 ] INFO  UpdaterService       - Your current version:  17.1
20:45:42.348 [FXGL Background Thread 2 ] INFO  UpdaterService       - Latest stable version: 17.3
20:45:44.873 [FXGL Background Thread 3 ] DEBUG Engine               - Logging environment variables
20:45:44.875 [FXGL Background Thread 3 ] DEBUG Engine               - achievements: []
20:45:44.875 [FXGL Background Thread 3 ] DEBUG Engine               - actualHeight: 960.0
20:45:44.875 [FXGL Background Thread 3 ] DEBUG Engine               - actualHeightProperty: ReadOnlyDoubleProperty [value: 960.0]
20:45:44.875 [FXGL Background Thread 3 ] DEBUG Engine               - actualWidth: 1682.0
20:45:44.875 [FXGL Background Thread 3 ] DEBUG Engine               - actualWidthProperty: ReadOnlyDoubleProperty [value: 1682.0]
20:45:44.876 [FXGL Background Thread 3 ] DEBUG Engine               - appIcon: joker.jpg
20:45:44.876 [FXGL Background Thread 3 ] DEBUG Engine               - applicationMode: DEVELOPER
20:45:44.876 [FXGL Background Thread 3 ] DEBUG Engine               - cSSList: [fxgl_dark.css, tank.css]
20:45:44.876 [FXGL Background Thread 3 ] DEBUG Engine               - collisionDetectionStrategy: BRUTE_FORCE
20:45:44.877 [FXGL Background Thread 3 ] DEBUG Engine               - configClass: Optional.empty
20:45:44.877 [FXGL Background Thread 3 ] DEBUG Engine               - credits: []
20:45:44.879 [FXGL Background Thread 3 ] DEBUG Engine               - defaultCursor: CursorInfo(imageName=fxgl_default_cursor.png, hotspotX=7.0, hotspotY=6.0)
20:45:44.880 [FXGL Background Thread 3 ] DEBUG Engine               - devBBoxColorProperty: ObjectProperty [value: 0xff0000ff]
20:45:44.880 [FXGL Background Thread 3 ] DEBUG Engine               - devEnableDebugCameraProperty: BooleanProperty [value: false]
20:45:44.880 [FXGL Background Thread 3 ] DEBUG Engine               - devSensorColorProperty: ObjectProperty [value: 0xffff00ff]
20:45:44.880 [FXGL Background Thread 3 ] DEBUG Engine               - devShowBBoxProperty: BooleanProperty [value: false]
20:45:44.880 [FXGL Background Thread 3 ] DEBUG Engine               - devShowPositionProperty: BooleanProperty [value: false]
20:45:44.880 [FXGL Background Thread 3 ] DEBUG Engine               - enabledMenuItems: []
20:45:44.880 [FXGL Background Thread 3 ] DEBUG Engine               - engineServices: [class com.almasb.fxgl.app.services.FXGLAssetLoaderService, class com.almasb.fxgl.app.FXGLApplication$GameApplicationService, class com.almasb.fxgl.app.services.FXGLDialogService, class com.almasb.fxgl.app.services.IOTaskExecutorService, class com.almasb.fxgl.io.FileSystemService, class com.almasb.fxgl.localization.LocalizationService, class com.almasb.fxgl.app.services.SystemBundleService, class com.almasb.fxgl.profile.SaveLoadService, class com.almasb.fxgl.ui.FXGLUIFactoryServiceProvider, class com.almasb.fxgl.ui.FXGLDialogFactoryServiceProvider, class com.almasb.fxgl.audio.AudioPlayer, class com.almasb.fxgl.notification.impl.NotificationServiceProvider, class com.almasb.fxgl.achievement.AchievementService, class com.almasb.fxgl.cutscene.CutsceneService, class com.almasb.fxgl.minigames.MiniGameService, class com.almasb.fxgl.net.NetService, class com.almasb.fxgl.app.services.UpdaterService, class com.almasb.fxgl.dev.DevService]
20:45:44.880 [FXGL Background Thread 3 ] DEBUG Engine               - fontGame: Abel-Regular.ttf
20:45:44.881 [FXGL Background Thread 3 ] DEBUG Engine               - fontMono: TerminalLandMono-Regular.otf
20:45:44.882 [FXGL Background Thread 3 ] DEBUG Engine               - fontText: Courier-Prime.ttf
20:45:44.882 [FXGL Background Thread 3 ] DEBUG Engine               - fontUI: VarelaRound-Regular.ttf
20:45:44.882 [FXGL Background Thread 3 ] DEBUG Engine               - fullScreen: BooleanProperty [value: false]
20:45:44.882 [FXGL Background Thread 3 ] DEBUG Engine               - gameDifficulty: MEDIUM
20:45:44.882 [FXGL Background Thread 3 ] DEBUG Engine               - gameDifficultyProperty: ObjectProperty [value: MEDIUM]
20:45:44.882 [FXGL Background Thread 3 ] DEBUG Engine               - globalMusicVolume: 0.5
20:45:44.882 [FXGL Background Thread 3 ] DEBUG Engine               - globalMusicVolumeProperty: DoubleProperty [value: 0.5]
20:45:44.882 [FXGL Background Thread 3 ] DEBUG Engine               - globalSoundVolume: 0.5
20:45:44.882 [FXGL Background Thread 3 ] DEBUG Engine               - globalSoundVolumeProperty: DoubleProperty [value: 0.8]
20:45:44.882 [FXGL Background Thread 3 ] DEBUG Engine               - height: 1152
20:45:44.883 [FXGL Background Thread 3 ] DEBUG Engine               - is3D: false
20:45:44.883 [FXGL Background Thread 3 ] DEBUG Engine               - isAndroid: false
20:45:44.883 [FXGL Background Thread 3 ] DEBUG Engine               - isBrowser: false
20:45:44.883 [FXGL Background Thread 3 ] DEBUG Engine               - isClickFeedbackEnabled: false
20:45:44.883 [FXGL Background Thread 3 ] DEBUG Engine               - isCloseConfirmation: false
20:45:44.883 [FXGL Background Thread 3 ] DEBUG Engine               - isDesktop: true
20:45:44.883 [FXGL Background Thread 3 ] DEBUG Engine               - isDeveloperMenuEnabled: false
20:45:44.883 [FXGL Background Thread 3 ] DEBUG Engine               - isEmbedded: false
20:45:44.883 [FXGL Background Thread 3 ] DEBUG Engine               - isEntityPreloadEnabled: true
20:45:44.883 [FXGL Background Thread 3 ] DEBUG Engine               - isExperimentalTiledLargeMap: false
20:45:44.883 [FXGL Background Thread 3 ] DEBUG Engine               - isFileSystemWriteAllowed: true
20:45:44.883 [FXGL Background Thread 3 ] DEBUG Engine               - isFullScreenAllowed: false
20:45:44.883 [FXGL Background Thread 3 ] DEBUG Engine               - isFullScreenFromStart: false
20:45:44.883 [FXGL Background Thread 3 ] DEBUG Engine               - isGameMenuEnabled: true
20:45:44.883 [FXGL Background Thread 3 ] DEBUG Engine               - isIOS: false
20:45:44.883 [FXGL Background Thread 3 ] DEBUG Engine               - isIntroEnabled: false
20:45:44.883 [FXGL Background Thread 3 ] DEBUG Engine               - isLinux: false
20:45:44.883 [FXGL Background Thread 3 ] DEBUG Engine               - isMac: false
20:45:44.883 [FXGL Background Thread 3 ] DEBUG Engine               - isMainMenuEnabled: true
20:45:44.883 [FXGL Background Thread 3 ] DEBUG Engine               - isManualResizeEnabled: false
20:45:44.884 [FXGL Background Thread 3 ] DEBUG Engine               - isMobile: false
20:45:44.884 [FXGL Background Thread 3 ] DEBUG Engine               - isNative: false
20:45:44.884 [FXGL Background Thread 3 ] DEBUG Engine               - isPauseMusicWhenMinimized: true
20:45:44.884 [FXGL Background Thread 3 ] DEBUG Engine               - isPreserveResizeRatio: false
20:45:44.884 [FXGL Background Thread 3 ] DEBUG Engine               - isProfilingEnabled: false
20:45:44.884 [FXGL Background Thread 3 ] DEBUG Engine               - isScaleAffectedOnResize: true
20:45:44.884 [FXGL Background Thread 3 ] DEBUG Engine               - isSingleStep: false
20:45:44.884 [FXGL Background Thread 3 ] DEBUG Engine               - isUserProfileEnabled: false
20:45:44.884 [FXGL Background Thread 3 ] DEBUG Engine               - isWindows: true
20:45:44.884 [FXGL Background Thread 3 ] DEBUG Engine               - language: ObjectProperty [value: ENGLISH]
20:45:44.884 [FXGL Background Thread 3 ] DEBUG Engine               - menuKey: ESCAPE
20:45:44.884 [FXGL Background Thread 3 ] DEBUG Engine               - mouseSensitivity: 0.2
20:45:44.884 [FXGL Background Thread 3 ] DEBUG Engine               - notificationViewClass: class com.almasb.fxgl.notification.view.XboxNotificationView
20:45:44.884 [FXGL Background Thread 3 ] DEBUG Engine               - pixelsPerMeter: 50.0
20:45:44.884 [FXGL Background Thread 3 ] DEBUG Engine               - platform: WINDOWS
20:45:44.884 [FXGL Background Thread 3 ] DEBUG Engine               - prefHeightProperty: ReadOnlyDoubleProperty [value: 1152.0]
20:45:44.885 [FXGL Background Thread 3 ] DEBUG Engine               - prefWidthProperty: ReadOnlyDoubleProperty [value: 2048.0]
20:45:44.885 [FXGL Background Thread 3 ] DEBUG Engine               - profileDir: profiles/
20:45:44.885 [FXGL Background Thread 3 ] DEBUG Engine               - profileName: StringProperty [value: DEFAULT]
20:45:44.885 [FXGL Background Thread 3 ] DEBUG Engine               - randomSeed: -1
20:45:44.885 [FXGL Background Thread 3 ] DEBUG Engine               - runtimeInfo: RuntimeInfo(platform=WINDOWS, version=17.1, build=24.03.2022 17.34)
20:45:44.885 [FXGL Background Thread 3 ] DEBUG Engine               - saveFileExt: sav
20:45:44.885 [FXGL Background Thread 3 ] DEBUG Engine               - scaledHeightProp$fxgl: DoubleProperty [bound, value: 960.0]
20:45:44.885 [FXGL Background Thread 3 ] DEBUG Engine               - scaledWidthProp$fxgl: DoubleProperty [bound, value: 1682.0]
20:45:44.885 [FXGL Background Thread 3 ] DEBUG Engine               - sceneFactory: com.kenny.tank.AllStarBattleApp$1@23375c86
20:45:44.885 [FXGL Background Thread 3 ] DEBUG Engine               - secondsIn24h: 60
20:45:44.885 [FXGL Background Thread 3 ] DEBUG Engine               - soundMenuBack: menu/back.wav
20:45:44.885 [FXGL Background Thread 3 ] DEBUG Engine               - soundMenuPress: menu/press.wav
20:45:44.885 [FXGL Background Thread 3 ] DEBUG Engine               - soundMenuSelect: menu/select.wav
20:45:44.885 [FXGL Background Thread 3 ] DEBUG Engine               - soundNotification: core/notification.wav
20:45:44.885 [FXGL Background Thread 3 ] DEBUG Engine               - stageStyle: DECORATED
20:45:44.885 [FXGL Background Thread 3 ] DEBUG Engine               - supportedLanguages: [ENGLISH, FRENCH, GERMAN, HUNGARIAN, RUSSIAN]
20:45:44.885 [FXGL Background Thread 3 ] DEBUG Engine               - ticksPerSecond: -1
20:45:44.885 [FXGL Background Thread 3 ] DEBUG Engine               - title: All star battle
20:45:44.885 [FXGL Background Thread 3 ] DEBUG Engine               - urlGithub: https://github.com/AlmasB/FXGL
20:45:44.885 [FXGL Background Thread 3 ] DEBUG Engine               - urlLeaderboard: http://fxgl-top.herokuapp.com/
20:45:44.885 [FXGL Background Thread 3 ] DEBUG Engine               - urlPOM: https://raw.githubusercontent.com/AlmasB/FXGL/release/README.md
20:45:44.885 [FXGL Background Thread 3 ] DEBUG Engine               - userAppClass: class com.kenny.tank.AllStarBattleApp
20:45:44.885 [FXGL Background Thread 3 ] DEBUG Engine               - version: 0.1
20:45:44.885 [FXGL Background Thread 3 ] DEBUG Engine               - versionCheckDays: 7
20:45:44.885 [FXGL Background Thread 3 ] DEBUG Engine               - width: 2048
20:45:44.885 [FXGL Background Thread 3 ] DEBUG Engine               - Logging services
20:45:44.885 [FXGL Background Thread 3 ] DEBUG Engine               - class com.almasb.fxgl.app.services.FXGLAssetLoaderService
20:45:44.885 [FXGL Background Thread 3 ] DEBUG Engine               - class com.almasb.fxgl.app.FXGLApplication$GameApplicationService
20:45:44.885 [FXGL Background Thread 3 ] DEBUG Engine               - class com.almasb.fxgl.app.services.FXGLDialogService
20:45:44.885 [FXGL Background Thread 3 ] DEBUG Engine               - class com.almasb.fxgl.app.services.IOTaskExecutorService
20:45:44.885 [FXGL Background Thread 3 ] DEBUG Engine               - class com.almasb.fxgl.io.FileSystemService
20:45:44.885 [FXGL Background Thread 3 ] DEBUG Engine               - class com.almasb.fxgl.localization.LocalizationService
20:45:44.885 [FXGL Background Thread 3 ] DEBUG Engine               - class com.almasb.fxgl.app.services.SystemBundleService
20:45:44.886 [FXGL Background Thread 3 ] DEBUG Engine               - class com.almasb.fxgl.profile.SaveLoadService
20:45:44.886 [FXGL Background Thread 3 ] DEBUG Engine               - class com.almasb.fxgl.ui.FXGLUIFactoryServiceProvider
20:45:44.886 [FXGL Background Thread 3 ] DEBUG Engine               - class com.almasb.fxgl.ui.FXGLDialogFactoryServiceProvider
20:45:44.886 [FXGL Background Thread 3 ] DEBUG Engine               - class com.almasb.fxgl.audio.AudioPlayer
20:45:44.886 [FXGL Background Thread 3 ] DEBUG Engine               - class com.almasb.fxgl.notification.impl.NotificationServiceProvider
20:45:44.886 [FXGL Background Thread 3 ] DEBUG Engine               - class com.almasb.fxgl.achievement.AchievementService
20:45:44.886 [FXGL Background Thread 3 ] DEBUG Engine               - class com.almasb.fxgl.cutscene.CutsceneService
20:45:44.886 [FXGL Background Thread 3 ] DEBUG Engine               - class com.almasb.fxgl.minigames.MiniGameService
20:45:44.886 [FXGL Background Thread 3 ] DEBUG Engine               - class com.almasb.fxgl.net.NetService
20:45:44.886 [FXGL Background Thread 3 ] DEBUG Engine               - class com.almasb.fxgl.app.services.UpdaterService
20:45:44.886 [FXGL Background Thread 3 ] DEBUG Engine               - class com.almasb.fxgl.dev.DevService
20:45:49.261 [JavaFX Application Thread] DEBUG GameApplicationServi - Starting new game
20:45:49.262 [JavaFX Application Thread] DEBUG PrimaryStageWindow   - Pop state: Main_menu
20:45:49.262 [JavaFX Application Thread] DEBUG Input                - Clearing active input actions
20:45:49.262 [JavaFX Application Thread] DEBUG GameApplicationServi - Removing overlay from Main_menu and adding to FXGLMainMenuDummyScene
20:45:49.263 [JavaFX Application Thread] DEBUG PrimaryStageWindow   - FXGLMainMenuDummyScene <- Main_menu
20:45:49.263 [JavaFX Application Thread] DEBUG Input                - Clearing active input actions
20:45:49.267 [JavaFX Application Thread] DEBUG GameApplicationServi - Removing overlay from FXGLMainMenuDummyScene and adding to Loading_Scene
20:45:49.267 [JavaFX Application Thread] DEBUG PrimaryStageWindow   - FXGLMainMenuDummyScene -> Loading_Scene
20:45:49.267 [JavaFX Application Thread] DEBUG GameApplicationServi - Clearing previous game
20:45:49.267 [JavaFX Application Thread] DEBUG GameScene            - Clearing game scene
20:45:49.267 [JavaFX Application Thread] DEBUG GameWorld            - Clearing game world
20:45:49.267 [JavaFX Application Thread] DEBUG PhysicsWorld         - Clearing physics world
20:45:49.269 [FXGL Background Thread 2 ] DEBUG FXGLApplication      - Initializing game
20:45:49.291 [FXGL Background Thread 2 ] WARN  TMXLevelLoader       - TiledMap generated from 1.8.4. Supported version: 1.4.2. Some features may not be parsed fully.
20:45:49.308 [FXGL Background Thread 2 ] DEBUG TMXLevelLoader       - Parsed TiledMap: file:/E:/java%20project/tank/target/classes/assets/levels/test1.tmx
20:45:49.310 [FXGL Background Thread 2 ] DEBUG TMXLevelLoader       - Creating tile layer entities
20:45:49.310 [FXGL Background Thread 2 ] DEBUG TMXLevelLoader       - Creating object layer entities
20:45:49.365 [FXGL Background Thread 2 ] DEBUG GameWorld            - Clearing removable entities
20:45:49.366 [FXGL Background Thread 2 ] DEBUG GameWorld            - Setting level: com.almasb.fxgl.entity.level.Level@59aa321a
20:45:49.374 [FXGL Background Thread 2 ] DEBUG FXGLAssetLoaderServi - Loading from file system: file:/E:/java%20project/tank/target/classes/assets/textures/element/Tank.png
20:45:49.375 [FXGL Background Thread 2 ] DEBUG FXGLAssetLoaderServi - Loading from file system: file:/E:/java%20project/tank/target/classes/assets/textures/Enemytank.png
20:45:49.377 [FXGL Background Thread 2 ] DEBUG FXGLAssetLoaderServi - Loading from file system: file:/E:/java%20project/tank/target/classes/assets/textures/Chicken.png
20:45:49.382 [FXGL Background Thread 2 ] DEBUG FXGLAssetLoaderServi - Loading from file system: file:/E:/java%20project/tank/target/classes/assets/textures/BossTank.png
20:45:49.392 [FXGL Background Thread 2 ] INFO  FXGLApplication      - Game initialization took: 0.122 sec
20:45:49.392 [JavaFX Application Thread] DEBUG Input                - Clearing active input actions
20:45:49.398 [JavaFX Application Thread] DEBUG GameApplicationServi - Removing overlay from Loading_Scene and adding to GameScene
20:45:49.398 [JavaFX Application Thread] DEBUG PrimaryStageWindow   - Loading_Scene -> GameScene
20:45:50.504 [JavaFX Application Thread] DEBUG FXGLAssetLoaderServi - Loading from file system: file:/E:/java%20project/tank/target/classes/assets/textures/element/Enemybullet.png
20:45:50.616 [JavaFX Application Thread] DEBUG FXGLAssetLoaderServi - Loading from file system: file:/E:/java%20project/tank/target/classes/assets/textures/SmallBoom.png
20:45:51.062 [JavaFX Application Thread] DEBUG FXGLAssetLoaderServi - Loading from file system: file:/E:/java%20project/tank/target/classes/assets/sounds/boom.wav
20:45:51.105 [JavaFX Application Thread] DEBUG FXGLAssetLoaderServi - Loading from file system: file:/E:/java%20project/tank/target/classes/assets/textures/element/Bullet.png
20:46:00.760 [JavaFX Application Thread] DEBUG FXGLAssetLoaderServi - Loading from file system: file:/E:/java%20project/tank/target/classes/assets/textures/boom.png
20:46:00.764 [JavaFX Application Thread] DEBUG PrimaryStageWindow   - Push state: EggScene
20:46:00.764 [JavaFX Application Thread] DEBUG FXGLAssetLoaderServi - Loading from file system: file:/E:/java%20project/tank/target/classes/assets/music/chicken.mp3
20:46:00.805 [JavaFX Application Thread] DEBUG AudioPlayer          - Playing music com.almasb.fxgl.audio.Music@606d1e3e
20:46:00.805 [JavaFX Application Thread] DEBUG Input                - Clearing active input actions
20:46:00.806 [JavaFX Application Thread] DEBUG GameApplicationServi - Removing overlay from GameScene and adding to EggScene
20:46:00.806 [JavaFX Application Thread] DEBUG PrimaryStageWindow   - GameScene -> EggScene
20:46:02.774 [JavaFX Application Thread] DEBUG PrimaryStageWindow   - Pop state: EggScene
20:46:02.774 [JavaFX Application Thread] DEBUG Input                - Clearing active input actions
20:46:02.774 [JavaFX Application Thread] DEBUG GameApplicationServi - Removing overlay from EggScene and adding to GameScene
20:46:02.774 [JavaFX Application Thread] DEBUG PrimaryStageWindow   - GameScene <- EggScene
20:46:02.776 [JavaFX Application Thread] WARN  TMXLevelLoader       - TiledMap generated from 1.8.4. Supported version: 1.4.2. Some features may not be parsed fully.
20:46:02.780 [JavaFX Application Thread] DEBUG TMXLevelLoader       - Parsed TiledMap: file:/E:/java%20project/tank/target/classes/assets/levels/Chicken.tmx
20:46:02.780 [JavaFX Application Thread] DEBUG TMXLevelLoader       - Creating tile layer entities
20:46:02.780 [JavaFX Application Thread] DEBUG TMXLevelLoader       - Creating object layer entities
20:46:02.789 [JavaFX Application Thread] DEBUG GameWorld            - Clearing removable entities
20:46:02.796 [JavaFX Application Thread] DEBUG GameWorld            - Setting level: com.almasb.fxgl.entity.level.Level@52eba96f
20:46:02.801 [JavaFX Application Thread] DEBUG FXGLAssetLoaderServi - Loading from file system: file:/E:/java%20project/tank/target/classes/assets/textures/people.png
20:46:03.187 [JavaFX Application Thread] DEBUG PrimaryStageWindow   - Push state: FXGLDefaultMenu
20:46:03.189 [JavaFX Application Thread] DEBUG Input                - Clearing active input actions
20:46:03.191 [JavaFX Application Thread] DEBUG GameApplicationServi - Removing overlay from GameScene and adding to FXGLDefaultMenu
20:46:03.191 [JavaFX Application Thread] DEBUG PrimaryStageWindow   - GameScene -> FXGLDefaultMenu
20:46:03.941 [JavaFX Application Thread] DEBUG Menu                 - fireExitToMainMenu()
20:46:03.943 [JavaFX Application Thread] DEBUG PrimaryStageWindow   - Push state: DialogSubScene
20:46:03.943 [JavaFX Application Thread] DEBUG Input                - Clearing active input actions
20:46:03.943 [JavaFX Application Thread] DEBUG GameApplicationServi - Removing overlay from FXGLDefaultMenu and adding to DialogSubScene
20:46:03.943 [JavaFX Application Thread] DEBUG PrimaryStageWindow   - FXGLDefaultMenu -> DialogSubScene
20:46:04.580 [JavaFX Application Thread] DEBUG PrimaryStageWindow   - Pop state: DialogSubScene
20:46:04.580 [JavaFX Application Thread] DEBUG Input                - Clearing active input actions
20:46:04.581 [JavaFX Application Thread] DEBUG GameApplicationServi - Removing overlay from DialogSubScene and adding to FXGLDefaultMenu
20:46:04.581 [JavaFX Application Thread] DEBUG PrimaryStageWindow   - FXGLDefaultMenu <- DialogSubScene
20:46:04.583 [JavaFX Application Thread] DEBUG PrimaryStageWindow   - Pop state: FXGLDefaultMenu
20:46:04.583 [JavaFX Application Thread] DEBUG Input                - Clearing active input actions
20:46:04.583 [JavaFX Application Thread] DEBUG GameApplicationServi - Removing overlay from FXGLDefaultMenu and adding to GameScene
20:46:04.583 [JavaFX Application Thread] DEBUG PrimaryStageWindow   - GameScene <- FXGLDefaultMenu
20:46:04.583 [JavaFX Application Thread] DEBUG Input                - Clearing active input actions
20:46:04.586 [JavaFX Application Thread] DEBUG GameApplicationServi - Removing overlay from GameScene and adding to FXGLMainMenuDummyScene
20:46:04.586 [JavaFX Application Thread] DEBUG PrimaryStageWindow   - GameScene -> FXGLMainMenuDummyScene
20:46:04.586 [JavaFX Application Thread] DEBUG PrimaryStageWindow   - Push state: Main_menu
20:46:04.586 [JavaFX Application Thread] DEBUG Input                - Clearing active input actions
20:46:04.587 [JavaFX Application Thread] DEBUG GameApplicationServi - Removing overlay from FXGLMainMenuDummyScene and adding to Main_menu
20:46:04.587 [JavaFX Application Thread] DEBUG PrimaryStageWindow   - FXGLMainMenuDummyScene -> Main_menu
20:46:05.109 [JavaFX Application Thread] DEBUG FXGLApplication      - Exiting FXGL
20:46:05.109 [JavaFX Application Thread] DEBUG LoopRunner           - Stopping loop
20:46:05.109 [JavaFX Application Thread] DEBUG SystemBundleService  - Saving FXGL system data
20:46:05.111 [JavaFX Application Thread] DEBUG FileSystemAccess     - Writing to: E:\java project\tank\system\fxgl.bundle
20:46:05.112 [JavaFX Application Thread] DEBUG Async                - Shutting down background threads
20:46:05.112 [JavaFX Application Thread] DEBUG PrimaryStageWindow   - Closing main window
20:46:05.138 [JavaFX Application Thread] DEBUG Logger               - Closing Logger
