20:31:30.303 [main                     ] DEBUG Logger               - Configured Logger
20:31:30.319 [main                     ] DEBUG GameApplication      - Logging settings
Title: All star battle
Version: 0.1
Width: 2048
Height: 1152
Fullscreen: false
Intro: false
Profiling: false
Single step:false
App Mode: DEVELOPER
Menu Key: ESCAPE
Stage Style: DECORATED
Scene Factory: class com.almasb.fxgl.app.scene.SceneFactory

20:31:30.568 [JavaFX Application Thread] DEBUG FXGLApplication      - Initializing FXGL
20:31:30.571 [JavaFX Application Thread] INFO  Engine               - FXGL-17.1 (24.03.2022 17.34) on WINDOWS (J:17.0.6 FX:18)
20:31:30.571 [JavaFX Application Thread] DEBUG Engine               - JRE Vendor Name: Amazon.com Inc.
20:31:30.572 [JavaFX Application Thread] DEBUG Engine               - Running on OS: Windows 11 version 10.0
20:31:30.572 [JavaFX Application Thread] DEBUG Engine               - Architecture: amd64
20:31:30.572 [JavaFX Application Thread] INFO  Engine               - Source code and latest versions at: https://github.com/AlmasB/FXGL
20:31:30.572 [JavaFX Application Thread] INFO  Engine               -       Ask questions and discuss at: https://github.com/AlmasB/FXGL/discussions
20:31:30.572 [JavaFX Application Thread] INFO  Engine               -              Join the FXGL chat at: https://gitter.im/AlmasB/FXGL
20:31:30.620 [JavaFX Application Thread] DEBUG PrimaryStageWindow   - Creating a JavaFX scene
20:31:30.620 [JavaFX Application Thread] DEBUG PrimaryStageWindow   - Target size > screen size
20:31:30.646 [JavaFX Application Thread] DEBUG PrimaryStageWindow   - Target settings size: 2048.0 x 1152.0
20:31:30.646 [JavaFX Application Thread] DEBUG PrimaryStageWindow   - Scaled scene size:    1682.0 x 960.0
20:31:30.646 [JavaFX Application Thread] DEBUG PrimaryStageWindow   - Scaled ratio: (0.8212890625, 0.8333333333333334)
20:31:30.647 [JavaFX Application Thread] DEBUG PrimaryStageWindow   - Set initial scene to FXGLStartupScene
20:31:30.651 [JavaFX Application Thread] DEBUG PrimaryStageWindow   - Opening main window
20:31:30.702 [JavaFX Application Thread] DEBUG PrimaryStageWindow   - Window border size: (14.6666259765625, 37.33331298828125)
20:31:30.702 [JavaFX Application Thread] DEBUG PrimaryStageWindow   - Scaled size: 1682.0 x 960.0
20:31:30.703 [JavaFX Application Thread] DEBUG PrimaryStageWindow   - Scaled ratio: (0.8212890625, 0.8333333333333334)
20:31:30.703 [JavaFX Application Thread] DEBUG PrimaryStageWindow   - Scene size: 1682.0 x 960.0
20:31:30.703 [JavaFX Application Thread] DEBUG PrimaryStageWindow   - Stage size: 1696.6666259765625 x 997.3333129882812
20:31:30.708 [FXGL Background Thread 1 ] DEBUG Engine               - Initializing environment variables
20:31:30.731 [FXGL Background Thread 1 ] DEBUG FXGLAssetLoaderServi - User app class for loading assets: class com.kenny.tank.TankApp
20:31:30.731 [FXGL Background Thread 1 ] DEBUG GameApplicationServi - Applying CSS: fxgl_dark.css
20:31:30.732 [FXGL Background Thread 1 ] DEBUG FXGLAssetLoaderServi - Loading from file system: jar:file:///C:/Users/10273/.m2/repository/com/github/almasb/fxgl/17.1/fxgl-17.1.jar!/fxglassets/ui/css/fxgl_dark.css
20:31:30.766 [FXGL Background Thread 1 ] DEBUG GameApplicationServi - Initializing application scenes
20:31:30.813 [FXGL Background Thread 1 ] DEBUG GameWorld            - Game world initialized
20:31:30.848 [FXGL Background Thread 1 ] DEBUG PhysicsWorld         - Physics world initialized: appHeight=1152, physics.ppm=50.0
20:31:30.848 [FXGL Background Thread 1 ] DEBUG PhysicsWorld         - Using strategy: BRUTE_FORCE
20:31:30.852 [FXGL Background Thread 1 ] DEBUG GameScene            - Game scene initialized: 2048x1152
20:31:30.862 [FXGL Background Thread 1 ] DEBUG FXGL.DefaultMenu     - createMenuBodyMainMenu()
20:31:30.872 [FXGL Background Thread 1 ] DEBUG FXGL.DefaultMenu     - createOptionsMenu()
20:31:30.879 [FXGL Background Thread 1 ] DEBUG FXGLAssetLoaderServi - Loading from file system: jar:file:///C:/Users/10273/.m2/repository/com/github/almasb/fxgl/17.1/fxgl-17.1.jar!/fxglassets/textures/particles/smoke.png
20:31:30.934 [FXGL Background Thread 1 ] DEBUG FXGLAssetLoaderServi - Loading from file system: jar:file:///C:/Users/10273/.m2/repository/com/github/almasb/fxgl/17.1/fxgl-17.1.jar!/fxglassets/textures/particles/trace_horizontal.png
20:31:30.954 [FXGL Background Thread 1 ] DEBUG FXGL.DefaultMenu     - createMenuBodyGameMenu()
20:31:30.955 [FXGL Background Thread 1 ] DEBUG FXGL.DefaultMenu     - createOptionsMenu()
20:31:30.964 [FXGL Background Thread 1 ] DEBUG GameApplicationServi - Application scenes initialized
20:31:30.971 [FXGL Background Thread 1 ] DEBUG SystemBundleService  - Loading FXGL system data
20:31:30.974 [FXGL Background Thread 1 ] DEBUG FileSystemAccess     - Reading from: E:\java project\tank\system\fxgl.bundle
20:31:30.979 [FXGL Background Thread 1 ] DEBUG SystemBundleService  - Bundle FXGL: {}
20:31:30.979 [FXGL Background Thread 1 ] DEBUG UpdaterService       - Checking for updates
20:31:30.982 [FXGL Background Thread 4 ] DEBUG FXGLApplication      - Loading fonts
20:31:30.982 [FXGL Background Thread 4 ] DEBUG FXGLAssetLoaderServi - Loading from file system: jar:file:///C:/Users/10273/.m2/repository/com/github/almasb/fxgl/17.1/fxgl-17.1.jar!/fxglassets/ui/fonts/VarelaRound-Regular.ttf
20:31:30.982 [FXGL Background Thread 1 ] DEBUG FXGLApplication      - Loading default localization
20:31:30.983 [FXGL Background Thread 1 ] DEBUG FXGLAssetLoaderServi - Loading from file system: jar:file:///C:/Users/10273/.m2/repository/com/github/almasb/fxgl/17.1/fxgl-17.1.jar!/fxglassets/languages/english.lang
20:31:31.001 [FXGL Background Thread 1 ] INFO  FXGLApplication      - FXGL initialization took: 0.293 sec
20:31:31.011 [JavaFX Application Thread] DEBUG Input                - Registered new binding: action0 - Up
20:31:31.012 [JavaFX Application Thread] DEBUG Input                - Registered new binding: action1 - Down
20:31:31.012 [JavaFX Application Thread] DEBUG Input                - Registered new binding: action2 - Left
20:31:31.013 [JavaFX Application Thread] DEBUG Input                - Registered new binding: action3 - Right
20:31:31.014 [JavaFX Application Thread] DEBUG Input                - Registered new binding: action4 - Space
20:31:31.014 [JavaFX Application Thread] DEBUG FXGLAssetLoaderServi - Loading from file system: file:/E:/java%20project/tank/target/classes/assets/textures/joker.jpg
20:31:31.028 [JavaFX Application Thread] DEBUG FXGLAssetLoaderServi - Loading from file system: jar:file:///C:/Users/10273/.m2/repository/com/github/almasb/fxgl/17.1/fxgl-17.1.jar!/fxglassets/textures/fxgl_default_cursor.png
20:31:31.028 [FXGL Background Thread 4 ] DEBUG FXGLAssetLoaderServi - Loading from file system: jar:file:///C:/Users/10273/.m2/repository/com/github/almasb/fxgl/17.1/fxgl-17.1.jar!/fxglassets/ui/fonts/Abel-Regular.ttf
20:31:31.030 [JavaFX Application Thread] DEBUG Input                - Registered new binding: Screenshot - CTRL+8
20:31:31.031 [JavaFX Application Thread] DEBUG Input                - Registered new binding: System info dump - CTRL+9
20:31:31.031 [JavaFX Application Thread] DEBUG Input                - Registered new binding: Restart - CTRL+R
20:31:31.031 [JavaFX Application Thread] DEBUG Input                - Registered new binding: Toggle Debug Camera - CTRL+7
20:31:31.031 [FXGL Background Thread 4 ] DEBUG FXGLAssetLoaderServi - Loading from file system: jar:file:///C:/Users/10273/.m2/repository/com/github/almasb/fxgl/17.1/fxgl-17.1.jar!/fxglassets/ui/fonts/TerminalLandMono-Regular.otf
20:31:31.033 [JavaFX Application Thread] DEBUG LoopRunner           - Starting loop
20:31:31.033 [JavaFX Application Thread] DEBUG LoopRunner           - Initializing JavaFX AnimationTimerLoop
20:31:31.034 [FXGL Background Thread 4 ] DEBUG FXGLAssetLoaderServi - Loading from file system: jar:file:///C:/Users/10273/.m2/repository/com/github/almasb/fxgl/17.1/fxgl-17.1.jar!/fxglassets/ui/fonts/Courier-Prime.ttf
20:31:31.036 [JavaFX Application Thread] DEBUG Input                - Clearing active input actions
20:31:31.041 [JavaFX Application Thread] DEBUG GameApplicationServi - Removing overlay from FXGLStartupScene and adding to FXGLMainMenuDummyScene
20:31:31.041 [JavaFX Application Thread] DEBUG PrimaryStageWindow   - FXGLStartupScene -> FXGLMainMenuDummyScene
20:31:31.041 [JavaFX Application Thread] DEBUG PrimaryStageWindow   - Push state: FXGLDefaultMenu
20:31:31.051 [JavaFX Application Thread] DEBUG Input                - Clearing active input actions
20:31:31.056 [JavaFX Application Thread] DEBUG GameApplicationServi - Removing overlay from FXGLMainMenuDummyScene and adding to FXGLDefaultMenu
20:31:31.056 [JavaFX Application Thread] DEBUG PrimaryStageWindow   - FXGLMainMenuDummyScene -> FXGLDefaultMenu
20:31:31.056 [JavaFX Application Thread] DEBUG FXGLApplication      - Registering font factories with UI factory
20:31:31.452 [FXGL Background Thread 2 ] INFO  UpdaterService       - Your current version:  17.1
20:31:31.452 [FXGL Background Thread 2 ] INFO  UpdaterService       - Latest stable version: 17.2
20:31:31.977 [JavaFX Application Thread] DEBUG Menu                 - fireNewGame()
20:31:31.977 [JavaFX Application Thread] DEBUG GameApplicationServi - Starting new game
20:31:31.978 [JavaFX Application Thread] DEBUG PrimaryStageWindow   - Pop state: FXGLDefaultMenu
20:31:31.979 [JavaFX Application Thread] DEBUG Input                - Clearing active input actions
20:31:31.979 [JavaFX Application Thread] DEBUG GameApplicationServi - Removing overlay from FXGLDefaultMenu and adding to FXGLMainMenuDummyScene
20:31:31.980 [JavaFX Application Thread] DEBUG PrimaryStageWindow   - FXGLMainMenuDummyScene <- FXGLDefaultMenu
20:31:31.980 [JavaFX Application Thread] DEBUG Input                - Clearing active input actions
20:31:31.984 [JavaFX Application Thread] DEBUG GameApplicationServi - Removing overlay from FXGLMainMenuDummyScene and adding to FXGLLoadingScene
20:31:31.984 [JavaFX Application Thread] DEBUG PrimaryStageWindow   - FXGLMainMenuDummyScene -> FXGLLoadingScene
20:31:31.984 [JavaFX Application Thread] DEBUG GameApplicationServi - Clearing previous game
20:31:31.984 [JavaFX Application Thread] DEBUG GameScene            - Clearing game scene
20:31:31.985 [JavaFX Application Thread] DEBUG GameWorld            - Clearing game world
20:31:31.985 [JavaFX Application Thread] DEBUG PhysicsWorld         - Clearing physics world
20:31:31.987 [FXGL Background Thread 2 ] DEBUG FXGLApplication      - Initializing game
20:31:32.012 [FXGL Background Thread 2 ] WARN  TMXLevelLoader       - TiledMap generated from 1.8.4. Supported version: 1.4.2. Some features may not be parsed fully.
20:31:32.032 [FXGL Background Thread 2 ] DEBUG TMXLevelLoader       - Parsed TiledMap: file:/E:/java%20project/tank/target/classes/assets/levels/test.tmx
20:31:32.033 [FXGL Background Thread 2 ] DEBUG TMXLevelLoader       - Creating tile layer entities
20:31:32.034 [FXGL Background Thread 2 ] DEBUG TMXLevelLoader       - Creating object layer entities
20:31:32.112 [FXGL Background Thread 2 ] DEBUG GameWorld            - Clearing removable entities
20:31:32.113 [FXGL Background Thread 2 ] DEBUG GameWorld            - Setting level: com.almasb.fxgl.entity.level.Level@66e8e0cf
20:31:32.126 [FXGL Background Thread 2 ] DEBUG FXGLAssetLoaderServi - Loading from file system: file:/E:/java%20project/tank/target/classes/assets/textures/element/Tank.png
20:31:32.127 [FXGL Background Thread 2 ] WARN  Entity               - Entity already has component: com.kenny.tank.components.TankComponent
20:31:32.130 [FXGL Background Thread 2 ] DEBUG FXGLAssetLoaderServi - Loading from file system: file:/E:/java%20project/tank/target/classes/assets/textures/Enemytank.png
20:31:32.133 [FXGL Background Thread 2 ] DEBUG FXGLAssetLoaderServi - Loading from file system: file:/E:/java%20project/tank/target/classes/assets/textures/Chicken.png
20:31:32.138 [FXGL Background Thread 2 ] DEBUG FXGLAssetLoaderServi - Loading from file system: file:/E:/java%20project/tank/target/classes/assets/textures/BossTank.png
20:31:32.143 [FXGL Background Thread 2 ] INFO  FXGLApplication      - Game initialization took: 0.155 sec
20:31:32.143 [JavaFX Application Thread] DEBUG Input                - Clearing active input actions
20:31:32.153 [JavaFX Application Thread] DEBUG GameApplicationServi - Removing overlay from FXGLLoadingScene and adding to GameScene
20:31:32.153 [JavaFX Application Thread] DEBUG PrimaryStageWindow   - FXGLLoadingScene -> GameScene
20:31:32.481 [JavaFX Application Thread] DEBUG FXGLAssetLoaderServi - Loading from file system: file:/E:/java%20project/tank/target/classes/assets/textures/element/Enemybullet.png
20:31:32.501 [JavaFX Application Thread] DEBUG FXGLAssetLoaderServi - Loading from file system: file:/E:/java%20project/tank/target/classes/assets/textures/SmallBoom.png
20:31:33.101 [JavaFX Application Thread] DEBUG PrimaryStageWindow   - Push state: FXGLDefaultMenu
20:31:33.101 [JavaFX Application Thread] DEBUG Input                - Clearing active input actions
20:31:33.102 [JavaFX Application Thread] DEBUG GameApplicationServi - Removing overlay from GameScene and adding to FXGLDefaultMenu
20:31:33.102 [JavaFX Application Thread] DEBUG PrimaryStageWindow   - GameScene -> FXGLDefaultMenu
20:31:33.982 [FXGL Background Thread 3 ] DEBUG Engine               - Logging environment variables
20:31:33.982 [FXGL Background Thread 3 ] DEBUG Engine               - achievements: []
20:31:33.982 [FXGL Background Thread 3 ] DEBUG Engine               - actualHeight: 960.0
20:31:33.982 [FXGL Background Thread 3 ] DEBUG Engine               - actualHeightProperty: ReadOnlyDoubleProperty [value: 960.0]
20:31:33.982 [FXGL Background Thread 3 ] DEBUG Engine               - actualWidth: 1682.0
20:31:33.982 [FXGL Background Thread 3 ] DEBUG Engine               - actualWidthProperty: ReadOnlyDoubleProperty [value: 1682.0]
20:31:33.982 [FXGL Background Thread 3 ] DEBUG Engine               - appIcon: joker.jpg
20:31:33.982 [FXGL Background Thread 3 ] DEBUG Engine               - applicationMode: DEVELOPER
20:31:33.982 [FXGL Background Thread 3 ] DEBUG Engine               - cSSList: [fxgl_dark.css]
20:31:33.982 [FXGL Background Thread 3 ] DEBUG Engine               - collisionDetectionStrategy: BRUTE_FORCE
20:31:33.982 [FXGL Background Thread 3 ] DEBUG Engine               - configClass: Optional.empty
20:31:33.983 [FXGL Background Thread 3 ] DEBUG Engine               - credits: []
20:31:33.983 [FXGL Background Thread 3 ] DEBUG Engine               - defaultCursor: CursorInfo(imageName=fxgl_default_cursor.png, hotspotX=7.0, hotspotY=6.0)
20:31:33.983 [FXGL Background Thread 3 ] DEBUG Engine               - devBBoxColorProperty: ObjectProperty [value: 0xff0000ff]
20:31:33.983 [FXGL Background Thread 3 ] DEBUG Engine               - devEnableDebugCameraProperty: BooleanProperty [value: false]
20:31:33.983 [FXGL Background Thread 3 ] DEBUG Engine               - devSensorColorProperty: ObjectProperty [value: 0xffff00ff]
20:31:33.983 [FXGL Background Thread 3 ] DEBUG Engine               - devShowBBoxProperty: BooleanProperty [value: false]
20:31:33.983 [FXGL Background Thread 3 ] DEBUG Engine               - devShowPositionProperty: BooleanProperty [value: false]
20:31:33.984 [FXGL Background Thread 3 ] DEBUG Engine               - enabledMenuItems: []
20:31:33.984 [FXGL Background Thread 3 ] DEBUG Engine               - engineServices: [class com.almasb.fxgl.app.services.FXGLAssetLoaderService, class com.almasb.fxgl.app.FXGLApplication$GameApplicationService, class com.almasb.fxgl.app.services.FXGLDialogService, class com.almasb.fxgl.app.services.IOTaskExecutorService, class com.almasb.fxgl.io.FileSystemService, class com.almasb.fxgl.localization.LocalizationService, class com.almasb.fxgl.app.services.SystemBundleService, class com.almasb.fxgl.profile.SaveLoadService, class com.almasb.fxgl.ui.FXGLUIFactoryServiceProvider, class com.almasb.fxgl.ui.FXGLDialogFactoryServiceProvider, class com.almasb.fxgl.audio.AudioPlayer, class com.almasb.fxgl.notification.impl.NotificationServiceProvider, class com.almasb.fxgl.achievement.AchievementService, class com.almasb.fxgl.cutscene.CutsceneService, class com.almasb.fxgl.minigames.MiniGameService, class com.almasb.fxgl.net.NetService, class com.almasb.fxgl.app.services.UpdaterService, class com.almasb.fxgl.dev.DevService]
20:31:33.984 [FXGL Background Thread 3 ] DEBUG Engine               - fontGame: Abel-Regular.ttf
20:31:33.984 [FXGL Background Thread 3 ] DEBUG Engine               - fontMono: TerminalLandMono-Regular.otf
20:31:33.984 [FXGL Background Thread 3 ] DEBUG Engine               - fontText: Courier-Prime.ttf
20:31:33.984 [FXGL Background Thread 3 ] DEBUG Engine               - fontUI: VarelaRound-Regular.ttf
20:31:33.984 [FXGL Background Thread 3 ] DEBUG Engine               - fullScreen: BooleanProperty [value: false]
20:31:33.984 [FXGL Background Thread 3 ] DEBUG Engine               - gameDifficulty: MEDIUM
20:31:33.984 [FXGL Background Thread 3 ] DEBUG Engine               - gameDifficultyProperty: ObjectProperty [value: MEDIUM]
20:31:33.984 [FXGL Background Thread 3 ] DEBUG Engine               - globalMusicVolume: 0.5
20:31:33.984 [FXGL Background Thread 3 ] DEBUG Engine               - globalMusicVolumeProperty: DoubleProperty [value: 0.5]
20:31:33.984 [FXGL Background Thread 3 ] DEBUG Engine               - globalSoundVolume: 0.5
20:31:33.984 [FXGL Background Thread 3 ] DEBUG Engine               - globalSoundVolumeProperty: DoubleProperty [value: 0.8]
20:31:33.984 [FXGL Background Thread 3 ] DEBUG Engine               - height: 1152
20:31:33.984 [FXGL Background Thread 3 ] DEBUG Engine               - is3D: false
20:31:33.984 [FXGL Background Thread 3 ] DEBUG Engine               - isAndroid: false
20:31:33.984 [FXGL Background Thread 3 ] DEBUG Engine               - isBrowser: false
20:31:33.984 [FXGL Background Thread 3 ] DEBUG Engine               - isClickFeedbackEnabled: false
20:31:33.984 [FXGL Background Thread 3 ] DEBUG Engine               - isCloseConfirmation: false
20:31:33.984 [FXGL Background Thread 3 ] DEBUG Engine               - isDesktop: true
20:31:33.984 [FXGL Background Thread 3 ] DEBUG Engine               - isDeveloperMenuEnabled: false
20:31:33.984 [FXGL Background Thread 3 ] DEBUG Engine               - isEmbedded: false
20:31:33.984 [FXGL Background Thread 3 ] DEBUG Engine               - isEntityPreloadEnabled: true
20:31:33.984 [FXGL Background Thread 3 ] DEBUG Engine               - isExperimentalTiledLargeMap: false
20:31:33.984 [FXGL Background Thread 3 ] DEBUG Engine               - isFileSystemWriteAllowed: true
20:31:33.984 [FXGL Background Thread 3 ] DEBUG Engine               - isFullScreenAllowed: false
20:31:33.984 [FXGL Background Thread 3 ] DEBUG Engine               - isFullScreenFromStart: false
20:31:33.984 [FXGL Background Thread 3 ] DEBUG Engine               - isGameMenuEnabled: true
20:31:33.985 [FXGL Background Thread 3 ] DEBUG Engine               - isIOS: false
20:31:33.985 [FXGL Background Thread 3 ] DEBUG Engine               - isIntroEnabled: false
20:31:33.985 [FXGL Background Thread 3 ] DEBUG Engine               - isLinux: false
20:31:33.985 [FXGL Background Thread 3 ] DEBUG Engine               - isMac: false
20:31:33.985 [FXGL Background Thread 3 ] DEBUG Engine               - isMainMenuEnabled: true
20:31:33.985 [FXGL Background Thread 3 ] DEBUG Engine               - isManualResizeEnabled: false
20:31:33.985 [FXGL Background Thread 3 ] DEBUG Engine               - isMobile: false
20:31:33.985 [FXGL Background Thread 3 ] DEBUG Engine               - isNative: false
20:31:33.985 [FXGL Background Thread 3 ] DEBUG Engine               - isPauseMusicWhenMinimized: true
20:31:33.985 [FXGL Background Thread 3 ] DEBUG Engine               - isPreserveResizeRatio: false
20:31:33.985 [FXGL Background Thread 3 ] DEBUG Engine               - isProfilingEnabled: false
20:31:33.985 [FXGL Background Thread 3 ] DEBUG Engine               - isScaleAffectedOnResize: true
20:31:33.985 [FXGL Background Thread 3 ] DEBUG Engine               - isSingleStep: false
20:31:33.985 [FXGL Background Thread 3 ] DEBUG Engine               - isUserProfileEnabled: false
20:31:33.985 [FXGL Background Thread 3 ] DEBUG Engine               - isWindows: true
20:31:33.985 [FXGL Background Thread 3 ] DEBUG Engine               - language: ObjectProperty [value: ENGLISH]
20:31:33.985 [FXGL Background Thread 3 ] DEBUG Engine               - menuKey: ESCAPE
20:31:33.986 [FXGL Background Thread 3 ] DEBUG Engine               - mouseSensitivity: 0.2
20:31:33.986 [FXGL Background Thread 3 ] DEBUG Engine               - notificationViewClass: class com.almasb.fxgl.notification.view.XboxNotificationView
20:31:33.986 [FXGL Background Thread 3 ] DEBUG Engine               - pixelsPerMeter: 50.0
20:31:33.986 [FXGL Background Thread 3 ] DEBUG Engine               - platform: WINDOWS
20:31:33.986 [FXGL Background Thread 3 ] DEBUG Engine               - prefHeightProperty: ReadOnlyDoubleProperty [value: 1152.0]
20:31:33.986 [FXGL Background Thread 3 ] DEBUG Engine               - prefWidthProperty: ReadOnlyDoubleProperty [value: 2048.0]
20:31:33.986 [FXGL Background Thread 3 ] DEBUG Engine               - profileDir: profiles/
20:31:33.986 [FXGL Background Thread 3 ] DEBUG Engine               - profileName: StringProperty [value: DEFAULT]
20:31:33.986 [FXGL Background Thread 3 ] DEBUG Engine               - randomSeed: -1
20:31:33.986 [FXGL Background Thread 3 ] DEBUG Engine               - runtimeInfo: RuntimeInfo(platform=WINDOWS, version=17.1, build=24.03.2022 17.34)
20:31:33.986 [FXGL Background Thread 3 ] DEBUG Engine               - saveFileExt: sav
20:31:33.986 [FXGL Background Thread 3 ] DEBUG Engine               - scaledHeightProp$fxgl: DoubleProperty [bound, value: 960.0]
20:31:33.986 [FXGL Background Thread 3 ] DEBUG Engine               - scaledWidthProp$fxgl: DoubleProperty [bound, value: 1682.0]
20:31:33.986 [FXGL Background Thread 3 ] DEBUG Engine               - sceneFactory: com.almasb.fxgl.app.scene.SceneFactory@36673fe
20:31:33.986 [FXGL Background Thread 3 ] DEBUG Engine               - secondsIn24h: 60
20:31:33.986 [FXGL Background Thread 3 ] DEBUG Engine               - soundMenuBack: menu/back.wav
20:31:33.986 [FXGL Background Thread 3 ] DEBUG Engine               - soundMenuPress: menu/press.wav
20:31:33.986 [FXGL Background Thread 3 ] DEBUG Engine               - soundMenuSelect: menu/select.wav
20:31:33.986 [FXGL Background Thread 3 ] DEBUG Engine               - soundNotification: core/notification.wav
20:31:33.986 [FXGL Background Thread 3 ] DEBUG Engine               - stageStyle: DECORATED
20:31:33.986 [FXGL Background Thread 3 ] DEBUG Engine               - supportedLanguages: [ENGLISH, FRENCH, GERMAN, HUNGARIAN, RUSSIAN]
20:31:33.987 [FXGL Background Thread 3 ] DEBUG Engine               - ticksPerSecond: -1
20:31:33.987 [FXGL Background Thread 3 ] DEBUG Engine               - title: All star battle
20:31:33.987 [FXGL Background Thread 3 ] DEBUG Engine               - urlGithub: https://github.com/AlmasB/FXGL
20:31:33.987 [FXGL Background Thread 3 ] DEBUG Engine               - urlLeaderboard: http://fxgl-top.herokuapp.com/
20:31:33.988 [FXGL Background Thread 3 ] DEBUG Engine               - urlPOM: https://raw.githubusercontent.com/AlmasB/FXGL/release/README.md
20:31:33.988 [FXGL Background Thread 3 ] DEBUG Engine               - userAppClass: class com.kenny.tank.TankApp
20:31:33.988 [FXGL Background Thread 3 ] DEBUG Engine               - version: 0.1
20:31:33.988 [FXGL Background Thread 3 ] DEBUG Engine               - versionCheckDays: 7
20:31:33.988 [FXGL Background Thread 3 ] DEBUG Engine               - width: 2048
20:31:33.988 [FXGL Background Thread 3 ] DEBUG Engine               - Logging services
20:31:33.988 [FXGL Background Thread 3 ] DEBUG Engine               - class com.almasb.fxgl.app.services.FXGLAssetLoaderService
20:31:33.988 [FXGL Background Thread 3 ] DEBUG Engine               - class com.almasb.fxgl.app.FXGLApplication$GameApplicationService
20:31:33.988 [FXGL Background Thread 3 ] DEBUG Engine               - class com.almasb.fxgl.app.services.FXGLDialogService
20:31:33.988 [FXGL Background Thread 3 ] DEBUG Engine               - class com.almasb.fxgl.app.services.IOTaskExecutorService
20:31:33.988 [FXGL Background Thread 3 ] DEBUG Engine               - class com.almasb.fxgl.io.FileSystemService
20:31:33.988 [FXGL Background Thread 3 ] DEBUG Engine               - class com.almasb.fxgl.localization.LocalizationService
20:31:33.988 [FXGL Background Thread 3 ] DEBUG Engine               - class com.almasb.fxgl.app.services.SystemBundleService
20:31:33.988 [FXGL Background Thread 3 ] DEBUG Engine               - class com.almasb.fxgl.profile.SaveLoadService
20:31:33.988 [FXGL Background Thread 3 ] DEBUG Engine               - class com.almasb.fxgl.ui.FXGLUIFactoryServiceProvider
20:31:33.988 [FXGL Background Thread 3 ] DEBUG Engine               - class com.almasb.fxgl.ui.FXGLDialogFactoryServiceProvider
20:31:33.988 [FXGL Background Thread 3 ] DEBUG Engine               - class com.almasb.fxgl.audio.AudioPlayer
20:31:33.988 [FXGL Background Thread 3 ] DEBUG Engine               - class com.almasb.fxgl.notification.impl.NotificationServiceProvider
20:31:33.988 [FXGL Background Thread 3 ] DEBUG Engine               - class com.almasb.fxgl.achievement.AchievementService
20:31:33.988 [FXGL Background Thread 3 ] DEBUG Engine               - class com.almasb.fxgl.cutscene.CutsceneService
20:31:33.988 [FXGL Background Thread 3 ] DEBUG Engine               - class com.almasb.fxgl.minigames.MiniGameService
20:31:33.988 [FXGL Background Thread 3 ] DEBUG Engine               - class com.almasb.fxgl.net.NetService
20:31:33.989 [FXGL Background Thread 3 ] DEBUG Engine               - class com.almasb.fxgl.app.services.UpdaterService
20:31:33.989 [FXGL Background Thread 3 ] DEBUG Engine               - class com.almasb.fxgl.dev.DevService
20:31:34.089 [JavaFX Application Thread] DEBUG Menu                 - fireExitToMainMenu()
20:31:34.091 [JavaFX Application Thread] DEBUG PrimaryStageWindow   - Push state: DialogSubScene
20:31:34.091 [JavaFX Application Thread] DEBUG Input                - Clearing active input actions
20:31:34.091 [JavaFX Application Thread] DEBUG GameApplicationServi - Removing overlay from FXGLDefaultMenu and adding to DialogSubScene
20:31:34.091 [JavaFX Application Thread] DEBUG PrimaryStageWindow   - FXGLDefaultMenu -> DialogSubScene
20:31:35.180 [JavaFX Application Thread] DEBUG PrimaryStageWindow   - Pop state: DialogSubScene
20:31:35.180 [JavaFX Application Thread] DEBUG Input                - Clearing active input actions
20:31:35.182 [JavaFX Application Thread] DEBUG GameApplicationServi - Removing overlay from DialogSubScene and adding to FXGLDefaultMenu
20:31:35.182 [JavaFX Application Thread] DEBUG PrimaryStageWindow   - FXGLDefaultMenu <- DialogSubScene
20:31:35.182 [JavaFX Application Thread] DEBUG PrimaryStageWindow   - Pop state: FXGLDefaultMenu
20:31:35.182 [JavaFX Application Thread] DEBUG Input                - Clearing active input actions
20:31:35.184 [JavaFX Application Thread] DEBUG GameApplicationServi - Removing overlay from FXGLDefaultMenu and adding to GameScene
20:31:35.184 [JavaFX Application Thread] DEBUG PrimaryStageWindow   - GameScene <- FXGLDefaultMenu
20:31:35.184 [JavaFX Application Thread] DEBUG Input                - Clearing active input actions
20:31:35.190 [JavaFX Application Thread] DEBUG GameApplicationServi - Removing overlay from GameScene and adding to FXGLMainMenuDummyScene
20:31:35.191 [JavaFX Application Thread] DEBUG PrimaryStageWindow   - GameScene -> FXGLMainMenuDummyScene
20:31:35.191 [JavaFX Application Thread] DEBUG PrimaryStageWindow   - Push state: FXGLDefaultMenu
20:31:35.191 [JavaFX Application Thread] DEBUG Input                - Clearing active input actions
20:31:35.192 [JavaFX Application Thread] DEBUG GameApplicationServi - Removing overlay from FXGLMainMenuDummyScene and adding to FXGLDefaultMenu
20:31:35.192 [JavaFX Application Thread] DEBUG PrimaryStageWindow   - FXGLMainMenuDummyScene -> FXGLDefaultMenu
20:31:36.405 [JavaFX Application Thread] DEBUG Menu                 - fireExit()
20:31:36.406 [JavaFX Application Thread] DEBUG PrimaryStageWindow   - Push state: DialogSubScene
20:31:36.406 [JavaFX Application Thread] DEBUG Input                - Clearing active input actions
20:31:36.407 [JavaFX Application Thread] DEBUG GameApplicationServi - Removing overlay from FXGLDefaultMenu and adding to DialogSubScene
20:31:36.407 [JavaFX Application Thread] DEBUG PrimaryStageWindow   - FXGLDefaultMenu -> DialogSubScene
20:31:37.387 [JavaFX Application Thread] DEBUG PrimaryStageWindow   - Pop state: DialogSubScene
20:31:37.387 [JavaFX Application Thread] DEBUG Input                - Clearing active input actions
20:31:37.388 [JavaFX Application Thread] DEBUG GameApplicationServi - Removing overlay from DialogSubScene and adding to FXGLDefaultMenu
20:31:37.388 [JavaFX Application Thread] DEBUG PrimaryStageWindow   - FXGLDefaultMenu <- DialogSubScene
20:31:37.388 [JavaFX Application Thread] DEBUG FXGLApplication      - Exiting FXGL
20:31:37.389 [JavaFX Application Thread] DEBUG LoopRunner           - Stopping loop
20:31:37.389 [JavaFX Application Thread] DEBUG SystemBundleService  - Saving FXGL system data
20:31:37.392 [JavaFX Application Thread] DEBUG FileSystemAccess     - Writing to: E:\java project\tank\system\fxgl.bundle
20:31:37.395 [JavaFX Application Thread] DEBUG Async                - Shutting down background threads
20:31:37.395 [JavaFX Application Thread] DEBUG PrimaryStageWindow   - Closing main window
20:31:37.415 [JavaFX Application Thread] DEBUG Logger               - Closing Logger
