21:58:40.193 [main                     ] DEBUG Logger               - Configured Logger
21:58:40.210 [main                     ] DEBUG GameApplication      - Logging settings
Title: All star battle
Version: 0.1
Width: 2048
Height: 1152
Fullscreen: false
Intro: false
Profiling: false
Single step:false
App Mode: DEVELOPER
Menu Key: ESCAPE
Stage Style: DECORATED
Scene Factory: class com.almasb.fxgl.app.scene.SceneFactory

21:58:40.440 [JavaFX Application Thread] DEBUG FXGLApplication      - Initializing FXGL
21:58:40.444 [JavaFX Application Thread] INFO  Engine               - FXGL-17.1 (24.03.2022 17.34) on WINDOWS (J:17.0.6 FX:18)
21:58:40.444 [JavaFX Application Thread] DEBUG Engine               - JRE Vendor Name: Amazon.com Inc.
21:58:40.444 [JavaFX Application Thread] DEBUG Engine               - Running on OS: Windows 11 version 10.0
21:58:40.444 [JavaFX Application Thread] DEBUG Engine               - Architecture: amd64
21:58:40.444 [JavaFX Application Thread] INFO  Engine               - Source code and latest versions at: https://github.com/AlmasB/FXGL
21:58:40.445 [JavaFX Application Thread] INFO  Engine               -       Ask questions and discuss at: https://github.com/AlmasB/FXGL/discussions
21:58:40.445 [JavaFX Application Thread] INFO  Engine               -              Join the FXGL chat at: https://gitter.im/AlmasB/FXGL
21:58:40.492 [JavaFX Application Thread] DEBUG PrimaryStageWindow   - Creating a JavaFX scene
21:58:40.492 [JavaFX Application Thread] DEBUG PrimaryStageWindow   - Target size > screen size
21:58:40.515 [JavaFX Application Thread] DEBUG PrimaryStageWindow   - Target settings size: 2048.0 x 1152.0
21:58:40.515 [JavaFX Application Thread] DEBUG PrimaryStageWindow   - Scaled scene size:    1682.0 x 960.0
21:58:40.516 [JavaFX Application Thread] DEBUG PrimaryStageWindow   - Scaled ratio: (0.8212890625, 0.8333333333333334)
21:58:40.516 [JavaFX Application Thread] DEBUG PrimaryStageWindow   - Set initial scene to FXGLStartupScene
21:58:40.520 [JavaFX Application Thread] DEBUG PrimaryStageWindow   - Opening main window
21:58:40.608 [JavaFX Application Thread] DEBUG PrimaryStageWindow   - Window border size: (14.6666259765625, 37.33331298828125)
21:58:40.608 [JavaFX Application Thread] DEBUG PrimaryStageWindow   - Scaled size: 1682.0 x 960.0
21:58:40.608 [JavaFX Application Thread] DEBUG PrimaryStageWindow   - Scaled ratio: (0.8212890625, 0.8333333333333334)
21:58:40.608 [JavaFX Application Thread] DEBUG PrimaryStageWindow   - Scene size: 1682.0 x 960.0
21:58:40.608 [JavaFX Application Thread] DEBUG PrimaryStageWindow   - Stage size: 1696.6666259765625 x 997.3333129882812
21:58:40.613 [FXGL Background Thread 1 ] DEBUG Engine               - Initializing environment variables
21:58:40.635 [FXGL Background Thread 1 ] DEBUG FXGLAssetLoaderServi - User app class for loading assets: class com.kenny.tank.TankApp
21:58:40.635 [FXGL Background Thread 1 ] DEBUG GameApplicationServi - Applying CSS: fxgl_dark.css
21:58:40.636 [FXGL Background Thread 1 ] DEBUG FXGLAssetLoaderServi - Loading from file system: jar:file:///C:/Users/10273/.m2/repository/com/github/almasb/fxgl/17.1/fxgl-17.1.jar!/fxglassets/ui/css/fxgl_dark.css
21:58:40.672 [FXGL Background Thread 1 ] DEBUG GameApplicationServi - Initializing application scenes
21:58:40.719 [FXGL Background Thread 1 ] DEBUG GameWorld            - Game world initialized
21:58:40.752 [FXGL Background Thread 1 ] DEBUG PhysicsWorld         - Physics world initialized: appHeight=1152, physics.ppm=50.0
21:58:40.752 [FXGL Background Thread 1 ] DEBUG PhysicsWorld         - Using strategy: BRUTE_FORCE
21:58:40.756 [FXGL Background Thread 1 ] DEBUG GameScene            - Game scene initialized: 2048x1152
21:58:40.763 [FXGL Background Thread 1 ] DEBUG FXGL.DefaultMenu     - createMenuBodyMainMenu()
21:58:40.771 [FXGL Background Thread 1 ] DEBUG FXGL.DefaultMenu     - createOptionsMenu()
21:58:40.779 [FXGL Background Thread 1 ] DEBUG FXGLAssetLoaderServi - Loading from file system: jar:file:///C:/Users/10273/.m2/repository/com/github/almasb/fxgl/17.1/fxgl-17.1.jar!/fxglassets/textures/particles/smoke.png
21:58:40.835 [FXGL Background Thread 1 ] DEBUG FXGLAssetLoaderServi - Loading from file system: jar:file:///C:/Users/10273/.m2/repository/com/github/almasb/fxgl/17.1/fxgl-17.1.jar!/fxglassets/textures/particles/trace_horizontal.png
21:58:40.855 [FXGL Background Thread 1 ] DEBUG FXGL.DefaultMenu     - createMenuBodyGameMenu()
21:58:40.857 [FXGL Background Thread 1 ] DEBUG FXGL.DefaultMenu     - createOptionsMenu()
21:58:40.868 [FXGL Background Thread 1 ] DEBUG GameApplicationServi - Application scenes initialized
21:58:40.876 [FXGL Background Thread 1 ] DEBUG SystemBundleService  - Loading FXGL system data
21:58:40.878 [FXGL Background Thread 1 ] DEBUG FileSystemAccess     - Reading from: E:\java project\tank\system\fxgl.bundle
21:58:40.883 [FXGL Background Thread 1 ] DEBUG SystemBundleService  - Bundle FXGL: {}
21:58:40.883 [FXGL Background Thread 1 ] DEBUG UpdaterService       - Checking for updates
21:58:40.887 [FXGL Background Thread 4 ] DEBUG FXGLApplication      - Loading fonts
21:58:40.887 [FXGL Background Thread 4 ] DEBUG FXGLAssetLoaderServi - Loading from file system: jar:file:///C:/Users/10273/.m2/repository/com/github/almasb/fxgl/17.1/fxgl-17.1.jar!/fxglassets/ui/fonts/VarelaRound-Regular.ttf
21:58:40.887 [FXGL Background Thread 1 ] DEBUG FXGLApplication      - Loading default localization
21:58:40.888 [FXGL Background Thread 1 ] DEBUG FXGLAssetLoaderServi - Loading from file system: jar:file:///C:/Users/10273/.m2/repository/com/github/almasb/fxgl/17.1/fxgl-17.1.jar!/fxglassets/languages/english.lang
21:58:40.910 [FXGL Background Thread 1 ] INFO  FXGLApplication      - FXGL initialization took: 0.296 sec
21:58:40.919 [JavaFX Application Thread] DEBUG Input                - Registered new binding: action0 - Up
21:58:40.921 [JavaFX Application Thread] DEBUG Input                - Registered new binding: action1 - Down
21:58:40.922 [JavaFX Application Thread] DEBUG Input                - Registered new binding: action2 - Left
21:58:40.923 [JavaFX Application Thread] DEBUG Input                - Registered new binding: action3 - Right
21:58:40.924 [JavaFX Application Thread] DEBUG Input                - Registered new binding: action4 - Space
21:58:40.924 [JavaFX Application Thread] DEBUG FXGLAssetLoaderServi - Loading from file system: file:/E:/java%20project/tank/target/classes/assets/textures/joker.jpg
21:58:40.942 [FXGL Background Thread 4 ] DEBUG FXGLAssetLoaderServi - Loading from file system: jar:file:///C:/Users/10273/.m2/repository/com/github/almasb/fxgl/17.1/fxgl-17.1.jar!/fxglassets/ui/fonts/Abel-Regular.ttf
21:58:40.942 [JavaFX Application Thread] DEBUG FXGLAssetLoaderServi - Loading from file system: jar:file:///C:/Users/10273/.m2/repository/com/github/almasb/fxgl/17.1/fxgl-17.1.jar!/fxglassets/textures/fxgl_default_cursor.png
21:58:40.944 [JavaFX Application Thread] DEBUG Input                - Registered new binding: Screenshot - CTRL+8
21:58:40.944 [FXGL Background Thread 4 ] DEBUG FXGLAssetLoaderServi - Loading from file system: jar:file:///C:/Users/10273/.m2/repository/com/github/almasb/fxgl/17.1/fxgl-17.1.jar!/fxglassets/ui/fonts/TerminalLandMono-Regular.otf
21:58:40.944 [JavaFX Application Thread] DEBUG Input                - Registered new binding: System info dump - CTRL+9
21:58:40.944 [JavaFX Application Thread] DEBUG Input                - Registered new binding: Restart - CTRL+R
21:58:40.945 [JavaFX Application Thread] DEBUG Input                - Registered new binding: Toggle Debug Camera - CTRL+7
21:58:40.945 [FXGL Background Thread 4 ] DEBUG FXGLAssetLoaderServi - Loading from file system: jar:file:///C:/Users/10273/.m2/repository/com/github/almasb/fxgl/17.1/fxgl-17.1.jar!/fxglassets/ui/fonts/Courier-Prime.ttf
21:58:40.947 [JavaFX Application Thread] DEBUG LoopRunner           - Starting loop
21:58:40.947 [JavaFX Application Thread] DEBUG LoopRunner           - Initializing JavaFX AnimationTimerLoop
21:58:40.950 [JavaFX Application Thread] DEBUG Input                - Clearing active input actions
21:58:40.954 [JavaFX Application Thread] DEBUG GameApplicationServi - Removing overlay from FXGLStartupScene and adding to FXGLMainMenuDummyScene
21:58:40.955 [JavaFX Application Thread] DEBUG PrimaryStageWindow   - FXGLStartupScene -> FXGLMainMenuDummyScene
21:58:40.955 [JavaFX Application Thread] DEBUG PrimaryStageWindow   - Push state: FXGLDefaultMenu
21:58:40.963 [JavaFX Application Thread] DEBUG Input                - Clearing active input actions
21:58:40.968 [JavaFX Application Thread] DEBUG GameApplicationServi - Removing overlay from FXGLMainMenuDummyScene and adding to FXGLDefaultMenu
21:58:40.968 [JavaFX Application Thread] DEBUG PrimaryStageWindow   - FXGLMainMenuDummyScene -> FXGLDefaultMenu
21:58:40.974 [JavaFX Application Thread] DEBUG FXGLApplication      - Registering font factories with UI factory
21:58:41.363 [FXGL Background Thread 2 ] INFO  UpdaterService       - Your current version:  17.1
21:58:41.363 [FXGL Background Thread 2 ] INFO  UpdaterService       - Latest stable version: 17.2
21:58:41.948 [JavaFX Application Thread] DEBUG Menu                 - fireNewGame()
21:58:41.948 [JavaFX Application Thread] DEBUG GameApplicationServi - Starting new game
21:58:41.949 [JavaFX Application Thread] DEBUG PrimaryStageWindow   - Pop state: FXGLDefaultMenu
21:58:41.949 [JavaFX Application Thread] DEBUG Input                - Clearing active input actions
21:58:41.950 [JavaFX Application Thread] DEBUG GameApplicationServi - Removing overlay from FXGLDefaultMenu and adding to FXGLMainMenuDummyScene
21:58:41.950 [JavaFX Application Thread] DEBUG PrimaryStageWindow   - FXGLMainMenuDummyScene <- FXGLDefaultMenu
21:58:41.951 [JavaFX Application Thread] DEBUG Input                - Clearing active input actions
21:58:41.956 [JavaFX Application Thread] DEBUG GameApplicationServi - Removing overlay from FXGLMainMenuDummyScene and adding to FXGLLoadingScene
21:58:41.956 [JavaFX Application Thread] DEBUG PrimaryStageWindow   - FXGLMainMenuDummyScene -> FXGLLoadingScene
21:58:41.956 [JavaFX Application Thread] DEBUG GameApplicationServi - Clearing previous game
21:58:41.956 [JavaFX Application Thread] DEBUG GameScene            - Clearing game scene
21:58:41.956 [JavaFX Application Thread] DEBUG GameWorld            - Clearing game world
21:58:41.956 [JavaFX Application Thread] DEBUG PhysicsWorld         - Clearing physics world
21:58:41.958 [FXGL Background Thread 2 ] DEBUG FXGLApplication      - Initializing game
21:58:41.984 [FXGL Background Thread 2 ] WARN  TMXLevelLoader       - TiledMap generated from 1.8.4. Supported version: 1.4.2. Some features may not be parsed fully.
21:58:41.999 [FXGL Background Thread 2 ] DEBUG TMXLevelLoader       - Parsed TiledMap: file:/E:/java%20project/tank/target/classes/assets/levels/test.tmx
21:58:41.999 [FXGL Background Thread 2 ] DEBUG TMXLevelLoader       - Creating tile layer entities
21:58:42.000 [FXGL Background Thread 2 ] DEBUG TMXLevelLoader       - Creating object layer entities
21:58:42.074 [FXGL Background Thread 2 ] DEBUG GameWorld            - Clearing removable entities
21:58:42.075 [FXGL Background Thread 2 ] DEBUG GameWorld            - Setting level: com.almasb.fxgl.entity.level.Level@d3ee922
21:58:42.085 [FXGL Background Thread 2 ] DEBUG FXGLAssetLoaderServi - Loading from file system: file:/E:/java%20project/tank/target/classes/assets/textures/element/Tank.png
21:58:42.088 [FXGL Background Thread 2 ] DEBUG FXGLAssetLoaderServi - Loading from file system: file:/E:/java%20project/tank/target/classes/assets/textures/Enemytank.png
21:58:42.090 [FXGL Background Thread 2 ] INFO  FXGLApplication      - Game initialization took: 0.132 sec
21:58:42.091 [JavaFX Application Thread] DEBUG Input                - Clearing active input actions
21:58:42.096 [JavaFX Application Thread] DEBUG GameApplicationServi - Removing overlay from FXGLLoadingScene and adding to GameScene
21:58:42.096 [JavaFX Application Thread] DEBUG PrimaryStageWindow   - FXGLLoadingScene -> GameScene
21:58:42.404 [JavaFX Application Thread] DEBUG FXGLAssetLoaderServi - Loading from file system: file:/E:/java%20project/tank/target/classes/assets/textures/element/Enemybullet.png
21:58:42.864 [JavaFX Application Thread] DEBUG FXGLAssetLoaderServi - Loading from file system: file:/E:/java%20project/tank/target/classes/assets/textures/SmallBoom.png
21:58:43.885 [FXGL Background Thread 3 ] DEBUG Engine               - Logging environment variables
21:58:43.885 [FXGL Background Thread 3 ] DEBUG Engine               - achievements: []
21:58:43.885 [FXGL Background Thread 3 ] DEBUG Engine               - actualHeight: 960.0
21:58:43.885 [FXGL Background Thread 3 ] DEBUG Engine               - actualHeightProperty: ReadOnlyDoubleProperty [value: 960.0]
21:58:43.885 [FXGL Background Thread 3 ] DEBUG Engine               - actualWidth: 1682.0
21:58:43.885 [FXGL Background Thread 3 ] DEBUG Engine               - actualWidthProperty: ReadOnlyDoubleProperty [value: 1682.0]
21:58:43.885 [FXGL Background Thread 3 ] DEBUG Engine               - appIcon: joker.jpg
21:58:43.886 [FXGL Background Thread 3 ] DEBUG Engine               - applicationMode: DEVELOPER
21:58:43.886 [FXGL Background Thread 3 ] DEBUG Engine               - cSSList: [fxgl_dark.css]
21:58:43.886 [FXGL Background Thread 3 ] DEBUG Engine               - collisionDetectionStrategy: BRUTE_FORCE
21:58:43.886 [FXGL Background Thread 3 ] DEBUG Engine               - configClass: Optional.empty
21:58:43.886 [FXGL Background Thread 3 ] DEBUG Engine               - credits: []
21:58:43.886 [FXGL Background Thread 3 ] DEBUG Engine               - defaultCursor: CursorInfo(imageName=fxgl_default_cursor.png, hotspotX=7.0, hotspotY=6.0)
21:58:43.886 [FXGL Background Thread 3 ] DEBUG Engine               - devBBoxColorProperty: ObjectProperty [value: 0xff0000ff]
21:58:43.886 [FXGL Background Thread 3 ] DEBUG Engine               - devEnableDebugCameraProperty: BooleanProperty [value: false]
21:58:43.886 [FXGL Background Thread 3 ] DEBUG Engine               - devSensorColorProperty: ObjectProperty [value: 0xffff00ff]
21:58:43.886 [FXGL Background Thread 3 ] DEBUG Engine               - devShowBBoxProperty: BooleanProperty [value: false]
21:58:43.887 [FXGL Background Thread 3 ] DEBUG Engine               - devShowPositionProperty: BooleanProperty [value: false]
21:58:43.887 [FXGL Background Thread 3 ] DEBUG Engine               - enabledMenuItems: []
21:58:43.887 [FXGL Background Thread 3 ] DEBUG Engine               - engineServices: [class com.almasb.fxgl.app.services.FXGLAssetLoaderService, class com.almasb.fxgl.app.FXGLApplication$GameApplicationService, class com.almasb.fxgl.app.services.FXGLDialogService, class com.almasb.fxgl.app.services.IOTaskExecutorService, class com.almasb.fxgl.io.FileSystemService, class com.almasb.fxgl.localization.LocalizationService, class com.almasb.fxgl.app.services.SystemBundleService, class com.almasb.fxgl.profile.SaveLoadService, class com.almasb.fxgl.ui.FXGLUIFactoryServiceProvider, class com.almasb.fxgl.ui.FXGLDialogFactoryServiceProvider, class com.almasb.fxgl.audio.AudioPlayer, class com.almasb.fxgl.notification.impl.NotificationServiceProvider, class com.almasb.fxgl.achievement.AchievementService, class com.almasb.fxgl.cutscene.CutsceneService, class com.almasb.fxgl.minigames.MiniGameService, class com.almasb.fxgl.net.NetService, class com.almasb.fxgl.app.services.UpdaterService, class com.almasb.fxgl.dev.DevService]
21:58:43.887 [FXGL Background Thread 3 ] DEBUG Engine               - fontGame: Abel-Regular.ttf
21:58:43.887 [FXGL Background Thread 3 ] DEBUG Engine               - fontMono: TerminalLandMono-Regular.otf
21:58:43.887 [FXGL Background Thread 3 ] DEBUG Engine               - fontText: Courier-Prime.ttf
21:58:43.887 [FXGL Background Thread 3 ] DEBUG Engine               - fontUI: VarelaRound-Regular.ttf
21:58:43.887 [FXGL Background Thread 3 ] DEBUG Engine               - fullScreen: BooleanProperty [value: false]
21:58:43.887 [FXGL Background Thread 3 ] DEBUG Engine               - gameDifficulty: MEDIUM
21:58:43.887 [FXGL Background Thread 3 ] DEBUG Engine               - gameDifficultyProperty: ObjectProperty [value: MEDIUM]
21:58:43.887 [FXGL Background Thread 3 ] DEBUG Engine               - globalMusicVolume: 0.5
21:58:43.887 [FXGL Background Thread 3 ] DEBUG Engine               - globalMusicVolumeProperty: DoubleProperty [value: 0.5]
21:58:43.887 [FXGL Background Thread 3 ] DEBUG Engine               - globalSoundVolume: 0.5
21:58:43.887 [FXGL Background Thread 3 ] DEBUG Engine               - globalSoundVolumeProperty: DoubleProperty [value: 0.8]
21:58:43.887 [FXGL Background Thread 3 ] DEBUG Engine               - height: 1152
21:58:43.887 [FXGL Background Thread 3 ] DEBUG Engine               - is3D: false
21:58:43.887 [FXGL Background Thread 3 ] DEBUG Engine               - isAndroid: false
21:58:43.887 [FXGL Background Thread 3 ] DEBUG Engine               - isBrowser: false
21:58:43.887 [FXGL Background Thread 3 ] DEBUG Engine               - isClickFeedbackEnabled: false
21:58:43.887 [FXGL Background Thread 3 ] DEBUG Engine               - isCloseConfirmation: false
21:58:43.887 [FXGL Background Thread 3 ] DEBUG Engine               - isDesktop: true
21:58:43.887 [FXGL Background Thread 3 ] DEBUG Engine               - isDeveloperMenuEnabled: false
21:58:43.888 [FXGL Background Thread 3 ] DEBUG Engine               - isEmbedded: false
21:58:43.888 [FXGL Background Thread 3 ] DEBUG Engine               - isEntityPreloadEnabled: true
21:58:43.888 [FXGL Background Thread 3 ] DEBUG Engine               - isExperimentalTiledLargeMap: false
21:58:43.888 [FXGL Background Thread 3 ] DEBUG Engine               - isFileSystemWriteAllowed: true
21:58:43.888 [FXGL Background Thread 3 ] DEBUG Engine               - isFullScreenAllowed: false
21:58:43.888 [FXGL Background Thread 3 ] DEBUG Engine               - isFullScreenFromStart: false
21:58:43.888 [FXGL Background Thread 3 ] DEBUG Engine               - isGameMenuEnabled: true
21:58:43.888 [FXGL Background Thread 3 ] DEBUG Engine               - isIOS: false
21:58:43.888 [FXGL Background Thread 3 ] DEBUG Engine               - isIntroEnabled: false
21:58:43.888 [FXGL Background Thread 3 ] DEBUG Engine               - isLinux: false
21:58:43.888 [FXGL Background Thread 3 ] DEBUG Engine               - isMac: false
21:58:43.888 [FXGL Background Thread 3 ] DEBUG Engine               - isMainMenuEnabled: true
21:58:43.888 [FXGL Background Thread 3 ] DEBUG Engine               - isManualResizeEnabled: false
21:58:43.888 [FXGL Background Thread 3 ] DEBUG Engine               - isMobile: false
21:58:43.888 [FXGL Background Thread 3 ] DEBUG Engine               - isNative: false
21:58:43.888 [FXGL Background Thread 3 ] DEBUG Engine               - isPauseMusicWhenMinimized: true
21:58:43.888 [FXGL Background Thread 3 ] DEBUG Engine               - isPreserveResizeRatio: false
21:58:43.888 [FXGL Background Thread 3 ] DEBUG Engine               - isProfilingEnabled: false
21:58:43.888 [FXGL Background Thread 3 ] DEBUG Engine               - isScaleAffectedOnResize: true
21:58:43.888 [FXGL Background Thread 3 ] DEBUG Engine               - isSingleStep: false
21:58:43.888 [FXGL Background Thread 3 ] DEBUG Engine               - isUserProfileEnabled: false
21:58:43.888 [FXGL Background Thread 3 ] DEBUG Engine               - isWindows: true
21:58:43.888 [FXGL Background Thread 3 ] DEBUG Engine               - language: ObjectProperty [value: ENGLISH]
21:58:43.888 [FXGL Background Thread 3 ] DEBUG Engine               - menuKey: ESCAPE
21:58:43.888 [FXGL Background Thread 3 ] DEBUG Engine               - mouseSensitivity: 0.2
21:58:43.888 [FXGL Background Thread 3 ] DEBUG Engine               - notificationViewClass: class com.almasb.fxgl.notification.view.XboxNotificationView
21:58:43.888 [FXGL Background Thread 3 ] DEBUG Engine               - pixelsPerMeter: 50.0
21:58:43.888 [FXGL Background Thread 3 ] DEBUG Engine               - platform: WINDOWS
21:58:43.888 [FXGL Background Thread 3 ] DEBUG Engine               - prefHeightProperty: ReadOnlyDoubleProperty [value: 1152.0]
21:58:43.888 [FXGL Background Thread 3 ] DEBUG Engine               - prefWidthProperty: ReadOnlyDoubleProperty [value: 2048.0]
21:58:43.889 [FXGL Background Thread 3 ] DEBUG Engine               - profileDir: profiles/
21:58:43.889 [FXGL Background Thread 3 ] DEBUG Engine               - profileName: StringProperty [value: DEFAULT]
21:58:43.889 [FXGL Background Thread 3 ] DEBUG Engine               - randomSeed: -1
21:58:43.889 [FXGL Background Thread 3 ] DEBUG Engine               - runtimeInfo: RuntimeInfo(platform=WINDOWS, version=17.1, build=24.03.2022 17.34)
21:58:43.889 [FXGL Background Thread 3 ] DEBUG Engine               - saveFileExt: sav
21:58:43.889 [FXGL Background Thread 3 ] DEBUG Engine               - scaledHeightProp$fxgl: DoubleProperty [bound, value: 960.0]
21:58:43.889 [FXGL Background Thread 3 ] DEBUG Engine               - scaledWidthProp$fxgl: DoubleProperty [bound, value: 1682.0]
21:58:43.889 [FXGL Background Thread 3 ] DEBUG Engine               - sceneFactory: com.almasb.fxgl.app.scene.SceneFactory@2a2d59d0
21:58:43.889 [FXGL Background Thread 3 ] DEBUG Engine               - secondsIn24h: 60
21:58:43.889 [FXGL Background Thread 3 ] DEBUG Engine               - soundMenuBack: menu/back.wav
21:58:43.889 [FXGL Background Thread 3 ] DEBUG Engine               - soundMenuPress: menu/press.wav
21:58:43.889 [FXGL Background Thread 3 ] DEBUG Engine               - soundMenuSelect: menu/select.wav
21:58:43.889 [FXGL Background Thread 3 ] DEBUG Engine               - soundNotification: core/notification.wav
21:58:43.889 [FXGL Background Thread 3 ] DEBUG Engine               - stageStyle: DECORATED
21:58:43.889 [FXGL Background Thread 3 ] DEBUG Engine               - supportedLanguages: [ENGLISH, FRENCH, GERMAN, HUNGARIAN, RUSSIAN]
21:58:43.890 [FXGL Background Thread 3 ] DEBUG Engine               - ticksPerSecond: -1
21:58:43.890 [FXGL Background Thread 3 ] DEBUG Engine               - title: All star battle
21:58:43.890 [FXGL Background Thread 3 ] DEBUG Engine               - urlGithub: https://github.com/AlmasB/FXGL
21:58:43.890 [FXGL Background Thread 3 ] DEBUG Engine               - urlLeaderboard: http://fxgl-top.herokuapp.com/
21:58:43.890 [FXGL Background Thread 3 ] DEBUG Engine               - urlPOM: https://raw.githubusercontent.com/AlmasB/FXGL/release/README.md
21:58:43.890 [FXGL Background Thread 3 ] DEBUG Engine               - userAppClass: class com.kenny.tank.TankApp
21:58:43.890 [FXGL Background Thread 3 ] DEBUG Engine               - version: 0.1
21:58:43.890 [FXGL Background Thread 3 ] DEBUG Engine               - versionCheckDays: 7
21:58:43.890 [FXGL Background Thread 3 ] DEBUG Engine               - width: 2048
21:58:43.890 [FXGL Background Thread 3 ] DEBUG Engine               - Logging services
21:58:43.890 [FXGL Background Thread 3 ] DEBUG Engine               - class com.almasb.fxgl.app.services.FXGLAssetLoaderService
21:58:43.890 [FXGL Background Thread 3 ] DEBUG Engine               - class com.almasb.fxgl.app.FXGLApplication$GameApplicationService
21:58:43.890 [FXGL Background Thread 3 ] DEBUG Engine               - class com.almasb.fxgl.app.services.FXGLDialogService
21:58:43.890 [FXGL Background Thread 3 ] DEBUG Engine               - class com.almasb.fxgl.app.services.IOTaskExecutorService
21:58:43.890 [FXGL Background Thread 3 ] DEBUG Engine               - class com.almasb.fxgl.io.FileSystemService
21:58:43.890 [FXGL Background Thread 3 ] DEBUG Engine               - class com.almasb.fxgl.localization.LocalizationService
21:58:43.890 [FXGL Background Thread 3 ] DEBUG Engine               - class com.almasb.fxgl.app.services.SystemBundleService
21:58:43.890 [FXGL Background Thread 3 ] DEBUG Engine               - class com.almasb.fxgl.profile.SaveLoadService
21:58:43.890 [FXGL Background Thread 3 ] DEBUG Engine               - class com.almasb.fxgl.ui.FXGLUIFactoryServiceProvider
21:58:43.890 [FXGL Background Thread 3 ] DEBUG Engine               - class com.almasb.fxgl.ui.FXGLDialogFactoryServiceProvider
21:58:43.890 [FXGL Background Thread 3 ] DEBUG Engine               - class com.almasb.fxgl.audio.AudioPlayer
21:58:43.890 [FXGL Background Thread 3 ] DEBUG Engine               - class com.almasb.fxgl.notification.impl.NotificationServiceProvider
21:58:43.890 [FXGL Background Thread 3 ] DEBUG Engine               - class com.almasb.fxgl.achievement.AchievementService
21:58:43.890 [FXGL Background Thread 3 ] DEBUG Engine               - class com.almasb.fxgl.cutscene.CutsceneService
21:58:43.890 [FXGL Background Thread 3 ] DEBUG Engine               - class com.almasb.fxgl.minigames.MiniGameService
21:58:43.891 [FXGL Background Thread 3 ] DEBUG Engine               - class com.almasb.fxgl.net.NetService
21:58:43.891 [FXGL Background Thread 3 ] DEBUG Engine               - class com.almasb.fxgl.app.services.UpdaterService
21:58:43.891 [FXGL Background Thread 3 ] DEBUG Engine               - class com.almasb.fxgl.dev.DevService
21:58:48.777 [JavaFX Application Thread] DEBUG FXGLAssetLoaderServi - Loading from file system: file:/E:/java%20project/tank/target/classes/assets/sounds/boom.wav
21:58:48.823 [JavaFX Application Thread] DEBUG FXGLAssetLoaderServi - Loading from file system: file:/E:/java%20project/tank/target/classes/assets/textures/element/Bullet.png
21:58:49.996 [JavaFX Application Thread] DEBUG FXGLAssetLoaderServi - Loading from file system: file:/E:/java%20project/tank/target/classes/assets/textures/boom.png
21:59:10.722 [JavaFX Application Thread] DEBUG PrimaryStageWindow   - Push state: FXGLDefaultMenu
21:59:10.723 [JavaFX Application Thread] DEBUG Input                - Clearing active input actions
21:59:10.723 [JavaFX Application Thread] DEBUG GameApplicationServi - Removing overlay from GameScene and adding to FXGLDefaultMenu
21:59:10.723 [JavaFX Application Thread] DEBUG PrimaryStageWindow   - GameScene -> FXGLDefaultMenu
21:59:11.838 [JavaFX Application Thread] DEBUG Menu                 - fireExitToMainMenu()
21:59:11.840 [JavaFX Application Thread] DEBUG PrimaryStageWindow   - Push state: DialogSubScene
21:59:11.840 [JavaFX Application Thread] DEBUG Input                - Clearing active input actions
21:59:11.841 [JavaFX Application Thread] DEBUG GameApplicationServi - Removing overlay from FXGLDefaultMenu and adding to DialogSubScene
21:59:11.841 [JavaFX Application Thread] DEBUG PrimaryStageWindow   - FXGLDefaultMenu -> DialogSubScene
21:59:12.372 [JavaFX Application Thread] DEBUG PrimaryStageWindow   - Pop state: DialogSubScene
21:59:12.372 [JavaFX Application Thread] DEBUG Input                - Clearing active input actions
21:59:12.372 [JavaFX Application Thread] DEBUG GameApplicationServi - Removing overlay from DialogSubScene and adding to FXGLDefaultMenu
21:59:12.372 [JavaFX Application Thread] DEBUG PrimaryStageWindow   - FXGLDefaultMenu <- DialogSubScene
21:59:12.373 [JavaFX Application Thread] DEBUG PrimaryStageWindow   - Pop state: FXGLDefaultMenu
21:59:12.373 [JavaFX Application Thread] DEBUG Input                - Clearing active input actions
21:59:12.373 [JavaFX Application Thread] DEBUG GameApplicationServi - Removing overlay from FXGLDefaultMenu and adding to GameScene
21:59:12.373 [JavaFX Application Thread] DEBUG PrimaryStageWindow   - GameScene <- FXGLDefaultMenu
21:59:12.373 [JavaFX Application Thread] DEBUG Input                - Clearing active input actions
21:59:12.375 [JavaFX Application Thread] DEBUG GameApplicationServi - Removing overlay from GameScene and adding to FXGLMainMenuDummyScene
21:59:12.375 [JavaFX Application Thread] DEBUG PrimaryStageWindow   - GameScene -> FXGLMainMenuDummyScene
21:59:12.375 [JavaFX Application Thread] DEBUG PrimaryStageWindow   - Push state: FXGLDefaultMenu
21:59:12.375 [JavaFX Application Thread] DEBUG Input                - Clearing active input actions
21:59:12.375 [JavaFX Application Thread] DEBUG GameApplicationServi - Removing overlay from FXGLMainMenuDummyScene and adding to FXGLDefaultMenu
21:59:12.375 [JavaFX Application Thread] DEBUG PrimaryStageWindow   - FXGLMainMenuDummyScene -> FXGLDefaultMenu
21:59:13.033 [JavaFX Application Thread] DEBUG Menu                 - fireExit()
21:59:13.034 [JavaFX Application Thread] DEBUG PrimaryStageWindow   - Push state: DialogSubScene
21:59:13.034 [JavaFX Application Thread] DEBUG Input                - Clearing active input actions
21:59:13.034 [JavaFX Application Thread] DEBUG GameApplicationServi - Removing overlay from FXGLDefaultMenu and adding to DialogSubScene
21:59:13.034 [JavaFX Application Thread] DEBUG PrimaryStageWindow   - FXGLDefaultMenu -> DialogSubScene
21:59:13.927 [JavaFX Application Thread] DEBUG PrimaryStageWindow   - Pop state: DialogSubScene
21:59:13.927 [JavaFX Application Thread] DEBUG Input                - Clearing active input actions
21:59:13.928 [JavaFX Application Thread] DEBUG GameApplicationServi - Removing overlay from DialogSubScene and adding to FXGLDefaultMenu
21:59:13.928 [JavaFX Application Thread] DEBUG PrimaryStageWindow   - FXGLDefaultMenu <- DialogSubScene
21:59:13.928 [JavaFX Application Thread] DEBUG FXGLApplication      - Exiting FXGL
21:59:13.928 [JavaFX Application Thread] DEBUG LoopRunner           - Stopping loop
21:59:13.928 [JavaFX Application Thread] DEBUG SystemBundleService  - Saving FXGL system data
21:59:13.930 [JavaFX Application Thread] DEBUG FileSystemAccess     - Writing to: E:\java project\tank\system\fxgl.bundle
21:59:13.931 [JavaFX Application Thread] DEBUG Async                - Shutting down background threads
21:59:13.931 [JavaFX Application Thread] DEBUG PrimaryStageWindow   - Closing main window
21:59:13.947 [JavaFX Application Thread] DEBUG Logger               - Closing Logger
