20:35:21.120 [main                     ] DEBUG Logger               - Configured Logger
20:35:21.139 [main                     ] DEBUG GameApplication      - Logging settings
Title: All star battle
Version: 0.1
Width: 2048
Height: 1152
Fullscreen: false
Intro: false
Profiling: false
Single step:false
App Mode: DEVELOPER
Menu Key: ESCAPE
Stage Style: DECORATED
Scene Factory: class com.kenny.tank.TankApp$1

20:35:21.390 [JavaFX Application Thread] DEBUG FXGLApplication      - Initializing FXGL
20:35:21.394 [JavaFX Application Thread] INFO  Engine               - FXGL-17.1 (24.03.2022 17.34) on WINDOWS (J:17.0.6 FX:18)
20:35:21.394 [JavaFX Application Thread] DEBUG Engine               - JRE Vendor Name: Amazon.com Inc.
20:35:21.394 [JavaFX Application Thread] DEBUG Engine               - Running on OS: Windows 11 version 10.0
20:35:21.394 [JavaFX Application Thread] DEBUG Engine               - Architecture: amd64
20:35:21.395 [JavaFX Application Thread] INFO  Engine               - Source code and latest versions at: https://github.com/AlmasB/FXGL
20:35:21.395 [JavaFX Application Thread] INFO  Engine               -       Ask questions and discuss at: https://github.com/AlmasB/FXGL/discussions
20:35:21.395 [JavaFX Application Thread] INFO  Engine               -              Join the FXGL chat at: https://gitter.im/AlmasB/FXGL
20:35:21.437 [JavaFX Application Thread] DEBUG PrimaryStageWindow   - Creating a JavaFX scene
20:35:21.437 [JavaFX Application Thread] DEBUG PrimaryStageWindow   - Target size > screen size
20:35:21.462 [JavaFX Application Thread] DEBUG PrimaryStageWindow   - Target settings size: 2048.0 x 1152.0
20:35:21.462 [JavaFX Application Thread] DEBUG PrimaryStageWindow   - Scaled scene size:    1682.0 x 960.0
20:35:21.463 [JavaFX Application Thread] DEBUG PrimaryStageWindow   - Scaled ratio: (0.8212890625, 0.8333333333333334)
20:35:21.463 [JavaFX Application Thread] DEBUG PrimaryStageWindow   - Set initial scene to StartScene
20:35:21.467 [JavaFX Application Thread] DEBUG PrimaryStageWindow   - Opening main window
20:35:21.550 [JavaFX Application Thread] DEBUG PrimaryStageWindow   - Window border size: (14.6666259765625, 37.33331298828125)
20:35:21.551 [JavaFX Application Thread] DEBUG PrimaryStageWindow   - Scaled size: 1682.0 x 960.0
20:35:21.551 [JavaFX Application Thread] DEBUG PrimaryStageWindow   - Scaled ratio: (0.8212890625, 0.8333333333333334)
20:35:21.551 [JavaFX Application Thread] DEBUG PrimaryStageWindow   - Scene size: 1682.0 x 960.0
20:35:21.551 [JavaFX Application Thread] DEBUG PrimaryStageWindow   - Stage size: 1696.6666259765625 x 997.3333129882812
20:35:21.557 [FXGL Background Thread 1 ] DEBUG Engine               - Initializing environment variables
20:35:21.576 [FXGL Background Thread 1 ] DEBUG FXGLAssetLoaderServi - User app class for loading assets: class com.kenny.tank.TankApp
20:35:21.576 [FXGL Background Thread 1 ] DEBUG GameApplicationServi - Applying CSS: fxgl_dark.css
20:35:21.576 [FXGL Background Thread 1 ] DEBUG FXGLAssetLoaderServi - Loading from file system: jar:file:///C:/Users/10273/.m2/repository/com/github/almasb/fxgl/17.1/fxgl-17.1.jar!/fxglassets/ui/css/fxgl_dark.css
20:35:21.607 [FXGL Background Thread 1 ] DEBUG GameApplicationServi - Applying CSS: tank.css
20:35:21.608 [FXGL Background Thread 1 ] DEBUG FXGLAssetLoaderServi - Loading from file system: file:/E:/java%20project/tank/target/classes/assets/ui/css/tank.css
20:35:21.612 [FXGL Background Thread 1 ] DEBUG GameApplicationServi - Initializing application scenes
20:35:21.614 [FXGL Background Thread 1 ] DEBUG GameWorld            - Game world initialized
20:35:21.653 [FXGL Background Thread 1 ] DEBUG PhysicsWorld         - Physics world initialized: appHeight=1152, physics.ppm=50.0
20:35:21.653 [FXGL Background Thread 1 ] DEBUG PhysicsWorld         - Using strategy: BRUTE_FORCE
20:35:21.656 [FXGL Background Thread 1 ] DEBUG GameScene            - Game scene initialized: 2048x1152
20:35:21.660 [FXGL Background Thread 1 ] DEBUG FXGLAssetLoaderServi - Loading from file system: file:/E:/java%20project/tank/target/classes/assets/textures/MainMenu.png
20:35:21.745 [FXGL Background Thread 1 ] DEBUG FXGL.DefaultMenu     - createMenuBodyGameMenu()
20:35:21.753 [FXGL Background Thread 1 ] DEBUG FXGL.DefaultMenu     - createOptionsMenu()
20:35:21.758 [FXGL Background Thread 1 ] DEBUG FXGLAssetLoaderServi - Loading from file system: jar:file:///C:/Users/10273/.m2/repository/com/github/almasb/fxgl/17.1/fxgl-17.1.jar!/fxglassets/textures/particles/smoke.png
20:35:21.808 [FXGL Background Thread 1 ] DEBUG FXGLAssetLoaderServi - Loading from file system: jar:file:///C:/Users/10273/.m2/repository/com/github/almasb/fxgl/17.1/fxgl-17.1.jar!/fxglassets/textures/particles/trace_horizontal.png
20:35:21.822 [FXGL Background Thread 1 ] DEBUG GameApplicationServi - Application scenes initialized
20:35:21.830 [FXGL Background Thread 1 ] DEBUG SystemBundleService  - Loading FXGL system data
20:35:21.832 [FXGL Background Thread 1 ] DEBUG FileSystemAccess     - Reading from: E:\java project\tank\system\fxgl.bundle
20:35:21.838 [FXGL Background Thread 1 ] DEBUG SystemBundleService  - Bundle FXGL: {}
20:35:21.838 [FXGL Background Thread 1 ] DEBUG UpdaterService       - Checking for updates
20:35:21.840 [FXGL Background Thread 4 ] DEBUG FXGLApplication      - Loading fonts
20:35:21.840 [FXGL Background Thread 1 ] DEBUG FXGLApplication      - Loading default localization
20:35:21.840 [FXGL Background Thread 4 ] DEBUG FXGLAssetLoaderServi - Loading from file system: jar:file:///C:/Users/10273/.m2/repository/com/github/almasb/fxgl/17.1/fxgl-17.1.jar!/fxglassets/ui/fonts/VarelaRound-Regular.ttf
20:35:21.842 [FXGL Background Thread 1 ] DEBUG FXGLAssetLoaderServi - Loading from file system: jar:file:///C:/Users/10273/.m2/repository/com/github/almasb/fxgl/17.1/fxgl-17.1.jar!/fxglassets/languages/english.lang
20:35:21.860 [FXGL Background Thread 1 ] INFO  FXGLApplication      - FXGL initialization took: 0.302 sec
20:35:21.870 [JavaFX Application Thread] DEBUG Input                - Registered new binding: action0 - Up
20:35:21.870 [JavaFX Application Thread] DEBUG Input                - Registered new binding: action1 - Down
20:35:21.870 [JavaFX Application Thread] DEBUG Input                - Registered new binding: action2 - Left
20:35:21.870 [JavaFX Application Thread] DEBUG Input                - Registered new binding: action3 - Right
20:35:21.872 [JavaFX Application Thread] DEBUG Input                - Registered new binding: action4 - Space
20:35:21.872 [JavaFX Application Thread] DEBUG FXGLAssetLoaderServi - Loading from file system: file:/E:/java%20project/tank/target/classes/assets/textures/joker.jpg
20:35:21.895 [FXGL Background Thread 4 ] DEBUG FXGLAssetLoaderServi - Loading from file system: jar:file:///C:/Users/10273/.m2/repository/com/github/almasb/fxgl/17.1/fxgl-17.1.jar!/fxglassets/ui/fonts/Abel-Regular.ttf
20:35:21.897 [JavaFX Application Thread] DEBUG FXGLAssetLoaderServi - Loading from file system: jar:file:///C:/Users/10273/.m2/repository/com/github/almasb/fxgl/17.1/fxgl-17.1.jar!/fxglassets/textures/fxgl_default_cursor.png
20:35:21.897 [FXGL Background Thread 4 ] DEBUG FXGLAssetLoaderServi - Loading from file system: jar:file:///C:/Users/10273/.m2/repository/com/github/almasb/fxgl/17.1/fxgl-17.1.jar!/fxglassets/ui/fonts/TerminalLandMono-Regular.otf
20:35:21.898 [JavaFX Application Thread] DEBUG Input                - Registered new binding: Screenshot - CTRL+8
20:35:21.898 [JavaFX Application Thread] DEBUG Input                - Registered new binding: System info dump - CTRL+9
20:35:21.899 [JavaFX Application Thread] DEBUG Input                - Registered new binding: Restart - CTRL+R
20:35:21.900 [JavaFX Application Thread] DEBUG Input                - Registered new binding: Toggle Debug Camera - CTRL+7
20:35:21.900 [FXGL Background Thread 4 ] DEBUG FXGLAssetLoaderServi - Loading from file system: jar:file:///C:/Users/10273/.m2/repository/com/github/almasb/fxgl/17.1/fxgl-17.1.jar!/fxglassets/ui/fonts/Courier-Prime.ttf
20:35:21.904 [JavaFX Application Thread] DEBUG LoopRunner           - Starting loop
20:35:21.904 [JavaFX Application Thread] DEBUG LoopRunner           - Initializing JavaFX AnimationTimerLoop
20:35:21.910 [JavaFX Application Thread] DEBUG Input                - Clearing active input actions
20:35:21.915 [JavaFX Application Thread] DEBUG GameApplicationServi - Removing overlay from StartScene and adding to FXGLMainMenuDummyScene
20:35:21.915 [JavaFX Application Thread] DEBUG PrimaryStageWindow   - StartScene -> FXGLMainMenuDummyScene
20:35:21.915 [JavaFX Application Thread] DEBUG PrimaryStageWindow   - Push state: Main_menu
20:35:21.915 [JavaFX Application Thread] DEBUG Input                - Clearing active input actions
20:35:21.922 [JavaFX Application Thread] DEBUG GameApplicationServi - Removing overlay from FXGLMainMenuDummyScene and adding to Main_menu
20:35:21.923 [JavaFX Application Thread] DEBUG PrimaryStageWindow   - FXGLMainMenuDummyScene -> Main_menu
20:35:21.925 [JavaFX Application Thread] DEBUG FXGLApplication      - Registering font factories with UI factory
20:35:22.285 [FXGL Background Thread 2 ] INFO  UpdaterService       - Your current version:  17.1
20:35:22.285 [FXGL Background Thread 2 ] INFO  UpdaterService       - Latest stable version: 17.2
20:35:23.264 [JavaFX Application Thread] DEBUG GameApplicationServi - Starting new game
20:35:23.264 [JavaFX Application Thread] DEBUG PrimaryStageWindow   - Pop state: Main_menu
20:35:23.264 [JavaFX Application Thread] DEBUG Input                - Clearing active input actions
20:35:23.265 [JavaFX Application Thread] DEBUG GameApplicationServi - Removing overlay from Main_menu and adding to FXGLMainMenuDummyScene
20:35:23.265 [JavaFX Application Thread] DEBUG PrimaryStageWindow   - FXGLMainMenuDummyScene <- Main_menu
20:35:23.265 [JavaFX Application Thread] DEBUG Input                - Clearing active input actions
20:35:23.271 [JavaFX Application Thread] DEBUG GameApplicationServi - Removing overlay from FXGLMainMenuDummyScene and adding to Loading_Scene
20:35:23.271 [JavaFX Application Thread] DEBUG PrimaryStageWindow   - FXGLMainMenuDummyScene -> Loading_Scene
20:35:23.271 [JavaFX Application Thread] DEBUG GameApplicationServi - Clearing previous game
20:35:23.271 [JavaFX Application Thread] DEBUG GameScene            - Clearing game scene
20:35:23.271 [JavaFX Application Thread] DEBUG GameWorld            - Clearing game world
20:35:23.271 [JavaFX Application Thread] DEBUG PhysicsWorld         - Clearing physics world
20:35:23.276 [FXGL Background Thread 2 ] DEBUG FXGLApplication      - Initializing game
20:35:23.294 [FXGL Background Thread 2 ] WARN  TMXLevelLoader       - TiledMap generated from 1.8.4. Supported version: 1.4.2. Some features may not be parsed fully.
20:35:23.305 [FXGL Background Thread 2 ] DEBUG TMXLevelLoader       - Parsed TiledMap: file:/E:/java%20project/tank/target/classes/assets/levels/test1.tmx
20:35:23.306 [FXGL Background Thread 2 ] DEBUG TMXLevelLoader       - Creating tile layer entities
20:35:23.307 [FXGL Background Thread 2 ] DEBUG TMXLevelLoader       - Creating object layer entities
20:35:23.349 [FXGL Background Thread 2 ] DEBUG GameWorld            - Clearing removable entities
20:35:23.349 [FXGL Background Thread 2 ] DEBUG GameWorld            - Setting level: com.almasb.fxgl.entity.level.Level@4a18362f
20:35:23.357 [FXGL Background Thread 2 ] DEBUG FXGLAssetLoaderServi - Loading from file system: file:/E:/java%20project/tank/target/classes/assets/textures/element/Tank.png
20:35:23.358 [FXGL Background Thread 2 ] WARN  Entity               - Entity already has component: com.kenny.tank.components.TankComponent
20:35:23.359 [FXGL Background Thread 2 ] DEBUG FXGLAssetLoaderServi - Loading from file system: file:/E:/java%20project/tank/target/classes/assets/textures/Enemytank.png
20:35:23.361 [FXGL Background Thread 2 ] DEBUG FXGLAssetLoaderServi - Loading from file system: file:/E:/java%20project/tank/target/classes/assets/textures/Chicken.png
20:35:23.365 [FXGL Background Thread 2 ] DEBUG FXGLAssetLoaderServi - Loading from file system: file:/E:/java%20project/tank/target/classes/assets/textures/BossTank.png
20:35:23.367 [FXGL Background Thread 2 ] INFO  FXGLApplication      - Game initialization took: 0.091 sec
20:35:23.367 [JavaFX Application Thread] DEBUG Input                - Clearing active input actions
20:35:23.373 [JavaFX Application Thread] DEBUG GameApplicationServi - Removing overlay from Loading_Scene and adding to GameScene
20:35:23.373 [JavaFX Application Thread] DEBUG PrimaryStageWindow   - Loading_Scene -> GameScene
20:35:23.732 [JavaFX Application Thread] DEBUG FXGLAssetLoaderServi - Loading from file system: file:/E:/java%20project/tank/target/classes/assets/textures/element/Enemybullet.png
20:35:23.758 [JavaFX Application Thread] DEBUG FXGLAssetLoaderServi - Loading from file system: file:/E:/java%20project/tank/target/classes/assets/textures/SmallBoom.png
20:35:24.726 [JavaFX Application Thread] DEBUG PrimaryStageWindow   - Push state: FXGLDefaultMenu
20:35:24.727 [JavaFX Application Thread] DEBUG Input                - Clearing active input actions
20:35:24.728 [JavaFX Application Thread] DEBUG GameApplicationServi - Removing overlay from GameScene and adding to FXGLDefaultMenu
20:35:24.728 [JavaFX Application Thread] DEBUG PrimaryStageWindow   - GameScene -> FXGLDefaultMenu
20:35:24.840 [FXGL Background Thread 3 ] DEBUG Engine               - Logging environment variables
20:35:24.840 [FXGL Background Thread 3 ] DEBUG Engine               - achievements: []
20:35:24.840 [FXGL Background Thread 3 ] DEBUG Engine               - actualHeight: 960.0
20:35:24.840 [FXGL Background Thread 3 ] DEBUG Engine               - actualHeightProperty: ReadOnlyDoubleProperty [value: 960.0]
20:35:24.840 [FXGL Background Thread 3 ] DEBUG Engine               - actualWidth: 1682.0
20:35:24.840 [FXGL Background Thread 3 ] DEBUG Engine               - actualWidthProperty: ReadOnlyDoubleProperty [value: 1682.0]
20:35:24.840 [FXGL Background Thread 3 ] DEBUG Engine               - appIcon: joker.jpg
20:35:24.840 [FXGL Background Thread 3 ] DEBUG Engine               - applicationMode: DEVELOPER
20:35:24.840 [FXGL Background Thread 3 ] DEBUG Engine               - cSSList: [fxgl_dark.css, tank.css]
20:35:24.840 [FXGL Background Thread 3 ] DEBUG Engine               - collisionDetectionStrategy: BRUTE_FORCE
20:35:24.840 [FXGL Background Thread 3 ] DEBUG Engine               - configClass: Optional.empty
20:35:24.841 [FXGL Background Thread 3 ] DEBUG Engine               - credits: []
20:35:24.841 [FXGL Background Thread 3 ] DEBUG Engine               - defaultCursor: CursorInfo(imageName=fxgl_default_cursor.png, hotspotX=7.0, hotspotY=6.0)
20:35:24.841 [FXGL Background Thread 3 ] DEBUG Engine               - devBBoxColorProperty: ObjectProperty [value: 0xff0000ff]
20:35:24.841 [FXGL Background Thread 3 ] DEBUG Engine               - devEnableDebugCameraProperty: BooleanProperty [value: false]
20:35:24.842 [FXGL Background Thread 3 ] DEBUG Engine               - devSensorColorProperty: ObjectProperty [value: 0xffff00ff]
20:35:24.842 [FXGL Background Thread 3 ] DEBUG Engine               - devShowBBoxProperty: BooleanProperty [value: false]
20:35:24.842 [FXGL Background Thread 3 ] DEBUG Engine               - devShowPositionProperty: BooleanProperty [value: false]
20:35:24.842 [FXGL Background Thread 3 ] DEBUG Engine               - enabledMenuItems: []
20:35:24.842 [FXGL Background Thread 3 ] DEBUG Engine               - engineServices: [class com.almasb.fxgl.app.services.FXGLAssetLoaderService, class com.almasb.fxgl.app.FXGLApplication$GameApplicationService, class com.almasb.fxgl.app.services.FXGLDialogService, class com.almasb.fxgl.app.services.IOTaskExecutorService, class com.almasb.fxgl.io.FileSystemService, class com.almasb.fxgl.localization.LocalizationService, class com.almasb.fxgl.app.services.SystemBundleService, class com.almasb.fxgl.profile.SaveLoadService, class com.almasb.fxgl.ui.FXGLUIFactoryServiceProvider, class com.almasb.fxgl.ui.FXGLDialogFactoryServiceProvider, class com.almasb.fxgl.audio.AudioPlayer, class com.almasb.fxgl.notification.impl.NotificationServiceProvider, class com.almasb.fxgl.achievement.AchievementService, class com.almasb.fxgl.cutscene.CutsceneService, class com.almasb.fxgl.minigames.MiniGameService, class com.almasb.fxgl.net.NetService, class com.almasb.fxgl.app.services.UpdaterService, class com.almasb.fxgl.dev.DevService]
20:35:24.842 [FXGL Background Thread 3 ] DEBUG Engine               - fontGame: Abel-Regular.ttf
20:35:24.842 [FXGL Background Thread 3 ] DEBUG Engine               - fontMono: TerminalLandMono-Regular.otf
20:35:24.842 [FXGL Background Thread 3 ] DEBUG Engine               - fontText: Courier-Prime.ttf
20:35:24.842 [FXGL Background Thread 3 ] DEBUG Engine               - fontUI: VarelaRound-Regular.ttf
20:35:24.842 [FXGL Background Thread 3 ] DEBUG Engine               - fullScreen: BooleanProperty [value: false]
20:35:24.842 [FXGL Background Thread 3 ] DEBUG Engine               - gameDifficulty: MEDIUM
20:35:24.842 [FXGL Background Thread 3 ] DEBUG Engine               - gameDifficultyProperty: ObjectProperty [value: MEDIUM]
20:35:24.842 [FXGL Background Thread 3 ] DEBUG Engine               - globalMusicVolume: 0.5
20:35:24.843 [FXGL Background Thread 3 ] DEBUG Engine               - globalMusicVolumeProperty: DoubleProperty [value: 0.5]
20:35:24.843 [FXGL Background Thread 3 ] DEBUG Engine               - globalSoundVolume: 0.5
20:35:24.843 [FXGL Background Thread 3 ] DEBUG Engine               - globalSoundVolumeProperty: DoubleProperty [value: 0.8]
20:35:24.843 [FXGL Background Thread 3 ] DEBUG Engine               - height: 1152
20:35:24.843 [FXGL Background Thread 3 ] DEBUG Engine               - is3D: false
20:35:24.843 [FXGL Background Thread 3 ] DEBUG Engine               - isAndroid: false
20:35:24.843 [FXGL Background Thread 3 ] DEBUG Engine               - isBrowser: false
20:35:24.843 [FXGL Background Thread 3 ] DEBUG Engine               - isClickFeedbackEnabled: false
20:35:24.843 [FXGL Background Thread 3 ] DEBUG Engine               - isCloseConfirmation: false
20:35:24.843 [FXGL Background Thread 3 ] DEBUG Engine               - isDesktop: true
20:35:24.843 [FXGL Background Thread 3 ] DEBUG Engine               - isDeveloperMenuEnabled: false
20:35:24.843 [FXGL Background Thread 3 ] DEBUG Engine               - isEmbedded: false
20:35:24.843 [FXGL Background Thread 3 ] DEBUG Engine               - isEntityPreloadEnabled: true
20:35:24.843 [FXGL Background Thread 3 ] DEBUG Engine               - isExperimentalTiledLargeMap: false
20:35:24.843 [FXGL Background Thread 3 ] DEBUG Engine               - isFileSystemWriteAllowed: true
20:35:24.843 [FXGL Background Thread 3 ] DEBUG Engine               - isFullScreenAllowed: false
20:35:24.844 [FXGL Background Thread 3 ] DEBUG Engine               - isFullScreenFromStart: false
20:35:24.844 [FXGL Background Thread 3 ] DEBUG Engine               - isGameMenuEnabled: true
20:35:24.844 [FXGL Background Thread 3 ] DEBUG Engine               - isIOS: false
20:35:24.844 [FXGL Background Thread 3 ] DEBUG Engine               - isIntroEnabled: false
20:35:24.844 [FXGL Background Thread 3 ] DEBUG Engine               - isLinux: false
20:35:24.844 [FXGL Background Thread 3 ] DEBUG Engine               - isMac: false
20:35:24.844 [FXGL Background Thread 3 ] DEBUG Engine               - isMainMenuEnabled: true
20:35:24.844 [FXGL Background Thread 3 ] DEBUG Engine               - isManualResizeEnabled: false
20:35:24.844 [FXGL Background Thread 3 ] DEBUG Engine               - isMobile: false
20:35:24.844 [FXGL Background Thread 3 ] DEBUG Engine               - isNative: false
20:35:24.844 [FXGL Background Thread 3 ] DEBUG Engine               - isPauseMusicWhenMinimized: true
20:35:24.844 [FXGL Background Thread 3 ] DEBUG Engine               - isPreserveResizeRatio: false
20:35:24.844 [FXGL Background Thread 3 ] DEBUG Engine               - isProfilingEnabled: false
20:35:24.844 [FXGL Background Thread 3 ] DEBUG Engine               - isScaleAffectedOnResize: true
20:35:24.844 [FXGL Background Thread 3 ] DEBUG Engine               - isSingleStep: false
20:35:24.844 [FXGL Background Thread 3 ] DEBUG Engine               - isUserProfileEnabled: false
20:35:24.844 [FXGL Background Thread 3 ] DEBUG Engine               - isWindows: true
20:35:24.845 [FXGL Background Thread 3 ] DEBUG Engine               - language: ObjectProperty [value: ENGLISH]
20:35:24.845 [FXGL Background Thread 3 ] DEBUG Engine               - menuKey: ESCAPE
20:35:24.845 [FXGL Background Thread 3 ] DEBUG Engine               - mouseSensitivity: 0.2
20:35:24.845 [FXGL Background Thread 3 ] DEBUG Engine               - notificationViewClass: class com.almasb.fxgl.notification.view.XboxNotificationView
20:35:24.845 [FXGL Background Thread 3 ] DEBUG Engine               - pixelsPerMeter: 50.0
20:35:24.845 [FXGL Background Thread 3 ] DEBUG Engine               - platform: WINDOWS
20:35:24.845 [FXGL Background Thread 3 ] DEBUG Engine               - prefHeightProperty: ReadOnlyDoubleProperty [value: 1152.0]
20:35:24.845 [FXGL Background Thread 3 ] DEBUG Engine               - prefWidthProperty: ReadOnlyDoubleProperty [value: 2048.0]
20:35:24.845 [FXGL Background Thread 3 ] DEBUG Engine               - profileDir: profiles/
20:35:24.845 [FXGL Background Thread 3 ] DEBUG Engine               - profileName: StringProperty [value: DEFAULT]
20:35:24.845 [FXGL Background Thread 3 ] DEBUG Engine               - randomSeed: -1
20:35:24.846 [FXGL Background Thread 3 ] DEBUG Engine               - runtimeInfo: RuntimeInfo(platform=WINDOWS, version=17.1, build=24.03.2022 17.34)
20:35:24.846 [FXGL Background Thread 3 ] DEBUG Engine               - saveFileExt: sav
20:35:24.846 [FXGL Background Thread 3 ] DEBUG Engine               - scaledHeightProp$fxgl: DoubleProperty [bound, value: 960.0]
20:35:24.846 [FXGL Background Thread 3 ] DEBUG Engine               - scaledWidthProp$fxgl: DoubleProperty [bound, value: 1682.0]
20:35:24.846 [FXGL Background Thread 3 ] DEBUG Engine               - sceneFactory: com.kenny.tank.TankApp$1@4e03e393
20:35:24.846 [FXGL Background Thread 3 ] DEBUG Engine               - secondsIn24h: 60
20:35:24.846 [FXGL Background Thread 3 ] DEBUG Engine               - soundMenuBack: menu/back.wav
20:35:24.846 [FXGL Background Thread 3 ] DEBUG Engine               - soundMenuPress: menu/press.wav
20:35:24.846 [FXGL Background Thread 3 ] DEBUG Engine               - soundMenuSelect: menu/select.wav
20:35:24.846 [FXGL Background Thread 3 ] DEBUG Engine               - soundNotification: core/notification.wav
20:35:24.846 [FXGL Background Thread 3 ] DEBUG Engine               - stageStyle: DECORATED
20:35:24.846 [FXGL Background Thread 3 ] DEBUG Engine               - supportedLanguages: [ENGLISH, FRENCH, GERMAN, HUNGARIAN, RUSSIAN]
20:35:24.846 [FXGL Background Thread 3 ] DEBUG Engine               - ticksPerSecond: -1
20:35:24.846 [FXGL Background Thread 3 ] DEBUG Engine               - title: All star battle
20:35:24.846 [FXGL Background Thread 3 ] DEBUG Engine               - urlGithub: https://github.com/AlmasB/FXGL
20:35:24.846 [FXGL Background Thread 3 ] DEBUG Engine               - urlLeaderboard: http://fxgl-top.herokuapp.com/
20:35:24.846 [FXGL Background Thread 3 ] DEBUG Engine               - urlPOM: https://raw.githubusercontent.com/AlmasB/FXGL/release/README.md
20:35:24.847 [FXGL Background Thread 3 ] DEBUG Engine               - userAppClass: class com.kenny.tank.TankApp
20:35:24.847 [FXGL Background Thread 3 ] DEBUG Engine               - version: 0.1
20:35:24.847 [FXGL Background Thread 3 ] DEBUG Engine               - versionCheckDays: 7
20:35:24.847 [FXGL Background Thread 3 ] DEBUG Engine               - width: 2048
20:35:24.847 [FXGL Background Thread 3 ] DEBUG Engine               - Logging services
20:35:24.847 [FXGL Background Thread 3 ] DEBUG Engine               - class com.almasb.fxgl.app.services.FXGLAssetLoaderService
20:35:24.847 [FXGL Background Thread 3 ] DEBUG Engine               - class com.almasb.fxgl.app.FXGLApplication$GameApplicationService
20:35:24.847 [FXGL Background Thread 3 ] DEBUG Engine               - class com.almasb.fxgl.app.services.FXGLDialogService
20:35:24.847 [FXGL Background Thread 3 ] DEBUG Engine               - class com.almasb.fxgl.app.services.IOTaskExecutorService
20:35:24.847 [FXGL Background Thread 3 ] DEBUG Engine               - class com.almasb.fxgl.io.FileSystemService
20:35:24.847 [FXGL Background Thread 3 ] DEBUG Engine               - class com.almasb.fxgl.localization.LocalizationService
20:35:24.847 [FXGL Background Thread 3 ] DEBUG Engine               - class com.almasb.fxgl.app.services.SystemBundleService
20:35:24.847 [FXGL Background Thread 3 ] DEBUG Engine               - class com.almasb.fxgl.profile.SaveLoadService
20:35:24.847 [FXGL Background Thread 3 ] DEBUG Engine               - class com.almasb.fxgl.ui.FXGLUIFactoryServiceProvider
20:35:24.847 [FXGL Background Thread 3 ] DEBUG Engine               - class com.almasb.fxgl.ui.FXGLDialogFactoryServiceProvider
20:35:24.847 [FXGL Background Thread 3 ] DEBUG Engine               - class com.almasb.fxgl.audio.AudioPlayer
20:35:24.847 [FXGL Background Thread 3 ] DEBUG Engine               - class com.almasb.fxgl.notification.impl.NotificationServiceProvider
20:35:24.847 [FXGL Background Thread 3 ] DEBUG Engine               - class com.almasb.fxgl.achievement.AchievementService
20:35:24.847 [FXGL Background Thread 3 ] DEBUG Engine               - class com.almasb.fxgl.cutscene.CutsceneService
20:35:24.847 [FXGL Background Thread 3 ] DEBUG Engine               - class com.almasb.fxgl.minigames.MiniGameService
20:35:24.847 [FXGL Background Thread 3 ] DEBUG Engine               - class com.almasb.fxgl.net.NetService
20:35:24.847 [FXGL Background Thread 3 ] DEBUG Engine               - class com.almasb.fxgl.app.services.UpdaterService
20:35:24.847 [FXGL Background Thread 3 ] DEBUG Engine               - class com.almasb.fxgl.dev.DevService
20:35:25.747 [JavaFX Application Thread] DEBUG Menu                 - fireExitToMainMenu()
20:35:25.749 [JavaFX Application Thread] DEBUG PrimaryStageWindow   - Push state: DialogSubScene
20:35:25.749 [JavaFX Application Thread] DEBUG Input                - Clearing active input actions
20:35:25.749 [JavaFX Application Thread] DEBUG GameApplicationServi - Removing overlay from FXGLDefaultMenu and adding to DialogSubScene
20:35:25.749 [JavaFX Application Thread] DEBUG PrimaryStageWindow   - FXGLDefaultMenu -> DialogSubScene
20:35:26.274 [JavaFX Application Thread] DEBUG PrimaryStageWindow   - Pop state: DialogSubScene
20:35:26.274 [JavaFX Application Thread] DEBUG Input                - Clearing active input actions
20:35:26.275 [JavaFX Application Thread] DEBUG GameApplicationServi - Removing overlay from DialogSubScene and adding to FXGLDefaultMenu
20:35:26.275 [JavaFX Application Thread] DEBUG PrimaryStageWindow   - FXGLDefaultMenu <- DialogSubScene
20:35:26.276 [JavaFX Application Thread] DEBUG PrimaryStageWindow   - Pop state: FXGLDefaultMenu
20:35:26.276 [JavaFX Application Thread] DEBUG Input                - Clearing active input actions
20:35:26.277 [JavaFX Application Thread] DEBUG GameApplicationServi - Removing overlay from FXGLDefaultMenu and adding to GameScene
20:35:26.277 [JavaFX Application Thread] DEBUG PrimaryStageWindow   - GameScene <- FXGLDefaultMenu
20:35:26.277 [JavaFX Application Thread] DEBUG Input                - Clearing active input actions
20:35:26.283 [JavaFX Application Thread] DEBUG GameApplicationServi - Removing overlay from GameScene and adding to FXGLMainMenuDummyScene
20:35:26.283 [JavaFX Application Thread] DEBUG PrimaryStageWindow   - GameScene -> FXGLMainMenuDummyScene
20:35:26.283 [JavaFX Application Thread] DEBUG PrimaryStageWindow   - Push state: Main_menu
20:35:26.283 [JavaFX Application Thread] DEBUG Input                - Clearing active input actions
20:35:26.283 [JavaFX Application Thread] DEBUG GameApplicationServi - Removing overlay from FXGLMainMenuDummyScene and adding to Main_menu
20:35:26.283 [JavaFX Application Thread] DEBUG PrimaryStageWindow   - FXGLMainMenuDummyScene -> Main_menu
20:35:27.043 [JavaFX Application Thread] DEBUG FXGLApplication      - Exiting FXGL
20:35:27.044 [JavaFX Application Thread] DEBUG LoopRunner           - Stopping loop
20:35:27.044 [JavaFX Application Thread] DEBUG SystemBundleService  - Saving FXGL system data
20:35:27.045 [JavaFX Application Thread] DEBUG FileSystemAccess     - Writing to: E:\java project\tank\system\fxgl.bundle
20:35:27.047 [JavaFX Application Thread] DEBUG Async                - Shutting down background threads
20:35:27.047 [JavaFX Application Thread] DEBUG PrimaryStageWindow   - Closing main window
20:35:27.075 [JavaFX Application Thread] DEBUG Logger               - Closing Logger
