14:06:59.438 [main                     ] DEBUG Logger               - Configured Logger
14:06:59.475 [main                     ] DEBUG GameApplication      - Logging settings
Title: All star battle
Version: 0.1
Width: 2048
Height: 1152
Fullscreen: false
Intro: false
Profiling: false
Single step:false
App Mode: DEVELOPER
Menu Key: ESCAPE
Stage Style: DECORATED
Scene Factory: class com.kenny.AllStarBattle.AllStarBattleApp$1

14:07:01.869 [JavaFX Application Thread] DEBUG FXGLApplication      - Initializing FXGL
14:07:01.873 [JavaFX Application Thread] INFO  Engine               - FXGL-17.1 (24.03.2022 17.34) on WINDOWS (J:17.0.6 FX:18)
14:07:01.874 [JavaFX Application Thread] DEBUG Engine               - JRE Vendor Name: Amazon.com Inc.
14:07:01.874 [JavaFX Application Thread] DEBUG Engine               - Running on OS: Windows 11 version 10.0
14:07:01.874 [JavaFX Application Thread] DEBUG Engine               - Architecture: amd64
14:07:01.874 [JavaFX Application Thread] INFO  Engine               - Source code and latest versions at: https://github.com/AlmasB/FXGL
14:07:01.874 [JavaFX Application Thread] INFO  Engine               -       Ask questions and discuss at: https://github.com/AlmasB/FXGL/discussions
14:07:01.875 [JavaFX Application Thread] INFO  Engine               -              Join the FXGL chat at: https://gitter.im/AlmasB/FXGL
14:07:01.932 [JavaFX Application Thread] DEBUG PrimaryStageWindow   - Creating a JavaFX scene
14:07:01.932 [JavaFX Application Thread] DEBUG PrimaryStageWindow   - Target size > screen size
14:07:02.187 [JavaFX Application Thread] DEBUG PrimaryStageWindow   - Target settings size: 2048.0 x 1152.0
14:07:02.187 [JavaFX Application Thread] DEBUG PrimaryStageWindow   - Scaled scene size:    1682.0 x 960.0
14:07:02.188 [JavaFX Application Thread] DEBUG PrimaryStageWindow   - Scaled ratio: (0.8212890625, 0.8333333333333334)
14:07:02.188 [JavaFX Application Thread] DEBUG PrimaryStageWindow   - Set initial scene to StartScene
14:07:02.194 [JavaFX Application Thread] DEBUG PrimaryStageWindow   - Opening main window
14:07:02.297 [JavaFX Application Thread] DEBUG PrimaryStageWindow   - Window border size: (14.6666259765625, 37.33331298828125)
14:07:02.298 [JavaFX Application Thread] DEBUG PrimaryStageWindow   - Scaled size: 1682.0 x 960.0
14:07:02.298 [JavaFX Application Thread] DEBUG PrimaryStageWindow   - Scaled ratio: (0.8212890625, 0.8333333333333334)
14:07:02.298 [JavaFX Application Thread] DEBUG PrimaryStageWindow   - Scene size: 1682.0 x 960.0
14:07:02.299 [JavaFX Application Thread] DEBUG PrimaryStageWindow   - Stage size: 1696.6666259765625 x 997.3333129882812
14:07:02.315 [FXGL Background Thread 1 ] DEBUG Engine               - Initializing environment variables
14:07:02.393 [FXGL Background Thread 1 ] DEBUG FXGLAssetLoaderServi - User app class for loading assets: class com.kenny.AllStarBattle.AllStarBattleApp
14:07:02.393 [FXGL Background Thread 1 ] DEBUG GameApplicationServi - Applying CSS: fxgl_dark.css
14:07:02.394 [FXGL Background Thread 1 ] DEBUG FXGLAssetLoaderServi - Loading from file system: jar:file:///C:/Users/10273/.m2/repository/com/github/almasb/fxgl/17.1/fxgl-17.1.jar!/fxglassets/ui/css/fxgl_dark.css
14:07:02.476 [FXGL Background Thread 1 ] DEBUG GameApplicationServi - Applying CSS: tank.css
14:07:02.476 [FXGL Background Thread 1 ] DEBUG FXGLAssetLoaderServi - Loading from file system: file:/E:/java%20project/tank/target/classes/assets/ui/css/tank.css
14:07:02.479 [FXGL Background Thread 1 ] DEBUG GameApplicationServi - Initializing application scenes
14:07:02.490 [FXGL Background Thread 1 ] DEBUG GameWorld            - Game world initialized
14:07:02.583 [FXGL Background Thread 1 ] DEBUG PhysicsWorld         - Physics world initialized: appHeight=1152, physics.ppm=50.0
14:07:02.584 [FXGL Background Thread 1 ] DEBUG PhysicsWorld         - Using strategy: BRUTE_FORCE
14:07:02.592 [FXGL Background Thread 1 ] DEBUG GameScene            - Game scene initialized: 2048x1152
14:07:02.605 [FXGL Background Thread 1 ] DEBUG FXGLAssetLoaderServi - Loading from file system: file:/E:/java%20project/tank/target/classes/assets/textures/MainMenu.png
14:07:02.747 [FXGL Background Thread 1 ] DEBUG FXGLAssetLoaderServi - Loading from file system: file:/E:/java%20project/tank/target/classes/assets/textures/R-C.jpg
14:07:03.041 [FXGL Background Thread 1 ] DEBUG FXGL.DefaultMenu     - createMenuBodyGameMenu()
14:07:03.050 [FXGL Background Thread 1 ] DEBUG FXGL.DefaultMenu     - createOptionsMenu()
14:07:03.060 [FXGL Background Thread 1 ] DEBUG FXGLAssetLoaderServi - Loading from file system: jar:file:///C:/Users/10273/.m2/repository/com/github/almasb/fxgl/17.1/fxgl-17.1.jar!/fxglassets/textures/particles/smoke.png
14:07:03.135 [FXGL Background Thread 1 ] DEBUG FXGLAssetLoaderServi - Loading from file system: jar:file:///C:/Users/10273/.m2/repository/com/github/almasb/fxgl/17.1/fxgl-17.1.jar!/fxglassets/textures/particles/trace_horizontal.png
14:07:03.144 [FXGL Background Thread 1 ] DEBUG GameApplicationServi - Application scenes initialized
14:07:03.154 [FXGL Background Thread 1 ] DEBUG SystemBundleService  - Loading FXGL system data
14:07:03.158 [FXGL Background Thread 1 ] DEBUG FileSystemAccess     - Reading from: E:\java project\tank\system\fxgl.bundle
14:07:03.164 [FXGL Background Thread 1 ] DEBUG SystemBundleService  - Bundle FXGL: {}
14:07:03.166 [FXGL Background Thread 1 ] DEBUG UpdaterService       - Checking for updates
14:07:03.171 [FXGL Background Thread 4 ] DEBUG FXGLApplication      - Loading fonts
14:07:03.171 [FXGL Background Thread 1 ] DEBUG FXGLApplication      - Loading default localization
14:07:03.171 [FXGL Background Thread 4 ] DEBUG FXGLAssetLoaderServi - Loading from file system: jar:file:///C:/Users/10273/.m2/repository/com/github/almasb/fxgl/17.1/fxgl-17.1.jar!/fxglassets/ui/fonts/VarelaRound-Regular.ttf
14:07:03.172 [FXGL Background Thread 1 ] DEBUG FXGLAssetLoaderServi - Loading from file system: jar:file:///C:/Users/10273/.m2/repository/com/github/almasb/fxgl/17.1/fxgl-17.1.jar!/fxglassets/languages/english.lang
14:07:03.198 [FXGL Background Thread 1 ] INFO  FXGLApplication      - FXGL initialization took: 0.883 sec
14:07:03.205 [JavaFX Application Thread] DEBUG Input                - Registered new binding: action0 - Up
14:07:03.205 [JavaFX Application Thread] DEBUG Input                - Registered new binding: action1 - Down
14:07:03.206 [JavaFX Application Thread] DEBUG Input                - Registered new binding: action2 - Left
14:07:03.207 [JavaFX Application Thread] DEBUG Input                - Registered new binding: action3 - Right
14:07:03.208 [JavaFX Application Thread] DEBUG Input                - Registered new binding: action4 - Space
14:07:03.209 [JavaFX Application Thread] DEBUG FXGLAssetLoaderServi - Loading from file system: file:/E:/java%20project/tank/target/classes/assets/textures/joker.jpg
14:07:03.240 [JavaFX Application Thread] DEBUG FXGLAssetLoaderServi - Loading from file system: jar:file:///C:/Users/10273/.m2/repository/com/github/almasb/fxgl/17.1/fxgl-17.1.jar!/fxglassets/textures/fxgl_default_cursor.png
14:07:03.243 [FXGL Background Thread 4 ] DEBUG FXGLAssetLoaderServi - Loading from file system: jar:file:///C:/Users/10273/.m2/repository/com/github/almasb/fxgl/17.1/fxgl-17.1.jar!/fxglassets/ui/fonts/Abel-Regular.ttf
14:07:03.243 [JavaFX Application Thread] DEBUG Input                - Registered new binding: Screenshot - CTRL+8
14:07:03.244 [JavaFX Application Thread] DEBUG Input                - Registered new binding: System info dump - CTRL+9
14:07:03.245 [JavaFX Application Thread] DEBUG Input                - Registered new binding: Restart - CTRL+R
14:07:03.246 [FXGL Background Thread 4 ] DEBUG FXGLAssetLoaderServi - Loading from file system: jar:file:///C:/Users/10273/.m2/repository/com/github/almasb/fxgl/17.1/fxgl-17.1.jar!/fxglassets/ui/fonts/TerminalLandMono-Regular.otf
14:07:03.248 [JavaFX Application Thread] DEBUG Input                - Registered new binding: Toggle Debug Camera - CTRL+7
14:07:03.249 [FXGL Background Thread 4 ] DEBUG FXGLAssetLoaderServi - Loading from file system: jar:file:///C:/Users/10273/.m2/repository/com/github/almasb/fxgl/17.1/fxgl-17.1.jar!/fxglassets/ui/fonts/Courier-Prime.ttf
14:07:03.256 [JavaFX Application Thread] DEBUG LoopRunner           - Starting loop
14:07:03.257 [JavaFX Application Thread] DEBUG LoopRunner           - Initializing JavaFX AnimationTimerLoop
14:07:03.264 [JavaFX Application Thread] DEBUG Input                - Clearing active input actions
14:07:03.269 [JavaFX Application Thread] DEBUG GameApplicationServi - Removing overlay from StartScene and adding to FXGLMainMenuDummyScene
14:07:03.270 [JavaFX Application Thread] DEBUG PrimaryStageWindow   - StartScene -> FXGLMainMenuDummyScene
14:07:03.270 [JavaFX Application Thread] DEBUG PrimaryStageWindow   - Push state: Main_menu
14:07:03.271 [JavaFX Application Thread] DEBUG Input                - Clearing active input actions
14:07:03.286 [JavaFX Application Thread] DEBUG GameApplicationServi - Removing overlay from FXGLMainMenuDummyScene and adding to Main_menu
14:07:03.286 [JavaFX Application Thread] DEBUG PrimaryStageWindow   - FXGLMainMenuDummyScene -> Main_menu
14:07:03.294 [JavaFX Application Thread] DEBUG FXGLApplication      - Registering font factories with UI factory
14:07:04.268 [FXGL Background Thread 2 ] INFO  UpdaterService       - Your current version:  17.1
14:07:04.268 [FXGL Background Thread 2 ] INFO  UpdaterService       - Latest stable version: 17.3
14:07:06.170 [FXGL Background Thread 3 ] DEBUG Engine               - Logging environment variables
14:07:06.176 [FXGL Background Thread 3 ] DEBUG Engine               - achievements: []
14:07:06.176 [FXGL Background Thread 3 ] DEBUG Engine               - actualHeight: 960.0
14:07:06.176 [FXGL Background Thread 3 ] DEBUG Engine               - actualHeightProperty: ReadOnlyDoubleProperty [value: 960.0]
14:07:06.176 [FXGL Background Thread 3 ] DEBUG Engine               - actualWidth: 1682.0
14:07:06.176 [FXGL Background Thread 3 ] DEBUG Engine               - actualWidthProperty: ReadOnlyDoubleProperty [value: 1682.0]
14:07:06.176 [FXGL Background Thread 3 ] DEBUG Engine               - appIcon: joker.jpg
14:07:06.176 [FXGL Background Thread 3 ] DEBUG Engine               - applicationMode: DEVELOPER
14:07:06.178 [FXGL Background Thread 3 ] DEBUG Engine               - cSSList: [fxgl_dark.css, tank.css]
14:07:06.178 [FXGL Background Thread 3 ] DEBUG Engine               - collisionDetectionStrategy: BRUTE_FORCE
14:07:06.180 [FXGL Background Thread 3 ] DEBUG Engine               - configClass: Optional.empty
14:07:06.182 [FXGL Background Thread 3 ] DEBUG Engine               - credits: []
14:07:06.183 [FXGL Background Thread 3 ] DEBUG Engine               - defaultCursor: CursorInfo(imageName=fxgl_default_cursor.png, hotspotX=7.0, hotspotY=6.0)
14:07:06.183 [FXGL Background Thread 3 ] DEBUG Engine               - devBBoxColorProperty: ObjectProperty [value: 0xff0000ff]
14:07:06.183 [FXGL Background Thread 3 ] DEBUG Engine               - devEnableDebugCameraProperty: BooleanProperty [value: false]
14:07:06.183 [FXGL Background Thread 3 ] DEBUG Engine               - devSensorColorProperty: ObjectProperty [value: 0xffff00ff]
14:07:06.183 [FXGL Background Thread 3 ] DEBUG Engine               - devShowBBoxProperty: BooleanProperty [value: false]
14:07:06.183 [FXGL Background Thread 3 ] DEBUG Engine               - devShowPositionProperty: BooleanProperty [value: false]
14:07:06.183 [FXGL Background Thread 3 ] DEBUG Engine               - enabledMenuItems: []
14:07:06.183 [FXGL Background Thread 3 ] DEBUG Engine               - engineServices: [class com.almasb.fxgl.app.services.FXGLAssetLoaderService, class com.almasb.fxgl.app.FXGLApplication$GameApplicationService, class com.almasb.fxgl.app.services.FXGLDialogService, class com.almasb.fxgl.app.services.IOTaskExecutorService, class com.almasb.fxgl.io.FileSystemService, class com.almasb.fxgl.localization.LocalizationService, class com.almasb.fxgl.app.services.SystemBundleService, class com.almasb.fxgl.profile.SaveLoadService, class com.almasb.fxgl.ui.FXGLUIFactoryServiceProvider, class com.almasb.fxgl.ui.FXGLDialogFactoryServiceProvider, class com.almasb.fxgl.audio.AudioPlayer, class com.almasb.fxgl.notification.impl.NotificationServiceProvider, class com.almasb.fxgl.achievement.AchievementService, class com.almasb.fxgl.cutscene.CutsceneService, class com.almasb.fxgl.minigames.MiniGameService, class com.almasb.fxgl.net.NetService, class com.almasb.fxgl.app.services.UpdaterService, class com.almasb.fxgl.dev.DevService]
14:07:06.183 [FXGL Background Thread 3 ] DEBUG Engine               - fontGame: Abel-Regular.ttf
14:07:06.183 [FXGL Background Thread 3 ] DEBUG Engine               - fontMono: TerminalLandMono-Regular.otf
14:07:06.183 [FXGL Background Thread 3 ] DEBUG Engine               - fontText: Courier-Prime.ttf
14:07:06.183 [FXGL Background Thread 3 ] DEBUG Engine               - fontUI: VarelaRound-Regular.ttf
14:07:06.183 [FXGL Background Thread 3 ] DEBUG Engine               - fullScreen: BooleanProperty [value: false]
14:07:06.183 [FXGL Background Thread 3 ] DEBUG Engine               - gameDifficulty: MEDIUM
14:07:06.183 [FXGL Background Thread 3 ] DEBUG Engine               - gameDifficultyProperty: ObjectProperty [value: MEDIUM]
14:07:06.183 [FXGL Background Thread 3 ] DEBUG Engine               - globalMusicVolume: 0.5
14:07:06.183 [FXGL Background Thread 3 ] DEBUG Engine               - globalMusicVolumeProperty: DoubleProperty [value: 0.5]
14:07:06.183 [FXGL Background Thread 3 ] DEBUG Engine               - globalSoundVolume: 0.5
14:07:06.183 [FXGL Background Thread 3 ] DEBUG Engine               - globalSoundVolumeProperty: DoubleProperty [value: 0.8]
14:07:06.183 [FXGL Background Thread 3 ] DEBUG Engine               - height: 1152
14:07:06.184 [FXGL Background Thread 3 ] DEBUG Engine               - is3D: false
14:07:06.184 [FXGL Background Thread 3 ] DEBUG Engine               - isAndroid: false
14:07:06.184 [FXGL Background Thread 3 ] DEBUG Engine               - isBrowser: false
14:07:06.184 [FXGL Background Thread 3 ] DEBUG Engine               - isClickFeedbackEnabled: false
14:07:06.184 [FXGL Background Thread 3 ] DEBUG Engine               - isCloseConfirmation: false
14:07:06.184 [FXGL Background Thread 3 ] DEBUG Engine               - isDesktop: true
14:07:06.184 [FXGL Background Thread 3 ] DEBUG Engine               - isDeveloperMenuEnabled: false
14:07:06.184 [FXGL Background Thread 3 ] DEBUG Engine               - isEmbedded: false
14:07:06.184 [FXGL Background Thread 3 ] DEBUG Engine               - isEntityPreloadEnabled: true
14:07:06.184 [FXGL Background Thread 3 ] DEBUG Engine               - isExperimentalTiledLargeMap: false
14:07:06.184 [FXGL Background Thread 3 ] DEBUG Engine               - isFileSystemWriteAllowed: true
14:07:06.184 [FXGL Background Thread 3 ] DEBUG Engine               - isFullScreenAllowed: false
14:07:06.184 [FXGL Background Thread 3 ] DEBUG Engine               - isFullScreenFromStart: false
14:07:06.184 [FXGL Background Thread 3 ] DEBUG Engine               - isGameMenuEnabled: true
14:07:06.184 [FXGL Background Thread 3 ] DEBUG Engine               - isIOS: false
14:07:06.184 [FXGL Background Thread 3 ] DEBUG Engine               - isIntroEnabled: false
14:07:06.184 [FXGL Background Thread 3 ] DEBUG Engine               - isLinux: false
14:07:06.184 [FXGL Background Thread 3 ] DEBUG Engine               - isMac: false
14:07:06.184 [FXGL Background Thread 3 ] DEBUG Engine               - isMainMenuEnabled: true
14:07:06.184 [FXGL Background Thread 3 ] DEBUG Engine               - isManualResizeEnabled: false
14:07:06.184 [FXGL Background Thread 3 ] DEBUG Engine               - isMobile: false
14:07:06.184 [FXGL Background Thread 3 ] DEBUG Engine               - isNative: false
14:07:06.184 [FXGL Background Thread 3 ] DEBUG Engine               - isPauseMusicWhenMinimized: true
14:07:06.184 [FXGL Background Thread 3 ] DEBUG Engine               - isPreserveResizeRatio: false
14:07:06.184 [FXGL Background Thread 3 ] DEBUG Engine               - isProfilingEnabled: false
14:07:06.184 [FXGL Background Thread 3 ] DEBUG Engine               - isScaleAffectedOnResize: true
14:07:06.184 [FXGL Background Thread 3 ] DEBUG Engine               - isSingleStep: false
14:07:06.184 [FXGL Background Thread 3 ] DEBUG Engine               - isUserProfileEnabled: false
14:07:06.184 [FXGL Background Thread 3 ] DEBUG Engine               - isWindows: true
14:07:06.184 [FXGL Background Thread 3 ] DEBUG Engine               - language: ObjectProperty [value: ENGLISH]
14:07:06.184 [FXGL Background Thread 3 ] DEBUG Engine               - menuKey: ESCAPE
14:07:06.184 [FXGL Background Thread 3 ] DEBUG Engine               - mouseSensitivity: 0.2
14:07:06.184 [FXGL Background Thread 3 ] DEBUG Engine               - notificationViewClass: class com.almasb.fxgl.notification.view.XboxNotificationView
14:07:06.184 [FXGL Background Thread 3 ] DEBUG Engine               - pixelsPerMeter: 50.0
14:07:06.185 [FXGL Background Thread 3 ] DEBUG Engine               - platform: WINDOWS
14:07:06.185 [FXGL Background Thread 3 ] DEBUG Engine               - prefHeightProperty: ReadOnlyDoubleProperty [value: 1152.0]
14:07:06.185 [FXGL Background Thread 3 ] DEBUG Engine               - prefWidthProperty: ReadOnlyDoubleProperty [value: 2048.0]
14:07:06.185 [FXGL Background Thread 3 ] DEBUG Engine               - profileDir: profiles/
14:07:06.185 [FXGL Background Thread 3 ] DEBUG Engine               - profileName: StringProperty [value: DEFAULT]
14:07:06.185 [FXGL Background Thread 3 ] DEBUG Engine               - randomSeed: -1
14:07:06.185 [FXGL Background Thread 3 ] DEBUG Engine               - runtimeInfo: RuntimeInfo(platform=WINDOWS, version=17.1, build=24.03.2022 17.34)
14:07:06.185 [FXGL Background Thread 3 ] DEBUG Engine               - saveFileExt: sav
14:07:06.185 [FXGL Background Thread 3 ] DEBUG Engine               - scaledHeightProp$fxgl: DoubleProperty [bound, value: 960.0]
14:07:06.185 [FXGL Background Thread 3 ] DEBUG Engine               - scaledWidthProp$fxgl: DoubleProperty [bound, value: 1682.0]
14:07:06.185 [FXGL Background Thread 3 ] DEBUG Engine               - sceneFactory: com.kenny.AllStarBattle.AllStarBattleApp$1@37e772c7
14:07:06.185 [FXGL Background Thread 3 ] DEBUG Engine               - secondsIn24h: 60
14:07:06.185 [FXGL Background Thread 3 ] DEBUG Engine               - soundMenuBack: menu/back.wav
14:07:06.185 [FXGL Background Thread 3 ] DEBUG Engine               - soundMenuPress: menu/press.wav
14:07:06.185 [FXGL Background Thread 3 ] DEBUG Engine               - soundMenuSelect: menu/select.wav
14:07:06.185 [FXGL Background Thread 3 ] DEBUG Engine               - soundNotification: core/notification.wav
14:07:06.185 [FXGL Background Thread 3 ] DEBUG Engine               - stageStyle: DECORATED
14:07:06.185 [FXGL Background Thread 3 ] DEBUG Engine               - supportedLanguages: [ENGLISH, FRENCH, GERMAN, HUNGARIAN, RUSSIAN]
14:07:06.185 [FXGL Background Thread 3 ] DEBUG Engine               - ticksPerSecond: -1
14:07:06.185 [FXGL Background Thread 3 ] DEBUG Engine               - title: All star battle
14:07:06.185 [FXGL Background Thread 3 ] DEBUG Engine               - urlGithub: https://github.com/AlmasB/FXGL
14:07:06.185 [FXGL Background Thread 3 ] DEBUG Engine               - urlLeaderboard: http://fxgl-top.herokuapp.com/
14:07:06.185 [FXGL Background Thread 3 ] DEBUG Engine               - urlPOM: https://raw.githubusercontent.com/AlmasB/FXGL/release/README.md
14:07:06.185 [FXGL Background Thread 3 ] DEBUG Engine               - userAppClass: class com.kenny.AllStarBattle.AllStarBattleApp
14:07:06.185 [FXGL Background Thread 3 ] DEBUG Engine               - version: 0.1
14:07:06.185 [FXGL Background Thread 3 ] DEBUG Engine               - versionCheckDays: 7
14:07:06.185 [FXGL Background Thread 3 ] DEBUG Engine               - width: 2048
14:07:06.185 [FXGL Background Thread 3 ] DEBUG Engine               - Logging services
14:07:06.185 [FXGL Background Thread 3 ] DEBUG Engine               - class com.almasb.fxgl.app.services.FXGLAssetLoaderService
14:07:06.185 [FXGL Background Thread 3 ] DEBUG Engine               - class com.almasb.fxgl.app.FXGLApplication$GameApplicationService
14:07:06.185 [FXGL Background Thread 3 ] DEBUG Engine               - class com.almasb.fxgl.app.services.FXGLDialogService
14:07:06.185 [FXGL Background Thread 3 ] DEBUG Engine               - class com.almasb.fxgl.app.services.IOTaskExecutorService
14:07:06.185 [FXGL Background Thread 3 ] DEBUG Engine               - class com.almasb.fxgl.io.FileSystemService
14:07:06.185 [FXGL Background Thread 3 ] DEBUG Engine               - class com.almasb.fxgl.localization.LocalizationService
14:07:06.185 [FXGL Background Thread 3 ] DEBUG Engine               - class com.almasb.fxgl.app.services.SystemBundleService
14:07:06.186 [FXGL Background Thread 3 ] DEBUG Engine               - class com.almasb.fxgl.profile.SaveLoadService
14:07:06.186 [FXGL Background Thread 3 ] DEBUG Engine               - class com.almasb.fxgl.ui.FXGLUIFactoryServiceProvider
14:07:06.186 [FXGL Background Thread 3 ] DEBUG Engine               - class com.almasb.fxgl.ui.FXGLDialogFactoryServiceProvider
14:07:06.186 [FXGL Background Thread 3 ] DEBUG Engine               - class com.almasb.fxgl.audio.AudioPlayer
14:07:06.186 [FXGL Background Thread 3 ] DEBUG Engine               - class com.almasb.fxgl.notification.impl.NotificationServiceProvider
14:07:06.186 [FXGL Background Thread 3 ] DEBUG Engine               - class com.almasb.fxgl.achievement.AchievementService
14:07:06.186 [FXGL Background Thread 3 ] DEBUG Engine               - class com.almasb.fxgl.cutscene.CutsceneService
14:07:06.186 [FXGL Background Thread 3 ] DEBUG Engine               - class com.almasb.fxgl.minigames.MiniGameService
14:07:06.186 [FXGL Background Thread 3 ] DEBUG Engine               - class com.almasb.fxgl.net.NetService
14:07:06.186 [FXGL Background Thread 3 ] DEBUG Engine               - class com.almasb.fxgl.app.services.UpdaterService
14:07:06.186 [FXGL Background Thread 3 ] DEBUG Engine               - class com.almasb.fxgl.dev.DevService
14:07:14.237 [JavaFX Application Thread] DEBUG GameApplicationServi - Starting new game
14:07:14.237 [JavaFX Application Thread] DEBUG PrimaryStageWindow   - Pop state: Main_menu
14:07:14.238 [JavaFX Application Thread] DEBUG Input                - Clearing active input actions
14:07:14.244 [JavaFX Application Thread] DEBUG GameApplicationServi - Removing overlay from Main_menu and adding to FXGLMainMenuDummyScene
14:07:14.245 [JavaFX Application Thread] DEBUG PrimaryStageWindow   - FXGLMainMenuDummyScene <- Main_menu
14:07:14.247 [JavaFX Application Thread] DEBUG Input                - Clearing active input actions
14:07:14.258 [JavaFX Application Thread] DEBUG GameApplicationServi - Removing overlay from FXGLMainMenuDummyScene and adding to Loading_Scene
14:07:14.259 [JavaFX Application Thread] DEBUG PrimaryStageWindow   - FXGLMainMenuDummyScene -> Loading_Scene
14:07:14.259 [JavaFX Application Thread] DEBUG GameApplicationServi - Clearing previous game
14:07:14.259 [JavaFX Application Thread] DEBUG GameScene            - Clearing game scene
14:07:14.260 [JavaFX Application Thread] DEBUG GameWorld            - Clearing game world
14:07:14.260 [JavaFX Application Thread] DEBUG PhysicsWorld         - Clearing physics world
14:07:14.261 [FXGL Background Thread 2 ] DEBUG FXGLApplication      - Initializing game
14:07:14.306 [FXGL Background Thread 2 ] WARN  TMXLevelLoader       - TiledMap generated from 1.8.4. Supported version: 1.4.2. Some features may not be parsed fully.
14:07:14.326 [FXGL Background Thread 2 ] DEBUG TMXLevelLoader       - Parsed TiledMap: file:/E:/java%20project/tank/target/classes/assets/levels/test1.tmx
14:07:14.327 [FXGL Background Thread 2 ] DEBUG TMXLevelLoader       - Creating tile layer entities
14:07:14.327 [FXGL Background Thread 2 ] DEBUG TMXLevelLoader       - Creating object layer entities
14:07:14.404 [FXGL Background Thread 2 ] DEBUG GameWorld            - Clearing removable entities
14:07:14.404 [FXGL Background Thread 2 ] DEBUG GameWorld            - Setting level: com.almasb.fxgl.entity.level.Level@481eae21
14:07:14.418 [FXGL Background Thread 2 ] DEBUG FXGLAssetLoaderServi - Loading from file system: file:/E:/java%20project/tank/target/classes/assets/textures/element/Tank.png
14:07:14.420 [FXGL Background Thread 2 ] DEBUG FXGLAssetLoaderServi - Loading from file system: file:/E:/java%20project/tank/target/classes/assets/textures/Enemytank.png
14:07:14.423 [FXGL Background Thread 2 ] DEBUG FXGLAssetLoaderServi - Loading from file system: file:/E:/java%20project/tank/target/classes/assets/textures/Chicken.png
14:07:14.427 [FXGL Background Thread 2 ] DEBUG FXGLAssetLoaderServi - Loading from file system: file:/E:/java%20project/tank/target/classes/assets/textures/BossTank.png
14:07:14.433 [FXGL Background Thread 2 ] INFO  FXGLApplication      - Game initialization took: 0.171 sec
14:07:14.433 [JavaFX Application Thread] DEBUG Input                - Clearing active input actions
14:07:14.440 [JavaFX Application Thread] DEBUG GameApplicationServi - Removing overlay from Loading_Scene and adding to GameScene
14:07:14.440 [JavaFX Application Thread] DEBUG PrimaryStageWindow   - Loading_Scene -> GameScene
14:07:14.916 [JavaFX Application Thread] DEBUG FXGLAssetLoaderServi - Loading from file system: file:/E:/java%20project/tank/target/classes/assets/textures/element/Enemybullet.png
14:07:15.008 [JavaFX Application Thread] DEBUG FXGLAssetLoaderServi - Loading from file system: file:/E:/java%20project/tank/target/classes/assets/textures/SmallBoom.png
14:07:15.496 [JavaFX Application Thread] DEBUG FXGLAssetLoaderServi - Loading from file system: file:/E:/java%20project/tank/target/classes/assets/textures/boom.png
14:07:16.095 [JavaFX Application Thread] DEBUG FXGLAssetLoaderServi - Loading from file system: file:/E:/java%20project/tank/target/classes/assets/sounds/boom.wav
14:07:17.382 [JavaFX Application Thread] DEBUG FXGLAssetLoaderServi - Loading from file system: file:/E:/java%20project/tank/target/classes/assets/textures/element/Bullet.png
14:07:23.737 [JavaFX Application Thread] DEBUG PrimaryStageWindow   - Push state: EggScene
14:07:23.737 [JavaFX Application Thread] DEBUG FXGLAssetLoaderServi - Loading from file system: file:/E:/java%20project/tank/target/classes/assets/music/chicken.mp3
14:07:23.746 [JavaFX Application Thread] DEBUG AudioPlayer          - Playing music com.almasb.fxgl.audio.Music@a03b74e
14:07:23.746 [JavaFX Application Thread] DEBUG Input                - Clearing active input actions
14:07:23.747 [JavaFX Application Thread] DEBUG GameApplicationServi - Removing overlay from GameScene and adding to EggScene
14:07:23.747 [JavaFX Application Thread] DEBUG PrimaryStageWindow   - GameScene -> EggScene
14:07:28.742 [JavaFX Application Thread] DEBUG PrimaryStageWindow   - Pop state: EggScene
14:07:28.743 [JavaFX Application Thread] DEBUG Input                - Clearing active input actions
14:07:28.744 [JavaFX Application Thread] DEBUG GameApplicationServi - Removing overlay from EggScene and adding to GameScene
14:07:28.744 [JavaFX Application Thread] DEBUG PrimaryStageWindow   - GameScene <- EggScene
14:07:28.747 [JavaFX Application Thread] WARN  TMXLevelLoader       - TiledMap generated from 1.8.4. Supported version: 1.4.2. Some features may not be parsed fully.
14:07:28.761 [JavaFX Application Thread] DEBUG TMXLevelLoader       - Parsed TiledMap: file:/E:/java%20project/tank/target/classes/assets/levels/Chicken.tmx
14:07:28.761 [JavaFX Application Thread] DEBUG TMXLevelLoader       - Creating tile layer entities
14:07:28.761 [JavaFX Application Thread] DEBUG TMXLevelLoader       - Creating object layer entities
14:07:28.787 [JavaFX Application Thread] DEBUG GameWorld            - Clearing removable entities
14:07:28.793 [JavaFX Application Thread] DEBUG GameWorld            - Setting level: com.almasb.fxgl.entity.level.Level@9ffa039
14:07:28.802 [JavaFX Application Thread] DEBUG FXGLAssetLoaderServi - Loading from file system: file:/E:/java%20project/tank/target/classes/assets/textures/people.png
14:07:29.617 [JavaFX Application Thread] DEBUG FXGLAssetLoaderServi - Loading from file system: file:/E:/java%20project/tank/target/classes/assets/sounds/JI%20(1).wav
14:07:29.619 [JavaFX Application Thread] DEBUG FXGLAssetLoaderServi - Loading from file system: file:/E:/java%20project/tank/target/classes/assets/textures/element/Good.png
14:07:31.269 [JavaFX Application Thread] DEBUG FXGLAssetLoaderServi - Loading from file system: file:/E:/java%20project/tank/target/classes/assets/textures/Egg.png
14:07:32.129 [JavaFX Application Thread] DEBUG PrimaryStageWindow   - Push state: FXGLDefaultMenu
14:07:32.131 [JavaFX Application Thread] DEBUG Input                - Clearing active input actions
14:07:32.132 [JavaFX Application Thread] DEBUG GameApplicationServi - Removing overlay from GameScene and adding to FXGLDefaultMenu
14:07:32.132 [JavaFX Application Thread] DEBUG PrimaryStageWindow   - GameScene -> FXGLDefaultMenu
14:07:33.856 [JavaFX Application Thread] DEBUG Menu                 - fireExitToMainMenu()
14:07:33.859 [JavaFX Application Thread] DEBUG PrimaryStageWindow   - Push state: DialogSubScene
14:07:33.859 [JavaFX Application Thread] DEBUG Input                - Clearing active input actions
14:07:33.859 [JavaFX Application Thread] DEBUG GameApplicationServi - Removing overlay from FXGLDefaultMenu and adding to DialogSubScene
14:07:33.859 [JavaFX Application Thread] DEBUG PrimaryStageWindow   - FXGLDefaultMenu -> DialogSubScene
14:07:35.048 [JavaFX Application Thread] DEBUG PrimaryStageWindow   - Pop state: DialogSubScene
14:07:35.048 [JavaFX Application Thread] DEBUG Input                - Clearing active input actions
14:07:35.049 [JavaFX Application Thread] DEBUG GameApplicationServi - Removing overlay from DialogSubScene and adding to FXGLDefaultMenu
14:07:35.049 [JavaFX Application Thread] DEBUG PrimaryStageWindow   - FXGLDefaultMenu <- DialogSubScene
14:07:35.051 [JavaFX Application Thread] DEBUG PrimaryStageWindow   - Pop state: FXGLDefaultMenu
14:07:35.052 [JavaFX Application Thread] DEBUG Input                - Clearing active input actions
14:07:35.052 [JavaFX Application Thread] DEBUG GameApplicationServi - Removing overlay from FXGLDefaultMenu and adding to GameScene
14:07:35.052 [JavaFX Application Thread] DEBUG PrimaryStageWindow   - GameScene <- FXGLDefaultMenu
14:07:35.052 [JavaFX Application Thread] DEBUG Input                - Clearing active input actions
14:07:35.057 [JavaFX Application Thread] DEBUG GameApplicationServi - Removing overlay from GameScene and adding to FXGLMainMenuDummyScene
14:07:35.058 [JavaFX Application Thread] DEBUG PrimaryStageWindow   - GameScene -> FXGLMainMenuDummyScene
14:07:35.058 [JavaFX Application Thread] DEBUG PrimaryStageWindow   - Push state: Main_menu
14:07:35.058 [JavaFX Application Thread] DEBUG Input                - Clearing active input actions
14:07:35.063 [JavaFX Application Thread] DEBUG GameApplicationServi - Removing overlay from FXGLMainMenuDummyScene and adding to Main_menu
14:07:35.063 [JavaFX Application Thread] DEBUG PrimaryStageWindow   - FXGLMainMenuDummyScene -> Main_menu
14:07:36.027 [JavaFX Application Thread] DEBUG FXGLApplication      - Exiting FXGL
14:07:36.027 [JavaFX Application Thread] DEBUG LoopRunner           - Stopping loop
14:07:36.028 [JavaFX Application Thread] DEBUG SystemBundleService  - Saving FXGL system data
14:07:36.031 [JavaFX Application Thread] DEBUG FileSystemAccess     - Writing to: E:\java project\tank\system\fxgl.bundle
14:07:36.033 [JavaFX Application Thread] DEBUG Async                - Shutting down background threads
14:07:36.034 [JavaFX Application Thread] DEBUG PrimaryStageWindow   - Closing main window
14:07:36.079 [JavaFX Application Thread] DEBUG Logger               - Closing Logger
