15:06:27.346 [main                     ] DEBUG Logger               - Configured Logger
15:06:27.371 [main                     ] DEBUG GameApplication      - Logging settings
Title: All star battle
Version: 0.1
Width: 2048
Height: 1152
Fullscreen: false
Intro: false
Profiling: false
Single step:false
App Mode: DEVELOPER
Menu Key: ESCAPE
Stage Style: DECORATED
Scene Factory: class com.kenny.tank.TankApp$1

15:06:27.704 [JavaFX Application Thread] DEBUG FXGLApplication      - Initializing FXGL
15:06:27.709 [JavaFX Application Thread] INFO  Engine               - FXGL-17.1 (24.03.2022 17.34) on WINDOWS (J:17.0.6 FX:18)
15:06:27.710 [JavaFX Application Thread] DEBUG Engine               - JRE Vendor Name: Amazon.com Inc.
15:06:27.710 [JavaFX Application Thread] DEBUG Engine               - Running on OS: Windows 11 version 10.0
15:06:27.710 [JavaFX Application Thread] DEBUG Engine               - Architecture: amd64
15:06:27.710 [JavaFX Application Thread] INFO  Engine               - Source code and latest versions at: https://github.com/AlmasB/FXGL
15:06:27.710 [JavaFX Application Thread] INFO  Engine               -       Ask questions and discuss at: https://github.com/AlmasB/FXGL/discussions
15:06:27.710 [JavaFX Application Thread] INFO  Engine               -              Join the FXGL chat at: https://gitter.im/AlmasB/FXGL
15:06:27.773 [JavaFX Application Thread] DEBUG PrimaryStageWindow   - Creating a JavaFX scene
15:06:27.773 [JavaFX Application Thread] DEBUG PrimaryStageWindow   - Target size > screen size
15:06:27.806 [JavaFX Application Thread] DEBUG PrimaryStageWindow   - Target settings size: 2048.0 x 1152.0
15:06:27.806 [JavaFX Application Thread] DEBUG PrimaryStageWindow   - Scaled scene size:    1682.0 x 960.0
15:06:27.806 [JavaFX Application Thread] DEBUG PrimaryStageWindow   - Scaled ratio: (0.8212890625, 0.8333333333333334)
15:06:27.807 [JavaFX Application Thread] DEBUG PrimaryStageWindow   - Set initial scene to StartScene
15:06:27.812 [JavaFX Application Thread] DEBUG PrimaryStageWindow   - Opening main window
15:06:27.930 [JavaFX Application Thread] DEBUG PrimaryStageWindow   - Window border size: (14.6666259765625, 37.33331298828125)
15:06:27.930 [JavaFX Application Thread] DEBUG PrimaryStageWindow   - Scaled size: 1682.0 x 960.0
15:06:27.931 [JavaFX Application Thread] DEBUG PrimaryStageWindow   - Scaled ratio: (0.8212890625, 0.8333333333333334)
15:06:27.931 [JavaFX Application Thread] DEBUG PrimaryStageWindow   - Scene size: 1682.0 x 960.0
15:06:27.931 [JavaFX Application Thread] DEBUG PrimaryStageWindow   - Stage size: 1696.6666259765625 x 997.3333129882812
15:06:27.936 [FXGL Background Thread 1 ] DEBUG Engine               - Initializing environment variables
15:06:27.964 [FXGL Background Thread 1 ] DEBUG FXGLAssetLoaderServi - User app class for loading assets: class com.kenny.tank.TankApp
15:06:27.964 [FXGL Background Thread 1 ] DEBUG GameApplicationServi - Applying CSS: fxgl_dark.css
15:06:27.965 [FXGL Background Thread 1 ] DEBUG FXGLAssetLoaderServi - Loading from file system: jar:file:///C:/Users/10273/.m2/repository/com/github/almasb/fxgl/17.1/fxgl-17.1.jar!/fxglassets/ui/css/fxgl_dark.css
15:06:28.015 [FXGL Background Thread 1 ] DEBUG GameApplicationServi - Applying CSS: tank.css
15:06:28.015 [FXGL Background Thread 1 ] DEBUG FXGLAssetLoaderServi - Loading from file system: file:/E:/java%20project/tank/target/classes/assets/ui/css/tank.css
15:06:28.016 [FXGL Background Thread 1 ] DEBUG GameApplicationServi - Initializing application scenes
15:06:28.021 [FXGL Background Thread 1 ] DEBUG GameWorld            - Game world initialized
15:06:28.072 [FXGL Background Thread 1 ] DEBUG PhysicsWorld         - Physics world initialized: appHeight=1152, physics.ppm=50.0
15:06:28.073 [FXGL Background Thread 1 ] DEBUG PhysicsWorld         - Using strategy: BRUTE_FORCE
15:06:28.077 [FXGL Background Thread 1 ] DEBUG GameScene            - Game scene initialized: 2048x1152
15:06:28.082 [FXGL Background Thread 1 ] DEBUG FXGLAssetLoaderServi - Loading from file system: file:/E:/java%20project/tank/target/classes/assets/textures/MainMenu.png
15:06:28.203 [FXGL Background Thread 1 ] DEBUG FXGL.DefaultMenu     - createMenuBodyGameMenu()
15:06:28.212 [FXGL Background Thread 1 ] DEBUG FXGL.DefaultMenu     - createOptionsMenu()
15:06:28.219 [FXGL Background Thread 1 ] DEBUG FXGLAssetLoaderServi - Loading from file system: jar:file:///C:/Users/10273/.m2/repository/com/github/almasb/fxgl/17.1/fxgl-17.1.jar!/fxglassets/textures/particles/smoke.png
15:06:28.295 [FXGL Background Thread 1 ] DEBUG FXGLAssetLoaderServi - Loading from file system: jar:file:///C:/Users/10273/.m2/repository/com/github/almasb/fxgl/17.1/fxgl-17.1.jar!/fxglassets/textures/particles/trace_horizontal.png
15:06:28.312 [FXGL Background Thread 1 ] DEBUG GameApplicationServi - Application scenes initialized
15:06:28.324 [FXGL Background Thread 1 ] DEBUG SystemBundleService  - Loading FXGL system data
15:06:28.327 [FXGL Background Thread 1 ] DEBUG FileSystemAccess     - Reading from: E:\java project\tank\system\fxgl.bundle
15:06:28.333 [FXGL Background Thread 1 ] DEBUG SystemBundleService  - Bundle FXGL: {}
15:06:28.333 [FXGL Background Thread 1 ] DEBUG UpdaterService       - Checking for updates
15:06:28.336 [FXGL Background Thread 1 ] DEBUG FXGLApplication      - Loading default localization
15:06:28.336 [FXGL Background Thread 4 ] DEBUG FXGLApplication      - Loading fonts
15:06:28.337 [FXGL Background Thread 1 ] DEBUG FXGLAssetLoaderServi - Loading from file system: jar:file:///C:/Users/10273/.m2/repository/com/github/almasb/fxgl/17.1/fxgl-17.1.jar!/fxglassets/languages/english.lang
15:06:28.337 [FXGL Background Thread 4 ] DEBUG FXGLAssetLoaderServi - Loading from file system: jar:file:///C:/Users/10273/.m2/repository/com/github/almasb/fxgl/17.1/fxgl-17.1.jar!/fxglassets/ui/fonts/VarelaRound-Regular.ttf
15:06:28.377 [FXGL Background Thread 1 ] INFO  FXGLApplication      - FXGL initialization took: 0.441 sec
15:06:28.387 [JavaFX Application Thread] DEBUG Input                - Registered new binding: action0 - Up
15:06:28.388 [JavaFX Application Thread] DEBUG Input                - Registered new binding: action1 - Down
15:06:28.388 [JavaFX Application Thread] DEBUG Input                - Registered new binding: action2 - Left
15:06:28.391 [JavaFX Application Thread] DEBUG Input                - Registered new binding: action3 - Right
15:06:28.392 [JavaFX Application Thread] DEBUG Input                - Registered new binding: action4 - Space
15:06:28.393 [JavaFX Application Thread] DEBUG FXGLAssetLoaderServi - Loading from file system: file:/E:/java%20project/tank/target/classes/assets/textures/joker.jpg
15:06:28.409 [FXGL Background Thread 4 ] DEBUG FXGLAssetLoaderServi - Loading from file system: jar:file:///C:/Users/10273/.m2/repository/com/github/almasb/fxgl/17.1/fxgl-17.1.jar!/fxglassets/ui/fonts/Abel-Regular.ttf
15:06:28.412 [FXGL Background Thread 4 ] DEBUG FXGLAssetLoaderServi - Loading from file system: jar:file:///C:/Users/10273/.m2/repository/com/github/almasb/fxgl/17.1/fxgl-17.1.jar!/fxglassets/ui/fonts/TerminalLandMono-Regular.otf
15:06:28.415 [FXGL Background Thread 4 ] DEBUG FXGLAssetLoaderServi - Loading from file system: jar:file:///C:/Users/10273/.m2/repository/com/github/almasb/fxgl/17.1/fxgl-17.1.jar!/fxglassets/ui/fonts/Courier-Prime.ttf
15:06:28.426 [JavaFX Application Thread] DEBUG FXGLAssetLoaderServi - Loading from file system: jar:file:///C:/Users/10273/.m2/repository/com/github/almasb/fxgl/17.1/fxgl-17.1.jar!/fxglassets/textures/fxgl_default_cursor.png
15:06:28.427 [JavaFX Application Thread] DEBUG Input                - Registered new binding: Screenshot - CTRL+8
15:06:28.428 [JavaFX Application Thread] DEBUG Input                - Registered new binding: System info dump - CTRL+9
15:06:28.428 [JavaFX Application Thread] DEBUG Input                - Registered new binding: Restart - CTRL+R
15:06:28.430 [JavaFX Application Thread] DEBUG Input                - Registered new binding: Toggle Debug Camera - CTRL+7
15:06:28.433 [JavaFX Application Thread] DEBUG LoopRunner           - Starting loop
15:06:28.433 [JavaFX Application Thread] DEBUG LoopRunner           - Initializing JavaFX AnimationTimerLoop
15:06:28.437 [JavaFX Application Thread] DEBUG Input                - Clearing active input actions
15:06:28.444 [JavaFX Application Thread] DEBUG GameApplicationServi - Removing overlay from StartScene and adding to FXGLMainMenuDummyScene
15:06:28.444 [JavaFX Application Thread] DEBUG PrimaryStageWindow   - StartScene -> FXGLMainMenuDummyScene
15:06:28.444 [JavaFX Application Thread] DEBUG PrimaryStageWindow   - Push state: Main_menu
15:06:28.445 [JavaFX Application Thread] DEBUG Input                - Clearing active input actions
15:06:28.451 [JavaFX Application Thread] DEBUG GameApplicationServi - Removing overlay from FXGLMainMenuDummyScene and adding to Main_menu
15:06:28.451 [JavaFX Application Thread] DEBUG PrimaryStageWindow   - FXGLMainMenuDummyScene -> Main_menu
15:06:28.454 [JavaFX Application Thread] DEBUG FXGLApplication      - Registering font factories with UI factory
15:06:28.917 [FXGL Background Thread 2 ] INFO  UpdaterService       - Your current version:  17.1
15:06:28.917 [FXGL Background Thread 2 ] INFO  UpdaterService       - Latest stable version: 17.2
15:06:29.554 [JavaFX Application Thread] DEBUG GameApplicationServi - Starting new game
15:06:29.554 [JavaFX Application Thread] DEBUG PrimaryStageWindow   - Pop state: Main_menu
15:06:29.554 [JavaFX Application Thread] DEBUG Input                - Clearing active input actions
15:06:29.558 [JavaFX Application Thread] DEBUG GameApplicationServi - Removing overlay from Main_menu and adding to FXGLMainMenuDummyScene
15:06:29.558 [JavaFX Application Thread] DEBUG PrimaryStageWindow   - FXGLMainMenuDummyScene <- Main_menu
15:06:29.559 [JavaFX Application Thread] DEBUG Input                - Clearing active input actions
15:06:29.573 [JavaFX Application Thread] DEBUG GameApplicationServi - Removing overlay from FXGLMainMenuDummyScene and adding to Loading_Scene
15:06:29.574 [JavaFX Application Thread] DEBUG PrimaryStageWindow   - FXGLMainMenuDummyScene -> Loading_Scene
15:06:29.574 [JavaFX Application Thread] DEBUG GameApplicationServi - Clearing previous game
15:06:29.574 [JavaFX Application Thread] DEBUG GameScene            - Clearing game scene
15:06:29.575 [JavaFX Application Thread] DEBUG GameWorld            - Clearing game world
15:06:29.578 [JavaFX Application Thread] DEBUG PhysicsWorld         - Clearing physics world
15:06:29.583 [FXGL Background Thread 2 ] DEBUG FXGLApplication      - Initializing game
15:06:29.612 [FXGL Background Thread 2 ] WARN  TMXLevelLoader       - TiledMap generated from 1.8.4. Supported version: 1.4.2. Some features may not be parsed fully.
15:06:29.641 [FXGL Background Thread 2 ] DEBUG TMXLevelLoader       - Parsed TiledMap: file:/E:/java%20project/tank/target/classes/assets/levels/test1.tmx
15:06:29.643 [FXGL Background Thread 2 ] DEBUG TMXLevelLoader       - Creating tile layer entities
15:06:29.643 [FXGL Background Thread 2 ] DEBUG TMXLevelLoader       - Creating object layer entities
15:06:29.737 [FXGL Background Thread 2 ] DEBUG GameWorld            - Clearing removable entities
15:06:29.738 [FXGL Background Thread 2 ] DEBUG GameWorld            - Setting level: com.almasb.fxgl.entity.level.Level@7e0e2f21
15:06:29.748 [FXGL Background Thread 2 ] DEBUG FXGLAssetLoaderServi - Loading from file system: file:/E:/java%20project/tank/target/classes/assets/textures/element/Tank.png
15:06:29.749 [FXGL Background Thread 2 ] WARN  Entity               - Entity already has component: com.kenny.tank.components.TankComponent
15:06:29.751 [FXGL Background Thread 2 ] DEBUG FXGLAssetLoaderServi - Loading from file system: file:/E:/java%20project/tank/target/classes/assets/textures/Enemytank.png
15:06:29.755 [FXGL Background Thread 2 ] DEBUG FXGLAssetLoaderServi - Loading from file system: file:/E:/java%20project/tank/target/classes/assets/textures/Chicken.png
15:06:29.760 [FXGL Background Thread 2 ] DEBUG FXGLAssetLoaderServi - Loading from file system: file:/E:/java%20project/tank/target/classes/assets/textures/BossTank.png
15:06:29.764 [FXGL Background Thread 2 ] INFO  FXGLApplication      - Game initialization took: 0.181 sec
15:06:29.764 [JavaFX Application Thread] DEBUG Input                - Clearing active input actions
15:06:29.774 [JavaFX Application Thread] DEBUG GameApplicationServi - Removing overlay from Loading_Scene and adding to GameScene
15:06:29.774 [JavaFX Application Thread] DEBUG PrimaryStageWindow   - Loading_Scene -> GameScene
15:06:30.274 [JavaFX Application Thread] DEBUG FXGLAssetLoaderServi - Loading from file system: file:/E:/java%20project/tank/target/classes/assets/textures/element/Enemybullet.png
15:06:30.360 [JavaFX Application Thread] DEBUG FXGLAssetLoaderServi - Loading from file system: file:/E:/java%20project/tank/target/classes/assets/textures/SmallBoom.png
15:06:30.683 [JavaFX Application Thread] DEBUG FXGLAssetLoaderServi - Loading from file system: file:/E:/java%20project/tank/target/classes/assets/sounds/boom.wav
15:06:30.774 [JavaFX Application Thread] DEBUG FXGLAssetLoaderServi - Loading from file system: file:/E:/java%20project/tank/target/classes/assets/textures/element/Bullet.png
15:06:31.337 [FXGL Background Thread 3 ] DEBUG Engine               - Logging environment variables
15:06:31.337 [FXGL Background Thread 3 ] DEBUG Engine               - achievements: []
15:06:31.337 [FXGL Background Thread 3 ] DEBUG Engine               - actualHeight: 960.0
15:06:31.337 [FXGL Background Thread 3 ] DEBUG Engine               - actualHeightProperty: ReadOnlyDoubleProperty [value: 960.0]
15:06:31.337 [FXGL Background Thread 3 ] DEBUG Engine               - actualWidth: 1682.0
15:06:31.338 [FXGL Background Thread 3 ] DEBUG Engine               - actualWidthProperty: ReadOnlyDoubleProperty [value: 1682.0]
15:06:31.338 [FXGL Background Thread 3 ] DEBUG Engine               - appIcon: joker.jpg
15:06:31.338 [FXGL Background Thread 3 ] DEBUG Engine               - applicationMode: DEVELOPER
15:06:31.338 [FXGL Background Thread 3 ] DEBUG Engine               - cSSList: [fxgl_dark.css, tank.css]
15:06:31.338 [FXGL Background Thread 3 ] DEBUG Engine               - collisionDetectionStrategy: BRUTE_FORCE
15:06:31.338 [FXGL Background Thread 3 ] DEBUG Engine               - configClass: Optional.empty
15:06:31.338 [FXGL Background Thread 3 ] DEBUG Engine               - credits: []
15:06:31.338 [FXGL Background Thread 3 ] DEBUG Engine               - defaultCursor: CursorInfo(imageName=fxgl_default_cursor.png, hotspotX=7.0, hotspotY=6.0)
15:06:31.338 [FXGL Background Thread 3 ] DEBUG Engine               - devBBoxColorProperty: ObjectProperty [value: 0xff0000ff]
15:06:31.339 [FXGL Background Thread 3 ] DEBUG Engine               - devEnableDebugCameraProperty: BooleanProperty [value: false]
15:06:31.339 [FXGL Background Thread 3 ] DEBUG Engine               - devSensorColorProperty: ObjectProperty [value: 0xffff00ff]
15:06:31.339 [FXGL Background Thread 3 ] DEBUG Engine               - devShowBBoxProperty: BooleanProperty [value: false]
15:06:31.340 [FXGL Background Thread 3 ] DEBUG Engine               - devShowPositionProperty: BooleanProperty [value: false]
15:06:31.340 [FXGL Background Thread 3 ] DEBUG Engine               - enabledMenuItems: []
15:06:31.340 [FXGL Background Thread 3 ] DEBUG Engine               - engineServices: [class com.almasb.fxgl.app.services.FXGLAssetLoaderService, class com.almasb.fxgl.app.FXGLApplication$GameApplicationService, class com.almasb.fxgl.app.services.FXGLDialogService, class com.almasb.fxgl.app.services.IOTaskExecutorService, class com.almasb.fxgl.io.FileSystemService, class com.almasb.fxgl.localization.LocalizationService, class com.almasb.fxgl.app.services.SystemBundleService, class com.almasb.fxgl.profile.SaveLoadService, class com.almasb.fxgl.ui.FXGLUIFactoryServiceProvider, class com.almasb.fxgl.ui.FXGLDialogFactoryServiceProvider, class com.almasb.fxgl.audio.AudioPlayer, class com.almasb.fxgl.notification.impl.NotificationServiceProvider, class com.almasb.fxgl.achievement.AchievementService, class com.almasb.fxgl.cutscene.CutsceneService, class com.almasb.fxgl.minigames.MiniGameService, class com.almasb.fxgl.net.NetService, class com.almasb.fxgl.app.services.UpdaterService, class com.almasb.fxgl.dev.DevService]
15:06:31.340 [FXGL Background Thread 3 ] DEBUG Engine               - fontGame: Abel-Regular.ttf
15:06:31.340 [FXGL Background Thread 3 ] DEBUG Engine               - fontMono: TerminalLandMono-Regular.otf
15:06:31.340 [FXGL Background Thread 3 ] DEBUG Engine               - fontText: Courier-Prime.ttf
15:06:31.340 [FXGL Background Thread 3 ] DEBUG Engine               - fontUI: VarelaRound-Regular.ttf
15:06:31.342 [FXGL Background Thread 3 ] DEBUG Engine               - fullScreen: BooleanProperty [value: false]
15:06:31.342 [FXGL Background Thread 3 ] DEBUG Engine               - gameDifficulty: MEDIUM
15:06:31.342 [FXGL Background Thread 3 ] DEBUG Engine               - gameDifficultyProperty: ObjectProperty [value: MEDIUM]
15:06:31.342 [FXGL Background Thread 3 ] DEBUG Engine               - globalMusicVolume: 0.5
15:06:31.342 [FXGL Background Thread 3 ] DEBUG Engine               - globalMusicVolumeProperty: DoubleProperty [value: 0.5]
15:06:31.342 [FXGL Background Thread 3 ] DEBUG Engine               - globalSoundVolume: 0.5
15:06:31.342 [FXGL Background Thread 3 ] DEBUG Engine               - globalSoundVolumeProperty: DoubleProperty [value: 0.8]
15:06:31.342 [FXGL Background Thread 3 ] DEBUG Engine               - height: 1152
15:06:31.342 [FXGL Background Thread 3 ] DEBUG Engine               - is3D: false
15:06:31.342 [FXGL Background Thread 3 ] DEBUG Engine               - isAndroid: false
15:06:31.343 [FXGL Background Thread 3 ] DEBUG Engine               - isBrowser: false
15:06:31.343 [FXGL Background Thread 3 ] DEBUG Engine               - isClickFeedbackEnabled: false
15:06:31.343 [FXGL Background Thread 3 ] DEBUG Engine               - isCloseConfirmation: false
15:06:31.343 [FXGL Background Thread 3 ] DEBUG Engine               - isDesktop: true
15:06:31.343 [FXGL Background Thread 3 ] DEBUG Engine               - isDeveloperMenuEnabled: false
15:06:31.343 [FXGL Background Thread 3 ] DEBUG Engine               - isEmbedded: false
15:06:31.343 [FXGL Background Thread 3 ] DEBUG Engine               - isEntityPreloadEnabled: true
15:06:31.343 [FXGL Background Thread 3 ] DEBUG Engine               - isExperimentalTiledLargeMap: false
15:06:31.343 [FXGL Background Thread 3 ] DEBUG Engine               - isFileSystemWriteAllowed: true
15:06:31.343 [FXGL Background Thread 3 ] DEBUG Engine               - isFullScreenAllowed: false
15:06:31.343 [FXGL Background Thread 3 ] DEBUG Engine               - isFullScreenFromStart: false
15:06:31.343 [FXGL Background Thread 3 ] DEBUG Engine               - isGameMenuEnabled: true
15:06:31.343 [FXGL Background Thread 3 ] DEBUG Engine               - isIOS: false
15:06:31.343 [FXGL Background Thread 3 ] DEBUG Engine               - isIntroEnabled: false
15:06:31.343 [FXGL Background Thread 3 ] DEBUG Engine               - isLinux: false
15:06:31.343 [FXGL Background Thread 3 ] DEBUG Engine               - isMac: false
15:06:31.343 [FXGL Background Thread 3 ] DEBUG Engine               - isMainMenuEnabled: true
15:06:31.343 [FXGL Background Thread 3 ] DEBUG Engine               - isManualResizeEnabled: false
15:06:31.343 [FXGL Background Thread 3 ] DEBUG Engine               - isMobile: false
15:06:31.343 [FXGL Background Thread 3 ] DEBUG Engine               - isNative: false
15:06:31.343 [FXGL Background Thread 3 ] DEBUG Engine               - isPauseMusicWhenMinimized: true
15:06:31.343 [FXGL Background Thread 3 ] DEBUG Engine               - isPreserveResizeRatio: false
15:06:31.343 [FXGL Background Thread 3 ] DEBUG Engine               - isProfilingEnabled: false
15:06:31.344 [FXGL Background Thread 3 ] DEBUG Engine               - isScaleAffectedOnResize: true
15:06:31.344 [FXGL Background Thread 3 ] DEBUG Engine               - isSingleStep: false
15:06:31.344 [FXGL Background Thread 3 ] DEBUG Engine               - isUserProfileEnabled: false
15:06:31.344 [FXGL Background Thread 3 ] DEBUG Engine               - isWindows: true
15:06:31.344 [FXGL Background Thread 3 ] DEBUG Engine               - language: ObjectProperty [value: ENGLISH]
15:06:31.344 [FXGL Background Thread 3 ] DEBUG Engine               - menuKey: ESCAPE
15:06:31.344 [FXGL Background Thread 3 ] DEBUG Engine               - mouseSensitivity: 0.2
15:06:31.344 [FXGL Background Thread 3 ] DEBUG Engine               - notificationViewClass: class com.almasb.fxgl.notification.view.XboxNotificationView
15:06:31.344 [FXGL Background Thread 3 ] DEBUG Engine               - pixelsPerMeter: 50.0
15:06:31.344 [FXGL Background Thread 3 ] DEBUG Engine               - platform: WINDOWS
15:06:31.344 [FXGL Background Thread 3 ] DEBUG Engine               - prefHeightProperty: ReadOnlyDoubleProperty [value: 1152.0]
15:06:31.344 [FXGL Background Thread 3 ] DEBUG Engine               - prefWidthProperty: ReadOnlyDoubleProperty [value: 2048.0]
15:06:31.344 [FXGL Background Thread 3 ] DEBUG Engine               - profileDir: profiles/
15:06:31.344 [FXGL Background Thread 3 ] DEBUG Engine               - profileName: StringProperty [value: DEFAULT]
15:06:31.344 [FXGL Background Thread 3 ] DEBUG Engine               - randomSeed: -1
15:06:31.345 [FXGL Background Thread 3 ] DEBUG Engine               - runtimeInfo: RuntimeInfo(platform=WINDOWS, version=17.1, build=24.03.2022 17.34)
15:06:31.345 [FXGL Background Thread 3 ] DEBUG Engine               - saveFileExt: sav
15:06:31.345 [FXGL Background Thread 3 ] DEBUG Engine               - scaledHeightProp$fxgl: DoubleProperty [bound, value: 960.0]
15:06:31.345 [FXGL Background Thread 3 ] DEBUG Engine               - scaledWidthProp$fxgl: DoubleProperty [bound, value: 1682.0]
15:06:31.345 [FXGL Background Thread 3 ] DEBUG Engine               - sceneFactory: com.kenny.tank.TankApp$1@78d22fdc
15:06:31.345 [FXGL Background Thread 3 ] DEBUG Engine               - secondsIn24h: 60
15:06:31.345 [FXGL Background Thread 3 ] DEBUG Engine               - soundMenuBack: menu/back.wav
15:06:31.345 [FXGL Background Thread 3 ] DEBUG Engine               - soundMenuPress: menu/press.wav
15:06:31.345 [FXGL Background Thread 3 ] DEBUG Engine               - soundMenuSelect: menu/select.wav
15:06:31.345 [FXGL Background Thread 3 ] DEBUG Engine               - soundNotification: core/notification.wav
15:06:31.345 [FXGL Background Thread 3 ] DEBUG Engine               - stageStyle: DECORATED
15:06:31.345 [FXGL Background Thread 3 ] DEBUG Engine               - supportedLanguages: [ENGLISH, FRENCH, GERMAN, HUNGARIAN, RUSSIAN]
15:06:31.345 [FXGL Background Thread 3 ] DEBUG Engine               - ticksPerSecond: -1
15:06:31.345 [FXGL Background Thread 3 ] DEBUG Engine               - title: All star battle
15:06:31.346 [FXGL Background Thread 3 ] DEBUG Engine               - urlGithub: https://github.com/AlmasB/FXGL
15:06:31.346 [FXGL Background Thread 3 ] DEBUG Engine               - urlLeaderboard: http://fxgl-top.herokuapp.com/
15:06:31.346 [FXGL Background Thread 3 ] DEBUG Engine               - urlPOM: https://raw.githubusercontent.com/AlmasB/FXGL/release/README.md
15:06:31.346 [FXGL Background Thread 3 ] DEBUG Engine               - userAppClass: class com.kenny.tank.TankApp
15:06:31.346 [FXGL Background Thread 3 ] DEBUG Engine               - version: 0.1
15:06:31.346 [FXGL Background Thread 3 ] DEBUG Engine               - versionCheckDays: 7
15:06:31.346 [FXGL Background Thread 3 ] DEBUG Engine               - width: 2048
15:06:31.346 [FXGL Background Thread 3 ] DEBUG Engine               - Logging services
15:06:31.347 [FXGL Background Thread 3 ] DEBUG Engine               - class com.almasb.fxgl.app.services.FXGLAssetLoaderService
15:06:31.347 [FXGL Background Thread 3 ] DEBUG Engine               - class com.almasb.fxgl.app.FXGLApplication$GameApplicationService
15:06:31.347 [FXGL Background Thread 3 ] DEBUG Engine               - class com.almasb.fxgl.app.services.FXGLDialogService
15:06:31.347 [FXGL Background Thread 3 ] DEBUG Engine               - class com.almasb.fxgl.app.services.IOTaskExecutorService
15:06:31.347 [FXGL Background Thread 3 ] DEBUG Engine               - class com.almasb.fxgl.io.FileSystemService
15:06:31.347 [FXGL Background Thread 3 ] DEBUG Engine               - class com.almasb.fxgl.localization.LocalizationService
15:06:31.347 [FXGL Background Thread 3 ] DEBUG Engine               - class com.almasb.fxgl.app.services.SystemBundleService
15:06:31.347 [FXGL Background Thread 3 ] DEBUG Engine               - class com.almasb.fxgl.profile.SaveLoadService
15:06:31.347 [FXGL Background Thread 3 ] DEBUG Engine               - class com.almasb.fxgl.ui.FXGLUIFactoryServiceProvider
15:06:31.347 [FXGL Background Thread 3 ] DEBUG Engine               - class com.almasb.fxgl.ui.FXGLDialogFactoryServiceProvider
15:06:31.347 [FXGL Background Thread 3 ] DEBUG Engine               - class com.almasb.fxgl.audio.AudioPlayer
15:06:31.347 [FXGL Background Thread 3 ] DEBUG Engine               - class com.almasb.fxgl.notification.impl.NotificationServiceProvider
15:06:31.347 [FXGL Background Thread 3 ] DEBUG Engine               - class com.almasb.fxgl.achievement.AchievementService
15:06:31.347 [FXGL Background Thread 3 ] DEBUG Engine               - class com.almasb.fxgl.cutscene.CutsceneService
15:06:31.347 [FXGL Background Thread 3 ] DEBUG Engine               - class com.almasb.fxgl.minigames.MiniGameService
15:06:31.347 [FXGL Background Thread 3 ] DEBUG Engine               - class com.almasb.fxgl.net.NetService
15:06:31.347 [FXGL Background Thread 3 ] DEBUG Engine               - class com.almasb.fxgl.app.services.UpdaterService
15:06:31.347 [FXGL Background Thread 3 ] DEBUG Engine               - class com.almasb.fxgl.dev.DevService
15:06:37.883 [JavaFX Application Thread] DEBUG FXGLAssetLoaderServi - Loading from file system: file:/E:/java%20project/tank/target/classes/assets/textures/boom.png
15:06:37.901 [JavaFX Application Thread] DEBUG PrimaryStageWindow   - Push state: EggScene
15:06:37.901 [JavaFX Application Thread] DEBUG Input                - Clearing active input actions
15:06:37.901 [JavaFX Application Thread] DEBUG GameApplicationServi - Removing overlay from GameScene and adding to EggScene
15:06:37.902 [JavaFX Application Thread] DEBUG PrimaryStageWindow   - GameScene -> EggScene
15:06:39.905 [JavaFX Application Thread] DEBUG PrimaryStageWindow   - Pop state: EggScene
15:06:39.905 [JavaFX Application Thread] DEBUG Input                - Clearing active input actions
15:06:39.906 [JavaFX Application Thread] DEBUG GameApplicationServi - Removing overlay from EggScene and adding to GameScene
15:06:39.906 [JavaFX Application Thread] DEBUG PrimaryStageWindow   - GameScene <- EggScene
15:06:39.909 [JavaFX Application Thread] WARN  TMXLevelLoader       - TiledMap generated from 1.8.4. Supported version: 1.4.2. Some features may not be parsed fully.
15:06:39.909 [JavaFX Application Thread] DEBUG TMXLevelLoader       - Parsed TiledMap: file:/E:/java%20project/tank/target/classes/assets/levels/Chicken.tmx
15:06:39.909 [JavaFX Application Thread] DEBUG TMXLevelLoader       - Creating tile layer entities
15:06:39.909 [JavaFX Application Thread] DEBUG TMXLevelLoader       - Creating object layer entities
15:06:39.913 [JavaFX Application Thread] DEBUG GameWorld            - Clearing removable entities
15:06:39.930 [JavaFX Application Thread] DEBUG GameWorld            - Setting level: com.almasb.fxgl.entity.level.Level@4b0a4302
15:06:39.932 [JavaFX Application Thread] WARN  Entity               - Entity already has component: com.kenny.tank.components.TankComponent
15:06:47.487 [JavaFX Application Thread] DEBUG FXGLAssetLoaderServi - Loading from file system: file:/E:/java%20project/tank/target/classes/assets/textures/Props/HEART.png
15:06:55.109 [JavaFX Application Thread] DEBUG FXGLAssetLoaderServi - Loading from file system: file:/E:/java%20project/tank/target/classes/assets/textures/Props/GOD.png
15:06:57.012 [JavaFX Application Thread] DEBUG FXGLAssetLoaderServi - Loading from file system: file:/E:/java%20project/tank/target/classes/assets/textures/Props/LUCKYBLOCK.png
15:06:57.441 [JavaFX Application Thread] DEBUG PrimaryStageWindow   - Push state: FXGLDefaultMenu
15:06:57.447 [JavaFX Application Thread] DEBUG Input                - Clearing active input actions
15:06:57.450 [JavaFX Application Thread] DEBUG GameApplicationServi - Removing overlay from GameScene and adding to FXGLDefaultMenu
15:06:57.450 [JavaFX Application Thread] DEBUG PrimaryStageWindow   - GameScene -> FXGLDefaultMenu
15:06:59.070 [JavaFX Application Thread] DEBUG Menu                 - fireExitToMainMenu()
15:06:59.074 [JavaFX Application Thread] DEBUG PrimaryStageWindow   - Push state: DialogSubScene
15:06:59.074 [JavaFX Application Thread] DEBUG Input                - Clearing active input actions
15:06:59.075 [JavaFX Application Thread] DEBUG GameApplicationServi - Removing overlay from FXGLDefaultMenu and adding to DialogSubScene
15:06:59.075 [JavaFX Application Thread] DEBUG PrimaryStageWindow   - FXGLDefaultMenu -> DialogSubScene
15:07:00.049 [JavaFX Application Thread] DEBUG PrimaryStageWindow   - Pop state: DialogSubScene
15:07:00.049 [JavaFX Application Thread] DEBUG Input                - Clearing active input actions
15:07:00.049 [JavaFX Application Thread] DEBUG GameApplicationServi - Removing overlay from DialogSubScene and adding to FXGLDefaultMenu
15:07:00.049 [JavaFX Application Thread] DEBUG PrimaryStageWindow   - FXGLDefaultMenu <- DialogSubScene
15:07:00.052 [JavaFX Application Thread] DEBUG PrimaryStageWindow   - Pop state: FXGLDefaultMenu
15:07:00.052 [JavaFX Application Thread] DEBUG Input                - Clearing active input actions
15:07:00.053 [JavaFX Application Thread] DEBUG GameApplicationServi - Removing overlay from FXGLDefaultMenu and adding to GameScene
15:07:00.053 [JavaFX Application Thread] DEBUG PrimaryStageWindow   - GameScene <- FXGLDefaultMenu
15:07:00.054 [JavaFX Application Thread] DEBUG Input                - Clearing active input actions
15:07:00.064 [JavaFX Application Thread] DEBUG GameApplicationServi - Removing overlay from GameScene and adding to FXGLMainMenuDummyScene
15:07:00.064 [JavaFX Application Thread] DEBUG PrimaryStageWindow   - GameScene -> FXGLMainMenuDummyScene
15:07:00.064 [JavaFX Application Thread] DEBUG PrimaryStageWindow   - Push state: Main_menu
15:07:00.066 [JavaFX Application Thread] DEBUG Input                - Clearing active input actions
15:07:00.067 [JavaFX Application Thread] DEBUG GameApplicationServi - Removing overlay from FXGLMainMenuDummyScene and adding to Main_menu
15:07:00.067 [JavaFX Application Thread] DEBUG PrimaryStageWindow   - FXGLMainMenuDummyScene -> Main_menu
15:07:01.132 [JavaFX Application Thread] DEBUG FXGLApplication      - Exiting FXGL
15:07:01.132 [JavaFX Application Thread] DEBUG LoopRunner           - Stopping loop
15:07:01.132 [JavaFX Application Thread] DEBUG SystemBundleService  - Saving FXGL system data
15:07:01.135 [JavaFX Application Thread] DEBUG FileSystemAccess     - Writing to: E:\java project\tank\system\fxgl.bundle
15:07:01.138 [JavaFX Application Thread] DEBUG Async                - Shutting down background threads
15:07:01.138 [JavaFX Application Thread] DEBUG PrimaryStageWindow   - Closing main window
15:07:01.180 [JavaFX Application Thread] DEBUG Logger               - Closing Logger
