20:48:32.583 [main                     ] DEBUG Logger               - Configured Logger
20:48:32.600 [main                     ] DEBUG GameApplication      - Logging settings
Title: All star battle
Version: 0.1
Width: 2048
Height: 1152
Fullscreen: false
Intro: false
Profiling: false
Single step:false
App Mode: DEVELOPER
Menu Key: ESCAPE
Stage Style: DECORATED
Scene Factory: class com.kenny.tank.AllStarBattleApp$1

20:48:32.859 [JavaFX Application Thread] DEBUG FXGLApplication      - Initializing FXGL
20:48:32.863 [JavaFX Application Thread] INFO  Engine               - FXGL-17.1 (24.03.2022 17.34) on WINDOWS (J:17.0.6 FX:18)
20:48:32.863 [JavaFX Application Thread] DEBUG Engine               - JRE Vendor Name: Amazon.com Inc.
20:48:32.863 [JavaFX Application Thread] DEBUG Engine               - Running on OS: Windows 11 version 10.0
20:48:32.863 [JavaFX Application Thread] DEBUG Engine               - Architecture: amd64
20:48:32.863 [JavaFX Application Thread] INFO  Engine               - Source code and latest versions at: https://github.com/AlmasB/FXGL
20:48:32.864 [JavaFX Application Thread] INFO  Engine               -       Ask questions and discuss at: https://github.com/AlmasB/FXGL/discussions
20:48:32.864 [JavaFX Application Thread] INFO  Engine               -              Join the FXGL chat at: https://gitter.im/AlmasB/FXGL
20:48:32.907 [JavaFX Application Thread] DEBUG PrimaryStageWindow   - Creating a JavaFX scene
20:48:32.907 [JavaFX Application Thread] DEBUG PrimaryStageWindow   - Target size > screen size
20:48:32.931 [JavaFX Application Thread] DEBUG PrimaryStageWindow   - Target settings size: 2048.0 x 1152.0
20:48:32.931 [JavaFX Application Thread] DEBUG PrimaryStageWindow   - Scaled scene size:    1682.0 x 960.0
20:48:32.932 [JavaFX Application Thread] DEBUG PrimaryStageWindow   - Scaled ratio: (0.8212890625, 0.8333333333333334)
20:48:32.932 [JavaFX Application Thread] DEBUG PrimaryStageWindow   - Set initial scene to StartScene
20:48:32.937 [JavaFX Application Thread] DEBUG PrimaryStageWindow   - Opening main window
20:48:33.025 [JavaFX Application Thread] DEBUG PrimaryStageWindow   - Window border size: (14.6666259765625, 37.33331298828125)
20:48:33.026 [JavaFX Application Thread] DEBUG PrimaryStageWindow   - Scaled size: 1682.0 x 960.0
20:48:33.026 [JavaFX Application Thread] DEBUG PrimaryStageWindow   - Scaled ratio: (0.8212890625, 0.8333333333333334)
20:48:33.026 [JavaFX Application Thread] DEBUG PrimaryStageWindow   - Scene size: 1682.0 x 960.0
20:48:33.026 [JavaFX Application Thread] DEBUG PrimaryStageWindow   - Stage size: 1696.6666259765625 x 997.3333129882812
20:48:33.030 [FXGL Background Thread 1 ] DEBUG Engine               - Initializing environment variables
20:48:33.049 [FXGL Background Thread 1 ] DEBUG FXGLAssetLoaderServi - User app class for loading assets: class com.kenny.tank.AllStarBattleApp
20:48:33.050 [FXGL Background Thread 1 ] DEBUG GameApplicationServi - Applying CSS: fxgl_dark.css
20:48:33.050 [FXGL Background Thread 1 ] DEBUG FXGLAssetLoaderServi - Loading from file system: jar:file:///C:/Users/10273/.m2/repository/com/github/almasb/fxgl/17.1/fxgl-17.1.jar!/fxglassets/ui/css/fxgl_dark.css
20:48:33.082 [FXGL Background Thread 1 ] DEBUG GameApplicationServi - Applying CSS: tank.css
20:48:33.082 [FXGL Background Thread 1 ] DEBUG FXGLAssetLoaderServi - Loading from file system: file:/E:/java%20project/tank/target/classes/assets/ui/css/tank.css
20:48:33.083 [FXGL Background Thread 1 ] DEBUG GameApplicationServi - Initializing application scenes
20:48:33.085 [FXGL Background Thread 1 ] DEBUG GameWorld            - Game world initialized
20:48:33.122 [FXGL Background Thread 1 ] DEBUG PhysicsWorld         - Physics world initialized: appHeight=1152, physics.ppm=50.0
20:48:33.122 [FXGL Background Thread 1 ] DEBUG PhysicsWorld         - Using strategy: BRUTE_FORCE
20:48:33.125 [FXGL Background Thread 1 ] DEBUG GameScene            - Game scene initialized: 2048x1152
20:48:33.129 [FXGL Background Thread 1 ] DEBUG FXGLAssetLoaderServi - Loading from file system: file:/E:/java%20project/tank/target/classes/assets/textures/MainMenu.png
20:48:33.213 [FXGL Background Thread 1 ] DEBUG FXGLAssetLoaderServi - Loading from file system: file:/E:/java%20project/tank/target/classes/assets/textures/R-C.jpg
20:48:33.231 [FXGL Background Thread 1 ] DEBUG FXGL.DefaultMenu     - createMenuBodyGameMenu()
20:48:33.238 [FXGL Background Thread 1 ] DEBUG FXGL.DefaultMenu     - createOptionsMenu()
20:48:33.244 [FXGL Background Thread 1 ] DEBUG FXGLAssetLoaderServi - Loading from file system: jar:file:///C:/Users/10273/.m2/repository/com/github/almasb/fxgl/17.1/fxgl-17.1.jar!/fxglassets/textures/particles/smoke.png
20:48:33.291 [FXGL Background Thread 1 ] DEBUG FXGLAssetLoaderServi - Loading from file system: jar:file:///C:/Users/10273/.m2/repository/com/github/almasb/fxgl/17.1/fxgl-17.1.jar!/fxglassets/textures/particles/trace_horizontal.png
20:48:33.301 [FXGL Background Thread 1 ] DEBUG GameApplicationServi - Application scenes initialized
20:48:33.308 [FXGL Background Thread 1 ] DEBUG SystemBundleService  - Loading FXGL system data
20:48:33.311 [FXGL Background Thread 1 ] DEBUG FileSystemAccess     - Reading from: E:\java project\tank\system\fxgl.bundle
20:48:33.316 [FXGL Background Thread 1 ] DEBUG SystemBundleService  - Bundle FXGL: {}
20:48:33.316 [FXGL Background Thread 1 ] DEBUG UpdaterService       - Checking for updates
20:48:33.320 [FXGL Background Thread 4 ] DEBUG FXGLApplication      - Loading fonts
20:48:33.320 [FXGL Background Thread 1 ] DEBUG FXGLApplication      - Loading default localization
20:48:33.320 [FXGL Background Thread 4 ] DEBUG FXGLAssetLoaderServi - Loading from file system: jar:file:///C:/Users/10273/.m2/repository/com/github/almasb/fxgl/17.1/fxgl-17.1.jar!/fxglassets/ui/fonts/VarelaRound-Regular.ttf
20:48:33.321 [FXGL Background Thread 1 ] DEBUG FXGLAssetLoaderServi - Loading from file system: jar:file:///C:/Users/10273/.m2/repository/com/github/almasb/fxgl/17.1/fxgl-17.1.jar!/fxglassets/languages/english.lang
20:48:33.347 [FXGL Background Thread 1 ] INFO  FXGLApplication      - FXGL initialization took: 0.317 sec
20:48:33.355 [JavaFX Application Thread] DEBUG Input                - Registered new binding: action0 - Up
20:48:33.356 [JavaFX Application Thread] DEBUG Input                - Registered new binding: action1 - Down
20:48:33.356 [JavaFX Application Thread] DEBUG Input                - Registered new binding: action2 - Left
20:48:33.357 [JavaFX Application Thread] DEBUG Input                - Registered new binding: action3 - Right
20:48:33.357 [JavaFX Application Thread] DEBUG Input                - Registered new binding: action4 - Space
20:48:33.357 [JavaFX Application Thread] DEBUG FXGLAssetLoaderServi - Loading from file system: file:/E:/java%20project/tank/target/classes/assets/textures/joker.jpg
20:48:33.374 [JavaFX Application Thread] DEBUG FXGLAssetLoaderServi - Loading from file system: jar:file:///C:/Users/10273/.m2/repository/com/github/almasb/fxgl/17.1/fxgl-17.1.jar!/fxglassets/textures/fxgl_default_cursor.png
20:48:33.376 [JavaFX Application Thread] DEBUG Input                - Registered new binding: Screenshot - CTRL+8
20:48:33.376 [JavaFX Application Thread] DEBUG Input                - Registered new binding: System info dump - CTRL+9
20:48:33.376 [FXGL Background Thread 4 ] DEBUG FXGLAssetLoaderServi - Loading from file system: jar:file:///C:/Users/10273/.m2/repository/com/github/almasb/fxgl/17.1/fxgl-17.1.jar!/fxglassets/ui/fonts/Abel-Regular.ttf
20:48:33.377 [JavaFX Application Thread] DEBUG Input                - Registered new binding: Restart - CTRL+R
20:48:33.377 [JavaFX Application Thread] DEBUG Input                - Registered new binding: Toggle Debug Camera - CTRL+7
20:48:33.379 [JavaFX Application Thread] DEBUG LoopRunner           - Starting loop
20:48:33.379 [JavaFX Application Thread] DEBUG LoopRunner           - Initializing JavaFX AnimationTimerLoop
20:48:33.379 [FXGL Background Thread 4 ] DEBUG FXGLAssetLoaderServi - Loading from file system: jar:file:///C:/Users/10273/.m2/repository/com/github/almasb/fxgl/17.1/fxgl-17.1.jar!/fxglassets/ui/fonts/TerminalLandMono-Regular.otf
20:48:33.382 [JavaFX Application Thread] DEBUG Input                - Clearing active input actions
20:48:33.382 [FXGL Background Thread 4 ] DEBUG FXGLAssetLoaderServi - Loading from file system: jar:file:///C:/Users/10273/.m2/repository/com/github/almasb/fxgl/17.1/fxgl-17.1.jar!/fxglassets/ui/fonts/Courier-Prime.ttf
20:48:33.388 [JavaFX Application Thread] DEBUG GameApplicationServi - Removing overlay from StartScene and adding to FXGLMainMenuDummyScene
20:48:33.389 [JavaFX Application Thread] DEBUG PrimaryStageWindow   - StartScene -> FXGLMainMenuDummyScene
20:48:33.389 [JavaFX Application Thread] DEBUG PrimaryStageWindow   - Push state: Main_menu
20:48:33.390 [JavaFX Application Thread] DEBUG Input                - Clearing active input actions
20:48:33.397 [JavaFX Application Thread] DEBUG GameApplicationServi - Removing overlay from FXGLMainMenuDummyScene and adding to Main_menu
20:48:33.398 [JavaFX Application Thread] DEBUG PrimaryStageWindow   - FXGLMainMenuDummyScene -> Main_menu
20:48:33.399 [JavaFX Application Thread] DEBUG FXGLApplication      - Registering font factories with UI factory
20:48:34.027 [FXGL Background Thread 2 ] INFO  UpdaterService       - Your current version:  17.1
20:48:34.027 [FXGL Background Thread 2 ] INFO  UpdaterService       - Latest stable version: 17.3
20:48:36.320 [FXGL Background Thread 3 ] DEBUG Engine               - Logging environment variables
20:48:36.320 [FXGL Background Thread 3 ] DEBUG Engine               - achievements: []
20:48:36.321 [FXGL Background Thread 3 ] DEBUG Engine               - actualHeight: 960.0
20:48:36.321 [FXGL Background Thread 3 ] DEBUG Engine               - actualHeightProperty: ReadOnlyDoubleProperty [value: 960.0]
20:48:36.321 [FXGL Background Thread 3 ] DEBUG Engine               - actualWidth: 1682.0
20:48:36.321 [FXGL Background Thread 3 ] DEBUG Engine               - actualWidthProperty: ReadOnlyDoubleProperty [value: 1682.0]
20:48:36.322 [FXGL Background Thread 3 ] DEBUG Engine               - appIcon: joker.jpg
20:48:36.322 [FXGL Background Thread 3 ] DEBUG Engine               - applicationMode: DEVELOPER
20:48:36.322 [FXGL Background Thread 3 ] DEBUG Engine               - cSSList: [fxgl_dark.css, tank.css]
20:48:36.323 [FXGL Background Thread 3 ] DEBUG Engine               - collisionDetectionStrategy: BRUTE_FORCE
20:48:36.323 [FXGL Background Thread 3 ] DEBUG Engine               - configClass: Optional.empty
20:48:36.323 [FXGL Background Thread 3 ] DEBUG Engine               - credits: []
20:48:36.325 [FXGL Background Thread 3 ] DEBUG Engine               - defaultCursor: CursorInfo(imageName=fxgl_default_cursor.png, hotspotX=7.0, hotspotY=6.0)
20:48:36.325 [FXGL Background Thread 3 ] DEBUG Engine               - devBBoxColorProperty: ObjectProperty [value: 0xff0000ff]
20:48:36.325 [FXGL Background Thread 3 ] DEBUG Engine               - devEnableDebugCameraProperty: BooleanProperty [value: false]
20:48:36.325 [FXGL Background Thread 3 ] DEBUG Engine               - devSensorColorProperty: ObjectProperty [value: 0xffff00ff]
20:48:36.325 [FXGL Background Thread 3 ] DEBUG Engine               - devShowBBoxProperty: BooleanProperty [value: false]
20:48:36.325 [FXGL Background Thread 3 ] DEBUG Engine               - devShowPositionProperty: BooleanProperty [value: false]
20:48:36.325 [FXGL Background Thread 3 ] DEBUG Engine               - enabledMenuItems: []
20:48:36.326 [FXGL Background Thread 3 ] DEBUG Engine               - engineServices: [class com.almasb.fxgl.app.services.FXGLAssetLoaderService, class com.almasb.fxgl.app.FXGLApplication$GameApplicationService, class com.almasb.fxgl.app.services.FXGLDialogService, class com.almasb.fxgl.app.services.IOTaskExecutorService, class com.almasb.fxgl.io.FileSystemService, class com.almasb.fxgl.localization.LocalizationService, class com.almasb.fxgl.app.services.SystemBundleService, class com.almasb.fxgl.profile.SaveLoadService, class com.almasb.fxgl.ui.FXGLUIFactoryServiceProvider, class com.almasb.fxgl.ui.FXGLDialogFactoryServiceProvider, class com.almasb.fxgl.audio.AudioPlayer, class com.almasb.fxgl.notification.impl.NotificationServiceProvider, class com.almasb.fxgl.achievement.AchievementService, class com.almasb.fxgl.cutscene.CutsceneService, class com.almasb.fxgl.minigames.MiniGameService, class com.almasb.fxgl.net.NetService, class com.almasb.fxgl.app.services.UpdaterService, class com.almasb.fxgl.dev.DevService]
20:48:36.326 [FXGL Background Thread 3 ] DEBUG Engine               - fontGame: Abel-Regular.ttf
20:48:36.326 [FXGL Background Thread 3 ] DEBUG Engine               - fontMono: TerminalLandMono-Regular.otf
20:48:36.327 [FXGL Background Thread 3 ] DEBUG Engine               - fontText: Courier-Prime.ttf
20:48:36.327 [FXGL Background Thread 3 ] DEBUG Engine               - fontUI: VarelaRound-Regular.ttf
20:48:36.327 [FXGL Background Thread 3 ] DEBUG Engine               - fullScreen: BooleanProperty [value: false]
20:48:36.327 [FXGL Background Thread 3 ] DEBUG Engine               - gameDifficulty: MEDIUM
20:48:36.327 [FXGL Background Thread 3 ] DEBUG Engine               - gameDifficultyProperty: ObjectProperty [value: MEDIUM]
20:48:36.327 [FXGL Background Thread 3 ] DEBUG Engine               - globalMusicVolume: 0.5
20:48:36.327 [FXGL Background Thread 3 ] DEBUG Engine               - globalMusicVolumeProperty: DoubleProperty [value: 0.5]
20:48:36.327 [FXGL Background Thread 3 ] DEBUG Engine               - globalSoundVolume: 0.5
20:48:36.327 [FXGL Background Thread 3 ] DEBUG Engine               - globalSoundVolumeProperty: DoubleProperty [value: 0.8]
20:48:36.327 [FXGL Background Thread 3 ] DEBUG Engine               - height: 1152
20:48:36.327 [FXGL Background Thread 3 ] DEBUG Engine               - is3D: false
20:48:36.327 [FXGL Background Thread 3 ] DEBUG Engine               - isAndroid: false
20:48:36.327 [FXGL Background Thread 3 ] DEBUG Engine               - isBrowser: false
20:48:36.328 [FXGL Background Thread 3 ] DEBUG Engine               - isClickFeedbackEnabled: false
20:48:36.328 [FXGL Background Thread 3 ] DEBUG Engine               - isCloseConfirmation: false
20:48:36.328 [FXGL Background Thread 3 ] DEBUG Engine               - isDesktop: true
20:48:36.328 [FXGL Background Thread 3 ] DEBUG Engine               - isDeveloperMenuEnabled: false
20:48:36.328 [FXGL Background Thread 3 ] DEBUG Engine               - isEmbedded: false
20:48:36.328 [FXGL Background Thread 3 ] DEBUG Engine               - isEntityPreloadEnabled: true
20:48:36.328 [FXGL Background Thread 3 ] DEBUG Engine               - isExperimentalTiledLargeMap: false
20:48:36.328 [FXGL Background Thread 3 ] DEBUG Engine               - isFileSystemWriteAllowed: true
20:48:36.328 [FXGL Background Thread 3 ] DEBUG Engine               - isFullScreenAllowed: false
20:48:36.328 [FXGL Background Thread 3 ] DEBUG Engine               - isFullScreenFromStart: false
20:48:36.328 [FXGL Background Thread 3 ] DEBUG Engine               - isGameMenuEnabled: true
20:48:36.328 [FXGL Background Thread 3 ] DEBUG Engine               - isIOS: false
20:48:36.328 [FXGL Background Thread 3 ] DEBUG Engine               - isIntroEnabled: false
20:48:36.328 [FXGL Background Thread 3 ] DEBUG Engine               - isLinux: false
20:48:36.329 [FXGL Background Thread 3 ] DEBUG Engine               - isMac: false
20:48:36.329 [FXGL Background Thread 3 ] DEBUG Engine               - isMainMenuEnabled: true
20:48:36.329 [FXGL Background Thread 3 ] DEBUG Engine               - isManualResizeEnabled: false
20:48:36.329 [FXGL Background Thread 3 ] DEBUG Engine               - isMobile: false
20:48:36.329 [FXGL Background Thread 3 ] DEBUG Engine               - isNative: false
20:48:36.329 [FXGL Background Thread 3 ] DEBUG Engine               - isPauseMusicWhenMinimized: true
20:48:36.329 [FXGL Background Thread 3 ] DEBUG Engine               - isPreserveResizeRatio: false
20:48:36.329 [FXGL Background Thread 3 ] DEBUG Engine               - isProfilingEnabled: false
20:48:36.330 [FXGL Background Thread 3 ] DEBUG Engine               - isScaleAffectedOnResize: true
20:48:36.330 [FXGL Background Thread 3 ] DEBUG Engine               - isSingleStep: false
20:48:36.330 [FXGL Background Thread 3 ] DEBUG Engine               - isUserProfileEnabled: false
20:48:36.330 [FXGL Background Thread 3 ] DEBUG Engine               - isWindows: true
20:48:36.330 [FXGL Background Thread 3 ] DEBUG Engine               - language: ObjectProperty [value: ENGLISH]
20:48:36.330 [FXGL Background Thread 3 ] DEBUG Engine               - menuKey: ESCAPE
20:48:36.330 [FXGL Background Thread 3 ] DEBUG Engine               - mouseSensitivity: 0.2
20:48:36.330 [FXGL Background Thread 3 ] DEBUG Engine               - notificationViewClass: class com.almasb.fxgl.notification.view.XboxNotificationView
20:48:36.331 [FXGL Background Thread 3 ] DEBUG Engine               - pixelsPerMeter: 50.0
20:48:36.331 [FXGL Background Thread 3 ] DEBUG Engine               - platform: WINDOWS
20:48:36.331 [FXGL Background Thread 3 ] DEBUG Engine               - prefHeightProperty: ReadOnlyDoubleProperty [value: 1152.0]
20:48:36.331 [FXGL Background Thread 3 ] DEBUG Engine               - prefWidthProperty: ReadOnlyDoubleProperty [value: 2048.0]
20:48:36.331 [FXGL Background Thread 3 ] DEBUG Engine               - profileDir: profiles/
20:48:36.331 [FXGL Background Thread 3 ] DEBUG Engine               - profileName: StringProperty [value: DEFAULT]
20:48:36.331 [FXGL Background Thread 3 ] DEBUG Engine               - randomSeed: -1
20:48:36.331 [FXGL Background Thread 3 ] DEBUG Engine               - runtimeInfo: RuntimeInfo(platform=WINDOWS, version=17.1, build=24.03.2022 17.34)
20:48:36.331 [FXGL Background Thread 3 ] DEBUG Engine               - saveFileExt: sav
20:48:36.331 [FXGL Background Thread 3 ] DEBUG Engine               - scaledHeightProp$fxgl: DoubleProperty [bound, value: 960.0]
20:48:36.331 [FXGL Background Thread 3 ] DEBUG Engine               - scaledWidthProp$fxgl: DoubleProperty [bound, value: 1682.0]
20:48:36.331 [FXGL Background Thread 3 ] DEBUG Engine               - sceneFactory: com.kenny.tank.AllStarBattleApp$1@7d5214aa
20:48:36.331 [FXGL Background Thread 3 ] DEBUG Engine               - secondsIn24h: 60
20:48:36.331 [FXGL Background Thread 3 ] DEBUG Engine               - soundMenuBack: menu/back.wav
20:48:36.331 [FXGL Background Thread 3 ] DEBUG Engine               - soundMenuPress: menu/press.wav
20:48:36.331 [FXGL Background Thread 3 ] DEBUG Engine               - soundMenuSelect: menu/select.wav
20:48:36.331 [FXGL Background Thread 3 ] DEBUG Engine               - soundNotification: core/notification.wav
20:48:36.331 [FXGL Background Thread 3 ] DEBUG Engine               - stageStyle: DECORATED
20:48:36.331 [FXGL Background Thread 3 ] DEBUG Engine               - supportedLanguages: [ENGLISH, FRENCH, GERMAN, HUNGARIAN, RUSSIAN]
20:48:36.331 [FXGL Background Thread 3 ] DEBUG Engine               - ticksPerSecond: -1
20:48:36.331 [FXGL Background Thread 3 ] DEBUG Engine               - title: All star battle
20:48:36.331 [FXGL Background Thread 3 ] DEBUG Engine               - urlGithub: https://github.com/AlmasB/FXGL
20:48:36.331 [FXGL Background Thread 3 ] DEBUG Engine               - urlLeaderboard: http://fxgl-top.herokuapp.com/
20:48:36.331 [FXGL Background Thread 3 ] DEBUG Engine               - urlPOM: https://raw.githubusercontent.com/AlmasB/FXGL/release/README.md
20:48:36.331 [FXGL Background Thread 3 ] DEBUG Engine               - userAppClass: class com.kenny.tank.AllStarBattleApp
20:48:36.331 [FXGL Background Thread 3 ] DEBUG Engine               - version: 0.1
20:48:36.331 [FXGL Background Thread 3 ] DEBUG Engine               - versionCheckDays: 7
20:48:36.331 [FXGL Background Thread 3 ] DEBUG Engine               - width: 2048
20:48:36.331 [FXGL Background Thread 3 ] DEBUG Engine               - Logging services
20:48:36.331 [FXGL Background Thread 3 ] DEBUG Engine               - class com.almasb.fxgl.app.services.FXGLAssetLoaderService
20:48:36.331 [FXGL Background Thread 3 ] DEBUG Engine               - class com.almasb.fxgl.app.FXGLApplication$GameApplicationService
20:48:36.331 [FXGL Background Thread 3 ] DEBUG Engine               - class com.almasb.fxgl.app.services.FXGLDialogService
20:48:36.331 [FXGL Background Thread 3 ] DEBUG Engine               - class com.almasb.fxgl.app.services.IOTaskExecutorService
20:48:36.331 [FXGL Background Thread 3 ] DEBUG Engine               - class com.almasb.fxgl.io.FileSystemService
20:48:36.331 [FXGL Background Thread 3 ] DEBUG Engine               - class com.almasb.fxgl.localization.LocalizationService
20:48:36.332 [FXGL Background Thread 3 ] DEBUG Engine               - class com.almasb.fxgl.app.services.SystemBundleService
20:48:36.332 [FXGL Background Thread 3 ] DEBUG Engine               - class com.almasb.fxgl.profile.SaveLoadService
20:48:36.332 [FXGL Background Thread 3 ] DEBUG Engine               - class com.almasb.fxgl.ui.FXGLUIFactoryServiceProvider
20:48:36.332 [FXGL Background Thread 3 ] DEBUG Engine               - class com.almasb.fxgl.ui.FXGLDialogFactoryServiceProvider
20:48:36.332 [FXGL Background Thread 3 ] DEBUG Engine               - class com.almasb.fxgl.audio.AudioPlayer
20:48:36.332 [FXGL Background Thread 3 ] DEBUG Engine               - class com.almasb.fxgl.notification.impl.NotificationServiceProvider
20:48:36.332 [FXGL Background Thread 3 ] DEBUG Engine               - class com.almasb.fxgl.achievement.AchievementService
20:48:36.332 [FXGL Background Thread 3 ] DEBUG Engine               - class com.almasb.fxgl.cutscene.CutsceneService
20:48:36.332 [FXGL Background Thread 3 ] DEBUG Engine               - class com.almasb.fxgl.minigames.MiniGameService
20:48:36.332 [FXGL Background Thread 3 ] DEBUG Engine               - class com.almasb.fxgl.net.NetService
20:48:36.332 [FXGL Background Thread 3 ] DEBUG Engine               - class com.almasb.fxgl.app.services.UpdaterService
20:48:36.332 [FXGL Background Thread 3 ] DEBUG Engine               - class com.almasb.fxgl.dev.DevService
20:48:40.375 [JavaFX Application Thread] DEBUG GameApplicationServi - Starting new game
20:48:40.375 [JavaFX Application Thread] DEBUG PrimaryStageWindow   - Pop state: Main_menu
20:48:40.375 [JavaFX Application Thread] DEBUG Input                - Clearing active input actions
20:48:40.378 [JavaFX Application Thread] DEBUG GameApplicationServi - Removing overlay from Main_menu and adding to FXGLMainMenuDummyScene
20:48:40.379 [JavaFX Application Thread] DEBUG PrimaryStageWindow   - FXGLMainMenuDummyScene <- Main_menu
20:48:40.379 [JavaFX Application Thread] DEBUG Input                - Clearing active input actions
20:48:40.387 [JavaFX Application Thread] DEBUG GameApplicationServi - Removing overlay from FXGLMainMenuDummyScene and adding to Loading_Scene
20:48:40.387 [JavaFX Application Thread] DEBUG PrimaryStageWindow   - FXGLMainMenuDummyScene -> Loading_Scene
20:48:40.387 [JavaFX Application Thread] DEBUG GameApplicationServi - Clearing previous game
20:48:40.387 [JavaFX Application Thread] DEBUG GameScene            - Clearing game scene
20:48:40.387 [JavaFX Application Thread] DEBUG GameWorld            - Clearing game world
20:48:40.387 [JavaFX Application Thread] DEBUG PhysicsWorld         - Clearing physics world
20:48:40.388 [FXGL Background Thread 2 ] DEBUG FXGLApplication      - Initializing game
20:48:40.409 [FXGL Background Thread 2 ] WARN  TMXLevelLoader       - TiledMap generated from 1.8.4. Supported version: 1.4.2. Some features may not be parsed fully.
20:48:40.428 [FXGL Background Thread 2 ] DEBUG TMXLevelLoader       - Parsed TiledMap: file:/E:/java%20project/tank/target/classes/assets/levels/test1.tmx
20:48:40.428 [FXGL Background Thread 2 ] DEBUG TMXLevelLoader       - Creating tile layer entities
20:48:40.429 [FXGL Background Thread 2 ] DEBUG TMXLevelLoader       - Creating object layer entities
20:48:40.486 [FXGL Background Thread 2 ] DEBUG GameWorld            - Clearing removable entities
20:48:40.487 [FXGL Background Thread 2 ] DEBUG GameWorld            - Setting level: com.almasb.fxgl.entity.level.Level@5091254
20:48:40.495 [FXGL Background Thread 2 ] DEBUG FXGLAssetLoaderServi - Loading from file system: file:/E:/java%20project/tank/target/classes/assets/textures/element/Tank.png
20:48:40.497 [FXGL Background Thread 2 ] DEBUG FXGLAssetLoaderServi - Loading from file system: file:/E:/java%20project/tank/target/classes/assets/textures/Enemytank.png
20:48:40.499 [FXGL Background Thread 2 ] DEBUG FXGLAssetLoaderServi - Loading from file system: file:/E:/java%20project/tank/target/classes/assets/textures/Chicken.png
20:48:40.504 [FXGL Background Thread 2 ] DEBUG FXGLAssetLoaderServi - Loading from file system: file:/E:/java%20project/tank/target/classes/assets/textures/BossTank.png
20:48:40.514 [FXGL Background Thread 2 ] INFO  FXGLApplication      - Game initialization took: 0.126 sec
20:48:40.514 [JavaFX Application Thread] DEBUG Input                - Clearing active input actions
20:48:40.520 [JavaFX Application Thread] DEBUG GameApplicationServi - Removing overlay from Loading_Scene and adding to GameScene
20:48:40.520 [JavaFX Application Thread] DEBUG PrimaryStageWindow   - Loading_Scene -> GameScene
20:48:41.459 [JavaFX Application Thread] DEBUG FXGLAssetLoaderServi - Loading from file system: file:/E:/java%20project/tank/target/classes/assets/textures/element/Enemybullet.png
20:48:41.625 [JavaFX Application Thread] DEBUG FXGLAssetLoaderServi - Loading from file system: file:/E:/java%20project/tank/target/classes/assets/textures/SmallBoom.png
20:48:42.454 [JavaFX Application Thread] DEBUG FXGLAssetLoaderServi - Loading from file system: file:/E:/java%20project/tank/target/classes/assets/sounds/boom.wav
20:48:42.500 [JavaFX Application Thread] DEBUG FXGLAssetLoaderServi - Loading from file system: file:/E:/java%20project/tank/target/classes/assets/textures/element/Bullet.png
20:48:47.943 [JavaFX Application Thread] DEBUG FXGLAssetLoaderServi - Loading from file system: file:/E:/java%20project/tank/target/classes/assets/textures/boom.png
20:48:49.243 [JavaFX Application Thread] DEBUG PrimaryStageWindow   - Push state: EggScene
20:48:49.243 [JavaFX Application Thread] DEBUG FXGLAssetLoaderServi - Loading from file system: file:/E:/java%20project/tank/target/classes/assets/music/chicken.mp3
20:48:49.255 [JavaFX Application Thread] DEBUG AudioPlayer          - Playing music com.almasb.fxgl.audio.Music@464204b6
20:48:49.255 [JavaFX Application Thread] DEBUG Input                - Clearing active input actions
20:48:49.255 [JavaFX Application Thread] DEBUG GameApplicationServi - Removing overlay from GameScene and adding to EggScene
20:48:49.255 [JavaFX Application Thread] DEBUG PrimaryStageWindow   - GameScene -> EggScene
20:48:54.246 [JavaFX Application Thread] DEBUG PrimaryStageWindow   - Pop state: EggScene
20:48:54.246 [JavaFX Application Thread] DEBUG Input                - Clearing active input actions
20:48:54.247 [JavaFX Application Thread] DEBUG GameApplicationServi - Removing overlay from EggScene and adding to GameScene
20:48:54.247 [JavaFX Application Thread] DEBUG PrimaryStageWindow   - GameScene <- EggScene
20:48:54.249 [JavaFX Application Thread] WARN  TMXLevelLoader       - TiledMap generated from 1.8.4. Supported version: 1.4.2. Some features may not be parsed fully.
20:48:54.251 [JavaFX Application Thread] DEBUG TMXLevelLoader       - Parsed TiledMap: file:/E:/java%20project/tank/target/classes/assets/levels/Chicken.tmx
20:48:54.251 [JavaFX Application Thread] DEBUG TMXLevelLoader       - Creating tile layer entities
20:48:54.251 [JavaFX Application Thread] DEBUG TMXLevelLoader       - Creating object layer entities
20:48:54.259 [JavaFX Application Thread] DEBUG GameWorld            - Clearing removable entities
20:48:54.265 [JavaFX Application Thread] DEBUG GameWorld            - Setting level: com.almasb.fxgl.entity.level.Level@5edf5c15
20:48:54.271 [JavaFX Application Thread] DEBUG FXGLAssetLoaderServi - Loading from file system: file:/E:/java%20project/tank/target/classes/assets/textures/people.png
20:48:54.764 [JavaFX Application Thread] DEBUG PrimaryStageWindow   - Push state: FXGLDefaultMenu
20:48:54.766 [JavaFX Application Thread] DEBUG Input                - Clearing active input actions
20:48:54.767 [JavaFX Application Thread] DEBUG GameApplicationServi - Removing overlay from GameScene and adding to FXGLDefaultMenu
20:48:54.767 [JavaFX Application Thread] DEBUG PrimaryStageWindow   - GameScene -> FXGLDefaultMenu
20:48:56.381 [JavaFX Application Thread] DEBUG Menu                 - fireExitToMainMenu()
20:48:56.382 [JavaFX Application Thread] DEBUG PrimaryStageWindow   - Push state: DialogSubScene
20:48:56.383 [JavaFX Application Thread] DEBUG Input                - Clearing active input actions
20:48:56.383 [JavaFX Application Thread] DEBUG GameApplicationServi - Removing overlay from FXGLDefaultMenu and adding to DialogSubScene
20:48:56.383 [JavaFX Application Thread] DEBUG PrimaryStageWindow   - FXGLDefaultMenu -> DialogSubScene
20:48:57.414 [JavaFX Application Thread] DEBUG PrimaryStageWindow   - Pop state: DialogSubScene
20:48:57.414 [JavaFX Application Thread] DEBUG Input                - Clearing active input actions
20:48:57.415 [JavaFX Application Thread] DEBUG GameApplicationServi - Removing overlay from DialogSubScene and adding to FXGLDefaultMenu
20:48:57.416 [JavaFX Application Thread] DEBUG PrimaryStageWindow   - FXGLDefaultMenu <- DialogSubScene
20:48:57.419 [JavaFX Application Thread] DEBUG PrimaryStageWindow   - Pop state: FXGLDefaultMenu
20:48:57.419 [JavaFX Application Thread] DEBUG Input                - Clearing active input actions
20:48:57.419 [JavaFX Application Thread] DEBUG GameApplicationServi - Removing overlay from FXGLDefaultMenu and adding to GameScene
20:48:57.419 [JavaFX Application Thread] DEBUG PrimaryStageWindow   - GameScene <- FXGLDefaultMenu
20:48:57.419 [JavaFX Application Thread] DEBUG Input                - Clearing active input actions
20:48:57.427 [JavaFX Application Thread] DEBUG GameApplicationServi - Removing overlay from GameScene and adding to FXGLMainMenuDummyScene
20:48:57.427 [JavaFX Application Thread] DEBUG PrimaryStageWindow   - GameScene -> FXGLMainMenuDummyScene
20:48:57.427 [JavaFX Application Thread] DEBUG PrimaryStageWindow   - Push state: Main_menu
20:48:57.427 [JavaFX Application Thread] DEBUG Input                - Clearing active input actions
20:48:57.430 [JavaFX Application Thread] DEBUG GameApplicationServi - Removing overlay from FXGLMainMenuDummyScene and adding to Main_menu
20:48:57.431 [JavaFX Application Thread] DEBUG PrimaryStageWindow   - FXGLMainMenuDummyScene -> Main_menu
20:48:58.426 [JavaFX Application Thread] DEBUG FXGLApplication      - Exiting FXGL
20:48:58.426 [JavaFX Application Thread] DEBUG LoopRunner           - Stopping loop
20:48:58.427 [JavaFX Application Thread] DEBUG SystemBundleService  - Saving FXGL system data
20:48:58.429 [JavaFX Application Thread] DEBUG FileSystemAccess     - Writing to: E:\java project\tank\system\fxgl.bundle
20:48:58.431 [JavaFX Application Thread] DEBUG Async                - Shutting down background threads
20:48:58.431 [JavaFX Application Thread] DEBUG PrimaryStageWindow   - Closing main window
20:48:58.442 [JavaFX Application Thread] DEBUG Logger               - Closing Logger
