10:56:11.221 [main                     ] DEBUG Logger               - Configured Logger
10:56:11.237 [main                     ] DEBUG GameApplication      - Logging settings
Title: All star battle
Version: 0.1
Width: 2048
Height: 1152
Fullscreen: false
Intro: false
Profiling: false
Single step:false
App Mode: DEVELOPER
Menu Key: ESCAPE
Stage Style: DECORATED
Scene Factory: class com.kenny.tank.AllStarBattleApp$1

10:56:11.480 [JavaFX Application Thread] DEBUG FXGLApplication      - Initializing FXGL
10:56:11.483 [JavaFX Application Thread] INFO  Engine               - FXGL-17.1 (24.03.2022 17.34) on WINDOWS (J:17.0.6 FX:18)
10:56:11.484 [JavaFX Application Thread] DEBUG Engine               - JRE Vendor Name: Amazon.com Inc.
10:56:11.484 [JavaFX Application Thread] DEBUG Engine               - Running on OS: Windows 11 version 10.0
10:56:11.484 [JavaFX Application Thread] DEBUG Engine               - Architecture: amd64
10:56:11.484 [JavaFX Application Thread] INFO  Engine               - Source code and latest versions at: https://github.com/AlmasB/FXGL
10:56:11.484 [JavaFX Application Thread] INFO  Engine               -       Ask questions and discuss at: https://github.com/AlmasB/FXGL/discussions
10:56:11.484 [JavaFX Application Thread] INFO  Engine               -              Join the FXGL chat at: https://gitter.im/AlmasB/FXGL
10:56:11.526 [JavaFX Application Thread] DEBUG PrimaryStageWindow   - Creating a JavaFX scene
10:56:11.527 [JavaFX Application Thread] DEBUG PrimaryStageWindow   - Target size > screen size
10:56:11.550 [JavaFX Application Thread] DEBUG PrimaryStageWindow   - Target settings size: 2048.0 x 1152.0
10:56:11.550 [JavaFX Application Thread] DEBUG PrimaryStageWindow   - Scaled scene size:    1682.0 x 960.0
10:56:11.550 [JavaFX Application Thread] DEBUG PrimaryStageWindow   - Scaled ratio: (0.8212890625, 0.8333333333333334)
10:56:11.551 [JavaFX Application Thread] DEBUG PrimaryStageWindow   - Set initial scene to StartScene
10:56:11.555 [JavaFX Application Thread] DEBUG PrimaryStageWindow   - Opening main window
10:56:11.642 [JavaFX Application Thread] DEBUG PrimaryStageWindow   - Window border size: (14.6666259765625, 37.33331298828125)
10:56:11.642 [JavaFX Application Thread] DEBUG PrimaryStageWindow   - Scaled size: 1682.0 x 960.0
10:56:11.642 [JavaFX Application Thread] DEBUG PrimaryStageWindow   - Scaled ratio: (0.8212890625, 0.8333333333333334)
10:56:11.643 [JavaFX Application Thread] DEBUG PrimaryStageWindow   - Scene size: 1682.0 x 960.0
10:56:11.643 [JavaFX Application Thread] DEBUG PrimaryStageWindow   - Stage size: 1696.6666259765625 x 997.3333129882812
10:56:11.647 [FXGL Background Thread 1 ] DEBUG Engine               - Initializing environment variables
10:56:11.668 [FXGL Background Thread 1 ] DEBUG FXGLAssetLoaderServi - User app class for loading assets: class com.kenny.tank.AllStarBattleApp
10:56:11.668 [FXGL Background Thread 1 ] DEBUG GameApplicationServi - Applying CSS: fxgl_dark.css
10:56:11.669 [FXGL Background Thread 1 ] DEBUG FXGLAssetLoaderServi - Loading from file system: jar:file:///C:/Users/10273/.m2/repository/com/github/almasb/fxgl/17.1/fxgl-17.1.jar!/fxglassets/ui/css/fxgl_dark.css
10:56:11.702 [FXGL Background Thread 1 ] DEBUG GameApplicationServi - Applying CSS: tank.css
10:56:11.702 [FXGL Background Thread 1 ] DEBUG FXGLAssetLoaderServi - Loading from file system: file:/E:/java%20project/tank/target/classes/assets/ui/css/tank.css
10:56:11.703 [FXGL Background Thread 1 ] DEBUG GameApplicationServi - Initializing application scenes
10:56:11.706 [FXGL Background Thread 1 ] DEBUG GameWorld            - Game world initialized
10:56:11.746 [FXGL Background Thread 1 ] DEBUG PhysicsWorld         - Physics world initialized: appHeight=1152, physics.ppm=50.0
10:56:11.746 [FXGL Background Thread 1 ] DEBUG PhysicsWorld         - Using strategy: BRUTE_FORCE
10:56:11.749 [FXGL Background Thread 1 ] DEBUG GameScene            - Game scene initialized: 2048x1152
10:56:11.753 [FXGL Background Thread 1 ] DEBUG FXGLAssetLoaderServi - Loading from file system: file:/E:/java%20project/tank/target/classes/assets/textures/MainMenu.png
10:56:11.840 [FXGL Background Thread 1 ] DEBUG FXGLAssetLoaderServi - Loading from file system: file:/E:/java%20project/tank/target/classes/assets/textures/R-C.jpg
10:56:11.861 [FXGL Background Thread 1 ] DEBUG FXGL.DefaultMenu     - createMenuBodyGameMenu()
10:56:11.867 [FXGL Background Thread 1 ] DEBUG FXGL.DefaultMenu     - createOptionsMenu()
10:56:11.874 [FXGL Background Thread 1 ] DEBUG FXGLAssetLoaderServi - Loading from file system: jar:file:///C:/Users/10273/.m2/repository/com/github/almasb/fxgl/17.1/fxgl-17.1.jar!/fxglassets/textures/particles/smoke.png
10:56:11.922 [FXGL Background Thread 1 ] DEBUG FXGLAssetLoaderServi - Loading from file system: jar:file:///C:/Users/10273/.m2/repository/com/github/almasb/fxgl/17.1/fxgl-17.1.jar!/fxglassets/textures/particles/trace_horizontal.png
10:56:11.932 [FXGL Background Thread 1 ] DEBUG GameApplicationServi - Application scenes initialized
10:56:11.941 [FXGL Background Thread 1 ] DEBUG SystemBundleService  - Loading FXGL system data
10:56:11.944 [FXGL Background Thread 1 ] DEBUG FileSystemAccess     - Reading from: E:\java project\tank\system\fxgl.bundle
10:56:11.949 [FXGL Background Thread 1 ] DEBUG SystemBundleService  - Bundle FXGL: {}
10:56:11.949 [FXGL Background Thread 1 ] DEBUG UpdaterService       - Checking for updates
10:56:11.952 [FXGL Background Thread 4 ] DEBUG FXGLApplication      - Loading fonts
10:56:11.953 [FXGL Background Thread 1 ] DEBUG FXGLApplication      - Loading default localization
10:56:11.953 [FXGL Background Thread 4 ] DEBUG FXGLAssetLoaderServi - Loading from file system: jar:file:///C:/Users/10273/.m2/repository/com/github/almasb/fxgl/17.1/fxgl-17.1.jar!/fxglassets/ui/fonts/VarelaRound-Regular.ttf
10:56:11.954 [FXGL Background Thread 1 ] DEBUG FXGLAssetLoaderServi - Loading from file system: jar:file:///C:/Users/10273/.m2/repository/com/github/almasb/fxgl/17.1/fxgl-17.1.jar!/fxglassets/languages/english.lang
10:56:11.971 [FXGL Background Thread 1 ] INFO  FXGLApplication      - FXGL initialization took: 0.323 sec
10:56:11.979 [JavaFX Application Thread] DEBUG Input                - Registered new binding: action0 - Up
10:56:11.979 [JavaFX Application Thread] DEBUG Input                - Registered new binding: action1 - Down
10:56:11.980 [JavaFX Application Thread] DEBUG Input                - Registered new binding: action2 - Left
10:56:11.980 [JavaFX Application Thread] DEBUG Input                - Registered new binding: action3 - Right
10:56:11.981 [JavaFX Application Thread] DEBUG Input                - Registered new binding: action4 - Space
10:56:11.981 [JavaFX Application Thread] DEBUG FXGLAssetLoaderServi - Loading from file system: file:/E:/java%20project/tank/target/classes/assets/textures/joker.jpg
10:56:11.990 [JavaFX Application Thread] DEBUG FXGLAssetLoaderServi - Loading from file system: jar:file:///C:/Users/10273/.m2/repository/com/github/almasb/fxgl/17.1/fxgl-17.1.jar!/fxglassets/textures/fxgl_default_cursor.png
10:56:11.992 [JavaFX Application Thread] DEBUG Input                - Registered new binding: Screenshot - CTRL+8
10:56:11.992 [JavaFX Application Thread] DEBUG Input                - Registered new binding: System info dump - CTRL+9
10:56:11.992 [JavaFX Application Thread] DEBUG Input                - Registered new binding: Restart - CTRL+R
10:56:11.994 [JavaFX Application Thread] DEBUG Input                - Registered new binding: Toggle Debug Camera - CTRL+7
10:56:11.999 [JavaFX Application Thread] DEBUG LoopRunner           - Starting loop
10:56:11.999 [JavaFX Application Thread] DEBUG LoopRunner           - Initializing JavaFX AnimationTimerLoop
10:56:12.001 [JavaFX Application Thread] DEBUG Input                - Clearing active input actions
10:56:12.004 [FXGL Background Thread 4 ] DEBUG FXGLAssetLoaderServi - Loading from file system: jar:file:///C:/Users/10273/.m2/repository/com/github/almasb/fxgl/17.1/fxgl-17.1.jar!/fxglassets/ui/fonts/Abel-Regular.ttf
10:56:12.007 [FXGL Background Thread 4 ] DEBUG FXGLAssetLoaderServi - Loading from file system: jar:file:///C:/Users/10273/.m2/repository/com/github/almasb/fxgl/17.1/fxgl-17.1.jar!/fxglassets/ui/fonts/TerminalLandMono-Regular.otf
10:56:12.007 [JavaFX Application Thread] DEBUG GameApplicationServi - Removing overlay from StartScene and adding to FXGLMainMenuDummyScene
10:56:12.007 [JavaFX Application Thread] DEBUG PrimaryStageWindow   - StartScene -> FXGLMainMenuDummyScene
10:56:12.007 [JavaFX Application Thread] DEBUG PrimaryStageWindow   - Push state: Main_menu
10:56:12.008 [JavaFX Application Thread] DEBUG Input                - Clearing active input actions
10:56:12.009 [FXGL Background Thread 4 ] DEBUG FXGLAssetLoaderServi - Loading from file system: jar:file:///C:/Users/10273/.m2/repository/com/github/almasb/fxgl/17.1/fxgl-17.1.jar!/fxglassets/ui/fonts/Courier-Prime.ttf
10:56:12.017 [JavaFX Application Thread] DEBUG GameApplicationServi - Removing overlay from FXGLMainMenuDummyScene and adding to Main_menu
10:56:12.017 [JavaFX Application Thread] DEBUG PrimaryStageWindow   - FXGLMainMenuDummyScene -> Main_menu
10:56:12.126 [JavaFX Application Thread] DEBUG FXGLApplication      - Registering font factories with UI factory
10:56:12.414 [FXGL Background Thread 2 ] INFO  UpdaterService       - Your current version:  17.1
10:56:12.414 [FXGL Background Thread 2 ] INFO  UpdaterService       - Latest stable version: 17.3
10:56:14.952 [FXGL Background Thread 3 ] DEBUG Engine               - Logging environment variables
10:56:14.954 [FXGL Background Thread 3 ] DEBUG Engine               - achievements: []
10:56:14.954 [FXGL Background Thread 3 ] DEBUG Engine               - actualHeight: 960.0
10:56:14.954 [FXGL Background Thread 3 ] DEBUG Engine               - actualHeightProperty: ReadOnlyDoubleProperty [value: 960.0]
10:56:14.954 [FXGL Background Thread 3 ] DEBUG Engine               - actualWidth: 1682.0
10:56:14.955 [FXGL Background Thread 3 ] DEBUG Engine               - actualWidthProperty: ReadOnlyDoubleProperty [value: 1682.0]
10:56:14.955 [FXGL Background Thread 3 ] DEBUG Engine               - appIcon: joker.jpg
10:56:14.955 [FXGL Background Thread 3 ] DEBUG Engine               - applicationMode: DEVELOPER
10:56:14.955 [FXGL Background Thread 3 ] DEBUG Engine               - cSSList: [fxgl_dark.css, tank.css]
10:56:14.955 [FXGL Background Thread 3 ] DEBUG Engine               - collisionDetectionStrategy: BRUTE_FORCE
10:56:14.956 [FXGL Background Thread 3 ] DEBUG Engine               - configClass: Optional.empty
10:56:14.957 [FXGL Background Thread 3 ] DEBUG Engine               - credits: []
10:56:14.959 [FXGL Background Thread 3 ] DEBUG Engine               - defaultCursor: CursorInfo(imageName=fxgl_default_cursor.png, hotspotX=7.0, hotspotY=6.0)
10:56:14.959 [FXGL Background Thread 3 ] DEBUG Engine               - devBBoxColorProperty: ObjectProperty [value: 0xff0000ff]
10:56:14.959 [FXGL Background Thread 3 ] DEBUG Engine               - devEnableDebugCameraProperty: BooleanProperty [value: false]
10:56:14.959 [FXGL Background Thread 3 ] DEBUG Engine               - devSensorColorProperty: ObjectProperty [value: 0xffff00ff]
10:56:14.959 [FXGL Background Thread 3 ] DEBUG Engine               - devShowBBoxProperty: BooleanProperty [value: false]
10:56:14.959 [FXGL Background Thread 3 ] DEBUG Engine               - devShowPositionProperty: BooleanProperty [value: false]
10:56:14.959 [FXGL Background Thread 3 ] DEBUG Engine               - enabledMenuItems: []
10:56:14.959 [FXGL Background Thread 3 ] DEBUG Engine               - engineServices: [class com.almasb.fxgl.app.services.FXGLAssetLoaderService, class com.almasb.fxgl.app.FXGLApplication$GameApplicationService, class com.almasb.fxgl.app.services.FXGLDialogService, class com.almasb.fxgl.app.services.IOTaskExecutorService, class com.almasb.fxgl.io.FileSystemService, class com.almasb.fxgl.localization.LocalizationService, class com.almasb.fxgl.app.services.SystemBundleService, class com.almasb.fxgl.profile.SaveLoadService, class com.almasb.fxgl.ui.FXGLUIFactoryServiceProvider, class com.almasb.fxgl.ui.FXGLDialogFactoryServiceProvider, class com.almasb.fxgl.audio.AudioPlayer, class com.almasb.fxgl.notification.impl.NotificationServiceProvider, class com.almasb.fxgl.achievement.AchievementService, class com.almasb.fxgl.cutscene.CutsceneService, class com.almasb.fxgl.minigames.MiniGameService, class com.almasb.fxgl.net.NetService, class com.almasb.fxgl.app.services.UpdaterService, class com.almasb.fxgl.dev.DevService]
10:56:14.959 [FXGL Background Thread 3 ] DEBUG Engine               - fontGame: Abel-Regular.ttf
10:56:14.960 [FXGL Background Thread 3 ] DEBUG Engine               - fontMono: TerminalLandMono-Regular.otf
10:56:14.960 [FXGL Background Thread 3 ] DEBUG Engine               - fontText: Courier-Prime.ttf
10:56:14.960 [FXGL Background Thread 3 ] DEBUG Engine               - fontUI: VarelaRound-Regular.ttf
10:56:14.960 [FXGL Background Thread 3 ] DEBUG Engine               - fullScreen: BooleanProperty [value: false]
10:56:14.960 [FXGL Background Thread 3 ] DEBUG Engine               - gameDifficulty: MEDIUM
10:56:14.960 [FXGL Background Thread 3 ] DEBUG Engine               - gameDifficultyProperty: ObjectProperty [value: MEDIUM]
10:56:14.960 [FXGL Background Thread 3 ] DEBUG Engine               - globalMusicVolume: 0.5
10:56:14.960 [FXGL Background Thread 3 ] DEBUG Engine               - globalMusicVolumeProperty: DoubleProperty [value: 0.5]
10:56:14.960 [FXGL Background Thread 3 ] DEBUG Engine               - globalSoundVolume: 0.5
10:56:14.961 [FXGL Background Thread 3 ] DEBUG Engine               - globalSoundVolumeProperty: DoubleProperty [value: 0.8]
10:56:14.961 [FXGL Background Thread 3 ] DEBUG Engine               - height: 1152
10:56:14.961 [FXGL Background Thread 3 ] DEBUG Engine               - is3D: false
10:56:14.961 [FXGL Background Thread 3 ] DEBUG Engine               - isAndroid: false
10:56:14.961 [FXGL Background Thread 3 ] DEBUG Engine               - isBrowser: false
10:56:14.961 [FXGL Background Thread 3 ] DEBUG Engine               - isClickFeedbackEnabled: false
10:56:14.961 [FXGL Background Thread 3 ] DEBUG Engine               - isCloseConfirmation: false
10:56:14.961 [FXGL Background Thread 3 ] DEBUG Engine               - isDesktop: true
10:56:14.961 [FXGL Background Thread 3 ] DEBUG Engine               - isDeveloperMenuEnabled: false
10:56:14.961 [FXGL Background Thread 3 ] DEBUG Engine               - isEmbedded: false
10:56:14.961 [FXGL Background Thread 3 ] DEBUG Engine               - isEntityPreloadEnabled: true
10:56:14.961 [FXGL Background Thread 3 ] DEBUG Engine               - isExperimentalTiledLargeMap: false
10:56:14.961 [FXGL Background Thread 3 ] DEBUG Engine               - isFileSystemWriteAllowed: true
10:56:14.961 [FXGL Background Thread 3 ] DEBUG Engine               - isFullScreenAllowed: false
10:56:14.961 [FXGL Background Thread 3 ] DEBUG Engine               - isFullScreenFromStart: false
10:56:14.961 [FXGL Background Thread 3 ] DEBUG Engine               - isGameMenuEnabled: true
10:56:14.961 [FXGL Background Thread 3 ] DEBUG Engine               - isIOS: false
10:56:14.961 [FXGL Background Thread 3 ] DEBUG Engine               - isIntroEnabled: false
10:56:14.961 [FXGL Background Thread 3 ] DEBUG Engine               - isLinux: false
10:56:14.961 [FXGL Background Thread 3 ] DEBUG Engine               - isMac: false
10:56:14.961 [FXGL Background Thread 3 ] DEBUG Engine               - isMainMenuEnabled: true
10:56:14.962 [FXGL Background Thread 3 ] DEBUG Engine               - isManualResizeEnabled: false
10:56:14.962 [FXGL Background Thread 3 ] DEBUG Engine               - isMobile: false
10:56:14.962 [FXGL Background Thread 3 ] DEBUG Engine               - isNative: false
10:56:14.962 [FXGL Background Thread 3 ] DEBUG Engine               - isPauseMusicWhenMinimized: true
10:56:14.962 [FXGL Background Thread 3 ] DEBUG Engine               - isPreserveResizeRatio: false
10:56:14.962 [FXGL Background Thread 3 ] DEBUG Engine               - isProfilingEnabled: false
10:56:14.962 [FXGL Background Thread 3 ] DEBUG Engine               - isScaleAffectedOnResize: true
10:56:14.962 [FXGL Background Thread 3 ] DEBUG Engine               - isSingleStep: false
10:56:14.962 [FXGL Background Thread 3 ] DEBUG Engine               - isUserProfileEnabled: false
10:56:14.962 [FXGL Background Thread 3 ] DEBUG Engine               - isWindows: true
10:56:14.962 [FXGL Background Thread 3 ] DEBUG Engine               - language: ObjectProperty [value: ENGLISH]
10:56:14.962 [FXGL Background Thread 3 ] DEBUG Engine               - menuKey: ESCAPE
10:56:14.962 [FXGL Background Thread 3 ] DEBUG Engine               - mouseSensitivity: 0.2
10:56:14.962 [FXGL Background Thread 3 ] DEBUG Engine               - notificationViewClass: class com.almasb.fxgl.notification.view.XboxNotificationView
10:56:14.962 [FXGL Background Thread 3 ] DEBUG Engine               - pixelsPerMeter: 50.0
10:56:14.962 [FXGL Background Thread 3 ] DEBUG Engine               - platform: WINDOWS
10:56:14.962 [FXGL Background Thread 3 ] DEBUG Engine               - prefHeightProperty: ReadOnlyDoubleProperty [value: 1152.0]
10:56:14.962 [FXGL Background Thread 3 ] DEBUG Engine               - prefWidthProperty: ReadOnlyDoubleProperty [value: 2048.0]
10:56:14.962 [FXGL Background Thread 3 ] DEBUG Engine               - profileDir: profiles/
10:56:14.962 [FXGL Background Thread 3 ] DEBUG Engine               - profileName: StringProperty [value: DEFAULT]
10:56:14.963 [FXGL Background Thread 3 ] DEBUG Engine               - randomSeed: -1
10:56:14.964 [FXGL Background Thread 3 ] DEBUG Engine               - runtimeInfo: RuntimeInfo(platform=WINDOWS, version=17.1, build=24.03.2022 17.34)
10:56:14.964 [FXGL Background Thread 3 ] DEBUG Engine               - saveFileExt: sav
10:56:14.964 [FXGL Background Thread 3 ] DEBUG Engine               - scaledHeightProp$fxgl: DoubleProperty [bound, value: 960.0]
10:56:14.964 [FXGL Background Thread 3 ] DEBUG Engine               - scaledWidthProp$fxgl: DoubleProperty [bound, value: 1682.0]
10:56:14.964 [FXGL Background Thread 3 ] DEBUG Engine               - sceneFactory: com.kenny.tank.AllStarBattleApp$1@1fa0466d
10:56:14.964 [FXGL Background Thread 3 ] DEBUG Engine               - secondsIn24h: 60
10:56:14.964 [FXGL Background Thread 3 ] DEBUG Engine               - soundMenuBack: menu/back.wav
10:56:14.964 [FXGL Background Thread 3 ] DEBUG Engine               - soundMenuPress: menu/press.wav
10:56:14.964 [FXGL Background Thread 3 ] DEBUG Engine               - soundMenuSelect: menu/select.wav
10:56:14.964 [FXGL Background Thread 3 ] DEBUG Engine               - soundNotification: core/notification.wav
10:56:14.964 [FXGL Background Thread 3 ] DEBUG Engine               - stageStyle: DECORATED
10:56:14.964 [FXGL Background Thread 3 ] DEBUG Engine               - supportedLanguages: [ENGLISH, FRENCH, GERMAN, HUNGARIAN, RUSSIAN]
10:56:14.965 [FXGL Background Thread 3 ] DEBUG Engine               - ticksPerSecond: -1
10:56:14.965 [FXGL Background Thread 3 ] DEBUG Engine               - title: All star battle
10:56:14.965 [FXGL Background Thread 3 ] DEBUG Engine               - urlGithub: https://github.com/AlmasB/FXGL
10:56:14.965 [FXGL Background Thread 3 ] DEBUG Engine               - urlLeaderboard: http://fxgl-top.herokuapp.com/
10:56:14.965 [FXGL Background Thread 3 ] DEBUG Engine               - urlPOM: https://raw.githubusercontent.com/AlmasB/FXGL/release/README.md
10:56:14.965 [FXGL Background Thread 3 ] DEBUG Engine               - userAppClass: class com.kenny.tank.AllStarBattleApp
10:56:14.965 [FXGL Background Thread 3 ] DEBUG Engine               - version: 0.1
10:56:14.965 [FXGL Background Thread 3 ] DEBUG Engine               - versionCheckDays: 7
10:56:14.965 [FXGL Background Thread 3 ] DEBUG Engine               - width: 2048
10:56:14.965 [FXGL Background Thread 3 ] DEBUG Engine               - Logging services
10:56:14.965 [FXGL Background Thread 3 ] DEBUG Engine               - class com.almasb.fxgl.app.services.FXGLAssetLoaderService
10:56:14.965 [FXGL Background Thread 3 ] DEBUG Engine               - class com.almasb.fxgl.app.FXGLApplication$GameApplicationService
10:56:14.965 [FXGL Background Thread 3 ] DEBUG Engine               - class com.almasb.fxgl.app.services.FXGLDialogService
10:56:14.965 [FXGL Background Thread 3 ] DEBUG Engine               - class com.almasb.fxgl.app.services.IOTaskExecutorService
10:56:14.965 [FXGL Background Thread 3 ] DEBUG Engine               - class com.almasb.fxgl.io.FileSystemService
10:56:14.965 [FXGL Background Thread 3 ] DEBUG Engine               - class com.almasb.fxgl.localization.LocalizationService
10:56:14.965 [FXGL Background Thread 3 ] DEBUG Engine               - class com.almasb.fxgl.app.services.SystemBundleService
10:56:14.965 [FXGL Background Thread 3 ] DEBUG Engine               - class com.almasb.fxgl.profile.SaveLoadService
10:56:14.965 [FXGL Background Thread 3 ] DEBUG Engine               - class com.almasb.fxgl.ui.FXGLUIFactoryServiceProvider
10:56:14.965 [FXGL Background Thread 3 ] DEBUG Engine               - class com.almasb.fxgl.ui.FXGLDialogFactoryServiceProvider
10:56:14.965 [FXGL Background Thread 3 ] DEBUG Engine               - class com.almasb.fxgl.audio.AudioPlayer
10:56:14.965 [FXGL Background Thread 3 ] DEBUG Engine               - class com.almasb.fxgl.notification.impl.NotificationServiceProvider
10:56:14.965 [FXGL Background Thread 3 ] DEBUG Engine               - class com.almasb.fxgl.achievement.AchievementService
10:56:14.965 [FXGL Background Thread 3 ] DEBUG Engine               - class com.almasb.fxgl.cutscene.CutsceneService
10:56:14.965 [FXGL Background Thread 3 ] DEBUG Engine               - class com.almasb.fxgl.minigames.MiniGameService
10:56:14.965 [FXGL Background Thread 3 ] DEBUG Engine               - class com.almasb.fxgl.net.NetService
10:56:14.965 [FXGL Background Thread 3 ] DEBUG Engine               - class com.almasb.fxgl.app.services.UpdaterService
10:56:14.965 [FXGL Background Thread 3 ] DEBUG Engine               - class com.almasb.fxgl.dev.DevService
10:56:22.439 [JavaFX Application Thread] DEBUG GameApplicationServi - Starting new game
10:56:22.440 [JavaFX Application Thread] DEBUG PrimaryStageWindow   - Pop state: Main_menu
10:56:22.440 [JavaFX Application Thread] DEBUG Input                - Clearing active input actions
10:56:22.442 [JavaFX Application Thread] DEBUG GameApplicationServi - Removing overlay from Main_menu and adding to FXGLMainMenuDummyScene
10:56:22.444 [JavaFX Application Thread] DEBUG PrimaryStageWindow   - FXGLMainMenuDummyScene <- Main_menu
10:56:22.446 [JavaFX Application Thread] DEBUG Input                - Clearing active input actions
10:56:22.454 [JavaFX Application Thread] DEBUG GameApplicationServi - Removing overlay from FXGLMainMenuDummyScene and adding to Loading_Scene
10:56:22.456 [JavaFX Application Thread] DEBUG PrimaryStageWindow   - FXGLMainMenuDummyScene -> Loading_Scene
10:56:22.456 [JavaFX Application Thread] DEBUG GameApplicationServi - Clearing previous game
10:56:22.460 [JavaFX Application Thread] DEBUG GameScene            - Clearing game scene
10:56:22.460 [JavaFX Application Thread] DEBUG GameWorld            - Clearing game world
10:56:22.460 [JavaFX Application Thread] DEBUG PhysicsWorld         - Clearing physics world
10:56:22.461 [FXGL Background Thread 2 ] DEBUG FXGLApplication      - Initializing game
10:56:22.488 [FXGL Background Thread 2 ] WARN  TMXLevelLoader       - TiledMap generated from 1.8.4. Supported version: 1.4.2. Some features may not be parsed fully.
10:56:22.504 [FXGL Background Thread 2 ] DEBUG TMXLevelLoader       - Parsed TiledMap: file:/E:/java%20project/tank/target/classes/assets/levels/test1.tmx
10:56:22.506 [FXGL Background Thread 2 ] DEBUG TMXLevelLoader       - Creating tile layer entities
10:56:22.506 [FXGL Background Thread 2 ] DEBUG TMXLevelLoader       - Creating object layer entities
10:56:22.567 [FXGL Background Thread 2 ] DEBUG GameWorld            - Clearing removable entities
10:56:22.567 [FXGL Background Thread 2 ] DEBUG GameWorld            - Setting level: com.almasb.fxgl.entity.level.Level@19de5132
10:56:22.575 [FXGL Background Thread 2 ] DEBUG FXGLAssetLoaderServi - Loading from file system: file:/E:/java%20project/tank/target/classes/assets/textures/element/Tank.png
10:56:22.580 [FXGL Background Thread 2 ] DEBUG FXGLAssetLoaderServi - Loading from file system: file:/E:/java%20project/tank/target/classes/assets/textures/Enemytank.png
10:56:22.582 [FXGL Background Thread 2 ] DEBUG FXGLAssetLoaderServi - Loading from file system: file:/E:/java%20project/tank/target/classes/assets/textures/Chicken.png
10:56:22.585 [FXGL Background Thread 2 ] DEBUG FXGLAssetLoaderServi - Loading from file system: file:/E:/java%20project/tank/target/classes/assets/textures/BossTank.png
10:56:22.588 [FXGL Background Thread 2 ] INFO  FXGLApplication      - Game initialization took: 0.127 sec
10:56:22.588 [JavaFX Application Thread] DEBUG Input                - Clearing active input actions
10:56:22.595 [JavaFX Application Thread] DEBUG GameApplicationServi - Removing overlay from Loading_Scene and adding to GameScene
10:56:22.595 [JavaFX Application Thread] DEBUG PrimaryStageWindow   - Loading_Scene -> GameScene
10:56:23.150 [JavaFX Application Thread] DEBUG FXGLAssetLoaderServi - Loading from file system: file:/E:/java%20project/tank/target/classes/assets/textures/element/Enemybullet.png
10:56:23.253 [JavaFX Application Thread] DEBUG FXGLAssetLoaderServi - Loading from file system: file:/E:/java%20project/tank/target/classes/assets/textures/SmallBoom.png
10:56:24.093 [JavaFX Application Thread] DEBUG PrimaryStageWindow   - Push state: FXGLDefaultMenu
10:56:24.094 [JavaFX Application Thread] DEBUG Input                - Clearing active input actions
10:56:24.095 [JavaFX Application Thread] DEBUG GameApplicationServi - Removing overlay from GameScene and adding to FXGLDefaultMenu
10:56:24.096 [JavaFX Application Thread] DEBUG PrimaryStageWindow   - GameScene -> FXGLDefaultMenu
10:56:25.469 [JavaFX Application Thread] DEBUG Menu                 - fireExitToMainMenu()
10:56:25.470 [JavaFX Application Thread] DEBUG PrimaryStageWindow   - Push state: DialogSubScene
10:56:25.470 [JavaFX Application Thread] DEBUG Input                - Clearing active input actions
10:56:25.471 [JavaFX Application Thread] DEBUG GameApplicationServi - Removing overlay from FXGLDefaultMenu and adding to DialogSubScene
10:56:25.471 [JavaFX Application Thread] DEBUG PrimaryStageWindow   - FXGLDefaultMenu -> DialogSubScene
10:56:26.708 [JavaFX Application Thread] DEBUG PrimaryStageWindow   - Pop state: DialogSubScene
10:56:26.708 [JavaFX Application Thread] DEBUG Input                - Clearing active input actions
10:56:26.709 [JavaFX Application Thread] DEBUG GameApplicationServi - Removing overlay from DialogSubScene and adding to FXGLDefaultMenu
10:56:26.710 [JavaFX Application Thread] DEBUG PrimaryStageWindow   - FXGLDefaultMenu <- DialogSubScene
10:56:26.711 [JavaFX Application Thread] DEBUG PrimaryStageWindow   - Pop state: FXGLDefaultMenu
10:56:26.711 [JavaFX Application Thread] DEBUG Input                - Clearing active input actions
10:56:26.712 [JavaFX Application Thread] DEBUG GameApplicationServi - Removing overlay from FXGLDefaultMenu and adding to GameScene
10:56:26.712 [JavaFX Application Thread] DEBUG PrimaryStageWindow   - GameScene <- FXGLDefaultMenu
10:56:26.712 [JavaFX Application Thread] DEBUG Input                - Clearing active input actions
10:56:26.719 [JavaFX Application Thread] DEBUG GameApplicationServi - Removing overlay from GameScene and adding to FXGLMainMenuDummyScene
10:56:26.719 [JavaFX Application Thread] DEBUG PrimaryStageWindow   - GameScene -> FXGLMainMenuDummyScene
10:56:26.719 [JavaFX Application Thread] DEBUG PrimaryStageWindow   - Push state: Main_menu
10:56:26.719 [JavaFX Application Thread] DEBUG Input                - Clearing active input actions
10:56:26.721 [JavaFX Application Thread] DEBUG GameApplicationServi - Removing overlay from FXGLMainMenuDummyScene and adding to Main_menu
10:56:26.721 [JavaFX Application Thread] DEBUG PrimaryStageWindow   - FXGLMainMenuDummyScene -> Main_menu
10:56:40.845 [JavaFX Application Thread] DEBUG GameApplicationServi - Starting new game
10:56:40.845 [JavaFX Application Thread] DEBUG PrimaryStageWindow   - Pop state: Main_menu
10:56:40.845 [JavaFX Application Thread] DEBUG Input                - Clearing active input actions
10:56:40.846 [JavaFX Application Thread] DEBUG GameApplicationServi - Removing overlay from Main_menu and adding to FXGLMainMenuDummyScene
10:56:40.846 [JavaFX Application Thread] DEBUG PrimaryStageWindow   - FXGLMainMenuDummyScene <- Main_menu
10:56:40.846 [JavaFX Application Thread] DEBUG Input                - Clearing active input actions
10:56:40.851 [JavaFX Application Thread] DEBUG GameApplicationServi - Removing overlay from FXGLMainMenuDummyScene and adding to Loading_Scene
10:56:40.852 [JavaFX Application Thread] DEBUG PrimaryStageWindow   - FXGLMainMenuDummyScene -> Loading_Scene
10:56:40.852 [JavaFX Application Thread] DEBUG GameApplicationServi - Clearing previous game
10:56:40.852 [JavaFX Application Thread] DEBUG GameScene            - Clearing game scene
10:56:40.852 [JavaFX Application Thread] DEBUG GameWorld            - Clearing game world
10:56:40.858 [JavaFX Application Thread] DEBUG PhysicsWorld         - Clearing physics world
10:56:40.862 [FXGL Background Thread 2 ] DEBUG FXGLApplication      - Initializing game
10:56:40.863 [FXGL Background Thread 2 ] WARN  TMXLevelLoader       - TiledMap generated from 1.8.4. Supported version: 1.4.2. Some features may not be parsed fully.
10:56:40.868 [FXGL Background Thread 2 ] DEBUG TMXLevelLoader       - Parsed TiledMap: file:/E:/java%20project/tank/target/classes/assets/levels/test1.tmx
10:56:40.868 [FXGL Background Thread 2 ] DEBUG TMXLevelLoader       - Creating tile layer entities
10:56:40.868 [FXGL Background Thread 2 ] DEBUG TMXLevelLoader       - Creating object layer entities
10:56:40.890 [FXGL Background Thread 2 ] DEBUG GameWorld            - Clearing removable entities
10:56:40.891 [FXGL Background Thread 2 ] DEBUG GameWorld            - Setting level: com.almasb.fxgl.entity.level.Level@5fc3c5fa
10:56:40.904 [FXGL Background Thread 2 ] INFO  FXGLApplication      - Game initialization took: 0.042 sec
10:56:40.904 [JavaFX Application Thread] DEBUG Input                - Clearing active input actions
10:56:40.909 [JavaFX Application Thread] DEBUG GameApplicationServi - Removing overlay from Loading_Scene and adding to GameScene
10:56:40.909 [JavaFX Application Thread] DEBUG PrimaryStageWindow   - Loading_Scene -> GameScene
10:56:42.433 [JavaFX Application Thread] DEBUG FXGLAssetLoaderServi - Loading from file system: file:/E:/java%20project/tank/target/classes/assets/sounds/boom.wav
10:56:42.474 [JavaFX Application Thread] DEBUG FXGLAssetLoaderServi - Loading from file system: file:/E:/java%20project/tank/target/classes/assets/textures/element/Bullet.png
10:56:43.348 [JavaFX Application Thread] DEBUG FXGLAssetLoaderServi - Loading from file system: file:/E:/java%20project/tank/target/classes/assets/textures/boom.png
10:56:58.879 [JavaFX Application Thread] DEBUG PrimaryStageWindow   - Push state: EggScene
10:56:58.879 [JavaFX Application Thread] DEBUG FXGLAssetLoaderServi - Loading from file system: file:/E:/java%20project/tank/target/classes/assets/music/chicken.mp3
10:56:58.889 [JavaFX Application Thread] DEBUG AudioPlayer          - Playing music com.almasb.fxgl.audio.Music@8ee56ea
10:56:58.889 [JavaFX Application Thread] DEBUG Input                - Clearing active input actions
10:56:58.889 [JavaFX Application Thread] DEBUG GameApplicationServi - Removing overlay from GameScene and adding to EggScene
10:56:58.889 [JavaFX Application Thread] DEBUG PrimaryStageWindow   - GameScene -> EggScene
10:57:03.891 [JavaFX Application Thread] DEBUG PrimaryStageWindow   - Pop state: EggScene
10:57:03.891 [JavaFX Application Thread] DEBUG Input                - Clearing active input actions
10:57:03.892 [JavaFX Application Thread] DEBUG GameApplicationServi - Removing overlay from EggScene and adding to GameScene
10:57:03.892 [JavaFX Application Thread] DEBUG PrimaryStageWindow   - GameScene <- EggScene
10:57:03.894 [JavaFX Application Thread] WARN  TMXLevelLoader       - TiledMap generated from 1.8.4. Supported version: 1.4.2. Some features may not be parsed fully.
10:57:03.898 [JavaFX Application Thread] DEBUG TMXLevelLoader       - Parsed TiledMap: file:/E:/java%20project/tank/target/classes/assets/levels/Chicken.tmx
10:57:03.899 [JavaFX Application Thread] DEBUG TMXLevelLoader       - Creating tile layer entities
10:57:03.899 [JavaFX Application Thread] DEBUG TMXLevelLoader       - Creating object layer entities
10:57:03.909 [JavaFX Application Thread] DEBUG GameWorld            - Clearing removable entities
10:57:03.911 [JavaFX Application Thread] DEBUG GameWorld            - Setting level: com.almasb.fxgl.entity.level.Level@5e51889b
10:57:03.917 [JavaFX Application Thread] DEBUG FXGLAssetLoaderServi - Loading from file system: file:/E:/java%20project/tank/target/classes/assets/textures/people.png
10:57:04.374 [JavaFX Application Thread] DEBUG PrimaryStageWindow   - Push state: FXGLDefaultMenu
10:57:04.374 [JavaFX Application Thread] DEBUG Input                - Clearing active input actions
10:57:04.374 [JavaFX Application Thread] DEBUG GameApplicationServi - Removing overlay from GameScene and adding to FXGLDefaultMenu
10:57:04.376 [JavaFX Application Thread] DEBUG PrimaryStageWindow   - GameScene -> FXGLDefaultMenu
10:57:10.447 [JavaFX Application Thread] DEBUG Menu                 - fireResume()
10:57:10.448 [JavaFX Application Thread] DEBUG PrimaryStageWindow   - Pop state: FXGLDefaultMenu
10:57:10.448 [JavaFX Application Thread] DEBUG Input                - Clearing active input actions
10:57:10.448 [JavaFX Application Thread] DEBUG GameApplicationServi - Removing overlay from FXGLDefaultMenu and adding to GameScene
10:57:10.448 [JavaFX Application Thread] DEBUG PrimaryStageWindow   - GameScene <- FXGLDefaultMenu
10:57:12.992 [JavaFX Application Thread] DEBUG FXGLAssetLoaderServi - Loading from file system: file:/E:/java%20project/tank/target/classes/assets/textures/Egg.png
10:57:13.869 [JavaFX Application Thread] DEBUG FXGLAssetLoaderServi - Loading from file system: file:/E:/java%20project/tank/target/classes/assets/sounds/JI%20(1).wav
10:57:13.871 [JavaFX Application Thread] DEBUG FXGLAssetLoaderServi - Loading from file system: file:/E:/java%20project/tank/target/classes/assets/textures/element/Good.png
10:57:18.924 [JavaFX Application Thread] DEBUG FXGLAssetLoaderServi - Loading from file system: file:/E:/java%20project/tank/target/classes/assets/textures/element/Enemy1.png
10:57:22.924 [JavaFX Application Thread] DEBUG FXGLAssetLoaderServi - Loading from file system: file:/E:/java%20project/tank/target/classes/assets/textures/element/Enemy2.png
10:57:23.044 [JavaFX Application Thread] DEBUG FXGLAssetLoaderServi - Loading from file system: file:/E:/java%20project/tank/target/classes/assets/textures/Props/GOD.png
10:57:45.233 [JavaFX Application Thread] DEBUG FXGLAssetLoaderServi - Loading from file system: file:/E:/java%20project/tank/target/classes/assets/textures/Props/LUCKYBLOCK.png
10:58:08.093 [JavaFX Application Thread] WARN  GameWorld            - Attempted to remove entity which is not active
10:58:08.093 [JavaFX Application Thread] DEBUG FXGLAssetLoaderServi - Loading from file system: file:/E:/java%20project/tank/target/classes/assets/textures/Suicide.png
10:58:08.096 [JavaFX Application Thread] DEBUG PrimaryStageWindow   - Push state: FailedScene
10:58:08.096 [JavaFX Application Thread] DEBUG Input                - Clearing active input actions
10:58:08.097 [JavaFX Application Thread] DEBUG GameApplicationServi - Removing overlay from GameScene and adding to FailedScene
10:58:08.097 [JavaFX Application Thread] DEBUG PrimaryStageWindow   - GameScene -> FailedScene
10:58:10.602 [JavaFX Application Thread] DEBUG PrimaryStageWindow   - Pop state: FailedScene
10:58:10.602 [JavaFX Application Thread] DEBUG Input                - Clearing active input actions
10:58:10.602 [JavaFX Application Thread] DEBUG GameApplicationServi - Removing overlay from FailedScene and adding to GameScene
10:58:10.602 [JavaFX Application Thread] DEBUG PrimaryStageWindow   - GameScene <- FailedScene
10:58:10.602 [JavaFX Application Thread] DEBUG Input                - Clearing active input actions
10:58:10.605 [JavaFX Application Thread] DEBUG GameApplicationServi - Removing overlay from GameScene and adding to FXGLMainMenuDummyScene
10:58:10.605 [JavaFX Application Thread] DEBUG PrimaryStageWindow   - GameScene -> FXGLMainMenuDummyScene
10:58:10.605 [JavaFX Application Thread] DEBUG PrimaryStageWindow   - Push state: Main_menu
10:58:10.605 [JavaFX Application Thread] DEBUG Input                - Clearing active input actions
10:58:10.606 [JavaFX Application Thread] DEBUG GameApplicationServi - Removing overlay from FXGLMainMenuDummyScene and adding to Main_menu
10:58:10.606 [JavaFX Application Thread] DEBUG PrimaryStageWindow   - FXGLMainMenuDummyScene -> Main_menu
10:58:11.472 [JavaFX Application Thread] DEBUG FXGLApplication      - Exiting FXGL
10:58:11.472 [JavaFX Application Thread] DEBUG LoopRunner           - Stopping loop
10:58:11.472 [JavaFX Application Thread] DEBUG SystemBundleService  - Saving FXGL system data
10:58:11.476 [JavaFX Application Thread] DEBUG FileSystemAccess     - Writing to: E:\java project\tank\system\fxgl.bundle
10:58:11.478 [JavaFX Application Thread] DEBUG Async                - Shutting down background threads
10:58:11.479 [JavaFX Application Thread] DEBUG PrimaryStageWindow   - Closing main window
10:58:11.498 [JavaFX Application Thread] DEBUG Logger               - Closing Logger
