19:41:27.744 [main                     ] DEBUG Logger               - Configured Logger
19:41:27.762 [main                     ] DEBUG GameApplication      - Logging settings
Title: All star battle
Version: 0.1
Width: 2048
Height: 1152
Fullscreen: false
Intro: false
Profiling: false
Single step:false
App Mode: DEVELOPER
Menu Key: ESCAPE
Stage Style: DECORATED
Scene Factory: class com.kenny.tank.AllStarBattleApp$1

19:41:28.021 [JavaFX Application Thread] DEBUG FXGLApplication      - Initializing FXGL
19:41:28.025 [JavaFX Application Thread] INFO  Engine               - FXGL-17.1 (24.03.2022 17.34) on WINDOWS (J:17.0.6 FX:18)
19:41:28.026 [JavaFX Application Thread] DEBUG Engine               - JRE Vendor Name: Amazon.com Inc.
19:41:28.026 [JavaFX Application Thread] DEBUG Engine               - Running on OS: Windows 11 version 10.0
19:41:28.026 [JavaFX Application Thread] DEBUG Engine               - Architecture: amd64
19:41:28.026 [JavaFX Application Thread] INFO  Engine               - Source code and latest versions at: https://github.com/AlmasB/FXGL
19:41:28.026 [JavaFX Application Thread] INFO  Engine               -       Ask questions and discuss at: https://github.com/AlmasB/FXGL/discussions
19:41:28.026 [JavaFX Application Thread] INFO  Engine               -              Join the FXGL chat at: https://gitter.im/AlmasB/FXGL
19:41:28.071 [JavaFX Application Thread] DEBUG PrimaryStageWindow   - Creating a JavaFX scene
19:41:28.071 [JavaFX Application Thread] DEBUG PrimaryStageWindow   - Target size > screen size
19:41:28.096 [JavaFX Application Thread] DEBUG PrimaryStageWindow   - Target settings size: 2048.0 x 1152.0
19:41:28.096 [JavaFX Application Thread] DEBUG PrimaryStageWindow   - Scaled scene size:    1682.0 x 960.0
19:41:28.096 [JavaFX Application Thread] DEBUG PrimaryStageWindow   - Scaled ratio: (0.8212890625, 0.8333333333333334)
19:41:28.097 [JavaFX Application Thread] DEBUG PrimaryStageWindow   - Set initial scene to StartScene
19:41:28.101 [JavaFX Application Thread] DEBUG PrimaryStageWindow   - Opening main window
19:41:28.152 [JavaFX Application Thread] DEBUG PrimaryStageWindow   - Window border size: (14.6666259765625, 37.33331298828125)
19:41:28.152 [JavaFX Application Thread] DEBUG PrimaryStageWindow   - Scaled size: 1682.0 x 960.0
19:41:28.152 [JavaFX Application Thread] DEBUG PrimaryStageWindow   - Scaled ratio: (0.8212890625, 0.8333333333333334)
19:41:28.152 [JavaFX Application Thread] DEBUG PrimaryStageWindow   - Scene size: 1682.0 x 960.0
19:41:28.153 [JavaFX Application Thread] DEBUG PrimaryStageWindow   - Stage size: 1696.6666259765625 x 997.3333129882812
19:41:28.158 [FXGL Background Thread 1 ] DEBUG Engine               - Initializing environment variables
19:41:28.181 [FXGL Background Thread 1 ] DEBUG FXGLAssetLoaderServi - User app class for loading assets: class com.kenny.tank.AllStarBattleApp
19:41:28.181 [FXGL Background Thread 1 ] DEBUG GameApplicationServi - Applying CSS: fxgl_dark.css
19:41:28.182 [FXGL Background Thread 1 ] DEBUG FXGLAssetLoaderServi - Loading from file system: jar:file:///C:/Users/10273/.m2/repository/com/github/almasb/fxgl/17.1/fxgl-17.1.jar!/fxglassets/ui/css/fxgl_dark.css
19:41:28.214 [FXGL Background Thread 1 ] DEBUG GameApplicationServi - Applying CSS: tank.css
19:41:28.215 [FXGL Background Thread 1 ] DEBUG FXGLAssetLoaderServi - Loading from file system: file:/E:/java%20project/tank/target/classes/assets/ui/css/tank.css
19:41:28.216 [FXGL Background Thread 1 ] DEBUG GameApplicationServi - Initializing application scenes
19:41:28.219 [FXGL Background Thread 1 ] DEBUG GameWorld            - Game world initialized
19:41:28.260 [FXGL Background Thread 1 ] DEBUG PhysicsWorld         - Physics world initialized: appHeight=1152, physics.ppm=50.0
19:41:28.260 [FXGL Background Thread 1 ] DEBUG PhysicsWorld         - Using strategy: BRUTE_FORCE
19:41:28.265 [FXGL Background Thread 1 ] DEBUG GameScene            - Game scene initialized: 2048x1152
19:41:28.269 [FXGL Background Thread 1 ] DEBUG FXGLAssetLoaderServi - Loading from file system: file:/E:/java%20project/tank/target/classes/assets/textures/MainMenu.png
19:41:28.354 [FXGL Background Thread 1 ] DEBUG FXGL.DefaultMenu     - createMenuBodyGameMenu()
19:41:28.362 [FXGL Background Thread 1 ] DEBUG FXGL.DefaultMenu     - createOptionsMenu()
19:41:28.368 [FXGL Background Thread 1 ] DEBUG FXGLAssetLoaderServi - Loading from file system: jar:file:///C:/Users/10273/.m2/repository/com/github/almasb/fxgl/17.1/fxgl-17.1.jar!/fxglassets/textures/particles/smoke.png
19:41:28.421 [FXGL Background Thread 1 ] DEBUG FXGLAssetLoaderServi - Loading from file system: jar:file:///C:/Users/10273/.m2/repository/com/github/almasb/fxgl/17.1/fxgl-17.1.jar!/fxglassets/textures/particles/trace_horizontal.png
19:41:28.430 [FXGL Background Thread 1 ] DEBUG GameApplicationServi - Application scenes initialized
19:41:28.439 [FXGL Background Thread 1 ] DEBUG SystemBundleService  - Loading FXGL system data
19:41:28.441 [FXGL Background Thread 1 ] DEBUG FileSystemAccess     - Reading from: E:\java project\tank\system\fxgl.bundle
19:41:28.446 [FXGL Background Thread 1 ] DEBUG SystemBundleService  - Bundle FXGL: {}
19:41:28.447 [FXGL Background Thread 1 ] DEBUG UpdaterService       - Checking for updates
19:41:28.449 [FXGL Background Thread 4 ] DEBUG FXGLApplication      - Loading fonts
19:41:28.449 [FXGL Background Thread 1 ] DEBUG FXGLApplication      - Loading default localization
19:41:28.449 [FXGL Background Thread 4 ] DEBUG FXGLAssetLoaderServi - Loading from file system: jar:file:///C:/Users/10273/.m2/repository/com/github/almasb/fxgl/17.1/fxgl-17.1.jar!/fxglassets/ui/fonts/VarelaRound-Regular.ttf
19:41:28.450 [FXGL Background Thread 1 ] DEBUG FXGLAssetLoaderServi - Loading from file system: jar:file:///C:/Users/10273/.m2/repository/com/github/almasb/fxgl/17.1/fxgl-17.1.jar!/fxglassets/languages/english.lang
19:41:28.466 [FXGL Background Thread 1 ] INFO  FXGLApplication      - FXGL initialization took: 0.309 sec
19:41:28.474 [JavaFX Application Thread] DEBUG Input                - Registered new binding: action0 - Up
19:41:28.475 [JavaFX Application Thread] DEBUG Input                - Registered new binding: action1 - Down
19:41:28.475 [JavaFX Application Thread] DEBUG Input                - Registered new binding: action2 - Left
19:41:28.475 [JavaFX Application Thread] DEBUG Input                - Registered new binding: action3 - Right
19:41:28.476 [JavaFX Application Thread] DEBUG Input                - Registered new binding: action4 - Space
19:41:28.476 [JavaFX Application Thread] DEBUG FXGLAssetLoaderServi - Loading from file system: file:/E:/java%20project/tank/target/classes/assets/textures/joker.jpg
19:41:28.500 [JavaFX Application Thread] DEBUG FXGLAssetLoaderServi - Loading from file system: jar:file:///C:/Users/10273/.m2/repository/com/github/almasb/fxgl/17.1/fxgl-17.1.jar!/fxglassets/textures/fxgl_default_cursor.png
19:41:28.502 [JavaFX Application Thread] DEBUG Input                - Registered new binding: Screenshot - CTRL+8
19:41:28.502 [FXGL Background Thread 4 ] DEBUG FXGLAssetLoaderServi - Loading from file system: jar:file:///C:/Users/10273/.m2/repository/com/github/almasb/fxgl/17.1/fxgl-17.1.jar!/fxglassets/ui/fonts/Abel-Regular.ttf
19:41:28.502 [JavaFX Application Thread] DEBUG Input                - Registered new binding: System info dump - CTRL+9
19:41:28.503 [JavaFX Application Thread] DEBUG Input                - Registered new binding: Restart - CTRL+R
19:41:28.504 [JavaFX Application Thread] DEBUG Input                - Registered new binding: Toggle Debug Camera - CTRL+7
19:41:28.504 [FXGL Background Thread 4 ] DEBUG FXGLAssetLoaderServi - Loading from file system: jar:file:///C:/Users/10273/.m2/repository/com/github/almasb/fxgl/17.1/fxgl-17.1.jar!/fxglassets/ui/fonts/TerminalLandMono-Regular.otf
19:41:28.506 [FXGL Background Thread 4 ] DEBUG FXGLAssetLoaderServi - Loading from file system: jar:file:///C:/Users/10273/.m2/repository/com/github/almasb/fxgl/17.1/fxgl-17.1.jar!/fxglassets/ui/fonts/Courier-Prime.ttf
19:41:28.507 [JavaFX Application Thread] DEBUG LoopRunner           - Starting loop
19:41:28.507 [JavaFX Application Thread] DEBUG LoopRunner           - Initializing JavaFX AnimationTimerLoop
19:41:28.512 [JavaFX Application Thread] DEBUG Input                - Clearing active input actions
19:41:28.517 [JavaFX Application Thread] DEBUG GameApplicationServi - Removing overlay from StartScene and adding to FXGLMainMenuDummyScene
19:41:28.517 [JavaFX Application Thread] DEBUG PrimaryStageWindow   - StartScene -> FXGLMainMenuDummyScene
19:41:28.518 [JavaFX Application Thread] DEBUG PrimaryStageWindow   - Push state: Main_menu
19:41:28.518 [JavaFX Application Thread] DEBUG Input                - Clearing active input actions
19:41:28.525 [JavaFX Application Thread] DEBUG GameApplicationServi - Removing overlay from FXGLMainMenuDummyScene and adding to Main_menu
19:41:28.526 [JavaFX Application Thread] DEBUG PrimaryStageWindow   - FXGLMainMenuDummyScene -> Main_menu
19:41:28.529 [JavaFX Application Thread] DEBUG FXGLApplication      - Registering font factories with UI factory
19:41:29.104 [JavaFX Application Thread] DEBUG GameApplicationServi - Starting new game
19:41:29.104 [JavaFX Application Thread] DEBUG PrimaryStageWindow   - Pop state: Main_menu
19:41:29.104 [JavaFX Application Thread] DEBUG Input                - Clearing active input actions
19:41:29.105 [JavaFX Application Thread] DEBUG GameApplicationServi - Removing overlay from Main_menu and adding to FXGLMainMenuDummyScene
19:41:29.105 [JavaFX Application Thread] DEBUG PrimaryStageWindow   - FXGLMainMenuDummyScene <- Main_menu
19:41:29.105 [JavaFX Application Thread] DEBUG Input                - Clearing active input actions
19:41:29.109 [JavaFX Application Thread] DEBUG GameApplicationServi - Removing overlay from FXGLMainMenuDummyScene and adding to Loading_Scene
19:41:29.109 [JavaFX Application Thread] DEBUG PrimaryStageWindow   - FXGLMainMenuDummyScene -> Loading_Scene
19:41:29.109 [JavaFX Application Thread] DEBUG GameApplicationServi - Clearing previous game
19:41:29.109 [JavaFX Application Thread] DEBUG GameScene            - Clearing game scene
19:41:29.109 [JavaFX Application Thread] DEBUG GameWorld            - Clearing game world
19:41:29.109 [JavaFX Application Thread] DEBUG PhysicsWorld         - Clearing physics world
19:41:29.112 [FXGL Background Thread 4 ] DEBUG FXGLApplication      - Initializing game
19:41:29.130 [FXGL Background Thread 4 ] WARN  TMXLevelLoader       - TiledMap generated from 1.8.4. Supported version: 1.4.2. Some features may not be parsed fully.
19:41:29.141 [FXGL Background Thread 4 ] DEBUG TMXLevelLoader       - Parsed TiledMap: file:/E:/java%20project/tank/target/classes/assets/levels/test1.tmx
19:41:29.142 [FXGL Background Thread 4 ] DEBUG TMXLevelLoader       - Creating tile layer entities
19:41:29.143 [FXGL Background Thread 4 ] DEBUG TMXLevelLoader       - Creating object layer entities
19:41:29.159 [FXGL Background Thread 2 ] INFO  UpdaterService       - Your current version:  17.1
19:41:29.159 [FXGL Background Thread 2 ] INFO  UpdaterService       - Latest stable version: 17.2
19:41:29.190 [FXGL Background Thread 4 ] DEBUG GameWorld            - Clearing removable entities
19:41:29.190 [FXGL Background Thread 4 ] DEBUG GameWorld            - Setting level: com.almasb.fxgl.entity.level.Level@5a7036ae
19:41:29.198 [FXGL Background Thread 4 ] DEBUG FXGLAssetLoaderServi - Loading from file system: file:/E:/java%20project/tank/target/classes/assets/textures/element/Tank.png
19:41:29.200 [FXGL Background Thread 4 ] DEBUG FXGLAssetLoaderServi - Loading from file system: file:/E:/java%20project/tank/target/classes/assets/textures/Enemytank.png
19:41:29.202 [FXGL Background Thread 4 ] DEBUG FXGLAssetLoaderServi - Loading from file system: file:/E:/java%20project/tank/target/classes/assets/textures/Chicken.png
19:41:29.207 [FXGL Background Thread 4 ] DEBUG FXGLAssetLoaderServi - Loading from file system: file:/E:/java%20project/tank/target/classes/assets/textures/BossTank.png
19:41:29.209 [FXGL Background Thread 4 ] INFO  FXGLApplication      - Game initialization took: 0.097 sec
19:41:29.209 [JavaFX Application Thread] DEBUG Input                - Clearing active input actions
19:41:29.215 [JavaFX Application Thread] DEBUG GameApplicationServi - Removing overlay from Loading_Scene and adding to GameScene
19:41:29.215 [JavaFX Application Thread] DEBUG PrimaryStageWindow   - Loading_Scene -> GameScene
19:41:29.759 [JavaFX Application Thread] DEBUG FXGLAssetLoaderServi - Loading from file system: file:/E:/java%20project/tank/target/classes/assets/textures/element/Enemybullet.png
19:41:29.869 [JavaFX Application Thread] DEBUG FXGLAssetLoaderServi - Loading from file system: file:/E:/java%20project/tank/target/classes/assets/textures/SmallBoom.png
19:41:30.335 [JavaFX Application Thread] DEBUG FXGLAssetLoaderServi - Loading from file system: file:/E:/java%20project/tank/target/classes/assets/sounds/boom.wav
19:41:30.390 [JavaFX Application Thread] DEBUG FXGLAssetLoaderServi - Loading from file system: file:/E:/java%20project/tank/target/classes/assets/textures/element/Bullet.png
19:41:31.450 [FXGL Background Thread 3 ] DEBUG Engine               - Logging environment variables
19:41:31.450 [FXGL Background Thread 3 ] DEBUG Engine               - achievements: []
19:41:31.450 [FXGL Background Thread 3 ] DEBUG Engine               - actualHeight: 960.0
19:41:31.451 [FXGL Background Thread 3 ] DEBUG Engine               - actualHeightProperty: ReadOnlyDoubleProperty [value: 960.0]
19:41:31.451 [FXGL Background Thread 3 ] DEBUG Engine               - actualWidth: 1682.0
19:41:31.451 [FXGL Background Thread 3 ] DEBUG Engine               - actualWidthProperty: ReadOnlyDoubleProperty [value: 1682.0]
19:41:31.451 [FXGL Background Thread 3 ] DEBUG Engine               - appIcon: joker.jpg
19:41:31.451 [FXGL Background Thread 3 ] DEBUG Engine               - applicationMode: DEVELOPER
19:41:31.451 [FXGL Background Thread 3 ] DEBUG Engine               - cSSList: [fxgl_dark.css, tank.css]
19:41:31.451 [FXGL Background Thread 3 ] DEBUG Engine               - collisionDetectionStrategy: BRUTE_FORCE
19:41:31.451 [FXGL Background Thread 3 ] DEBUG Engine               - configClass: Optional.empty
19:41:31.451 [FXGL Background Thread 3 ] DEBUG Engine               - credits: []
19:41:31.452 [FXGL Background Thread 3 ] DEBUG Engine               - defaultCursor: CursorInfo(imageName=fxgl_default_cursor.png, hotspotX=7.0, hotspotY=6.0)
19:41:31.452 [FXGL Background Thread 3 ] DEBUG Engine               - devBBoxColorProperty: ObjectProperty [value: 0xff0000ff]
19:41:31.452 [FXGL Background Thread 3 ] DEBUG Engine               - devEnableDebugCameraProperty: BooleanProperty [value: false]
19:41:31.452 [FXGL Background Thread 3 ] DEBUG Engine               - devSensorColorProperty: ObjectProperty [value: 0xffff00ff]
19:41:31.452 [FXGL Background Thread 3 ] DEBUG Engine               - devShowBBoxProperty: BooleanProperty [value: false]
19:41:31.452 [FXGL Background Thread 3 ] DEBUG Engine               - devShowPositionProperty: BooleanProperty [value: false]
19:41:31.452 [FXGL Background Thread 3 ] DEBUG Engine               - enabledMenuItems: []
19:41:31.452 [FXGL Background Thread 3 ] DEBUG Engine               - engineServices: [class com.almasb.fxgl.app.services.FXGLAssetLoaderService, class com.almasb.fxgl.app.FXGLApplication$GameApplicationService, class com.almasb.fxgl.app.services.FXGLDialogService, class com.almasb.fxgl.app.services.IOTaskExecutorService, class com.almasb.fxgl.io.FileSystemService, class com.almasb.fxgl.localization.LocalizationService, class com.almasb.fxgl.app.services.SystemBundleService, class com.almasb.fxgl.profile.SaveLoadService, class com.almasb.fxgl.ui.FXGLUIFactoryServiceProvider, class com.almasb.fxgl.ui.FXGLDialogFactoryServiceProvider, class com.almasb.fxgl.audio.AudioPlayer, class com.almasb.fxgl.notification.impl.NotificationServiceProvider, class com.almasb.fxgl.achievement.AchievementService, class com.almasb.fxgl.cutscene.CutsceneService, class com.almasb.fxgl.minigames.MiniGameService, class com.almasb.fxgl.net.NetService, class com.almasb.fxgl.app.services.UpdaterService, class com.almasb.fxgl.dev.DevService]
19:41:31.453 [FXGL Background Thread 3 ] DEBUG Engine               - fontGame: Abel-Regular.ttf
19:41:31.453 [FXGL Background Thread 3 ] DEBUG Engine               - fontMono: TerminalLandMono-Regular.otf
19:41:31.453 [FXGL Background Thread 3 ] DEBUG Engine               - fontText: Courier-Prime.ttf
19:41:31.453 [FXGL Background Thread 3 ] DEBUG Engine               - fontUI: VarelaRound-Regular.ttf
19:41:31.453 [FXGL Background Thread 3 ] DEBUG Engine               - fullScreen: BooleanProperty [value: false]
19:41:31.453 [FXGL Background Thread 3 ] DEBUG Engine               - gameDifficulty: MEDIUM
19:41:31.453 [FXGL Background Thread 3 ] DEBUG Engine               - gameDifficultyProperty: ObjectProperty [value: MEDIUM]
19:41:31.453 [FXGL Background Thread 3 ] DEBUG Engine               - globalMusicVolume: 0.5
19:41:31.453 [FXGL Background Thread 3 ] DEBUG Engine               - globalMusicVolumeProperty: DoubleProperty [value: 0.5]
19:41:31.454 [FXGL Background Thread 3 ] DEBUG Engine               - globalSoundVolume: 0.5
19:41:31.454 [FXGL Background Thread 3 ] DEBUG Engine               - globalSoundVolumeProperty: DoubleProperty [value: 0.8]
19:41:31.454 [FXGL Background Thread 3 ] DEBUG Engine               - height: 1152
19:41:31.454 [FXGL Background Thread 3 ] DEBUG Engine               - is3D: false
19:41:31.454 [FXGL Background Thread 3 ] DEBUG Engine               - isAndroid: false
19:41:31.454 [FXGL Background Thread 3 ] DEBUG Engine               - isBrowser: false
19:41:31.454 [FXGL Background Thread 3 ] DEBUG Engine               - isClickFeedbackEnabled: false
19:41:31.454 [FXGL Background Thread 3 ] DEBUG Engine               - isCloseConfirmation: false
19:41:31.454 [FXGL Background Thread 3 ] DEBUG Engine               - isDesktop: true
19:41:31.454 [FXGL Background Thread 3 ] DEBUG Engine               - isDeveloperMenuEnabled: false
19:41:31.454 [FXGL Background Thread 3 ] DEBUG Engine               - isEmbedded: false
19:41:31.454 [FXGL Background Thread 3 ] DEBUG Engine               - isEntityPreloadEnabled: true
19:41:31.454 [FXGL Background Thread 3 ] DEBUG Engine               - isExperimentalTiledLargeMap: false
19:41:31.454 [FXGL Background Thread 3 ] DEBUG Engine               - isFileSystemWriteAllowed: true
19:41:31.454 [FXGL Background Thread 3 ] DEBUG Engine               - isFullScreenAllowed: false
19:41:31.454 [FXGL Background Thread 3 ] DEBUG Engine               - isFullScreenFromStart: false
19:41:31.454 [FXGL Background Thread 3 ] DEBUG Engine               - isGameMenuEnabled: true
19:41:31.454 [FXGL Background Thread 3 ] DEBUG Engine               - isIOS: false
19:41:31.454 [FXGL Background Thread 3 ] DEBUG Engine               - isIntroEnabled: false
19:41:31.454 [FXGL Background Thread 3 ] DEBUG Engine               - isLinux: false
19:41:31.454 [FXGL Background Thread 3 ] DEBUG Engine               - isMac: false
19:41:31.454 [FXGL Background Thread 3 ] DEBUG Engine               - isMainMenuEnabled: true
19:41:31.454 [FXGL Background Thread 3 ] DEBUG Engine               - isManualResizeEnabled: false
19:41:31.454 [FXGL Background Thread 3 ] DEBUG Engine               - isMobile: false
19:41:31.454 [FXGL Background Thread 3 ] DEBUG Engine               - isNative: false
19:41:31.454 [FXGL Background Thread 3 ] DEBUG Engine               - isPauseMusicWhenMinimized: true
19:41:31.454 [FXGL Background Thread 3 ] DEBUG Engine               - isPreserveResizeRatio: false
19:41:31.454 [FXGL Background Thread 3 ] DEBUG Engine               - isProfilingEnabled: false
19:41:31.454 [FXGL Background Thread 3 ] DEBUG Engine               - isScaleAffectedOnResize: true
19:41:31.455 [FXGL Background Thread 3 ] DEBUG Engine               - isSingleStep: false
19:41:31.455 [FXGL Background Thread 3 ] DEBUG Engine               - isUserProfileEnabled: false
19:41:31.455 [FXGL Background Thread 3 ] DEBUG Engine               - isWindows: true
19:41:31.455 [FXGL Background Thread 3 ] DEBUG Engine               - language: ObjectProperty [value: ENGLISH]
19:41:31.455 [FXGL Background Thread 3 ] DEBUG Engine               - menuKey: ESCAPE
19:41:31.455 [FXGL Background Thread 3 ] DEBUG Engine               - mouseSensitivity: 0.2
19:41:31.455 [FXGL Background Thread 3 ] DEBUG Engine               - notificationViewClass: class com.almasb.fxgl.notification.view.XboxNotificationView
19:41:31.455 [FXGL Background Thread 3 ] DEBUG Engine               - pixelsPerMeter: 50.0
19:41:31.455 [FXGL Background Thread 3 ] DEBUG Engine               - platform: WINDOWS
19:41:31.455 [FXGL Background Thread 3 ] DEBUG Engine               - prefHeightProperty: ReadOnlyDoubleProperty [value: 1152.0]
19:41:31.455 [FXGL Background Thread 3 ] DEBUG Engine               - prefWidthProperty: ReadOnlyDoubleProperty [value: 2048.0]
19:41:31.455 [FXGL Background Thread 3 ] DEBUG Engine               - profileDir: profiles/
19:41:31.455 [FXGL Background Thread 3 ] DEBUG Engine               - profileName: StringProperty [value: DEFAULT]
19:41:31.455 [FXGL Background Thread 3 ] DEBUG Engine               - randomSeed: -1
19:41:31.455 [FXGL Background Thread 3 ] DEBUG Engine               - runtimeInfo: RuntimeInfo(platform=WINDOWS, version=17.1, build=24.03.2022 17.34)
19:41:31.455 [FXGL Background Thread 3 ] DEBUG Engine               - saveFileExt: sav
19:41:31.455 [FXGL Background Thread 3 ] DEBUG Engine               - scaledHeightProp$fxgl: DoubleProperty [bound, value: 960.0]
19:41:31.455 [FXGL Background Thread 3 ] DEBUG Engine               - scaledWidthProp$fxgl: DoubleProperty [bound, value: 1682.0]
19:41:31.455 [FXGL Background Thread 3 ] DEBUG Engine               - sceneFactory: com.kenny.tank.AllStarBattleApp$1@51ffa7a1
19:41:31.455 [FXGL Background Thread 3 ] DEBUG Engine               - secondsIn24h: 60
19:41:31.455 [FXGL Background Thread 3 ] DEBUG Engine               - soundMenuBack: menu/back.wav
19:41:31.455 [FXGL Background Thread 3 ] DEBUG Engine               - soundMenuPress: menu/press.wav
19:41:31.455 [FXGL Background Thread 3 ] DEBUG Engine               - soundMenuSelect: menu/select.wav
19:41:31.455 [FXGL Background Thread 3 ] DEBUG Engine               - soundNotification: core/notification.wav
19:41:31.455 [FXGL Background Thread 3 ] DEBUG Engine               - stageStyle: DECORATED
19:41:31.455 [FXGL Background Thread 3 ] DEBUG Engine               - supportedLanguages: [ENGLISH, FRENCH, GERMAN, HUNGARIAN, RUSSIAN]
19:41:31.455 [FXGL Background Thread 3 ] DEBUG Engine               - ticksPerSecond: -1
19:41:31.455 [FXGL Background Thread 3 ] DEBUG Engine               - title: All star battle
19:41:31.455 [FXGL Background Thread 3 ] DEBUG Engine               - urlGithub: https://github.com/AlmasB/FXGL
19:41:31.455 [FXGL Background Thread 3 ] DEBUG Engine               - urlLeaderboard: http://fxgl-top.herokuapp.com/
19:41:31.456 [FXGL Background Thread 3 ] DEBUG Engine               - urlPOM: https://raw.githubusercontent.com/AlmasB/FXGL/release/README.md
19:41:31.456 [FXGL Background Thread 3 ] DEBUG Engine               - userAppClass: class com.kenny.tank.AllStarBattleApp
19:41:31.456 [FXGL Background Thread 3 ] DEBUG Engine               - version: 0.1
19:41:31.456 [FXGL Background Thread 3 ] DEBUG Engine               - versionCheckDays: 7
19:41:31.456 [FXGL Background Thread 3 ] DEBUG Engine               - width: 2048
19:41:31.456 [FXGL Background Thread 3 ] DEBUG Engine               - Logging services
19:41:31.456 [FXGL Background Thread 3 ] DEBUG Engine               - class com.almasb.fxgl.app.services.FXGLAssetLoaderService
19:41:31.456 [FXGL Background Thread 3 ] DEBUG Engine               - class com.almasb.fxgl.app.FXGLApplication$GameApplicationService
19:41:31.456 [FXGL Background Thread 3 ] DEBUG Engine               - class com.almasb.fxgl.app.services.FXGLDialogService
19:41:31.456 [FXGL Background Thread 3 ] DEBUG Engine               - class com.almasb.fxgl.app.services.IOTaskExecutorService
19:41:31.456 [FXGL Background Thread 3 ] DEBUG Engine               - class com.almasb.fxgl.io.FileSystemService
19:41:31.456 [FXGL Background Thread 3 ] DEBUG Engine               - class com.almasb.fxgl.localization.LocalizationService
19:41:31.456 [FXGL Background Thread 3 ] DEBUG Engine               - class com.almasb.fxgl.app.services.SystemBundleService
19:41:31.456 [FXGL Background Thread 3 ] DEBUG Engine               - class com.almasb.fxgl.profile.SaveLoadService
19:41:31.456 [FXGL Background Thread 3 ] DEBUG Engine               - class com.almasb.fxgl.ui.FXGLUIFactoryServiceProvider
19:41:31.456 [FXGL Background Thread 3 ] DEBUG Engine               - class com.almasb.fxgl.ui.FXGLDialogFactoryServiceProvider
19:41:31.456 [FXGL Background Thread 3 ] DEBUG Engine               - class com.almasb.fxgl.audio.AudioPlayer
19:41:31.456 [FXGL Background Thread 3 ] DEBUG Engine               - class com.almasb.fxgl.notification.impl.NotificationServiceProvider
19:41:31.456 [FXGL Background Thread 3 ] DEBUG Engine               - class com.almasb.fxgl.achievement.AchievementService
19:41:31.456 [FXGL Background Thread 3 ] DEBUG Engine               - class com.almasb.fxgl.cutscene.CutsceneService
19:41:31.456 [FXGL Background Thread 3 ] DEBUG Engine               - class com.almasb.fxgl.minigames.MiniGameService
19:41:31.456 [FXGL Background Thread 3 ] DEBUG Engine               - class com.almasb.fxgl.net.NetService
19:41:31.456 [FXGL Background Thread 3 ] DEBUG Engine               - class com.almasb.fxgl.app.services.UpdaterService
19:41:31.456 [FXGL Background Thread 3 ] DEBUG Engine               - class com.almasb.fxgl.dev.DevService
19:41:38.512 [JavaFX Application Thread] DEBUG FXGLAssetLoaderServi - Loading from file system: file:/E:/java%20project/tank/target/classes/assets/textures/boom.png
19:41:38.516 [JavaFX Application Thread] DEBUG PrimaryStageWindow   - Push state: EggScene
19:41:38.517 [JavaFX Application Thread] DEBUG FXGLAssetLoaderServi - Loading from file system: file:/E:/java%20project/tank/target/classes/assets/music/chicken.mp3
19:41:38.546 [JavaFX Application Thread] DEBUG AudioPlayer          - Playing music com.almasb.fxgl.audio.Music@ff59863
19:41:38.546 [JavaFX Application Thread] DEBUG Input                - Clearing active input actions
19:41:38.546 [JavaFX Application Thread] DEBUG GameApplicationServi - Removing overlay from GameScene and adding to EggScene
19:41:38.546 [JavaFX Application Thread] DEBUG PrimaryStageWindow   - GameScene -> EggScene
19:41:40.526 [JavaFX Application Thread] DEBUG PrimaryStageWindow   - Pop state: EggScene
19:41:40.526 [JavaFX Application Thread] DEBUG Input                - Clearing active input actions
19:41:40.527 [JavaFX Application Thread] DEBUG GameApplicationServi - Removing overlay from EggScene and adding to GameScene
19:41:40.527 [JavaFX Application Thread] DEBUG PrimaryStageWindow   - GameScene <- EggScene
19:41:40.530 [JavaFX Application Thread] WARN  TMXLevelLoader       - TiledMap generated from 1.8.4. Supported version: 1.4.2. Some features may not be parsed fully.
19:41:40.533 [JavaFX Application Thread] DEBUG TMXLevelLoader       - Parsed TiledMap: file:/E:/java%20project/tank/target/classes/assets/levels/Chicken.tmx
19:41:40.533 [JavaFX Application Thread] DEBUG TMXLevelLoader       - Creating tile layer entities
19:41:40.533 [JavaFX Application Thread] DEBUG TMXLevelLoader       - Creating object layer entities
19:41:40.542 [JavaFX Application Thread] DEBUG GameWorld            - Clearing removable entities
19:41:40.551 [JavaFX Application Thread] DEBUG GameWorld            - Setting level: com.almasb.fxgl.entity.level.Level@26473931
19:41:40.558 [JavaFX Application Thread] DEBUG FXGLAssetLoaderServi - Loading from file system: file:/E:/java%20project/tank/target/classes/assets/textures/people.png
19:41:42.876 [JavaFX Application Thread] DEBUG PrimaryStageWindow   - Push state: FXGLDefaultMenu
19:41:42.878 [JavaFX Application Thread] DEBUG Input                - Clearing active input actions
19:41:42.880 [JavaFX Application Thread] DEBUG GameApplicationServi - Removing overlay from GameScene and adding to FXGLDefaultMenu
19:41:42.880 [JavaFX Application Thread] DEBUG PrimaryStageWindow   - GameScene -> FXGLDefaultMenu
19:41:43.527 [JavaFX Application Thread] DEBUG Menu                 - fireResume()
19:41:43.528 [JavaFX Application Thread] DEBUG PrimaryStageWindow   - Pop state: FXGLDefaultMenu
19:41:43.528 [JavaFX Application Thread] DEBUG Input                - Clearing active input actions
19:41:43.529 [JavaFX Application Thread] DEBUG GameApplicationServi - Removing overlay from FXGLDefaultMenu and adding to GameScene
19:41:43.529 [JavaFX Application Thread] DEBUG PrimaryStageWindow   - GameScene <- FXGLDefaultMenu
19:41:44.045 [JavaFX Application Thread] DEBUG PrimaryStageWindow   - Push state: FXGLDefaultMenu
19:41:44.045 [JavaFX Application Thread] DEBUG Input                - Clearing active input actions
19:41:44.047 [JavaFX Application Thread] DEBUG GameApplicationServi - Removing overlay from GameScene and adding to FXGLDefaultMenu
19:41:44.047 [JavaFX Application Thread] DEBUG PrimaryStageWindow   - GameScene -> FXGLDefaultMenu
19:41:44.667 [JavaFX Application Thread] DEBUG Menu                 - fireExitToMainMenu()
19:41:44.669 [JavaFX Application Thread] DEBUG PrimaryStageWindow   - Push state: DialogSubScene
19:41:44.669 [JavaFX Application Thread] DEBUG Input                - Clearing active input actions
19:41:44.669 [JavaFX Application Thread] DEBUG GameApplicationServi - Removing overlay from FXGLDefaultMenu and adding to DialogSubScene
19:41:44.669 [JavaFX Application Thread] DEBUG PrimaryStageWindow   - FXGLDefaultMenu -> DialogSubScene
19:41:45.286 [JavaFX Application Thread] DEBUG PrimaryStageWindow   - Pop state: DialogSubScene
19:41:45.286 [JavaFX Application Thread] DEBUG Input                - Clearing active input actions
19:41:45.287 [JavaFX Application Thread] DEBUG GameApplicationServi - Removing overlay from DialogSubScene and adding to FXGLDefaultMenu
19:41:45.287 [JavaFX Application Thread] DEBUG PrimaryStageWindow   - FXGLDefaultMenu <- DialogSubScene
19:41:45.288 [JavaFX Application Thread] DEBUG PrimaryStageWindow   - Pop state: FXGLDefaultMenu
19:41:45.288 [JavaFX Application Thread] DEBUG Input                - Clearing active input actions
19:41:45.288 [JavaFX Application Thread] DEBUG GameApplicationServi - Removing overlay from FXGLDefaultMenu and adding to GameScene
19:41:45.288 [JavaFX Application Thread] DEBUG PrimaryStageWindow   - GameScene <- FXGLDefaultMenu
19:41:45.288 [JavaFX Application Thread] DEBUG Input                - Clearing active input actions
19:41:45.294 [JavaFX Application Thread] DEBUG GameApplicationServi - Removing overlay from GameScene and adding to FXGLMainMenuDummyScene
19:41:45.296 [JavaFX Application Thread] DEBUG PrimaryStageWindow   - GameScene -> FXGLMainMenuDummyScene
19:41:45.296 [JavaFX Application Thread] DEBUG PrimaryStageWindow   - Push state: Main_menu
19:41:45.296 [JavaFX Application Thread] DEBUG Input                - Clearing active input actions
19:41:45.296 [JavaFX Application Thread] DEBUG GameApplicationServi - Removing overlay from FXGLMainMenuDummyScene and adding to Main_menu
19:41:45.296 [JavaFX Application Thread] DEBUG PrimaryStageWindow   - FXGLMainMenuDummyScene -> Main_menu
19:41:45.779 [JavaFX Application Thread] DEBUG FXGLApplication      - Exiting FXGL
19:41:45.779 [JavaFX Application Thread] DEBUG LoopRunner           - Stopping loop
19:41:45.779 [JavaFX Application Thread] DEBUG SystemBundleService  - Saving FXGL system data
19:41:45.784 [JavaFX Application Thread] DEBUG FileSystemAccess     - Writing to: E:\java project\tank\system\fxgl.bundle
19:41:45.786 [JavaFX Application Thread] DEBUG Async                - Shutting down background threads
19:41:45.786 [JavaFX Application Thread] DEBUG PrimaryStageWindow   - Closing main window
19:41:45.809 [JavaFX Application Thread] DEBUG Logger               - Closing Logger
