11:59:30.175 [main                     ] DEBUG Logger               - Configured Logger
11:59:30.197 [main                     ] DEBUG GameApplication      - Logging settings
Title: All star battle
Version: 0.1
Width: 2048
Height: 1152
Fullscreen: false
Intro: false
Profiling: false
Single step:false
App Mode: DEVELOPER
Menu Key: ESCAPE
Stage Style: DECORATED
Scene Factory: class com.kenny.AllStarBattle.AllStarBattleApp$1

11:59:30.528 [JavaFX Application Thread] DEBUG FXGLApplication      - Initializing FXGL
11:59:30.533 [JavaFX Application Thread] INFO  Engine               - FXGL-17.1 (24.03.2022 17.34) on WINDOWS (J:17.0.6 FX:18)
11:59:30.533 [JavaFX Application Thread] DEBUG Engine               - JRE Vendor Name: Amazon.com Inc.
11:59:30.533 [JavaFX Application Thread] DEBUG Engine               - Running on OS: Windows 11 version 10.0
11:59:30.533 [JavaFX Application Thread] DEBUG Engine               - Architecture: amd64
11:59:30.533 [JavaFX Application Thread] INFO  Engine               - Source code and latest versions at: https://github.com/AlmasB/FXGL
11:59:30.534 [JavaFX Application Thread] INFO  Engine               -       Ask questions and discuss at: https://github.com/AlmasB/FXGL/discussions
11:59:30.534 [JavaFX Application Thread] INFO  Engine               -              Join the FXGL chat at: https://gitter.im/AlmasB/FXGL
11:59:30.591 [JavaFX Application Thread] DEBUG PrimaryStageWindow   - Creating a JavaFX scene
11:59:30.591 [JavaFX Application Thread] DEBUG PrimaryStageWindow   - Target size > screen size
11:59:30.622 [JavaFX Application Thread] DEBUG PrimaryStageWindow   - Target settings size: 2048.0 x 1152.0
11:59:30.622 [JavaFX Application Thread] DEBUG PrimaryStageWindow   - Scaled scene size:    1682.0 x 960.0
11:59:30.623 [JavaFX Application Thread] DEBUG PrimaryStageWindow   - Scaled ratio: (0.8212890625, 0.8333333333333334)
11:59:30.623 [JavaFX Application Thread] DEBUG PrimaryStageWindow   - Set initial scene to StartScene
11:59:30.629 [JavaFX Application Thread] DEBUG PrimaryStageWindow   - Opening main window
11:59:30.739 [JavaFX Application Thread] DEBUG PrimaryStageWindow   - Window border size: (14.6666259765625, 37.33331298828125)
11:59:30.739 [JavaFX Application Thread] DEBUG PrimaryStageWindow   - Scaled size: 1682.0 x 960.0
11:59:30.740 [JavaFX Application Thread] DEBUG PrimaryStageWindow   - Scaled ratio: (0.8212890625, 0.8333333333333334)
11:59:30.740 [JavaFX Application Thread] DEBUG PrimaryStageWindow   - Scene size: 1682.0 x 960.0
11:59:30.740 [JavaFX Application Thread] DEBUG PrimaryStageWindow   - Stage size: 1696.6666259765625 x 997.3333129882812
11:59:30.747 [FXGL Background Thread 1 ] DEBUG Engine               - Initializing environment variables
11:59:30.775 [FXGL Background Thread 1 ] DEBUG FXGLAssetLoaderServi - User app class for loading assets: class com.kenny.AllStarBattle.AllStarBattleApp
11:59:30.775 [FXGL Background Thread 1 ] DEBUG GameApplicationServi - Applying CSS: fxgl_dark.css
11:59:30.776 [FXGL Background Thread 1 ] DEBUG FXGLAssetLoaderServi - Loading from file system: jar:file:///C:/Users/10273/.m2/repository/com/github/almasb/fxgl/17.1/fxgl-17.1.jar!/fxglassets/ui/css/fxgl_dark.css
11:59:30.827 [FXGL Background Thread 1 ] DEBUG GameApplicationServi - Applying CSS: tank.css
11:59:30.827 [FXGL Background Thread 1 ] DEBUG FXGLAssetLoaderServi - Loading from file system: file:/E:/java%20project/tank/target/classes/assets/ui/css/tank.css
11:59:30.829 [FXGL Background Thread 1 ] DEBUG GameApplicationServi - Initializing application scenes
11:59:30.835 [FXGL Background Thread 1 ] DEBUG GameWorld            - Game world initialized
11:59:30.897 [FXGL Background Thread 1 ] DEBUG PhysicsWorld         - Physics world initialized: appHeight=1152, physics.ppm=50.0
11:59:30.897 [FXGL Background Thread 1 ] DEBUG PhysicsWorld         - Using strategy: BRUTE_FORCE
11:59:30.902 [FXGL Background Thread 1 ] DEBUG GameScene            - Game scene initialized: 2048x1152
11:59:30.907 [FXGL Background Thread 1 ] DEBUG FXGLAssetLoaderServi - Loading from file system: file:/E:/java%20project/tank/target/classes/assets/textures/MainMenu.png
11:59:31.032 [FXGL Background Thread 1 ] DEBUG FXGLAssetLoaderServi - Loading from file system: file:/E:/java%20project/tank/target/classes/assets/textures/R-C.jpg
11:59:31.065 [FXGL Background Thread 1 ] DEBUG FXGL.DefaultMenu     - createMenuBodyGameMenu()
11:59:31.072 [FXGL Background Thread 1 ] DEBUG FXGL.DefaultMenu     - createOptionsMenu()
11:59:31.080 [FXGL Background Thread 1 ] DEBUG FXGLAssetLoaderServi - Loading from file system: jar:file:///C:/Users/10273/.m2/repository/com/github/almasb/fxgl/17.1/fxgl-17.1.jar!/fxglassets/textures/particles/smoke.png
11:59:31.150 [FXGL Background Thread 1 ] DEBUG FXGLAssetLoaderServi - Loading from file system: jar:file:///C:/Users/10273/.m2/repository/com/github/almasb/fxgl/17.1/fxgl-17.1.jar!/fxglassets/textures/particles/trace_horizontal.png
11:59:31.161 [FXGL Background Thread 1 ] DEBUG GameApplicationServi - Application scenes initialized
11:59:31.170 [FXGL Background Thread 1 ] DEBUG SystemBundleService  - Loading FXGL system data
11:59:31.173 [FXGL Background Thread 1 ] DEBUG FileSystemAccess     - Reading from: E:\java project\tank\system\fxgl.bundle
11:59:31.179 [FXGL Background Thread 1 ] DEBUG SystemBundleService  - Bundle FXGL: {}
11:59:31.180 [FXGL Background Thread 1 ] DEBUG UpdaterService       - Checking for updates
11:59:31.183 [FXGL Background Thread 4 ] DEBUG FXGLApplication      - Loading fonts
11:59:31.183 [FXGL Background Thread 1 ] DEBUG FXGLApplication      - Loading default localization
11:59:31.183 [FXGL Background Thread 1 ] DEBUG FXGLAssetLoaderServi - Loading from file system: jar:file:///C:/Users/10273/.m2/repository/com/github/almasb/fxgl/17.1/fxgl-17.1.jar!/fxglassets/languages/english.lang
11:59:31.183 [FXGL Background Thread 4 ] DEBUG FXGLAssetLoaderServi - Loading from file system: jar:file:///C:/Users/10273/.m2/repository/com/github/almasb/fxgl/17.1/fxgl-17.1.jar!/fxglassets/ui/fonts/VarelaRound-Regular.ttf
11:59:31.205 [FXGL Background Thread 1 ] INFO  FXGLApplication      - FXGL initialization took: 0.458 sec
11:59:31.214 [JavaFX Application Thread] DEBUG Input                - Registered new binding: action0 - Up
11:59:31.214 [JavaFX Application Thread] DEBUG Input                - Registered new binding: action1 - Down
11:59:31.216 [JavaFX Application Thread] DEBUG Input                - Registered new binding: action2 - Left
11:59:31.216 [JavaFX Application Thread] DEBUG Input                - Registered new binding: action3 - Right
11:59:31.217 [JavaFX Application Thread] DEBUG Input                - Registered new binding: action4 - Space
11:59:31.217 [JavaFX Application Thread] DEBUG FXGLAssetLoaderServi - Loading from file system: file:/E:/java%20project/tank/target/classes/assets/textures/joker.jpg
11:59:31.226 [JavaFX Application Thread] DEBUG FXGLAssetLoaderServi - Loading from file system: jar:file:///C:/Users/10273/.m2/repository/com/github/almasb/fxgl/17.1/fxgl-17.1.jar!/fxglassets/textures/fxgl_default_cursor.png
11:59:31.229 [JavaFX Application Thread] DEBUG Input                - Registered new binding: Screenshot - CTRL+8
11:59:31.230 [JavaFX Application Thread] DEBUG Input                - Registered new binding: System info dump - CTRL+9
11:59:31.230 [JavaFX Application Thread] DEBUG Input                - Registered new binding: Restart - CTRL+R
11:59:31.231 [JavaFX Application Thread] DEBUG Input                - Registered new binding: Toggle Debug Camera - CTRL+7
11:59:31.233 [JavaFX Application Thread] DEBUG LoopRunner           - Starting loop
11:59:31.233 [JavaFX Application Thread] DEBUG LoopRunner           - Initializing JavaFX AnimationTimerLoop
11:59:31.234 [FXGL Background Thread 4 ] DEBUG FXGLAssetLoaderServi - Loading from file system: jar:file:///C:/Users/10273/.m2/repository/com/github/almasb/fxgl/17.1/fxgl-17.1.jar!/fxglassets/ui/fonts/Abel-Regular.ttf
11:59:31.236 [FXGL Background Thread 4 ] DEBUG FXGLAssetLoaderServi - Loading from file system: jar:file:///C:/Users/10273/.m2/repository/com/github/almasb/fxgl/17.1/fxgl-17.1.jar!/fxglassets/ui/fonts/TerminalLandMono-Regular.otf
11:59:31.238 [JavaFX Application Thread] DEBUG Input                - Clearing active input actions
11:59:31.239 [FXGL Background Thread 4 ] DEBUG FXGLAssetLoaderServi - Loading from file system: jar:file:///C:/Users/10273/.m2/repository/com/github/almasb/fxgl/17.1/fxgl-17.1.jar!/fxglassets/ui/fonts/Courier-Prime.ttf
11:59:31.242 [JavaFX Application Thread] DEBUG GameApplicationServi - Removing overlay from StartScene and adding to FXGLMainMenuDummyScene
11:59:31.243 [JavaFX Application Thread] DEBUG PrimaryStageWindow   - StartScene -> FXGLMainMenuDummyScene
11:59:31.243 [JavaFX Application Thread] DEBUG PrimaryStageWindow   - Push state: Main_menu
11:59:31.244 [JavaFX Application Thread] DEBUG Input                - Clearing active input actions
11:59:31.260 [JavaFX Application Thread] DEBUG GameApplicationServi - Removing overlay from FXGLMainMenuDummyScene and adding to Main_menu
11:59:31.260 [JavaFX Application Thread] DEBUG PrimaryStageWindow   - FXGLMainMenuDummyScene -> Main_menu
11:59:31.456 [JavaFX Application Thread] DEBUG FXGLApplication      - Registering font factories with UI factory
11:59:31.753 [FXGL Background Thread 2 ] INFO  UpdaterService       - Your current version:  17.1
11:59:31.753 [FXGL Background Thread 2 ] INFO  UpdaterService       - Latest stable version: 17.3
11:59:34.183 [FXGL Background Thread 3 ] DEBUG Engine               - Logging environment variables
11:59:34.184 [FXGL Background Thread 3 ] DEBUG Engine               - achievements: []
11:59:34.185 [FXGL Background Thread 3 ] DEBUG Engine               - actualHeight: 960.0
11:59:34.185 [FXGL Background Thread 3 ] DEBUG Engine               - actualHeightProperty: ReadOnlyDoubleProperty [value: 960.0]
11:59:34.185 [FXGL Background Thread 3 ] DEBUG Engine               - actualWidth: 1682.0
11:59:34.185 [FXGL Background Thread 3 ] DEBUG Engine               - actualWidthProperty: ReadOnlyDoubleProperty [value: 1682.0]
11:59:34.186 [FXGL Background Thread 3 ] DEBUG Engine               - appIcon: joker.jpg
11:59:34.186 [FXGL Background Thread 3 ] DEBUG Engine               - applicationMode: DEVELOPER
11:59:34.186 [FXGL Background Thread 3 ] DEBUG Engine               - cSSList: [fxgl_dark.css, tank.css]
11:59:34.186 [FXGL Background Thread 3 ] DEBUG Engine               - collisionDetectionStrategy: BRUTE_FORCE
11:59:34.187 [FXGL Background Thread 3 ] DEBUG Engine               - configClass: Optional.empty
11:59:34.187 [FXGL Background Thread 3 ] DEBUG Engine               - credits: []
11:59:34.190 [FXGL Background Thread 3 ] DEBUG Engine               - defaultCursor: CursorInfo(imageName=fxgl_default_cursor.png, hotspotX=7.0, hotspotY=6.0)
11:59:34.191 [FXGL Background Thread 3 ] DEBUG Engine               - devBBoxColorProperty: ObjectProperty [value: 0xff0000ff]
11:59:34.191 [FXGL Background Thread 3 ] DEBUG Engine               - devEnableDebugCameraProperty: BooleanProperty [value: false]
11:59:34.191 [FXGL Background Thread 3 ] DEBUG Engine               - devSensorColorProperty: ObjectProperty [value: 0xffff00ff]
11:59:34.191 [FXGL Background Thread 3 ] DEBUG Engine               - devShowBBoxProperty: BooleanProperty [value: false]
11:59:34.191 [FXGL Background Thread 3 ] DEBUG Engine               - devShowPositionProperty: BooleanProperty [value: false]
11:59:34.191 [FXGL Background Thread 3 ] DEBUG Engine               - enabledMenuItems: []
11:59:34.191 [FXGL Background Thread 3 ] DEBUG Engine               - engineServices: [class com.almasb.fxgl.app.services.FXGLAssetLoaderService, class com.almasb.fxgl.app.FXGLApplication$GameApplicationService, class com.almasb.fxgl.app.services.FXGLDialogService, class com.almasb.fxgl.app.services.IOTaskExecutorService, class com.almasb.fxgl.io.FileSystemService, class com.almasb.fxgl.localization.LocalizationService, class com.almasb.fxgl.app.services.SystemBundleService, class com.almasb.fxgl.profile.SaveLoadService, class com.almasb.fxgl.ui.FXGLUIFactoryServiceProvider, class com.almasb.fxgl.ui.FXGLDialogFactoryServiceProvider, class com.almasb.fxgl.audio.AudioPlayer, class com.almasb.fxgl.notification.impl.NotificationServiceProvider, class com.almasb.fxgl.achievement.AchievementService, class com.almasb.fxgl.cutscene.CutsceneService, class com.almasb.fxgl.minigames.MiniGameService, class com.almasb.fxgl.net.NetService, class com.almasb.fxgl.app.services.UpdaterService, class com.almasb.fxgl.dev.DevService]
11:59:34.191 [FXGL Background Thread 3 ] DEBUG Engine               - fontGame: Abel-Regular.ttf
11:59:34.192 [FXGL Background Thread 3 ] DEBUG Engine               - fontMono: TerminalLandMono-Regular.otf
11:59:34.192 [FXGL Background Thread 3 ] DEBUG Engine               - fontText: Courier-Prime.ttf
11:59:34.192 [FXGL Background Thread 3 ] DEBUG Engine               - fontUI: VarelaRound-Regular.ttf
11:59:34.192 [FXGL Background Thread 3 ] DEBUG Engine               - fullScreen: BooleanProperty [value: false]
11:59:34.192 [FXGL Background Thread 3 ] DEBUG Engine               - gameDifficulty: MEDIUM
11:59:34.192 [FXGL Background Thread 3 ] DEBUG Engine               - gameDifficultyProperty: ObjectProperty [value: MEDIUM]
11:59:34.192 [FXGL Background Thread 3 ] DEBUG Engine               - globalMusicVolume: 0.5
11:59:34.192 [FXGL Background Thread 3 ] DEBUG Engine               - globalMusicVolumeProperty: DoubleProperty [value: 0.5]
11:59:34.192 [FXGL Background Thread 3 ] DEBUG Engine               - globalSoundVolume: 0.5
11:59:34.192 [FXGL Background Thread 3 ] DEBUG Engine               - globalSoundVolumeProperty: DoubleProperty [value: 0.8]
11:59:34.192 [FXGL Background Thread 3 ] DEBUG Engine               - height: 1152
11:59:34.192 [FXGL Background Thread 3 ] DEBUG Engine               - is3D: false
11:59:34.193 [FXGL Background Thread 3 ] DEBUG Engine               - isAndroid: false
11:59:34.193 [FXGL Background Thread 3 ] DEBUG Engine               - isBrowser: false
11:59:34.193 [FXGL Background Thread 3 ] DEBUG Engine               - isClickFeedbackEnabled: false
11:59:34.193 [FXGL Background Thread 3 ] DEBUG Engine               - isCloseConfirmation: false
11:59:34.193 [FXGL Background Thread 3 ] DEBUG Engine               - isDesktop: true
11:59:34.193 [FXGL Background Thread 3 ] DEBUG Engine               - isDeveloperMenuEnabled: false
11:59:34.193 [FXGL Background Thread 3 ] DEBUG Engine               - isEmbedded: false
11:59:34.193 [FXGL Background Thread 3 ] DEBUG Engine               - isEntityPreloadEnabled: true
11:59:34.193 [FXGL Background Thread 3 ] DEBUG Engine               - isExperimentalTiledLargeMap: false
11:59:34.193 [FXGL Background Thread 3 ] DEBUG Engine               - isFileSystemWriteAllowed: true
11:59:34.193 [FXGL Background Thread 3 ] DEBUG Engine               - isFullScreenAllowed: false
11:59:34.193 [FXGL Background Thread 3 ] DEBUG Engine               - isFullScreenFromStart: false
11:59:34.193 [FXGL Background Thread 3 ] DEBUG Engine               - isGameMenuEnabled: true
11:59:34.193 [FXGL Background Thread 3 ] DEBUG Engine               - isIOS: false
11:59:34.193 [FXGL Background Thread 3 ] DEBUG Engine               - isIntroEnabled: false
11:59:34.193 [FXGL Background Thread 3 ] DEBUG Engine               - isLinux: false
11:59:34.193 [FXGL Background Thread 3 ] DEBUG Engine               - isMac: false
11:59:34.193 [FXGL Background Thread 3 ] DEBUG Engine               - isMainMenuEnabled: true
11:59:34.193 [FXGL Background Thread 3 ] DEBUG Engine               - isManualResizeEnabled: false
11:59:34.194 [FXGL Background Thread 3 ] DEBUG Engine               - isMobile: false
11:59:34.194 [FXGL Background Thread 3 ] DEBUG Engine               - isNative: false
11:59:34.194 [FXGL Background Thread 3 ] DEBUG Engine               - isPauseMusicWhenMinimized: true
11:59:34.194 [FXGL Background Thread 3 ] DEBUG Engine               - isPreserveResizeRatio: false
11:59:34.194 [FXGL Background Thread 3 ] DEBUG Engine               - isProfilingEnabled: false
11:59:34.194 [FXGL Background Thread 3 ] DEBUG Engine               - isScaleAffectedOnResize: true
11:59:34.194 [FXGL Background Thread 3 ] DEBUG Engine               - isSingleStep: false
11:59:34.194 [FXGL Background Thread 3 ] DEBUG Engine               - isUserProfileEnabled: false
11:59:34.194 [FXGL Background Thread 3 ] DEBUG Engine               - isWindows: true
11:59:34.194 [FXGL Background Thread 3 ] DEBUG Engine               - language: ObjectProperty [value: ENGLISH]
11:59:34.194 [FXGL Background Thread 3 ] DEBUG Engine               - menuKey: ESCAPE
11:59:34.194 [FXGL Background Thread 3 ] DEBUG Engine               - mouseSensitivity: 0.2
11:59:34.194 [FXGL Background Thread 3 ] DEBUG Engine               - notificationViewClass: class com.almasb.fxgl.notification.view.XboxNotificationView
11:59:34.194 [FXGL Background Thread 3 ] DEBUG Engine               - pixelsPerMeter: 50.0
11:59:34.194 [FXGL Background Thread 3 ] DEBUG Engine               - platform: WINDOWS
11:59:34.194 [FXGL Background Thread 3 ] DEBUG Engine               - prefHeightProperty: ReadOnlyDoubleProperty [value: 1152.0]
11:59:34.194 [FXGL Background Thread 3 ] DEBUG Engine               - prefWidthProperty: ReadOnlyDoubleProperty [value: 2048.0]
11:59:34.194 [FXGL Background Thread 3 ] DEBUG Engine               - profileDir: profiles/
11:59:34.194 [FXGL Background Thread 3 ] DEBUG Engine               - profileName: StringProperty [value: DEFAULT]
11:59:34.194 [FXGL Background Thread 3 ] DEBUG Engine               - randomSeed: -1
11:59:34.195 [FXGL Background Thread 3 ] DEBUG Engine               - runtimeInfo: RuntimeInfo(platform=WINDOWS, version=17.1, build=24.03.2022 17.34)
11:59:34.195 [FXGL Background Thread 3 ] DEBUG Engine               - saveFileExt: sav
11:59:34.196 [FXGL Background Thread 3 ] DEBUG Engine               - scaledHeightProp$fxgl: DoubleProperty [bound, value: 960.0]
11:59:34.196 [FXGL Background Thread 3 ] DEBUG Engine               - scaledWidthProp$fxgl: DoubleProperty [bound, value: 1682.0]
11:59:34.196 [FXGL Background Thread 3 ] DEBUG Engine               - sceneFactory: com.kenny.AllStarBattle.AllStarBattleApp$1@4ad19ee1
11:59:34.196 [FXGL Background Thread 3 ] DEBUG Engine               - secondsIn24h: 60
11:59:34.196 [FXGL Background Thread 3 ] DEBUG Engine               - soundMenuBack: menu/back.wav
11:59:34.196 [FXGL Background Thread 3 ] DEBUG Engine               - soundMenuPress: menu/press.wav
11:59:34.196 [FXGL Background Thread 3 ] DEBUG Engine               - soundMenuSelect: menu/select.wav
11:59:34.196 [FXGL Background Thread 3 ] DEBUG Engine               - soundNotification: core/notification.wav
11:59:34.196 [FXGL Background Thread 3 ] DEBUG Engine               - stageStyle: DECORATED
11:59:34.196 [FXGL Background Thread 3 ] DEBUG Engine               - supportedLanguages: [ENGLISH, FRENCH, GERMAN, HUNGARIAN, RUSSIAN]
11:59:34.196 [FXGL Background Thread 3 ] DEBUG Engine               - ticksPerSecond: -1
11:59:34.196 [FXGL Background Thread 3 ] DEBUG Engine               - title: All star battle
11:59:34.196 [FXGL Background Thread 3 ] DEBUG Engine               - urlGithub: https://github.com/AlmasB/FXGL
11:59:34.196 [FXGL Background Thread 3 ] DEBUG Engine               - urlLeaderboard: http://fxgl-top.herokuapp.com/
11:59:34.196 [FXGL Background Thread 3 ] DEBUG Engine               - urlPOM: https://raw.githubusercontent.com/AlmasB/FXGL/release/README.md
11:59:34.196 [FXGL Background Thread 3 ] DEBUG Engine               - userAppClass: class com.kenny.AllStarBattle.AllStarBattleApp
11:59:34.196 [FXGL Background Thread 3 ] DEBUG Engine               - version: 0.1
11:59:34.196 [FXGL Background Thread 3 ] DEBUG Engine               - versionCheckDays: 7
11:59:34.196 [FXGL Background Thread 3 ] DEBUG Engine               - width: 2048
11:59:34.196 [FXGL Background Thread 3 ] DEBUG Engine               - Logging services
11:59:34.196 [FXGL Background Thread 3 ] DEBUG Engine               - class com.almasb.fxgl.app.services.FXGLAssetLoaderService
11:59:34.196 [FXGL Background Thread 3 ] DEBUG Engine               - class com.almasb.fxgl.app.FXGLApplication$GameApplicationService
11:59:34.196 [FXGL Background Thread 3 ] DEBUG Engine               - class com.almasb.fxgl.app.services.FXGLDialogService
11:59:34.196 [FXGL Background Thread 3 ] DEBUG Engine               - class com.almasb.fxgl.app.services.IOTaskExecutorService
11:59:34.197 [FXGL Background Thread 3 ] DEBUG Engine               - class com.almasb.fxgl.io.FileSystemService
11:59:34.197 [FXGL Background Thread 3 ] DEBUG Engine               - class com.almasb.fxgl.localization.LocalizationService
11:59:34.197 [FXGL Background Thread 3 ] DEBUG Engine               - class com.almasb.fxgl.app.services.SystemBundleService
11:59:34.197 [FXGL Background Thread 3 ] DEBUG Engine               - class com.almasb.fxgl.profile.SaveLoadService
11:59:34.197 [FXGL Background Thread 3 ] DEBUG Engine               - class com.almasb.fxgl.ui.FXGLUIFactoryServiceProvider
11:59:34.197 [FXGL Background Thread 3 ] DEBUG Engine               - class com.almasb.fxgl.ui.FXGLDialogFactoryServiceProvider
11:59:34.197 [FXGL Background Thread 3 ] DEBUG Engine               - class com.almasb.fxgl.audio.AudioPlayer
11:59:34.197 [FXGL Background Thread 3 ] DEBUG Engine               - class com.almasb.fxgl.notification.impl.NotificationServiceProvider
11:59:34.197 [FXGL Background Thread 3 ] DEBUG Engine               - class com.almasb.fxgl.achievement.AchievementService
11:59:34.197 [FXGL Background Thread 3 ] DEBUG Engine               - class com.almasb.fxgl.cutscene.CutsceneService
11:59:34.197 [FXGL Background Thread 3 ] DEBUG Engine               - class com.almasb.fxgl.minigames.MiniGameService
11:59:34.197 [FXGL Background Thread 3 ] DEBUG Engine               - class com.almasb.fxgl.net.NetService
11:59:34.197 [FXGL Background Thread 3 ] DEBUG Engine               - class com.almasb.fxgl.app.services.UpdaterService
11:59:34.197 [FXGL Background Thread 3 ] DEBUG Engine               - class com.almasb.fxgl.dev.DevService
11:59:40.864 [JavaFX Application Thread] DEBUG GameApplicationServi - Starting new game
11:59:40.864 [JavaFX Application Thread] DEBUG PrimaryStageWindow   - Pop state: Main_menu
11:59:40.865 [JavaFX Application Thread] DEBUG Input                - Clearing active input actions
11:59:40.869 [JavaFX Application Thread] DEBUG GameApplicationServi - Removing overlay from Main_menu and adding to FXGLMainMenuDummyScene
11:59:40.870 [JavaFX Application Thread] DEBUG PrimaryStageWindow   - FXGLMainMenuDummyScene <- Main_menu
11:59:40.870 [JavaFX Application Thread] DEBUG Input                - Clearing active input actions
11:59:40.876 [JavaFX Application Thread] DEBUG GameApplicationServi - Removing overlay from FXGLMainMenuDummyScene and adding to Loading_Scene
11:59:40.876 [JavaFX Application Thread] DEBUG PrimaryStageWindow   - FXGLMainMenuDummyScene -> Loading_Scene
11:59:40.876 [JavaFX Application Thread] DEBUG GameApplicationServi - Clearing previous game
11:59:40.876 [JavaFX Application Thread] DEBUG GameScene            - Clearing game scene
11:59:40.876 [JavaFX Application Thread] DEBUG GameWorld            - Clearing game world
11:59:40.876 [JavaFX Application Thread] DEBUG PhysicsWorld         - Clearing physics world
11:59:40.880 [FXGL Background Thread 2 ] DEBUG FXGLApplication      - Initializing game
11:59:40.918 [FXGL Background Thread 2 ] WARN  TMXLevelLoader       - TiledMap generated from 1.8.4. Supported version: 1.4.2. Some features may not be parsed fully.
11:59:40.935 [FXGL Background Thread 2 ] DEBUG TMXLevelLoader       - Parsed TiledMap: file:/E:/java%20project/tank/target/classes/assets/levels/test1.tmx
11:59:40.936 [FXGL Background Thread 2 ] DEBUG TMXLevelLoader       - Creating tile layer entities
11:59:40.936 [FXGL Background Thread 2 ] DEBUG TMXLevelLoader       - Creating object layer entities
11:59:40.993 [FXGL Background Thread 2 ] DEBUG GameWorld            - Clearing removable entities
11:59:40.994 [FXGL Background Thread 2 ] DEBUG GameWorld            - Setting level: com.almasb.fxgl.entity.level.Level@3745c0ec
11:59:41.003 [FXGL Background Thread 2 ] DEBUG FXGLAssetLoaderServi - Loading from file system: file:/E:/java%20project/tank/target/classes/assets/textures/element/Tank.png
11:59:41.006 [FXGL Background Thread 2 ] DEBUG FXGLAssetLoaderServi - Loading from file system: file:/E:/java%20project/tank/target/classes/assets/textures/Enemytank.png
11:59:41.009 [FXGL Background Thread 2 ] DEBUG FXGLAssetLoaderServi - Loading from file system: file:/E:/java%20project/tank/target/classes/assets/textures/Chicken.png
11:59:41.012 [FXGL Background Thread 2 ] DEBUG FXGLAssetLoaderServi - Loading from file system: file:/E:/java%20project/tank/target/classes/assets/textures/BossTank.png
11:59:41.016 [FXGL Background Thread 2 ] INFO  FXGLApplication      - Game initialization took: 0.137 sec
11:59:41.017 [JavaFX Application Thread] DEBUG Input                - Clearing active input actions
11:59:41.025 [JavaFX Application Thread] DEBUG GameApplicationServi - Removing overlay from Loading_Scene and adding to GameScene
11:59:41.025 [JavaFX Application Thread] DEBUG PrimaryStageWindow   - Loading_Scene -> GameScene
11:59:41.519 [JavaFX Application Thread] DEBUG FXGLAssetLoaderServi - Loading from file system: file:/E:/java%20project/tank/target/classes/assets/textures/element/Enemybullet.png
11:59:41.590 [JavaFX Application Thread] DEBUG FXGLAssetLoaderServi - Loading from file system: file:/E:/java%20project/tank/target/classes/assets/textures/SmallBoom.png
11:59:42.416 [JavaFX Application Thread] DEBUG FXGLAssetLoaderServi - Loading from file system: file:/E:/java%20project/tank/target/classes/assets/sounds/boom.wav
11:59:42.486 [JavaFX Application Thread] DEBUG FXGLAssetLoaderServi - Loading from file system: file:/E:/java%20project/tank/target/classes/assets/textures/element/Bullet.png
11:59:42.702 [JavaFX Application Thread] DEBUG FXGLAssetLoaderServi - Loading from file system: file:/E:/java%20project/tank/target/classes/assets/textures/boom.png
11:59:42.708 [JavaFX Application Thread] DEBUG PrimaryStageWindow   - Push state: EggScene
11:59:42.708 [JavaFX Application Thread] DEBUG FXGLAssetLoaderServi - Loading from file system: file:/E:/java%20project/tank/target/classes/assets/music/chicken.mp3
11:59:43.033 [JavaFX Application Thread] DEBUG AudioPlayer          - Playing music com.almasb.fxgl.audio.Music@e8cd46f
11:59:43.033 [JavaFX Application Thread] DEBUG Input                - Clearing active input actions
11:59:43.033 [JavaFX Application Thread] DEBUG GameApplicationServi - Removing overlay from GameScene and adding to EggScene
11:59:43.033 [JavaFX Application Thread] DEBUG PrimaryStageWindow   - GameScene -> EggScene
11:59:47.719 [JavaFX Application Thread] DEBUG PrimaryStageWindow   - Pop state: EggScene
11:59:47.719 [JavaFX Application Thread] DEBUG Input                - Clearing active input actions
11:59:47.719 [JavaFX Application Thread] DEBUG GameApplicationServi - Removing overlay from EggScene and adding to GameScene
11:59:47.720 [JavaFX Application Thread] DEBUG PrimaryStageWindow   - GameScene <- EggScene
11:59:47.725 [JavaFX Application Thread] WARN  TMXLevelLoader       - TiledMap generated from 1.8.4. Supported version: 1.4.2. Some features may not be parsed fully.
11:59:47.729 [JavaFX Application Thread] DEBUG TMXLevelLoader       - Parsed TiledMap: file:/E:/java%20project/tank/target/classes/assets/levels/Chicken.tmx
11:59:47.729 [JavaFX Application Thread] DEBUG TMXLevelLoader       - Creating tile layer entities
11:59:47.729 [JavaFX Application Thread] DEBUG TMXLevelLoader       - Creating object layer entities
11:59:47.749 [JavaFX Application Thread] DEBUG GameWorld            - Clearing removable entities
11:59:47.758 [JavaFX Application Thread] DEBUG GameWorld            - Setting level: com.almasb.fxgl.entity.level.Level@6e8f2266
11:59:47.766 [JavaFX Application Thread] DEBUG FXGLAssetLoaderServi - Loading from file system: file:/E:/java%20project/tank/target/classes/assets/textures/people.png
11:59:48.743 [JavaFX Application Thread] DEBUG FXGLAssetLoaderServi - Loading from file system: file:/E:/java%20project/tank/target/classes/assets/sounds/JI%20(1).wav
11:59:48.751 [JavaFX Application Thread] DEBUG FXGLAssetLoaderServi - Loading from file system: file:/E:/java%20project/tank/target/classes/assets/textures/element/Good.png
11:59:50.152 [JavaFX Application Thread] DEBUG FXGLAssetLoaderServi - Loading from file system: file:/E:/java%20project/tank/target/classes/assets/textures/Egg.png
11:59:55.925 [JavaFX Application Thread] DEBUG FXGLAssetLoaderServi - Loading from file system: file:/E:/java%20project/tank/target/classes/assets/textures/element/Enemy1.png
12:00:03.943 [JavaFX Application Thread] DEBUG FXGLAssetLoaderServi - Loading from file system: file:/E:/java%20project/tank/target/classes/assets/textures/element/Enemy2.png
12:00:07.496 [JavaFX Application Thread] DEBUG FXGLAssetLoaderServi - Loading from file system: file:/E:/java%20project/tank/target/classes/assets/textures/Props/GOD.png
12:00:16.664 [JavaFX Application Thread] DEBUG FXGLAssetLoaderServi - Loading from file system: file:/E:/java%20project/tank/target/classes/assets/textures/Props/LUCKYBLOCK.png
12:00:26.094 [JavaFX Application Thread] DEBUG FXGLAssetLoaderServi - Loading from file system: file:/E:/java%20project/tank/target/classes/assets/textures/Props/HEART.png
12:01:32.936 [JavaFX Application Thread] DEBUG FXGLAssetLoaderServi - Loading from file system: file:/E:/java%20project/tank/target/classes/assets/textures/Props/GODeffect.png
12:01:49.413 [JavaFX Application Thread] DEBUG PrimaryStageWindow   - Push state: SuccessScene
12:01:49.414 [JavaFX Application Thread] DEBUG Input                - Clearing active input actions
12:01:49.414 [JavaFX Application Thread] DEBUG GameApplicationServi - Removing overlay from GameScene and adding to SuccessScene
12:01:49.414 [JavaFX Application Thread] DEBUG PrimaryStageWindow   - GameScene -> SuccessScene
12:01:50.920 [JavaFX Application Thread] DEBUG PrimaryStageWindow   - Pop state: SuccessScene
12:01:50.920 [JavaFX Application Thread] DEBUG Input                - Clearing active input actions
12:01:50.920 [JavaFX Application Thread] DEBUG GameApplicationServi - Removing overlay from SuccessScene and adding to GameScene
12:01:50.920 [JavaFX Application Thread] DEBUG PrimaryStageWindow   - GameScene <- SuccessScene
12:01:50.929 [JavaFX Application Thread] WARN  TMXLevelLoader       - TiledMap generated from 1.8.4. Supported version: 1.4.2. Some features may not be parsed fully.
12:01:50.936 [JavaFX Application Thread] DEBUG TMXLevelLoader       - Parsed TiledMap: file:/E:/java%20project/tank/target/classes/assets/levels/test2.tmx
12:01:50.936 [JavaFX Application Thread] DEBUG TMXLevelLoader       - Creating tile layer entities
12:01:50.936 [JavaFX Application Thread] DEBUG TMXLevelLoader       - Creating object layer entities
12:01:50.949 [JavaFX Application Thread] DEBUG GameWorld            - Clearing removable entities
12:01:50.950 [JavaFX Application Thread] DEBUG GameWorld            - Setting level: com.almasb.fxgl.entity.level.Level@7c9a60ca
12:01:52.508 [JavaFX Application Thread] DEBUG PrimaryStageWindow   - Push state: FXGLDefaultMenu
12:01:52.509 [JavaFX Application Thread] DEBUG Input                - Clearing active input actions
12:01:52.509 [JavaFX Application Thread] DEBUG GameApplicationServi - Removing overlay from GameScene and adding to FXGLDefaultMenu
12:01:52.509 [JavaFX Application Thread] DEBUG PrimaryStageWindow   - GameScene -> FXGLDefaultMenu
12:01:54.167 [JavaFX Application Thread] DEBUG Menu                 - fireExitToMainMenu()
12:01:54.169 [JavaFX Application Thread] DEBUG PrimaryStageWindow   - Push state: DialogSubScene
12:01:54.169 [JavaFX Application Thread] DEBUG Input                - Clearing active input actions
12:01:54.169 [JavaFX Application Thread] DEBUG GameApplicationServi - Removing overlay from FXGLDefaultMenu and adding to DialogSubScene
12:01:54.169 [JavaFX Application Thread] DEBUG PrimaryStageWindow   - FXGLDefaultMenu -> DialogSubScene
12:01:56.465 [JavaFX Application Thread] DEBUG PrimaryStageWindow   - Pop state: DialogSubScene
12:01:56.465 [JavaFX Application Thread] DEBUG Input                - Clearing active input actions
12:01:56.466 [JavaFX Application Thread] DEBUG GameApplicationServi - Removing overlay from DialogSubScene and adding to FXGLDefaultMenu
12:01:56.466 [JavaFX Application Thread] DEBUG PrimaryStageWindow   - FXGLDefaultMenu <- DialogSubScene
12:01:56.469 [JavaFX Application Thread] DEBUG PrimaryStageWindow   - Pop state: FXGLDefaultMenu
12:01:56.469 [JavaFX Application Thread] DEBUG Input                - Clearing active input actions
12:01:56.469 [JavaFX Application Thread] DEBUG GameApplicationServi - Removing overlay from FXGLDefaultMenu and adding to GameScene
12:01:56.469 [JavaFX Application Thread] DEBUG PrimaryStageWindow   - GameScene <- FXGLDefaultMenu
12:01:56.469 [JavaFX Application Thread] DEBUG Input                - Clearing active input actions
12:01:56.476 [JavaFX Application Thread] DEBUG GameApplicationServi - Removing overlay from GameScene and adding to FXGLMainMenuDummyScene
12:01:56.476 [JavaFX Application Thread] DEBUG PrimaryStageWindow   - GameScene -> FXGLMainMenuDummyScene
12:01:56.476 [JavaFX Application Thread] DEBUG PrimaryStageWindow   - Push state: Main_menu
12:01:56.476 [JavaFX Application Thread] DEBUG Input                - Clearing active input actions
12:01:56.478 [JavaFX Application Thread] DEBUG GameApplicationServi - Removing overlay from FXGLMainMenuDummyScene and adding to Main_menu
12:01:56.478 [JavaFX Application Thread] DEBUG PrimaryStageWindow   - FXGLMainMenuDummyScene -> Main_menu
12:01:57.381 [JavaFX Application Thread] DEBUG FXGLApplication      - Exiting FXGL
12:01:57.381 [JavaFX Application Thread] DEBUG LoopRunner           - Stopping loop
12:01:57.381 [JavaFX Application Thread] DEBUG SystemBundleService  - Saving FXGL system data
12:01:57.385 [JavaFX Application Thread] DEBUG FileSystemAccess     - Writing to: E:\java project\tank\system\fxgl.bundle
12:01:57.387 [JavaFX Application Thread] DEBUG Async                - Shutting down background threads
12:01:57.387 [JavaFX Application Thread] DEBUG PrimaryStageWindow   - Closing main window
12:01:57.409 [JavaFX Application Thread] DEBUG Logger               - Closing Logger
