14:00:02.205 [main                     ] DEBUG Logger               - Configured Logger
14:00:02.220 [main                     ] DEBUG GameApplication      - Logging settings
Title: TANK
Version: 0.1
Width: 2048
Height: 1280
Fullscreen: false
Intro: false
Profiling: false
Single step:false
App Mode: DEVELOPER
Menu Key: ESCAPE
Stage Style: DECORATED
Scene Factory: class com.almasb.fxgl.app.scene.SceneFactory

14:00:02.468 [JavaFX Application Thread] DEBUG FXGLApplication      - Initializing FXGL
14:00:02.471 [JavaFX Application Thread] INFO  Engine               - FXGL-17 (31.12.2021 18.16) on WINDOWS (J:17.0.6 FX:17.0.0.1)
14:00:02.471 [JavaFX Application Thread] DEBUG Engine               - JRE Vendor Name: Amazon.com Inc.
14:00:02.472 [JavaFX Application Thread] DEBUG Engine               - Running on OS: Windows 11 version 10.0
14:00:02.472 [JavaFX Application Thread] DEBUG Engine               - Architecture: amd64
14:00:02.472 [JavaFX Application Thread] INFO  Engine               - Source code and latest versions at: https://github.com/AlmasB/FXGL
14:00:02.472 [JavaFX Application Thread] INFO  Engine               -       Ask questions and discuss at: https://github.com/AlmasB/FXGL/discussions
14:00:02.472 [JavaFX Application Thread] INFO  Engine               -              Join the FXGL chat at: https://gitter.im/AlmasB/FXGL
14:00:02.516 [JavaFX Application Thread] DEBUG PrimaryStageWindow   - Creating a JavaFX scene
14:00:02.517 [JavaFX Application Thread] DEBUG PrimaryStageWindow   - Target size > screen size
14:00:02.539 [JavaFX Application Thread] DEBUG PrimaryStageWindow   - Target settings size: 2048.0 x 1280.0
14:00:02.539 [JavaFX Application Thread] DEBUG PrimaryStageWindow   - Scaled scene size:    1605.0 x 1018.0
14:00:02.540 [JavaFX Application Thread] DEBUG PrimaryStageWindow   - Scaled ratio: (0.78369140625, 0.7953125)
14:00:02.540 [JavaFX Application Thread] DEBUG PrimaryStageWindow   - Set initial scene to FXGLStartupScene
14:00:02.543 [JavaFX Application Thread] DEBUG PrimaryStageWindow   - Opening main window
14:00:02.598 [JavaFX Application Thread] DEBUG PrimaryStageWindow   - Window border size: (15.0, 37.3333740234375)
14:00:02.598 [JavaFX Application Thread] DEBUG PrimaryStageWindow   - Scaled size: 1605.0 x 1018.0
14:00:02.599 [JavaFX Application Thread] DEBUG PrimaryStageWindow   - Scaled ratio: (0.78369140625, 0.7953125)
14:00:02.599 [JavaFX Application Thread] DEBUG PrimaryStageWindow   - Scene size: 1605.0 x 1018.0
14:00:02.599 [JavaFX Application Thread] DEBUG PrimaryStageWindow   - Stage size: 1620.0 x 1055.3333740234375
14:00:02.603 [FXGL Background Thread 1 ] DEBUG Engine               - Initializing environment variables
14:00:02.622 [FXGL Background Thread 1 ] DEBUG FXGLAssetLoaderServi - User app class for loading assets: class com.kenny.tank.TankApp
14:00:02.622 [FXGL Background Thread 1 ] DEBUG GameApplicationServi - Applying CSS: fxgl_dark.css
14:00:02.623 [FXGL Background Thread 1 ] DEBUG FXGLAssetLoaderServi - Loading from file system: jar:file:///C:/Users/10273/.m2/repository/com/github/almasb/fxgl/17/fxgl-17.jar!/fxglassets/ui/css/fxgl_dark.css
14:00:02.650 [FXGL Background Thread 1 ] DEBUG GameApplicationServi - Initializing application scenes
14:00:02.693 [FXGL Background Thread 1 ] DEBUG GameWorld            - Game world initialized
14:00:02.725 [FXGL Background Thread 1 ] DEBUG PhysicsWorld         - Physics world initialized: appHeight=1280, physics.ppm=50.0
14:00:02.725 [FXGL Background Thread 1 ] DEBUG PhysicsWorld         - Using strategy: BRUTE_FORCE
14:00:02.728 [FXGL Background Thread 1 ] DEBUG GameScene            - Game scene initialized: 2048x1280
14:00:02.735 [FXGL Background Thread 1 ] DEBUG FXGL.DefaultMenu     - createMenuBodyMainMenu()
14:00:02.743 [FXGL Background Thread 1 ] DEBUG FXGL.DefaultMenu     - createOptionsMenu()
14:00:02.749 [FXGL Background Thread 1 ] DEBUG FXGLAssetLoaderServi - Loading from file system: jar:file:///C:/Users/10273/.m2/repository/com/github/almasb/fxgl/17/fxgl-17.jar!/fxglassets/textures/particles/smoke.png
14:00:02.795 [FXGL Background Thread 1 ] DEBUG FXGLAssetLoaderServi - Loading from file system: jar:file:///C:/Users/10273/.m2/repository/com/github/almasb/fxgl/17/fxgl-17.jar!/fxglassets/textures/particles/trace_horizontal.png
14:00:02.812 [FXGL Background Thread 1 ] DEBUG FXGL.DefaultMenu     - createMenuBodyGameMenu()
14:00:02.813 [FXGL Background Thread 1 ] DEBUG FXGL.DefaultMenu     - createOptionsMenu()
14:00:02.819 [FXGL Background Thread 1 ] DEBUG GameApplicationServi - Application scenes initialized
14:00:02.825 [FXGL Background Thread 1 ] DEBUG SystemBundleService  - Loading FXGL system data
14:00:02.827 [FXGL Background Thread 1 ] DEBUG FileSystemAccess     - Reading from: E:\java project\tank\system\fxgl.bundle
14:00:02.832 [FXGL Background Thread 1 ] DEBUG SystemBundleService  - Bundle FXGL: {}
14:00:02.832 [FXGL Background Thread 1 ] DEBUG UpdaterService       - Checking for updates
14:00:02.834 [FXGL Background Thread 4 ] DEBUG FXGLApplication      - Loading fonts
14:00:02.834 [FXGL Background Thread 1 ] DEBUG FXGLApplication      - Loading default localization
14:00:02.834 [FXGL Background Thread 4 ] DEBUG FXGLAssetLoaderServi - Loading from file system: jar:file:///C:/Users/10273/.m2/repository/com/github/almasb/fxgl/17/fxgl-17.jar!/fxglassets/ui/fonts/VarelaRound-Regular.ttf
14:00:02.835 [FXGL Background Thread 1 ] DEBUG FXGLAssetLoaderServi - Loading from file system: jar:file:///C:/Users/10273/.m2/repository/com/github/almasb/fxgl/17/fxgl-17.jar!/fxglassets/languages/english.lang
14:00:02.845 [FXGL Background Thread 1 ] INFO  FXGLApplication      - FXGL initialization took: 0.242 sec
14:00:02.853 [JavaFX Application Thread] DEBUG Input                - Registered new binding: action0 - Up
14:00:02.854 [JavaFX Application Thread] DEBUG Input                - Registered new binding: action1 - Down
14:00:02.854 [JavaFX Application Thread] DEBUG Input                - Registered new binding: action2 - Left
14:00:02.855 [JavaFX Application Thread] DEBUG Input                - Registered new binding: action3 - Right
14:00:02.856 [JavaFX Application Thread] DEBUG Input                - Registered new binding: action4 - Space
14:00:02.856 [JavaFX Application Thread] DEBUG FXGLAssetLoaderServi - Loading from file system: file:/E:/java%20project/tank/target/classes/assets/textures/joker.jpg
14:00:02.866 [JavaFX Application Thread] DEBUG FXGLAssetLoaderServi - Loading from file system: jar:file:///C:/Users/10273/.m2/repository/com/github/almasb/fxgl/17/fxgl-17.jar!/fxglassets/textures/fxgl_default_cursor.png
14:00:02.869 [JavaFX Application Thread] DEBUG Input                - Registered new binding: Screenshot - CTRL+8
14:00:02.869 [JavaFX Application Thread] DEBUG Input                - Registered new binding: System info dump - CTRL+9
14:00:02.869 [JavaFX Application Thread] DEBUG Input                - Registered new binding: Restart - CTRL+R
14:00:02.870 [JavaFX Application Thread] DEBUG Input                - Registered new binding: Toggle Debug Camera - CTRL+7
14:00:02.872 [JavaFX Application Thread] DEBUG LoopRunner           - Starting loop
14:00:02.872 [JavaFX Application Thread] DEBUG LoopRunner           - Initializing JavaFX AnimationTimerLoop
14:00:02.873 [FXGL Background Thread 4 ] DEBUG FXGLAssetLoaderServi - Loading from file system: jar:file:///C:/Users/10273/.m2/repository/com/github/almasb/fxgl/17/fxgl-17.jar!/fxglassets/ui/fonts/Abel-Regular.ttf
14:00:02.873 [JavaFX Application Thread] DEBUG Input                - Clearing active input actions
14:00:02.875 [FXGL Background Thread 4 ] DEBUG FXGLAssetLoaderServi - Loading from file system: jar:file:///C:/Users/10273/.m2/repository/com/github/almasb/fxgl/17/fxgl-17.jar!/fxglassets/ui/fonts/TerminalLandMono-Regular.otf
14:00:02.876 [FXGL Background Thread 4 ] DEBUG FXGLAssetLoaderServi - Loading from file system: jar:file:///C:/Users/10273/.m2/repository/com/github/almasb/fxgl/17/fxgl-17.jar!/fxglassets/ui/fonts/Courier-Prime.ttf
14:00:02.877 [JavaFX Application Thread] DEBUG GameApplicationServi - Removing overlay from FXGLStartupScene and adding to FXGLMainMenuDummyScene
14:00:02.878 [JavaFX Application Thread] DEBUG PrimaryStageWindow   - FXGLStartupScene -> FXGLMainMenuDummyScene
14:00:02.878 [JavaFX Application Thread] DEBUG PrimaryStageWindow   - Push state: FXGLDefaultMenu
14:00:02.883 [JavaFX Application Thread] DEBUG Input                - Clearing active input actions
14:00:02.889 [JavaFX Application Thread] DEBUG GameApplicationServi - Removing overlay from FXGLMainMenuDummyScene and adding to FXGLDefaultMenu
14:00:02.889 [JavaFX Application Thread] DEBUG PrimaryStageWindow   - FXGLMainMenuDummyScene -> FXGLDefaultMenu
14:00:02.948 [JavaFX Application Thread] DEBUG FXGLApplication      - Registering font factories with UI factory
14:00:03.531 [FXGL Background Thread 2 ] INFO  UpdaterService       - Your current version:  17
14:00:03.531 [FXGL Background Thread 2 ] INFO  UpdaterService       - Latest stable version: 17.2
14:00:04.046 [JavaFX Application Thread] DEBUG Menu                 - fireNewGame()
14:00:04.046 [JavaFX Application Thread] DEBUG GameApplicationServi - Starting new game
14:00:04.047 [JavaFX Application Thread] DEBUG PrimaryStageWindow   - Pop state: FXGLDefaultMenu
14:00:04.047 [JavaFX Application Thread] DEBUG Input                - Clearing active input actions
14:00:04.047 [JavaFX Application Thread] DEBUG GameApplicationServi - Removing overlay from FXGLDefaultMenu and adding to FXGLMainMenuDummyScene
14:00:04.048 [JavaFX Application Thread] DEBUG PrimaryStageWindow   - FXGLMainMenuDummyScene <- FXGLDefaultMenu
14:00:04.048 [JavaFX Application Thread] DEBUG Input                - Clearing active input actions
14:00:04.061 [JavaFX Application Thread] DEBUG GameApplicationServi - Removing overlay from FXGLMainMenuDummyScene and adding to FXGLLoadingScene
14:00:04.061 [JavaFX Application Thread] DEBUG PrimaryStageWindow   - FXGLMainMenuDummyScene -> FXGLLoadingScene
14:00:04.061 [JavaFX Application Thread] DEBUG GameApplicationServi - Clearing previous game
14:00:04.061 [JavaFX Application Thread] DEBUG GameScene            - Clearing game scene
14:00:04.061 [JavaFX Application Thread] DEBUG GameWorld            - Clearing game world
14:00:04.061 [JavaFX Application Thread] DEBUG PhysicsWorld         - Clearing physics world
14:00:04.063 [FXGL Background Thread 2 ] DEBUG FXGLApplication      - Initializing game
14:00:04.072 [FXGL Background Thread 2 ] DEBUG FXGLAssetLoaderServi - Loading from file system: file:/E:/java%20project/tank/target/classes/assets/textures/new.png
14:00:04.084 [FXGL Background Thread 2 ] DEBUG FXGLAssetLoaderServi - Loading from file system: file:/E:/java%20project/tank/target/classes/assets/textures/CrepeerFinal.png
14:00:04.085 [FXGL Background Thread 2 ] DEBUG FXGLAssetLoaderServi - Loading from file system: file:/E:/java%20project/tank/target/classes/assets/textures/TankFinal.png
14:00:04.095 [FXGL Background Thread 2 ] INFO  FXGLApplication      - Game initialization took: 0.031 sec
14:00:04.096 [JavaFX Application Thread] DEBUG Input                - Clearing active input actions
14:00:04.099 [JavaFX Application Thread] DEBUG GameApplicationServi - Removing overlay from FXGLLoadingScene and adding to GameScene
14:00:04.099 [JavaFX Application Thread] DEBUG PrimaryStageWindow   - FXGLLoadingScene -> GameScene
14:00:05.834 [FXGL Background Thread 3 ] DEBUG Engine               - Logging environment variables
14:00:05.834 [FXGL Background Thread 3 ] DEBUG Engine               - achievements: []
14:00:05.834 [FXGL Background Thread 3 ] DEBUG Engine               - actualHeight: 1018.0
14:00:05.835 [FXGL Background Thread 3 ] DEBUG Engine               - actualHeightProperty: ReadOnlyDoubleProperty [value: 1018.0]
14:00:05.835 [FXGL Background Thread 3 ] DEBUG Engine               - actualWidth: 1605.0
14:00:05.835 [FXGL Background Thread 3 ] DEBUG Engine               - actualWidthProperty: ReadOnlyDoubleProperty [value: 1605.0]
14:00:05.835 [FXGL Background Thread 3 ] DEBUG Engine               - appIcon: joker.jpg
14:00:05.835 [FXGL Background Thread 3 ] DEBUG Engine               - applicationMode: DEVELOPER
14:00:05.835 [FXGL Background Thread 3 ] DEBUG Engine               - cSSList: [fxgl_dark.css]
14:00:05.835 [FXGL Background Thread 3 ] DEBUG Engine               - collisionDetectionStrategy: BRUTE_FORCE
14:00:05.835 [FXGL Background Thread 3 ] DEBUG Engine               - configClass: Optional.empty
14:00:05.835 [FXGL Background Thread 3 ] DEBUG Engine               - credits: []
14:00:05.836 [FXGL Background Thread 3 ] DEBUG Engine               - defaultCursor: CursorInfo(imageName=fxgl_default_cursor.png, hotspotX=7.0, hotspotY=6.0)
14:00:05.836 [FXGL Background Thread 3 ] DEBUG Engine               - devBBoxColorProperty: ObjectProperty [value: 0xff0000ff]
14:00:05.836 [FXGL Background Thread 3 ] DEBUG Engine               - devEnableDebugCameraProperty: BooleanProperty [value: false]
14:00:05.836 [FXGL Background Thread 3 ] DEBUG Engine               - devSensorColorProperty: ObjectProperty [value: 0xffff00ff]
14:00:05.836 [FXGL Background Thread 3 ] DEBUG Engine               - devShowBBoxProperty: BooleanProperty [value: false]
14:00:05.837 [FXGL Background Thread 3 ] DEBUG Engine               - devShowPositionProperty: BooleanProperty [value: false]
14:00:05.837 [FXGL Background Thread 3 ] DEBUG Engine               - enabledMenuItems: []
14:00:05.837 [FXGL Background Thread 3 ] DEBUG Engine               - engineServices: [class com.almasb.fxgl.app.services.FXGLAssetLoaderService, class com.almasb.fxgl.app.FXGLApplication$GameApplicationService, class com.almasb.fxgl.app.services.FXGLDialogService, class com.almasb.fxgl.app.services.IOTaskExecutorService, class com.almasb.fxgl.io.FileSystemService, class com.almasb.fxgl.localization.LocalizationService, class com.almasb.fxgl.app.services.SystemBundleService, class com.almasb.fxgl.profile.SaveLoadService, class com.almasb.fxgl.ui.FXGLUIFactoryServiceProvider, class com.almasb.fxgl.ui.FXGLDialogFactoryServiceProvider, class com.almasb.fxgl.audio.AudioPlayer, class com.almasb.fxgl.notification.impl.NotificationServiceProvider, class com.almasb.fxgl.achievement.AchievementService, class com.almasb.fxgl.cutscene.CutsceneService, class com.almasb.fxgl.minigames.MiniGameService, class com.almasb.fxgl.net.NetService, class com.almasb.fxgl.app.services.UpdaterService, class com.almasb.fxgl.dev.DevService]
14:00:05.837 [FXGL Background Thread 3 ] DEBUG Engine               - fontGame: Abel-Regular.ttf
14:00:05.837 [FXGL Background Thread 3 ] DEBUG Engine               - fontMono: TerminalLandMono-Regular.otf
14:00:05.837 [FXGL Background Thread 3 ] DEBUG Engine               - fontText: Courier-Prime.ttf
14:00:05.837 [FXGL Background Thread 3 ] DEBUG Engine               - fontUI: VarelaRound-Regular.ttf
14:00:05.837 [FXGL Background Thread 3 ] DEBUG Engine               - fullScreen: BooleanProperty [value: false]
14:00:05.837 [FXGL Background Thread 3 ] DEBUG Engine               - gameDifficulty: MEDIUM
14:00:05.837 [FXGL Background Thread 3 ] DEBUG Engine               - gameDifficultyProperty: ObjectProperty [value: MEDIUM]
14:00:05.837 [FXGL Background Thread 3 ] DEBUG Engine               - globalMusicVolume: 0.5
14:00:05.837 [FXGL Background Thread 3 ] DEBUG Engine               - globalMusicVolumeProperty: DoubleProperty [value: 0.5]
14:00:05.837 [FXGL Background Thread 3 ] DEBUG Engine               - globalSoundVolume: 0.5
14:00:05.837 [FXGL Background Thread 3 ] DEBUG Engine               - globalSoundVolumeProperty: DoubleProperty [value: 0.8]
14:00:05.837 [FXGL Background Thread 3 ] DEBUG Engine               - height: 1280
14:00:05.837 [FXGL Background Thread 3 ] DEBUG Engine               - is3D: false
14:00:05.837 [FXGL Background Thread 3 ] DEBUG Engine               - isAndroid: false
14:00:05.838 [FXGL Background Thread 3 ] DEBUG Engine               - isBrowser: false
14:00:05.838 [FXGL Background Thread 3 ] DEBUG Engine               - isClickFeedbackEnabled: false
14:00:05.838 [FXGL Background Thread 3 ] DEBUG Engine               - isCloseConfirmation: false
14:00:05.838 [FXGL Background Thread 3 ] DEBUG Engine               - isDesktop: true
14:00:05.838 [FXGL Background Thread 3 ] DEBUG Engine               - isDeveloperMenuEnabled: false
14:00:05.838 [FXGL Background Thread 3 ] DEBUG Engine               - isEmbedded: false
14:00:05.838 [FXGL Background Thread 3 ] DEBUG Engine               - isEntityPreloadEnabled: true
14:00:05.838 [FXGL Background Thread 3 ] DEBUG Engine               - isExperimentalTiledLargeMap: false
14:00:05.838 [FXGL Background Thread 3 ] DEBUG Engine               - isFileSystemWriteAllowed: true
14:00:05.838 [FXGL Background Thread 3 ] DEBUG Engine               - isFullScreenAllowed: false
14:00:05.838 [FXGL Background Thread 3 ] DEBUG Engine               - isFullScreenFromStart: false
14:00:05.838 [FXGL Background Thread 3 ] DEBUG Engine               - isGameMenuEnabled: true
14:00:05.838 [FXGL Background Thread 3 ] DEBUG Engine               - isIOS: false
14:00:05.838 [FXGL Background Thread 3 ] DEBUG Engine               - isIntroEnabled: false
14:00:05.838 [FXGL Background Thread 3 ] DEBUG Engine               - isLinux: false
14:00:05.838 [FXGL Background Thread 3 ] DEBUG Engine               - isMac: false
14:00:05.838 [FXGL Background Thread 3 ] DEBUG Engine               - isMainMenuEnabled: true
14:00:05.838 [FXGL Background Thread 3 ] DEBUG Engine               - isManualResizeEnabled: false
14:00:05.838 [FXGL Background Thread 3 ] DEBUG Engine               - isMobile: false
14:00:05.838 [FXGL Background Thread 3 ] DEBUG Engine               - isNative: false
14:00:05.838 [FXGL Background Thread 3 ] DEBUG Engine               - isPauseMusicWhenMinimized: true
14:00:05.838 [FXGL Background Thread 3 ] DEBUG Engine               - isPreserveResizeRatio: false
14:00:05.838 [FXGL Background Thread 3 ] DEBUG Engine               - isProfilingEnabled: false
14:00:05.839 [FXGL Background Thread 3 ] DEBUG Engine               - isScaleAffectedOnResize: true
14:00:05.839 [FXGL Background Thread 3 ] DEBUG Engine               - isSingleStep: false
14:00:05.839 [FXGL Background Thread 3 ] DEBUG Engine               - isUserProfileEnabled: false
14:00:05.839 [FXGL Background Thread 3 ] DEBUG Engine               - isWindows: true
14:00:05.839 [FXGL Background Thread 3 ] DEBUG Engine               - language: ObjectProperty [value: ENGLISH]
14:00:05.839 [FXGL Background Thread 3 ] DEBUG Engine               - menuKey: ESCAPE
14:00:05.839 [FXGL Background Thread 3 ] DEBUG Engine               - mouseSensitivity: 0.2
14:00:05.839 [FXGL Background Thread 3 ] DEBUG Engine               - notificationViewClass: class com.almasb.fxgl.notification.view.XboxNotificationView
14:00:05.839 [FXGL Background Thread 3 ] DEBUG Engine               - pixelsPerMeter: 50.0
14:00:05.839 [FXGL Background Thread 3 ] DEBUG Engine               - platform: WINDOWS
14:00:05.839 [FXGL Background Thread 3 ] DEBUG Engine               - prefHeightProperty: ReadOnlyDoubleProperty [value: 1280.0]
14:00:05.839 [FXGL Background Thread 3 ] DEBUG Engine               - prefWidthProperty: ReadOnlyDoubleProperty [value: 2048.0]
14:00:05.839 [FXGL Background Thread 3 ] DEBUG Engine               - profileDir: profiles/
14:00:05.839 [FXGL Background Thread 3 ] DEBUG Engine               - profileName: StringProperty [value: DEFAULT]
14:00:05.839 [FXGL Background Thread 3 ] DEBUG Engine               - randomSeed: -1
14:00:05.839 [FXGL Background Thread 3 ] DEBUG Engine               - runtimeInfo: RuntimeInfo(platform=WINDOWS, version=17, build=31.12.2021 18.16)
14:00:05.839 [FXGL Background Thread 3 ] DEBUG Engine               - saveFileExt: sav
14:00:05.839 [FXGL Background Thread 3 ] DEBUG Engine               - scaledHeightProp$fxgl: DoubleProperty [bound, value: 1018.0]
14:00:05.839 [FXGL Background Thread 3 ] DEBUG Engine               - scaledWidthProp$fxgl: DoubleProperty [bound, value: 1605.0]
14:00:05.839 [FXGL Background Thread 3 ] DEBUG Engine               - sceneFactory: com.almasb.fxgl.app.scene.SceneFactory@799bd41b
14:00:05.839 [FXGL Background Thread 3 ] DEBUG Engine               - secondsIn24h: 60
14:00:05.839 [FXGL Background Thread 3 ] DEBUG Engine               - soundMenuBack: menu/back.wav
14:00:05.839 [FXGL Background Thread 3 ] DEBUG Engine               - soundMenuPress: menu/press.wav
14:00:05.839 [FXGL Background Thread 3 ] DEBUG Engine               - soundMenuSelect: menu/select.wav
14:00:05.839 [FXGL Background Thread 3 ] DEBUG Engine               - soundNotification: core/notification.wav
14:00:05.840 [FXGL Background Thread 3 ] DEBUG Engine               - stageStyle: DECORATED
14:00:05.840 [FXGL Background Thread 3 ] DEBUG Engine               - supportedLanguages: [ENGLISH, FRENCH, GERMAN, HUNGARIAN, RUSSIAN]
14:00:05.840 [FXGL Background Thread 3 ] DEBUG Engine               - ticksPerSecond: -1
14:00:05.840 [FXGL Background Thread 3 ] DEBUG Engine               - title: TANK
14:00:05.840 [FXGL Background Thread 3 ] DEBUG Engine               - urlGithub: https://github.com/AlmasB/FXGL
14:00:05.840 [FXGL Background Thread 3 ] DEBUG Engine               - urlLeaderboard: http://fxgl-top.herokuapp.com/
14:00:05.840 [FXGL Background Thread 3 ] DEBUG Engine               - urlPOM: https://raw.githubusercontent.com/AlmasB/FXGL/release/README.md
14:00:05.840 [FXGL Background Thread 3 ] DEBUG Engine               - userAppClass: class com.kenny.tank.TankApp
14:00:05.840 [FXGL Background Thread 3 ] DEBUG Engine               - version: 0.1
14:00:05.840 [FXGL Background Thread 3 ] DEBUG Engine               - versionCheckDays: 7
14:00:05.840 [FXGL Background Thread 3 ] DEBUG Engine               - width: 2048
14:00:05.840 [FXGL Background Thread 3 ] DEBUG Engine               - Logging services
14:00:05.840 [FXGL Background Thread 3 ] DEBUG Engine               - class com.almasb.fxgl.app.services.FXGLAssetLoaderService
14:00:05.840 [FXGL Background Thread 3 ] DEBUG Engine               - class com.almasb.fxgl.app.FXGLApplication$GameApplicationService
14:00:05.840 [FXGL Background Thread 3 ] DEBUG Engine               - class com.almasb.fxgl.app.services.FXGLDialogService
14:00:05.840 [FXGL Background Thread 3 ] DEBUG Engine               - class com.almasb.fxgl.app.services.IOTaskExecutorService
14:00:05.840 [FXGL Background Thread 3 ] DEBUG Engine               - class com.almasb.fxgl.io.FileSystemService
14:00:05.840 [FXGL Background Thread 3 ] DEBUG Engine               - class com.almasb.fxgl.localization.LocalizationService
14:00:05.840 [FXGL Background Thread 3 ] DEBUG Engine               - class com.almasb.fxgl.app.services.SystemBundleService
14:00:05.840 [FXGL Background Thread 3 ] DEBUG Engine               - class com.almasb.fxgl.profile.SaveLoadService
14:00:05.840 [FXGL Background Thread 3 ] DEBUG Engine               - class com.almasb.fxgl.ui.FXGLUIFactoryServiceProvider
14:00:05.840 [FXGL Background Thread 3 ] DEBUG Engine               - class com.almasb.fxgl.ui.FXGLDialogFactoryServiceProvider
14:00:05.840 [FXGL Background Thread 3 ] DEBUG Engine               - class com.almasb.fxgl.audio.AudioPlayer
14:00:05.840 [FXGL Background Thread 3 ] DEBUG Engine               - class com.almasb.fxgl.notification.impl.NotificationServiceProvider
14:00:05.840 [FXGL Background Thread 3 ] DEBUG Engine               - class com.almasb.fxgl.achievement.AchievementService
14:00:05.840 [FXGL Background Thread 3 ] DEBUG Engine               - class com.almasb.fxgl.cutscene.CutsceneService
14:00:05.840 [FXGL Background Thread 3 ] DEBUG Engine               - class com.almasb.fxgl.minigames.MiniGameService
14:00:05.840 [FXGL Background Thread 3 ] DEBUG Engine               - class com.almasb.fxgl.net.NetService
14:00:05.840 [FXGL Background Thread 3 ] DEBUG Engine               - class com.almasb.fxgl.app.services.UpdaterService
14:00:05.840 [FXGL Background Thread 3 ] DEBUG Engine               - class com.almasb.fxgl.dev.DevService
14:00:14.149 [JavaFX Application Thread] DEBUG PrimaryStageWindow   - Push state: FXGLDefaultMenu
14:00:14.149 [JavaFX Application Thread] DEBUG Input                - Clearing active input actions
14:00:14.151 [JavaFX Application Thread] DEBUG GameApplicationServi - Removing overlay from GameScene and adding to FXGLDefaultMenu
14:00:14.151 [JavaFX Application Thread] DEBUG PrimaryStageWindow   - GameScene -> FXGLDefaultMenu
14:00:15.611 [JavaFX Application Thread] DEBUG Menu                 - fireExitToMainMenu()
14:00:15.612 [JavaFX Application Thread] DEBUG PrimaryStageWindow   - Push state: DialogSubScene
14:00:15.613 [JavaFX Application Thread] DEBUG Input                - Clearing active input actions
14:00:15.613 [JavaFX Application Thread] DEBUG GameApplicationServi - Removing overlay from FXGLDefaultMenu and adding to DialogSubScene
14:00:15.613 [JavaFX Application Thread] DEBUG PrimaryStageWindow   - FXGLDefaultMenu -> DialogSubScene
14:00:17.316 [JavaFX Application Thread] DEBUG PrimaryStageWindow   - Pop state: DialogSubScene
14:00:17.316 [JavaFX Application Thread] DEBUG Input                - Clearing active input actions
14:00:17.317 [JavaFX Application Thread] DEBUG GameApplicationServi - Removing overlay from DialogSubScene and adding to FXGLDefaultMenu
14:00:17.317 [JavaFX Application Thread] DEBUG PrimaryStageWindow   - FXGLDefaultMenu <- DialogSubScene
14:00:17.317 [JavaFX Application Thread] DEBUG PrimaryStageWindow   - Pop state: FXGLDefaultMenu
14:00:17.317 [JavaFX Application Thread] DEBUG Input                - Clearing active input actions
14:00:17.317 [JavaFX Application Thread] DEBUG GameApplicationServi - Removing overlay from FXGLDefaultMenu and adding to GameScene
14:00:17.317 [JavaFX Application Thread] DEBUG PrimaryStageWindow   - GameScene <- FXGLDefaultMenu
14:00:17.317 [JavaFX Application Thread] DEBUG Input                - Clearing active input actions
14:00:17.320 [JavaFX Application Thread] DEBUG GameApplicationServi - Removing overlay from GameScene and adding to FXGLMainMenuDummyScene
14:00:17.320 [JavaFX Application Thread] DEBUG PrimaryStageWindow   - GameScene -> FXGLMainMenuDummyScene
14:00:17.320 [JavaFX Application Thread] DEBUG PrimaryStageWindow   - Push state: FXGLDefaultMenu
14:00:17.320 [JavaFX Application Thread] DEBUG Input                - Clearing active input actions
14:00:17.321 [JavaFX Application Thread] DEBUG GameApplicationServi - Removing overlay from FXGLMainMenuDummyScene and adding to FXGLDefaultMenu
14:00:17.322 [JavaFX Application Thread] DEBUG PrimaryStageWindow   - FXGLMainMenuDummyScene -> FXGLDefaultMenu
14:00:18.671 [JavaFX Application Thread] DEBUG Menu                 - fireExit()
14:00:18.672 [JavaFX Application Thread] DEBUG PrimaryStageWindow   - Push state: DialogSubScene
14:00:18.672 [JavaFX Application Thread] DEBUG Input                - Clearing active input actions
14:00:18.672 [JavaFX Application Thread] DEBUG GameApplicationServi - Removing overlay from FXGLDefaultMenu and adding to DialogSubScene
14:00:18.673 [JavaFX Application Thread] DEBUG PrimaryStageWindow   - FXGLDefaultMenu -> DialogSubScene
14:00:19.695 [JavaFX Application Thread] DEBUG PrimaryStageWindow   - Pop state: DialogSubScene
14:00:19.695 [JavaFX Application Thread] DEBUG Input                - Clearing active input actions
14:00:19.695 [JavaFX Application Thread] DEBUG GameApplicationServi - Removing overlay from DialogSubScene and adding to FXGLDefaultMenu
14:00:19.695 [JavaFX Application Thread] DEBUG PrimaryStageWindow   - FXGLDefaultMenu <- DialogSubScene
14:00:19.695 [JavaFX Application Thread] DEBUG FXGLApplication      - Exiting FXGL
14:00:19.696 [JavaFX Application Thread] DEBUG LoopRunner           - Stopping loop
14:00:19.696 [JavaFX Application Thread] DEBUG SystemBundleService  - Saving FXGL system data
14:00:19.698 [JavaFX Application Thread] DEBUG FileSystemAccess     - Writing to: E:\java project\tank\system\fxgl.bundle
14:00:19.699 [JavaFX Application Thread] DEBUG Async                - Shutting down background threads
14:00:19.700 [JavaFX Application Thread] DEBUG PrimaryStageWindow   - Closing main window
14:00:19.715 [JavaFX Application Thread] DEBUG Logger               - Closing Logger
