19:48:21.996 [main                     ] DEBUG Logger               - Configured Logger
19:48:22.011 [main                     ] DEBUG GameApplication      - Logging settings
Title: TANK
Version: 0.1
Width: 750
Height: 800
Fullscreen: false
Intro: false
Profiling: false
Single step:false
App Mode: DEVELOPER
Menu Key: ESCAPE
Stage Style: DECORATED
Scene Factory: class com.almasb.fxgl.app.scene.SceneFactory

19:48:22.261 [JavaFX Application Thread] DEBUG FXGLApplication      - Initializing FXGL
19:48:22.265 [JavaFX Application Thread] INFO  Engine               - FXGL-17 (31.12.2021 18.16) on WINDOWS (J:17.0.6 FX:17.0.0.1)
19:48:22.265 [JavaFX Application Thread] DEBUG Engine               - JRE Vendor Name: Amazon.com Inc.
19:48:22.265 [JavaFX Application Thread] DEBUG Engine               - Running on OS: Windows 11 version 10.0
19:48:22.265 [JavaFX Application Thread] DEBUG Engine               - Architecture: amd64
19:48:22.265 [JavaFX Application Thread] INFO  Engine               - Source code and latest versions at: https://github.com/AlmasB/FXGL
19:48:22.265 [JavaFX Application Thread] INFO  Engine               -       Ask questions and discuss at: https://github.com/AlmasB/FXGL/discussions
19:48:22.265 [JavaFX Application Thread] INFO  Engine               -              Join the FXGL chat at: https://gitter.im/AlmasB/FXGL
19:48:22.311 [JavaFX Application Thread] DEBUG PrimaryStageWindow   - Creating a JavaFX scene
19:48:22.334 [JavaFX Application Thread] DEBUG PrimaryStageWindow   - Target settings size: 750.0 x 800.0
19:48:22.334 [JavaFX Application Thread] DEBUG PrimaryStageWindow   - Scaled scene size:    750.0 x 800.0
19:48:22.334 [JavaFX Application Thread] DEBUG PrimaryStageWindow   - Scaled ratio: (1.0, 1.0)
19:48:22.335 [JavaFX Application Thread] DEBUG PrimaryStageWindow   - Set initial scene to FXGLStartupScene
19:48:22.339 [JavaFX Application Thread] DEBUG PrimaryStageWindow   - Opening main window
19:48:22.429 [JavaFX Application Thread] DEBUG PrimaryStageWindow   - Window border size: (14.66668701171875, 37.33331298828125)
19:48:22.430 [JavaFX Application Thread] DEBUG PrimaryStageWindow   - Scaled size: 750.0 x 800.0
19:48:22.430 [JavaFX Application Thread] DEBUG PrimaryStageWindow   - Scaled ratio: (1.0, 1.0)
19:48:22.430 [JavaFX Application Thread] DEBUG PrimaryStageWindow   - Scene size: 750.0 x 800.0
19:48:22.430 [JavaFX Application Thread] DEBUG PrimaryStageWindow   - Stage size: 764.6666870117188 x 837.3333129882812
19:48:22.434 [FXGL Background Thread 1 ] DEBUG Engine               - Initializing environment variables
19:48:22.453 [FXGL Background Thread 1 ] DEBUG FXGLAssetLoaderServi - User app class for loading assets: class com.kenny.tank.TankApp
19:48:22.454 [FXGL Background Thread 1 ] DEBUG GameApplicationServi - Applying CSS: fxgl_dark.css
19:48:22.454 [FXGL Background Thread 1 ] DEBUG FXGLAssetLoaderServi - Loading from file system: jar:file:///C:/Users/10273/.m2/repository/com/github/almasb/fxgl/17/fxgl-17.jar!/fxglassets/ui/css/fxgl_dark.css
19:48:22.481 [FXGL Background Thread 1 ] DEBUG GameApplicationServi - Initializing application scenes
19:48:22.522 [FXGL Background Thread 1 ] DEBUG GameWorld            - Game world initialized
19:48:22.550 [FXGL Background Thread 1 ] DEBUG PhysicsWorld         - Physics world initialized: appHeight=800, physics.ppm=50.0
19:48:22.551 [FXGL Background Thread 1 ] DEBUG PhysicsWorld         - Using strategy: BRUTE_FORCE
19:48:22.554 [FXGL Background Thread 1 ] DEBUG GameScene            - Game scene initialized: 750x800
19:48:22.562 [FXGL Background Thread 1 ] WARN  FXGL.DefaultMenu     - FXGLDefaultMenu is not designed for resolutions < 800x600
19:48:22.562 [FXGL Background Thread 1 ] DEBUG FXGL.DefaultMenu     - createMenuBodyMainMenu()
19:48:22.569 [FXGL Background Thread 1 ] DEBUG FXGL.DefaultMenu     - createOptionsMenu()
19:48:22.574 [FXGL Background Thread 1 ] DEBUG FXGLAssetLoaderServi - Loading from file system: jar:file:///C:/Users/10273/.m2/repository/com/github/almasb/fxgl/17/fxgl-17.jar!/fxglassets/textures/particles/smoke.png
19:48:22.628 [FXGL Background Thread 1 ] DEBUG FXGLAssetLoaderServi - Loading from file system: jar:file:///C:/Users/10273/.m2/repository/com/github/almasb/fxgl/17/fxgl-17.jar!/fxglassets/textures/particles/trace_horizontal.png
19:48:22.644 [FXGL Background Thread 1 ] WARN  FXGL.DefaultMenu     - FXGLDefaultMenu is not designed for resolutions < 800x600
19:48:22.645 [FXGL Background Thread 1 ] DEBUG FXGL.DefaultMenu     - createMenuBodyGameMenu()
19:48:22.645 [FXGL Background Thread 1 ] DEBUG FXGL.DefaultMenu     - createOptionsMenu()
19:48:22.651 [FXGL Background Thread 1 ] DEBUG GameApplicationServi - Application scenes initialized
19:48:22.657 [FXGL Background Thread 1 ] DEBUG SystemBundleService  - Loading FXGL system data
19:48:22.660 [FXGL Background Thread 1 ] DEBUG FileSystemAccess     - Reading from: E:\java project\tank\system\fxgl.bundle
19:48:22.663 [FXGL Background Thread 1 ] DEBUG SystemBundleService  - Bundle FXGL: {}
19:48:22.664 [FXGL Background Thread 1 ] DEBUG UpdaterService       - Checking for updates
19:48:22.666 [FXGL Background Thread 4 ] DEBUG FXGLApplication      - Loading fonts
19:48:22.666 [FXGL Background Thread 1 ] DEBUG FXGLApplication      - Loading default localization
19:48:22.666 [FXGL Background Thread 4 ] DEBUG FXGLAssetLoaderServi - Loading from file system: jar:file:///C:/Users/10273/.m2/repository/com/github/almasb/fxgl/17/fxgl-17.jar!/fxglassets/ui/fonts/VarelaRound-Regular.ttf
19:48:22.667 [FXGL Background Thread 1 ] DEBUG FXGLAssetLoaderServi - Loading from file system: jar:file:///C:/Users/10273/.m2/repository/com/github/almasb/fxgl/17/fxgl-17.jar!/fxglassets/languages/english.lang
19:48:22.679 [FXGL Background Thread 1 ] INFO  FXGLApplication      - FXGL initialization took: 0.245 sec
19:48:22.686 [JavaFX Application Thread] DEBUG Input                - Registered new binding: player1 move up - Up
19:48:22.686 [JavaFX Application Thread] DEBUG Input                - Registered new binding: player1 move down - Down
19:48:22.686 [JavaFX Application Thread] DEBUG Input                - Registered new binding: player1 move left - Left
19:48:22.687 [JavaFX Application Thread] DEBUG Input                - Registered new binding: player1 move right - Right
19:48:22.687 [JavaFX Application Thread] DEBUG Input                - Registered new binding: SHOOT - Space
19:48:22.687 [JavaFX Application Thread] DEBUG Input                - Registered new binding: player2 move up - W
19:48:22.687 [JavaFX Application Thread] DEBUG Input                - Registered new binding: player2 move down - S
19:48:22.687 [JavaFX Application Thread] DEBUG Input                - Registered new binding: player2 move left - A
19:48:22.688 [JavaFX Application Thread] DEBUG Input                - Registered new binding: player2 move right - D
19:48:22.688 [JavaFX Application Thread] DEBUG FXGLAssetLoaderServi - Loading from file system: file:/E:/java%20project/tank/target/classes/assets/textures/joker.jpg
19:48:22.701 [FXGL Background Thread 4 ] DEBUG FXGLAssetLoaderServi - Loading from file system: jar:file:///C:/Users/10273/.m2/repository/com/github/almasb/fxgl/17/fxgl-17.jar!/fxglassets/ui/fonts/Abel-Regular.ttf
19:48:22.702 [FXGL Background Thread 4 ] DEBUG FXGLAssetLoaderServi - Loading from file system: jar:file:///C:/Users/10273/.m2/repository/com/github/almasb/fxgl/17/fxgl-17.jar!/fxglassets/ui/fonts/TerminalLandMono-Regular.otf
19:48:22.704 [FXGL Background Thread 4 ] DEBUG FXGLAssetLoaderServi - Loading from file system: jar:file:///C:/Users/10273/.m2/repository/com/github/almasb/fxgl/17/fxgl-17.jar!/fxglassets/ui/fonts/Courier-Prime.ttf
19:48:22.705 [JavaFX Application Thread] DEBUG FXGLAssetLoaderServi - Loading from file system: jar:file:///C:/Users/10273/.m2/repository/com/github/almasb/fxgl/17/fxgl-17.jar!/fxglassets/textures/fxgl_default_cursor.png
19:48:22.707 [JavaFX Application Thread] DEBUG Input                - Registered new binding: Screenshot - CTRL+8
19:48:22.707 [JavaFX Application Thread] DEBUG Input                - Registered new binding: System info dump - CTRL+9
19:48:22.708 [JavaFX Application Thread] DEBUG Input                - Registered new binding: Restart - CTRL+R
19:48:22.708 [JavaFX Application Thread] DEBUG Input                - Registered new binding: Toggle Debug Camera - CTRL+7
19:48:22.710 [JavaFX Application Thread] DEBUG LoopRunner           - Starting loop
19:48:22.711 [JavaFX Application Thread] DEBUG LoopRunner           - Initializing JavaFX AnimationTimerLoop
19:48:22.712 [JavaFX Application Thread] DEBUG Input                - Clearing active input actions
19:48:22.715 [JavaFX Application Thread] DEBUG GameApplicationServi - Removing overlay from FXGLStartupScene and adding to FXGLMainMenuDummyScene
19:48:22.716 [JavaFX Application Thread] DEBUG PrimaryStageWindow   - FXGLStartupScene -> FXGLMainMenuDummyScene
19:48:22.716 [JavaFX Application Thread] DEBUG PrimaryStageWindow   - Push state: FXGLDefaultMenu
19:48:22.721 [JavaFX Application Thread] DEBUG Input                - Clearing active input actions
19:48:22.726 [JavaFX Application Thread] DEBUG GameApplicationServi - Removing overlay from FXGLMainMenuDummyScene and adding to FXGLDefaultMenu
19:48:22.726 [JavaFX Application Thread] DEBUG PrimaryStageWindow   - FXGLMainMenuDummyScene -> FXGLDefaultMenu
19:48:22.726 [JavaFX Application Thread] DEBUG FXGLApplication      - Registering font factories with UI factory
19:48:22.811 [FXGL Background Thread 2 ] WARN  UpdaterService       - Failed to find updates: java.net.UnknownHostException: raw.githubusercontent.com
19:48:23.628 [JavaFX Application Thread] DEBUG Menu                 - fireNewGame()
19:48:23.628 [JavaFX Application Thread] DEBUG GameApplicationServi - Starting new game
19:48:23.629 [JavaFX Application Thread] DEBUG PrimaryStageWindow   - Pop state: FXGLDefaultMenu
19:48:23.629 [JavaFX Application Thread] DEBUG Input                - Clearing active input actions
19:48:23.630 [JavaFX Application Thread] DEBUG GameApplicationServi - Removing overlay from FXGLDefaultMenu and adding to FXGLMainMenuDummyScene
19:48:23.630 [JavaFX Application Thread] DEBUG PrimaryStageWindow   - FXGLMainMenuDummyScene <- FXGLDefaultMenu
19:48:23.631 [JavaFX Application Thread] DEBUG Input                - Clearing active input actions
19:48:23.634 [JavaFX Application Thread] DEBUG GameApplicationServi - Removing overlay from FXGLMainMenuDummyScene and adding to FXGLLoadingScene
19:48:23.634 [JavaFX Application Thread] DEBUG PrimaryStageWindow   - FXGLMainMenuDummyScene -> FXGLLoadingScene
19:48:23.634 [JavaFX Application Thread] DEBUG GameApplicationServi - Clearing previous game
19:48:23.634 [JavaFX Application Thread] DEBUG GameScene            - Clearing game scene
19:48:23.634 [JavaFX Application Thread] DEBUG GameWorld            - Clearing game world
19:48:23.634 [JavaFX Application Thread] DEBUG PhysicsWorld         - Clearing physics world
19:48:23.636 [FXGL Background Thread 2 ] DEBUG FXGLApplication      - Initializing game
19:48:23.644 [FXGL Background Thread 2 ] DEBUG FXGLAssetLoaderServi - Loading from file system: file:/E:/java%20project/tank/target/classes/assets/textures/Crepeer.png
19:48:23.661 [FXGL Background Thread 2 ] INFO  FXGLApplication      - Game initialization took: 0.026 sec
19:48:23.662 [JavaFX Application Thread] DEBUG Input                - Clearing active input actions
19:48:23.665 [JavaFX Application Thread] DEBUG GameApplicationServi - Removing overlay from FXGLLoadingScene and adding to GameScene
19:48:23.665 [JavaFX Application Thread] DEBUG PrimaryStageWindow   - FXGLLoadingScene -> GameScene
19:48:25.666 [FXGL Background Thread 3 ] DEBUG Engine               - Logging environment variables
19:48:25.667 [FXGL Background Thread 3 ] DEBUG Engine               - achievements: []
19:48:25.667 [FXGL Background Thread 3 ] DEBUG Engine               - actualHeight: 800.0
19:48:25.667 [FXGL Background Thread 3 ] DEBUG Engine               - actualHeightProperty: ReadOnlyDoubleProperty [value: 800.0]
19:48:25.668 [FXGL Background Thread 3 ] DEBUG Engine               - actualWidth: 750.0
19:48:25.668 [FXGL Background Thread 3 ] DEBUG Engine               - actualWidthProperty: ReadOnlyDoubleProperty [value: 750.0]
19:48:25.668 [FXGL Background Thread 3 ] DEBUG Engine               - appIcon: joker.jpg
19:48:25.668 [FXGL Background Thread 3 ] DEBUG Engine               - applicationMode: DEVELOPER
19:48:25.668 [FXGL Background Thread 3 ] DEBUG Engine               - cSSList: [fxgl_dark.css]
19:48:25.668 [FXGL Background Thread 3 ] DEBUG Engine               - collisionDetectionStrategy: BRUTE_FORCE
19:48:25.668 [FXGL Background Thread 3 ] DEBUG Engine               - configClass: Optional.empty
19:48:25.668 [FXGL Background Thread 3 ] DEBUG Engine               - credits: []
19:48:25.669 [FXGL Background Thread 3 ] DEBUG Engine               - defaultCursor: CursorInfo(imageName=fxgl_default_cursor.png, hotspotX=7.0, hotspotY=6.0)
19:48:25.669 [FXGL Background Thread 3 ] DEBUG Engine               - devBBoxColorProperty: ObjectProperty [value: 0xff0000ff]
19:48:25.669 [FXGL Background Thread 3 ] DEBUG Engine               - devEnableDebugCameraProperty: BooleanProperty [value: false]
19:48:25.669 [FXGL Background Thread 3 ] DEBUG Engine               - devSensorColorProperty: ObjectProperty [value: 0xffff00ff]
19:48:25.669 [FXGL Background Thread 3 ] DEBUG Engine               - devShowBBoxProperty: BooleanProperty [value: false]
19:48:25.669 [FXGL Background Thread 3 ] DEBUG Engine               - devShowPositionProperty: BooleanProperty [value: false]
19:48:25.669 [FXGL Background Thread 3 ] DEBUG Engine               - enabledMenuItems: []
19:48:25.670 [FXGL Background Thread 3 ] DEBUG Engine               - engineServices: [class com.almasb.fxgl.app.services.FXGLAssetLoaderService, class com.almasb.fxgl.app.FXGLApplication$GameApplicationService, class com.almasb.fxgl.app.services.FXGLDialogService, class com.almasb.fxgl.app.services.IOTaskExecutorService, class com.almasb.fxgl.io.FileSystemService, class com.almasb.fxgl.localization.LocalizationService, class com.almasb.fxgl.app.services.SystemBundleService, class com.almasb.fxgl.profile.SaveLoadService, class com.almasb.fxgl.ui.FXGLUIFactoryServiceProvider, class com.almasb.fxgl.ui.FXGLDialogFactoryServiceProvider, class com.almasb.fxgl.audio.AudioPlayer, class com.almasb.fxgl.notification.impl.NotificationServiceProvider, class com.almasb.fxgl.achievement.AchievementService, class com.almasb.fxgl.cutscene.CutsceneService, class com.almasb.fxgl.minigames.MiniGameService, class com.almasb.fxgl.net.NetService, class com.almasb.fxgl.app.services.UpdaterService, class com.almasb.fxgl.dev.DevService]
19:48:25.670 [FXGL Background Thread 3 ] DEBUG Engine               - fontGame: Abel-Regular.ttf
19:48:25.670 [FXGL Background Thread 3 ] DEBUG Engine               - fontMono: TerminalLandMono-Regular.otf
19:48:25.670 [FXGL Background Thread 3 ] DEBUG Engine               - fontText: Courier-Prime.ttf
19:48:25.670 [FXGL Background Thread 3 ] DEBUG Engine               - fontUI: VarelaRound-Regular.ttf
19:48:25.670 [FXGL Background Thread 3 ] DEBUG Engine               - fullScreen: BooleanProperty [value: false]
19:48:25.670 [FXGL Background Thread 3 ] DEBUG Engine               - gameDifficulty: MEDIUM
19:48:25.670 [FXGL Background Thread 3 ] DEBUG Engine               - gameDifficultyProperty: ObjectProperty [value: MEDIUM]
19:48:25.670 [FXGL Background Thread 3 ] DEBUG Engine               - globalMusicVolume: 0.5
19:48:25.670 [FXGL Background Thread 3 ] DEBUG Engine               - globalMusicVolumeProperty: DoubleProperty [value: 0.5]
19:48:25.670 [FXGL Background Thread 3 ] DEBUG Engine               - globalSoundVolume: 0.5
19:48:25.670 [FXGL Background Thread 3 ] DEBUG Engine               - globalSoundVolumeProperty: DoubleProperty [value: 0.8]
19:48:25.670 [FXGL Background Thread 3 ] DEBUG Engine               - height: 800
19:48:25.670 [FXGL Background Thread 3 ] DEBUG Engine               - is3D: false
19:48:25.670 [FXGL Background Thread 3 ] DEBUG Engine               - isAndroid: false
19:48:25.671 [FXGL Background Thread 3 ] DEBUG Engine               - isBrowser: false
19:48:25.671 [FXGL Background Thread 3 ] DEBUG Engine               - isClickFeedbackEnabled: false
19:48:25.671 [FXGL Background Thread 3 ] DEBUG Engine               - isCloseConfirmation: false
19:48:25.671 [FXGL Background Thread 3 ] DEBUG Engine               - isDesktop: true
19:48:25.671 [FXGL Background Thread 3 ] DEBUG Engine               - isDeveloperMenuEnabled: false
19:48:25.671 [FXGL Background Thread 3 ] DEBUG Engine               - isEmbedded: false
19:48:25.671 [FXGL Background Thread 3 ] DEBUG Engine               - isEntityPreloadEnabled: true
19:48:25.671 [FXGL Background Thread 3 ] DEBUG Engine               - isExperimentalTiledLargeMap: false
19:48:25.671 [FXGL Background Thread 3 ] DEBUG Engine               - isFileSystemWriteAllowed: true
19:48:25.671 [FXGL Background Thread 3 ] DEBUG Engine               - isFullScreenAllowed: false
19:48:25.671 [FXGL Background Thread 3 ] DEBUG Engine               - isFullScreenFromStart: false
19:48:25.671 [FXGL Background Thread 3 ] DEBUG Engine               - isGameMenuEnabled: true
19:48:25.671 [FXGL Background Thread 3 ] DEBUG Engine               - isIOS: false
19:48:25.671 [FXGL Background Thread 3 ] DEBUG Engine               - isIntroEnabled: false
19:48:25.671 [FXGL Background Thread 3 ] DEBUG Engine               - isLinux: false
19:48:25.672 [FXGL Background Thread 3 ] DEBUG Engine               - isMac: false
19:48:25.672 [FXGL Background Thread 3 ] DEBUG Engine               - isMainMenuEnabled: true
19:48:25.672 [FXGL Background Thread 3 ] DEBUG Engine               - isManualResizeEnabled: false
19:48:25.672 [FXGL Background Thread 3 ] DEBUG Engine               - isMobile: false
19:48:25.672 [FXGL Background Thread 3 ] DEBUG Engine               - isNative: false
19:48:25.672 [FXGL Background Thread 3 ] DEBUG Engine               - isPauseMusicWhenMinimized: true
19:48:25.672 [FXGL Background Thread 3 ] DEBUG Engine               - isPreserveResizeRatio: false
19:48:25.672 [FXGL Background Thread 3 ] DEBUG Engine               - isProfilingEnabled: false
19:48:25.672 [FXGL Background Thread 3 ] DEBUG Engine               - isScaleAffectedOnResize: true
19:48:25.672 [FXGL Background Thread 3 ] DEBUG Engine               - isSingleStep: false
19:48:25.672 [FXGL Background Thread 3 ] DEBUG Engine               - isUserProfileEnabled: false
19:48:25.672 [FXGL Background Thread 3 ] DEBUG Engine               - isWindows: true
19:48:25.672 [FXGL Background Thread 3 ] DEBUG Engine               - language: ObjectProperty [value: ENGLISH]
19:48:25.672 [FXGL Background Thread 3 ] DEBUG Engine               - menuKey: ESCAPE
19:48:25.672 [FXGL Background Thread 3 ] DEBUG Engine               - mouseSensitivity: 0.2
19:48:25.672 [FXGL Background Thread 3 ] DEBUG Engine               - notificationViewClass: class com.almasb.fxgl.notification.view.XboxNotificationView
19:48:25.672 [FXGL Background Thread 3 ] DEBUG Engine               - pixelsPerMeter: 50.0
19:48:25.672 [FXGL Background Thread 3 ] DEBUG Engine               - platform: WINDOWS
19:48:25.672 [FXGL Background Thread 3 ] DEBUG Engine               - prefHeightProperty: ReadOnlyDoubleProperty [value: 800.0]
19:48:25.672 [FXGL Background Thread 3 ] DEBUG Engine               - prefWidthProperty: ReadOnlyDoubleProperty [value: 750.0]
19:48:25.672 [FXGL Background Thread 3 ] DEBUG Engine               - profileDir: profiles/
19:48:25.673 [FXGL Background Thread 3 ] DEBUG Engine               - profileName: StringProperty [value: DEFAULT]
19:48:25.673 [FXGL Background Thread 3 ] DEBUG Engine               - randomSeed: -1
19:48:25.673 [FXGL Background Thread 3 ] DEBUG Engine               - runtimeInfo: RuntimeInfo(platform=WINDOWS, version=17, build=31.12.2021 18.16)
19:48:25.673 [FXGL Background Thread 3 ] DEBUG Engine               - saveFileExt: sav
19:48:25.673 [FXGL Background Thread 3 ] DEBUG Engine               - scaledHeightProp$fxgl: DoubleProperty [bound, value: 800.0]
19:48:25.673 [FXGL Background Thread 3 ] DEBUG Engine               - scaledWidthProp$fxgl: DoubleProperty [bound, value: 750.0]
19:48:25.673 [FXGL Background Thread 3 ] DEBUG Engine               - sceneFactory: com.almasb.fxgl.app.scene.SceneFactory@627a578f
19:48:25.673 [FXGL Background Thread 3 ] DEBUG Engine               - secondsIn24h: 60
19:48:25.673 [FXGL Background Thread 3 ] DEBUG Engine               - soundMenuBack: menu/back.wav
19:48:25.673 [FXGL Background Thread 3 ] DEBUG Engine               - soundMenuPress: menu/press.wav
19:48:25.673 [FXGL Background Thread 3 ] DEBUG Engine               - soundMenuSelect: menu/select.wav
19:48:25.673 [FXGL Background Thread 3 ] DEBUG Engine               - soundNotification: core/notification.wav
19:48:25.673 [FXGL Background Thread 3 ] DEBUG Engine               - stageStyle: DECORATED
19:48:25.673 [FXGL Background Thread 3 ] DEBUG Engine               - supportedLanguages: [ENGLISH, FRENCH, GERMAN, HUNGARIAN, RUSSIAN]
19:48:25.673 [FXGL Background Thread 3 ] DEBUG Engine               - ticksPerSecond: -1
19:48:25.673 [FXGL Background Thread 3 ] DEBUG Engine               - title: TANK
19:48:25.673 [FXGL Background Thread 3 ] DEBUG Engine               - urlGithub: https://github.com/AlmasB/FXGL
19:48:25.673 [FXGL Background Thread 3 ] DEBUG Engine               - urlLeaderboard: http://fxgl-top.herokuapp.com/
19:48:25.673 [FXGL Background Thread 3 ] DEBUG Engine               - urlPOM: https://raw.githubusercontent.com/AlmasB/FXGL/release/README.md
19:48:25.673 [FXGL Background Thread 3 ] DEBUG Engine               - userAppClass: class com.kenny.tank.TankApp
19:48:25.673 [FXGL Background Thread 3 ] DEBUG Engine               - version: 0.1
19:48:25.673 [FXGL Background Thread 3 ] DEBUG Engine               - versionCheckDays: 7
19:48:25.673 [FXGL Background Thread 3 ] DEBUG Engine               - width: 750
19:48:25.673 [FXGL Background Thread 3 ] DEBUG Engine               - Logging services
19:48:25.673 [FXGL Background Thread 3 ] DEBUG Engine               - class com.almasb.fxgl.app.services.FXGLAssetLoaderService
19:48:25.673 [FXGL Background Thread 3 ] DEBUG Engine               - class com.almasb.fxgl.app.FXGLApplication$GameApplicationService
19:48:25.673 [FXGL Background Thread 3 ] DEBUG Engine               - class com.almasb.fxgl.app.services.FXGLDialogService
19:48:25.674 [FXGL Background Thread 3 ] DEBUG Engine               - class com.almasb.fxgl.app.services.IOTaskExecutorService
19:48:25.674 [FXGL Background Thread 3 ] DEBUG Engine               - class com.almasb.fxgl.io.FileSystemService
19:48:25.674 [FXGL Background Thread 3 ] DEBUG Engine               - class com.almasb.fxgl.localization.LocalizationService
19:48:25.674 [FXGL Background Thread 3 ] DEBUG Engine               - class com.almasb.fxgl.app.services.SystemBundleService
19:48:25.674 [FXGL Background Thread 3 ] DEBUG Engine               - class com.almasb.fxgl.profile.SaveLoadService
19:48:25.674 [FXGL Background Thread 3 ] DEBUG Engine               - class com.almasb.fxgl.ui.FXGLUIFactoryServiceProvider
19:48:25.674 [FXGL Background Thread 3 ] DEBUG Engine               - class com.almasb.fxgl.ui.FXGLDialogFactoryServiceProvider
19:48:25.674 [FXGL Background Thread 3 ] DEBUG Engine               - class com.almasb.fxgl.audio.AudioPlayer
19:48:25.674 [FXGL Background Thread 3 ] DEBUG Engine               - class com.almasb.fxgl.notification.impl.NotificationServiceProvider
19:48:25.674 [FXGL Background Thread 3 ] DEBUG Engine               - class com.almasb.fxgl.achievement.AchievementService
19:48:25.674 [FXGL Background Thread 3 ] DEBUG Engine               - class com.almasb.fxgl.cutscene.CutsceneService
19:48:25.674 [FXGL Background Thread 3 ] DEBUG Engine               - class com.almasb.fxgl.minigames.MiniGameService
19:48:25.674 [FXGL Background Thread 3 ] DEBUG Engine               - class com.almasb.fxgl.net.NetService
19:48:25.674 [FXGL Background Thread 3 ] DEBUG Engine               - class com.almasb.fxgl.app.services.UpdaterService
19:48:25.674 [FXGL Background Thread 3 ] DEBUG Engine               - class com.almasb.fxgl.dev.DevService
19:48:26.960 [JavaFX Application Thread] DEBUG FXGLAssetLoaderServi - Loading from file system: file:/E:/java%20project/tank/target/classes/assets/sounds/boom.wav
19:48:38.711 [JavaFX Application Thread] DEBUG PrimaryStageWindow   - Push state: FXGLDefaultMenu
19:48:38.711 [JavaFX Application Thread] DEBUG Input                - Clearing active input actions
19:48:38.712 [JavaFX Application Thread] DEBUG GameApplicationServi - Removing overlay from GameScene and adding to FXGLDefaultMenu
19:48:38.712 [JavaFX Application Thread] DEBUG PrimaryStageWindow   - GameScene -> FXGLDefaultMenu
19:48:39.358 [JavaFX Application Thread] DEBUG Menu                 - fireExitToMainMenu()
19:48:39.361 [JavaFX Application Thread] DEBUG PrimaryStageWindow   - Push state: DialogSubScene
19:48:39.362 [JavaFX Application Thread] DEBUG Input                - Clearing active input actions
19:48:39.362 [JavaFX Application Thread] DEBUG GameApplicationServi - Removing overlay from FXGLDefaultMenu and adding to DialogSubScene
19:48:39.362 [JavaFX Application Thread] DEBUG PrimaryStageWindow   - FXGLDefaultMenu -> DialogSubScene
19:48:39.867 [JavaFX Application Thread] DEBUG PrimaryStageWindow   - Pop state: DialogSubScene
19:48:39.867 [JavaFX Application Thread] DEBUG Input                - Clearing active input actions
19:48:39.867 [JavaFX Application Thread] DEBUG GameApplicationServi - Removing overlay from DialogSubScene and adding to FXGLDefaultMenu
19:48:39.867 [JavaFX Application Thread] DEBUG PrimaryStageWindow   - FXGLDefaultMenu <- DialogSubScene
19:48:39.867 [JavaFX Application Thread] DEBUG PrimaryStageWindow   - Pop state: FXGLDefaultMenu
19:48:39.868 [JavaFX Application Thread] DEBUG Input                - Clearing active input actions
19:48:39.868 [JavaFX Application Thread] DEBUG GameApplicationServi - Removing overlay from FXGLDefaultMenu and adding to GameScene
19:48:39.868 [JavaFX Application Thread] DEBUG PrimaryStageWindow   - GameScene <- FXGLDefaultMenu
19:48:39.868 [JavaFX Application Thread] DEBUG Input                - Clearing active input actions
19:48:39.870 [JavaFX Application Thread] DEBUG GameApplicationServi - Removing overlay from GameScene and adding to FXGLMainMenuDummyScene
19:48:39.870 [JavaFX Application Thread] DEBUG PrimaryStageWindow   - GameScene -> FXGLMainMenuDummyScene
19:48:39.870 [JavaFX Application Thread] DEBUG PrimaryStageWindow   - Push state: FXGLDefaultMenu
19:48:39.870 [JavaFX Application Thread] DEBUG Input                - Clearing active input actions
19:48:39.871 [JavaFX Application Thread] DEBUG GameApplicationServi - Removing overlay from FXGLMainMenuDummyScene and adding to FXGLDefaultMenu
19:48:39.872 [JavaFX Application Thread] DEBUG PrimaryStageWindow   - FXGLMainMenuDummyScene -> FXGLDefaultMenu
19:48:40.647 [JavaFX Application Thread] DEBUG Menu                 - fireExit()
19:48:40.648 [JavaFX Application Thread] DEBUG PrimaryStageWindow   - Push state: DialogSubScene
19:48:40.648 [JavaFX Application Thread] DEBUG Input                - Clearing active input actions
19:48:40.648 [JavaFX Application Thread] DEBUG GameApplicationServi - Removing overlay from FXGLDefaultMenu and adding to DialogSubScene
19:48:40.648 [JavaFX Application Thread] DEBUG PrimaryStageWindow   - FXGLDefaultMenu -> DialogSubScene
19:48:41.091 [JavaFX Application Thread] DEBUG PrimaryStageWindow   - Pop state: DialogSubScene
19:48:41.091 [JavaFX Application Thread] DEBUG Input                - Clearing active input actions
19:48:41.091 [JavaFX Application Thread] DEBUG GameApplicationServi - Removing overlay from DialogSubScene and adding to FXGLDefaultMenu
19:48:41.091 [JavaFX Application Thread] DEBUG PrimaryStageWindow   - FXGLDefaultMenu <- DialogSubScene
19:48:41.091 [JavaFX Application Thread] DEBUG FXGLApplication      - Exiting FXGL
19:48:41.091 [JavaFX Application Thread] DEBUG LoopRunner           - Stopping loop
19:48:41.092 [JavaFX Application Thread] DEBUG SystemBundleService  - Saving FXGL system data
19:48:41.093 [JavaFX Application Thread] DEBUG FileSystemAccess     - Writing to: E:\java project\tank\system\fxgl.bundle
19:48:41.095 [JavaFX Application Thread] DEBUG Async                - Shutting down background threads
19:48:41.095 [JavaFX Application Thread] DEBUG PrimaryStageWindow   - Closing main window
19:48:41.116 [JavaFX Application Thread] DEBUG Logger               - Closing Logger
