12:49:01.689 [main                     ] DEBUG Logger               - Configured Logger
12:49:01.704 [main                     ] DEBUG GameApplication      - Logging settings
Title: TANK
Version: 0.1
Width: 2048
Height: 1280
Fullscreen: false
Intro: false
Profiling: false
Single step:false
App Mode: DEVELOPER
Menu Key: ESCAPE
Stage Style: DECORATED
Scene Factory: class com.almasb.fxgl.app.scene.SceneFactory

12:49:01.949 [JavaFX Application Thread] DEBUG FXGLApplication      - Initializing FXGL
12:49:01.952 [JavaFX Application Thread] INFO  Engine               - FXGL-17 (31.12.2021 18.16) on WINDOWS (J:17.0.6 FX:17.0.0.1)
12:49:01.952 [JavaFX Application Thread] DEBUG Engine               - JRE Vendor Name: Amazon.com Inc.
12:49:01.952 [JavaFX Application Thread] DEBUG Engine               - Running on OS: Windows 11 version 10.0
12:49:01.952 [JavaFX Application Thread] DEBUG Engine               - Architecture: amd64
12:49:01.952 [JavaFX Application Thread] INFO  Engine               - Source code and latest versions at: https://github.com/AlmasB/FXGL
12:49:01.952 [JavaFX Application Thread] INFO  Engine               -       Ask questions and discuss at: https://github.com/AlmasB/FXGL/discussions
12:49:01.952 [JavaFX Application Thread] INFO  Engine               -              Join the FXGL chat at: https://gitter.im/AlmasB/FXGL
12:49:01.996 [JavaFX Application Thread] DEBUG PrimaryStageWindow   - Creating a JavaFX scene
12:49:01.996 [JavaFX Application Thread] DEBUG PrimaryStageWindow   - Target size > screen size
12:49:02.020 [JavaFX Application Thread] DEBUG PrimaryStageWindow   - Target settings size: 2048.0 x 1280.0
12:49:02.020 [JavaFX Application Thread] DEBUG PrimaryStageWindow   - Scaled scene size:    1605.0 x 1018.0
12:49:02.021 [JavaFX Application Thread] DEBUG PrimaryStageWindow   - Scaled ratio: (0.78369140625, 0.7953125)
12:49:02.021 [JavaFX Application Thread] DEBUG PrimaryStageWindow   - Set initial scene to FXGLStartupScene
12:49:02.025 [JavaFX Application Thread] DEBUG PrimaryStageWindow   - Opening main window
12:49:02.075 [JavaFX Application Thread] DEBUG PrimaryStageWindow   - Window border size: (15.0, 37.3333740234375)
12:49:02.076 [JavaFX Application Thread] DEBUG PrimaryStageWindow   - Scaled size: 1605.0 x 1018.0
12:49:02.076 [JavaFX Application Thread] DEBUG PrimaryStageWindow   - Scaled ratio: (0.78369140625, 0.7953125)
12:49:02.076 [JavaFX Application Thread] DEBUG PrimaryStageWindow   - Scene size: 1605.0 x 1018.0
12:49:02.076 [JavaFX Application Thread] DEBUG PrimaryStageWindow   - Stage size: 1620.0 x 1055.3333740234375
12:49:02.080 [FXGL Background Thread 1 ] DEBUG Engine               - Initializing environment variables
12:49:02.100 [FXGL Background Thread 1 ] DEBUG FXGLAssetLoaderServi - User app class for loading assets: class com.kenny.tank.TankApp
12:49:02.100 [FXGL Background Thread 1 ] DEBUG GameApplicationServi - Applying CSS: fxgl_dark.css
12:49:02.101 [FXGL Background Thread 1 ] DEBUG FXGLAssetLoaderServi - Loading from file system: jar:file:///C:/Users/10273/.m2/repository/com/github/almasb/fxgl/17/fxgl-17.jar!/fxglassets/ui/css/fxgl_dark.css
12:49:02.130 [FXGL Background Thread 1 ] DEBUG GameApplicationServi - Initializing application scenes
12:49:02.173 [FXGL Background Thread 1 ] DEBUG GameWorld            - Game world initialized
12:49:02.206 [FXGL Background Thread 1 ] DEBUG PhysicsWorld         - Physics world initialized: appHeight=1280, physics.ppm=50.0
12:49:02.206 [FXGL Background Thread 1 ] DEBUG PhysicsWorld         - Using strategy: BRUTE_FORCE
12:49:02.209 [FXGL Background Thread 1 ] DEBUG GameScene            - Game scene initialized: 2048x1280
12:49:02.215 [FXGL Background Thread 1 ] DEBUG FXGL.DefaultMenu     - createMenuBodyMainMenu()
12:49:02.222 [FXGL Background Thread 1 ] DEBUG FXGL.DefaultMenu     - createOptionsMenu()
12:49:02.229 [FXGL Background Thread 1 ] DEBUG FXGLAssetLoaderServi - Loading from file system: jar:file:///C:/Users/10273/.m2/repository/com/github/almasb/fxgl/17/fxgl-17.jar!/fxglassets/textures/particles/smoke.png
12:49:02.283 [FXGL Background Thread 1 ] DEBUG FXGLAssetLoaderServi - Loading from file system: jar:file:///C:/Users/10273/.m2/repository/com/github/almasb/fxgl/17/fxgl-17.jar!/fxglassets/textures/particles/trace_horizontal.png
12:49:02.302 [FXGL Background Thread 1 ] DEBUG FXGL.DefaultMenu     - createMenuBodyGameMenu()
12:49:02.303 [FXGL Background Thread 1 ] DEBUG FXGL.DefaultMenu     - createOptionsMenu()
12:49:02.310 [FXGL Background Thread 1 ] DEBUG GameApplicationServi - Application scenes initialized
12:49:02.316 [FXGL Background Thread 1 ] DEBUG SystemBundleService  - Loading FXGL system data
12:49:02.318 [FXGL Background Thread 1 ] DEBUG FileSystemAccess     - Reading from: E:\java project\tank\system\fxgl.bundle
12:49:02.322 [FXGL Background Thread 1 ] DEBUG SystemBundleService  - Bundle FXGL: {}
12:49:02.322 [FXGL Background Thread 1 ] DEBUG UpdaterService       - Checking for updates
12:49:02.324 [FXGL Background Thread 4 ] DEBUG FXGLApplication      - Loading fonts
12:49:02.324 [FXGL Background Thread 1 ] DEBUG FXGLApplication      - Loading default localization
12:49:02.324 [FXGL Background Thread 4 ] DEBUG FXGLAssetLoaderServi - Loading from file system: jar:file:///C:/Users/10273/.m2/repository/com/github/almasb/fxgl/17/fxgl-17.jar!/fxglassets/ui/fonts/VarelaRound-Regular.ttf
12:49:02.324 [FXGL Background Thread 1 ] DEBUG FXGLAssetLoaderServi - Loading from file system: jar:file:///C:/Users/10273/.m2/repository/com/github/almasb/fxgl/17/fxgl-17.jar!/fxglassets/languages/english.lang
12:49:02.341 [FXGL Background Thread 1 ] INFO  FXGLApplication      - FXGL initialization took: 0.261 sec
12:49:02.349 [JavaFX Application Thread] DEBUG Input                - Registered new binding: action0 - Up
12:49:02.349 [JavaFX Application Thread] DEBUG Input                - Registered new binding: action1 - Down
12:49:02.350 [JavaFX Application Thread] DEBUG Input                - Registered new binding: action2 - Left
12:49:02.350 [JavaFX Application Thread] DEBUG Input                - Registered new binding: action3 - Right
12:49:02.350 [JavaFX Application Thread] DEBUG Input                - Registered new binding: action4 - Space
12:49:02.350 [JavaFX Application Thread] DEBUG FXGLAssetLoaderServi - Loading from file system: file:/E:/java%20project/tank/target/classes/assets/textures/joker.jpg
12:49:02.360 [FXGL Background Thread 4 ] DEBUG FXGLAssetLoaderServi - Loading from file system: jar:file:///C:/Users/10273/.m2/repository/com/github/almasb/fxgl/17/fxgl-17.jar!/fxglassets/ui/fonts/Abel-Regular.ttf
12:49:02.362 [FXGL Background Thread 4 ] DEBUG FXGLAssetLoaderServi - Loading from file system: jar:file:///C:/Users/10273/.m2/repository/com/github/almasb/fxgl/17/fxgl-17.jar!/fxglassets/ui/fonts/TerminalLandMono-Regular.otf
12:49:02.363 [FXGL Background Thread 4 ] DEBUG FXGLAssetLoaderServi - Loading from file system: jar:file:///C:/Users/10273/.m2/repository/com/github/almasb/fxgl/17/fxgl-17.jar!/fxglassets/ui/fonts/Courier-Prime.ttf
12:49:02.381 [JavaFX Application Thread] DEBUG FXGLAssetLoaderServi - Loading from file system: jar:file:///C:/Users/10273/.m2/repository/com/github/almasb/fxgl/17/fxgl-17.jar!/fxglassets/textures/fxgl_default_cursor.png
12:49:02.383 [JavaFX Application Thread] DEBUG Input                - Registered new binding: Screenshot - CTRL+8
12:49:02.383 [JavaFX Application Thread] DEBUG Input                - Registered new binding: System info dump - CTRL+9
12:49:02.383 [JavaFX Application Thread] DEBUG Input                - Registered new binding: Restart - CTRL+R
12:49:02.384 [JavaFX Application Thread] DEBUG Input                - Registered new binding: Toggle Debug Camera - CTRL+7
12:49:02.387 [JavaFX Application Thread] DEBUG LoopRunner           - Starting loop
12:49:02.387 [JavaFX Application Thread] DEBUG LoopRunner           - Initializing JavaFX AnimationTimerLoop
12:49:02.390 [JavaFX Application Thread] DEBUG Input                - Clearing active input actions
12:49:02.394 [JavaFX Application Thread] DEBUG GameApplicationServi - Removing overlay from FXGLStartupScene and adding to FXGLMainMenuDummyScene
12:49:02.394 [JavaFX Application Thread] DEBUG PrimaryStageWindow   - FXGLStartupScene -> FXGLMainMenuDummyScene
12:49:02.394 [JavaFX Application Thread] DEBUG PrimaryStageWindow   - Push state: FXGLDefaultMenu
12:49:02.400 [JavaFX Application Thread] DEBUG Input                - Clearing active input actions
12:49:02.405 [JavaFX Application Thread] DEBUG GameApplicationServi - Removing overlay from FXGLMainMenuDummyScene and adding to FXGLDefaultMenu
12:49:02.405 [JavaFX Application Thread] DEBUG PrimaryStageWindow   - FXGLMainMenuDummyScene -> FXGLDefaultMenu
12:49:02.405 [JavaFX Application Thread] DEBUG FXGLApplication      - Registering font factories with UI factory
12:49:02.718 [FXGL Background Thread 2 ] INFO  UpdaterService       - Your current version:  17
12:49:02.718 [FXGL Background Thread 2 ] INFO  UpdaterService       - Latest stable version: 17.2
12:49:03.937 [JavaFX Application Thread] DEBUG Menu                 - fireNewGame()
12:49:03.937 [JavaFX Application Thread] DEBUG GameApplicationServi - Starting new game
12:49:03.940 [JavaFX Application Thread] DEBUG PrimaryStageWindow   - Pop state: FXGLDefaultMenu
12:49:03.940 [JavaFX Application Thread] DEBUG Input                - Clearing active input actions
12:49:03.941 [JavaFX Application Thread] DEBUG GameApplicationServi - Removing overlay from FXGLDefaultMenu and adding to FXGLMainMenuDummyScene
12:49:03.941 [JavaFX Application Thread] DEBUG PrimaryStageWindow   - FXGLMainMenuDummyScene <- FXGLDefaultMenu
12:49:03.942 [JavaFX Application Thread] DEBUG Input                - Clearing active input actions
12:49:03.945 [JavaFX Application Thread] DEBUG GameApplicationServi - Removing overlay from FXGLMainMenuDummyScene and adding to FXGLLoadingScene
12:49:03.945 [JavaFX Application Thread] DEBUG PrimaryStageWindow   - FXGLMainMenuDummyScene -> FXGLLoadingScene
12:49:03.945 [JavaFX Application Thread] DEBUG GameApplicationServi - Clearing previous game
12:49:03.945 [JavaFX Application Thread] DEBUG GameScene            - Clearing game scene
12:49:03.945 [JavaFX Application Thread] DEBUG GameWorld            - Clearing game world
12:49:03.945 [JavaFX Application Thread] DEBUG PhysicsWorld         - Clearing physics world
12:49:03.948 [FXGL Background Thread 2 ] DEBUG FXGLApplication      - Initializing game
12:49:03.960 [FXGL Background Thread 2 ] DEBUG FXGLAssetLoaderServi - Loading from file system: file:/E:/java%20project/tank/target/classes/assets/textures/new.png
12:49:03.977 [FXGL Background Thread 2 ] DEBUG FXGLAssetLoaderServi - Loading from file system: file:/E:/java%20project/tank/target/classes/assets/textures/CrepeerFinal.png
12:49:03.979 [FXGL Background Thread 2 ] DEBUG FXGLAssetLoaderServi - Loading from file system: file:/E:/java%20project/tank/target/classes/assets/textures/TankFinal.png
12:49:03.989 [FXGL Background Thread 2 ] INFO  FXGLApplication      - Game initialization took: 0.041 sec
12:49:03.989 [JavaFX Application Thread] DEBUG Input                - Clearing active input actions
12:49:03.992 [JavaFX Application Thread] DEBUG GameApplicationServi - Removing overlay from FXGLLoadingScene and adding to GameScene
12:49:03.992 [JavaFX Application Thread] DEBUG PrimaryStageWindow   - FXGLLoadingScene -> GameScene
12:49:05.324 [FXGL Background Thread 3 ] DEBUG Engine               - Logging environment variables
12:49:05.324 [FXGL Background Thread 3 ] DEBUG Engine               - achievements: []
12:49:05.324 [FXGL Background Thread 3 ] DEBUG Engine               - actualHeight: 1018.0
12:49:05.324 [FXGL Background Thread 3 ] DEBUG Engine               - actualHeightProperty: ReadOnlyDoubleProperty [value: 1018.0]
12:49:05.324 [FXGL Background Thread 3 ] DEBUG Engine               - actualWidth: 1605.0
12:49:05.324 [FXGL Background Thread 3 ] DEBUG Engine               - actualWidthProperty: ReadOnlyDoubleProperty [value: 1605.0]
12:49:05.324 [FXGL Background Thread 3 ] DEBUG Engine               - appIcon: joker.jpg
12:49:05.325 [FXGL Background Thread 3 ] DEBUG Engine               - applicationMode: DEVELOPER
12:49:05.325 [FXGL Background Thread 3 ] DEBUG Engine               - cSSList: [fxgl_dark.css]
12:49:05.325 [FXGL Background Thread 3 ] DEBUG Engine               - collisionDetectionStrategy: BRUTE_FORCE
12:49:05.325 [FXGL Background Thread 3 ] DEBUG Engine               - configClass: Optional.empty
12:49:05.325 [FXGL Background Thread 3 ] DEBUG Engine               - credits: []
12:49:05.327 [FXGL Background Thread 3 ] DEBUG Engine               - defaultCursor: CursorInfo(imageName=fxgl_default_cursor.png, hotspotX=7.0, hotspotY=6.0)
12:49:05.327 [FXGL Background Thread 3 ] DEBUG Engine               - devBBoxColorProperty: ObjectProperty [value: 0xff0000ff]
12:49:05.327 [FXGL Background Thread 3 ] DEBUG Engine               - devEnableDebugCameraProperty: BooleanProperty [value: false]
12:49:05.327 [FXGL Background Thread 3 ] DEBUG Engine               - devSensorColorProperty: ObjectProperty [value: 0xffff00ff]
12:49:05.327 [FXGL Background Thread 3 ] DEBUG Engine               - devShowBBoxProperty: BooleanProperty [value: false]
12:49:05.327 [FXGL Background Thread 3 ] DEBUG Engine               - devShowPositionProperty: BooleanProperty [value: false]
12:49:05.327 [FXGL Background Thread 3 ] DEBUG Engine               - enabledMenuItems: []
12:49:05.327 [FXGL Background Thread 3 ] DEBUG Engine               - engineServices: [class com.almasb.fxgl.app.services.FXGLAssetLoaderService, class com.almasb.fxgl.app.FXGLApplication$GameApplicationService, class com.almasb.fxgl.app.services.FXGLDialogService, class com.almasb.fxgl.app.services.IOTaskExecutorService, class com.almasb.fxgl.io.FileSystemService, class com.almasb.fxgl.localization.LocalizationService, class com.almasb.fxgl.app.services.SystemBundleService, class com.almasb.fxgl.profile.SaveLoadService, class com.almasb.fxgl.ui.FXGLUIFactoryServiceProvider, class com.almasb.fxgl.ui.FXGLDialogFactoryServiceProvider, class com.almasb.fxgl.audio.AudioPlayer, class com.almasb.fxgl.notification.impl.NotificationServiceProvider, class com.almasb.fxgl.achievement.AchievementService, class com.almasb.fxgl.cutscene.CutsceneService, class com.almasb.fxgl.minigames.MiniGameService, class com.almasb.fxgl.net.NetService, class com.almasb.fxgl.app.services.UpdaterService, class com.almasb.fxgl.dev.DevService]
12:49:05.327 [FXGL Background Thread 3 ] DEBUG Engine               - fontGame: Abel-Regular.ttf
12:49:05.327 [FXGL Background Thread 3 ] DEBUG Engine               - fontMono: TerminalLandMono-Regular.otf
12:49:05.328 [FXGL Background Thread 3 ] DEBUG Engine               - fontText: Courier-Prime.ttf
12:49:05.328 [FXGL Background Thread 3 ] DEBUG Engine               - fontUI: VarelaRound-Regular.ttf
12:49:05.328 [FXGL Background Thread 3 ] DEBUG Engine               - fullScreen: BooleanProperty [value: false]
12:49:05.328 [FXGL Background Thread 3 ] DEBUG Engine               - gameDifficulty: MEDIUM
12:49:05.328 [FXGL Background Thread 3 ] DEBUG Engine               - gameDifficultyProperty: ObjectProperty [value: MEDIUM]
12:49:05.328 [FXGL Background Thread 3 ] DEBUG Engine               - globalMusicVolume: 0.5
12:49:05.328 [FXGL Background Thread 3 ] DEBUG Engine               - globalMusicVolumeProperty: DoubleProperty [value: 0.5]
12:49:05.328 [FXGL Background Thread 3 ] DEBUG Engine               - globalSoundVolume: 0.5
12:49:05.328 [FXGL Background Thread 3 ] DEBUG Engine               - globalSoundVolumeProperty: DoubleProperty [value: 0.8]
12:49:05.328 [FXGL Background Thread 3 ] DEBUG Engine               - height: 1280
12:49:05.328 [FXGL Background Thread 3 ] DEBUG Engine               - is3D: false
12:49:05.328 [FXGL Background Thread 3 ] DEBUG Engine               - isAndroid: false
12:49:05.328 [FXGL Background Thread 3 ] DEBUG Engine               - isBrowser: false
12:49:05.328 [FXGL Background Thread 3 ] DEBUG Engine               - isClickFeedbackEnabled: false
12:49:05.328 [FXGL Background Thread 3 ] DEBUG Engine               - isCloseConfirmation: false
12:49:05.328 [FXGL Background Thread 3 ] DEBUG Engine               - isDesktop: true
12:49:05.328 [FXGL Background Thread 3 ] DEBUG Engine               - isDeveloperMenuEnabled: false
12:49:05.328 [FXGL Background Thread 3 ] DEBUG Engine               - isEmbedded: false
12:49:05.328 [FXGL Background Thread 3 ] DEBUG Engine               - isEntityPreloadEnabled: true
12:49:05.328 [FXGL Background Thread 3 ] DEBUG Engine               - isExperimentalTiledLargeMap: false
12:49:05.328 [FXGL Background Thread 3 ] DEBUG Engine               - isFileSystemWriteAllowed: true
12:49:05.328 [FXGL Background Thread 3 ] DEBUG Engine               - isFullScreenAllowed: false
12:49:05.328 [FXGL Background Thread 3 ] DEBUG Engine               - isFullScreenFromStart: false
12:49:05.328 [FXGL Background Thread 3 ] DEBUG Engine               - isGameMenuEnabled: true
12:49:05.328 [FXGL Background Thread 3 ] DEBUG Engine               - isIOS: false
12:49:05.328 [FXGL Background Thread 3 ] DEBUG Engine               - isIntroEnabled: false
12:49:05.328 [FXGL Background Thread 3 ] DEBUG Engine               - isLinux: false
12:49:05.328 [FXGL Background Thread 3 ] DEBUG Engine               - isMac: false
12:49:05.328 [FXGL Background Thread 3 ] DEBUG Engine               - isMainMenuEnabled: true
12:49:05.329 [FXGL Background Thread 3 ] DEBUG Engine               - isManualResizeEnabled: false
12:49:05.329 [FXGL Background Thread 3 ] DEBUG Engine               - isMobile: false
12:49:05.329 [FXGL Background Thread 3 ] DEBUG Engine               - isNative: false
12:49:05.329 [FXGL Background Thread 3 ] DEBUG Engine               - isPauseMusicWhenMinimized: true
12:49:05.329 [FXGL Background Thread 3 ] DEBUG Engine               - isPreserveResizeRatio: false
12:49:05.329 [FXGL Background Thread 3 ] DEBUG Engine               - isProfilingEnabled: false
12:49:05.329 [FXGL Background Thread 3 ] DEBUG Engine               - isScaleAffectedOnResize: true
12:49:05.329 [FXGL Background Thread 3 ] DEBUG Engine               - isSingleStep: false
12:49:05.329 [FXGL Background Thread 3 ] DEBUG Engine               - isUserProfileEnabled: false
12:49:05.329 [FXGL Background Thread 3 ] DEBUG Engine               - isWindows: true
12:49:05.329 [FXGL Background Thread 3 ] DEBUG Engine               - language: ObjectProperty [value: ENGLISH]
12:49:05.329 [FXGL Background Thread 3 ] DEBUG Engine               - menuKey: ESCAPE
12:49:05.329 [FXGL Background Thread 3 ] DEBUG Engine               - mouseSensitivity: 0.2
12:49:05.329 [FXGL Background Thread 3 ] DEBUG Engine               - notificationViewClass: class com.almasb.fxgl.notification.view.XboxNotificationView
12:49:05.329 [FXGL Background Thread 3 ] DEBUG Engine               - pixelsPerMeter: 50.0
12:49:05.329 [FXGL Background Thread 3 ] DEBUG Engine               - platform: WINDOWS
12:49:05.329 [FXGL Background Thread 3 ] DEBUG Engine               - prefHeightProperty: ReadOnlyDoubleProperty [value: 1280.0]
12:49:05.329 [FXGL Background Thread 3 ] DEBUG Engine               - prefWidthProperty: ReadOnlyDoubleProperty [value: 2048.0]
12:49:05.329 [FXGL Background Thread 3 ] DEBUG Engine               - profileDir: profiles/
12:49:05.329 [FXGL Background Thread 3 ] DEBUG Engine               - profileName: StringProperty [value: DEFAULT]
12:49:05.329 [FXGL Background Thread 3 ] DEBUG Engine               - randomSeed: -1
12:49:05.329 [FXGL Background Thread 3 ] DEBUG Engine               - runtimeInfo: RuntimeInfo(platform=WINDOWS, version=17, build=31.12.2021 18.16)
12:49:05.329 [FXGL Background Thread 3 ] DEBUG Engine               - saveFileExt: sav
12:49:05.329 [FXGL Background Thread 3 ] DEBUG Engine               - scaledHeightProp$fxgl: DoubleProperty [bound, value: 1018.0]
12:49:05.329 [FXGL Background Thread 3 ] DEBUG Engine               - scaledWidthProp$fxgl: DoubleProperty [bound, value: 1605.0]
12:49:05.329 [FXGL Background Thread 3 ] DEBUG Engine               - sceneFactory: com.almasb.fxgl.app.scene.SceneFactory@3ab621c6
12:49:05.330 [FXGL Background Thread 3 ] DEBUG Engine               - secondsIn24h: 60
12:49:05.330 [FXGL Background Thread 3 ] DEBUG Engine               - soundMenuBack: menu/back.wav
12:49:05.330 [FXGL Background Thread 3 ] DEBUG Engine               - soundMenuPress: menu/press.wav
12:49:05.330 [FXGL Background Thread 3 ] DEBUG Engine               - soundMenuSelect: menu/select.wav
12:49:05.330 [FXGL Background Thread 3 ] DEBUG Engine               - soundNotification: core/notification.wav
12:49:05.330 [FXGL Background Thread 3 ] DEBUG Engine               - stageStyle: DECORATED
12:49:05.330 [FXGL Background Thread 3 ] DEBUG Engine               - supportedLanguages: [ENGLISH, FRENCH, GERMAN, HUNGARIAN, RUSSIAN]
12:49:05.330 [FXGL Background Thread 3 ] DEBUG Engine               - ticksPerSecond: -1
12:49:05.330 [FXGL Background Thread 3 ] DEBUG Engine               - title: TANK
12:49:05.330 [FXGL Background Thread 3 ] DEBUG Engine               - urlGithub: https://github.com/AlmasB/FXGL
12:49:05.330 [FXGL Background Thread 3 ] DEBUG Engine               - urlLeaderboard: http://fxgl-top.herokuapp.com/
12:49:05.330 [FXGL Background Thread 3 ] DEBUG Engine               - urlPOM: https://raw.githubusercontent.com/AlmasB/FXGL/release/README.md
12:49:05.330 [FXGL Background Thread 3 ] DEBUG Engine               - userAppClass: class com.kenny.tank.TankApp
12:49:05.330 [FXGL Background Thread 3 ] DEBUG Engine               - version: 0.1
12:49:05.330 [FXGL Background Thread 3 ] DEBUG Engine               - versionCheckDays: 7
12:49:05.330 [FXGL Background Thread 3 ] DEBUG Engine               - width: 2048
12:49:05.330 [FXGL Background Thread 3 ] DEBUG Engine               - Logging services
12:49:05.330 [FXGL Background Thread 3 ] DEBUG Engine               - class com.almasb.fxgl.app.services.FXGLAssetLoaderService
12:49:05.330 [FXGL Background Thread 3 ] DEBUG Engine               - class com.almasb.fxgl.app.FXGLApplication$GameApplicationService
12:49:05.330 [FXGL Background Thread 3 ] DEBUG Engine               - class com.almasb.fxgl.app.services.FXGLDialogService
12:49:05.330 [FXGL Background Thread 3 ] DEBUG Engine               - class com.almasb.fxgl.app.services.IOTaskExecutorService
12:49:05.330 [FXGL Background Thread 3 ] DEBUG Engine               - class com.almasb.fxgl.io.FileSystemService
12:49:05.330 [FXGL Background Thread 3 ] DEBUG Engine               - class com.almasb.fxgl.localization.LocalizationService
12:49:05.330 [FXGL Background Thread 3 ] DEBUG Engine               - class com.almasb.fxgl.app.services.SystemBundleService
12:49:05.330 [FXGL Background Thread 3 ] DEBUG Engine               - class com.almasb.fxgl.profile.SaveLoadService
12:49:05.330 [FXGL Background Thread 3 ] DEBUG Engine               - class com.almasb.fxgl.ui.FXGLUIFactoryServiceProvider
12:49:05.330 [FXGL Background Thread 3 ] DEBUG Engine               - class com.almasb.fxgl.ui.FXGLDialogFactoryServiceProvider
12:49:05.330 [FXGL Background Thread 3 ] DEBUG Engine               - class com.almasb.fxgl.audio.AudioPlayer
12:49:05.330 [FXGL Background Thread 3 ] DEBUG Engine               - class com.almasb.fxgl.notification.impl.NotificationServiceProvider
12:49:05.330 [FXGL Background Thread 3 ] DEBUG Engine               - class com.almasb.fxgl.achievement.AchievementService
12:49:05.330 [FXGL Background Thread 3 ] DEBUG Engine               - class com.almasb.fxgl.cutscene.CutsceneService
12:49:05.330 [FXGL Background Thread 3 ] DEBUG Engine               - class com.almasb.fxgl.minigames.MiniGameService
12:49:05.330 [FXGL Background Thread 3 ] DEBUG Engine               - class com.almasb.fxgl.net.NetService
12:49:05.330 [FXGL Background Thread 3 ] DEBUG Engine               - class com.almasb.fxgl.app.services.UpdaterService
12:49:05.330 [FXGL Background Thread 3 ] DEBUG Engine               - class com.almasb.fxgl.dev.DevService
12:49:17.442 [JavaFX Application Thread] DEBUG PrimaryStageWindow   - Push state: FXGLDefaultMenu
12:49:17.443 [JavaFX Application Thread] DEBUG Input                - Clearing active input actions
12:49:17.445 [JavaFX Application Thread] DEBUG GameApplicationServi - Removing overlay from GameScene and adding to FXGLDefaultMenu
12:49:17.445 [JavaFX Application Thread] DEBUG PrimaryStageWindow   - GameScene -> FXGLDefaultMenu
12:49:18.654 [JavaFX Application Thread] DEBUG Menu                 - fireExitToMainMenu()
12:49:18.656 [JavaFX Application Thread] DEBUG PrimaryStageWindow   - Push state: DialogSubScene
12:49:18.656 [JavaFX Application Thread] DEBUG Input                - Clearing active input actions
12:49:18.656 [JavaFX Application Thread] DEBUG GameApplicationServi - Removing overlay from FXGLDefaultMenu and adding to DialogSubScene
12:49:18.657 [JavaFX Application Thread] DEBUG PrimaryStageWindow   - FXGLDefaultMenu -> DialogSubScene
12:49:19.676 [JavaFX Application Thread] DEBUG PrimaryStageWindow   - Pop state: DialogSubScene
12:49:19.677 [JavaFX Application Thread] DEBUG Input                - Clearing active input actions
12:49:19.677 [JavaFX Application Thread] DEBUG GameApplicationServi - Removing overlay from DialogSubScene and adding to FXGLDefaultMenu
12:49:19.678 [JavaFX Application Thread] DEBUG PrimaryStageWindow   - FXGLDefaultMenu <- DialogSubScene
12:49:19.678 [JavaFX Application Thread] DEBUG PrimaryStageWindow   - Pop state: FXGLDefaultMenu
12:49:19.678 [JavaFX Application Thread] DEBUG Input                - Clearing active input actions
12:49:19.678 [JavaFX Application Thread] DEBUG GameApplicationServi - Removing overlay from FXGLDefaultMenu and adding to GameScene
12:49:19.679 [JavaFX Application Thread] DEBUG PrimaryStageWindow   - GameScene <- FXGLDefaultMenu
12:49:19.679 [JavaFX Application Thread] DEBUG Input                - Clearing active input actions
12:49:19.682 [JavaFX Application Thread] DEBUG GameApplicationServi - Removing overlay from GameScene and adding to FXGLMainMenuDummyScene
12:49:19.682 [JavaFX Application Thread] DEBUG PrimaryStageWindow   - GameScene -> FXGLMainMenuDummyScene
12:49:19.682 [JavaFX Application Thread] DEBUG PrimaryStageWindow   - Push state: FXGLDefaultMenu
12:49:19.682 [JavaFX Application Thread] DEBUG Input                - Clearing active input actions
12:49:19.683 [JavaFX Application Thread] DEBUG GameApplicationServi - Removing overlay from FXGLMainMenuDummyScene and adding to FXGLDefaultMenu
12:49:19.683 [JavaFX Application Thread] DEBUG PrimaryStageWindow   - FXGLMainMenuDummyScene -> FXGLDefaultMenu
12:49:21.204 [JavaFX Application Thread] DEBUG Menu                 - fireExit()
12:49:21.205 [JavaFX Application Thread] DEBUG PrimaryStageWindow   - Push state: DialogSubScene
12:49:21.205 [JavaFX Application Thread] DEBUG Input                - Clearing active input actions
12:49:21.205 [JavaFX Application Thread] DEBUG GameApplicationServi - Removing overlay from FXGLDefaultMenu and adding to DialogSubScene
12:49:21.205 [JavaFX Application Thread] DEBUG PrimaryStageWindow   - FXGLDefaultMenu -> DialogSubScene
12:49:22.323 [JavaFX Application Thread] DEBUG PrimaryStageWindow   - Pop state: DialogSubScene
12:49:22.323 [JavaFX Application Thread] DEBUG Input                - Clearing active input actions
12:49:22.324 [JavaFX Application Thread] DEBUG GameApplicationServi - Removing overlay from DialogSubScene and adding to FXGLDefaultMenu
12:49:22.324 [JavaFX Application Thread] DEBUG PrimaryStageWindow   - FXGLDefaultMenu <- DialogSubScene
12:49:22.324 [JavaFX Application Thread] DEBUG FXGLApplication      - Exiting FXGL
12:49:22.325 [JavaFX Application Thread] DEBUG LoopRunner           - Stopping loop
12:49:22.325 [JavaFX Application Thread] DEBUG SystemBundleService  - Saving FXGL system data
12:49:22.328 [JavaFX Application Thread] DEBUG FileSystemAccess     - Writing to: E:\java project\tank\system\fxgl.bundle
12:49:22.330 [JavaFX Application Thread] DEBUG Async                - Shutting down background threads
12:49:22.330 [JavaFX Application Thread] DEBUG PrimaryStageWindow   - Closing main window
12:49:22.352 [JavaFX Application Thread] DEBUG Logger               - Closing Logger
