16:53:02.141 [main                     ] DEBUG Logger               - Configured Logger
16:53:02.164 [main                     ] DEBUG GameApplication      - Logging settings
Title: All star battle
Version: 0.1
Width: 2048
Height: 1152
Fullscreen: false
Intro: false
Profiling: false
Single step:false
App Mode: DEVELOPER
Menu Key: ESCAPE
Stage Style: DECORATED
Scene Factory: class com.kenny.tank.TankApp$1

16:53:02.484 [JavaFX Application Thread] DEBUG FXGLApplication      - Initializing FXGL
16:53:02.489 [JavaFX Application Thread] INFO  Engine               - FXGL-17.1 (24.03.2022 17.34) on WINDOWS (J:17.0.6 FX:18)
16:53:02.489 [JavaFX Application Thread] DEBUG Engine               - JRE Vendor Name: Amazon.com Inc.
16:53:02.489 [JavaFX Application Thread] DEBUG Engine               - Running on OS: Windows 11 version 10.0
16:53:02.490 [JavaFX Application Thread] DEBUG Engine               - Architecture: amd64
16:53:02.490 [JavaFX Application Thread] INFO  Engine               - Source code and latest versions at: https://github.com/AlmasB/FXGL
16:53:02.490 [JavaFX Application Thread] INFO  Engine               -       Ask questions and discuss at: https://github.com/AlmasB/FXGL/discussions
16:53:02.490 [JavaFX Application Thread] INFO  Engine               -              Join the FXGL chat at: https://gitter.im/AlmasB/FXGL
16:53:02.554 [JavaFX Application Thread] DEBUG PrimaryStageWindow   - Creating a JavaFX scene
16:53:02.554 [JavaFX Application Thread] DEBUG PrimaryStageWindow   - Target size > screen size
16:53:02.584 [JavaFX Application Thread] DEBUG PrimaryStageWindow   - Target settings size: 2048.0 x 1152.0
16:53:02.585 [JavaFX Application Thread] DEBUG PrimaryStageWindow   - Scaled scene size:    1682.0 x 960.0
16:53:02.585 [JavaFX Application Thread] DEBUG PrimaryStageWindow   - Scaled ratio: (0.8212890625, 0.8333333333333334)
16:53:02.585 [JavaFX Application Thread] DEBUG PrimaryStageWindow   - Set initial scene to StartScene
16:53:02.590 [JavaFX Application Thread] DEBUG PrimaryStageWindow   - Opening main window
16:53:02.679 [JavaFX Application Thread] DEBUG PrimaryStageWindow   - Window border size: (14.6666259765625, 37.33331298828125)
16:53:02.680 [JavaFX Application Thread] DEBUG PrimaryStageWindow   - Scaled size: 1682.0 x 960.0
16:53:02.680 [JavaFX Application Thread] DEBUG PrimaryStageWindow   - Scaled ratio: (0.8212890625, 0.8333333333333334)
16:53:02.680 [JavaFX Application Thread] DEBUG PrimaryStageWindow   - Scene size: 1682.0 x 960.0
16:53:02.681 [JavaFX Application Thread] DEBUG PrimaryStageWindow   - Stage size: 1696.6666259765625 x 997.3333129882812
16:53:02.686 [FXGL Background Thread 1 ] DEBUG Engine               - Initializing environment variables
16:53:02.710 [FXGL Background Thread 1 ] DEBUG FXGLAssetLoaderServi - User app class for loading assets: class com.kenny.tank.TankApp
16:53:02.710 [FXGL Background Thread 1 ] DEBUG GameApplicationServi - Applying CSS: fxgl_dark.css
16:53:02.711 [FXGL Background Thread 1 ] DEBUG FXGLAssetLoaderServi - Loading from file system: jar:file:///C:/Users/10273/.m2/repository/com/github/almasb/fxgl/17.1/fxgl-17.1.jar!/fxglassets/ui/css/fxgl_dark.css
16:53:02.750 [FXGL Background Thread 1 ] DEBUG GameApplicationServi - Applying CSS: tank.css
16:53:02.751 [FXGL Background Thread 1 ] DEBUG FXGLAssetLoaderServi - Loading from file system: file:/E:/java%20project/tank/target/classes/assets/ui/css/tank.css
16:53:02.752 [FXGL Background Thread 1 ] DEBUG GameApplicationServi - Initializing application scenes
16:53:02.755 [FXGL Background Thread 1 ] DEBUG GameWorld            - Game world initialized
16:53:02.802 [FXGL Background Thread 1 ] DEBUG PhysicsWorld         - Physics world initialized: appHeight=1152, physics.ppm=50.0
16:53:02.803 [FXGL Background Thread 1 ] DEBUG PhysicsWorld         - Using strategy: BRUTE_FORCE
16:53:02.807 [FXGL Background Thread 1 ] DEBUG GameScene            - Game scene initialized: 2048x1152
16:53:02.812 [FXGL Background Thread 1 ] DEBUG FXGLAssetLoaderServi - Loading from file system: file:/E:/java%20project/tank/target/classes/assets/textures/MainMenu.png
16:53:02.915 [FXGL Background Thread 1 ] DEBUG FXGL.DefaultMenu     - createMenuBodyGameMenu()
16:53:02.922 [FXGL Background Thread 1 ] DEBUG FXGL.DefaultMenu     - createOptionsMenu()
16:53:02.928 [FXGL Background Thread 1 ] DEBUG FXGLAssetLoaderServi - Loading from file system: jar:file:///C:/Users/10273/.m2/repository/com/github/almasb/fxgl/17.1/fxgl-17.1.jar!/fxglassets/textures/particles/smoke.png
16:53:02.984 [FXGL Background Thread 1 ] DEBUG FXGLAssetLoaderServi - Loading from file system: jar:file:///C:/Users/10273/.m2/repository/com/github/almasb/fxgl/17.1/fxgl-17.1.jar!/fxglassets/textures/particles/trace_horizontal.png
16:53:02.994 [FXGL Background Thread 1 ] DEBUG GameApplicationServi - Application scenes initialized
16:53:03.003 [FXGL Background Thread 1 ] DEBUG SystemBundleService  - Loading FXGL system data
16:53:03.008 [FXGL Background Thread 1 ] DEBUG FileSystemAccess     - Reading from: E:\java project\tank\system\fxgl.bundle
16:53:03.014 [FXGL Background Thread 1 ] DEBUG SystemBundleService  - Bundle FXGL: {}
16:53:03.014 [FXGL Background Thread 1 ] DEBUG UpdaterService       - Checking for updates
16:53:03.016 [FXGL Background Thread 4 ] DEBUG FXGLApplication      - Loading fonts
16:53:03.017 [FXGL Background Thread 1 ] DEBUG FXGLApplication      - Loading default localization
16:53:03.017 [FXGL Background Thread 4 ] DEBUG FXGLAssetLoaderServi - Loading from file system: jar:file:///C:/Users/10273/.m2/repository/com/github/almasb/fxgl/17.1/fxgl-17.1.jar!/fxglassets/ui/fonts/VarelaRound-Regular.ttf
16:53:03.017 [FXGL Background Thread 1 ] DEBUG FXGLAssetLoaderServi - Loading from file system: jar:file:///C:/Users/10273/.m2/repository/com/github/almasb/fxgl/17.1/fxgl-17.1.jar!/fxglassets/languages/english.lang
16:53:03.035 [FXGL Background Thread 1 ] INFO  FXGLApplication      - FXGL initialization took: 0.349 sec
16:53:03.042 [JavaFX Application Thread] DEBUG Input                - Registered new binding: action0 - Up
16:53:03.043 [JavaFX Application Thread] DEBUG Input                - Registered new binding: action1 - Down
16:53:03.043 [JavaFX Application Thread] DEBUG Input                - Registered new binding: action2 - Left
16:53:03.044 [JavaFX Application Thread] DEBUG Input                - Registered new binding: action3 - Right
16:53:03.044 [JavaFX Application Thread] DEBUG Input                - Registered new binding: action4 - Space
16:53:03.045 [JavaFX Application Thread] DEBUG FXGLAssetLoaderServi - Loading from file system: file:/E:/java%20project/tank/target/classes/assets/textures/joker.jpg
16:53:03.060 [JavaFX Application Thread] DEBUG FXGLAssetLoaderServi - Loading from file system: jar:file:///C:/Users/10273/.m2/repository/com/github/almasb/fxgl/17.1/fxgl-17.1.jar!/fxglassets/textures/fxgl_default_cursor.png
16:53:03.062 [JavaFX Application Thread] DEBUG Input                - Registered new binding: Screenshot - CTRL+8
16:53:03.063 [JavaFX Application Thread] DEBUG Input                - Registered new binding: System info dump - CTRL+9
16:53:03.063 [JavaFX Application Thread] DEBUG Input                - Registered new binding: Restart - CTRL+R
16:53:03.064 [JavaFX Application Thread] DEBUG Input                - Registered new binding: Toggle Debug Camera - CTRL+7
16:53:03.064 [FXGL Background Thread 4 ] DEBUG FXGLAssetLoaderServi - Loading from file system: jar:file:///C:/Users/10273/.m2/repository/com/github/almasb/fxgl/17.1/fxgl-17.1.jar!/fxglassets/ui/fonts/Abel-Regular.ttf
16:53:03.067 [FXGL Background Thread 4 ] DEBUG FXGLAssetLoaderServi - Loading from file system: jar:file:///C:/Users/10273/.m2/repository/com/github/almasb/fxgl/17.1/fxgl-17.1.jar!/fxglassets/ui/fonts/TerminalLandMono-Regular.otf
16:53:03.067 [JavaFX Application Thread] DEBUG LoopRunner           - Starting loop
16:53:03.068 [JavaFX Application Thread] DEBUG LoopRunner           - Initializing JavaFX AnimationTimerLoop
16:53:03.069 [FXGL Background Thread 4 ] DEBUG FXGLAssetLoaderServi - Loading from file system: jar:file:///C:/Users/10273/.m2/repository/com/github/almasb/fxgl/17.1/fxgl-17.1.jar!/fxglassets/ui/fonts/Courier-Prime.ttf
16:53:03.072 [JavaFX Application Thread] DEBUG Input                - Clearing active input actions
16:53:03.078 [JavaFX Application Thread] DEBUG GameApplicationServi - Removing overlay from StartScene and adding to FXGLMainMenuDummyScene
16:53:03.078 [JavaFX Application Thread] DEBUG PrimaryStageWindow   - StartScene -> FXGLMainMenuDummyScene
16:53:03.078 [JavaFX Application Thread] DEBUG PrimaryStageWindow   - Push state: Main_menu
16:53:03.079 [JavaFX Application Thread] DEBUG Input                - Clearing active input actions
16:53:03.086 [JavaFX Application Thread] DEBUG GameApplicationServi - Removing overlay from FXGLMainMenuDummyScene and adding to Main_menu
16:53:03.087 [JavaFX Application Thread] DEBUG PrimaryStageWindow   - FXGLMainMenuDummyScene -> Main_menu
16:53:03.087 [JavaFX Application Thread] DEBUG FXGLApplication      - Registering font factories with UI factory
16:53:04.053 [FXGL Background Thread 2 ] INFO  UpdaterService       - Your current version:  17.1
16:53:04.053 [FXGL Background Thread 2 ] INFO  UpdaterService       - Latest stable version: 17.2
16:53:06.017 [FXGL Background Thread 3 ] DEBUG Engine               - Logging environment variables
16:53:06.018 [FXGL Background Thread 3 ] DEBUG Engine               - achievements: []
16:53:06.018 [FXGL Background Thread 3 ] DEBUG Engine               - actualHeight: 960.0
16:53:06.018 [FXGL Background Thread 3 ] DEBUG Engine               - actualHeightProperty: ReadOnlyDoubleProperty [value: 960.0]
16:53:06.019 [FXGL Background Thread 3 ] DEBUG Engine               - actualWidth: 1682.0
16:53:06.019 [FXGL Background Thread 3 ] DEBUG Engine               - actualWidthProperty: ReadOnlyDoubleProperty [value: 1682.0]
16:53:06.019 [FXGL Background Thread 3 ] DEBUG Engine               - appIcon: joker.jpg
16:53:06.019 [FXGL Background Thread 3 ] DEBUG Engine               - applicationMode: DEVELOPER
16:53:06.019 [FXGL Background Thread 3 ] DEBUG Engine               - cSSList: [fxgl_dark.css, tank.css]
16:53:06.020 [FXGL Background Thread 3 ] DEBUG Engine               - collisionDetectionStrategy: BRUTE_FORCE
16:53:06.020 [FXGL Background Thread 3 ] DEBUG Engine               - configClass: Optional.empty
16:53:06.021 [FXGL Background Thread 3 ] DEBUG Engine               - credits: []
16:53:06.024 [FXGL Background Thread 3 ] DEBUG Engine               - defaultCursor: CursorInfo(imageName=fxgl_default_cursor.png, hotspotX=7.0, hotspotY=6.0)
16:53:06.024 [FXGL Background Thread 3 ] DEBUG Engine               - devBBoxColorProperty: ObjectProperty [value: 0xff0000ff]
16:53:06.025 [FXGL Background Thread 3 ] DEBUG Engine               - devEnableDebugCameraProperty: BooleanProperty [value: false]
16:53:06.025 [FXGL Background Thread 3 ] DEBUG Engine               - devSensorColorProperty: ObjectProperty [value: 0xffff00ff]
16:53:06.025 [FXGL Background Thread 3 ] DEBUG Engine               - devShowBBoxProperty: BooleanProperty [value: false]
16:53:06.025 [FXGL Background Thread 3 ] DEBUG Engine               - devShowPositionProperty: BooleanProperty [value: false]
16:53:06.025 [FXGL Background Thread 3 ] DEBUG Engine               - enabledMenuItems: []
16:53:06.025 [FXGL Background Thread 3 ] DEBUG Engine               - engineServices: [class com.almasb.fxgl.app.services.FXGLAssetLoaderService, class com.almasb.fxgl.app.FXGLApplication$GameApplicationService, class com.almasb.fxgl.app.services.FXGLDialogService, class com.almasb.fxgl.app.services.IOTaskExecutorService, class com.almasb.fxgl.io.FileSystemService, class com.almasb.fxgl.localization.LocalizationService, class com.almasb.fxgl.app.services.SystemBundleService, class com.almasb.fxgl.profile.SaveLoadService, class com.almasb.fxgl.ui.FXGLUIFactoryServiceProvider, class com.almasb.fxgl.ui.FXGLDialogFactoryServiceProvider, class com.almasb.fxgl.audio.AudioPlayer, class com.almasb.fxgl.notification.impl.NotificationServiceProvider, class com.almasb.fxgl.achievement.AchievementService, class com.almasb.fxgl.cutscene.CutsceneService, class com.almasb.fxgl.minigames.MiniGameService, class com.almasb.fxgl.net.NetService, class com.almasb.fxgl.app.services.UpdaterService, class com.almasb.fxgl.dev.DevService]
16:53:06.025 [FXGL Background Thread 3 ] DEBUG Engine               - fontGame: Abel-Regular.ttf
16:53:06.025 [FXGL Background Thread 3 ] DEBUG Engine               - fontMono: TerminalLandMono-Regular.otf
16:53:06.025 [FXGL Background Thread 3 ] DEBUG Engine               - fontText: Courier-Prime.ttf
16:53:06.026 [FXGL Background Thread 3 ] DEBUG Engine               - fontUI: VarelaRound-Regular.ttf
16:53:06.026 [FXGL Background Thread 3 ] DEBUG Engine               - fullScreen: BooleanProperty [value: false]
16:53:06.026 [FXGL Background Thread 3 ] DEBUG Engine               - gameDifficulty: MEDIUM
16:53:06.026 [FXGL Background Thread 3 ] DEBUG Engine               - gameDifficultyProperty: ObjectProperty [value: MEDIUM]
16:53:06.026 [FXGL Background Thread 3 ] DEBUG Engine               - globalMusicVolume: 0.5
16:53:06.026 [FXGL Background Thread 3 ] DEBUG Engine               - globalMusicVolumeProperty: DoubleProperty [value: 0.5]
16:53:06.026 [FXGL Background Thread 3 ] DEBUG Engine               - globalSoundVolume: 0.5
16:53:06.026 [FXGL Background Thread 3 ] DEBUG Engine               - globalSoundVolumeProperty: DoubleProperty [value: 0.8]
16:53:06.026 [FXGL Background Thread 3 ] DEBUG Engine               - height: 1152
16:53:06.026 [FXGL Background Thread 3 ] DEBUG Engine               - is3D: false
16:53:06.026 [FXGL Background Thread 3 ] DEBUG Engine               - isAndroid: false
16:53:06.026 [FXGL Background Thread 3 ] DEBUG Engine               - isBrowser: false
16:53:06.026 [FXGL Background Thread 3 ] DEBUG Engine               - isClickFeedbackEnabled: false
16:53:06.026 [FXGL Background Thread 3 ] DEBUG Engine               - isCloseConfirmation: false
16:53:06.027 [FXGL Background Thread 3 ] DEBUG Engine               - isDesktop: true
16:53:06.027 [FXGL Background Thread 3 ] DEBUG Engine               - isDeveloperMenuEnabled: false
16:53:06.027 [FXGL Background Thread 3 ] DEBUG Engine               - isEmbedded: false
16:53:06.027 [FXGL Background Thread 3 ] DEBUG Engine               - isEntityPreloadEnabled: true
16:53:06.027 [FXGL Background Thread 3 ] DEBUG Engine               - isExperimentalTiledLargeMap: false
16:53:06.027 [FXGL Background Thread 3 ] DEBUG Engine               - isFileSystemWriteAllowed: true
16:53:06.027 [FXGL Background Thread 3 ] DEBUG Engine               - isFullScreenAllowed: false
16:53:06.027 [FXGL Background Thread 3 ] DEBUG Engine               - isFullScreenFromStart: false
16:53:06.027 [FXGL Background Thread 3 ] DEBUG Engine               - isGameMenuEnabled: true
16:53:06.027 [FXGL Background Thread 3 ] DEBUG Engine               - isIOS: false
16:53:06.027 [FXGL Background Thread 3 ] DEBUG Engine               - isIntroEnabled: false
16:53:06.027 [FXGL Background Thread 3 ] DEBUG Engine               - isLinux: false
16:53:06.027 [FXGL Background Thread 3 ] DEBUG Engine               - isMac: false
16:53:06.027 [FXGL Background Thread 3 ] DEBUG Engine               - isMainMenuEnabled: true
16:53:06.027 [FXGL Background Thread 3 ] DEBUG Engine               - isManualResizeEnabled: false
16:53:06.027 [FXGL Background Thread 3 ] DEBUG Engine               - isMobile: false
16:53:06.027 [FXGL Background Thread 3 ] DEBUG Engine               - isNative: false
16:53:06.027 [FXGL Background Thread 3 ] DEBUG Engine               - isPauseMusicWhenMinimized: true
16:53:06.027 [FXGL Background Thread 3 ] DEBUG Engine               - isPreserveResizeRatio: false
16:53:06.027 [FXGL Background Thread 3 ] DEBUG Engine               - isProfilingEnabled: false
16:53:06.027 [FXGL Background Thread 3 ] DEBUG Engine               - isScaleAffectedOnResize: true
16:53:06.027 [FXGL Background Thread 3 ] DEBUG Engine               - isSingleStep: false
16:53:06.027 [FXGL Background Thread 3 ] DEBUG Engine               - isUserProfileEnabled: false
16:53:06.027 [FXGL Background Thread 3 ] DEBUG Engine               - isWindows: true
16:53:06.028 [FXGL Background Thread 3 ] DEBUG Engine               - language: ObjectProperty [value: ENGLISH]
16:53:06.028 [FXGL Background Thread 3 ] DEBUG Engine               - menuKey: ESCAPE
16:53:06.028 [FXGL Background Thread 3 ] DEBUG Engine               - mouseSensitivity: 0.2
16:53:06.028 [FXGL Background Thread 3 ] DEBUG Engine               - notificationViewClass: class com.almasb.fxgl.notification.view.XboxNotificationView
16:53:06.028 [FXGL Background Thread 3 ] DEBUG Engine               - pixelsPerMeter: 50.0
16:53:06.028 [FXGL Background Thread 3 ] DEBUG Engine               - platform: WINDOWS
16:53:06.028 [FXGL Background Thread 3 ] DEBUG Engine               - prefHeightProperty: ReadOnlyDoubleProperty [value: 1152.0]
16:53:06.028 [FXGL Background Thread 3 ] DEBUG Engine               - prefWidthProperty: ReadOnlyDoubleProperty [value: 2048.0]
16:53:06.028 [FXGL Background Thread 3 ] DEBUG Engine               - profileDir: profiles/
16:53:06.028 [FXGL Background Thread 3 ] DEBUG Engine               - profileName: StringProperty [value: DEFAULT]
16:53:06.028 [FXGL Background Thread 3 ] DEBUG Engine               - randomSeed: -1
16:53:06.028 [FXGL Background Thread 3 ] DEBUG Engine               - runtimeInfo: RuntimeInfo(platform=WINDOWS, version=17.1, build=24.03.2022 17.34)
16:53:06.028 [FXGL Background Thread 3 ] DEBUG Engine               - saveFileExt: sav
16:53:06.028 [FXGL Background Thread 3 ] DEBUG Engine               - scaledHeightProp$fxgl: DoubleProperty [bound, value: 960.0]
16:53:06.028 [FXGL Background Thread 3 ] DEBUG Engine               - scaledWidthProp$fxgl: DoubleProperty [bound, value: 1682.0]
16:53:06.028 [FXGL Background Thread 3 ] DEBUG Engine               - sceneFactory: com.kenny.tank.TankApp$1@604c0d34
16:53:06.028 [FXGL Background Thread 3 ] DEBUG Engine               - secondsIn24h: 60
16:53:06.028 [FXGL Background Thread 3 ] DEBUG Engine               - soundMenuBack: menu/back.wav
16:53:06.028 [FXGL Background Thread 3 ] DEBUG Engine               - soundMenuPress: menu/press.wav
16:53:06.028 [FXGL Background Thread 3 ] DEBUG Engine               - soundMenuSelect: menu/select.wav
16:53:06.028 [FXGL Background Thread 3 ] DEBUG Engine               - soundNotification: core/notification.wav
16:53:06.028 [FXGL Background Thread 3 ] DEBUG Engine               - stageStyle: DECORATED
16:53:06.028 [FXGL Background Thread 3 ] DEBUG Engine               - supportedLanguages: [ENGLISH, FRENCH, GERMAN, HUNGARIAN, RUSSIAN]
16:53:06.029 [FXGL Background Thread 3 ] DEBUG Engine               - ticksPerSecond: -1
16:53:06.029 [FXGL Background Thread 3 ] DEBUG Engine               - title: All star battle
16:53:06.029 [FXGL Background Thread 3 ] DEBUG Engine               - urlGithub: https://github.com/AlmasB/FXGL
16:53:06.029 [FXGL Background Thread 3 ] DEBUG Engine               - urlLeaderboard: http://fxgl-top.herokuapp.com/
16:53:06.029 [FXGL Background Thread 3 ] DEBUG Engine               - urlPOM: https://raw.githubusercontent.com/AlmasB/FXGL/release/README.md
16:53:06.029 [FXGL Background Thread 3 ] DEBUG Engine               - userAppClass: class com.kenny.tank.TankApp
16:53:06.029 [FXGL Background Thread 3 ] DEBUG Engine               - version: 0.1
16:53:06.029 [FXGL Background Thread 3 ] DEBUG Engine               - versionCheckDays: 7
16:53:06.029 [FXGL Background Thread 3 ] DEBUG Engine               - width: 2048
16:53:06.029 [FXGL Background Thread 3 ] DEBUG Engine               - Logging services
16:53:06.029 [FXGL Background Thread 3 ] DEBUG Engine               - class com.almasb.fxgl.app.services.FXGLAssetLoaderService
16:53:06.029 [FXGL Background Thread 3 ] DEBUG Engine               - class com.almasb.fxgl.app.FXGLApplication$GameApplicationService
16:53:06.029 [FXGL Background Thread 3 ] DEBUG Engine               - class com.almasb.fxgl.app.services.FXGLDialogService
16:53:06.029 [FXGL Background Thread 3 ] DEBUG Engine               - class com.almasb.fxgl.app.services.IOTaskExecutorService
16:53:06.029 [FXGL Background Thread 3 ] DEBUG Engine               - class com.almasb.fxgl.io.FileSystemService
16:53:06.029 [FXGL Background Thread 3 ] DEBUG Engine               - class com.almasb.fxgl.localization.LocalizationService
16:53:06.029 [FXGL Background Thread 3 ] DEBUG Engine               - class com.almasb.fxgl.app.services.SystemBundleService
16:53:06.029 [FXGL Background Thread 3 ] DEBUG Engine               - class com.almasb.fxgl.profile.SaveLoadService
16:53:06.029 [FXGL Background Thread 3 ] DEBUG Engine               - class com.almasb.fxgl.ui.FXGLUIFactoryServiceProvider
16:53:06.029 [FXGL Background Thread 3 ] DEBUG Engine               - class com.almasb.fxgl.ui.FXGLDialogFactoryServiceProvider
16:53:06.029 [FXGL Background Thread 3 ] DEBUG Engine               - class com.almasb.fxgl.audio.AudioPlayer
16:53:06.029 [FXGL Background Thread 3 ] DEBUG Engine               - class com.almasb.fxgl.notification.impl.NotificationServiceProvider
16:53:06.029 [FXGL Background Thread 3 ] DEBUG Engine               - class com.almasb.fxgl.achievement.AchievementService
16:53:06.029 [FXGL Background Thread 3 ] DEBUG Engine               - class com.almasb.fxgl.cutscene.CutsceneService
16:53:06.029 [FXGL Background Thread 3 ] DEBUG Engine               - class com.almasb.fxgl.minigames.MiniGameService
16:53:06.029 [FXGL Background Thread 3 ] DEBUG Engine               - class com.almasb.fxgl.net.NetService
16:53:06.029 [FXGL Background Thread 3 ] DEBUG Engine               - class com.almasb.fxgl.app.services.UpdaterService
16:53:06.029 [FXGL Background Thread 3 ] DEBUG Engine               - class com.almasb.fxgl.dev.DevService
16:53:07.684 [JavaFX Application Thread] DEBUG GameApplicationServi - Starting new game
16:53:07.685 [JavaFX Application Thread] DEBUG PrimaryStageWindow   - Pop state: Main_menu
16:53:07.685 [JavaFX Application Thread] DEBUG Input                - Clearing active input actions
16:53:07.686 [JavaFX Application Thread] DEBUG GameApplicationServi - Removing overlay from Main_menu and adding to FXGLMainMenuDummyScene
16:53:07.686 [JavaFX Application Thread] DEBUG PrimaryStageWindow   - FXGLMainMenuDummyScene <- Main_menu
16:53:07.687 [JavaFX Application Thread] DEBUG Input                - Clearing active input actions
16:53:07.694 [JavaFX Application Thread] DEBUG GameApplicationServi - Removing overlay from FXGLMainMenuDummyScene and adding to Loading_Scene
16:53:07.694 [JavaFX Application Thread] DEBUG PrimaryStageWindow   - FXGLMainMenuDummyScene -> Loading_Scene
16:53:07.694 [JavaFX Application Thread] DEBUG GameApplicationServi - Clearing previous game
16:53:07.694 [JavaFX Application Thread] DEBUG GameScene            - Clearing game scene
16:53:07.694 [JavaFX Application Thread] DEBUG GameWorld            - Clearing game world
16:53:07.694 [JavaFX Application Thread] DEBUG PhysicsWorld         - Clearing physics world
16:53:07.695 [FXGL Background Thread 2 ] DEBUG FXGLApplication      - Initializing game
16:53:07.730 [FXGL Background Thread 2 ] WARN  TMXLevelLoader       - TiledMap generated from 1.8.4. Supported version: 1.4.2. Some features may not be parsed fully.
16:53:07.745 [FXGL Background Thread 2 ] DEBUG TMXLevelLoader       - Parsed TiledMap: file:/E:/java%20project/tank/target/classes/assets/levels/test1.tmx
16:53:07.746 [FXGL Background Thread 2 ] DEBUG TMXLevelLoader       - Creating tile layer entities
16:53:07.746 [FXGL Background Thread 2 ] DEBUG TMXLevelLoader       - Creating object layer entities
16:53:07.803 [FXGL Background Thread 2 ] DEBUG GameWorld            - Clearing removable entities
16:53:07.803 [FXGL Background Thread 2 ] DEBUG GameWorld            - Setting level: com.almasb.fxgl.entity.level.Level@24b97176
16:53:07.812 [FXGL Background Thread 2 ] DEBUG FXGLAssetLoaderServi - Loading from file system: file:/E:/java%20project/tank/target/classes/assets/textures/element/Tank.png
16:53:07.813 [FXGL Background Thread 2 ] WARN  Entity               - Entity already has component: com.kenny.tank.components.TankComponent
16:53:07.814 [FXGL Background Thread 2 ] DEBUG FXGLAssetLoaderServi - Loading from file system: file:/E:/java%20project/tank/target/classes/assets/textures/Enemytank.png
16:53:07.816 [FXGL Background Thread 2 ] DEBUG FXGLAssetLoaderServi - Loading from file system: file:/E:/java%20project/tank/target/classes/assets/textures/Chicken.png
16:53:07.820 [FXGL Background Thread 2 ] DEBUG FXGLAssetLoaderServi - Loading from file system: file:/E:/java%20project/tank/target/classes/assets/textures/BossTank.png
16:53:07.823 [FXGL Background Thread 2 ] INFO  FXGLApplication      - Game initialization took: 0.128 sec
16:53:07.823 [JavaFX Application Thread] DEBUG Input                - Clearing active input actions
16:53:07.829 [JavaFX Application Thread] DEBUG GameApplicationServi - Removing overlay from Loading_Scene and adding to GameScene
16:53:07.829 [JavaFX Application Thread] DEBUG PrimaryStageWindow   - Loading_Scene -> GameScene
16:53:08.477 [JavaFX Application Thread] DEBUG FXGLAssetLoaderServi - Loading from file system: file:/E:/java%20project/tank/target/classes/assets/textures/element/Enemybullet.png
16:53:08.621 [JavaFX Application Thread] DEBUG FXGLAssetLoaderServi - Loading from file system: file:/E:/java%20project/tank/target/classes/assets/textures/SmallBoom.png
16:53:10.491 [JavaFX Application Thread] DEBUG FXGLAssetLoaderServi - Loading from file system: file:/E:/java%20project/tank/target/classes/assets/sounds/boom.wav
16:53:10.559 [JavaFX Application Thread] DEBUG FXGLAssetLoaderServi - Loading from file system: file:/E:/java%20project/tank/target/classes/assets/textures/element/Bullet.png
16:53:15.708 [JavaFX Application Thread] DEBUG FXGLAssetLoaderServi - Loading from file system: file:/E:/java%20project/tank/target/classes/assets/textures/boom.png
16:53:16.072 [JavaFX Application Thread] DEBUG PrimaryStageWindow   - Push state: EggScene
16:53:16.072 [JavaFX Application Thread] DEBUG Input                - Clearing active input actions
16:53:16.072 [JavaFX Application Thread] DEBUG GameApplicationServi - Removing overlay from GameScene and adding to EggScene
16:53:16.072 [JavaFX Application Thread] DEBUG PrimaryStageWindow   - GameScene -> EggScene
16:53:18.075 [JavaFX Application Thread] DEBUG PrimaryStageWindow   - Pop state: EggScene
16:53:18.075 [JavaFX Application Thread] DEBUG Input                - Clearing active input actions
16:53:18.076 [JavaFX Application Thread] DEBUG GameApplicationServi - Removing overlay from EggScene and adding to GameScene
16:53:18.076 [JavaFX Application Thread] DEBUG PrimaryStageWindow   - GameScene <- EggScene
16:53:18.085 [JavaFX Application Thread] WARN  TMXLevelLoader       - TiledMap generated from 1.8.4. Supported version: 1.4.2. Some features may not be parsed fully.
16:53:18.086 [JavaFX Application Thread] DEBUG TMXLevelLoader       - Parsed TiledMap: file:/E:/java%20project/tank/target/classes/assets/levels/Chicken.tmx
16:53:18.086 [JavaFX Application Thread] DEBUG TMXLevelLoader       - Creating tile layer entities
16:53:18.086 [JavaFX Application Thread] DEBUG TMXLevelLoader       - Creating object layer entities
16:53:18.087 [JavaFX Application Thread] DEBUG GameWorld            - Clearing removable entities
16:53:18.093 [JavaFX Application Thread] DEBUG GameWorld            - Setting level: com.almasb.fxgl.entity.level.Level@d3b8a9b
16:53:18.095 [JavaFX Application Thread] WARN  Entity               - Entity already has component: com.kenny.tank.components.TankComponent
16:53:27.635 [JavaFX Application Thread] DEBUG FXGLAssetLoaderServi - Loading from file system: file:/E:/java%20project/tank/target/classes/assets/textures/Props/GOD.png
16:53:29.805 [JavaFX Application Thread] DEBUG FXGLAssetLoaderServi - Loading from file system: file:/E:/java%20project/tank/target/classes/assets/textures/Props/LUCKYBLOCK.png
16:53:38.093 [JavaFX Application Thread] DEBUG FXGLAssetLoaderServi - Loading from file system: file:/E:/java%20project/tank/target/classes/assets/textures/Props/PORTAL.png
16:53:44.422 [JavaFX Application Thread] DEBUG FXGLAssetLoaderServi - Loading from file system: file:/E:/java%20project/tank/target/classes/assets/textures/Props/HEART.png
16:54:03.895 [JavaFX Application Thread] DEBUG FXGLAssetLoaderServi - Loading from file system: file:/E:/java%20project/tank/target/classes/assets/textures/Props/GODeffect.png
16:54:06.362 [JavaFX Application Thread] DEBUG FXGLAssetLoaderServi - Loading from file system: file:/E:/java%20project/tank/target/classes/assets/textures/Suicide.png
16:54:06.375 [JavaFX Application Thread] DEBUG PrimaryStageWindow   - Push state: FailedScene
16:54:06.375 [JavaFX Application Thread] DEBUG Input                - Clearing active input actions
16:54:06.375 [JavaFX Application Thread] DEBUG GameApplicationServi - Removing overlay from GameScene and adding to FailedScene
16:54:06.375 [JavaFX Application Thread] DEBUG PrimaryStageWindow   - GameScene -> FailedScene
16:54:08.876 [JavaFX Application Thread] DEBUG PrimaryStageWindow   - Pop state: FailedScene
16:54:08.876 [JavaFX Application Thread] DEBUG Input                - Clearing active input actions
16:54:08.877 [JavaFX Application Thread] DEBUG GameApplicationServi - Removing overlay from FailedScene and adding to GameScene
16:54:08.877 [JavaFX Application Thread] DEBUG PrimaryStageWindow   - GameScene <- FailedScene
16:54:08.877 [JavaFX Application Thread] DEBUG Input                - Clearing active input actions
16:54:08.886 [JavaFX Application Thread] DEBUG GameApplicationServi - Removing overlay from GameScene and adding to FXGLMainMenuDummyScene
16:54:08.886 [JavaFX Application Thread] DEBUG PrimaryStageWindow   - GameScene -> FXGLMainMenuDummyScene
16:54:08.886 [JavaFX Application Thread] DEBUG PrimaryStageWindow   - Push state: Main_menu
16:54:08.886 [JavaFX Application Thread] DEBUG Input                - Clearing active input actions
16:54:08.887 [JavaFX Application Thread] DEBUG GameApplicationServi - Removing overlay from FXGLMainMenuDummyScene and adding to Main_menu
16:54:08.888 [JavaFX Application Thread] DEBUG PrimaryStageWindow   - FXGLMainMenuDummyScene -> Main_menu
16:54:11.486 [JavaFX Application Thread] DEBUG FXGLApplication      - Exiting FXGL
16:54:11.486 [JavaFX Application Thread] DEBUG LoopRunner           - Stopping loop
16:54:11.486 [JavaFX Application Thread] DEBUG SystemBundleService  - Saving FXGL system data
16:54:11.488 [JavaFX Application Thread] DEBUG FileSystemAccess     - Writing to: E:\java project\tank\system\fxgl.bundle
16:54:11.489 [JavaFX Application Thread] DEBUG Async                - Shutting down background threads
16:54:11.490 [JavaFX Application Thread] DEBUG PrimaryStageWindow   - Closing main window
16:54:11.513 [JavaFX Application Thread] DEBUG Logger               - Closing Logger
