20:45:05.643 [main                     ] DEBUG Logger               - Configured Logger
20:45:05.662 [main                     ] DEBUG GameApplication      - Logging settings
Title: All star battle
Version: 0.1
Width: 2048
Height: 1152
Fullscreen: false
Intro: false
Profiling: false
Single step:false
App Mode: DEVELOPER
Menu Key: ESCAPE
Stage Style: DECORATED
Scene Factory: class com.kenny.tank.AllStarBattleApp$1

20:45:05.921 [JavaFX Application Thread] DEBUG FXGLApplication      - Initializing FXGL
20:45:05.925 [JavaFX Application Thread] INFO  Engine               - FXGL-17.1 (24.03.2022 17.34) on WINDOWS (J:17.0.6 FX:18)
20:45:05.926 [JavaFX Application Thread] DEBUG Engine               - JRE Vendor Name: Amazon.com Inc.
20:45:05.926 [JavaFX Application Thread] DEBUG Engine               - Running on OS: Windows 11 version 10.0
20:45:05.926 [JavaFX Application Thread] DEBUG Engine               - Architecture: amd64
20:45:05.926 [JavaFX Application Thread] INFO  Engine               - Source code and latest versions at: https://github.com/AlmasB/FXGL
20:45:05.926 [JavaFX Application Thread] INFO  Engine               -       Ask questions and discuss at: https://github.com/AlmasB/FXGL/discussions
20:45:05.926 [JavaFX Application Thread] INFO  Engine               -              Join the FXGL chat at: https://gitter.im/AlmasB/FXGL
20:45:05.971 [JavaFX Application Thread] DEBUG PrimaryStageWindow   - Creating a JavaFX scene
20:45:05.971 [JavaFX Application Thread] DEBUG PrimaryStageWindow   - Target size > screen size
20:45:05.996 [JavaFX Application Thread] DEBUG PrimaryStageWindow   - Target settings size: 2048.0 x 1152.0
20:45:05.996 [JavaFX Application Thread] DEBUG PrimaryStageWindow   - Scaled scene size:    1682.0 x 960.0
20:45:05.996 [JavaFX Application Thread] DEBUG PrimaryStageWindow   - Scaled ratio: (0.8212890625, 0.8333333333333334)
20:45:05.997 [JavaFX Application Thread] DEBUG PrimaryStageWindow   - Set initial scene to StartScene
20:45:06.001 [JavaFX Application Thread] DEBUG PrimaryStageWindow   - Opening main window
20:45:06.087 [JavaFX Application Thread] DEBUG PrimaryStageWindow   - Window border size: (14.6666259765625, 37.33331298828125)
20:45:06.088 [JavaFX Application Thread] DEBUG PrimaryStageWindow   - Scaled size: 1682.0 x 960.0
20:45:06.088 [JavaFX Application Thread] DEBUG PrimaryStageWindow   - Scaled ratio: (0.8212890625, 0.8333333333333334)
20:45:06.088 [JavaFX Application Thread] DEBUG PrimaryStageWindow   - Scene size: 1682.0 x 960.0
20:45:06.088 [JavaFX Application Thread] DEBUG PrimaryStageWindow   - Stage size: 1696.6666259765625 x 997.3333129882812
20:45:06.092 [FXGL Background Thread 1 ] DEBUG Engine               - Initializing environment variables
20:45:06.111 [FXGL Background Thread 1 ] DEBUG FXGLAssetLoaderServi - User app class for loading assets: class com.kenny.tank.AllStarBattleApp
20:45:06.112 [FXGL Background Thread 1 ] DEBUG GameApplicationServi - Applying CSS: fxgl_dark.css
20:45:06.112 [FXGL Background Thread 1 ] DEBUG FXGLAssetLoaderServi - Loading from file system: jar:file:///C:/Users/10273/.m2/repository/com/github/almasb/fxgl/17.1/fxgl-17.1.jar!/fxglassets/ui/css/fxgl_dark.css
20:45:06.144 [FXGL Background Thread 1 ] DEBUG GameApplicationServi - Applying CSS: tank.css
20:45:06.145 [FXGL Background Thread 1 ] DEBUG FXGLAssetLoaderServi - Loading from file system: file:/E:/java%20project/tank/target/classes/assets/ui/css/tank.css
20:45:06.145 [FXGL Background Thread 1 ] DEBUG GameApplicationServi - Initializing application scenes
20:45:06.148 [FXGL Background Thread 1 ] DEBUG GameWorld            - Game world initialized
20:45:06.185 [FXGL Background Thread 1 ] DEBUG PhysicsWorld         - Physics world initialized: appHeight=1152, physics.ppm=50.0
20:45:06.185 [FXGL Background Thread 1 ] DEBUG PhysicsWorld         - Using strategy: BRUTE_FORCE
20:45:06.188 [FXGL Background Thread 1 ] DEBUG GameScene            - Game scene initialized: 2048x1152
20:45:06.191 [FXGL Background Thread 1 ] DEBUG FXGLAssetLoaderServi - Loading from file system: file:/E:/java%20project/tank/target/classes/assets/textures/MainMenu.png
20:45:06.279 [FXGL Background Thread 1 ] DEBUG FXGLAssetLoaderServi - Loading from file system: file:/E:/java%20project/tank/target/classes/assets/textures/R-C.jpg
20:45:06.299 [FXGL Background Thread 1 ] DEBUG FXGL.DefaultMenu     - createMenuBodyGameMenu()
20:45:06.306 [FXGL Background Thread 1 ] DEBUG FXGL.DefaultMenu     - createOptionsMenu()
20:45:06.313 [FXGL Background Thread 1 ] DEBUG FXGLAssetLoaderServi - Loading from file system: jar:file:///C:/Users/10273/.m2/repository/com/github/almasb/fxgl/17.1/fxgl-17.1.jar!/fxglassets/textures/particles/smoke.png
20:45:06.375 [FXGL Background Thread 1 ] DEBUG FXGLAssetLoaderServi - Loading from file system: jar:file:///C:/Users/10273/.m2/repository/com/github/almasb/fxgl/17.1/fxgl-17.1.jar!/fxglassets/textures/particles/trace_horizontal.png
20:45:06.403 [FXGL Background Thread 1 ] DEBUG GameApplicationServi - Application scenes initialized
20:45:06.410 [FXGL Background Thread 1 ] DEBUG SystemBundleService  - Loading FXGL system data
20:45:06.413 [FXGL Background Thread 1 ] DEBUG FileSystemAccess     - Reading from: E:\java project\tank\system\fxgl.bundle
20:45:06.418 [FXGL Background Thread 1 ] DEBUG SystemBundleService  - Bundle FXGL: {}
20:45:06.419 [FXGL Background Thread 1 ] DEBUG UpdaterService       - Checking for updates
20:45:06.422 [FXGL Background Thread 4 ] DEBUG FXGLApplication      - Loading fonts
20:45:06.422 [FXGL Background Thread 1 ] DEBUG FXGLApplication      - Loading default localization
20:45:06.422 [FXGL Background Thread 4 ] DEBUG FXGLAssetLoaderServi - Loading from file system: jar:file:///C:/Users/10273/.m2/repository/com/github/almasb/fxgl/17.1/fxgl-17.1.jar!/fxglassets/ui/fonts/VarelaRound-Regular.ttf
20:45:06.423 [FXGL Background Thread 1 ] DEBUG FXGLAssetLoaderServi - Loading from file system: jar:file:///C:/Users/10273/.m2/repository/com/github/almasb/fxgl/17.1/fxgl-17.1.jar!/fxglassets/languages/english.lang
20:45:06.445 [FXGL Background Thread 1 ] INFO  FXGLApplication      - FXGL initialization took: 0.352 sec
20:45:06.454 [JavaFX Application Thread] DEBUG Input                - Registered new binding: action0 - Up
20:45:06.454 [JavaFX Application Thread] DEBUG Input                - Registered new binding: action1 - Down
20:45:06.455 [JavaFX Application Thread] DEBUG Input                - Registered new binding: action2 - Left
20:45:06.455 [JavaFX Application Thread] DEBUG Input                - Registered new binding: action3 - Right
20:45:06.455 [JavaFX Application Thread] DEBUG Input                - Registered new binding: action4 - Space
20:45:06.456 [JavaFX Application Thread] DEBUG FXGLAssetLoaderServi - Loading from file system: file:/E:/java%20project/tank/target/classes/assets/textures/joker.jpg
20:45:06.463 [JavaFX Application Thread] DEBUG FXGLAssetLoaderServi - Loading from file system: jar:file:///C:/Users/10273/.m2/repository/com/github/almasb/fxgl/17.1/fxgl-17.1.jar!/fxglassets/textures/fxgl_default_cursor.png
20:45:06.464 [JavaFX Application Thread] DEBUG Input                - Registered new binding: Screenshot - CTRL+8
20:45:06.464 [JavaFX Application Thread] DEBUG Input                - Registered new binding: System info dump - CTRL+9
20:45:06.464 [JavaFX Application Thread] DEBUG Input                - Registered new binding: Restart - CTRL+R
20:45:06.464 [JavaFX Application Thread] DEBUG Input                - Registered new binding: Toggle Debug Camera - CTRL+7
20:45:06.466 [JavaFX Application Thread] DEBUG LoopRunner           - Starting loop
20:45:06.467 [JavaFX Application Thread] DEBUG LoopRunner           - Initializing JavaFX AnimationTimerLoop
20:45:06.470 [JavaFX Application Thread] DEBUG Input                - Clearing active input actions
20:45:06.477 [FXGL Background Thread 4 ] DEBUG FXGLAssetLoaderServi - Loading from file system: jar:file:///C:/Users/10273/.m2/repository/com/github/almasb/fxgl/17.1/fxgl-17.1.jar!/fxglassets/ui/fonts/Abel-Regular.ttf
20:45:06.477 [JavaFX Application Thread] DEBUG GameApplicationServi - Removing overlay from StartScene and adding to FXGLMainMenuDummyScene
20:45:06.478 [JavaFX Application Thread] DEBUG PrimaryStageWindow   - StartScene -> FXGLMainMenuDummyScene
20:45:06.478 [JavaFX Application Thread] DEBUG PrimaryStageWindow   - Push state: Main_menu
20:45:06.479 [JavaFX Application Thread] DEBUG Input                - Clearing active input actions
20:45:06.479 [FXGL Background Thread 4 ] DEBUG FXGLAssetLoaderServi - Loading from file system: jar:file:///C:/Users/10273/.m2/repository/com/github/almasb/fxgl/17.1/fxgl-17.1.jar!/fxglassets/ui/fonts/TerminalLandMono-Regular.otf
20:45:06.481 [FXGL Background Thread 4 ] DEBUG FXGLAssetLoaderServi - Loading from file system: jar:file:///C:/Users/10273/.m2/repository/com/github/almasb/fxgl/17.1/fxgl-17.1.jar!/fxglassets/ui/fonts/Courier-Prime.ttf
20:45:06.486 [JavaFX Application Thread] DEBUG GameApplicationServi - Removing overlay from FXGLMainMenuDummyScene and adding to Main_menu
20:45:06.486 [JavaFX Application Thread] DEBUG PrimaryStageWindow   - FXGLMainMenuDummyScene -> Main_menu
20:45:06.593 [JavaFX Application Thread] DEBUG FXGLApplication      - Registering font factories with UI factory
20:45:06.862 [FXGL Background Thread 2 ] INFO  UpdaterService       - Your current version:  17.1
20:45:06.863 [FXGL Background Thread 2 ] INFO  UpdaterService       - Latest stable version: 17.3
20:45:09.421 [FXGL Background Thread 3 ] DEBUG Engine               - Logging environment variables
20:45:09.422 [FXGL Background Thread 3 ] DEBUG Engine               - achievements: []
20:45:09.422 [FXGL Background Thread 3 ] DEBUG Engine               - actualHeight: 960.0
20:45:09.422 [FXGL Background Thread 3 ] DEBUG Engine               - actualHeightProperty: ReadOnlyDoubleProperty [value: 960.0]
20:45:09.422 [FXGL Background Thread 3 ] DEBUG Engine               - actualWidth: 1682.0
20:45:09.423 [FXGL Background Thread 3 ] DEBUG Engine               - actualWidthProperty: ReadOnlyDoubleProperty [value: 1682.0]
20:45:09.424 [FXGL Background Thread 3 ] DEBUG Engine               - appIcon: joker.jpg
20:45:09.424 [FXGL Background Thread 3 ] DEBUG Engine               - applicationMode: DEVELOPER
20:45:09.424 [FXGL Background Thread 3 ] DEBUG Engine               - cSSList: [fxgl_dark.css, tank.css]
20:45:09.424 [FXGL Background Thread 3 ] DEBUG Engine               - collisionDetectionStrategy: BRUTE_FORCE
20:45:09.426 [FXGL Background Thread 3 ] DEBUG Engine               - configClass: Optional.empty
20:45:09.428 [FXGL Background Thread 3 ] DEBUG Engine               - credits: []
20:45:09.428 [FXGL Background Thread 3 ] DEBUG Engine               - defaultCursor: CursorInfo(imageName=fxgl_default_cursor.png, hotspotX=7.0, hotspotY=6.0)
20:45:09.428 [FXGL Background Thread 3 ] DEBUG Engine               - devBBoxColorProperty: ObjectProperty [value: 0xff0000ff]
20:45:09.428 [FXGL Background Thread 3 ] DEBUG Engine               - devEnableDebugCameraProperty: BooleanProperty [value: false]
20:45:09.428 [FXGL Background Thread 3 ] DEBUG Engine               - devSensorColorProperty: ObjectProperty [value: 0xffff00ff]
20:45:09.428 [FXGL Background Thread 3 ] DEBUG Engine               - devShowBBoxProperty: BooleanProperty [value: false]
20:45:09.428 [FXGL Background Thread 3 ] DEBUG Engine               - devShowPositionProperty: BooleanProperty [value: false]
20:45:09.428 [FXGL Background Thread 3 ] DEBUG Engine               - enabledMenuItems: []
20:45:09.428 [FXGL Background Thread 3 ] DEBUG Engine               - engineServices: [class com.almasb.fxgl.app.services.FXGLAssetLoaderService, class com.almasb.fxgl.app.FXGLApplication$GameApplicationService, class com.almasb.fxgl.app.services.FXGLDialogService, class com.almasb.fxgl.app.services.IOTaskExecutorService, class com.almasb.fxgl.io.FileSystemService, class com.almasb.fxgl.localization.LocalizationService, class com.almasb.fxgl.app.services.SystemBundleService, class com.almasb.fxgl.profile.SaveLoadService, class com.almasb.fxgl.ui.FXGLUIFactoryServiceProvider, class com.almasb.fxgl.ui.FXGLDialogFactoryServiceProvider, class com.almasb.fxgl.audio.AudioPlayer, class com.almasb.fxgl.notification.impl.NotificationServiceProvider, class com.almasb.fxgl.achievement.AchievementService, class com.almasb.fxgl.cutscene.CutsceneService, class com.almasb.fxgl.minigames.MiniGameService, class com.almasb.fxgl.net.NetService, class com.almasb.fxgl.app.services.UpdaterService, class com.almasb.fxgl.dev.DevService]
20:45:09.428 [FXGL Background Thread 3 ] DEBUG Engine               - fontGame: Abel-Regular.ttf
20:45:09.429 [FXGL Background Thread 3 ] DEBUG Engine               - fontMono: TerminalLandMono-Regular.otf
20:45:09.429 [FXGL Background Thread 3 ] DEBUG Engine               - fontText: Courier-Prime.ttf
20:45:09.429 [FXGL Background Thread 3 ] DEBUG Engine               - fontUI: VarelaRound-Regular.ttf
20:45:09.429 [FXGL Background Thread 3 ] DEBUG Engine               - fullScreen: BooleanProperty [value: false]
20:45:09.429 [FXGL Background Thread 3 ] DEBUG Engine               - gameDifficulty: MEDIUM
20:45:09.429 [FXGL Background Thread 3 ] DEBUG Engine               - gameDifficultyProperty: ObjectProperty [value: MEDIUM]
20:45:09.429 [FXGL Background Thread 3 ] DEBUG Engine               - globalMusicVolume: 0.5
20:45:09.429 [FXGL Background Thread 3 ] DEBUG Engine               - globalMusicVolumeProperty: DoubleProperty [value: 0.5]
20:45:09.429 [FXGL Background Thread 3 ] DEBUG Engine               - globalSoundVolume: 0.5
20:45:09.429 [FXGL Background Thread 3 ] DEBUG Engine               - globalSoundVolumeProperty: DoubleProperty [value: 0.8]
20:45:09.429 [FXGL Background Thread 3 ] DEBUG Engine               - height: 1152
20:45:09.429 [FXGL Background Thread 3 ] DEBUG Engine               - is3D: false
20:45:09.430 [FXGL Background Thread 3 ] DEBUG Engine               - isAndroid: false
20:45:09.430 [FXGL Background Thread 3 ] DEBUG Engine               - isBrowser: false
20:45:09.430 [FXGL Background Thread 3 ] DEBUG Engine               - isClickFeedbackEnabled: false
20:45:09.430 [FXGL Background Thread 3 ] DEBUG Engine               - isCloseConfirmation: false
20:45:09.430 [FXGL Background Thread 3 ] DEBUG Engine               - isDesktop: true
20:45:09.430 [FXGL Background Thread 3 ] DEBUG Engine               - isDeveloperMenuEnabled: false
20:45:09.430 [FXGL Background Thread 3 ] DEBUG Engine               - isEmbedded: false
20:45:09.430 [FXGL Background Thread 3 ] DEBUG Engine               - isEntityPreloadEnabled: true
20:45:09.430 [FXGL Background Thread 3 ] DEBUG Engine               - isExperimentalTiledLargeMap: false
20:45:09.430 [FXGL Background Thread 3 ] DEBUG Engine               - isFileSystemWriteAllowed: true
20:45:09.430 [FXGL Background Thread 3 ] DEBUG Engine               - isFullScreenAllowed: false
20:45:09.430 [FXGL Background Thread 3 ] DEBUG Engine               - isFullScreenFromStart: false
20:45:09.430 [FXGL Background Thread 3 ] DEBUG Engine               - isGameMenuEnabled: true
20:45:09.430 [FXGL Background Thread 3 ] DEBUG Engine               - isIOS: false
20:45:09.430 [FXGL Background Thread 3 ] DEBUG Engine               - isIntroEnabled: false
20:45:09.430 [FXGL Background Thread 3 ] DEBUG Engine               - isLinux: false
20:45:09.430 [FXGL Background Thread 3 ] DEBUG Engine               - isMac: false
20:45:09.430 [FXGL Background Thread 3 ] DEBUG Engine               - isMainMenuEnabled: true
20:45:09.430 [FXGL Background Thread 3 ] DEBUG Engine               - isManualResizeEnabled: false
20:45:09.430 [FXGL Background Thread 3 ] DEBUG Engine               - isMobile: false
20:45:09.430 [FXGL Background Thread 3 ] DEBUG Engine               - isNative: false
20:45:09.430 [FXGL Background Thread 3 ] DEBUG Engine               - isPauseMusicWhenMinimized: true
20:45:09.430 [FXGL Background Thread 3 ] DEBUG Engine               - isPreserveResizeRatio: false
20:45:09.430 [FXGL Background Thread 3 ] DEBUG Engine               - isProfilingEnabled: false
20:45:09.430 [FXGL Background Thread 3 ] DEBUG Engine               - isScaleAffectedOnResize: true
20:45:09.430 [FXGL Background Thread 3 ] DEBUG Engine               - isSingleStep: false
20:45:09.430 [FXGL Background Thread 3 ] DEBUG Engine               - isUserProfileEnabled: false
20:45:09.430 [FXGL Background Thread 3 ] DEBUG Engine               - isWindows: true
20:45:09.431 [FXGL Background Thread 3 ] DEBUG Engine               - language: ObjectProperty [value: ENGLISH]
20:45:09.431 [FXGL Background Thread 3 ] DEBUG Engine               - menuKey: ESCAPE
20:45:09.431 [FXGL Background Thread 3 ] DEBUG Engine               - mouseSensitivity: 0.2
20:45:09.431 [FXGL Background Thread 3 ] DEBUG Engine               - notificationViewClass: class com.almasb.fxgl.notification.view.XboxNotificationView
20:45:09.431 [FXGL Background Thread 3 ] DEBUG Engine               - pixelsPerMeter: 50.0
20:45:09.431 [FXGL Background Thread 3 ] DEBUG Engine               - platform: WINDOWS
20:45:09.431 [FXGL Background Thread 3 ] DEBUG Engine               - prefHeightProperty: ReadOnlyDoubleProperty [value: 1152.0]
20:45:09.431 [FXGL Background Thread 3 ] DEBUG Engine               - prefWidthProperty: ReadOnlyDoubleProperty [value: 2048.0]
20:45:09.431 [FXGL Background Thread 3 ] DEBUG Engine               - profileDir: profiles/
20:45:09.431 [FXGL Background Thread 3 ] DEBUG Engine               - profileName: StringProperty [value: DEFAULT]
20:45:09.431 [FXGL Background Thread 3 ] DEBUG Engine               - randomSeed: -1
20:45:09.431 [FXGL Background Thread 3 ] DEBUG Engine               - runtimeInfo: RuntimeInfo(platform=WINDOWS, version=17.1, build=24.03.2022 17.34)
20:45:09.431 [FXGL Background Thread 3 ] DEBUG Engine               - saveFileExt: sav
20:45:09.431 [FXGL Background Thread 3 ] DEBUG Engine               - scaledHeightProp$fxgl: DoubleProperty [bound, value: 960.0]
20:45:09.431 [FXGL Background Thread 3 ] DEBUG Engine               - scaledWidthProp$fxgl: DoubleProperty [bound, value: 1682.0]
20:45:09.431 [FXGL Background Thread 3 ] DEBUG Engine               - sceneFactory: com.kenny.tank.AllStarBattleApp$1@1d305e22
20:45:09.431 [FXGL Background Thread 3 ] DEBUG Engine               - secondsIn24h: 60
20:45:09.431 [FXGL Background Thread 3 ] DEBUG Engine               - soundMenuBack: menu/back.wav
20:45:09.431 [FXGL Background Thread 3 ] DEBUG Engine               - soundMenuPress: menu/press.wav
20:45:09.431 [FXGL Background Thread 3 ] DEBUG Engine               - soundMenuSelect: menu/select.wav
20:45:09.431 [FXGL Background Thread 3 ] DEBUG Engine               - soundNotification: core/notification.wav
20:45:09.431 [FXGL Background Thread 3 ] DEBUG Engine               - stageStyle: DECORATED
20:45:09.431 [FXGL Background Thread 3 ] DEBUG Engine               - supportedLanguages: [ENGLISH, FRENCH, GERMAN, HUNGARIAN, RUSSIAN]
20:45:09.431 [FXGL Background Thread 3 ] DEBUG Engine               - ticksPerSecond: -1
20:45:09.431 [FXGL Background Thread 3 ] DEBUG Engine               - title: All star battle
20:45:09.431 [FXGL Background Thread 3 ] DEBUG Engine               - urlGithub: https://github.com/AlmasB/FXGL
20:45:09.431 [FXGL Background Thread 3 ] DEBUG Engine               - urlLeaderboard: http://fxgl-top.herokuapp.com/
20:45:09.431 [FXGL Background Thread 3 ] DEBUG Engine               - urlPOM: https://raw.githubusercontent.com/AlmasB/FXGL/release/README.md
20:45:09.431 [FXGL Background Thread 3 ] DEBUG Engine               - userAppClass: class com.kenny.tank.AllStarBattleApp
20:45:09.431 [FXGL Background Thread 3 ] DEBUG Engine               - version: 0.1
20:45:09.431 [FXGL Background Thread 3 ] DEBUG Engine               - versionCheckDays: 7
20:45:09.432 [FXGL Background Thread 3 ] DEBUG Engine               - width: 2048
20:45:09.432 [FXGL Background Thread 3 ] DEBUG Engine               - Logging services
20:45:09.432 [FXGL Background Thread 3 ] DEBUG Engine               - class com.almasb.fxgl.app.services.FXGLAssetLoaderService
20:45:09.432 [FXGL Background Thread 3 ] DEBUG Engine               - class com.almasb.fxgl.app.FXGLApplication$GameApplicationService
20:45:09.432 [FXGL Background Thread 3 ] DEBUG Engine               - class com.almasb.fxgl.app.services.FXGLDialogService
20:45:09.432 [FXGL Background Thread 3 ] DEBUG Engine               - class com.almasb.fxgl.app.services.IOTaskExecutorService
20:45:09.432 [FXGL Background Thread 3 ] DEBUG Engine               - class com.almasb.fxgl.io.FileSystemService
20:45:09.432 [FXGL Background Thread 3 ] DEBUG Engine               - class com.almasb.fxgl.localization.LocalizationService
20:45:09.432 [FXGL Background Thread 3 ] DEBUG Engine               - class com.almasb.fxgl.app.services.SystemBundleService
20:45:09.432 [FXGL Background Thread 3 ] DEBUG Engine               - class com.almasb.fxgl.profile.SaveLoadService
20:45:09.432 [FXGL Background Thread 3 ] DEBUG Engine               - class com.almasb.fxgl.ui.FXGLUIFactoryServiceProvider
20:45:09.432 [FXGL Background Thread 3 ] DEBUG Engine               - class com.almasb.fxgl.ui.FXGLDialogFactoryServiceProvider
20:45:09.432 [FXGL Background Thread 3 ] DEBUG Engine               - class com.almasb.fxgl.audio.AudioPlayer
20:45:09.432 [FXGL Background Thread 3 ] DEBUG Engine               - class com.almasb.fxgl.notification.impl.NotificationServiceProvider
20:45:09.432 [FXGL Background Thread 3 ] DEBUG Engine               - class com.almasb.fxgl.achievement.AchievementService
20:45:09.432 [FXGL Background Thread 3 ] DEBUG Engine               - class com.almasb.fxgl.cutscene.CutsceneService
20:45:09.432 [FXGL Background Thread 3 ] DEBUG Engine               - class com.almasb.fxgl.minigames.MiniGameService
20:45:09.432 [FXGL Background Thread 3 ] DEBUG Engine               - class com.almasb.fxgl.net.NetService
20:45:09.432 [FXGL Background Thread 3 ] DEBUG Engine               - class com.almasb.fxgl.app.services.UpdaterService
20:45:09.432 [FXGL Background Thread 3 ] DEBUG Engine               - class com.almasb.fxgl.dev.DevService
20:45:15.091 [JavaFX Application Thread] DEBUG GameApplicationServi - Starting new game
20:45:15.091 [JavaFX Application Thread] DEBUG PrimaryStageWindow   - Pop state: Main_menu
20:45:15.091 [JavaFX Application Thread] DEBUG Input                - Clearing active input actions
20:45:15.094 [JavaFX Application Thread] DEBUG GameApplicationServi - Removing overlay from Main_menu and adding to FXGLMainMenuDummyScene
20:45:15.095 [JavaFX Application Thread] DEBUG PrimaryStageWindow   - FXGLMainMenuDummyScene <- Main_menu
20:45:15.096 [JavaFX Application Thread] DEBUG Input                - Clearing active input actions
20:45:15.103 [JavaFX Application Thread] DEBUG GameApplicationServi - Removing overlay from FXGLMainMenuDummyScene and adding to Loading_Scene
20:45:15.103 [JavaFX Application Thread] DEBUG PrimaryStageWindow   - FXGLMainMenuDummyScene -> Loading_Scene
20:45:15.103 [JavaFX Application Thread] DEBUG GameApplicationServi - Clearing previous game
20:45:15.103 [JavaFX Application Thread] DEBUG GameScene            - Clearing game scene
20:45:15.103 [JavaFX Application Thread] DEBUG GameWorld            - Clearing game world
20:45:15.103 [JavaFX Application Thread] DEBUG PhysicsWorld         - Clearing physics world
20:45:15.104 [FXGL Background Thread 2 ] DEBUG FXGLApplication      - Initializing game
20:45:15.124 [FXGL Background Thread 2 ] WARN  TMXLevelLoader       - TiledMap generated from 1.8.4. Supported version: 1.4.2. Some features may not be parsed fully.
20:45:15.142 [FXGL Background Thread 2 ] DEBUG TMXLevelLoader       - Parsed TiledMap: file:/E:/java%20project/tank/target/classes/assets/levels/test1.tmx
20:45:15.143 [FXGL Background Thread 2 ] DEBUG TMXLevelLoader       - Creating tile layer entities
20:45:15.143 [FXGL Background Thread 2 ] DEBUG TMXLevelLoader       - Creating object layer entities
20:45:15.201 [FXGL Background Thread 2 ] DEBUG GameWorld            - Clearing removable entities
20:45:15.201 [FXGL Background Thread 2 ] DEBUG GameWorld            - Setting level: com.almasb.fxgl.entity.level.Level@5ebeef06
20:45:15.209 [FXGL Background Thread 2 ] DEBUG FXGLAssetLoaderServi - Loading from file system: file:/E:/java%20project/tank/target/classes/assets/textures/element/Tank.png
20:45:15.211 [FXGL Background Thread 2 ] DEBUG FXGLAssetLoaderServi - Loading from file system: file:/E:/java%20project/tank/target/classes/assets/textures/Enemytank.png
20:45:15.214 [FXGL Background Thread 2 ] DEBUG FXGLAssetLoaderServi - Loading from file system: file:/E:/java%20project/tank/target/classes/assets/textures/Chicken.png
20:45:15.225 [FXGL Background Thread 2 ] DEBUG FXGLAssetLoaderServi - Loading from file system: file:/E:/java%20project/tank/target/classes/assets/textures/BossTank.png
20:45:15.229 [FXGL Background Thread 2 ] INFO  FXGLApplication      - Game initialization took: 0.125 sec
20:45:15.229 [JavaFX Application Thread] DEBUG Input                - Clearing active input actions
20:45:15.235 [JavaFX Application Thread] DEBUG GameApplicationServi - Removing overlay from Loading_Scene and adding to GameScene
20:45:15.235 [JavaFX Application Thread] DEBUG PrimaryStageWindow   - Loading_Scene -> GameScene
20:45:16.205 [JavaFX Application Thread] DEBUG FXGLAssetLoaderServi - Loading from file system: file:/E:/java%20project/tank/target/classes/assets/textures/element/Enemybullet.png
20:45:16.493 [JavaFX Application Thread] DEBUG FXGLAssetLoaderServi - Loading from file system: file:/E:/java%20project/tank/target/classes/assets/textures/SmallBoom.png
20:45:16.956 [JavaFX Application Thread] DEBUG FXGLAssetLoaderServi - Loading from file system: file:/E:/java%20project/tank/target/classes/assets/sounds/boom.wav
20:45:16.996 [JavaFX Application Thread] DEBUG FXGLAssetLoaderServi - Loading from file system: file:/E:/java%20project/tank/target/classes/assets/textures/element/Bullet.png
20:45:21.389 [JavaFX Application Thread] DEBUG FXGLAssetLoaderServi - Loading from file system: file:/E:/java%20project/tank/target/classes/assets/textures/boom.png
20:45:24.545 [JavaFX Application Thread] DEBUG PrimaryStageWindow   - Push state: EggScene
20:45:24.546 [JavaFX Application Thread] DEBUG FXGLAssetLoaderServi - Loading from file system: file:/E:/java%20project/tank/target/classes/assets/music/chicken.mp3
20:45:24.558 [JavaFX Application Thread] DEBUG AudioPlayer          - Playing music com.almasb.fxgl.audio.Music@770f3e9
20:45:24.558 [JavaFX Application Thread] DEBUG Input                - Clearing active input actions
20:45:24.558 [JavaFX Application Thread] DEBUG GameApplicationServi - Removing overlay from GameScene and adding to EggScene
20:45:24.558 [JavaFX Application Thread] DEBUG PrimaryStageWindow   - GameScene -> EggScene
20:45:26.556 [JavaFX Application Thread] DEBUG PrimaryStageWindow   - Pop state: EggScene
20:45:26.557 [JavaFX Application Thread] DEBUG Input                - Clearing active input actions
20:45:26.557 [JavaFX Application Thread] DEBUG GameApplicationServi - Removing overlay from EggScene and adding to GameScene
20:45:26.557 [JavaFX Application Thread] DEBUG PrimaryStageWindow   - GameScene <- EggScene
20:45:26.559 [JavaFX Application Thread] WARN  TMXLevelLoader       - TiledMap generated from 1.8.4. Supported version: 1.4.2. Some features may not be parsed fully.
20:45:26.562 [JavaFX Application Thread] DEBUG TMXLevelLoader       - Parsed TiledMap: file:/E:/java%20project/tank/target/classes/assets/levels/Chicken.tmx
20:45:26.562 [JavaFX Application Thread] DEBUG TMXLevelLoader       - Creating tile layer entities
20:45:26.562 [JavaFX Application Thread] DEBUG TMXLevelLoader       - Creating object layer entities
20:45:26.572 [JavaFX Application Thread] DEBUG GameWorld            - Clearing removable entities
20:45:26.577 [JavaFX Application Thread] DEBUG GameWorld            - Setting level: com.almasb.fxgl.entity.level.Level@35bbd63f
20:45:26.581 [JavaFX Application Thread] DEBUG FXGLAssetLoaderServi - Loading from file system: file:/E:/java%20project/tank/target/classes/assets/textures/people.png
20:45:26.597 [JavaFX Application Thread] DEBUG PrimaryStageWindow   - Push state: FXGLDefaultMenu
20:45:26.599 [JavaFX Application Thread] DEBUG Input                - Clearing active input actions
20:45:26.599 [JavaFX Application Thread] DEBUG GameApplicationServi - Removing overlay from GameScene and adding to FXGLDefaultMenu
20:45:26.599 [JavaFX Application Thread] DEBUG PrimaryStageWindow   - GameScene -> FXGLDefaultMenu
20:45:27.610 [JavaFX Application Thread] DEBUG Menu                 - fireExitToMainMenu()
20:45:27.612 [JavaFX Application Thread] DEBUG PrimaryStageWindow   - Push state: DialogSubScene
20:45:27.612 [JavaFX Application Thread] DEBUG Input                - Clearing active input actions
20:45:27.612 [JavaFX Application Thread] DEBUG GameApplicationServi - Removing overlay from FXGLDefaultMenu and adding to DialogSubScene
20:45:27.612 [JavaFX Application Thread] DEBUG PrimaryStageWindow   - FXGLDefaultMenu -> DialogSubScene
20:45:28.450 [JavaFX Application Thread] DEBUG PrimaryStageWindow   - Pop state: DialogSubScene
20:45:28.450 [JavaFX Application Thread] DEBUG Input                - Clearing active input actions
20:45:28.450 [JavaFX Application Thread] DEBUG GameApplicationServi - Removing overlay from DialogSubScene and adding to FXGLDefaultMenu
20:45:28.451 [JavaFX Application Thread] DEBUG PrimaryStageWindow   - FXGLDefaultMenu <- DialogSubScene
20:45:28.452 [JavaFX Application Thread] DEBUG PrimaryStageWindow   - Pop state: FXGLDefaultMenu
20:45:28.452 [JavaFX Application Thread] DEBUG Input                - Clearing active input actions
20:45:28.452 [JavaFX Application Thread] DEBUG GameApplicationServi - Removing overlay from FXGLDefaultMenu and adding to GameScene
20:45:28.452 [JavaFX Application Thread] DEBUG PrimaryStageWindow   - GameScene <- FXGLDefaultMenu
20:45:28.452 [JavaFX Application Thread] DEBUG Input                - Clearing active input actions
20:45:28.458 [JavaFX Application Thread] DEBUG GameApplicationServi - Removing overlay from GameScene and adding to FXGLMainMenuDummyScene
20:45:28.458 [JavaFX Application Thread] DEBUG PrimaryStageWindow   - GameScene -> FXGLMainMenuDummyScene
20:45:28.458 [JavaFX Application Thread] DEBUG PrimaryStageWindow   - Push state: Main_menu
20:45:28.459 [JavaFX Application Thread] DEBUG Input                - Clearing active input actions
20:45:28.460 [JavaFX Application Thread] DEBUG GameApplicationServi - Removing overlay from FXGLMainMenuDummyScene and adding to Main_menu
20:45:28.460 [JavaFX Application Thread] DEBUG PrimaryStageWindow   - FXGLMainMenuDummyScene -> Main_menu
20:45:28.865 [JavaFX Application Thread] DEBUG FXGLApplication      - Exiting FXGL
20:45:28.865 [JavaFX Application Thread] DEBUG LoopRunner           - Stopping loop
20:45:28.865 [JavaFX Application Thread] DEBUG SystemBundleService  - Saving FXGL system data
20:45:28.868 [JavaFX Application Thread] DEBUG FileSystemAccess     - Writing to: E:\java project\tank\system\fxgl.bundle
20:45:28.870 [JavaFX Application Thread] DEBUG Async                - Shutting down background threads
20:45:28.870 [JavaFX Application Thread] DEBUG PrimaryStageWindow   - Closing main window
20:45:28.890 [JavaFX Application Thread] DEBUG Logger               - Closing Logger
