18:36:16.199 [main                     ] DEBUG Logger               - Configured Logger
18:36:16.230 [main                     ] DEBUG GameApplication      - Logging settings
Title: All star battle
Version: 0.1
Width: 2048
Height: 1152
Fullscreen: false
Intro: false
Profiling: false
Single step:false
App Mode: DEVELOPER
Menu Key: ESCAPE
Stage Style: DECORATED
Scene Factory: class com.kenny.AllStarBattle.AllStarBattleApp$1

18:36:16.628 [JavaFX Application Thread] DEBUG FXGLApplication      - Initializing FXGL
18:36:16.633 [JavaFX Application Thread] INFO  Engine               - FXGL-17.1 (24.03.2022 17.34) on WINDOWS (J:17.0.6 FX:18)
18:36:16.633 [JavaFX Application Thread] DEBUG Engine               - JRE Vendor Name: Amazon.com Inc.
18:36:16.634 [JavaFX Application Thread] DEBUG Engine               - Running on OS: Windows 11 version 10.0
18:36:16.635 [JavaFX Application Thread] DEBUG Engine               - Architecture: amd64
18:36:16.635 [JavaFX Application Thread] INFO  Engine               - Source code and latest versions at: https://github.com/AlmasB/FXGL
18:36:16.635 [JavaFX Application Thread] INFO  Engine               -       Ask questions and discuss at: https://github.com/AlmasB/FXGL/discussions
18:36:16.635 [JavaFX Application Thread] INFO  Engine               -              Join the FXGL chat at: https://gitter.im/AlmasB/FXGL
18:36:16.705 [JavaFX Application Thread] DEBUG PrimaryStageWindow   - Creating a JavaFX scene
18:36:16.706 [JavaFX Application Thread] DEBUG PrimaryStageWindow   - Target size > screen size
18:36:16.737 [JavaFX Application Thread] DEBUG PrimaryStageWindow   - Target settings size: 2048.0 x 1152.0
18:36:16.738 [JavaFX Application Thread] DEBUG PrimaryStageWindow   - Scaled scene size:    1682.0 x 960.0
18:36:16.738 [JavaFX Application Thread] DEBUG PrimaryStageWindow   - Scaled ratio: (0.8212890625, 0.8333333333333334)
18:36:16.739 [JavaFX Application Thread] DEBUG PrimaryStageWindow   - Set initial scene to StartScene
18:36:16.745 [JavaFX Application Thread] DEBUG PrimaryStageWindow   - Opening main window
18:36:16.856 [JavaFX Application Thread] DEBUG PrimaryStageWindow   - Window border size: (14.6666259765625, 37.33331298828125)
18:36:16.857 [JavaFX Application Thread] DEBUG PrimaryStageWindow   - Scaled size: 1682.0 x 960.0
18:36:16.857 [JavaFX Application Thread] DEBUG PrimaryStageWindow   - Scaled ratio: (0.8212890625, 0.8333333333333334)
18:36:16.858 [JavaFX Application Thread] DEBUG PrimaryStageWindow   - Scene size: 1682.0 x 960.0
18:36:16.858 [JavaFX Application Thread] DEBUG PrimaryStageWindow   - Stage size: 1696.6666259765625 x 997.3333129882812
18:36:16.872 [FXGL Background Thread 1 ] DEBUG Engine               - Initializing environment variables
18:36:16.909 [FXGL Background Thread 1 ] DEBUG FXGLAssetLoaderServi - User app class for loading assets: class com.kenny.AllStarBattle.AllStarBattleApp
18:36:16.910 [FXGL Background Thread 1 ] DEBUG GameApplicationServi - Applying CSS: fxgl_dark.css
18:36:16.910 [FXGL Background Thread 1 ] DEBUG FXGLAssetLoaderServi - Loading from file system: jar:file:/E:/java%20project/tank/out/artifacts/tank_jar/tank.jar!/fxglassets/ui/css/fxgl_dark.css
18:36:16.991 [FXGL Background Thread 1 ] DEBUG GameApplicationServi - Applying CSS: tank.css
18:36:16.991 [FXGL Background Thread 1 ] DEBUG FXGLAssetLoaderServi - Loading from file system: jar:file:/E:/java%20project/tank/out/artifacts/tank_jar/tank.jar!/assets/ui/css/tank.css
18:36:16.993 [FXGL Background Thread 1 ] DEBUG GameApplicationServi - Initializing application scenes
18:36:17.008 [FXGL Background Thread 1 ] DEBUG GameWorld            - Game world initialized
18:36:17.073 [FXGL Background Thread 1 ] DEBUG PhysicsWorld         - Physics world initialized: appHeight=1152, physics.ppm=50.0
18:36:17.074 [FXGL Background Thread 1 ] DEBUG PhysicsWorld         - Using strategy: BRUTE_FORCE
18:36:17.078 [FXGL Background Thread 1 ] DEBUG GameScene            - Game scene initialized: 2048x1152
18:36:17.086 [FXGL Background Thread 1 ] DEBUG FXGLAssetLoaderServi - Loading from file system: jar:file:/E:/java%20project/tank/out/artifacts/tank_jar/tank.jar!/assets/textures/MainMenu.png
18:36:17.230 [FXGL Background Thread 1 ] DEBUG FXGLAssetLoaderServi - Loading from file system: jar:file:/E:/java%20project/tank/out/artifacts/tank_jar/tank.jar!/assets/textures/R-C.jpg
18:36:17.264 [FXGL Background Thread 1 ] DEBUG FXGL.DefaultMenu     - createMenuBodyGameMenu()
18:36:17.273 [FXGL Background Thread 1 ] DEBUG FXGL.DefaultMenu     - createOptionsMenu()
18:36:17.283 [FXGL Background Thread 1 ] DEBUG FXGLAssetLoaderServi - Loading from file system: jar:file:/E:/java%20project/tank/out/artifacts/tank_jar/tank.jar!/fxglassets/textures/particles/smoke.png
18:36:17.386 [FXGL Background Thread 1 ] DEBUG FXGLAssetLoaderServi - Loading from file system: jar:file:/E:/java%20project/tank/out/artifacts/tank_jar/tank.jar!/fxglassets/textures/particles/trace_horizontal.png
18:36:17.410 [FXGL Background Thread 1 ] DEBUG GameApplicationServi - Application scenes initialized
18:36:17.425 [FXGL Background Thread 1 ] DEBUG SystemBundleService  - Loading FXGL system data
18:36:17.428 [FXGL Background Thread 1 ] DEBUG FileSystemAccess     - Reading from: E:\java project\tank\system\fxgl.bundle
18:36:17.435 [FXGL Background Thread 1 ] DEBUG SystemBundleService  - Bundle FXGL: {}
18:36:17.435 [FXGL Background Thread 1 ] DEBUG UpdaterService       - Checking for updates
18:36:17.439 [FXGL Background Thread 4 ] DEBUG FXGLApplication      - Loading fonts
18:36:17.440 [FXGL Background Thread 1 ] DEBUG FXGLApplication      - Loading default localization
18:36:17.440 [FXGL Background Thread 4 ] DEBUG FXGLAssetLoaderServi - Loading from file system: jar:file:/E:/java%20project/tank/out/artifacts/tank_jar/tank.jar!/fxglassets/ui/fonts/VarelaRound-Regular.ttf
18:36:17.441 [FXGL Background Thread 1 ] DEBUG FXGLAssetLoaderServi - Loading from file system: jar:file:/E:/java%20project/tank/out/artifacts/tank_jar/tank.jar!/fxglassets/languages/english.lang
18:36:17.472 [FXGL Background Thread 1 ] INFO  FXGLApplication      - FXGL initialization took: 0.600 sec
18:36:17.481 [JavaFX Application Thread] DEBUG Input                - Registered new binding: action0 - Up
18:36:17.482 [JavaFX Application Thread] DEBUG Input                - Registered new binding: action1 - Down
18:36:17.482 [JavaFX Application Thread] DEBUG Input                - Registered new binding: action2 - Left
18:36:17.482 [JavaFX Application Thread] DEBUG Input                - Registered new binding: action3 - Right
18:36:17.483 [JavaFX Application Thread] DEBUG Input                - Registered new binding: action4 - Space
18:36:17.483 [JavaFX Application Thread] DEBUG FXGLAssetLoaderServi - Loading from file system: jar:file:/E:/java%20project/tank/out/artifacts/tank_jar/tank.jar!/assets/textures/joker.jpg
18:36:17.499 [JavaFX Application Thread] DEBUG FXGLAssetLoaderServi - Loading from file system: jar:file:/E:/java%20project/tank/out/artifacts/tank_jar/tank.jar!/fxglassets/textures/fxgl_default_cursor.png
18:36:17.502 [JavaFX Application Thread] DEBUG Input                - Registered new binding: Screenshot - CTRL+8
18:36:17.503 [JavaFX Application Thread] DEBUG Input                - Registered new binding: System info dump - CTRL+9
18:36:17.504 [JavaFX Application Thread] DEBUG Input                - Registered new binding: Restart - CTRL+R
18:36:17.504 [JavaFX Application Thread] DEBUG Input                - Registered new binding: Toggle Debug Camera - CTRL+7
18:36:17.508 [JavaFX Application Thread] DEBUG LoopRunner           - Starting loop
18:36:17.509 [JavaFX Application Thread] DEBUG LoopRunner           - Initializing JavaFX AnimationTimerLoop
18:36:17.515 [JavaFX Application Thread] DEBUG Input                - Clearing active input actions
18:36:17.521 [FXGL Background Thread 4 ] DEBUG FXGLAssetLoaderServi - Loading from file system: jar:file:/E:/java%20project/tank/out/artifacts/tank_jar/tank.jar!/fxglassets/ui/fonts/Abel-Regular.ttf
18:36:17.531 [JavaFX Application Thread] DEBUG GameApplicationServi - Removing overlay from StartScene and adding to FXGLMainMenuDummyScene
18:36:17.532 [JavaFX Application Thread] DEBUG PrimaryStageWindow   - StartScene -> FXGLMainMenuDummyScene
18:36:17.532 [FXGL Background Thread 4 ] DEBUG FXGLAssetLoaderServi - Loading from file system: jar:file:/E:/java%20project/tank/out/artifacts/tank_jar/tank.jar!/fxglassets/ui/fonts/TerminalLandMono-Regular.otf
18:36:17.532 [JavaFX Application Thread] DEBUG PrimaryStageWindow   - Push state: Main_menu
18:36:17.534 [JavaFX Application Thread] DEBUG Input                - Clearing active input actions
18:36:17.535 [FXGL Background Thread 4 ] DEBUG FXGLAssetLoaderServi - Loading from file system: jar:file:/E:/java%20project/tank/out/artifacts/tank_jar/tank.jar!/fxglassets/ui/fonts/Courier-Prime.ttf
18:36:17.556 [JavaFX Application Thread] DEBUG GameApplicationServi - Removing overlay from FXGLMainMenuDummyScene and adding to Main_menu
18:36:17.559 [JavaFX Application Thread] DEBUG PrimaryStageWindow   - FXGLMainMenuDummyScene -> Main_menu
18:36:17.751 [JavaFX Application Thread] DEBUG FXGLApplication      - Registering font factories with UI factory
18:36:18.058 [FXGL Background Thread 2 ] INFO  UpdaterService       - Your current version:  17.1
18:36:18.058 [FXGL Background Thread 2 ] INFO  UpdaterService       - Latest stable version: 17.3
18:36:20.439 [FXGL Background Thread 3 ] DEBUG Engine               - Logging environment variables
18:36:20.439 [FXGL Background Thread 3 ] DEBUG Engine               - achievements: []
18:36:20.439 [FXGL Background Thread 3 ] DEBUG Engine               - actualHeight: 960.0
18:36:20.439 [FXGL Background Thread 3 ] DEBUG Engine               - actualHeightProperty: ReadOnlyDoubleProperty [value: 960.0]
18:36:20.439 [FXGL Background Thread 3 ] DEBUG Engine               - actualWidth: 1682.0
18:36:20.440 [FXGL Background Thread 3 ] DEBUG Engine               - actualWidthProperty: ReadOnlyDoubleProperty [value: 1682.0]
18:36:20.440 [FXGL Background Thread 3 ] DEBUG Engine               - appIcon: joker.jpg
18:36:20.440 [FXGL Background Thread 3 ] DEBUG Engine               - applicationMode: DEVELOPER
18:36:20.440 [FXGL Background Thread 3 ] DEBUG Engine               - cSSList: [fxgl_dark.css, tank.css]
18:36:20.440 [FXGL Background Thread 3 ] DEBUG Engine               - collisionDetectionStrategy: BRUTE_FORCE
18:36:20.440 [FXGL Background Thread 3 ] DEBUG Engine               - configClass: Optional.empty
18:36:20.440 [FXGL Background Thread 3 ] DEBUG Engine               - credits: []
18:36:20.440 [FXGL Background Thread 3 ] DEBUG Engine               - defaultCursor: CursorInfo(imageName=fxgl_default_cursor.png, hotspotX=7.0, hotspotY=6.0)
18:36:20.441 [FXGL Background Thread 3 ] DEBUG Engine               - devBBoxColorProperty: ObjectProperty [value: 0xff0000ff]
18:36:20.441 [FXGL Background Thread 3 ] DEBUG Engine               - devEnableDebugCameraProperty: BooleanProperty [value: false]
18:36:20.441 [FXGL Background Thread 3 ] DEBUG Engine               - devSensorColorProperty: ObjectProperty [value: 0xffff00ff]
18:36:20.441 [FXGL Background Thread 3 ] DEBUG Engine               - devShowBBoxProperty: BooleanProperty [value: false]
18:36:20.441 [FXGL Background Thread 3 ] DEBUG Engine               - devShowPositionProperty: BooleanProperty [value: false]
18:36:20.441 [FXGL Background Thread 3 ] DEBUG Engine               - enabledMenuItems: []
18:36:20.441 [FXGL Background Thread 3 ] DEBUG Engine               - engineServices: [class com.almasb.fxgl.app.services.FXGLAssetLoaderService, class com.almasb.fxgl.app.FXGLApplication$GameApplicationService, class com.almasb.fxgl.app.services.FXGLDialogService, class com.almasb.fxgl.app.services.IOTaskExecutorService, class com.almasb.fxgl.io.FileSystemService, class com.almasb.fxgl.localization.LocalizationService, class com.almasb.fxgl.app.services.SystemBundleService, class com.almasb.fxgl.profile.SaveLoadService, class com.almasb.fxgl.ui.FXGLUIFactoryServiceProvider, class com.almasb.fxgl.ui.FXGLDialogFactoryServiceProvider, class com.almasb.fxgl.audio.AudioPlayer, class com.almasb.fxgl.notification.impl.NotificationServiceProvider, class com.almasb.fxgl.achievement.AchievementService, class com.almasb.fxgl.cutscene.CutsceneService, class com.almasb.fxgl.minigames.MiniGameService, class com.almasb.fxgl.net.NetService, class com.almasb.fxgl.app.services.UpdaterService, class com.almasb.fxgl.dev.DevService]
18:36:20.441 [FXGL Background Thread 3 ] DEBUG Engine               - fontGame: Abel-Regular.ttf
18:36:20.441 [FXGL Background Thread 3 ] DEBUG Engine               - fontMono: TerminalLandMono-Regular.otf
18:36:20.441 [FXGL Background Thread 3 ] DEBUG Engine               - fontText: Courier-Prime.ttf
18:36:20.441 [FXGL Background Thread 3 ] DEBUG Engine               - fontUI: VarelaRound-Regular.ttf
18:36:20.441 [FXGL Background Thread 3 ] DEBUG Engine               - fullScreen: BooleanProperty [value: false]
18:36:20.441 [FXGL Background Thread 3 ] DEBUG Engine               - gameDifficulty: MEDIUM
18:36:20.441 [FXGL Background Thread 3 ] DEBUG Engine               - gameDifficultyProperty: ObjectProperty [value: MEDIUM]
18:36:20.441 [FXGL Background Thread 3 ] DEBUG Engine               - globalMusicVolume: 0.5
18:36:20.442 [FXGL Background Thread 3 ] DEBUG Engine               - globalMusicVolumeProperty: DoubleProperty [value: 0.5]
18:36:20.442 [FXGL Background Thread 3 ] DEBUG Engine               - globalSoundVolume: 0.5
18:36:20.442 [FXGL Background Thread 3 ] DEBUG Engine               - globalSoundVolumeProperty: DoubleProperty [value: 0.8]
18:36:20.442 [FXGL Background Thread 3 ] DEBUG Engine               - height: 1152
18:36:20.442 [FXGL Background Thread 3 ] DEBUG Engine               - is3D: false
18:36:20.442 [FXGL Background Thread 3 ] DEBUG Engine               - isAndroid: false
18:36:20.442 [FXGL Background Thread 3 ] DEBUG Engine               - isBrowser: false
18:36:20.442 [FXGL Background Thread 3 ] DEBUG Engine               - isClickFeedbackEnabled: false
18:36:20.442 [FXGL Background Thread 3 ] DEBUG Engine               - isCloseConfirmation: false
18:36:20.443 [FXGL Background Thread 3 ] DEBUG Engine               - isDesktop: true
18:36:20.443 [FXGL Background Thread 3 ] DEBUG Engine               - isDeveloperMenuEnabled: false
18:36:20.443 [FXGL Background Thread 3 ] DEBUG Engine               - isEmbedded: false
18:36:20.443 [FXGL Background Thread 3 ] DEBUG Engine               - isEntityPreloadEnabled: true
18:36:20.443 [FXGL Background Thread 3 ] DEBUG Engine               - isExperimentalTiledLargeMap: false
18:36:20.443 [FXGL Background Thread 3 ] DEBUG Engine               - isFileSystemWriteAllowed: true
18:36:20.443 [FXGL Background Thread 3 ] DEBUG Engine               - isFullScreenAllowed: false
18:36:20.443 [FXGL Background Thread 3 ] DEBUG Engine               - isFullScreenFromStart: false
18:36:20.443 [FXGL Background Thread 3 ] DEBUG Engine               - isGameMenuEnabled: true
18:36:20.443 [FXGL Background Thread 3 ] DEBUG Engine               - isIOS: false
18:36:20.443 [FXGL Background Thread 3 ] DEBUG Engine               - isIntroEnabled: false
18:36:20.443 [FXGL Background Thread 3 ] DEBUG Engine               - isLinux: false
18:36:20.443 [FXGL Background Thread 3 ] DEBUG Engine               - isMac: false
18:36:20.443 [FXGL Background Thread 3 ] DEBUG Engine               - isMainMenuEnabled: true
18:36:20.443 [FXGL Background Thread 3 ] DEBUG Engine               - isManualResizeEnabled: false
18:36:20.445 [FXGL Background Thread 3 ] DEBUG Engine               - isMobile: false
18:36:20.445 [FXGL Background Thread 3 ] DEBUG Engine               - isNative: false
18:36:20.445 [FXGL Background Thread 3 ] DEBUG Engine               - isPauseMusicWhenMinimized: true
18:36:20.445 [FXGL Background Thread 3 ] DEBUG Engine               - isPreserveResizeRatio: false
18:36:20.446 [FXGL Background Thread 3 ] DEBUG Engine               - isProfilingEnabled: false
18:36:20.446 [FXGL Background Thread 3 ] DEBUG Engine               - isScaleAffectedOnResize: true
18:36:20.446 [FXGL Background Thread 3 ] DEBUG Engine               - isSingleStep: false
18:36:20.446 [FXGL Background Thread 3 ] DEBUG Engine               - isUserProfileEnabled: false
18:36:20.446 [FXGL Background Thread 3 ] DEBUG Engine               - isWindows: true
18:36:20.447 [FXGL Background Thread 3 ] DEBUG Engine               - language: ObjectProperty [value: ENGLISH]
18:36:20.447 [FXGL Background Thread 3 ] DEBUG Engine               - menuKey: ESCAPE
18:36:20.447 [FXGL Background Thread 3 ] DEBUG Engine               - mouseSensitivity: 0.2
18:36:20.447 [FXGL Background Thread 3 ] DEBUG Engine               - notificationViewClass: class com.almasb.fxgl.notification.view.XboxNotificationView
18:36:20.447 [FXGL Background Thread 3 ] DEBUG Engine               - pixelsPerMeter: 50.0
18:36:20.447 [FXGL Background Thread 3 ] DEBUG Engine               - platform: WINDOWS
18:36:20.447 [FXGL Background Thread 3 ] DEBUG Engine               - prefHeightProperty: ReadOnlyDoubleProperty [value: 1152.0]
18:36:20.447 [FXGL Background Thread 3 ] DEBUG Engine               - prefWidthProperty: ReadOnlyDoubleProperty [value: 2048.0]
18:36:20.447 [FXGL Background Thread 3 ] DEBUG Engine               - profileDir: profiles/
18:36:20.447 [FXGL Background Thread 3 ] DEBUG Engine               - profileName: StringProperty [value: DEFAULT]
18:36:20.448 [FXGL Background Thread 3 ] DEBUG Engine               - randomSeed: -1
18:36:20.448 [FXGL Background Thread 3 ] DEBUG Engine               - runtimeInfo: RuntimeInfo(platform=WINDOWS, version=17.1, build=24.03.2022 17.34)
18:36:20.449 [FXGL Background Thread 3 ] DEBUG Engine               - saveFileExt: sav
18:36:20.449 [FXGL Background Thread 3 ] DEBUG Engine               - scaledHeightProp$fxgl: DoubleProperty [bound, value: 960.0]
18:36:20.449 [FXGL Background Thread 3 ] DEBUG Engine               - scaledWidthProp$fxgl: DoubleProperty [bound, value: 1682.0]
18:36:20.449 [FXGL Background Thread 3 ] DEBUG Engine               - sceneFactory: com.kenny.AllStarBattle.AllStarBattleApp$1@77698f3f
18:36:20.449 [FXGL Background Thread 3 ] DEBUG Engine               - secondsIn24h: 60
18:36:20.449 [FXGL Background Thread 3 ] DEBUG Engine               - soundMenuBack: menu/back.wav
18:36:20.449 [FXGL Background Thread 3 ] DEBUG Engine               - soundMenuPress: menu/press.wav
18:36:20.449 [FXGL Background Thread 3 ] DEBUG Engine               - soundMenuSelect: menu/select.wav
18:36:20.450 [FXGL Background Thread 3 ] DEBUG Engine               - soundNotification: core/notification.wav
18:36:20.450 [FXGL Background Thread 3 ] DEBUG Engine               - stageStyle: DECORATED
18:36:20.450 [FXGL Background Thread 3 ] DEBUG Engine               - supportedLanguages: [ENGLISH, FRENCH, GERMAN, HUNGARIAN, RUSSIAN]
18:36:20.450 [FXGL Background Thread 3 ] DEBUG Engine               - ticksPerSecond: -1
18:36:20.451 [FXGL Background Thread 3 ] DEBUG Engine               - title: All star battle
18:36:20.451 [FXGL Background Thread 3 ] DEBUG Engine               - urlGithub: https://github.com/AlmasB/FXGL
18:36:20.451 [FXGL Background Thread 3 ] DEBUG Engine               - urlLeaderboard: http://fxgl-top.herokuapp.com/
18:36:20.451 [FXGL Background Thread 3 ] DEBUG Engine               - urlPOM: https://raw.githubusercontent.com/AlmasB/FXGL/release/README.md
18:36:20.451 [FXGL Background Thread 3 ] DEBUG Engine               - userAppClass: class com.kenny.AllStarBattle.AllStarBattleApp
18:36:20.451 [FXGL Background Thread 3 ] DEBUG Engine               - version: 0.1
18:36:20.451 [FXGL Background Thread 3 ] DEBUG Engine               - versionCheckDays: 7
18:36:20.451 [FXGL Background Thread 3 ] DEBUG Engine               - width: 2048
18:36:20.451 [FXGL Background Thread 3 ] DEBUG Engine               - Logging services
18:36:20.451 [FXGL Background Thread 3 ] DEBUG Engine               - class com.almasb.fxgl.app.services.FXGLAssetLoaderService
18:36:20.451 [FXGL Background Thread 3 ] DEBUG Engine               - class com.almasb.fxgl.app.FXGLApplication$GameApplicationService
18:36:20.451 [FXGL Background Thread 3 ] DEBUG Engine               - class com.almasb.fxgl.app.services.FXGLDialogService
18:36:20.451 [FXGL Background Thread 3 ] DEBUG Engine               - class com.almasb.fxgl.app.services.IOTaskExecutorService
18:36:20.451 [FXGL Background Thread 3 ] DEBUG Engine               - class com.almasb.fxgl.io.FileSystemService
18:36:20.451 [FXGL Background Thread 3 ] DEBUG Engine               - class com.almasb.fxgl.localization.LocalizationService
18:36:20.451 [FXGL Background Thread 3 ] DEBUG Engine               - class com.almasb.fxgl.app.services.SystemBundleService
18:36:20.451 [FXGL Background Thread 3 ] DEBUG Engine               - class com.almasb.fxgl.profile.SaveLoadService
18:36:20.451 [FXGL Background Thread 3 ] DEBUG Engine               - class com.almasb.fxgl.ui.FXGLUIFactoryServiceProvider
18:36:20.451 [FXGL Background Thread 3 ] DEBUG Engine               - class com.almasb.fxgl.ui.FXGLDialogFactoryServiceProvider
18:36:20.451 [FXGL Background Thread 3 ] DEBUG Engine               - class com.almasb.fxgl.audio.AudioPlayer
18:36:20.452 [FXGL Background Thread 3 ] DEBUG Engine               - class com.almasb.fxgl.notification.impl.NotificationServiceProvider
18:36:20.452 [FXGL Background Thread 3 ] DEBUG Engine               - class com.almasb.fxgl.achievement.AchievementService
18:36:20.452 [FXGL Background Thread 3 ] DEBUG Engine               - class com.almasb.fxgl.cutscene.CutsceneService
18:36:20.452 [FXGL Background Thread 3 ] DEBUG Engine               - class com.almasb.fxgl.minigames.MiniGameService
18:36:20.452 [FXGL Background Thread 3 ] DEBUG Engine               - class com.almasb.fxgl.net.NetService
18:36:20.452 [FXGL Background Thread 3 ] DEBUG Engine               - class com.almasb.fxgl.app.services.UpdaterService
18:36:20.452 [FXGL Background Thread 3 ] DEBUG Engine               - class com.almasb.fxgl.dev.DevService
18:36:24.797 [JavaFX Application Thread] DEBUG FXGLApplication      - Exiting FXGL
18:36:24.797 [JavaFX Application Thread] DEBUG LoopRunner           - Stopping loop
18:36:24.797 [JavaFX Application Thread] DEBUG SystemBundleService  - Saving FXGL system data
18:36:24.799 [JavaFX Application Thread] DEBUG FileSystemAccess     - Writing to: E:\java project\tank\system\fxgl.bundle
18:36:24.800 [JavaFX Application Thread] DEBUG Async                - Shutting down background threads
18:36:24.800 [JavaFX Application Thread] DEBUG PrimaryStageWindow   - Closing main window
18:36:24.832 [JavaFX Application Thread] DEBUG Logger               - Closing Logger
