11:55:46.002 [main                     ] DEBUG Logger               - Configured Logger
11:55:46.022 [main                     ] DEBUG GameApplication      - Logging settings
Title: All star battle
Version: 0.1
Width: 2048
Height: 1152
Fullscreen: false
Intro: false
Profiling: false
Single step:false
App Mode: DEVELOPER
Menu Key: ESCAPE
Stage Style: DECORATED
Scene Factory: class com.kenny.AllStarBattle.AllStarBattleApp$1

11:55:46.442 [JavaFX Application Thread] DEBUG FXGLApplication      - Initializing FXGL
11:55:46.455 [JavaFX Application Thread] INFO  Engine               - FXGL-17.1 (24.03.2022 17.34) on WINDOWS (J:17.0.6 FX:18)
11:55:46.455 [JavaFX Application Thread] DEBUG Engine               - JRE Vendor Name: Amazon.com Inc.
11:55:46.455 [JavaFX Application Thread] DEBUG Engine               - Running on OS: Windows 11 version 10.0
11:55:46.455 [JavaFX Application Thread] DEBUG Engine               - Architecture: amd64
11:55:46.455 [JavaFX Application Thread] INFO  Engine               - Source code and latest versions at: https://github.com/AlmasB/FXGL
11:55:46.455 [JavaFX Application Thread] INFO  Engine               -       Ask questions and discuss at: https://github.com/AlmasB/FXGL/discussions
11:55:46.455 [JavaFX Application Thread] INFO  Engine               -              Join the FXGL chat at: https://gitter.im/AlmasB/FXGL
11:55:46.542 [JavaFX Application Thread] DEBUG PrimaryStageWindow   - Creating a JavaFX scene
11:55:46.542 [JavaFX Application Thread] DEBUG PrimaryStageWindow   - Target size > screen size
11:55:46.581 [JavaFX Application Thread] DEBUG PrimaryStageWindow   - Target settings size: 2048.0 x 1152.0
11:55:46.581 [JavaFX Application Thread] DEBUG PrimaryStageWindow   - Scaled scene size:    1682.0 x 960.0
11:55:46.582 [JavaFX Application Thread] DEBUG PrimaryStageWindow   - Scaled ratio: (0.8212890625, 0.8333333333333334)
11:55:46.582 [JavaFX Application Thread] DEBUG PrimaryStageWindow   - Set initial scene to StartScene
11:55:46.589 [JavaFX Application Thread] DEBUG PrimaryStageWindow   - Opening main window
11:55:46.729 [JavaFX Application Thread] DEBUG PrimaryStageWindow   - Window border size: (14.6666259765625, 37.33331298828125)
11:55:46.729 [JavaFX Application Thread] DEBUG PrimaryStageWindow   - Scaled size: 1682.0 x 960.0
11:55:46.729 [JavaFX Application Thread] DEBUG PrimaryStageWindow   - Scaled ratio: (0.8212890625, 0.8333333333333334)
11:55:46.730 [JavaFX Application Thread] DEBUG PrimaryStageWindow   - Scene size: 1682.0 x 960.0
11:55:46.730 [JavaFX Application Thread] DEBUG PrimaryStageWindow   - Stage size: 1696.6666259765625 x 997.3333129882812
11:55:46.739 [FXGL Background Thread 1 ] DEBUG Engine               - Initializing environment variables
11:55:46.774 [FXGL Background Thread 1 ] DEBUG FXGLAssetLoaderServi - User app class for loading assets: class com.kenny.AllStarBattle.AllStarBattleApp
11:55:46.774 [FXGL Background Thread 1 ] DEBUG GameApplicationServi - Applying CSS: fxgl_dark.css
11:55:46.775 [FXGL Background Thread 1 ] DEBUG FXGLAssetLoaderServi - Loading from file system: jar:file:/E:/java%20project/tank/out/artifacts/tank_jar/tank.jar!/fxglassets/ui/css/fxgl_dark.css
11:55:46.809 [FXGL Background Thread 1 ] DEBUG GameApplicationServi - Applying CSS: tank.css
11:55:46.810 [FXGL Background Thread 1 ] DEBUG FXGLAssetLoaderServi - Loading from file system: jar:file:/E:/java%20project/tank/out/artifacts/tank_jar/tank.jar!/assets/ui/css/tank.css
11:55:46.810 [FXGL Background Thread 1 ] DEBUG GameApplicationServi - Initializing application scenes
11:55:46.813 [FXGL Background Thread 1 ] DEBUG GameWorld            - Game world initialized
11:55:46.854 [FXGL Background Thread 1 ] DEBUG PhysicsWorld         - Physics world initialized: appHeight=1152, physics.ppm=50.0
11:55:46.854 [FXGL Background Thread 1 ] DEBUG PhysicsWorld         - Using strategy: BRUTE_FORCE
11:55:46.857 [FXGL Background Thread 1 ] DEBUG GameScene            - Game scene initialized: 2048x1152
11:55:46.862 [FXGL Background Thread 1 ] DEBUG FXGLAssetLoaderServi - Loading from file system: jar:file:/E:/java%20project/tank/out/artifacts/tank_jar/tank.jar!/assets/textures/MainMenu.png
11:55:46.968 [FXGL Background Thread 1 ] DEBUG FXGLAssetLoaderServi - Loading from file system: jar:file:/E:/java%20project/tank/out/artifacts/tank_jar/tank.jar!/assets/textures/R-C.jpg
11:55:47.000 [FXGL Background Thread 1 ] DEBUG FXGL.DefaultMenu     - createMenuBodyGameMenu()
11:55:47.008 [FXGL Background Thread 1 ] DEBUG FXGL.DefaultMenu     - createOptionsMenu()
11:55:47.015 [FXGL Background Thread 1 ] DEBUG FXGLAssetLoaderServi - Loading from file system: jar:file:/E:/java%20project/tank/out/artifacts/tank_jar/tank.jar!/fxglassets/textures/particles/smoke.png
11:55:47.093 [FXGL Background Thread 1 ] DEBUG FXGLAssetLoaderServi - Loading from file system: jar:file:/E:/java%20project/tank/out/artifacts/tank_jar/tank.jar!/fxglassets/textures/particles/trace_horizontal.png
11:55:47.112 [FXGL Background Thread 1 ] DEBUG GameApplicationServi - Application scenes initialized
11:55:47.122 [FXGL Background Thread 1 ] DEBUG SystemBundleService  - Loading FXGL system data
11:55:47.124 [FXGL Background Thread 1 ] DEBUG FileSystemAccess     - Reading from: E:\java project\tank\system\fxgl.bundle
11:55:47.130 [FXGL Background Thread 1 ] DEBUG SystemBundleService  - Bundle FXGL: {}
11:55:47.131 [FXGL Background Thread 1 ] DEBUG UpdaterService       - Checking for updates
11:55:47.134 [FXGL Background Thread 4 ] DEBUG FXGLApplication      - Loading fonts
11:55:47.135 [FXGL Background Thread 1 ] DEBUG FXGLApplication      - Loading default localization
11:55:47.135 [FXGL Background Thread 4 ] DEBUG FXGLAssetLoaderServi - Loading from file system: jar:file:/E:/java%20project/tank/out/artifacts/tank_jar/tank.jar!/fxglassets/ui/fonts/VarelaRound-Regular.ttf
11:55:47.135 [FXGL Background Thread 1 ] DEBUG FXGLAssetLoaderServi - Loading from file system: jar:file:/E:/java%20project/tank/out/artifacts/tank_jar/tank.jar!/fxglassets/languages/english.lang
11:55:47.156 [FXGL Background Thread 1 ] INFO  FXGLApplication      - FXGL initialization took: 0.417 sec
11:55:47.163 [JavaFX Application Thread] DEBUG Input                - Registered new binding: action0 - Up
11:55:47.164 [JavaFX Application Thread] DEBUG Input                - Registered new binding: action1 - Down
11:55:47.164 [JavaFX Application Thread] DEBUG Input                - Registered new binding: action2 - Left
11:55:47.165 [JavaFX Application Thread] DEBUG Input                - Registered new binding: action3 - Right
11:55:47.165 [JavaFX Application Thread] DEBUG Input                - Registered new binding: action4 - Space
11:55:47.165 [JavaFX Application Thread] DEBUG FXGLAssetLoaderServi - Loading from file system: jar:file:/E:/java%20project/tank/out/artifacts/tank_jar/tank.jar!/assets/textures/joker.jpg
11:55:47.177 [JavaFX Application Thread] DEBUG FXGLAssetLoaderServi - Loading from file system: jar:file:/E:/java%20project/tank/out/artifacts/tank_jar/tank.jar!/fxglassets/textures/fxgl_default_cursor.png
11:55:47.179 [JavaFX Application Thread] DEBUG Input                - Registered new binding: Screenshot - CTRL+8
11:55:47.179 [JavaFX Application Thread] DEBUG Input                - Registered new binding: System info dump - CTRL+9
11:55:47.180 [JavaFX Application Thread] DEBUG Input                - Registered new binding: Restart - CTRL+R
11:55:47.181 [JavaFX Application Thread] DEBUG Input                - Registered new binding: Toggle Debug Camera - CTRL+7
11:55:47.185 [JavaFX Application Thread] DEBUG LoopRunner           - Starting loop
11:55:47.185 [JavaFX Application Thread] DEBUG LoopRunner           - Initializing JavaFX AnimationTimerLoop
11:55:47.191 [JavaFX Application Thread] DEBUG Input                - Clearing active input actions
11:55:47.195 [FXGL Background Thread 4 ] DEBUG FXGLAssetLoaderServi - Loading from file system: jar:file:/E:/java%20project/tank/out/artifacts/tank_jar/tank.jar!/fxglassets/ui/fonts/Abel-Regular.ttf
11:55:47.197 [FXGL Background Thread 4 ] DEBUG FXGLAssetLoaderServi - Loading from file system: jar:file:/E:/java%20project/tank/out/artifacts/tank_jar/tank.jar!/fxglassets/ui/fonts/TerminalLandMono-Regular.otf
11:55:47.198 [JavaFX Application Thread] DEBUG GameApplicationServi - Removing overlay from StartScene and adding to FXGLMainMenuDummyScene
11:55:47.198 [JavaFX Application Thread] DEBUG PrimaryStageWindow   - StartScene -> FXGLMainMenuDummyScene
11:55:47.198 [JavaFX Application Thread] DEBUG PrimaryStageWindow   - Push state: Main_menu
11:55:47.199 [FXGL Background Thread 4 ] DEBUG FXGLAssetLoaderServi - Loading from file system: jar:file:/E:/java%20project/tank/out/artifacts/tank_jar/tank.jar!/fxglassets/ui/fonts/Courier-Prime.ttf
11:55:47.200 [JavaFX Application Thread] DEBUG Input                - Clearing active input actions
11:55:47.216 [JavaFX Application Thread] DEBUG GameApplicationServi - Removing overlay from FXGLMainMenuDummyScene and adding to Main_menu
11:55:47.216 [JavaFX Application Thread] DEBUG PrimaryStageWindow   - FXGLMainMenuDummyScene -> Main_menu
11:55:47.354 [JavaFX Application Thread] DEBUG FXGLApplication      - Registering font factories with UI factory
11:55:47.951 [FXGL Background Thread 2 ] INFO  UpdaterService       - Your current version:  17.1
11:55:47.952 [FXGL Background Thread 2 ] INFO  UpdaterService       - Latest stable version: 17.3
11:55:50.135 [FXGL Background Thread 3 ] DEBUG Engine               - Logging environment variables
11:55:50.136 [FXGL Background Thread 3 ] DEBUG Engine               - achievements: []
11:55:50.136 [FXGL Background Thread 3 ] DEBUG Engine               - actualHeight: 960.0
11:55:50.137 [FXGL Background Thread 3 ] DEBUG Engine               - actualHeightProperty: ReadOnlyDoubleProperty [value: 960.0]
11:55:50.137 [FXGL Background Thread 3 ] DEBUG Engine               - actualWidth: 1682.0
11:55:50.137 [FXGL Background Thread 3 ] DEBUG Engine               - actualWidthProperty: ReadOnlyDoubleProperty [value: 1682.0]
11:55:50.137 [FXGL Background Thread 3 ] DEBUG Engine               - appIcon: joker.jpg
11:55:50.138 [FXGL Background Thread 3 ] DEBUG Engine               - applicationMode: DEVELOPER
11:55:50.138 [FXGL Background Thread 3 ] DEBUG Engine               - cSSList: [fxgl_dark.css, tank.css]
11:55:50.138 [FXGL Background Thread 3 ] DEBUG Engine               - collisionDetectionStrategy: BRUTE_FORCE
11:55:50.139 [FXGL Background Thread 3 ] DEBUG Engine               - configClass: Optional.empty
11:55:50.140 [FXGL Background Thread 3 ] DEBUG Engine               - credits: []
11:55:50.141 [FXGL Background Thread 3 ] DEBUG Engine               - defaultCursor: CursorInfo(imageName=fxgl_default_cursor.png, hotspotX=7.0, hotspotY=6.0)
11:55:50.142 [FXGL Background Thread 3 ] DEBUG Engine               - devBBoxColorProperty: ObjectProperty [value: 0xff0000ff]
11:55:50.142 [FXGL Background Thread 3 ] DEBUG Engine               - devEnableDebugCameraProperty: BooleanProperty [value: false]
11:55:50.142 [FXGL Background Thread 3 ] DEBUG Engine               - devSensorColorProperty: ObjectProperty [value: 0xffff00ff]
11:55:50.142 [FXGL Background Thread 3 ] DEBUG Engine               - devShowBBoxProperty: BooleanProperty [value: false]
11:55:50.142 [FXGL Background Thread 3 ] DEBUG Engine               - devShowPositionProperty: BooleanProperty [value: false]
11:55:50.142 [FXGL Background Thread 3 ] DEBUG Engine               - enabledMenuItems: []
11:55:50.143 [FXGL Background Thread 3 ] DEBUG Engine               - engineServices: [class com.almasb.fxgl.app.services.FXGLAssetLoaderService, class com.almasb.fxgl.app.FXGLApplication$GameApplicationService, class com.almasb.fxgl.app.services.FXGLDialogService, class com.almasb.fxgl.app.services.IOTaskExecutorService, class com.almasb.fxgl.io.FileSystemService, class com.almasb.fxgl.localization.LocalizationService, class com.almasb.fxgl.app.services.SystemBundleService, class com.almasb.fxgl.profile.SaveLoadService, class com.almasb.fxgl.ui.FXGLUIFactoryServiceProvider, class com.almasb.fxgl.ui.FXGLDialogFactoryServiceProvider, class com.almasb.fxgl.audio.AudioPlayer, class com.almasb.fxgl.notification.impl.NotificationServiceProvider, class com.almasb.fxgl.achievement.AchievementService, class com.almasb.fxgl.cutscene.CutsceneService, class com.almasb.fxgl.minigames.MiniGameService, class com.almasb.fxgl.net.NetService, class com.almasb.fxgl.app.services.UpdaterService, class com.almasb.fxgl.dev.DevService]
11:55:50.143 [FXGL Background Thread 3 ] DEBUG Engine               - fontGame: Abel-Regular.ttf
11:55:50.143 [FXGL Background Thread 3 ] DEBUG Engine               - fontMono: TerminalLandMono-Regular.otf
11:55:50.143 [FXGL Background Thread 3 ] DEBUG Engine               - fontText: Courier-Prime.ttf
11:55:50.143 [FXGL Background Thread 3 ] DEBUG Engine               - fontUI: VarelaRound-Regular.ttf
11:55:50.144 [FXGL Background Thread 3 ] DEBUG Engine               - fullScreen: BooleanProperty [value: false]
11:55:50.144 [FXGL Background Thread 3 ] DEBUG Engine               - gameDifficulty: MEDIUM
11:55:50.144 [FXGL Background Thread 3 ] DEBUG Engine               - gameDifficultyProperty: ObjectProperty [value: MEDIUM]
11:55:50.144 [FXGL Background Thread 3 ] DEBUG Engine               - globalMusicVolume: 0.5
11:55:50.144 [FXGL Background Thread 3 ] DEBUG Engine               - globalMusicVolumeProperty: DoubleProperty [value: 0.5]
11:55:50.144 [FXGL Background Thread 3 ] DEBUG Engine               - globalSoundVolume: 0.5
11:55:50.144 [FXGL Background Thread 3 ] DEBUG Engine               - globalSoundVolumeProperty: DoubleProperty [value: 0.8]
11:55:50.144 [FXGL Background Thread 3 ] DEBUG Engine               - height: 1152
11:55:50.144 [FXGL Background Thread 3 ] DEBUG Engine               - is3D: false
11:55:50.144 [FXGL Background Thread 3 ] DEBUG Engine               - isAndroid: false
11:55:50.144 [FXGL Background Thread 3 ] DEBUG Engine               - isBrowser: false
11:55:50.144 [FXGL Background Thread 3 ] DEBUG Engine               - isClickFeedbackEnabled: false
11:55:50.145 [FXGL Background Thread 3 ] DEBUG Engine               - isCloseConfirmation: false
11:55:50.145 [FXGL Background Thread 3 ] DEBUG Engine               - isDesktop: true
11:55:50.145 [FXGL Background Thread 3 ] DEBUG Engine               - isDeveloperMenuEnabled: false
11:55:50.145 [FXGL Background Thread 3 ] DEBUG Engine               - isEmbedded: false
11:55:50.145 [FXGL Background Thread 3 ] DEBUG Engine               - isEntityPreloadEnabled: true
11:55:50.145 [FXGL Background Thread 3 ] DEBUG Engine               - isExperimentalTiledLargeMap: false
11:55:50.145 [FXGL Background Thread 3 ] DEBUG Engine               - isFileSystemWriteAllowed: true
11:55:50.145 [FXGL Background Thread 3 ] DEBUG Engine               - isFullScreenAllowed: false
11:55:50.145 [FXGL Background Thread 3 ] DEBUG Engine               - isFullScreenFromStart: false
11:55:50.145 [FXGL Background Thread 3 ] DEBUG Engine               - isGameMenuEnabled: true
11:55:50.145 [FXGL Background Thread 3 ] DEBUG Engine               - isIOS: false
11:55:50.145 [FXGL Background Thread 3 ] DEBUG Engine               - isIntroEnabled: false
11:55:50.145 [FXGL Background Thread 3 ] DEBUG Engine               - isLinux: false
11:55:50.145 [FXGL Background Thread 3 ] DEBUG Engine               - isMac: false
11:55:50.146 [FXGL Background Thread 3 ] DEBUG Engine               - isMainMenuEnabled: true
11:55:50.146 [FXGL Background Thread 3 ] DEBUG Engine               - isManualResizeEnabled: false
11:55:50.146 [FXGL Background Thread 3 ] DEBUG Engine               - isMobile: false
11:55:50.146 [FXGL Background Thread 3 ] DEBUG Engine               - isNative: false
11:55:50.146 [FXGL Background Thread 3 ] DEBUG Engine               - isPauseMusicWhenMinimized: true
11:55:50.146 [FXGL Background Thread 3 ] DEBUG Engine               - isPreserveResizeRatio: false
11:55:50.146 [FXGL Background Thread 3 ] DEBUG Engine               - isProfilingEnabled: false
11:55:50.146 [FXGL Background Thread 3 ] DEBUG Engine               - isScaleAffectedOnResize: true
11:55:50.146 [FXGL Background Thread 3 ] DEBUG Engine               - isSingleStep: false
11:55:50.146 [FXGL Background Thread 3 ] DEBUG Engine               - isUserProfileEnabled: false
11:55:50.146 [FXGL Background Thread 3 ] DEBUG Engine               - isWindows: true
11:55:50.146 [FXGL Background Thread 3 ] DEBUG Engine               - language: ObjectProperty [value: ENGLISH]
11:55:50.146 [FXGL Background Thread 3 ] DEBUG Engine               - menuKey: ESCAPE
11:55:50.146 [FXGL Background Thread 3 ] DEBUG Engine               - mouseSensitivity: 0.2
11:55:50.146 [FXGL Background Thread 3 ] DEBUG Engine               - notificationViewClass: class com.almasb.fxgl.notification.view.XboxNotificationView
11:55:50.146 [FXGL Background Thread 3 ] DEBUG Engine               - pixelsPerMeter: 50.0
11:55:50.146 [FXGL Background Thread 3 ] DEBUG Engine               - platform: WINDOWS
11:55:50.146 [FXGL Background Thread 3 ] DEBUG Engine               - prefHeightProperty: ReadOnlyDoubleProperty [value: 1152.0]
11:55:50.146 [FXGL Background Thread 3 ] DEBUG Engine               - prefWidthProperty: ReadOnlyDoubleProperty [value: 2048.0]
11:55:50.146 [FXGL Background Thread 3 ] DEBUG Engine               - profileDir: profiles/
11:55:50.146 [FXGL Background Thread 3 ] DEBUG Engine               - profileName: StringProperty [value: DEFAULT]
11:55:50.146 [FXGL Background Thread 3 ] DEBUG Engine               - randomSeed: -1
11:55:50.147 [FXGL Background Thread 3 ] DEBUG Engine               - runtimeInfo: RuntimeInfo(platform=WINDOWS, version=17.1, build=24.03.2022 17.34)
11:55:50.147 [FXGL Background Thread 3 ] DEBUG Engine               - saveFileExt: sav
11:55:50.147 [FXGL Background Thread 3 ] DEBUG Engine               - scaledHeightProp$fxgl: DoubleProperty [bound, value: 960.0]
11:55:50.147 [FXGL Background Thread 3 ] DEBUG Engine               - scaledWidthProp$fxgl: DoubleProperty [bound, value: 1682.0]
11:55:50.147 [FXGL Background Thread 3 ] DEBUG Engine               - sceneFactory: com.kenny.AllStarBattle.AllStarBattleApp$1@6906f481
11:55:50.147 [FXGL Background Thread 3 ] DEBUG Engine               - secondsIn24h: 60
11:55:50.147 [FXGL Background Thread 3 ] DEBUG Engine               - soundMenuBack: menu/back.wav
11:55:50.147 [FXGL Background Thread 3 ] DEBUG Engine               - soundMenuPress: menu/press.wav
11:55:50.147 [FXGL Background Thread 3 ] DEBUG Engine               - soundMenuSelect: menu/select.wav
11:55:50.147 [FXGL Background Thread 3 ] DEBUG Engine               - soundNotification: core/notification.wav
11:55:50.147 [FXGL Background Thread 3 ] DEBUG Engine               - stageStyle: DECORATED
11:55:50.147 [FXGL Background Thread 3 ] DEBUG Engine               - supportedLanguages: [ENGLISH, FRENCH, GERMAN, HUNGARIAN, RUSSIAN]
11:55:50.147 [FXGL Background Thread 3 ] DEBUG Engine               - ticksPerSecond: -1
11:55:50.147 [FXGL Background Thread 3 ] DEBUG Engine               - title: All star battle
11:55:50.147 [FXGL Background Thread 3 ] DEBUG Engine               - urlGithub: https://github.com/AlmasB/FXGL
11:55:50.147 [FXGL Background Thread 3 ] DEBUG Engine               - urlLeaderboard: http://fxgl-top.herokuapp.com/
11:55:50.147 [FXGL Background Thread 3 ] DEBUG Engine               - urlPOM: https://raw.githubusercontent.com/AlmasB/FXGL/release/README.md
11:55:50.147 [FXGL Background Thread 3 ] DEBUG Engine               - userAppClass: class com.kenny.AllStarBattle.AllStarBattleApp
11:55:50.147 [FXGL Background Thread 3 ] DEBUG Engine               - version: 0.1
11:55:50.147 [FXGL Background Thread 3 ] DEBUG Engine               - versionCheckDays: 7
11:55:50.147 [FXGL Background Thread 3 ] DEBUG Engine               - width: 2048
11:55:50.147 [FXGL Background Thread 3 ] DEBUG Engine               - Logging services
11:55:50.147 [FXGL Background Thread 3 ] DEBUG Engine               - class com.almasb.fxgl.app.services.FXGLAssetLoaderService
11:55:50.147 [FXGL Background Thread 3 ] DEBUG Engine               - class com.almasb.fxgl.app.FXGLApplication$GameApplicationService
11:55:50.147 [FXGL Background Thread 3 ] DEBUG Engine               - class com.almasb.fxgl.app.services.FXGLDialogService
11:55:50.147 [FXGL Background Thread 3 ] DEBUG Engine               - class com.almasb.fxgl.app.services.IOTaskExecutorService
11:55:50.147 [FXGL Background Thread 3 ] DEBUG Engine               - class com.almasb.fxgl.io.FileSystemService
11:55:50.147 [FXGL Background Thread 3 ] DEBUG Engine               - class com.almasb.fxgl.localization.LocalizationService
11:55:50.147 [FXGL Background Thread 3 ] DEBUG Engine               - class com.almasb.fxgl.app.services.SystemBundleService
11:55:50.147 [FXGL Background Thread 3 ] DEBUG Engine               - class com.almasb.fxgl.profile.SaveLoadService
11:55:50.147 [FXGL Background Thread 3 ] DEBUG Engine               - class com.almasb.fxgl.ui.FXGLUIFactoryServiceProvider
11:55:50.147 [FXGL Background Thread 3 ] DEBUG Engine               - class com.almasb.fxgl.ui.FXGLDialogFactoryServiceProvider
11:55:50.148 [FXGL Background Thread 3 ] DEBUG Engine               - class com.almasb.fxgl.audio.AudioPlayer
11:55:50.148 [FXGL Background Thread 3 ] DEBUG Engine               - class com.almasb.fxgl.notification.impl.NotificationServiceProvider
11:55:50.148 [FXGL Background Thread 3 ] DEBUG Engine               - class com.almasb.fxgl.achievement.AchievementService
11:55:50.148 [FXGL Background Thread 3 ] DEBUG Engine               - class com.almasb.fxgl.cutscene.CutsceneService
11:55:50.148 [FXGL Background Thread 3 ] DEBUG Engine               - class com.almasb.fxgl.minigames.MiniGameService
11:55:50.148 [FXGL Background Thread 3 ] DEBUG Engine               - class com.almasb.fxgl.net.NetService
11:55:50.148 [FXGL Background Thread 3 ] DEBUG Engine               - class com.almasb.fxgl.app.services.UpdaterService
11:55:50.148 [FXGL Background Thread 3 ] DEBUG Engine               - class com.almasb.fxgl.dev.DevService
11:55:57.832 [JavaFX Application Thread] DEBUG GameApplicationServi - Starting new game
11:55:57.832 [JavaFX Application Thread] DEBUG PrimaryStageWindow   - Pop state: Main_menu
11:55:57.832 [JavaFX Application Thread] DEBUG Input                - Clearing active input actions
11:55:57.834 [JavaFX Application Thread] DEBUG GameApplicationServi - Removing overlay from Main_menu and adding to FXGLMainMenuDummyScene
11:55:57.834 [JavaFX Application Thread] DEBUG PrimaryStageWindow   - FXGLMainMenuDummyScene <- Main_menu
11:55:57.835 [JavaFX Application Thread] DEBUG Input                - Clearing active input actions
11:55:57.839 [JavaFX Application Thread] DEBUG GameApplicationServi - Removing overlay from FXGLMainMenuDummyScene and adding to Loading_Scene
11:55:57.839 [JavaFX Application Thread] DEBUG PrimaryStageWindow   - FXGLMainMenuDummyScene -> Loading_Scene
11:55:57.839 [JavaFX Application Thread] DEBUG GameApplicationServi - Clearing previous game
11:55:57.839 [JavaFX Application Thread] DEBUG GameScene            - Clearing game scene
11:55:57.839 [JavaFX Application Thread] DEBUG GameWorld            - Clearing game world
11:55:57.839 [JavaFX Application Thread] DEBUG PhysicsWorld         - Clearing physics world
11:55:57.842 [FXGL Background Thread 2 ] DEBUG FXGLApplication      - Initializing game
11:55:57.893 [FXGL Background Thread 2 ] WARN  TMXLevelLoader       - TiledMap generated from 1.8.4. Supported version: 1.4.2. Some features may not be parsed fully.
11:55:57.906 [FXGL Background Thread 2 ] DEBUG TMXLevelLoader       - Parsed TiledMap: jar:file:/E:/java%20project/tank/out/artifacts/tank_jar/tank.jar!/assets/levels/test1.tmx
11:55:57.908 [FXGL Background Thread 2 ] DEBUG TMXLevelLoader       - Creating tile layer entities
11:55:57.909 [FXGL Background Thread 2 ] DEBUG TMXLevelLoader       - Creating object layer entities
11:55:57.967 [FXGL Background Thread 2 ] DEBUG GameWorld            - Clearing removable entities
11:55:57.968 [FXGL Background Thread 2 ] DEBUG GameWorld            - Setting level: com.almasb.fxgl.entity.level.Level@298dc380
11:55:57.979 [FXGL Background Thread 2 ] DEBUG FXGLAssetLoaderServi - Loading from file system: jar:file:/E:/java%20project/tank/out/artifacts/tank_jar/tank.jar!/assets/textures/element/Tank.png
11:55:57.980 [FXGL Background Thread 2 ] WARN  FXGLAssetLoaderServi - Asset "/assets/textures/Enemytank.png" was not found!
11:55:57.981 [FXGL Background Thread 2 ] WARN  FXGLAssetLoaderServi - Failed to load IMAGE
11:55:57.988 [FXGL Background Thread 2 ] WARN  FXGLAssetLoaderServi - Asset "/assets/textures/Enemytank.png" was not found!
11:55:57.988 [FXGL Background Thread 2 ] WARN  FXGLAssetLoaderServi - Failed to load IMAGE
11:55:57.988 [FXGL Background Thread 2 ] WARN  FXGLAssetLoaderServi - Asset "/assets/textures/Enemytank.png" was not found!
11:55:57.988 [FXGL Background Thread 2 ] WARN  FXGLAssetLoaderServi - Failed to load IMAGE
11:55:57.988 [FXGL Background Thread 2 ] WARN  FXGLAssetLoaderServi - Asset "/assets/textures/Enemytank.png" was not found!
11:55:57.990 [FXGL Background Thread 2 ] WARN  FXGLAssetLoaderServi - Failed to load IMAGE
11:55:57.991 [FXGL Background Thread 2 ] DEBUG FXGLAssetLoaderServi - Loading from file system: jar:file:/E:/java%20project/tank/out/artifacts/tank_jar/tank.jar!/assets/textures/Chicken.png
11:55:57.994 [FXGL Background Thread 2 ] DEBUG FXGLAssetLoaderServi - Loading from file system: jar:file:/E:/java%20project/tank/out/artifacts/tank_jar/tank.jar!/assets/textures/BossTank.png
11:55:57.997 [FXGL Background Thread 2 ] INFO  FXGLApplication      - Game initialization took: 0.154 sec
11:55:57.997 [JavaFX Application Thread] DEBUG Input                - Clearing active input actions
11:55:58.002 [JavaFX Application Thread] DEBUG GameApplicationServi - Removing overlay from Loading_Scene and adding to GameScene
11:55:58.002 [JavaFX Application Thread] DEBUG PrimaryStageWindow   - Loading_Scene -> GameScene
11:55:58.628 [JavaFX Application Thread] DEBUG FXGLAssetLoaderServi - Loading from file system: jar:file:/E:/java%20project/tank/out/artifacts/tank_jar/tank.jar!/assets/textures/element/Enemybullet.png
11:55:58.696 [JavaFX Application Thread] DEBUG FXGLAssetLoaderServi - Loading from file system: jar:file:/E:/java%20project/tank/out/artifacts/tank_jar/tank.jar!/assets/textures/SmallBoom.png
11:56:01.143 [JavaFX Application Thread] WARN  FXGLAssetLoaderServi - Asset "/assets/textures/Enemytank.png" was not found!
11:56:01.143 [JavaFX Application Thread] WARN  FXGLAssetLoaderServi - Failed to load IMAGE
11:56:03.070 [JavaFX Application Thread] DEBUG FXGLAssetLoaderServi - Loading from file system: jar:file:/E:/java%20project/tank/out/artifacts/tank_jar/tank.jar!/assets/sounds/boom.wav
11:56:03.132 [JavaFX Application Thread] DEBUG FXGLAssetLoaderServi - Loading from file system: jar:file:/E:/java%20project/tank/out/artifacts/tank_jar/tank.jar!/assets/textures/element/Bullet.png
11:56:04.186 [JavaFX Application Thread] DEBUG FXGLAssetLoaderServi - Loading from file system: jar:file:/E:/java%20project/tank/out/artifacts/tank_jar/tank.jar!/assets/textures/boom.png
11:56:06.096 [JavaFX Application Thread] WARN  FXGLAssetLoaderServi - Asset "/assets/textures/Enemytank.png" was not found!
11:56:06.096 [JavaFX Application Thread] WARN  FXGLAssetLoaderServi - Failed to load IMAGE
11:56:08.320 [JavaFX Application Thread] DEBUG FXGLAssetLoaderServi - Loading from file system: jar:file:/E:/java%20project/tank/out/artifacts/tank_jar/tank.jar!/assets/textures/Props/PORTAL.png
11:56:11.087 [JavaFX Application Thread] WARN  FXGLAssetLoaderServi - Asset "/assets/textures/Enemytank.png" was not found!
11:56:11.087 [JavaFX Application Thread] WARN  FXGLAssetLoaderServi - Failed to load IMAGE
11:56:16.089 [JavaFX Application Thread] WARN  FXGLAssetLoaderServi - Asset "/assets/textures/Enemytank.png" was not found!
11:56:16.089 [JavaFX Application Thread] WARN  FXGLAssetLoaderServi - Failed to load IMAGE
11:56:21.087 [JavaFX Application Thread] WARN  FXGLAssetLoaderServi - Asset "/assets/textures/Enemytank.png" was not found!
11:56:21.087 [JavaFX Application Thread] WARN  FXGLAssetLoaderServi - Failed to load IMAGE
11:56:21.276 [JavaFX Application Thread] DEBUG FXGLAssetLoaderServi - Loading from file system: jar:file:/E:/java%20project/tank/out/artifacts/tank_jar/tank.jar!/assets/textures/Props/HEART.png
11:56:26.088 [JavaFX Application Thread] WARN  FXGLAssetLoaderServi - Asset "/assets/textures/Enemytank.png" was not found!
11:56:26.088 [JavaFX Application Thread] WARN  FXGLAssetLoaderServi - Failed to load IMAGE
11:56:26.198 [JavaFX Application Thread] DEBUG FXGLAssetLoaderServi - Loading from file system: jar:file:/E:/java%20project/tank/out/artifacts/tank_jar/tank.jar!/assets/textures/Suicide.png
11:56:26.201 [JavaFX Application Thread] DEBUG PrimaryStageWindow   - Push state: FailedScene
11:56:26.201 [JavaFX Application Thread] DEBUG Input                - Clearing active input actions
11:56:26.201 [JavaFX Application Thread] DEBUG GameApplicationServi - Removing overlay from GameScene and adding to FailedScene
11:56:26.201 [JavaFX Application Thread] DEBUG PrimaryStageWindow   - GameScene -> FailedScene
11:56:28.703 [JavaFX Application Thread] DEBUG PrimaryStageWindow   - Pop state: FailedScene
11:56:28.703 [JavaFX Application Thread] DEBUG Input                - Clearing active input actions
11:56:28.703 [JavaFX Application Thread] DEBUG GameApplicationServi - Removing overlay from FailedScene and adding to GameScene
11:56:28.703 [JavaFX Application Thread] DEBUG PrimaryStageWindow   - GameScene <- FailedScene
11:56:28.703 [JavaFX Application Thread] DEBUG Input                - Clearing active input actions
11:56:28.706 [JavaFX Application Thread] DEBUG GameApplicationServi - Removing overlay from GameScene and adding to FXGLMainMenuDummyScene
11:56:28.706 [JavaFX Application Thread] DEBUG PrimaryStageWindow   - GameScene -> FXGLMainMenuDummyScene
11:56:28.706 [JavaFX Application Thread] DEBUG PrimaryStageWindow   - Push state: Main_menu
11:56:28.706 [JavaFX Application Thread] DEBUG Input                - Clearing active input actions
11:56:28.709 [JavaFX Application Thread] DEBUG GameApplicationServi - Removing overlay from FXGLMainMenuDummyScene and adding to Main_menu
11:56:28.709 [JavaFX Application Thread] DEBUG PrimaryStageWindow   - FXGLMainMenuDummyScene -> Main_menu
11:56:30.771 [JavaFX Application Thread] DEBUG FXGLApplication      - Exiting FXGL
11:56:30.771 [JavaFX Application Thread] DEBUG LoopRunner           - Stopping loop
11:56:30.772 [JavaFX Application Thread] DEBUG SystemBundleService  - Saving FXGL system data
11:56:30.775 [JavaFX Application Thread] DEBUG FileSystemAccess     - Writing to: E:\java project\tank\system\fxgl.bundle
11:56:30.777 [JavaFX Application Thread] DEBUG Async                - Shutting down background threads
11:56:30.778 [JavaFX Application Thread] DEBUG PrimaryStageWindow   - Closing main window
11:56:30.797 [JavaFX Application Thread] DEBUG Logger               - Closing Logger
