11:31:54.453 [main                     ] DEBUG Logger               - Configured Logger
11:31:54.477 [main                     ] DEBUG GameApplication      - Logging settings
Title: All star battle
Version: 0.1
Width: 2048
Height: 1152
Fullscreen: false
Intro: false
Profiling: false
Single step:false
App Mode: DEVELOPER
Menu Key: ESCAPE
Stage Style: DECORATED
Scene Factory: class com.kenny.tank.TankApp$1

11:31:54.807 [JavaFX Application Thread] DEBUG FXGLApplication      - Initializing FXGL
11:31:54.812 [JavaFX Application Thread] INFO  Engine               - FXGL-17.1 (24.03.2022 17.34) on WINDOWS (J:17.0.6 FX:18)
11:31:54.812 [JavaFX Application Thread] DEBUG Engine               - JRE Vendor Name: Amazon.com Inc.
11:31:54.812 [JavaFX Application Thread] DEBUG Engine               - Running on OS: Windows 11 version 10.0
11:31:54.812 [JavaFX Application Thread] DEBUG Engine               - Architecture: amd64
11:31:54.813 [JavaFX Application Thread] INFO  Engine               - Source code and latest versions at: https://github.com/AlmasB/FXGL
11:31:54.813 [JavaFX Application Thread] INFO  Engine               -       Ask questions and discuss at: https://github.com/AlmasB/FXGL/discussions
11:31:54.813 [JavaFX Application Thread] INFO  Engine               -              Join the FXGL chat at: https://gitter.im/AlmasB/FXGL
11:31:54.875 [JavaFX Application Thread] DEBUG PrimaryStageWindow   - Creating a JavaFX scene
11:31:54.875 [JavaFX Application Thread] DEBUG PrimaryStageWindow   - Target size > screen size
11:31:54.906 [JavaFX Application Thread] DEBUG PrimaryStageWindow   - Target settings size: 2048.0 x 1152.0
11:31:54.907 [JavaFX Application Thread] DEBUG PrimaryStageWindow   - Scaled scene size:    1682.0 x 960.0
11:31:54.907 [JavaFX Application Thread] DEBUG PrimaryStageWindow   - Scaled ratio: (0.8212890625, 0.8333333333333334)
11:31:54.908 [JavaFX Application Thread] DEBUG PrimaryStageWindow   - Set initial scene to StartScene
11:31:54.913 [JavaFX Application Thread] DEBUG PrimaryStageWindow   - Opening main window
11:31:55.034 [JavaFX Application Thread] DEBUG PrimaryStageWindow   - Window border size: (14.6666259765625, 37.33331298828125)
11:31:55.034 [JavaFX Application Thread] DEBUG PrimaryStageWindow   - Scaled size: 1682.0 x 960.0
11:31:55.035 [JavaFX Application Thread] DEBUG PrimaryStageWindow   - Scaled ratio: (0.8212890625, 0.8333333333333334)
11:31:55.035 [JavaFX Application Thread] DEBUG PrimaryStageWindow   - Scene size: 1682.0 x 960.0
11:31:55.035 [JavaFX Application Thread] DEBUG PrimaryStageWindow   - Stage size: 1696.6666259765625 x 997.3333129882812
11:31:55.043 [FXGL Background Thread 1 ] DEBUG Engine               - Initializing environment variables
11:31:55.072 [FXGL Background Thread 1 ] DEBUG FXGLAssetLoaderServi - User app class for loading assets: class com.kenny.tank.TankApp
11:31:55.072 [FXGL Background Thread 1 ] DEBUG GameApplicationServi - Applying CSS: fxgl_dark.css
11:31:55.073 [FXGL Background Thread 1 ] DEBUG FXGLAssetLoaderServi - Loading from file system: jar:file:///C:/Users/10273/.m2/repository/com/github/almasb/fxgl/17.1/fxgl-17.1.jar!/fxglassets/ui/css/fxgl_dark.css
11:31:55.125 [FXGL Background Thread 1 ] DEBUG GameApplicationServi - Applying CSS: tank.css
11:31:55.126 [FXGL Background Thread 1 ] DEBUG FXGLAssetLoaderServi - Loading from file system: file:/E:/java%20project/tank/target/classes/assets/ui/css/tank.css
11:31:55.127 [FXGL Background Thread 1 ] DEBUG GameApplicationServi - Initializing application scenes
11:31:55.131 [FXGL Background Thread 1 ] DEBUG GameWorld            - Game world initialized
11:31:55.207 [FXGL Background Thread 1 ] DEBUG PhysicsWorld         - Physics world initialized: appHeight=1152, physics.ppm=50.0
11:31:55.208 [FXGL Background Thread 1 ] DEBUG PhysicsWorld         - Using strategy: BRUTE_FORCE
11:31:55.212 [FXGL Background Thread 1 ] DEBUG GameScene            - Game scene initialized: 2048x1152
11:31:55.218 [FXGL Background Thread 1 ] DEBUG FXGLAssetLoaderServi - Loading from file system: file:/E:/java%20project/tank/target/classes/assets/textures/MainMenu.png
11:31:55.353 [FXGL Background Thread 1 ] DEBUG FXGL.DefaultMenu     - createMenuBodyGameMenu()
11:31:55.374 [FXGL Background Thread 1 ] DEBUG FXGL.DefaultMenu     - createOptionsMenu()
11:31:55.389 [FXGL Background Thread 1 ] DEBUG FXGLAssetLoaderServi - Loading from file system: jar:file:///C:/Users/10273/.m2/repository/com/github/almasb/fxgl/17.1/fxgl-17.1.jar!/fxglassets/textures/particles/smoke.png
11:31:55.466 [FXGL Background Thread 1 ] DEBUG FXGLAssetLoaderServi - Loading from file system: jar:file:///C:/Users/10273/.m2/repository/com/github/almasb/fxgl/17.1/fxgl-17.1.jar!/fxglassets/textures/particles/trace_horizontal.png
11:31:55.482 [FXGL Background Thread 1 ] DEBUG GameApplicationServi - Application scenes initialized
11:31:55.492 [FXGL Background Thread 1 ] DEBUG SystemBundleService  - Loading FXGL system data
11:31:55.497 [FXGL Background Thread 1 ] DEBUG FileSystemAccess     - Reading from: E:\java project\tank\system\fxgl.bundle
11:31:55.504 [FXGL Background Thread 1 ] DEBUG SystemBundleService  - Bundle FXGL: {}
11:31:55.504 [FXGL Background Thread 1 ] DEBUG UpdaterService       - Checking for updates
11:31:55.508 [FXGL Background Thread 4 ] DEBUG FXGLApplication      - Loading fonts
11:31:55.509 [FXGL Background Thread 1 ] DEBUG FXGLApplication      - Loading default localization
11:31:55.509 [FXGL Background Thread 4 ] DEBUG FXGLAssetLoaderServi - Loading from file system: jar:file:///C:/Users/10273/.m2/repository/com/github/almasb/fxgl/17.1/fxgl-17.1.jar!/fxglassets/ui/fonts/VarelaRound-Regular.ttf
11:31:55.509 [FXGL Background Thread 1 ] DEBUG FXGLAssetLoaderServi - Loading from file system: jar:file:///C:/Users/10273/.m2/repository/com/github/almasb/fxgl/17.1/fxgl-17.1.jar!/fxglassets/languages/english.lang
11:31:55.536 [FXGL Background Thread 1 ] INFO  FXGLApplication      - FXGL initialization took: 0.492 sec
11:31:55.547 [JavaFX Application Thread] DEBUG Input                - Registered new binding: action0 - Up
11:31:55.547 [JavaFX Application Thread] DEBUG Input                - Registered new binding: action1 - Down
11:31:55.547 [JavaFX Application Thread] DEBUG Input                - Registered new binding: action2 - Left
11:31:55.548 [JavaFX Application Thread] DEBUG Input                - Registered new binding: action3 - Right
11:31:55.549 [JavaFX Application Thread] DEBUG Input                - Registered new binding: action4 - Space
11:31:55.549 [JavaFX Application Thread] DEBUG FXGLAssetLoaderServi - Loading from file system: file:/E:/java%20project/tank/target/classes/assets/textures/joker.jpg
11:31:55.569 [JavaFX Application Thread] DEBUG FXGLAssetLoaderServi - Loading from file system: jar:file:///C:/Users/10273/.m2/repository/com/github/almasb/fxgl/17.1/fxgl-17.1.jar!/fxglassets/textures/fxgl_default_cursor.png
11:31:55.571 [JavaFX Application Thread] DEBUG Input                - Registered new binding: Screenshot - CTRL+8
11:31:55.572 [FXGL Background Thread 4 ] DEBUG FXGLAssetLoaderServi - Loading from file system: jar:file:///C:/Users/10273/.m2/repository/com/github/almasb/fxgl/17.1/fxgl-17.1.jar!/fxglassets/ui/fonts/Abel-Regular.ttf
11:31:55.572 [JavaFX Application Thread] DEBUG Input                - Registered new binding: System info dump - CTRL+9
11:31:55.573 [JavaFX Application Thread] DEBUG Input                - Registered new binding: Restart - CTRL+R
11:31:55.573 [JavaFX Application Thread] DEBUG Input                - Registered new binding: Toggle Debug Camera - CTRL+7
11:31:55.575 [FXGL Background Thread 4 ] DEBUG FXGLAssetLoaderServi - Loading from file system: jar:file:///C:/Users/10273/.m2/repository/com/github/almasb/fxgl/17.1/fxgl-17.1.jar!/fxglassets/ui/fonts/TerminalLandMono-Regular.otf
11:31:55.577 [JavaFX Application Thread] DEBUG LoopRunner           - Starting loop
11:31:55.577 [JavaFX Application Thread] DEBUG LoopRunner           - Initializing JavaFX AnimationTimerLoop
11:31:55.579 [FXGL Background Thread 4 ] DEBUG FXGLAssetLoaderServi - Loading from file system: jar:file:///C:/Users/10273/.m2/repository/com/github/almasb/fxgl/17.1/fxgl-17.1.jar!/fxglassets/ui/fonts/Courier-Prime.ttf
11:31:55.582 [JavaFX Application Thread] DEBUG Input                - Clearing active input actions
11:31:55.598 [JavaFX Application Thread] DEBUG GameApplicationServi - Removing overlay from StartScene and adding to FXGLMainMenuDummyScene
11:31:55.598 [JavaFX Application Thread] DEBUG PrimaryStageWindow   - StartScene -> FXGLMainMenuDummyScene
11:31:55.598 [JavaFX Application Thread] DEBUG PrimaryStageWindow   - Push state: Main_menu
11:31:55.598 [JavaFX Application Thread] DEBUG Input                - Clearing active input actions
11:31:55.616 [JavaFX Application Thread] DEBUG GameApplicationServi - Removing overlay from FXGLMainMenuDummyScene and adding to Main_menu
11:31:55.617 [JavaFX Application Thread] DEBUG PrimaryStageWindow   - FXGLMainMenuDummyScene -> Main_menu
11:31:55.688 [JavaFX Application Thread] DEBUG FXGLApplication      - Registering font factories with UI factory
11:31:56.112 [FXGL Background Thread 2 ] INFO  UpdaterService       - Your current version:  17.1
11:31:56.112 [FXGL Background Thread 2 ] INFO  UpdaterService       - Latest stable version: 17.2
11:31:58.507 [FXGL Background Thread 3 ] DEBUG Engine               - Logging environment variables
11:31:58.509 [FXGL Background Thread 3 ] DEBUG Engine               - achievements: []
11:31:58.509 [FXGL Background Thread 3 ] DEBUG Engine               - actualHeight: 960.0
11:31:58.510 [FXGL Background Thread 3 ] DEBUG Engine               - actualHeightProperty: ReadOnlyDoubleProperty [value: 960.0]
11:31:58.510 [FXGL Background Thread 3 ] DEBUG Engine               - actualWidth: 1682.0
11:31:58.510 [FXGL Background Thread 3 ] DEBUG Engine               - actualWidthProperty: ReadOnlyDoubleProperty [value: 1682.0]
11:31:58.510 [FXGL Background Thread 3 ] DEBUG Engine               - appIcon: joker.jpg
11:31:58.511 [FXGL Background Thread 3 ] DEBUG Engine               - applicationMode: DEVELOPER
11:31:58.511 [FXGL Background Thread 3 ] DEBUG Engine               - cSSList: [fxgl_dark.css, tank.css]
11:31:58.511 [FXGL Background Thread 3 ] DEBUG Engine               - collisionDetectionStrategy: BRUTE_FORCE
11:31:58.511 [FXGL Background Thread 3 ] DEBUG Engine               - configClass: Optional.empty
11:31:58.514 [FXGL Background Thread 3 ] DEBUG Engine               - credits: []
11:31:58.517 [FXGL Background Thread 3 ] DEBUG Engine               - defaultCursor: CursorInfo(imageName=fxgl_default_cursor.png, hotspotX=7.0, hotspotY=6.0)
11:31:58.517 [FXGL Background Thread 3 ] DEBUG Engine               - devBBoxColorProperty: ObjectProperty [value: 0xff0000ff]
11:31:58.518 [FXGL Background Thread 3 ] DEBUG Engine               - devEnableDebugCameraProperty: BooleanProperty [value: false]
11:31:58.518 [FXGL Background Thread 3 ] DEBUG Engine               - devSensorColorProperty: ObjectProperty [value: 0xffff00ff]
11:31:58.518 [FXGL Background Thread 3 ] DEBUG Engine               - devShowBBoxProperty: BooleanProperty [value: false]
11:31:58.518 [FXGL Background Thread 3 ] DEBUG Engine               - devShowPositionProperty: BooleanProperty [value: false]
11:31:58.518 [FXGL Background Thread 3 ] DEBUG Engine               - enabledMenuItems: []
11:31:58.518 [FXGL Background Thread 3 ] DEBUG Engine               - engineServices: [class com.almasb.fxgl.app.services.FXGLAssetLoaderService, class com.almasb.fxgl.app.FXGLApplication$GameApplicationService, class com.almasb.fxgl.app.services.FXGLDialogService, class com.almasb.fxgl.app.services.IOTaskExecutorService, class com.almasb.fxgl.io.FileSystemService, class com.almasb.fxgl.localization.LocalizationService, class com.almasb.fxgl.app.services.SystemBundleService, class com.almasb.fxgl.profile.SaveLoadService, class com.almasb.fxgl.ui.FXGLUIFactoryServiceProvider, class com.almasb.fxgl.ui.FXGLDialogFactoryServiceProvider, class com.almasb.fxgl.audio.AudioPlayer, class com.almasb.fxgl.notification.impl.NotificationServiceProvider, class com.almasb.fxgl.achievement.AchievementService, class com.almasb.fxgl.cutscene.CutsceneService, class com.almasb.fxgl.minigames.MiniGameService, class com.almasb.fxgl.net.NetService, class com.almasb.fxgl.app.services.UpdaterService, class com.almasb.fxgl.dev.DevService]
11:31:58.518 [FXGL Background Thread 3 ] DEBUG Engine               - fontGame: Abel-Regular.ttf
11:31:58.519 [FXGL Background Thread 3 ] DEBUG Engine               - fontMono: TerminalLandMono-Regular.otf
11:31:58.519 [FXGL Background Thread 3 ] DEBUG Engine               - fontText: Courier-Prime.ttf
11:31:58.519 [FXGL Background Thread 3 ] DEBUG Engine               - fontUI: VarelaRound-Regular.ttf
11:31:58.519 [FXGL Background Thread 3 ] DEBUG Engine               - fullScreen: BooleanProperty [value: false]
11:31:58.519 [FXGL Background Thread 3 ] DEBUG Engine               - gameDifficulty: MEDIUM
11:31:58.520 [FXGL Background Thread 3 ] DEBUG Engine               - gameDifficultyProperty: ObjectProperty [value: MEDIUM]
11:31:58.520 [FXGL Background Thread 3 ] DEBUG Engine               - globalMusicVolume: 0.5
11:31:58.520 [FXGL Background Thread 3 ] DEBUG Engine               - globalMusicVolumeProperty: DoubleProperty [value: 0.5]
11:31:58.520 [FXGL Background Thread 3 ] DEBUG Engine               - globalSoundVolume: 0.5
11:31:58.520 [FXGL Background Thread 3 ] DEBUG Engine               - globalSoundVolumeProperty: DoubleProperty [value: 0.8]
11:31:58.521 [FXGL Background Thread 3 ] DEBUG Engine               - height: 1152
11:31:58.521 [FXGL Background Thread 3 ] DEBUG Engine               - is3D: false
11:31:58.521 [FXGL Background Thread 3 ] DEBUG Engine               - isAndroid: false
11:31:58.521 [FXGL Background Thread 3 ] DEBUG Engine               - isBrowser: false
11:31:58.521 [FXGL Background Thread 3 ] DEBUG Engine               - isClickFeedbackEnabled: false
11:31:58.522 [FXGL Background Thread 3 ] DEBUG Engine               - isCloseConfirmation: false
11:31:58.522 [FXGL Background Thread 3 ] DEBUG Engine               - isDesktop: true
11:31:58.522 [FXGL Background Thread 3 ] DEBUG Engine               - isDeveloperMenuEnabled: false
11:31:58.522 [FXGL Background Thread 3 ] DEBUG Engine               - isEmbedded: false
11:31:58.522 [FXGL Background Thread 3 ] DEBUG Engine               - isEntityPreloadEnabled: true
11:31:58.522 [FXGL Background Thread 3 ] DEBUG Engine               - isExperimentalTiledLargeMap: false
11:31:58.522 [FXGL Background Thread 3 ] DEBUG Engine               - isFileSystemWriteAllowed: true
11:31:58.522 [FXGL Background Thread 3 ] DEBUG Engine               - isFullScreenAllowed: false
11:31:58.522 [FXGL Background Thread 3 ] DEBUG Engine               - isFullScreenFromStart: false
11:31:58.523 [FXGL Background Thread 3 ] DEBUG Engine               - isGameMenuEnabled: true
11:31:58.523 [FXGL Background Thread 3 ] DEBUG Engine               - isIOS: false
11:31:58.523 [FXGL Background Thread 3 ] DEBUG Engine               - isIntroEnabled: false
11:31:58.523 [FXGL Background Thread 3 ] DEBUG Engine               - isLinux: false
11:31:58.523 [FXGL Background Thread 3 ] DEBUG Engine               - isMac: false
11:31:58.523 [FXGL Background Thread 3 ] DEBUG Engine               - isMainMenuEnabled: true
11:31:58.523 [FXGL Background Thread 3 ] DEBUG Engine               - isManualResizeEnabled: false
11:31:58.524 [FXGL Background Thread 3 ] DEBUG Engine               - isMobile: false
11:31:58.524 [FXGL Background Thread 3 ] DEBUG Engine               - isNative: false
11:31:58.524 [FXGL Background Thread 3 ] DEBUG Engine               - isPauseMusicWhenMinimized: true
11:31:58.524 [FXGL Background Thread 3 ] DEBUG Engine               - isPreserveResizeRatio: false
11:31:58.525 [FXGL Background Thread 3 ] DEBUG Engine               - isProfilingEnabled: false
11:31:58.525 [FXGL Background Thread 3 ] DEBUG Engine               - isScaleAffectedOnResize: true
11:31:58.525 [FXGL Background Thread 3 ] DEBUG Engine               - isSingleStep: false
11:31:58.525 [FXGL Background Thread 3 ] DEBUG Engine               - isUserProfileEnabled: false
11:31:58.525 [FXGL Background Thread 3 ] DEBUG Engine               - isWindows: true
11:31:58.525 [FXGL Background Thread 3 ] DEBUG Engine               - language: ObjectProperty [value: ENGLISH]
11:31:58.526 [FXGL Background Thread 3 ] DEBUG Engine               - menuKey: ESCAPE
11:31:58.526 [FXGL Background Thread 3 ] DEBUG Engine               - mouseSensitivity: 0.2
11:31:58.526 [FXGL Background Thread 3 ] DEBUG Engine               - notificationViewClass: class com.almasb.fxgl.notification.view.XboxNotificationView
11:31:58.526 [FXGL Background Thread 3 ] DEBUG Engine               - pixelsPerMeter: 50.0
11:31:58.526 [FXGL Background Thread 3 ] DEBUG Engine               - platform: WINDOWS
11:31:58.526 [FXGL Background Thread 3 ] DEBUG Engine               - prefHeightProperty: ReadOnlyDoubleProperty [value: 1152.0]
11:31:58.526 [FXGL Background Thread 3 ] DEBUG Engine               - prefWidthProperty: ReadOnlyDoubleProperty [value: 2048.0]
11:31:58.526 [FXGL Background Thread 3 ] DEBUG Engine               - profileDir: profiles/
11:31:58.526 [FXGL Background Thread 3 ] DEBUG Engine               - profileName: StringProperty [value: DEFAULT]
11:31:58.527 [FXGL Background Thread 3 ] DEBUG Engine               - randomSeed: -1
11:31:58.527 [FXGL Background Thread 3 ] DEBUG Engine               - runtimeInfo: RuntimeInfo(platform=WINDOWS, version=17.1, build=24.03.2022 17.34)
11:31:58.528 [FXGL Background Thread 3 ] DEBUG Engine               - saveFileExt: sav
11:31:58.528 [FXGL Background Thread 3 ] DEBUG Engine               - scaledHeightProp$fxgl: DoubleProperty [bound, value: 960.0]
11:31:58.528 [FXGL Background Thread 3 ] DEBUG Engine               - scaledWidthProp$fxgl: DoubleProperty [bound, value: 1682.0]
11:31:58.528 [FXGL Background Thread 3 ] DEBUG Engine               - sceneFactory: com.kenny.tank.TankApp$1@6d59077b
11:31:58.528 [FXGL Background Thread 3 ] DEBUG Engine               - secondsIn24h: 60
11:31:58.528 [FXGL Background Thread 3 ] DEBUG Engine               - soundMenuBack: menu/back.wav
11:31:58.529 [FXGL Background Thread 3 ] DEBUG Engine               - soundMenuPress: menu/press.wav
11:31:58.529 [FXGL Background Thread 3 ] DEBUG Engine               - soundMenuSelect: menu/select.wav
11:31:58.529 [FXGL Background Thread 3 ] DEBUG Engine               - soundNotification: core/notification.wav
11:31:58.529 [FXGL Background Thread 3 ] DEBUG Engine               - stageStyle: DECORATED
11:31:58.529 [FXGL Background Thread 3 ] DEBUG Engine               - supportedLanguages: [ENGLISH, FRENCH, GERMAN, HUNGARIAN, RUSSIAN]
11:31:58.529 [FXGL Background Thread 3 ] DEBUG Engine               - ticksPerSecond: -1
11:31:58.529 [FXGL Background Thread 3 ] DEBUG Engine               - title: All star battle
11:31:58.529 [FXGL Background Thread 3 ] DEBUG Engine               - urlGithub: https://github.com/AlmasB/FXGL
11:31:58.529 [FXGL Background Thread 3 ] DEBUG Engine               - urlLeaderboard: http://fxgl-top.herokuapp.com/
11:31:58.529 [FXGL Background Thread 3 ] DEBUG Engine               - urlPOM: https://raw.githubusercontent.com/AlmasB/FXGL/release/README.md
11:31:58.529 [FXGL Background Thread 3 ] DEBUG Engine               - userAppClass: class com.kenny.tank.TankApp
11:31:58.529 [FXGL Background Thread 3 ] DEBUG Engine               - version: 0.1
11:31:58.529 [FXGL Background Thread 3 ] DEBUG Engine               - versionCheckDays: 7
11:31:58.529 [FXGL Background Thread 3 ] DEBUG Engine               - width: 2048
11:31:58.529 [FXGL Background Thread 3 ] DEBUG Engine               - Logging services
11:31:58.529 [FXGL Background Thread 3 ] DEBUG Engine               - class com.almasb.fxgl.app.services.FXGLAssetLoaderService
11:31:58.530 [FXGL Background Thread 3 ] DEBUG Engine               - class com.almasb.fxgl.app.FXGLApplication$GameApplicationService
11:31:58.530 [FXGL Background Thread 3 ] DEBUG Engine               - class com.almasb.fxgl.app.services.FXGLDialogService
11:31:58.530 [FXGL Background Thread 3 ] DEBUG Engine               - class com.almasb.fxgl.app.services.IOTaskExecutorService
11:31:58.530 [FXGL Background Thread 3 ] DEBUG Engine               - class com.almasb.fxgl.io.FileSystemService
11:31:58.530 [FXGL Background Thread 3 ] DEBUG Engine               - class com.almasb.fxgl.localization.LocalizationService
11:31:58.530 [FXGL Background Thread 3 ] DEBUG Engine               - class com.almasb.fxgl.app.services.SystemBundleService
11:31:58.530 [FXGL Background Thread 3 ] DEBUG Engine               - class com.almasb.fxgl.profile.SaveLoadService
11:31:58.530 [FXGL Background Thread 3 ] DEBUG Engine               - class com.almasb.fxgl.ui.FXGLUIFactoryServiceProvider
11:31:58.530 [FXGL Background Thread 3 ] DEBUG Engine               - class com.almasb.fxgl.ui.FXGLDialogFactoryServiceProvider
11:31:58.530 [FXGL Background Thread 3 ] DEBUG Engine               - class com.almasb.fxgl.audio.AudioPlayer
11:31:58.530 [FXGL Background Thread 3 ] DEBUG Engine               - class com.almasb.fxgl.notification.impl.NotificationServiceProvider
11:31:58.531 [FXGL Background Thread 3 ] DEBUG Engine               - class com.almasb.fxgl.achievement.AchievementService
11:31:58.531 [FXGL Background Thread 3 ] DEBUG Engine               - class com.almasb.fxgl.cutscene.CutsceneService
11:31:58.531 [FXGL Background Thread 3 ] DEBUG Engine               - class com.almasb.fxgl.minigames.MiniGameService
11:31:58.531 [FXGL Background Thread 3 ] DEBUG Engine               - class com.almasb.fxgl.net.NetService
11:31:58.531 [FXGL Background Thread 3 ] DEBUG Engine               - class com.almasb.fxgl.app.services.UpdaterService
11:31:58.531 [FXGL Background Thread 3 ] DEBUG Engine               - class com.almasb.fxgl.dev.DevService
11:32:01.784 [JavaFX Application Thread] DEBUG FXGLApplication      - Exiting FXGL
11:32:01.784 [JavaFX Application Thread] DEBUG LoopRunner           - Stopping loop
11:32:01.784 [JavaFX Application Thread] DEBUG SystemBundleService  - Saving FXGL system data
11:32:01.787 [JavaFX Application Thread] DEBUG FileSystemAccess     - Writing to: E:\java project\tank\system\fxgl.bundle
11:32:01.790 [JavaFX Application Thread] DEBUG Async                - Shutting down background threads
11:32:01.790 [JavaFX Application Thread] DEBUG PrimaryStageWindow   - Closing main window
11:32:01.834 [JavaFX Application Thread] DEBUG Logger               - Closing Logger
