19:33:19.053 [main                     ] DEBUG Logger               - Configured Logger
19:33:19.073 [main                     ] DEBUG GameApplication      - Logging settings
Title: All star battle
Version: 0.1
Width: 2048
Height: 1152
Fullscreen: false
Intro: false
Profiling: false
Single step:false
App Mode: DEVELOPER
Menu Key: ESCAPE
Stage Style: DECORATED
Scene Factory: class com.kenny.tank.AllStarBattleApp$1

19:33:19.331 [JavaFX Application Thread] DEBUG FXGLApplication      - Initializing FXGL
19:33:19.335 [JavaFX Application Thread] INFO  Engine               - FXGL-17.1 (24.03.2022 17.34) on WINDOWS (J:17.0.6 FX:18)
19:33:19.335 [JavaFX Application Thread] DEBUG Engine               - JRE Vendor Name: Amazon.com Inc.
19:33:19.335 [JavaFX Application Thread] DEBUG Engine               - Running on OS: Windows 11 version 10.0
19:33:19.336 [JavaFX Application Thread] DEBUG Engine               - Architecture: amd64
19:33:19.336 [JavaFX Application Thread] INFO  Engine               - Source code and latest versions at: https://github.com/AlmasB/FXGL
19:33:19.336 [JavaFX Application Thread] INFO  Engine               -       Ask questions and discuss at: https://github.com/AlmasB/FXGL/discussions
19:33:19.336 [JavaFX Application Thread] INFO  Engine               -              Join the FXGL chat at: https://gitter.im/AlmasB/FXGL
19:33:19.381 [JavaFX Application Thread] DEBUG PrimaryStageWindow   - Creating a JavaFX scene
19:33:19.381 [JavaFX Application Thread] DEBUG PrimaryStageWindow   - Target size > screen size
19:33:19.406 [JavaFX Application Thread] DEBUG PrimaryStageWindow   - Target settings size: 2048.0 x 1152.0
19:33:19.407 [JavaFX Application Thread] DEBUG PrimaryStageWindow   - Scaled scene size:    1682.0 x 960.0
19:33:19.407 [JavaFX Application Thread] DEBUG PrimaryStageWindow   - Scaled ratio: (0.8212890625, 0.8333333333333334)
19:33:19.408 [JavaFX Application Thread] DEBUG PrimaryStageWindow   - Set initial scene to StartScene
19:33:19.412 [JavaFX Application Thread] DEBUG PrimaryStageWindow   - Opening main window
19:33:19.463 [JavaFX Application Thread] DEBUG PrimaryStageWindow   - Window border size: (14.6666259765625, 37.33331298828125)
19:33:19.464 [JavaFX Application Thread] DEBUG PrimaryStageWindow   - Scaled size: 1682.0 x 960.0
19:33:19.464 [JavaFX Application Thread] DEBUG PrimaryStageWindow   - Scaled ratio: (0.8212890625, 0.8333333333333334)
19:33:19.464 [JavaFX Application Thread] DEBUG PrimaryStageWindow   - Scene size: 1682.0 x 960.0
19:33:19.464 [JavaFX Application Thread] DEBUG PrimaryStageWindow   - Stage size: 1696.6666259765625 x 997.3333129882812
19:33:19.468 [FXGL Background Thread 1 ] DEBUG Engine               - Initializing environment variables
19:33:19.496 [FXGL Background Thread 1 ] DEBUG FXGLAssetLoaderServi - User app class for loading assets: class com.kenny.tank.AllStarBattleApp
19:33:19.497 [FXGL Background Thread 1 ] DEBUG GameApplicationServi - Applying CSS: fxgl_dark.css
19:33:19.498 [FXGL Background Thread 1 ] DEBUG FXGLAssetLoaderServi - Loading from file system: jar:file:///C:/Users/10273/.m2/repository/com/github/almasb/fxgl/17.1/fxgl-17.1.jar!/fxglassets/ui/css/fxgl_dark.css
19:33:19.530 [FXGL Background Thread 1 ] DEBUG GameApplicationServi - Applying CSS: tank.css
19:33:19.530 [FXGL Background Thread 1 ] DEBUG FXGLAssetLoaderServi - Loading from file system: file:/E:/java%20project/tank/target/classes/assets/ui/css/tank.css
19:33:19.531 [FXGL Background Thread 1 ] DEBUG GameApplicationServi - Initializing application scenes
19:33:19.535 [FXGL Background Thread 1 ] DEBUG GameWorld            - Game world initialized
19:33:19.581 [FXGL Background Thread 1 ] DEBUG PhysicsWorld         - Physics world initialized: appHeight=1152, physics.ppm=50.0
19:33:19.581 [FXGL Background Thread 1 ] DEBUG PhysicsWorld         - Using strategy: BRUTE_FORCE
19:33:19.584 [FXGL Background Thread 1 ] DEBUG GameScene            - Game scene initialized: 2048x1152
19:33:19.587 [FXGL Background Thread 1 ] DEBUG FXGLAssetLoaderServi - Loading from file system: file:/E:/java%20project/tank/target/classes/assets/textures/MainMenu.png
19:33:19.672 [FXGL Background Thread 1 ] DEBUG FXGL.DefaultMenu     - createMenuBodyGameMenu()
19:33:19.682 [FXGL Background Thread 1 ] DEBUG FXGL.DefaultMenu     - createOptionsMenu()
19:33:19.688 [FXGL Background Thread 1 ] DEBUG FXGLAssetLoaderServi - Loading from file system: jar:file:///C:/Users/10273/.m2/repository/com/github/almasb/fxgl/17.1/fxgl-17.1.jar!/fxglassets/textures/particles/smoke.png
19:33:19.742 [FXGL Background Thread 1 ] DEBUG FXGLAssetLoaderServi - Loading from file system: jar:file:///C:/Users/10273/.m2/repository/com/github/almasb/fxgl/17.1/fxgl-17.1.jar!/fxglassets/textures/particles/trace_horizontal.png
19:33:19.766 [FXGL Background Thread 1 ] DEBUG GameApplicationServi - Application scenes initialized
19:33:19.773 [FXGL Background Thread 1 ] DEBUG SystemBundleService  - Loading FXGL system data
19:33:19.776 [FXGL Background Thread 1 ] DEBUG FileSystemAccess     - Reading from: E:\java project\tank\system\fxgl.bundle
19:33:19.781 [FXGL Background Thread 1 ] DEBUG SystemBundleService  - Bundle FXGL: {}
19:33:19.781 [FXGL Background Thread 1 ] DEBUG UpdaterService       - Checking for updates
19:33:19.785 [FXGL Background Thread 4 ] DEBUG FXGLApplication      - Loading fonts
19:33:19.785 [FXGL Background Thread 1 ] DEBUG FXGLApplication      - Loading default localization
19:33:19.785 [FXGL Background Thread 4 ] DEBUG FXGLAssetLoaderServi - Loading from file system: jar:file:///C:/Users/10273/.m2/repository/com/github/almasb/fxgl/17.1/fxgl-17.1.jar!/fxglassets/ui/fonts/VarelaRound-Regular.ttf
19:33:19.785 [FXGL Background Thread 1 ] DEBUG FXGLAssetLoaderServi - Loading from file system: jar:file:///C:/Users/10273/.m2/repository/com/github/almasb/fxgl/17.1/fxgl-17.1.jar!/fxglassets/languages/english.lang
19:33:19.804 [FXGL Background Thread 1 ] INFO  FXGLApplication      - FXGL initialization took: 0.336 sec
19:33:19.813 [JavaFX Application Thread] DEBUG Input                - Registered new binding: action0 - Up
19:33:19.814 [JavaFX Application Thread] DEBUG Input                - Registered new binding: action1 - Down
19:33:19.814 [JavaFX Application Thread] DEBUG Input                - Registered new binding: action2 - Left
19:33:19.814 [JavaFX Application Thread] DEBUG Input                - Registered new binding: action3 - Right
19:33:19.815 [JavaFX Application Thread] DEBUG Input                - Registered new binding: action4 - Space
19:33:19.815 [JavaFX Application Thread] DEBUG FXGLAssetLoaderServi - Loading from file system: file:/E:/java%20project/tank/target/classes/assets/textures/joker.jpg
19:33:19.836 [JavaFX Application Thread] DEBUG FXGLAssetLoaderServi - Loading from file system: jar:file:///C:/Users/10273/.m2/repository/com/github/almasb/fxgl/17.1/fxgl-17.1.jar!/fxglassets/textures/fxgl_default_cursor.png
19:33:19.837 [FXGL Background Thread 4 ] DEBUG FXGLAssetLoaderServi - Loading from file system: jar:file:///C:/Users/10273/.m2/repository/com/github/almasb/fxgl/17.1/fxgl-17.1.jar!/fxglassets/ui/fonts/Abel-Regular.ttf
19:33:19.837 [JavaFX Application Thread] DEBUG Input                - Registered new binding: Screenshot - CTRL+8
19:33:19.838 [JavaFX Application Thread] DEBUG Input                - Registered new binding: System info dump - CTRL+9
19:33:19.838 [JavaFX Application Thread] DEBUG Input                - Registered new binding: Restart - CTRL+R
19:33:19.839 [JavaFX Application Thread] DEBUG Input                - Registered new binding: Toggle Debug Camera - CTRL+7
19:33:19.839 [FXGL Background Thread 4 ] DEBUG FXGLAssetLoaderServi - Loading from file system: jar:file:///C:/Users/10273/.m2/repository/com/github/almasb/fxgl/17.1/fxgl-17.1.jar!/fxglassets/ui/fonts/TerminalLandMono-Regular.otf
19:33:19.840 [JavaFX Application Thread] DEBUG LoopRunner           - Starting loop
19:33:19.840 [JavaFX Application Thread] DEBUG LoopRunner           - Initializing JavaFX AnimationTimerLoop
19:33:19.842 [FXGL Background Thread 4 ] DEBUG FXGLAssetLoaderServi - Loading from file system: jar:file:///C:/Users/10273/.m2/repository/com/github/almasb/fxgl/17.1/fxgl-17.1.jar!/fxglassets/ui/fonts/Courier-Prime.ttf
19:33:19.842 [JavaFX Application Thread] DEBUG Input                - Clearing active input actions
19:33:19.848 [JavaFX Application Thread] DEBUG GameApplicationServi - Removing overlay from StartScene and adding to FXGLMainMenuDummyScene
19:33:19.848 [JavaFX Application Thread] DEBUG PrimaryStageWindow   - StartScene -> FXGLMainMenuDummyScene
19:33:19.848 [JavaFX Application Thread] DEBUG PrimaryStageWindow   - Push state: Main_menu
19:33:19.848 [JavaFX Application Thread] DEBUG Input                - Clearing active input actions
19:33:19.856 [JavaFX Application Thread] DEBUG GameApplicationServi - Removing overlay from FXGLMainMenuDummyScene and adding to Main_menu
19:33:19.856 [JavaFX Application Thread] DEBUG PrimaryStageWindow   - FXGLMainMenuDummyScene -> Main_menu
19:33:19.859 [JavaFX Application Thread] DEBUG FXGLApplication      - Registering font factories with UI factory
19:33:20.423 [JavaFX Application Thread] DEBUG GameApplicationServi - Starting new game
19:33:20.423 [JavaFX Application Thread] DEBUG PrimaryStageWindow   - Pop state: Main_menu
19:33:20.424 [JavaFX Application Thread] DEBUG Input                - Clearing active input actions
19:33:20.424 [JavaFX Application Thread] DEBUG GameApplicationServi - Removing overlay from Main_menu and adding to FXGLMainMenuDummyScene
19:33:20.424 [JavaFX Application Thread] DEBUG PrimaryStageWindow   - FXGLMainMenuDummyScene <- Main_menu
19:33:20.425 [JavaFX Application Thread] DEBUG Input                - Clearing active input actions
19:33:20.430 [JavaFX Application Thread] DEBUG GameApplicationServi - Removing overlay from FXGLMainMenuDummyScene and adding to Loading_Scene
19:33:20.430 [JavaFX Application Thread] DEBUG PrimaryStageWindow   - FXGLMainMenuDummyScene -> Loading_Scene
19:33:20.430 [JavaFX Application Thread] DEBUG GameApplicationServi - Clearing previous game
19:33:20.430 [JavaFX Application Thread] DEBUG GameScene            - Clearing game scene
19:33:20.430 [JavaFX Application Thread] DEBUG GameWorld            - Clearing game world
19:33:20.430 [JavaFX Application Thread] DEBUG PhysicsWorld         - Clearing physics world
19:33:20.434 [FXGL Background Thread 4 ] DEBUG FXGLApplication      - Initializing game
19:33:20.455 [FXGL Background Thread 4 ] WARN  TMXLevelLoader       - TiledMap generated from 1.8.4. Supported version: 1.4.2. Some features may not be parsed fully.
19:33:20.469 [FXGL Background Thread 4 ] DEBUG TMXLevelLoader       - Parsed TiledMap: file:/E:/java%20project/tank/target/classes/assets/levels/test1.tmx
19:33:20.470 [FXGL Background Thread 4 ] DEBUG TMXLevelLoader       - Creating tile layer entities
19:33:20.470 [FXGL Background Thread 4 ] DEBUG TMXLevelLoader       - Creating object layer entities
19:33:20.495 [FXGL Background Thread 2 ] INFO  UpdaterService       - Your current version:  17.1
19:33:20.495 [FXGL Background Thread 2 ] INFO  UpdaterService       - Latest stable version: 17.2
19:33:20.523 [FXGL Background Thread 4 ] DEBUG GameWorld            - Clearing removable entities
19:33:20.524 [FXGL Background Thread 4 ] DEBUG GameWorld            - Setting level: com.almasb.fxgl.entity.level.Level@26484ec
19:33:20.532 [FXGL Background Thread 4 ] DEBUG FXGLAssetLoaderServi - Loading from file system: file:/E:/java%20project/tank/target/classes/assets/textures/element/Tank.png
19:33:20.533 [FXGL Background Thread 4 ] DEBUG FXGLAssetLoaderServi - Loading from file system: file:/E:/java%20project/tank/target/classes/assets/textures/Enemytank.png
19:33:20.535 [FXGL Background Thread 4 ] DEBUG FXGLAssetLoaderServi - Loading from file system: file:/E:/java%20project/tank/target/classes/assets/textures/Chicken.png
19:33:20.539 [FXGL Background Thread 4 ] DEBUG FXGLAssetLoaderServi - Loading from file system: file:/E:/java%20project/tank/target/classes/assets/textures/BossTank.png
19:33:20.541 [FXGL Background Thread 4 ] INFO  FXGLApplication      - Game initialization took: 0.107 sec
19:33:20.542 [JavaFX Application Thread] DEBUG Input                - Clearing active input actions
19:33:20.547 [JavaFX Application Thread] DEBUG GameApplicationServi - Removing overlay from Loading_Scene and adding to GameScene
19:33:20.547 [JavaFX Application Thread] DEBUG PrimaryStageWindow   - Loading_Scene -> GameScene
19:33:21.131 [JavaFX Application Thread] DEBUG FXGLAssetLoaderServi - Loading from file system: file:/E:/java%20project/tank/target/classes/assets/textures/element/Enemybullet.png
19:33:21.403 [JavaFX Application Thread] DEBUG FXGLAssetLoaderServi - Loading from file system: file:/E:/java%20project/tank/target/classes/assets/textures/SmallBoom.png
19:33:21.625 [JavaFX Application Thread] DEBUG FXGLAssetLoaderServi - Loading from file system: file:/E:/java%20project/tank/target/classes/assets/sounds/boom.wav
19:33:21.675 [JavaFX Application Thread] DEBUG FXGLAssetLoaderServi - Loading from file system: file:/E:/java%20project/tank/target/classes/assets/textures/element/Bullet.png
19:33:22.784 [FXGL Background Thread 3 ] DEBUG Engine               - Logging environment variables
19:33:22.784 [FXGL Background Thread 3 ] DEBUG Engine               - achievements: []
19:33:22.784 [FXGL Background Thread 3 ] DEBUG Engine               - actualHeight: 960.0
19:33:22.784 [FXGL Background Thread 3 ] DEBUG Engine               - actualHeightProperty: ReadOnlyDoubleProperty [value: 960.0]
19:33:22.784 [FXGL Background Thread 3 ] DEBUG Engine               - actualWidth: 1682.0
19:33:22.784 [FXGL Background Thread 3 ] DEBUG Engine               - actualWidthProperty: ReadOnlyDoubleProperty [value: 1682.0]
19:33:22.784 [FXGL Background Thread 3 ] DEBUG Engine               - appIcon: joker.jpg
19:33:22.784 [FXGL Background Thread 3 ] DEBUG Engine               - applicationMode: DEVELOPER
19:33:22.784 [FXGL Background Thread 3 ] DEBUG Engine               - cSSList: [fxgl_dark.css, tank.css]
19:33:22.785 [FXGL Background Thread 3 ] DEBUG Engine               - collisionDetectionStrategy: BRUTE_FORCE
19:33:22.785 [FXGL Background Thread 3 ] DEBUG Engine               - configClass: Optional.empty
19:33:22.785 [FXGL Background Thread 3 ] DEBUG Engine               - credits: []
19:33:22.785 [FXGL Background Thread 3 ] DEBUG Engine               - defaultCursor: CursorInfo(imageName=fxgl_default_cursor.png, hotspotX=7.0, hotspotY=6.0)
19:33:22.785 [FXGL Background Thread 3 ] DEBUG Engine               - devBBoxColorProperty: ObjectProperty [value: 0xff0000ff]
19:33:22.785 [FXGL Background Thread 3 ] DEBUG Engine               - devEnableDebugCameraProperty: BooleanProperty [value: false]
19:33:22.785 [FXGL Background Thread 3 ] DEBUG Engine               - devSensorColorProperty: ObjectProperty [value: 0xffff00ff]
19:33:22.785 [FXGL Background Thread 3 ] DEBUG Engine               - devShowBBoxProperty: BooleanProperty [value: false]
19:33:22.785 [FXGL Background Thread 3 ] DEBUG Engine               - devShowPositionProperty: BooleanProperty [value: false]
19:33:22.785 [FXGL Background Thread 3 ] DEBUG Engine               - enabledMenuItems: []
19:33:22.785 [FXGL Background Thread 3 ] DEBUG Engine               - engineServices: [class com.almasb.fxgl.app.services.FXGLAssetLoaderService, class com.almasb.fxgl.app.FXGLApplication$GameApplicationService, class com.almasb.fxgl.app.services.FXGLDialogService, class com.almasb.fxgl.app.services.IOTaskExecutorService, class com.almasb.fxgl.io.FileSystemService, class com.almasb.fxgl.localization.LocalizationService, class com.almasb.fxgl.app.services.SystemBundleService, class com.almasb.fxgl.profile.SaveLoadService, class com.almasb.fxgl.ui.FXGLUIFactoryServiceProvider, class com.almasb.fxgl.ui.FXGLDialogFactoryServiceProvider, class com.almasb.fxgl.audio.AudioPlayer, class com.almasb.fxgl.notification.impl.NotificationServiceProvider, class com.almasb.fxgl.achievement.AchievementService, class com.almasb.fxgl.cutscene.CutsceneService, class com.almasb.fxgl.minigames.MiniGameService, class com.almasb.fxgl.net.NetService, class com.almasb.fxgl.app.services.UpdaterService, class com.almasb.fxgl.dev.DevService]
19:33:22.786 [FXGL Background Thread 3 ] DEBUG Engine               - fontGame: Abel-Regular.ttf
19:33:22.786 [FXGL Background Thread 3 ] DEBUG Engine               - fontMono: TerminalLandMono-Regular.otf
19:33:22.786 [FXGL Background Thread 3 ] DEBUG Engine               - fontText: Courier-Prime.ttf
19:33:22.786 [FXGL Background Thread 3 ] DEBUG Engine               - fontUI: VarelaRound-Regular.ttf
19:33:22.786 [FXGL Background Thread 3 ] DEBUG Engine               - fullScreen: BooleanProperty [value: false]
19:33:22.786 [FXGL Background Thread 3 ] DEBUG Engine               - gameDifficulty: MEDIUM
19:33:22.786 [FXGL Background Thread 3 ] DEBUG Engine               - gameDifficultyProperty: ObjectProperty [value: MEDIUM]
19:33:22.786 [FXGL Background Thread 3 ] DEBUG Engine               - globalMusicVolume: 0.5
19:33:22.786 [FXGL Background Thread 3 ] DEBUG Engine               - globalMusicVolumeProperty: DoubleProperty [value: 0.5]
19:33:22.786 [FXGL Background Thread 3 ] DEBUG Engine               - globalSoundVolume: 0.5
19:33:22.786 [FXGL Background Thread 3 ] DEBUG Engine               - globalSoundVolumeProperty: DoubleProperty [value: 0.8]
19:33:22.786 [FXGL Background Thread 3 ] DEBUG Engine               - height: 1152
19:33:22.786 [FXGL Background Thread 3 ] DEBUG Engine               - is3D: false
19:33:22.786 [FXGL Background Thread 3 ] DEBUG Engine               - isAndroid: false
19:33:22.786 [FXGL Background Thread 3 ] DEBUG Engine               - isBrowser: false
19:33:22.786 [FXGL Background Thread 3 ] DEBUG Engine               - isClickFeedbackEnabled: false
19:33:22.786 [FXGL Background Thread 3 ] DEBUG Engine               - isCloseConfirmation: false
19:33:22.786 [FXGL Background Thread 3 ] DEBUG Engine               - isDesktop: true
19:33:22.786 [FXGL Background Thread 3 ] DEBUG Engine               - isDeveloperMenuEnabled: false
19:33:22.786 [FXGL Background Thread 3 ] DEBUG Engine               - isEmbedded: false
19:33:22.786 [FXGL Background Thread 3 ] DEBUG Engine               - isEntityPreloadEnabled: true
19:33:22.786 [FXGL Background Thread 3 ] DEBUG Engine               - isExperimentalTiledLargeMap: false
19:33:22.786 [FXGL Background Thread 3 ] DEBUG Engine               - isFileSystemWriteAllowed: true
19:33:22.787 [FXGL Background Thread 3 ] DEBUG Engine               - isFullScreenAllowed: false
19:33:22.787 [FXGL Background Thread 3 ] DEBUG Engine               - isFullScreenFromStart: false
19:33:22.787 [FXGL Background Thread 3 ] DEBUG Engine               - isGameMenuEnabled: true
19:33:22.787 [FXGL Background Thread 3 ] DEBUG Engine               - isIOS: false
19:33:22.787 [FXGL Background Thread 3 ] DEBUG Engine               - isIntroEnabled: false
19:33:22.787 [FXGL Background Thread 3 ] DEBUG Engine               - isLinux: false
19:33:22.787 [FXGL Background Thread 3 ] DEBUG Engine               - isMac: false
19:33:22.787 [FXGL Background Thread 3 ] DEBUG Engine               - isMainMenuEnabled: true
19:33:22.787 [FXGL Background Thread 3 ] DEBUG Engine               - isManualResizeEnabled: false
19:33:22.787 [FXGL Background Thread 3 ] DEBUG Engine               - isMobile: false
19:33:22.787 [FXGL Background Thread 3 ] DEBUG Engine               - isNative: false
19:33:22.787 [FXGL Background Thread 3 ] DEBUG Engine               - isPauseMusicWhenMinimized: true
19:33:22.787 [FXGL Background Thread 3 ] DEBUG Engine               - isPreserveResizeRatio: false
19:33:22.787 [FXGL Background Thread 3 ] DEBUG Engine               - isProfilingEnabled: false
19:33:22.787 [FXGL Background Thread 3 ] DEBUG Engine               - isScaleAffectedOnResize: true
19:33:22.787 [FXGL Background Thread 3 ] DEBUG Engine               - isSingleStep: false
19:33:22.787 [FXGL Background Thread 3 ] DEBUG Engine               - isUserProfileEnabled: false
19:33:22.787 [FXGL Background Thread 3 ] DEBUG Engine               - isWindows: true
19:33:22.787 [FXGL Background Thread 3 ] DEBUG Engine               - language: ObjectProperty [value: ENGLISH]
19:33:22.787 [FXGL Background Thread 3 ] DEBUG Engine               - menuKey: ESCAPE
19:33:22.787 [FXGL Background Thread 3 ] DEBUG Engine               - mouseSensitivity: 0.2
19:33:22.787 [FXGL Background Thread 3 ] DEBUG Engine               - notificationViewClass: class com.almasb.fxgl.notification.view.XboxNotificationView
19:33:22.787 [FXGL Background Thread 3 ] DEBUG Engine               - pixelsPerMeter: 50.0
19:33:22.787 [FXGL Background Thread 3 ] DEBUG Engine               - platform: WINDOWS
19:33:22.787 [FXGL Background Thread 3 ] DEBUG Engine               - prefHeightProperty: ReadOnlyDoubleProperty [value: 1152.0]
19:33:22.787 [FXGL Background Thread 3 ] DEBUG Engine               - prefWidthProperty: ReadOnlyDoubleProperty [value: 2048.0]
19:33:22.787 [FXGL Background Thread 3 ] DEBUG Engine               - profileDir: profiles/
19:33:22.787 [FXGL Background Thread 3 ] DEBUG Engine               - profileName: StringProperty [value: DEFAULT]
19:33:22.787 [FXGL Background Thread 3 ] DEBUG Engine               - randomSeed: -1
19:33:22.787 [FXGL Background Thread 3 ] DEBUG Engine               - runtimeInfo: RuntimeInfo(platform=WINDOWS, version=17.1, build=24.03.2022 17.34)
19:33:22.787 [FXGL Background Thread 3 ] DEBUG Engine               - saveFileExt: sav
19:33:22.788 [FXGL Background Thread 3 ] DEBUG Engine               - scaledHeightProp$fxgl: DoubleProperty [bound, value: 960.0]
19:33:22.788 [FXGL Background Thread 3 ] DEBUG Engine               - scaledWidthProp$fxgl: DoubleProperty [bound, value: 1682.0]
19:33:22.788 [FXGL Background Thread 3 ] DEBUG Engine               - sceneFactory: com.kenny.tank.AllStarBattleApp$1@51ffa7a1
19:33:22.788 [FXGL Background Thread 3 ] DEBUG Engine               - secondsIn24h: 60
19:33:22.788 [FXGL Background Thread 3 ] DEBUG Engine               - soundMenuBack: menu/back.wav
19:33:22.788 [FXGL Background Thread 3 ] DEBUG Engine               - soundMenuPress: menu/press.wav
19:33:22.788 [FXGL Background Thread 3 ] DEBUG Engine               - soundMenuSelect: menu/select.wav
19:33:22.788 [FXGL Background Thread 3 ] DEBUG Engine               - soundNotification: core/notification.wav
19:33:22.788 [FXGL Background Thread 3 ] DEBUG Engine               - stageStyle: DECORATED
19:33:22.788 [FXGL Background Thread 3 ] DEBUG Engine               - supportedLanguages: [ENGLISH, FRENCH, GERMAN, HUNGARIAN, RUSSIAN]
19:33:22.788 [FXGL Background Thread 3 ] DEBUG Engine               - ticksPerSecond: -1
19:33:22.788 [FXGL Background Thread 3 ] DEBUG Engine               - title: All star battle
19:33:22.788 [FXGL Background Thread 3 ] DEBUG Engine               - urlGithub: https://github.com/AlmasB/FXGL
19:33:22.788 [FXGL Background Thread 3 ] DEBUG Engine               - urlLeaderboard: http://fxgl-top.herokuapp.com/
19:33:22.788 [FXGL Background Thread 3 ] DEBUG Engine               - urlPOM: https://raw.githubusercontent.com/AlmasB/FXGL/release/README.md
19:33:22.788 [FXGL Background Thread 3 ] DEBUG Engine               - userAppClass: class com.kenny.tank.AllStarBattleApp
19:33:22.788 [FXGL Background Thread 3 ] DEBUG Engine               - version: 0.1
19:33:22.788 [FXGL Background Thread 3 ] DEBUG Engine               - versionCheckDays: 7
19:33:22.788 [FXGL Background Thread 3 ] DEBUG Engine               - width: 2048
19:33:22.788 [FXGL Background Thread 3 ] DEBUG Engine               - Logging services
19:33:22.788 [FXGL Background Thread 3 ] DEBUG Engine               - class com.almasb.fxgl.app.services.FXGLAssetLoaderService
19:33:22.788 [FXGL Background Thread 3 ] DEBUG Engine               - class com.almasb.fxgl.app.FXGLApplication$GameApplicationService
19:33:22.788 [FXGL Background Thread 3 ] DEBUG Engine               - class com.almasb.fxgl.app.services.FXGLDialogService
19:33:22.788 [FXGL Background Thread 3 ] DEBUG Engine               - class com.almasb.fxgl.app.services.IOTaskExecutorService
19:33:22.788 [FXGL Background Thread 3 ] DEBUG Engine               - class com.almasb.fxgl.io.FileSystemService
19:33:22.788 [FXGL Background Thread 3 ] DEBUG Engine               - class com.almasb.fxgl.localization.LocalizationService
19:33:22.788 [FXGL Background Thread 3 ] DEBUG Engine               - class com.almasb.fxgl.app.services.SystemBundleService
19:33:22.788 [FXGL Background Thread 3 ] DEBUG Engine               - class com.almasb.fxgl.profile.SaveLoadService
19:33:22.788 [FXGL Background Thread 3 ] DEBUG Engine               - class com.almasb.fxgl.ui.FXGLUIFactoryServiceProvider
19:33:22.788 [FXGL Background Thread 3 ] DEBUG Engine               - class com.almasb.fxgl.ui.FXGLDialogFactoryServiceProvider
19:33:22.788 [FXGL Background Thread 3 ] DEBUG Engine               - class com.almasb.fxgl.audio.AudioPlayer
19:33:22.788 [FXGL Background Thread 3 ] DEBUG Engine               - class com.almasb.fxgl.notification.impl.NotificationServiceProvider
19:33:22.788 [FXGL Background Thread 3 ] DEBUG Engine               - class com.almasb.fxgl.achievement.AchievementService
19:33:22.788 [FXGL Background Thread 3 ] DEBUG Engine               - class com.almasb.fxgl.cutscene.CutsceneService
19:33:22.789 [FXGL Background Thread 3 ] DEBUG Engine               - class com.almasb.fxgl.minigames.MiniGameService
19:33:22.789 [FXGL Background Thread 3 ] DEBUG Engine               - class com.almasb.fxgl.net.NetService
19:33:22.789 [FXGL Background Thread 3 ] DEBUG Engine               - class com.almasb.fxgl.app.services.UpdaterService
19:33:22.789 [FXGL Background Thread 3 ] DEBUG Engine               - class com.almasb.fxgl.dev.DevService
19:33:26.812 [JavaFX Application Thread] DEBUG FXGLAssetLoaderServi - Loading from file system: file:/E:/java%20project/tank/target/classes/assets/textures/boom.png
19:33:26.817 [JavaFX Application Thread] DEBUG PrimaryStageWindow   - Push state: EggScene
19:33:26.817 [JavaFX Application Thread] DEBUG FXGLAssetLoaderServi - Loading from file system: file:/E:/java%20project/tank/target/classes/assets/music/chicken.mp3
19:33:26.827 [JavaFX Application Thread] DEBUG AudioPlayer          - Playing music com.almasb.fxgl.audio.Music@6e4eb796
19:33:26.829 [JavaFX Application Thread] DEBUG Input                - Clearing active input actions
19:33:26.829 [JavaFX Application Thread] DEBUG GameApplicationServi - Removing overlay from GameScene and adding to EggScene
19:33:26.829 [JavaFX Application Thread] DEBUG PrimaryStageWindow   - GameScene -> EggScene
19:33:28.829 [JavaFX Application Thread] DEBUG PrimaryStageWindow   - Pop state: EggScene
19:33:28.830 [JavaFX Application Thread] DEBUG Input                - Clearing active input actions
19:33:28.830 [JavaFX Application Thread] DEBUG GameApplicationServi - Removing overlay from EggScene and adding to GameScene
19:33:28.831 [JavaFX Application Thread] DEBUG PrimaryStageWindow   - GameScene <- EggScene
19:33:28.833 [JavaFX Application Thread] WARN  TMXLevelLoader       - TiledMap generated from 1.8.4. Supported version: 1.4.2. Some features may not be parsed fully.
19:33:28.837 [JavaFX Application Thread] DEBUG TMXLevelLoader       - Parsed TiledMap: file:/E:/java%20project/tank/target/classes/assets/levels/Chicken.tmx
19:33:28.837 [JavaFX Application Thread] DEBUG TMXLevelLoader       - Creating tile layer entities
19:33:28.837 [JavaFX Application Thread] DEBUG TMXLevelLoader       - Creating object layer entities
19:33:28.849 [JavaFX Application Thread] DEBUG GameWorld            - Clearing removable entities
19:33:28.855 [JavaFX Application Thread] DEBUG GameWorld            - Setting level: com.almasb.fxgl.entity.level.Level@47b6e6d4
19:33:28.861 [JavaFX Application Thread] DEBUG FXGLAssetLoaderServi - Loading from file system: file:/E:/java%20project/tank/target/classes/assets/textures/people.png
19:33:33.293 [JavaFX Application Thread] DEBUG FXGLAssetLoaderServi - Loading from file system: file:/E:/java%20project/tank/target/classes/assets/textures/Egg.png
19:33:39.336 [JavaFX Application Thread] DEBUG FXGLAssetLoaderServi - Loading from file system: file:/E:/java%20project/tank/target/classes/assets/textures/element/Enemy2.png
19:33:40.381 [JavaFX Application Thread] DEBUG PrimaryStageWindow   - Push state: FXGLDefaultMenu
19:33:40.385 [JavaFX Application Thread] DEBUG Input                - Clearing active input actions
19:33:40.386 [JavaFX Application Thread] DEBUG GameApplicationServi - Removing overlay from GameScene and adding to FXGLDefaultMenu
19:33:40.386 [JavaFX Application Thread] DEBUG PrimaryStageWindow   - GameScene -> FXGLDefaultMenu
19:33:41.454 [JavaFX Application Thread] DEBUG Menu                 - fireExitToMainMenu()
19:33:41.456 [JavaFX Application Thread] DEBUG PrimaryStageWindow   - Push state: DialogSubScene
19:33:41.456 [JavaFX Application Thread] DEBUG Input                - Clearing active input actions
19:33:41.456 [JavaFX Application Thread] DEBUG GameApplicationServi - Removing overlay from FXGLDefaultMenu and adding to DialogSubScene
19:33:41.456 [JavaFX Application Thread] DEBUG PrimaryStageWindow   - FXGLDefaultMenu -> DialogSubScene
19:33:42.117 [JavaFX Application Thread] DEBUG PrimaryStageWindow   - Pop state: DialogSubScene
19:33:42.117 [JavaFX Application Thread] DEBUG Input                - Clearing active input actions
19:33:42.118 [JavaFX Application Thread] DEBUG GameApplicationServi - Removing overlay from DialogSubScene and adding to FXGLDefaultMenu
19:33:42.118 [JavaFX Application Thread] DEBUG PrimaryStageWindow   - FXGLDefaultMenu <- DialogSubScene
19:33:42.120 [JavaFX Application Thread] DEBUG PrimaryStageWindow   - Pop state: FXGLDefaultMenu
19:33:42.120 [JavaFX Application Thread] DEBUG Input                - Clearing active input actions
19:33:42.120 [JavaFX Application Thread] DEBUG GameApplicationServi - Removing overlay from FXGLDefaultMenu and adding to GameScene
19:33:42.120 [JavaFX Application Thread] DEBUG PrimaryStageWindow   - GameScene <- FXGLDefaultMenu
19:33:42.120 [JavaFX Application Thread] DEBUG Input                - Clearing active input actions
19:33:42.127 [JavaFX Application Thread] DEBUG GameApplicationServi - Removing overlay from GameScene and adding to FXGLMainMenuDummyScene
19:33:42.127 [JavaFX Application Thread] DEBUG PrimaryStageWindow   - GameScene -> FXGLMainMenuDummyScene
19:33:42.127 [JavaFX Application Thread] DEBUG PrimaryStageWindow   - Push state: Main_menu
19:33:42.128 [JavaFX Application Thread] DEBUG Input                - Clearing active input actions
19:33:42.128 [JavaFX Application Thread] DEBUG GameApplicationServi - Removing overlay from FXGLMainMenuDummyScene and adding to Main_menu
19:33:42.128 [JavaFX Application Thread] DEBUG PrimaryStageWindow   - FXGLMainMenuDummyScene -> Main_menu
19:33:42.789 [JavaFX Application Thread] DEBUG FXGLApplication      - Exiting FXGL
19:33:42.789 [JavaFX Application Thread] DEBUG LoopRunner           - Stopping loop
19:33:42.789 [JavaFX Application Thread] DEBUG SystemBundleService  - Saving FXGL system data
19:33:42.791 [JavaFX Application Thread] DEBUG FileSystemAccess     - Writing to: E:\java project\tank\system\fxgl.bundle
19:33:42.792 [JavaFX Application Thread] DEBUG Async                - Shutting down background threads
19:33:42.792 [JavaFX Application Thread] DEBUG PrimaryStageWindow   - Closing main window
19:33:42.815 [JavaFX Application Thread] DEBUG Logger               - Closing Logger
