10:15:36.453 [main                     ] DEBUG Logger               - Configured Logger
10:15:36.470 [main                     ] DEBUG GameApplication      - Logging settings
Title: All star battle
Version: 0.1
Width: 2048
Height: 1152
Fullscreen: false
Intro: false
Profiling: false
Single step:false
App Mode: DEVELOPER
Menu Key: ESCAPE
Stage Style: DECORATED
Scene Factory: class com.kenny.tank.AllStarBattleApp$1

10:15:36.764 [JavaFX Application Thread] DEBUG FXGLApplication      - Initializing FXGL
10:15:36.769 [JavaFX Application Thread] INFO  Engine               - FXGL-17.1 (24.03.2022 17.34) on WINDOWS (J:17.0.6 FX:18)
10:15:36.769 [JavaFX Application Thread] DEBUG Engine               - JRE Vendor Name: Amazon.com Inc.
10:15:36.769 [JavaFX Application Thread] DEBUG Engine               - Running on OS: Windows 11 version 10.0
10:15:36.769 [JavaFX Application Thread] DEBUG Engine               - Architecture: amd64
10:15:36.769 [JavaFX Application Thread] INFO  Engine               - Source code and latest versions at: https://github.com/AlmasB/FXGL
10:15:36.769 [JavaFX Application Thread] INFO  Engine               -       Ask questions and discuss at: https://github.com/AlmasB/FXGL/discussions
10:15:36.770 [JavaFX Application Thread] INFO  Engine               -              Join the FXGL chat at: https://gitter.im/AlmasB/FXGL
10:15:36.831 [JavaFX Application Thread] DEBUG PrimaryStageWindow   - Creating a JavaFX scene
10:15:36.831 [JavaFX Application Thread] DEBUG PrimaryStageWindow   - Target size > screen size
10:15:36.862 [JavaFX Application Thread] DEBUG PrimaryStageWindow   - Target settings size: 2048.0 x 1152.0
10:15:36.863 [JavaFX Application Thread] DEBUG PrimaryStageWindow   - Scaled scene size:    1682.0 x 960.0
10:15:36.863 [JavaFX Application Thread] DEBUG PrimaryStageWindow   - Scaled ratio: (0.8212890625, 0.8333333333333334)
10:15:36.864 [JavaFX Application Thread] DEBUG PrimaryStageWindow   - Set initial scene to StartScene
10:15:36.870 [JavaFX Application Thread] DEBUG PrimaryStageWindow   - Opening main window
10:15:36.960 [JavaFX Application Thread] DEBUG PrimaryStageWindow   - Window border size: (14.6666259765625, 37.33331298828125)
10:15:36.960 [JavaFX Application Thread] DEBUG PrimaryStageWindow   - Scaled size: 1682.0 x 960.0
10:15:36.961 [JavaFX Application Thread] DEBUG PrimaryStageWindow   - Scaled ratio: (0.8212890625, 0.8333333333333334)
10:15:36.961 [JavaFX Application Thread] DEBUG PrimaryStageWindow   - Scene size: 1682.0 x 960.0
10:15:36.961 [JavaFX Application Thread] DEBUG PrimaryStageWindow   - Stage size: 1696.6666259765625 x 997.3333129882812
10:15:36.966 [FXGL Background Thread 1 ] DEBUG Engine               - Initializing environment variables
10:15:36.990 [FXGL Background Thread 1 ] DEBUG FXGLAssetLoaderServi - User app class for loading assets: class com.kenny.tank.AllStarBattleApp
10:15:36.991 [FXGL Background Thread 1 ] DEBUG GameApplicationServi - Applying CSS: fxgl_dark.css
10:15:36.991 [FXGL Background Thread 1 ] DEBUG FXGLAssetLoaderServi - Loading from file system: jar:file:///C:/Users/10273/.m2/repository/com/github/almasb/fxgl/17.1/fxgl-17.1.jar!/fxglassets/ui/css/fxgl_dark.css
10:15:37.030 [FXGL Background Thread 1 ] DEBUG GameApplicationServi - Applying CSS: tank.css
10:15:37.030 [FXGL Background Thread 1 ] DEBUG FXGLAssetLoaderServi - Loading from file system: file:/E:/java%20project/tank/target/classes/assets/ui/css/tank.css
10:15:37.031 [FXGL Background Thread 1 ] DEBUG GameApplicationServi - Initializing application scenes
10:15:37.034 [FXGL Background Thread 1 ] DEBUG GameWorld            - Game world initialized
10:15:37.076 [FXGL Background Thread 1 ] DEBUG PhysicsWorld         - Physics world initialized: appHeight=1152, physics.ppm=50.0
10:15:37.076 [FXGL Background Thread 1 ] DEBUG PhysicsWorld         - Using strategy: BRUTE_FORCE
10:15:37.080 [FXGL Background Thread 1 ] DEBUG GameScene            - Game scene initialized: 2048x1152
10:15:37.084 [FXGL Background Thread 1 ] DEBUG FXGLAssetLoaderServi - Loading from file system: file:/E:/java%20project/tank/target/classes/assets/textures/MainMenu.png
10:15:37.196 [FXGL Background Thread 1 ] DEBUG FXGLAssetLoaderServi - Loading from file system: file:/E:/java%20project/tank/target/classes/assets/textures/R-C.jpg
10:15:37.224 [FXGL Background Thread 1 ] DEBUG FXGL.DefaultMenu     - createMenuBodyGameMenu()
10:15:37.231 [FXGL Background Thread 1 ] DEBUG FXGL.DefaultMenu     - createOptionsMenu()
10:15:37.238 [FXGL Background Thread 1 ] DEBUG FXGLAssetLoaderServi - Loading from file system: jar:file:///C:/Users/10273/.m2/repository/com/github/almasb/fxgl/17.1/fxgl-17.1.jar!/fxglassets/textures/particles/smoke.png
10:15:37.291 [FXGL Background Thread 1 ] DEBUG FXGLAssetLoaderServi - Loading from file system: jar:file:///C:/Users/10273/.m2/repository/com/github/almasb/fxgl/17.1/fxgl-17.1.jar!/fxglassets/textures/particles/trace_horizontal.png
10:15:37.301 [FXGL Background Thread 1 ] DEBUG GameApplicationServi - Application scenes initialized
10:15:37.310 [FXGL Background Thread 1 ] DEBUG SystemBundleService  - Loading FXGL system data
10:15:37.314 [FXGL Background Thread 1 ] DEBUG FileSystemAccess     - Reading from: E:\java project\tank\system\fxgl.bundle
10:15:37.320 [FXGL Background Thread 1 ] DEBUG SystemBundleService  - Bundle FXGL: {}
10:15:37.320 [FXGL Background Thread 1 ] DEBUG UpdaterService       - Checking for updates
10:15:37.325 [FXGL Background Thread 4 ] DEBUG FXGLApplication      - Loading fonts
10:15:37.327 [FXGL Background Thread 4 ] DEBUG FXGLAssetLoaderServi - Loading from file system: jar:file:///C:/Users/10273/.m2/repository/com/github/almasb/fxgl/17.1/fxgl-17.1.jar!/fxglassets/ui/fonts/VarelaRound-Regular.ttf
10:15:37.327 [FXGL Background Thread 1 ] DEBUG FXGLApplication      - Loading default localization
10:15:37.328 [FXGL Background Thread 1 ] DEBUG FXGLAssetLoaderServi - Loading from file system: jar:file:///C:/Users/10273/.m2/repository/com/github/almasb/fxgl/17.1/fxgl-17.1.jar!/fxglassets/languages/english.lang
10:15:37.349 [FXGL Background Thread 1 ] INFO  FXGLApplication      - FXGL initialization took: 0.383 sec
10:15:37.356 [JavaFX Application Thread] DEBUG Input                - Registered new binding: action0 - Up
10:15:37.356 [JavaFX Application Thread] DEBUG Input                - Registered new binding: action1 - Down
10:15:37.357 [JavaFX Application Thread] DEBUG Input                - Registered new binding: action2 - Left
10:15:37.357 [JavaFX Application Thread] DEBUG Input                - Registered new binding: action3 - Right
10:15:37.357 [JavaFX Application Thread] DEBUG Input                - Registered new binding: action4 - Space
10:15:37.358 [JavaFX Application Thread] DEBUG FXGLAssetLoaderServi - Loading from file system: file:/E:/java%20project/tank/target/classes/assets/textures/joker.jpg
10:15:37.368 [JavaFX Application Thread] DEBUG FXGLAssetLoaderServi - Loading from file system: jar:file:///C:/Users/10273/.m2/repository/com/github/almasb/fxgl/17.1/fxgl-17.1.jar!/fxglassets/textures/fxgl_default_cursor.png
10:15:37.372 [JavaFX Application Thread] DEBUG Input                - Registered new binding: Screenshot - CTRL+8
10:15:37.372 [JavaFX Application Thread] DEBUG Input                - Registered new binding: System info dump - CTRL+9
10:15:37.373 [JavaFX Application Thread] DEBUG Input                - Registered new binding: Restart - CTRL+R
10:15:37.374 [JavaFX Application Thread] DEBUG Input                - Registered new binding: Toggle Debug Camera - CTRL+7
10:15:37.377 [JavaFX Application Thread] DEBUG LoopRunner           - Starting loop
10:15:37.377 [JavaFX Application Thread] DEBUG LoopRunner           - Initializing JavaFX AnimationTimerLoop
10:15:37.377 [FXGL Background Thread 4 ] DEBUG FXGLAssetLoaderServi - Loading from file system: jar:file:///C:/Users/10273/.m2/repository/com/github/almasb/fxgl/17.1/fxgl-17.1.jar!/fxglassets/ui/fonts/Abel-Regular.ttf
10:15:37.380 [FXGL Background Thread 4 ] DEBUG FXGLAssetLoaderServi - Loading from file system: jar:file:///C:/Users/10273/.m2/repository/com/github/almasb/fxgl/17.1/fxgl-17.1.jar!/fxglassets/ui/fonts/TerminalLandMono-Regular.otf
10:15:37.382 [JavaFX Application Thread] DEBUG Input                - Clearing active input actions
10:15:37.383 [FXGL Background Thread 4 ] DEBUG FXGLAssetLoaderServi - Loading from file system: jar:file:///C:/Users/10273/.m2/repository/com/github/almasb/fxgl/17.1/fxgl-17.1.jar!/fxglassets/ui/fonts/Courier-Prime.ttf
10:15:37.387 [JavaFX Application Thread] DEBUG GameApplicationServi - Removing overlay from StartScene and adding to FXGLMainMenuDummyScene
10:15:37.387 [JavaFX Application Thread] DEBUG PrimaryStageWindow   - StartScene -> FXGLMainMenuDummyScene
10:15:37.387 [JavaFX Application Thread] DEBUG PrimaryStageWindow   - Push state: Main_menu
10:15:37.388 [JavaFX Application Thread] DEBUG Input                - Clearing active input actions
10:15:37.395 [JavaFX Application Thread] DEBUG GameApplicationServi - Removing overlay from FXGLMainMenuDummyScene and adding to Main_menu
10:15:37.396 [JavaFX Application Thread] DEBUG PrimaryStageWindow   - FXGLMainMenuDummyScene -> Main_menu
10:15:37.501 [JavaFX Application Thread] DEBUG FXGLApplication      - Registering font factories with UI factory
10:15:38.143 [FXGL Background Thread 2 ] INFO  UpdaterService       - Your current version:  17.1
10:15:38.143 [FXGL Background Thread 2 ] INFO  UpdaterService       - Latest stable version: 17.3
10:15:40.325 [FXGL Background Thread 3 ] DEBUG Engine               - Logging environment variables
10:15:40.325 [FXGL Background Thread 3 ] DEBUG Engine               - achievements: []
10:15:40.326 [FXGL Background Thread 3 ] DEBUG Engine               - actualHeight: 960.0
10:15:40.326 [FXGL Background Thread 3 ] DEBUG Engine               - actualHeightProperty: ReadOnlyDoubleProperty [value: 960.0]
10:15:40.326 [FXGL Background Thread 3 ] DEBUG Engine               - actualWidth: 1682.0
10:15:40.326 [FXGL Background Thread 3 ] DEBUG Engine               - actualWidthProperty: ReadOnlyDoubleProperty [value: 1682.0]
10:15:40.326 [FXGL Background Thread 3 ] DEBUG Engine               - appIcon: joker.jpg
10:15:40.326 [FXGL Background Thread 3 ] DEBUG Engine               - applicationMode: DEVELOPER
10:15:40.326 [FXGL Background Thread 3 ] DEBUG Engine               - cSSList: [fxgl_dark.css, tank.css]
10:15:40.326 [FXGL Background Thread 3 ] DEBUG Engine               - collisionDetectionStrategy: BRUTE_FORCE
10:15:40.326 [FXGL Background Thread 3 ] DEBUG Engine               - configClass: Optional.empty
10:15:40.326 [FXGL Background Thread 3 ] DEBUG Engine               - credits: []
10:15:40.330 [FXGL Background Thread 3 ] DEBUG Engine               - defaultCursor: CursorInfo(imageName=fxgl_default_cursor.png, hotspotX=7.0, hotspotY=6.0)
10:15:40.330 [FXGL Background Thread 3 ] DEBUG Engine               - devBBoxColorProperty: ObjectProperty [value: 0xff0000ff]
10:15:40.330 [FXGL Background Thread 3 ] DEBUG Engine               - devEnableDebugCameraProperty: BooleanProperty [value: false]
10:15:40.330 [FXGL Background Thread 3 ] DEBUG Engine               - devSensorColorProperty: ObjectProperty [value: 0xffff00ff]
10:15:40.330 [FXGL Background Thread 3 ] DEBUG Engine               - devShowBBoxProperty: BooleanProperty [value: false]
10:15:40.330 [FXGL Background Thread 3 ] DEBUG Engine               - devShowPositionProperty: BooleanProperty [value: false]
10:15:40.330 [FXGL Background Thread 3 ] DEBUG Engine               - enabledMenuItems: []
10:15:40.330 [FXGL Background Thread 3 ] DEBUG Engine               - engineServices: [class com.almasb.fxgl.app.services.FXGLAssetLoaderService, class com.almasb.fxgl.app.FXGLApplication$GameApplicationService, class com.almasb.fxgl.app.services.FXGLDialogService, class com.almasb.fxgl.app.services.IOTaskExecutorService, class com.almasb.fxgl.io.FileSystemService, class com.almasb.fxgl.localization.LocalizationService, class com.almasb.fxgl.app.services.SystemBundleService, class com.almasb.fxgl.profile.SaveLoadService, class com.almasb.fxgl.ui.FXGLUIFactoryServiceProvider, class com.almasb.fxgl.ui.FXGLDialogFactoryServiceProvider, class com.almasb.fxgl.audio.AudioPlayer, class com.almasb.fxgl.notification.impl.NotificationServiceProvider, class com.almasb.fxgl.achievement.AchievementService, class com.almasb.fxgl.cutscene.CutsceneService, class com.almasb.fxgl.minigames.MiniGameService, class com.almasb.fxgl.net.NetService, class com.almasb.fxgl.app.services.UpdaterService, class com.almasb.fxgl.dev.DevService]
10:15:40.330 [FXGL Background Thread 3 ] DEBUG Engine               - fontGame: Abel-Regular.ttf
10:15:40.330 [FXGL Background Thread 3 ] DEBUG Engine               - fontMono: TerminalLandMono-Regular.otf
10:15:40.330 [FXGL Background Thread 3 ] DEBUG Engine               - fontText: Courier-Prime.ttf
10:15:40.330 [FXGL Background Thread 3 ] DEBUG Engine               - fontUI: VarelaRound-Regular.ttf
10:15:40.330 [FXGL Background Thread 3 ] DEBUG Engine               - fullScreen: BooleanProperty [value: false]
10:15:40.331 [FXGL Background Thread 3 ] DEBUG Engine               - gameDifficulty: MEDIUM
10:15:40.331 [FXGL Background Thread 3 ] DEBUG Engine               - gameDifficultyProperty: ObjectProperty [value: MEDIUM]
10:15:40.331 [FXGL Background Thread 3 ] DEBUG Engine               - globalMusicVolume: 0.5
10:15:40.331 [FXGL Background Thread 3 ] DEBUG Engine               - globalMusicVolumeProperty: DoubleProperty [value: 0.5]
10:15:40.331 [FXGL Background Thread 3 ] DEBUG Engine               - globalSoundVolume: 0.5
10:15:40.331 [FXGL Background Thread 3 ] DEBUG Engine               - globalSoundVolumeProperty: DoubleProperty [value: 0.8]
10:15:40.331 [FXGL Background Thread 3 ] DEBUG Engine               - height: 1152
10:15:40.331 [FXGL Background Thread 3 ] DEBUG Engine               - is3D: false
10:15:40.331 [FXGL Background Thread 3 ] DEBUG Engine               - isAndroid: false
10:15:40.331 [FXGL Background Thread 3 ] DEBUG Engine               - isBrowser: false
10:15:40.331 [FXGL Background Thread 3 ] DEBUG Engine               - isClickFeedbackEnabled: false
10:15:40.331 [FXGL Background Thread 3 ] DEBUG Engine               - isCloseConfirmation: false
10:15:40.331 [FXGL Background Thread 3 ] DEBUG Engine               - isDesktop: true
10:15:40.331 [FXGL Background Thread 3 ] DEBUG Engine               - isDeveloperMenuEnabled: false
10:15:40.331 [FXGL Background Thread 3 ] DEBUG Engine               - isEmbedded: false
10:15:40.331 [FXGL Background Thread 3 ] DEBUG Engine               - isEntityPreloadEnabled: true
10:15:40.331 [FXGL Background Thread 3 ] DEBUG Engine               - isExperimentalTiledLargeMap: false
10:15:40.331 [FXGL Background Thread 3 ] DEBUG Engine               - isFileSystemWriteAllowed: true
10:15:40.331 [FXGL Background Thread 3 ] DEBUG Engine               - isFullScreenAllowed: false
10:15:40.331 [FXGL Background Thread 3 ] DEBUG Engine               - isFullScreenFromStart: false
10:15:40.331 [FXGL Background Thread 3 ] DEBUG Engine               - isGameMenuEnabled: true
10:15:40.331 [FXGL Background Thread 3 ] DEBUG Engine               - isIOS: false
10:15:40.331 [FXGL Background Thread 3 ] DEBUG Engine               - isIntroEnabled: false
10:15:40.331 [FXGL Background Thread 3 ] DEBUG Engine               - isLinux: false
10:15:40.331 [FXGL Background Thread 3 ] DEBUG Engine               - isMac: false
10:15:40.332 [FXGL Background Thread 3 ] DEBUG Engine               - isMainMenuEnabled: true
10:15:40.332 [FXGL Background Thread 3 ] DEBUG Engine               - isManualResizeEnabled: false
10:15:40.332 [FXGL Background Thread 3 ] DEBUG Engine               - isMobile: false
10:15:40.332 [FXGL Background Thread 3 ] DEBUG Engine               - isNative: false
10:15:40.332 [FXGL Background Thread 3 ] DEBUG Engine               - isPauseMusicWhenMinimized: true
10:15:40.332 [FXGL Background Thread 3 ] DEBUG Engine               - isPreserveResizeRatio: false
10:15:40.332 [FXGL Background Thread 3 ] DEBUG Engine               - isProfilingEnabled: false
10:15:40.332 [FXGL Background Thread 3 ] DEBUG Engine               - isScaleAffectedOnResize: true
10:15:40.332 [FXGL Background Thread 3 ] DEBUG Engine               - isSingleStep: false
10:15:40.332 [FXGL Background Thread 3 ] DEBUG Engine               - isUserProfileEnabled: false
10:15:40.332 [FXGL Background Thread 3 ] DEBUG Engine               - isWindows: true
10:15:40.332 [FXGL Background Thread 3 ] DEBUG Engine               - language: ObjectProperty [value: ENGLISH]
10:15:40.332 [FXGL Background Thread 3 ] DEBUG Engine               - menuKey: ESCAPE
10:15:40.332 [FXGL Background Thread 3 ] DEBUG Engine               - mouseSensitivity: 0.2
10:15:40.332 [FXGL Background Thread 3 ] DEBUG Engine               - notificationViewClass: class com.almasb.fxgl.notification.view.XboxNotificationView
10:15:40.332 [FXGL Background Thread 3 ] DEBUG Engine               - pixelsPerMeter: 50.0
10:15:40.332 [FXGL Background Thread 3 ] DEBUG Engine               - platform: WINDOWS
10:15:40.332 [FXGL Background Thread 3 ] DEBUG Engine               - prefHeightProperty: ReadOnlyDoubleProperty [value: 1152.0]
10:15:40.332 [FXGL Background Thread 3 ] DEBUG Engine               - prefWidthProperty: ReadOnlyDoubleProperty [value: 2048.0]
10:15:40.332 [FXGL Background Thread 3 ] DEBUG Engine               - profileDir: profiles/
10:15:40.332 [FXGL Background Thread 3 ] DEBUG Engine               - profileName: StringProperty [value: DEFAULT]
10:15:40.332 [FXGL Background Thread 3 ] DEBUG Engine               - randomSeed: -1
10:15:40.333 [FXGL Background Thread 3 ] DEBUG Engine               - runtimeInfo: RuntimeInfo(platform=WINDOWS, version=17.1, build=24.03.2022 17.34)
10:15:40.333 [FXGL Background Thread 3 ] DEBUG Engine               - saveFileExt: sav
10:15:40.333 [FXGL Background Thread 3 ] DEBUG Engine               - scaledHeightProp$fxgl: DoubleProperty [bound, value: 960.0]
10:15:40.333 [FXGL Background Thread 3 ] DEBUG Engine               - scaledWidthProp$fxgl: DoubleProperty [bound, value: 1682.0]
10:15:40.333 [FXGL Background Thread 3 ] DEBUG Engine               - sceneFactory: com.kenny.tank.AllStarBattleApp$1@7a44c975
10:15:40.333 [FXGL Background Thread 3 ] DEBUG Engine               - secondsIn24h: 60
10:15:40.333 [FXGL Background Thread 3 ] DEBUG Engine               - soundMenuBack: menu/back.wav
10:15:40.333 [FXGL Background Thread 3 ] DEBUG Engine               - soundMenuPress: menu/press.wav
10:15:40.333 [FXGL Background Thread 3 ] DEBUG Engine               - soundMenuSelect: menu/select.wav
10:15:40.333 [FXGL Background Thread 3 ] DEBUG Engine               - soundNotification: core/notification.wav
10:15:40.333 [FXGL Background Thread 3 ] DEBUG Engine               - stageStyle: DECORATED
10:15:40.333 [FXGL Background Thread 3 ] DEBUG Engine               - supportedLanguages: [ENGLISH, FRENCH, GERMAN, HUNGARIAN, RUSSIAN]
10:15:40.333 [FXGL Background Thread 3 ] DEBUG Engine               - ticksPerSecond: -1
10:15:40.333 [FXGL Background Thread 3 ] DEBUG Engine               - title: All star battle
10:15:40.333 [FXGL Background Thread 3 ] DEBUG Engine               - urlGithub: https://github.com/AlmasB/FXGL
10:15:40.333 [FXGL Background Thread 3 ] DEBUG Engine               - urlLeaderboard: http://fxgl-top.herokuapp.com/
10:15:40.333 [FXGL Background Thread 3 ] DEBUG Engine               - urlPOM: https://raw.githubusercontent.com/AlmasB/FXGL/release/README.md
10:15:40.333 [FXGL Background Thread 3 ] DEBUG Engine               - userAppClass: class com.kenny.tank.AllStarBattleApp
10:15:40.333 [FXGL Background Thread 3 ] DEBUG Engine               - version: 0.1
10:15:40.333 [FXGL Background Thread 3 ] DEBUG Engine               - versionCheckDays: 7
10:15:40.333 [FXGL Background Thread 3 ] DEBUG Engine               - width: 2048
10:15:40.334 [FXGL Background Thread 3 ] DEBUG Engine               - Logging services
10:15:40.334 [FXGL Background Thread 3 ] DEBUG Engine               - class com.almasb.fxgl.app.services.FXGLAssetLoaderService
10:15:40.334 [FXGL Background Thread 3 ] DEBUG Engine               - class com.almasb.fxgl.app.FXGLApplication$GameApplicationService
10:15:40.334 [FXGL Background Thread 3 ] DEBUG Engine               - class com.almasb.fxgl.app.services.FXGLDialogService
10:15:40.334 [FXGL Background Thread 3 ] DEBUG Engine               - class com.almasb.fxgl.app.services.IOTaskExecutorService
10:15:40.334 [FXGL Background Thread 3 ] DEBUG Engine               - class com.almasb.fxgl.io.FileSystemService
10:15:40.334 [FXGL Background Thread 3 ] DEBUG Engine               - class com.almasb.fxgl.localization.LocalizationService
10:15:40.334 [FXGL Background Thread 3 ] DEBUG Engine               - class com.almasb.fxgl.app.services.SystemBundleService
10:15:40.334 [FXGL Background Thread 3 ] DEBUG Engine               - class com.almasb.fxgl.profile.SaveLoadService
10:15:40.334 [FXGL Background Thread 3 ] DEBUG Engine               - class com.almasb.fxgl.ui.FXGLUIFactoryServiceProvider
10:15:40.334 [FXGL Background Thread 3 ] DEBUG Engine               - class com.almasb.fxgl.ui.FXGLDialogFactoryServiceProvider
10:15:40.334 [FXGL Background Thread 3 ] DEBUG Engine               - class com.almasb.fxgl.audio.AudioPlayer
10:15:40.334 [FXGL Background Thread 3 ] DEBUG Engine               - class com.almasb.fxgl.notification.impl.NotificationServiceProvider
10:15:40.334 [FXGL Background Thread 3 ] DEBUG Engine               - class com.almasb.fxgl.achievement.AchievementService
10:15:40.334 [FXGL Background Thread 3 ] DEBUG Engine               - class com.almasb.fxgl.cutscene.CutsceneService
10:15:40.334 [FXGL Background Thread 3 ] DEBUG Engine               - class com.almasb.fxgl.minigames.MiniGameService
10:15:40.334 [FXGL Background Thread 3 ] DEBUG Engine               - class com.almasb.fxgl.net.NetService
10:15:40.334 [FXGL Background Thread 3 ] DEBUG Engine               - class com.almasb.fxgl.app.services.UpdaterService
10:15:40.334 [FXGL Background Thread 3 ] DEBUG Engine               - class com.almasb.fxgl.dev.DevService
10:15:51.723 [JavaFX Application Thread] DEBUG GameApplicationServi - Starting new game
10:15:51.724 [JavaFX Application Thread] DEBUG PrimaryStageWindow   - Pop state: Main_menu
10:15:51.724 [JavaFX Application Thread] DEBUG Input                - Clearing active input actions
10:15:51.726 [JavaFX Application Thread] DEBUG GameApplicationServi - Removing overlay from Main_menu and adding to FXGLMainMenuDummyScene
10:15:51.726 [JavaFX Application Thread] DEBUG PrimaryStageWindow   - FXGLMainMenuDummyScene <- Main_menu
10:15:51.727 [JavaFX Application Thread] DEBUG Input                - Clearing active input actions
10:15:51.733 [JavaFX Application Thread] DEBUG GameApplicationServi - Removing overlay from FXGLMainMenuDummyScene and adding to Loading_Scene
10:15:51.733 [JavaFX Application Thread] DEBUG PrimaryStageWindow   - FXGLMainMenuDummyScene -> Loading_Scene
10:15:51.733 [JavaFX Application Thread] DEBUG GameApplicationServi - Clearing previous game
10:15:51.734 [JavaFX Application Thread] DEBUG GameScene            - Clearing game scene
10:15:51.734 [JavaFX Application Thread] DEBUG GameWorld            - Clearing game world
10:15:51.734 [JavaFX Application Thread] DEBUG PhysicsWorld         - Clearing physics world
10:15:51.735 [FXGL Background Thread 2 ] DEBUG FXGLApplication      - Initializing game
10:15:51.781 [FXGL Background Thread 2 ] WARN  TMXLevelLoader       - TiledMap generated from 1.8.4. Supported version: 1.4.2. Some features may not be parsed fully.
10:15:51.795 [FXGL Background Thread 2 ] DEBUG TMXLevelLoader       - Parsed TiledMap: file:/E:/java%20project/tank/target/classes/assets/levels/test1.tmx
10:15:51.797 [FXGL Background Thread 2 ] DEBUG TMXLevelLoader       - Creating tile layer entities
10:15:51.797 [FXGL Background Thread 2 ] DEBUG TMXLevelLoader       - Creating object layer entities
10:15:51.855 [FXGL Background Thread 2 ] DEBUG GameWorld            - Clearing removable entities
10:15:51.855 [FXGL Background Thread 2 ] DEBUG GameWorld            - Setting level: com.almasb.fxgl.entity.level.Level@7495c4bc
10:15:51.879 [FXGL Background Thread 2 ] DEBUG FXGLAssetLoaderServi - Loading from file system: file:/E:/java%20project/tank/target/classes/assets/textures/element/Tank.png
10:15:51.881 [FXGL Background Thread 2 ] DEBUG FXGLAssetLoaderServi - Loading from file system: file:/E:/java%20project/tank/target/classes/assets/textures/Enemytank.png
10:15:51.884 [FXGL Background Thread 2 ] DEBUG FXGLAssetLoaderServi - Loading from file system: file:/E:/java%20project/tank/target/classes/assets/textures/Chicken.png
10:15:51.889 [FXGL Background Thread 2 ] DEBUG FXGLAssetLoaderServi - Loading from file system: file:/E:/java%20project/tank/target/classes/assets/textures/BossTank.png
10:15:51.893 [FXGL Background Thread 2 ] INFO  FXGLApplication      - Game initialization took: 0.158 sec
10:15:51.893 [JavaFX Application Thread] DEBUG Input                - Clearing active input actions
10:15:51.902 [JavaFX Application Thread] DEBUG GameApplicationServi - Removing overlay from Loading_Scene and adding to GameScene
10:15:51.902 [JavaFX Application Thread] DEBUG PrimaryStageWindow   - Loading_Scene -> GameScene
10:15:52.335 [JavaFX Application Thread] DEBUG FXGLAssetLoaderServi - Loading from file system: file:/E:/java%20project/tank/target/classes/assets/textures/element/Enemybullet.png
10:15:52.384 [JavaFX Application Thread] DEBUG FXGLAssetLoaderServi - Loading from file system: file:/E:/java%20project/tank/target/classes/assets/textures/SmallBoom.png
10:15:52.843 [JavaFX Application Thread] DEBUG FXGLAssetLoaderServi - Loading from file system: file:/E:/java%20project/tank/target/classes/assets/sounds/boom.wav
10:15:52.894 [JavaFX Application Thread] DEBUG FXGLAssetLoaderServi - Loading from file system: file:/E:/java%20project/tank/target/classes/assets/textures/element/Bullet.png
10:15:53.047 [JavaFX Application Thread] DEBUG FXGLAssetLoaderServi - Loading from file system: file:/E:/java%20project/tank/target/classes/assets/textures/boom.png
10:15:56.409 [JavaFX Application Thread] DEBUG FXGLAssetLoaderServi - Loading from file system: file:/E:/java%20project/tank/target/classes/assets/textures/Props/HEART.png
10:15:58.044 [JavaFX Application Thread] DEBUG FXGLAssetLoaderServi - Loading from file system: file:/E:/java%20project/tank/target/classes/assets/textures/Props/UPGRADE.png
10:16:01.469 [JavaFX Application Thread] DEBUG FXGLAssetLoaderServi - Loading from file system: file:/E:/java%20project/tank/target/classes/assets/textures/Props/PORTAL.png
10:16:10.694 [JavaFX Application Thread] DEBUG FXGLAssetLoaderServi - Loading from file system: file:/E:/java%20project/tank/target/classes/assets/textures/Props/LUCKYBLOCK.png
10:16:12.286 [JavaFX Application Thread] DEBUG FXGLAssetLoaderServi - Loading from file system: file:/E:/java%20project/tank/target/classes/assets/textures/Props/GOD.png
10:16:14.548 [JavaFX Application Thread] DEBUG FXGLAssetLoaderServi - Loading from file system: file:/E:/java%20project/tank/target/classes/assets/textures/Suicide.png
10:16:14.559 [JavaFX Application Thread] DEBUG PrimaryStageWindow   - Push state: FailedScene
10:16:14.559 [JavaFX Application Thread] DEBUG Input                - Clearing active input actions
10:16:14.560 [JavaFX Application Thread] DEBUG GameApplicationServi - Removing overlay from GameScene and adding to FailedScene
10:16:14.560 [JavaFX Application Thread] DEBUG PrimaryStageWindow   - GameScene -> FailedScene
10:16:17.061 [JavaFX Application Thread] DEBUG PrimaryStageWindow   - Pop state: FailedScene
10:16:17.061 [JavaFX Application Thread] DEBUG Input                - Clearing active input actions
10:16:17.062 [JavaFX Application Thread] DEBUG GameApplicationServi - Removing overlay from FailedScene and adding to GameScene
10:16:17.062 [JavaFX Application Thread] DEBUG PrimaryStageWindow   - GameScene <- FailedScene
10:16:17.062 [JavaFX Application Thread] DEBUG Input                - Clearing active input actions
10:16:17.067 [JavaFX Application Thread] DEBUG GameApplicationServi - Removing overlay from GameScene and adding to FXGLMainMenuDummyScene
10:16:17.067 [JavaFX Application Thread] DEBUG PrimaryStageWindow   - GameScene -> FXGLMainMenuDummyScene
10:16:17.067 [JavaFX Application Thread] DEBUG PrimaryStageWindow   - Push state: Main_menu
10:16:17.067 [JavaFX Application Thread] DEBUG Input                - Clearing active input actions
10:16:17.073 [JavaFX Application Thread] DEBUG GameApplicationServi - Removing overlay from FXGLMainMenuDummyScene and adding to Main_menu
10:16:17.073 [JavaFX Application Thread] DEBUG PrimaryStageWindow   - FXGLMainMenuDummyScene -> Main_menu
10:16:17.911 [JavaFX Application Thread] DEBUG GameApplicationServi - Starting new game
10:16:17.911 [JavaFX Application Thread] DEBUG PrimaryStageWindow   - Pop state: Main_menu
10:16:17.911 [JavaFX Application Thread] DEBUG Input                - Clearing active input actions
10:16:17.912 [JavaFX Application Thread] DEBUG GameApplicationServi - Removing overlay from Main_menu and adding to FXGLMainMenuDummyScene
10:16:17.912 [JavaFX Application Thread] DEBUG PrimaryStageWindow   - FXGLMainMenuDummyScene <- Main_menu
10:16:17.913 [JavaFX Application Thread] DEBUG Input                - Clearing active input actions
10:16:17.918 [JavaFX Application Thread] DEBUG GameApplicationServi - Removing overlay from FXGLMainMenuDummyScene and adding to Loading_Scene
10:16:17.918 [JavaFX Application Thread] DEBUG PrimaryStageWindow   - FXGLMainMenuDummyScene -> Loading_Scene
10:16:17.918 [JavaFX Application Thread] DEBUG GameApplicationServi - Clearing previous game
10:16:17.918 [JavaFX Application Thread] DEBUG GameScene            - Clearing game scene
10:16:17.918 [JavaFX Application Thread] DEBUG GameWorld            - Clearing game world
10:16:17.922 [JavaFX Application Thread] DEBUG PhysicsWorld         - Clearing physics world
10:16:17.924 [FXGL Background Thread 2 ] DEBUG FXGLApplication      - Initializing game
10:16:17.925 [FXGL Background Thread 2 ] WARN  TMXLevelLoader       - TiledMap generated from 1.8.4. Supported version: 1.4.2. Some features may not be parsed fully.
10:16:17.931 [FXGL Background Thread 2 ] DEBUG TMXLevelLoader       - Parsed TiledMap: file:/E:/java%20project/tank/target/classes/assets/levels/test1.tmx
10:16:17.931 [FXGL Background Thread 2 ] DEBUG TMXLevelLoader       - Creating tile layer entities
10:16:17.931 [FXGL Background Thread 2 ] DEBUG TMXLevelLoader       - Creating object layer entities
10:16:17.941 [FXGL Background Thread 2 ] DEBUG GameWorld            - Clearing removable entities
10:16:17.941 [FXGL Background Thread 2 ] DEBUG GameWorld            - Setting level: com.almasb.fxgl.entity.level.Level@72627a68
10:16:17.943 [FXGL Background Thread 2 ] INFO  FXGLApplication      - Game initialization took: 0.019 sec
10:16:17.943 [JavaFX Application Thread] DEBUG Input                - Clearing active input actions
10:16:17.946 [JavaFX Application Thread] DEBUG GameApplicationServi - Removing overlay from Loading_Scene and adding to GameScene
10:16:17.946 [JavaFX Application Thread] DEBUG PrimaryStageWindow   - Loading_Scene -> GameScene
10:16:31.402 [JavaFX Application Thread] DEBUG PrimaryStageWindow   - Push state: EggScene
10:16:31.402 [JavaFX Application Thread] DEBUG FXGLAssetLoaderServi - Loading from file system: file:/E:/java%20project/tank/target/classes/assets/music/chicken.mp3
10:16:31.436 [JavaFX Application Thread] DEBUG AudioPlayer          - Playing music com.almasb.fxgl.audio.Music@29773877
10:16:31.437 [JavaFX Application Thread] DEBUG Input                - Clearing active input actions
10:16:31.437 [JavaFX Application Thread] DEBUG GameApplicationServi - Removing overlay from GameScene and adding to EggScene
10:16:31.437 [JavaFX Application Thread] DEBUG PrimaryStageWindow   - GameScene -> EggScene
10:16:36.406 [JavaFX Application Thread] DEBUG PrimaryStageWindow   - Pop state: EggScene
10:16:36.406 [JavaFX Application Thread] DEBUG Input                - Clearing active input actions
10:16:36.406 [JavaFX Application Thread] DEBUG GameApplicationServi - Removing overlay from EggScene and adding to GameScene
10:16:36.406 [JavaFX Application Thread] DEBUG PrimaryStageWindow   - GameScene <- EggScene
10:16:36.409 [JavaFX Application Thread] WARN  TMXLevelLoader       - TiledMap generated from 1.8.4. Supported version: 1.4.2. Some features may not be parsed fully.
10:16:36.411 [JavaFX Application Thread] DEBUG TMXLevelLoader       - Parsed TiledMap: file:/E:/java%20project/tank/target/classes/assets/levels/Chicken.tmx
10:16:36.411 [JavaFX Application Thread] DEBUG TMXLevelLoader       - Creating tile layer entities
10:16:36.411 [JavaFX Application Thread] DEBUG TMXLevelLoader       - Creating object layer entities
10:16:36.418 [JavaFX Application Thread] DEBUG GameWorld            - Clearing removable entities
10:16:36.421 [JavaFX Application Thread] DEBUG GameWorld            - Setting level: com.almasb.fxgl.entity.level.Level@6a7fcd70
10:16:36.424 [JavaFX Application Thread] DEBUG FXGLAssetLoaderServi - Loading from file system: file:/E:/java%20project/tank/target/classes/assets/textures/people.png
10:16:39.029 [JavaFX Application Thread] DEBUG FXGLAssetLoaderServi - Loading from file system: file:/E:/java%20project/tank/target/classes/assets/textures/Egg.png
10:16:39.191 [JavaFX Application Thread] DEBUG FXGLAssetLoaderServi - Loading from file system: file:/E:/java%20project/tank/target/classes/assets/textures/element/Good.png
10:16:49.829 [JavaFX Application Thread] DEBUG FXGLAssetLoaderServi - Loading from file system: file:/E:/java%20project/tank/target/classes/assets/textures/element/Enemy2.png
10:16:58.830 [JavaFX Application Thread] DEBUG FXGLAssetLoaderServi - Loading from file system: file:/E:/java%20project/tank/target/classes/assets/textures/element/Enemy1.png
10:17:09.990 [JavaFX Application Thread] DEBUG PrimaryStageWindow   - Push state: FXGLDefaultMenu
10:17:09.991 [JavaFX Application Thread] DEBUG Input                - Clearing active input actions
10:17:09.991 [JavaFX Application Thread] DEBUG GameApplicationServi - Removing overlay from GameScene and adding to FXGLDefaultMenu
10:17:09.992 [JavaFX Application Thread] DEBUG PrimaryStageWindow   - GameScene -> FXGLDefaultMenu
10:17:11.085 [JavaFX Application Thread] DEBUG Menu                 - fireExitToMainMenu()
10:17:11.086 [JavaFX Application Thread] DEBUG PrimaryStageWindow   - Push state: DialogSubScene
10:17:11.086 [JavaFX Application Thread] DEBUG Input                - Clearing active input actions
10:17:11.086 [JavaFX Application Thread] DEBUG GameApplicationServi - Removing overlay from FXGLDefaultMenu and adding to DialogSubScene
10:17:11.087 [JavaFX Application Thread] DEBUG PrimaryStageWindow   - FXGLDefaultMenu -> DialogSubScene
10:17:11.727 [JavaFX Application Thread] DEBUG PrimaryStageWindow   - Pop state: DialogSubScene
10:17:11.727 [JavaFX Application Thread] DEBUG Input                - Clearing active input actions
10:17:11.727 [JavaFX Application Thread] DEBUG GameApplicationServi - Removing overlay from DialogSubScene and adding to FXGLDefaultMenu
10:17:11.727 [JavaFX Application Thread] DEBUG PrimaryStageWindow   - FXGLDefaultMenu <- DialogSubScene
10:17:11.729 [JavaFX Application Thread] DEBUG PrimaryStageWindow   - Pop state: FXGLDefaultMenu
10:17:11.729 [JavaFX Application Thread] DEBUG Input                - Clearing active input actions
10:17:11.729 [JavaFX Application Thread] DEBUG GameApplicationServi - Removing overlay from FXGLDefaultMenu and adding to GameScene
10:17:11.729 [JavaFX Application Thread] DEBUG PrimaryStageWindow   - GameScene <- FXGLDefaultMenu
10:17:11.729 [JavaFX Application Thread] DEBUG Input                - Clearing active input actions
10:17:11.735 [JavaFX Application Thread] DEBUG GameApplicationServi - Removing overlay from GameScene and adding to FXGLMainMenuDummyScene
10:17:11.735 [JavaFX Application Thread] DEBUG PrimaryStageWindow   - GameScene -> FXGLMainMenuDummyScene
10:17:11.735 [JavaFX Application Thread] DEBUG PrimaryStageWindow   - Push state: Main_menu
10:17:11.735 [JavaFX Application Thread] DEBUG Input                - Clearing active input actions
10:17:11.738 [JavaFX Application Thread] DEBUG GameApplicationServi - Removing overlay from FXGLMainMenuDummyScene and adding to Main_menu
10:17:11.738 [JavaFX Application Thread] DEBUG PrimaryStageWindow   - FXGLMainMenuDummyScene -> Main_menu
10:17:12.779 [JavaFX Application Thread] DEBUG FXGLApplication      - Exiting FXGL
10:17:12.779 [JavaFX Application Thread] DEBUG LoopRunner           - Stopping loop
10:17:12.779 [JavaFX Application Thread] DEBUG SystemBundleService  - Saving FXGL system data
10:17:12.780 [JavaFX Application Thread] DEBUG FileSystemAccess     - Writing to: E:\java project\tank\system\fxgl.bundle
10:17:12.781 [JavaFX Application Thread] DEBUG Async                - Shutting down background threads
10:17:12.781 [JavaFX Application Thread] DEBUG PrimaryStageWindow   - Closing main window
10:17:12.803 [JavaFX Application Thread] DEBUG Logger               - Closing Logger
