11:35:56.520 [main                     ] DEBUG Logger               - Configured Logger
11:35:56.543 [main                     ] DEBUG GameApplication      - Logging settings
Title: All star battle
Version: 0.1
Width: 2048
Height: 1152
Fullscreen: false
Intro: false
Profiling: false
Single step:false
App Mode: DEVELOPER
Menu Key: ESCAPE
Stage Style: DECORATED
Scene Factory: class com.kenny.tank.TankApp$1

11:35:56.874 [JavaFX Application Thread] DEBUG FXGLApplication      - Initializing FXGL
11:35:56.879 [JavaFX Application Thread] INFO  Engine               - FXGL-17.1 (24.03.2022 17.34) on WINDOWS (J:17.0.6 FX:18)
11:35:56.880 [JavaFX Application Thread] DEBUG Engine               - JRE Vendor Name: Amazon.com Inc.
11:35:56.880 [JavaFX Application Thread] DEBUG Engine               - Running on OS: Windows 11 version 10.0
11:35:56.880 [JavaFX Application Thread] DEBUG Engine               - Architecture: amd64
11:35:56.880 [JavaFX Application Thread] INFO  Engine               - Source code and latest versions at: https://github.com/AlmasB/FXGL
11:35:56.880 [JavaFX Application Thread] INFO  Engine               -       Ask questions and discuss at: https://github.com/AlmasB/FXGL/discussions
11:35:56.880 [JavaFX Application Thread] INFO  Engine               -              Join the FXGL chat at: https://gitter.im/AlmasB/FXGL
11:35:56.937 [JavaFX Application Thread] DEBUG PrimaryStageWindow   - Creating a JavaFX scene
11:35:56.938 [JavaFX Application Thread] DEBUG PrimaryStageWindow   - Target size > screen size
11:35:56.970 [JavaFX Application Thread] DEBUG PrimaryStageWindow   - Target settings size: 2048.0 x 1152.0
11:35:56.970 [JavaFX Application Thread] DEBUG PrimaryStageWindow   - Scaled scene size:    1682.0 x 960.0
11:35:56.970 [JavaFX Application Thread] DEBUG PrimaryStageWindow   - Scaled ratio: (0.8212890625, 0.8333333333333334)
11:35:56.971 [JavaFX Application Thread] DEBUG PrimaryStageWindow   - Set initial scene to StartScene
11:35:56.976 [JavaFX Application Thread] DEBUG PrimaryStageWindow   - Opening main window
11:35:57.090 [JavaFX Application Thread] DEBUG PrimaryStageWindow   - Window border size: (14.6666259765625, 37.33331298828125)
11:35:57.091 [JavaFX Application Thread] DEBUG PrimaryStageWindow   - Scaled size: 1682.0 x 960.0
11:35:57.091 [JavaFX Application Thread] DEBUG PrimaryStageWindow   - Scaled ratio: (0.8212890625, 0.8333333333333334)
11:35:57.092 [JavaFX Application Thread] DEBUG PrimaryStageWindow   - Scene size: 1682.0 x 960.0
11:35:57.093 [JavaFX Application Thread] DEBUG PrimaryStageWindow   - Stage size: 1696.6666259765625 x 997.3333129882812
11:35:57.098 [FXGL Background Thread 1 ] DEBUG Engine               - Initializing environment variables
11:35:57.124 [FXGL Background Thread 1 ] DEBUG FXGLAssetLoaderServi - User app class for loading assets: class com.kenny.tank.TankApp
11:35:57.124 [FXGL Background Thread 1 ] DEBUG GameApplicationServi - Applying CSS: fxgl_dark.css
11:35:57.125 [FXGL Background Thread 1 ] DEBUG FXGLAssetLoaderServi - Loading from file system: jar:file:///C:/Users/10273/.m2/repository/com/github/almasb/fxgl/17.1/fxgl-17.1.jar!/fxglassets/ui/css/fxgl_dark.css
11:35:57.183 [FXGL Background Thread 1 ] DEBUG GameApplicationServi - Applying CSS: tank.css
11:35:57.183 [FXGL Background Thread 1 ] DEBUG FXGLAssetLoaderServi - Loading from file system: file:/E:/java%20project/tank/target/classes/assets/ui/css/tank.css
11:35:57.186 [FXGL Background Thread 1 ] DEBUG GameApplicationServi - Initializing application scenes
11:35:57.205 [FXGL Background Thread 1 ] DEBUG GameWorld            - Game world initialized
11:35:57.275 [FXGL Background Thread 1 ] DEBUG PhysicsWorld         - Physics world initialized: appHeight=1152, physics.ppm=50.0
11:35:57.275 [FXGL Background Thread 1 ] DEBUG PhysicsWorld         - Using strategy: BRUTE_FORCE
11:35:57.281 [FXGL Background Thread 1 ] DEBUG GameScene            - Game scene initialized: 2048x1152
11:35:57.289 [FXGL Background Thread 1 ] DEBUG FXGLAssetLoaderServi - Loading from file system: file:/E:/java%20project/tank/target/classes/assets/textures/MainMenu.png
11:35:57.432 [FXGL Background Thread 1 ] DEBUG FXGL.DefaultMenu     - createMenuBodyGameMenu()
11:35:57.444 [FXGL Background Thread 1 ] DEBUG FXGL.DefaultMenu     - createOptionsMenu()
11:35:57.453 [FXGL Background Thread 1 ] DEBUG FXGLAssetLoaderServi - Loading from file system: jar:file:///C:/Users/10273/.m2/repository/com/github/almasb/fxgl/17.1/fxgl-17.1.jar!/fxglassets/textures/particles/smoke.png
11:35:57.533 [FXGL Background Thread 1 ] DEBUG FXGLAssetLoaderServi - Loading from file system: jar:file:///C:/Users/10273/.m2/repository/com/github/almasb/fxgl/17.1/fxgl-17.1.jar!/fxglassets/textures/particles/trace_horizontal.png
11:35:57.549 [FXGL Background Thread 1 ] DEBUG GameApplicationServi - Application scenes initialized
11:35:57.560 [FXGL Background Thread 1 ] DEBUG SystemBundleService  - Loading FXGL system data
11:35:57.563 [FXGL Background Thread 1 ] DEBUG FileSystemAccess     - Reading from: E:\java project\tank\system\fxgl.bundle
11:35:57.568 [FXGL Background Thread 1 ] DEBUG SystemBundleService  - Bundle FXGL: {}
11:35:57.569 [FXGL Background Thread 1 ] DEBUG UpdaterService       - Checking for updates
11:35:57.573 [FXGL Background Thread 4 ] DEBUG FXGLApplication      - Loading fonts
11:35:57.573 [FXGL Background Thread 1 ] DEBUG FXGLApplication      - Loading default localization
11:35:57.573 [FXGL Background Thread 4 ] DEBUG FXGLAssetLoaderServi - Loading from file system: jar:file:///C:/Users/10273/.m2/repository/com/github/almasb/fxgl/17.1/fxgl-17.1.jar!/fxglassets/ui/fonts/VarelaRound-Regular.ttf
11:35:57.573 [FXGL Background Thread 1 ] DEBUG FXGLAssetLoaderServi - Loading from file system: jar:file:///C:/Users/10273/.m2/repository/com/github/almasb/fxgl/17.1/fxgl-17.1.jar!/fxglassets/languages/english.lang
11:35:57.601 [FXGL Background Thread 1 ] INFO  FXGLApplication      - FXGL initialization took: 0.502 sec
11:35:57.611 [JavaFX Application Thread] DEBUG Input                - Registered new binding: action0 - Up
11:35:57.612 [JavaFX Application Thread] DEBUG Input                - Registered new binding: action1 - Down
11:35:57.612 [JavaFX Application Thread] DEBUG Input                - Registered new binding: action2 - Left
11:35:57.613 [JavaFX Application Thread] DEBUG Input                - Registered new binding: action3 - Right
11:35:57.614 [JavaFX Application Thread] DEBUG Input                - Registered new binding: action4 - Space
11:35:57.614 [JavaFX Application Thread] DEBUG FXGLAssetLoaderServi - Loading from file system: file:/E:/java%20project/tank/target/classes/assets/textures/joker.jpg
11:35:57.633 [FXGL Background Thread 4 ] DEBUG FXGLAssetLoaderServi - Loading from file system: jar:file:///C:/Users/10273/.m2/repository/com/github/almasb/fxgl/17.1/fxgl-17.1.jar!/fxglassets/ui/fonts/Abel-Regular.ttf
11:35:57.636 [FXGL Background Thread 4 ] DEBUG FXGLAssetLoaderServi - Loading from file system: jar:file:///C:/Users/10273/.m2/repository/com/github/almasb/fxgl/17.1/fxgl-17.1.jar!/fxglassets/ui/fonts/TerminalLandMono-Regular.otf
11:35:57.639 [FXGL Background Thread 4 ] DEBUG FXGLAssetLoaderServi - Loading from file system: jar:file:///C:/Users/10273/.m2/repository/com/github/almasb/fxgl/17.1/fxgl-17.1.jar!/fxglassets/ui/fonts/Courier-Prime.ttf
11:35:57.642 [JavaFX Application Thread] DEBUG FXGLAssetLoaderServi - Loading from file system: jar:file:///C:/Users/10273/.m2/repository/com/github/almasb/fxgl/17.1/fxgl-17.1.jar!/fxglassets/textures/fxgl_default_cursor.png
11:35:57.646 [JavaFX Application Thread] DEBUG Input                - Registered new binding: Screenshot - CTRL+8
11:35:57.647 [JavaFX Application Thread] DEBUG Input                - Registered new binding: System info dump - CTRL+9
11:35:57.648 [JavaFX Application Thread] DEBUG Input                - Registered new binding: Restart - CTRL+R
11:35:57.649 [JavaFX Application Thread] DEBUG Input                - Registered new binding: Toggle Debug Camera - CTRL+7
11:35:57.660 [JavaFX Application Thread] DEBUG LoopRunner           - Starting loop
11:35:57.660 [JavaFX Application Thread] DEBUG LoopRunner           - Initializing JavaFX AnimationTimerLoop
11:35:57.664 [JavaFX Application Thread] DEBUG Input                - Clearing active input actions
11:35:57.676 [JavaFX Application Thread] DEBUG GameApplicationServi - Removing overlay from StartScene and adding to FXGLMainMenuDummyScene
11:35:57.676 [JavaFX Application Thread] DEBUG PrimaryStageWindow   - StartScene -> FXGLMainMenuDummyScene
11:35:57.676 [JavaFX Application Thread] DEBUG PrimaryStageWindow   - Push state: Main_menu
11:35:57.676 [JavaFX Application Thread] DEBUG Input                - Clearing active input actions
11:35:57.684 [JavaFX Application Thread] DEBUG GameApplicationServi - Removing overlay from FXGLMainMenuDummyScene and adding to Main_menu
11:35:57.684 [JavaFX Application Thread] DEBUG PrimaryStageWindow   - FXGLMainMenuDummyScene -> Main_menu
11:35:57.686 [JavaFX Application Thread] DEBUG FXGLApplication      - Registering font factories with UI factory
11:35:58.503 [FXGL Background Thread 2 ] INFO  UpdaterService       - Your current version:  17.1
11:35:58.504 [FXGL Background Thread 2 ] INFO  UpdaterService       - Latest stable version: 17.2
11:35:59.682 [JavaFX Application Thread] DEBUG FXGLApplication      - Exiting FXGL
11:35:59.682 [JavaFX Application Thread] DEBUG LoopRunner           - Stopping loop
11:35:59.683 [JavaFX Application Thread] DEBUG SystemBundleService  - Saving FXGL system data
11:35:59.686 [JavaFX Application Thread] DEBUG FileSystemAccess     - Writing to: E:\java project\tank\system\fxgl.bundle
11:35:59.688 [JavaFX Application Thread] DEBUG Async                - Shutting down background threads
11:35:59.688 [JavaFX Application Thread] DEBUG PrimaryStageWindow   - Closing main window
11:35:59.730 [JavaFX Application Thread] DEBUG Logger               - Closing Logger
