14:20:32.540 [main                     ] DEBUG Logger               - Configured Logger
14:20:32.556 [main                     ] DEBUG GameApplication      - Logging settings
Title: All star battle
Version: 0.1
Width: 2048
Height: 1152
Fullscreen: false
Intro: false
Profiling: false
Single step:false
App Mode: DEVELOPER
Menu Key: ESCAPE
Stage Style: DECORATED
Scene Factory: class com.kenny.tank.AllStarBattleApp$1

14:20:32.798 [JavaFX Application Thread] DEBUG FXGLApplication      - Initializing FXGL
14:20:32.802 [JavaFX Application Thread] INFO  Engine               - FXGL-17.1 (24.03.2022 17.34) on WINDOWS (J:17.0.6 FX:18)
14:20:32.802 [JavaFX Application Thread] DEBUG Engine               - JRE Vendor Name: Amazon.com Inc.
14:20:32.802 [JavaFX Application Thread] DEBUG Engine               - Running on OS: Windows 11 version 10.0
14:20:32.802 [JavaFX Application Thread] DEBUG Engine               - Architecture: amd64
14:20:32.802 [JavaFX Application Thread] INFO  Engine               - Source code and latest versions at: https://github.com/AlmasB/FXGL
14:20:32.802 [JavaFX Application Thread] INFO  Engine               -       Ask questions and discuss at: https://github.com/AlmasB/FXGL/discussions
14:20:32.803 [JavaFX Application Thread] INFO  Engine               -              Join the FXGL chat at: https://gitter.im/AlmasB/FXGL
14:20:32.849 [JavaFX Application Thread] DEBUG PrimaryStageWindow   - Creating a JavaFX scene
14:20:32.849 [JavaFX Application Thread] DEBUG PrimaryStageWindow   - Target size > screen size
14:20:32.874 [JavaFX Application Thread] DEBUG PrimaryStageWindow   - Target settings size: 2048.0 x 1152.0
14:20:32.874 [JavaFX Application Thread] DEBUG PrimaryStageWindow   - Scaled scene size:    1682.0 x 960.0
14:20:32.874 [JavaFX Application Thread] DEBUG PrimaryStageWindow   - Scaled ratio: (0.8212890625, 0.8333333333333334)
14:20:32.874 [JavaFX Application Thread] DEBUG PrimaryStageWindow   - Set initial scene to StartScene
14:20:32.878 [JavaFX Application Thread] DEBUG PrimaryStageWindow   - Opening main window
14:20:32.962 [JavaFX Application Thread] DEBUG PrimaryStageWindow   - Window border size: (14.6666259765625, 37.33331298828125)
14:20:32.962 [JavaFX Application Thread] DEBUG PrimaryStageWindow   - Scaled size: 1682.0 x 960.0
14:20:32.962 [JavaFX Application Thread] DEBUG PrimaryStageWindow   - Scaled ratio: (0.8212890625, 0.8333333333333334)
14:20:32.962 [JavaFX Application Thread] DEBUG PrimaryStageWindow   - Scene size: 1682.0 x 960.0
14:20:32.963 [JavaFX Application Thread] DEBUG PrimaryStageWindow   - Stage size: 1696.6666259765625 x 997.3333129882812
14:20:32.967 [FXGL Background Thread 1 ] DEBUG Engine               - Initializing environment variables
14:20:32.988 [FXGL Background Thread 1 ] DEBUG FXGLAssetLoaderServi - User app class for loading assets: class com.kenny.tank.AllStarBattleApp
14:20:32.988 [FXGL Background Thread 1 ] DEBUG GameApplicationServi - Applying CSS: fxgl_dark.css
14:20:32.989 [FXGL Background Thread 1 ] DEBUG FXGLAssetLoaderServi - Loading from file system: jar:file:///C:/Users/10273/.m2/repository/com/github/almasb/fxgl/17.1/fxgl-17.1.jar!/fxglassets/ui/css/fxgl_dark.css
14:20:33.024 [FXGL Background Thread 1 ] DEBUG GameApplicationServi - Applying CSS: tank.css
14:20:33.024 [FXGL Background Thread 1 ] DEBUG FXGLAssetLoaderServi - Loading from file system: file:/E:/java%20project/tank/target/classes/assets/ui/css/tank.css
14:20:33.025 [FXGL Background Thread 1 ] DEBUG GameApplicationServi - Initializing application scenes
14:20:33.027 [FXGL Background Thread 1 ] DEBUG GameWorld            - Game world initialized
14:20:33.070 [FXGL Background Thread 1 ] DEBUG PhysicsWorld         - Physics world initialized: appHeight=1152, physics.ppm=50.0
14:20:33.070 [FXGL Background Thread 1 ] DEBUG PhysicsWorld         - Using strategy: BRUTE_FORCE
14:20:33.073 [FXGL Background Thread 1 ] DEBUG GameScene            - Game scene initialized: 2048x1152
14:20:33.076 [FXGL Background Thread 1 ] DEBUG FXGLAssetLoaderServi - Loading from file system: file:/E:/java%20project/tank/target/classes/assets/textures/MainMenu.png
14:20:33.158 [FXGL Background Thread 1 ] DEBUG FXGLAssetLoaderServi - Loading from file system: file:/E:/java%20project/tank/target/classes/assets/textures/R-C.jpg
14:20:33.181 [FXGL Background Thread 1 ] DEBUG FXGL.DefaultMenu     - createMenuBodyGameMenu()
14:20:33.187 [FXGL Background Thread 1 ] DEBUG FXGL.DefaultMenu     - createOptionsMenu()
14:20:33.193 [FXGL Background Thread 1 ] DEBUG FXGLAssetLoaderServi - Loading from file system: jar:file:///C:/Users/10273/.m2/repository/com/github/almasb/fxgl/17.1/fxgl-17.1.jar!/fxglassets/textures/particles/smoke.png
14:20:33.239 [FXGL Background Thread 1 ] DEBUG FXGLAssetLoaderServi - Loading from file system: jar:file:///C:/Users/10273/.m2/repository/com/github/almasb/fxgl/17.1/fxgl-17.1.jar!/fxglassets/textures/particles/trace_horizontal.png
14:20:33.248 [FXGL Background Thread 1 ] DEBUG GameApplicationServi - Application scenes initialized
14:20:33.255 [FXGL Background Thread 1 ] DEBUG SystemBundleService  - Loading FXGL system data
14:20:33.258 [FXGL Background Thread 1 ] DEBUG FileSystemAccess     - Reading from: E:\java project\tank\system\fxgl.bundle
14:20:33.263 [FXGL Background Thread 1 ] DEBUG SystemBundleService  - Bundle FXGL: {}
14:20:33.263 [FXGL Background Thread 1 ] DEBUG UpdaterService       - Checking for updates
14:20:33.266 [FXGL Background Thread 4 ] DEBUG FXGLApplication      - Loading fonts
14:20:33.266 [FXGL Background Thread 1 ] DEBUG FXGLApplication      - Loading default localization
14:20:33.266 [FXGL Background Thread 4 ] DEBUG FXGLAssetLoaderServi - Loading from file system: jar:file:///C:/Users/10273/.m2/repository/com/github/almasb/fxgl/17.1/fxgl-17.1.jar!/fxglassets/ui/fonts/VarelaRound-Regular.ttf
14:20:33.267 [FXGL Background Thread 1 ] DEBUG FXGLAssetLoaderServi - Loading from file system: jar:file:///C:/Users/10273/.m2/repository/com/github/almasb/fxgl/17.1/fxgl-17.1.jar!/fxglassets/languages/english.lang
14:20:33.287 [FXGL Background Thread 1 ] INFO  FXGLApplication      - FXGL initialization took: 0.320 sec
14:20:33.295 [JavaFX Application Thread] DEBUG Input                - Registered new binding: action0 - Up
14:20:33.296 [JavaFX Application Thread] DEBUG Input                - Registered new binding: action1 - Down
14:20:33.296 [JavaFX Application Thread] DEBUG Input                - Registered new binding: action2 - Left
14:20:33.297 [JavaFX Application Thread] DEBUG Input                - Registered new binding: action3 - Right
14:20:33.297 [JavaFX Application Thread] DEBUG Input                - Registered new binding: action4 - Space
14:20:33.297 [JavaFX Application Thread] DEBUG FXGLAssetLoaderServi - Loading from file system: file:/E:/java%20project/tank/target/classes/assets/textures/joker.jpg
14:20:33.308 [JavaFX Application Thread] DEBUG FXGLAssetLoaderServi - Loading from file system: jar:file:///C:/Users/10273/.m2/repository/com/github/almasb/fxgl/17.1/fxgl-17.1.jar!/fxglassets/textures/fxgl_default_cursor.png
14:20:33.310 [JavaFX Application Thread] DEBUG Input                - Registered new binding: Screenshot - CTRL+8
14:20:33.311 [JavaFX Application Thread] DEBUG Input                - Registered new binding: System info dump - CTRL+9
14:20:33.311 [JavaFX Application Thread] DEBUG Input                - Registered new binding: Restart - CTRL+R
14:20:33.312 [JavaFX Application Thread] DEBUG Input                - Registered new binding: Toggle Debug Camera - CTRL+7
14:20:33.315 [JavaFX Application Thread] DEBUG LoopRunner           - Starting loop
14:20:33.315 [JavaFX Application Thread] DEBUG LoopRunner           - Initializing JavaFX AnimationTimerLoop
14:20:33.316 [FXGL Background Thread 4 ] DEBUG FXGLAssetLoaderServi - Loading from file system: jar:file:///C:/Users/10273/.m2/repository/com/github/almasb/fxgl/17.1/fxgl-17.1.jar!/fxglassets/ui/fonts/Abel-Regular.ttf
14:20:33.318 [FXGL Background Thread 4 ] DEBUG FXGLAssetLoaderServi - Loading from file system: jar:file:///C:/Users/10273/.m2/repository/com/github/almasb/fxgl/17.1/fxgl-17.1.jar!/fxglassets/ui/fonts/TerminalLandMono-Regular.otf
14:20:33.318 [JavaFX Application Thread] DEBUG Input                - Clearing active input actions
14:20:33.320 [FXGL Background Thread 4 ] DEBUG FXGLAssetLoaderServi - Loading from file system: jar:file:///C:/Users/10273/.m2/repository/com/github/almasb/fxgl/17.1/fxgl-17.1.jar!/fxglassets/ui/fonts/Courier-Prime.ttf
14:20:33.324 [JavaFX Application Thread] DEBUG GameApplicationServi - Removing overlay from StartScene and adding to FXGLMainMenuDummyScene
14:20:33.324 [JavaFX Application Thread] DEBUG PrimaryStageWindow   - StartScene -> FXGLMainMenuDummyScene
14:20:33.324 [JavaFX Application Thread] DEBUG PrimaryStageWindow   - Push state: Main_menu
14:20:33.325 [JavaFX Application Thread] DEBUG Input                - Clearing active input actions
14:20:33.333 [JavaFX Application Thread] DEBUG GameApplicationServi - Removing overlay from FXGLMainMenuDummyScene and adding to Main_menu
14:20:33.334 [JavaFX Application Thread] DEBUG PrimaryStageWindow   - FXGLMainMenuDummyScene -> Main_menu
14:20:33.444 [JavaFX Application Thread] DEBUG FXGLApplication      - Registering font factories with UI factory
14:20:33.973 [FXGL Background Thread 2 ] INFO  UpdaterService       - Your current version:  17.1
14:20:33.973 [FXGL Background Thread 2 ] INFO  UpdaterService       - Latest stable version: 17.3
14:20:36.265 [FXGL Background Thread 3 ] DEBUG Engine               - Logging environment variables
14:20:36.266 [FXGL Background Thread 3 ] DEBUG Engine               - achievements: []
14:20:36.267 [FXGL Background Thread 3 ] DEBUG Engine               - actualHeight: 960.0
14:20:36.268 [FXGL Background Thread 3 ] DEBUG Engine               - actualHeightProperty: ReadOnlyDoubleProperty [value: 960.0]
14:20:36.268 [FXGL Background Thread 3 ] DEBUG Engine               - actualWidth: 1682.0
14:20:36.268 [FXGL Background Thread 3 ] DEBUG Engine               - actualWidthProperty: ReadOnlyDoubleProperty [value: 1682.0]
14:20:36.269 [FXGL Background Thread 3 ] DEBUG Engine               - appIcon: joker.jpg
14:20:36.269 [FXGL Background Thread 3 ] DEBUG Engine               - applicationMode: DEVELOPER
14:20:36.269 [FXGL Background Thread 3 ] DEBUG Engine               - cSSList: [fxgl_dark.css, tank.css]
14:20:36.269 [FXGL Background Thread 3 ] DEBUG Engine               - collisionDetectionStrategy: BRUTE_FORCE
14:20:36.272 [FXGL Background Thread 3 ] DEBUG Engine               - configClass: Optional.empty
14:20:36.273 [FXGL Background Thread 3 ] DEBUG Engine               - credits: []
14:20:36.275 [FXGL Background Thread 3 ] DEBUG Engine               - defaultCursor: CursorInfo(imageName=fxgl_default_cursor.png, hotspotX=7.0, hotspotY=6.0)
14:20:36.275 [FXGL Background Thread 3 ] DEBUG Engine               - devBBoxColorProperty: ObjectProperty [value: 0xff0000ff]
14:20:36.275 [FXGL Background Thread 3 ] DEBUG Engine               - devEnableDebugCameraProperty: BooleanProperty [value: false]
14:20:36.276 [FXGL Background Thread 3 ] DEBUG Engine               - devSensorColorProperty: ObjectProperty [value: 0xffff00ff]
14:20:36.276 [FXGL Background Thread 3 ] DEBUG Engine               - devShowBBoxProperty: BooleanProperty [value: false]
14:20:36.276 [FXGL Background Thread 3 ] DEBUG Engine               - devShowPositionProperty: BooleanProperty [value: false]
14:20:36.276 [FXGL Background Thread 3 ] DEBUG Engine               - enabledMenuItems: []
14:20:36.276 [FXGL Background Thread 3 ] DEBUG Engine               - engineServices: [class com.almasb.fxgl.app.services.FXGLAssetLoaderService, class com.almasb.fxgl.app.FXGLApplication$GameApplicationService, class com.almasb.fxgl.app.services.FXGLDialogService, class com.almasb.fxgl.app.services.IOTaskExecutorService, class com.almasb.fxgl.io.FileSystemService, class com.almasb.fxgl.localization.LocalizationService, class com.almasb.fxgl.app.services.SystemBundleService, class com.almasb.fxgl.profile.SaveLoadService, class com.almasb.fxgl.ui.FXGLUIFactoryServiceProvider, class com.almasb.fxgl.ui.FXGLDialogFactoryServiceProvider, class com.almasb.fxgl.audio.AudioPlayer, class com.almasb.fxgl.notification.impl.NotificationServiceProvider, class com.almasb.fxgl.achievement.AchievementService, class com.almasb.fxgl.cutscene.CutsceneService, class com.almasb.fxgl.minigames.MiniGameService, class com.almasb.fxgl.net.NetService, class com.almasb.fxgl.app.services.UpdaterService, class com.almasb.fxgl.dev.DevService]
14:20:36.276 [FXGL Background Thread 3 ] DEBUG Engine               - fontGame: Abel-Regular.ttf
14:20:36.276 [FXGL Background Thread 3 ] DEBUG Engine               - fontMono: TerminalLandMono-Regular.otf
14:20:36.276 [FXGL Background Thread 3 ] DEBUG Engine               - fontText: Courier-Prime.ttf
14:20:36.276 [FXGL Background Thread 3 ] DEBUG Engine               - fontUI: VarelaRound-Regular.ttf
14:20:36.276 [FXGL Background Thread 3 ] DEBUG Engine               - fullScreen: BooleanProperty [value: false]
14:20:36.277 [FXGL Background Thread 3 ] DEBUG Engine               - gameDifficulty: MEDIUM
14:20:36.277 [FXGL Background Thread 3 ] DEBUG Engine               - gameDifficultyProperty: ObjectProperty [value: MEDIUM]
14:20:36.277 [FXGL Background Thread 3 ] DEBUG Engine               - globalMusicVolume: 0.5
14:20:36.277 [FXGL Background Thread 3 ] DEBUG Engine               - globalMusicVolumeProperty: DoubleProperty [value: 0.5]
14:20:36.277 [FXGL Background Thread 3 ] DEBUG Engine               - globalSoundVolume: 0.5
14:20:36.277 [FXGL Background Thread 3 ] DEBUG Engine               - globalSoundVolumeProperty: DoubleProperty [value: 0.8]
14:20:36.277 [FXGL Background Thread 3 ] DEBUG Engine               - height: 1152
14:20:36.277 [FXGL Background Thread 3 ] DEBUG Engine               - is3D: false
14:20:36.277 [FXGL Background Thread 3 ] DEBUG Engine               - isAndroid: false
14:20:36.277 [FXGL Background Thread 3 ] DEBUG Engine               - isBrowser: false
14:20:36.277 [FXGL Background Thread 3 ] DEBUG Engine               - isClickFeedbackEnabled: false
14:20:36.277 [FXGL Background Thread 3 ] DEBUG Engine               - isCloseConfirmation: false
14:20:36.277 [FXGL Background Thread 3 ] DEBUG Engine               - isDesktop: true
14:20:36.278 [FXGL Background Thread 3 ] DEBUG Engine               - isDeveloperMenuEnabled: false
14:20:36.278 [FXGL Background Thread 3 ] DEBUG Engine               - isEmbedded: false
14:20:36.278 [FXGL Background Thread 3 ] DEBUG Engine               - isEntityPreloadEnabled: true
14:20:36.278 [FXGL Background Thread 3 ] DEBUG Engine               - isExperimentalTiledLargeMap: false
14:20:36.278 [FXGL Background Thread 3 ] DEBUG Engine               - isFileSystemWriteAllowed: true
14:20:36.278 [FXGL Background Thread 3 ] DEBUG Engine               - isFullScreenAllowed: false
14:20:36.278 [FXGL Background Thread 3 ] DEBUG Engine               - isFullScreenFromStart: false
14:20:36.278 [FXGL Background Thread 3 ] DEBUG Engine               - isGameMenuEnabled: true
14:20:36.278 [FXGL Background Thread 3 ] DEBUG Engine               - isIOS: false
14:20:36.278 [FXGL Background Thread 3 ] DEBUG Engine               - isIntroEnabled: false
14:20:36.278 [FXGL Background Thread 3 ] DEBUG Engine               - isLinux: false
14:20:36.278 [FXGL Background Thread 3 ] DEBUG Engine               - isMac: false
14:20:36.278 [FXGL Background Thread 3 ] DEBUG Engine               - isMainMenuEnabled: true
14:20:36.279 [FXGL Background Thread 3 ] DEBUG Engine               - isManualResizeEnabled: false
14:20:36.279 [FXGL Background Thread 3 ] DEBUG Engine               - isMobile: false
14:20:36.279 [FXGL Background Thread 3 ] DEBUG Engine               - isNative: false
14:20:36.279 [FXGL Background Thread 3 ] DEBUG Engine               - isPauseMusicWhenMinimized: true
14:20:36.279 [FXGL Background Thread 3 ] DEBUG Engine               - isPreserveResizeRatio: false
14:20:36.280 [FXGL Background Thread 3 ] DEBUG Engine               - isProfilingEnabled: false
14:20:36.280 [FXGL Background Thread 3 ] DEBUG Engine               - isScaleAffectedOnResize: true
14:20:36.280 [FXGL Background Thread 3 ] DEBUG Engine               - isSingleStep: false
14:20:36.280 [FXGL Background Thread 3 ] DEBUG Engine               - isUserProfileEnabled: false
14:20:36.280 [FXGL Background Thread 3 ] DEBUG Engine               - isWindows: true
14:20:36.280 [FXGL Background Thread 3 ] DEBUG Engine               - language: ObjectProperty [value: ENGLISH]
14:20:36.280 [FXGL Background Thread 3 ] DEBUG Engine               - menuKey: ESCAPE
14:20:36.280 [FXGL Background Thread 3 ] DEBUG Engine               - mouseSensitivity: 0.2
14:20:36.280 [FXGL Background Thread 3 ] DEBUG Engine               - notificationViewClass: class com.almasb.fxgl.notification.view.XboxNotificationView
14:20:36.280 [FXGL Background Thread 3 ] DEBUG Engine               - pixelsPerMeter: 50.0
14:20:36.280 [FXGL Background Thread 3 ] DEBUG Engine               - platform: WINDOWS
14:20:36.280 [FXGL Background Thread 3 ] DEBUG Engine               - prefHeightProperty: ReadOnlyDoubleProperty [value: 1152.0]
14:20:36.280 [FXGL Background Thread 3 ] DEBUG Engine               - prefWidthProperty: ReadOnlyDoubleProperty [value: 2048.0]
14:20:36.280 [FXGL Background Thread 3 ] DEBUG Engine               - profileDir: profiles/
14:20:36.280 [FXGL Background Thread 3 ] DEBUG Engine               - profileName: StringProperty [value: DEFAULT]
14:20:36.280 [FXGL Background Thread 3 ] DEBUG Engine               - randomSeed: -1
14:20:36.280 [FXGL Background Thread 3 ] DEBUG Engine               - runtimeInfo: RuntimeInfo(platform=WINDOWS, version=17.1, build=24.03.2022 17.34)
14:20:36.280 [FXGL Background Thread 3 ] DEBUG Engine               - saveFileExt: sav
14:20:36.280 [FXGL Background Thread 3 ] DEBUG Engine               - scaledHeightProp$fxgl: DoubleProperty [bound, value: 960.0]
14:20:36.281 [FXGL Background Thread 3 ] DEBUG Engine               - scaledWidthProp$fxgl: DoubleProperty [bound, value: 1682.0]
14:20:36.281 [FXGL Background Thread 3 ] DEBUG Engine               - sceneFactory: com.kenny.tank.AllStarBattleApp$1@1d305e22
14:20:36.281 [FXGL Background Thread 3 ] DEBUG Engine               - secondsIn24h: 60
14:20:36.281 [FXGL Background Thread 3 ] DEBUG Engine               - soundMenuBack: menu/back.wav
14:20:36.281 [FXGL Background Thread 3 ] DEBUG Engine               - soundMenuPress: menu/press.wav
14:20:36.281 [FXGL Background Thread 3 ] DEBUG Engine               - soundMenuSelect: menu/select.wav
14:20:36.281 [FXGL Background Thread 3 ] DEBUG Engine               - soundNotification: core/notification.wav
14:20:36.281 [FXGL Background Thread 3 ] DEBUG Engine               - stageStyle: DECORATED
14:20:36.281 [FXGL Background Thread 3 ] DEBUG Engine               - supportedLanguages: [ENGLISH, FRENCH, GERMAN, HUNGARIAN, RUSSIAN]
14:20:36.281 [FXGL Background Thread 3 ] DEBUG Engine               - ticksPerSecond: -1
14:20:36.281 [FXGL Background Thread 3 ] DEBUG Engine               - title: All star battle
14:20:36.281 [FXGL Background Thread 3 ] DEBUG Engine               - urlGithub: https://github.com/AlmasB/FXGL
14:20:36.281 [FXGL Background Thread 3 ] DEBUG Engine               - urlLeaderboard: http://fxgl-top.herokuapp.com/
14:20:36.281 [FXGL Background Thread 3 ] DEBUG Engine               - urlPOM: https://raw.githubusercontent.com/AlmasB/FXGL/release/README.md
14:20:36.281 [FXGL Background Thread 3 ] DEBUG Engine               - userAppClass: class com.kenny.tank.AllStarBattleApp
14:20:36.281 [FXGL Background Thread 3 ] DEBUG Engine               - version: 0.1
14:20:36.281 [FXGL Background Thread 3 ] DEBUG Engine               - versionCheckDays: 7
14:20:36.281 [FXGL Background Thread 3 ] DEBUG Engine               - width: 2048
14:20:36.281 [FXGL Background Thread 3 ] DEBUG Engine               - Logging services
14:20:36.281 [FXGL Background Thread 3 ] DEBUG Engine               - class com.almasb.fxgl.app.services.FXGLAssetLoaderService
14:20:36.281 [FXGL Background Thread 3 ] DEBUG Engine               - class com.almasb.fxgl.app.FXGLApplication$GameApplicationService
14:20:36.281 [FXGL Background Thread 3 ] DEBUG Engine               - class com.almasb.fxgl.app.services.FXGLDialogService
14:20:36.281 [FXGL Background Thread 3 ] DEBUG Engine               - class com.almasb.fxgl.app.services.IOTaskExecutorService
14:20:36.281 [FXGL Background Thread 3 ] DEBUG Engine               - class com.almasb.fxgl.io.FileSystemService
14:20:36.281 [FXGL Background Thread 3 ] DEBUG Engine               - class com.almasb.fxgl.localization.LocalizationService
14:20:36.281 [FXGL Background Thread 3 ] DEBUG Engine               - class com.almasb.fxgl.app.services.SystemBundleService
14:20:36.281 [FXGL Background Thread 3 ] DEBUG Engine               - class com.almasb.fxgl.profile.SaveLoadService
14:20:36.281 [FXGL Background Thread 3 ] DEBUG Engine               - class com.almasb.fxgl.ui.FXGLUIFactoryServiceProvider
14:20:36.281 [FXGL Background Thread 3 ] DEBUG Engine               - class com.almasb.fxgl.ui.FXGLDialogFactoryServiceProvider
14:20:36.281 [FXGL Background Thread 3 ] DEBUG Engine               - class com.almasb.fxgl.audio.AudioPlayer
14:20:36.281 [FXGL Background Thread 3 ] DEBUG Engine               - class com.almasb.fxgl.notification.impl.NotificationServiceProvider
14:20:36.281 [FXGL Background Thread 3 ] DEBUG Engine               - class com.almasb.fxgl.achievement.AchievementService
14:20:36.281 [FXGL Background Thread 3 ] DEBUG Engine               - class com.almasb.fxgl.cutscene.CutsceneService
14:20:36.281 [FXGL Background Thread 3 ] DEBUG Engine               - class com.almasb.fxgl.minigames.MiniGameService
14:20:36.281 [FXGL Background Thread 3 ] DEBUG Engine               - class com.almasb.fxgl.net.NetService
14:20:36.281 [FXGL Background Thread 3 ] DEBUG Engine               - class com.almasb.fxgl.app.services.UpdaterService
14:20:36.281 [FXGL Background Thread 3 ] DEBUG Engine               - class com.almasb.fxgl.dev.DevService
14:20:42.532 [JavaFX Application Thread] DEBUG GameApplicationServi - Starting new game
14:20:42.533 [JavaFX Application Thread] DEBUG PrimaryStageWindow   - Pop state: Main_menu
14:20:42.533 [JavaFX Application Thread] DEBUG Input                - Clearing active input actions
14:20:42.535 [JavaFX Application Thread] DEBUG GameApplicationServi - Removing overlay from Main_menu and adding to FXGLMainMenuDummyScene
14:20:42.536 [JavaFX Application Thread] DEBUG PrimaryStageWindow   - FXGLMainMenuDummyScene <- Main_menu
14:20:42.536 [JavaFX Application Thread] DEBUG Input                - Clearing active input actions
14:20:42.546 [JavaFX Application Thread] DEBUG GameApplicationServi - Removing overlay from FXGLMainMenuDummyScene and adding to Loading_Scene
14:20:42.546 [JavaFX Application Thread] DEBUG PrimaryStageWindow   - FXGLMainMenuDummyScene -> Loading_Scene
14:20:42.546 [JavaFX Application Thread] DEBUG GameApplicationServi - Clearing previous game
14:20:42.546 [JavaFX Application Thread] DEBUG GameScene            - Clearing game scene
14:20:42.546 [JavaFX Application Thread] DEBUG GameWorld            - Clearing game world
14:20:42.547 [JavaFX Application Thread] DEBUG PhysicsWorld         - Clearing physics world
14:20:42.553 [FXGL Background Thread 2 ] DEBUG FXGLApplication      - Initializing game
14:20:42.576 [FXGL Background Thread 2 ] WARN  TMXLevelLoader       - TiledMap generated from 1.8.4. Supported version: 1.4.2. Some features may not be parsed fully.
14:20:42.592 [FXGL Background Thread 2 ] DEBUG TMXLevelLoader       - Parsed TiledMap: file:/E:/java%20project/tank/target/classes/assets/levels/test1.tmx
14:20:42.593 [FXGL Background Thread 2 ] DEBUG TMXLevelLoader       - Creating tile layer entities
14:20:42.593 [FXGL Background Thread 2 ] DEBUG TMXLevelLoader       - Creating object layer entities
14:20:42.650 [FXGL Background Thread 2 ] DEBUG GameWorld            - Clearing removable entities
14:20:42.650 [FXGL Background Thread 2 ] DEBUG GameWorld            - Setting level: com.almasb.fxgl.entity.level.Level@761e7160
14:20:42.658 [FXGL Background Thread 2 ] DEBUG FXGLAssetLoaderServi - Loading from file system: file:/E:/java%20project/tank/target/classes/assets/textures/element/Tank.png
14:20:42.660 [FXGL Background Thread 2 ] DEBUG FXGLAssetLoaderServi - Loading from file system: file:/E:/java%20project/tank/target/classes/assets/textures/Enemytank.png
14:20:42.668 [FXGL Background Thread 2 ] DEBUG FXGLAssetLoaderServi - Loading from file system: file:/E:/java%20project/tank/target/classes/assets/textures/Chicken.png
14:20:42.673 [FXGL Background Thread 2 ] DEBUG FXGLAssetLoaderServi - Loading from file system: file:/E:/java%20project/tank/target/classes/assets/textures/BossTank.png
14:20:42.677 [FXGL Background Thread 2 ] INFO  FXGLApplication      - Game initialization took: 0.124 sec
14:20:42.677 [JavaFX Application Thread] DEBUG Input                - Clearing active input actions
14:20:42.682 [JavaFX Application Thread] DEBUG GameApplicationServi - Removing overlay from Loading_Scene and adding to GameScene
14:20:42.682 [JavaFX Application Thread] DEBUG PrimaryStageWindow   - Loading_Scene -> GameScene
14:20:43.075 [JavaFX Application Thread] DEBUG FXGLAssetLoaderServi - Loading from file system: file:/E:/java%20project/tank/target/classes/assets/textures/element/Enemybullet.png
14:20:43.126 [JavaFX Application Thread] DEBUG FXGLAssetLoaderServi - Loading from file system: file:/E:/java%20project/tank/target/classes/assets/textures/SmallBoom.png
14:20:43.978 [JavaFX Application Thread] DEBUG FXGLAssetLoaderServi - Loading from file system: file:/E:/java%20project/tank/target/classes/assets/sounds/boom.wav
14:20:44.018 [JavaFX Application Thread] DEBUG FXGLAssetLoaderServi - Loading from file system: file:/E:/java%20project/tank/target/classes/assets/textures/element/Bullet.png
14:20:46.875 [JavaFX Application Thread] DEBUG FXGLAssetLoaderServi - Loading from file system: file:/E:/java%20project/tank/target/classes/assets/textures/boom.png
14:20:47.673 [JavaFX Application Thread] DEBUG PrimaryStageWindow   - Push state: EggScene
14:20:47.673 [JavaFX Application Thread] DEBUG FXGLAssetLoaderServi - Loading from file system: file:/E:/java%20project/tank/target/classes/assets/music/chicken.mp3
14:20:47.683 [JavaFX Application Thread] DEBUG AudioPlayer          - Playing music com.almasb.fxgl.audio.Music@5f4ab810
14:20:47.683 [JavaFX Application Thread] DEBUG Input                - Clearing active input actions
14:20:47.683 [JavaFX Application Thread] DEBUG GameApplicationServi - Removing overlay from GameScene and adding to EggScene
14:20:47.683 [JavaFX Application Thread] DEBUG PrimaryStageWindow   - GameScene -> EggScene
14:20:52.684 [JavaFX Application Thread] DEBUG PrimaryStageWindow   - Pop state: EggScene
14:20:52.684 [JavaFX Application Thread] DEBUG Input                - Clearing active input actions
14:20:52.684 [JavaFX Application Thread] DEBUG GameApplicationServi - Removing overlay from EggScene and adding to GameScene
14:20:52.685 [JavaFX Application Thread] DEBUG PrimaryStageWindow   - GameScene <- EggScene
14:20:52.693 [JavaFX Application Thread] WARN  TMXLevelLoader       - TiledMap generated from 1.8.4. Supported version: 1.4.2. Some features may not be parsed fully.
14:20:52.700 [JavaFX Application Thread] DEBUG TMXLevelLoader       - Parsed TiledMap: file:/E:/java%20project/tank/target/classes/assets/levels/Chicken.tmx
14:20:52.700 [JavaFX Application Thread] DEBUG TMXLevelLoader       - Creating tile layer entities
14:20:52.700 [JavaFX Application Thread] DEBUG TMXLevelLoader       - Creating object layer entities
14:20:52.709 [JavaFX Application Thread] DEBUG GameWorld            - Clearing removable entities
14:20:52.716 [JavaFX Application Thread] DEBUG GameWorld            - Setting level: com.almasb.fxgl.entity.level.Level@65ee288c
14:20:52.719 [JavaFX Application Thread] DEBUG FXGLAssetLoaderServi - Loading from file system: file:/E:/java%20project/tank/target/classes/assets/textures/people.png
14:20:53.651 [JavaFX Application Thread] DEBUG LoopRunner           - Stopping loop
14:20:53.652 [JavaFX Application Thread] FATAL FXGLApplication      - Uncaught Exception:
java.lang.IllegalArgumentException: Unsupported audio format: JI.mp4
	at com.almasb.fxgl.all@17.1/com.almasb.fxgl.dsl.FXGL$Companion.play(FXGL.kt:449)
	at com.almasb.fxgl.all@17.1/com.almasb.fxgl.dsl.FXGL.play(FXGL.kt)
	at tank/com.kenny.tank.AllStarBattleFactory.good(AllStarBattleFactory.java:305)
	at java.base/jdk.internal.reflect.NativeMethodAccessorImpl.invoke0(Native Method)
	at java.base/jdk.internal.reflect.NativeMethodAccessorImpl.invoke(NativeMethodAccessorImpl.java:77)
	at java.base/jdk.internal.reflect.DelegatingMethodAccessorImpl.invoke(DelegatingMethodAccessorImpl.java:43)
	at java.base/java.lang.reflect.Method.invoke(Method.java:568)
	at com.almasb.fxgl.core@17.1/com.almasb.fxgl.core.reflect.ReflectionUtils.call(ReflectionUtils.java:104)
	at com.almasb.fxgl.core@17.1/com.almasb.fxgl.core.reflect.ReflectionUtils.lambda$mapToFunction$3(ReflectionUtils.java:111)
	at com.almasb.fxgl.entity@17.1/com.almasb.fxgl.entity.GameWorld$create$2.invoke(GameWorld.kt:430)
	at com.almasb.fxgl.entity@17.1/com.almasb.fxgl.entity.GameWorld$create$2.invoke(GameWorld.kt:430)
	at com.almasb.fxgl.core@17.1/com.almasb.fxgl.core.util.DSLKt.tryCatchRoot(DSL.kt:34)
	at com.almasb.fxgl.entity@17.1/com.almasb.fxgl.entity.GameWorld.create(GameWorld.kt:430)
	at com.almasb.fxgl.entity@17.1/com.almasb.fxgl.entity.GameWorld.spawn(GameWorld.kt:396)
	at com.almasb.fxgl.all@17.1/com.almasb.fxgl.dsl.FXGL$Companion.spawn(FXGL.kt:565)
	at com.almasb.fxgl.all@17.1/com.almasb.fxgl.dsl.FXGL.spawn(FXGL.kt)
	at tank/com.kenny.tank.components.NewPeopleComponent.shoot(NewPeopleComponent.java:67)
	at tank/com.kenny.tank.AllStarBattleApp.lambda$initInput$11(AllStarBattleApp.java:200)
	at com.almasb.fxgl.all@17.1/com.almasb.fxgl.dsl.FXGL$Companion$onKey$1.onAction(FXGL.kt:500)
	at com.almasb.fxgl.core@17.1/com.almasb.fxgl.input.UserAction.action$fxgl_core(UserAction.kt:38)
	at com.almasb.fxgl.core@17.1/com.almasb.fxgl.input.Input.update(Input.kt:271)
	at com.almasb.fxgl.scene@17.1/com.almasb.fxgl.scene.Scene.update(Scene.kt:103)
	at com.almasb.fxgl.all@17.1/com.almasb.fxgl.app.MainWindow$update$1.invoke(MainWindow.kt:115)
	at com.almasb.fxgl.all@17.1/com.almasb.fxgl.app.MainWindow$update$1.invoke(MainWindow.kt:115)
	at com.almasb.fxgl.core@17.1/com.almasb.fxgl.core.fsm.StateMachine.runOnActiveStates(StateMachine.kt:69)
	at com.almasb.fxgl.all@17.1/com.almasb.fxgl.app.MainWindow.update(MainWindow.kt:115)
	at com.almasb.fxgl.all@17.1/com.almasb.fxgl.app.FXGLApplication$GameApplicationService.onUpdate(FXGLApplication.kt:426)
	at com.almasb.fxgl.all@17.1/com.almasb.fxgl.app.Engine.loop(Engine.kt:134)
	at com.almasb.fxgl.all@17.1/com.almasb.fxgl.app.Engine.access$loop(Engine.kt:24)
	at com.almasb.fxgl.all@17.1/com.almasb.fxgl.app.Engine$loop$1.invoke(Engine.kt:28)
	at com.almasb.fxgl.all@17.1/com.almasb.fxgl.app.Engine$loop$1.invoke(Engine.kt:28)
	at com.almasb.fxgl.all@17.1/com.almasb.fxgl.app.LoopRunner.frame(LoopRunner.kt:103)
	at com.almasb.fxgl.all@17.1/com.almasb.fxgl.app.LoopRunner.access$frame(LoopRunner.kt:23)
	at com.almasb.fxgl.all@17.1/com.almasb.fxgl.app.LoopRunner$impl$2$1.onTick(LoopRunner.kt:57)
	at com.almasb.fxgl.all@17.1/com.almasb.fxgl.app.AnimationTimerLoop$timer$1.handle(LoopRunner.kt:137)
	at javafx.graphics@18/javafx.animation.AnimationTimer$AnimationTimerReceiver.lambda$handle$0(AnimationTimer.java:58)
	at java.base/java.security.AccessController.doPrivileged(AccessController.java:399)
	at javafx.graphics@18/javafx.animation.AnimationTimer$AnimationTimerReceiver.handle(AnimationTimer.java:57)
	at javafx.graphics@18/com.sun.scenario.animation.AbstractPrimaryTimer.timePulseImpl(AbstractPrimaryTimer.java:356)
	at javafx.graphics@18/com.sun.scenario.animation.AbstractPrimaryTimer$MainLoop.run(AbstractPrimaryTimer.java:266)
	at javafx.graphics@18/com.sun.javafx.tk.quantum.QuantumToolkit.pulse(QuantumToolkit.java:571)
	at javafx.graphics@18/com.sun.javafx.tk.quantum.QuantumToolkit.pulse(QuantumToolkit.java:555)
	at javafx.graphics@18/com.sun.javafx.tk.quantum.QuantumToolkit.pulseFromQueue(QuantumToolkit.java:548)
	at javafx.graphics@18/com.sun.javafx.tk.quantum.QuantumToolkit.lambda$runToolkit$11(QuantumToolkit.java:352)
	at javafx.graphics@18/com.sun.glass.ui.InvokeLaterDispatcher$Future.run(InvokeLaterDispatcher.java:96)
	at javafx.graphics@18/com.sun.glass.ui.win.WinApplication._runLoop(Native Method)
	at javafx.graphics@18/com.sun.glass.ui.win.WinApplication.lambda$runLoop$3(WinApplication.java:184)
	at java.base/java.lang.Thread.run(Thread.java:833)

14:20:53.652 [JavaFX Application Thread] FATAL FXGLApplication      - Application will now exit
14:20:53.669 [JavaFX Application Thread] DEBUG PrimaryStageWindow   - Push state: ErrorSubScene
14:20:53.669 [JavaFX Application Thread] DEBUG Input                - Clearing active input actions
14:20:53.673 [JavaFX Application Thread] DEBUG GameApplicationServi - Removing overlay from GameScene and adding to ErrorSubScene
14:20:53.673 [JavaFX Application Thread] DEBUG PrimaryStageWindow   - GameScene -> ErrorSubScene
14:20:57.552 [JavaFX Application Thread] DEBUG FXGLApplication      - Exiting FXGL
14:20:57.552 [JavaFX Application Thread] DEBUG Async                - Shutting down background threads
14:20:57.552 [JavaFX Application Thread] DEBUG PrimaryStageWindow   - Closing main window
14:20:57.583 [JavaFX Application Thread] DEBUG Logger               - Closing Logger
