20:20:19.787 [main                     ] DEBUG Logger               - Configured Logger
20:20:19.803 [main                     ] DEBUG GameApplication      - Logging settings
Title: All star battle
Version: 0.1
Width: 2048
Height: 1152
Fullscreen: false
Intro: false
Profiling: false
Single step:false
App Mode: DEVELOPER
Menu Key: ESCAPE
Stage Style: DECORATED
Scene Factory: class com.kenny.tank.AllStarBattleApp$1

20:20:20.060 [JavaFX Application Thread] DEBUG FXGLApplication      - Initializing FXGL
20:20:20.063 [JavaFX Application Thread] INFO  Engine               - FXGL-17.1 (24.03.2022 17.34) on WINDOWS (J:17.0.6 FX:18)
20:20:20.064 [JavaFX Application Thread] DEBUG Engine               - JRE Vendor Name: Amazon.com Inc.
20:20:20.064 [JavaFX Application Thread] DEBUG Engine               - Running on OS: Windows 11 version 10.0
20:20:20.064 [JavaFX Application Thread] DEBUG Engine               - Architecture: amd64
20:20:20.064 [JavaFX Application Thread] INFO  Engine               - Source code and latest versions at: https://github.com/AlmasB/FXGL
20:20:20.064 [JavaFX Application Thread] INFO  Engine               -       Ask questions and discuss at: https://github.com/AlmasB/FXGL/discussions
20:20:20.064 [JavaFX Application Thread] INFO  Engine               -              Join the FXGL chat at: https://gitter.im/AlmasB/FXGL
20:20:20.109 [JavaFX Application Thread] DEBUG PrimaryStageWindow   - Creating a JavaFX scene
20:20:20.109 [JavaFX Application Thread] DEBUG PrimaryStageWindow   - Target size > screen size
20:20:20.133 [JavaFX Application Thread] DEBUG PrimaryStageWindow   - Target settings size: 2048.0 x 1152.0
20:20:20.133 [JavaFX Application Thread] DEBUG PrimaryStageWindow   - Scaled scene size:    1682.0 x 960.0
20:20:20.133 [JavaFX Application Thread] DEBUG PrimaryStageWindow   - Scaled ratio: (0.8212890625, 0.8333333333333334)
20:20:20.134 [JavaFX Application Thread] DEBUG PrimaryStageWindow   - Set initial scene to StartScene
20:20:20.138 [JavaFX Application Thread] DEBUG PrimaryStageWindow   - Opening main window
20:20:20.223 [JavaFX Application Thread] DEBUG PrimaryStageWindow   - Window border size: (14.6666259765625, 37.33331298828125)
20:20:20.223 [JavaFX Application Thread] DEBUG PrimaryStageWindow   - Scaled size: 1682.0 x 960.0
20:20:20.223 [JavaFX Application Thread] DEBUG PrimaryStageWindow   - Scaled ratio: (0.8212890625, 0.8333333333333334)
20:20:20.223 [JavaFX Application Thread] DEBUG PrimaryStageWindow   - Scene size: 1682.0 x 960.0
20:20:20.223 [JavaFX Application Thread] DEBUG PrimaryStageWindow   - Stage size: 1696.6666259765625 x 997.3333129882812
20:20:20.227 [FXGL Background Thread 1 ] DEBUG Engine               - Initializing environment variables
20:20:20.249 [FXGL Background Thread 1 ] DEBUG FXGLAssetLoaderServi - User app class for loading assets: class com.kenny.tank.AllStarBattleApp
20:20:20.249 [FXGL Background Thread 1 ] DEBUG GameApplicationServi - Applying CSS: fxgl_dark.css
20:20:20.249 [FXGL Background Thread 1 ] DEBUG FXGLAssetLoaderServi - Loading from file system: jar:file:///C:/Users/10273/.m2/repository/com/github/almasb/fxgl/17.1/fxgl-17.1.jar!/fxglassets/ui/css/fxgl_dark.css
20:20:20.287 [FXGL Background Thread 1 ] DEBUG GameApplicationServi - Applying CSS: tank.css
20:20:20.287 [FXGL Background Thread 1 ] DEBUG FXGLAssetLoaderServi - Loading from file system: file:/E:/java%20project/tank/target/classes/assets/ui/css/tank.css
20:20:20.288 [FXGL Background Thread 1 ] DEBUG GameApplicationServi - Initializing application scenes
20:20:20.291 [FXGL Background Thread 1 ] DEBUG GameWorld            - Game world initialized
20:20:20.329 [FXGL Background Thread 1 ] DEBUG PhysicsWorld         - Physics world initialized: appHeight=1152, physics.ppm=50.0
20:20:20.329 [FXGL Background Thread 1 ] DEBUG PhysicsWorld         - Using strategy: BRUTE_FORCE
20:20:20.333 [FXGL Background Thread 1 ] DEBUG GameScene            - Game scene initialized: 2048x1152
20:20:20.337 [FXGL Background Thread 1 ] DEBUG FXGLAssetLoaderServi - Loading from file system: file:/E:/java%20project/tank/target/classes/assets/textures/MainMenu.png
20:20:20.415 [FXGL Background Thread 1 ] DEBUG FXGLAssetLoaderServi - Loading from file system: file:/E:/java%20project/tank/target/classes/assets/textures/R-C.jpg
20:20:20.436 [FXGL Background Thread 1 ] DEBUG FXGL.DefaultMenu     - createMenuBodyGameMenu()
20:20:20.442 [FXGL Background Thread 1 ] DEBUG FXGL.DefaultMenu     - createOptionsMenu()
20:20:20.449 [FXGL Background Thread 1 ] DEBUG FXGLAssetLoaderServi - Loading from file system: jar:file:///C:/Users/10273/.m2/repository/com/github/almasb/fxgl/17.1/fxgl-17.1.jar!/fxglassets/textures/particles/smoke.png
20:20:20.493 [FXGL Background Thread 1 ] DEBUG FXGLAssetLoaderServi - Loading from file system: jar:file:///C:/Users/10273/.m2/repository/com/github/almasb/fxgl/17.1/fxgl-17.1.jar!/fxglassets/textures/particles/trace_horizontal.png
20:20:20.506 [FXGL Background Thread 1 ] DEBUG GameApplicationServi - Application scenes initialized
20:20:20.513 [FXGL Background Thread 1 ] DEBUG SystemBundleService  - Loading FXGL system data
20:20:20.517 [FXGL Background Thread 1 ] DEBUG FileSystemAccess     - Reading from: E:\java project\tank\system\fxgl.bundle
20:20:20.522 [FXGL Background Thread 1 ] DEBUG SystemBundleService  - Bundle FXGL: {}
20:20:20.523 [FXGL Background Thread 1 ] DEBUG UpdaterService       - Checking for updates
20:20:20.526 [FXGL Background Thread 4 ] DEBUG FXGLApplication      - Loading fonts
20:20:20.526 [FXGL Background Thread 4 ] DEBUG FXGLAssetLoaderServi - Loading from file system: jar:file:///C:/Users/10273/.m2/repository/com/github/almasb/fxgl/17.1/fxgl-17.1.jar!/fxglassets/ui/fonts/VarelaRound-Regular.ttf
20:20:20.526 [FXGL Background Thread 1 ] DEBUG FXGLApplication      - Loading default localization
20:20:20.527 [FXGL Background Thread 1 ] DEBUG FXGLAssetLoaderServi - Loading from file system: jar:file:///C:/Users/10273/.m2/repository/com/github/almasb/fxgl/17.1/fxgl-17.1.jar!/fxglassets/languages/english.lang
20:20:20.559 [FXGL Background Thread 1 ] INFO  FXGLApplication      - FXGL initialization took: 0.331 sec
20:20:20.567 [JavaFX Application Thread] DEBUG Input                - Registered new binding: action0 - Up
20:20:20.567 [JavaFX Application Thread] DEBUG Input                - Registered new binding: action1 - Down
20:20:20.567 [JavaFX Application Thread] DEBUG Input                - Registered new binding: action2 - Left
20:20:20.568 [JavaFX Application Thread] DEBUG Input                - Registered new binding: action3 - Right
20:20:20.568 [JavaFX Application Thread] DEBUG Input                - Registered new binding: action4 - Space
20:20:20.569 [JavaFX Application Thread] DEBUG FXGLAssetLoaderServi - Loading from file system: file:/E:/java%20project/tank/target/classes/assets/textures/joker.jpg
20:20:20.576 [JavaFX Application Thread] DEBUG FXGLAssetLoaderServi - Loading from file system: jar:file:///C:/Users/10273/.m2/repository/com/github/almasb/fxgl/17.1/fxgl-17.1.jar!/fxglassets/textures/fxgl_default_cursor.png
20:20:20.577 [JavaFX Application Thread] DEBUG Input                - Registered new binding: Screenshot - CTRL+8
20:20:20.578 [JavaFX Application Thread] DEBUG Input                - Registered new binding: System info dump - CTRL+9
20:20:20.578 [JavaFX Application Thread] DEBUG Input                - Registered new binding: Restart - CTRL+R
20:20:20.578 [JavaFX Application Thread] DEBUG Input                - Registered new binding: Toggle Debug Camera - CTRL+7
20:20:20.579 [FXGL Background Thread 4 ] DEBUG FXGLAssetLoaderServi - Loading from file system: jar:file:///C:/Users/10273/.m2/repository/com/github/almasb/fxgl/17.1/fxgl-17.1.jar!/fxglassets/ui/fonts/Abel-Regular.ttf
20:20:20.580 [JavaFX Application Thread] DEBUG LoopRunner           - Starting loop
20:20:20.580 [JavaFX Application Thread] DEBUG LoopRunner           - Initializing JavaFX AnimationTimerLoop
20:20:20.581 [FXGL Background Thread 4 ] DEBUG FXGLAssetLoaderServi - Loading from file system: jar:file:///C:/Users/10273/.m2/repository/com/github/almasb/fxgl/17.1/fxgl-17.1.jar!/fxglassets/ui/fonts/TerminalLandMono-Regular.otf
20:20:20.583 [FXGL Background Thread 4 ] DEBUG FXGLAssetLoaderServi - Loading from file system: jar:file:///C:/Users/10273/.m2/repository/com/github/almasb/fxgl/17.1/fxgl-17.1.jar!/fxglassets/ui/fonts/Courier-Prime.ttf
20:20:20.584 [JavaFX Application Thread] DEBUG Input                - Clearing active input actions
20:20:20.589 [JavaFX Application Thread] DEBUG GameApplicationServi - Removing overlay from StartScene and adding to FXGLMainMenuDummyScene
20:20:20.589 [JavaFX Application Thread] DEBUG PrimaryStageWindow   - StartScene -> FXGLMainMenuDummyScene
20:20:20.589 [JavaFX Application Thread] DEBUG PrimaryStageWindow   - Push state: Main_menu
20:20:20.590 [JavaFX Application Thread] DEBUG Input                - Clearing active input actions
20:20:20.596 [JavaFX Application Thread] DEBUG GameApplicationServi - Removing overlay from FXGLMainMenuDummyScene and adding to Main_menu
20:20:20.596 [JavaFX Application Thread] DEBUG PrimaryStageWindow   - FXGLMainMenuDummyScene -> Main_menu
20:20:20.598 [JavaFX Application Thread] DEBUG FXGLApplication      - Registering font factories with UI factory
20:20:21.225 [FXGL Background Thread 2 ] INFO  UpdaterService       - Your current version:  17.1
20:20:21.226 [FXGL Background Thread 2 ] INFO  UpdaterService       - Latest stable version: 17.3
20:20:23.525 [FXGL Background Thread 3 ] DEBUG Engine               - Logging environment variables
20:20:23.526 [FXGL Background Thread 3 ] DEBUG Engine               - achievements: []
20:20:23.526 [FXGL Background Thread 3 ] DEBUG Engine               - actualHeight: 960.0
20:20:23.526 [FXGL Background Thread 3 ] DEBUG Engine               - actualHeightProperty: ReadOnlyDoubleProperty [value: 960.0]
20:20:23.526 [FXGL Background Thread 3 ] DEBUG Engine               - actualWidth: 1682.0
20:20:23.526 [FXGL Background Thread 3 ] DEBUG Engine               - actualWidthProperty: ReadOnlyDoubleProperty [value: 1682.0]
20:20:23.527 [FXGL Background Thread 3 ] DEBUG Engine               - appIcon: joker.jpg
20:20:23.527 [FXGL Background Thread 3 ] DEBUG Engine               - applicationMode: DEVELOPER
20:20:23.527 [FXGL Background Thread 3 ] DEBUG Engine               - cSSList: [fxgl_dark.css, tank.css]
20:20:23.527 [FXGL Background Thread 3 ] DEBUG Engine               - collisionDetectionStrategy: BRUTE_FORCE
20:20:23.529 [FXGL Background Thread 3 ] DEBUG Engine               - configClass: Optional.empty
20:20:23.530 [FXGL Background Thread 3 ] DEBUG Engine               - credits: []
20:20:23.534 [FXGL Background Thread 3 ] DEBUG Engine               - defaultCursor: CursorInfo(imageName=fxgl_default_cursor.png, hotspotX=7.0, hotspotY=6.0)
20:20:23.534 [FXGL Background Thread 3 ] DEBUG Engine               - devBBoxColorProperty: ObjectProperty [value: 0xff0000ff]
20:20:23.534 [FXGL Background Thread 3 ] DEBUG Engine               - devEnableDebugCameraProperty: BooleanProperty [value: false]
20:20:23.534 [FXGL Background Thread 3 ] DEBUG Engine               - devSensorColorProperty: ObjectProperty [value: 0xffff00ff]
20:20:23.534 [FXGL Background Thread 3 ] DEBUG Engine               - devShowBBoxProperty: BooleanProperty [value: false]
20:20:23.534 [FXGL Background Thread 3 ] DEBUG Engine               - devShowPositionProperty: BooleanProperty [value: false]
20:20:23.534 [FXGL Background Thread 3 ] DEBUG Engine               - enabledMenuItems: []
20:20:23.534 [FXGL Background Thread 3 ] DEBUG Engine               - engineServices: [class com.almasb.fxgl.app.services.FXGLAssetLoaderService, class com.almasb.fxgl.app.FXGLApplication$GameApplicationService, class com.almasb.fxgl.app.services.FXGLDialogService, class com.almasb.fxgl.app.services.IOTaskExecutorService, class com.almasb.fxgl.io.FileSystemService, class com.almasb.fxgl.localization.LocalizationService, class com.almasb.fxgl.app.services.SystemBundleService, class com.almasb.fxgl.profile.SaveLoadService, class com.almasb.fxgl.ui.FXGLUIFactoryServiceProvider, class com.almasb.fxgl.ui.FXGLDialogFactoryServiceProvider, class com.almasb.fxgl.audio.AudioPlayer, class com.almasb.fxgl.notification.impl.NotificationServiceProvider, class com.almasb.fxgl.achievement.AchievementService, class com.almasb.fxgl.cutscene.CutsceneService, class com.almasb.fxgl.minigames.MiniGameService, class com.almasb.fxgl.net.NetService, class com.almasb.fxgl.app.services.UpdaterService, class com.almasb.fxgl.dev.DevService]
20:20:23.534 [FXGL Background Thread 3 ] DEBUG Engine               - fontGame: Abel-Regular.ttf
20:20:23.535 [FXGL Background Thread 3 ] DEBUG Engine               - fontMono: TerminalLandMono-Regular.otf
20:20:23.535 [FXGL Background Thread 3 ] DEBUG Engine               - fontText: Courier-Prime.ttf
20:20:23.535 [FXGL Background Thread 3 ] DEBUG Engine               - fontUI: VarelaRound-Regular.ttf
20:20:23.535 [FXGL Background Thread 3 ] DEBUG Engine               - fullScreen: BooleanProperty [value: false]
20:20:23.535 [FXGL Background Thread 3 ] DEBUG Engine               - gameDifficulty: MEDIUM
20:20:23.535 [FXGL Background Thread 3 ] DEBUG Engine               - gameDifficultyProperty: ObjectProperty [value: MEDIUM]
20:20:23.535 [FXGL Background Thread 3 ] DEBUG Engine               - globalMusicVolume: 0.5
20:20:23.535 [FXGL Background Thread 3 ] DEBUG Engine               - globalMusicVolumeProperty: DoubleProperty [value: 0.5]
20:20:23.535 [FXGL Background Thread 3 ] DEBUG Engine               - globalSoundVolume: 0.5
20:20:23.535 [FXGL Background Thread 3 ] DEBUG Engine               - globalSoundVolumeProperty: DoubleProperty [value: 0.8]
20:20:23.535 [FXGL Background Thread 3 ] DEBUG Engine               - height: 1152
20:20:23.535 [FXGL Background Thread 3 ] DEBUG Engine               - is3D: false
20:20:23.535 [FXGL Background Thread 3 ] DEBUG Engine               - isAndroid: false
20:20:23.535 [FXGL Background Thread 3 ] DEBUG Engine               - isBrowser: false
20:20:23.536 [FXGL Background Thread 3 ] DEBUG Engine               - isClickFeedbackEnabled: false
20:20:23.536 [FXGL Background Thread 3 ] DEBUG Engine               - isCloseConfirmation: false
20:20:23.536 [FXGL Background Thread 3 ] DEBUG Engine               - isDesktop: true
20:20:23.536 [FXGL Background Thread 3 ] DEBUG Engine               - isDeveloperMenuEnabled: false
20:20:23.536 [FXGL Background Thread 3 ] DEBUG Engine               - isEmbedded: false
20:20:23.536 [FXGL Background Thread 3 ] DEBUG Engine               - isEntityPreloadEnabled: true
20:20:23.536 [FXGL Background Thread 3 ] DEBUG Engine               - isExperimentalTiledLargeMap: false
20:20:23.536 [FXGL Background Thread 3 ] DEBUG Engine               - isFileSystemWriteAllowed: true
20:20:23.536 [FXGL Background Thread 3 ] DEBUG Engine               - isFullScreenAllowed: false
20:20:23.536 [FXGL Background Thread 3 ] DEBUG Engine               - isFullScreenFromStart: false
20:20:23.536 [FXGL Background Thread 3 ] DEBUG Engine               - isGameMenuEnabled: true
20:20:23.536 [FXGL Background Thread 3 ] DEBUG Engine               - isIOS: false
20:20:23.536 [FXGL Background Thread 3 ] DEBUG Engine               - isIntroEnabled: false
20:20:23.536 [FXGL Background Thread 3 ] DEBUG Engine               - isLinux: false
20:20:23.536 [FXGL Background Thread 3 ] DEBUG Engine               - isMac: false
20:20:23.536 [FXGL Background Thread 3 ] DEBUG Engine               - isMainMenuEnabled: true
20:20:23.536 [FXGL Background Thread 3 ] DEBUG Engine               - isManualResizeEnabled: false
20:20:23.536 [FXGL Background Thread 3 ] DEBUG Engine               - isMobile: false
20:20:23.537 [FXGL Background Thread 3 ] DEBUG Engine               - isNative: false
20:20:23.537 [FXGL Background Thread 3 ] DEBUG Engine               - isPauseMusicWhenMinimized: true
20:20:23.537 [FXGL Background Thread 3 ] DEBUG Engine               - isPreserveResizeRatio: false
20:20:23.537 [FXGL Background Thread 3 ] DEBUG Engine               - isProfilingEnabled: false
20:20:23.537 [FXGL Background Thread 3 ] DEBUG Engine               - isScaleAffectedOnResize: true
20:20:23.538 [FXGL Background Thread 3 ] DEBUG Engine               - isSingleStep: false
20:20:23.538 [FXGL Background Thread 3 ] DEBUG Engine               - isUserProfileEnabled: false
20:20:23.538 [FXGL Background Thread 3 ] DEBUG Engine               - isWindows: true
20:20:23.538 [FXGL Background Thread 3 ] DEBUG Engine               - language: ObjectProperty [value: ENGLISH]
20:20:23.538 [FXGL Background Thread 3 ] DEBUG Engine               - menuKey: ESCAPE
20:20:23.538 [FXGL Background Thread 3 ] DEBUG Engine               - mouseSensitivity: 0.2
20:20:23.538 [FXGL Background Thread 3 ] DEBUG Engine               - notificationViewClass: class com.almasb.fxgl.notification.view.XboxNotificationView
20:20:23.538 [FXGL Background Thread 3 ] DEBUG Engine               - pixelsPerMeter: 50.0
20:20:23.538 [FXGL Background Thread 3 ] DEBUG Engine               - platform: WINDOWS
20:20:23.538 [FXGL Background Thread 3 ] DEBUG Engine               - prefHeightProperty: ReadOnlyDoubleProperty [value: 1152.0]
20:20:23.538 [FXGL Background Thread 3 ] DEBUG Engine               - prefWidthProperty: ReadOnlyDoubleProperty [value: 2048.0]
20:20:23.538 [FXGL Background Thread 3 ] DEBUG Engine               - profileDir: profiles/
20:20:23.538 [FXGL Background Thread 3 ] DEBUG Engine               - profileName: StringProperty [value: DEFAULT]
20:20:23.538 [FXGL Background Thread 3 ] DEBUG Engine               - randomSeed: -1
20:20:23.538 [FXGL Background Thread 3 ] DEBUG Engine               - runtimeInfo: RuntimeInfo(platform=WINDOWS, version=17.1, build=24.03.2022 17.34)
20:20:23.538 [FXGL Background Thread 3 ] DEBUG Engine               - saveFileExt: sav
20:20:23.538 [FXGL Background Thread 3 ] DEBUG Engine               - scaledHeightProp$fxgl: DoubleProperty [bound, value: 960.0]
20:20:23.538 [FXGL Background Thread 3 ] DEBUG Engine               - scaledWidthProp$fxgl: DoubleProperty [bound, value: 1682.0]
20:20:23.538 [FXGL Background Thread 3 ] DEBUG Engine               - sceneFactory: com.kenny.tank.AllStarBattleApp$1@652efba
20:20:23.538 [FXGL Background Thread 3 ] DEBUG Engine               - secondsIn24h: 60
20:20:23.538 [FXGL Background Thread 3 ] DEBUG Engine               - soundMenuBack: menu/back.wav
20:20:23.539 [FXGL Background Thread 3 ] DEBUG Engine               - soundMenuPress: menu/press.wav
20:20:23.539 [FXGL Background Thread 3 ] DEBUG Engine               - soundMenuSelect: menu/select.wav
20:20:23.539 [FXGL Background Thread 3 ] DEBUG Engine               - soundNotification: core/notification.wav
20:20:23.539 [FXGL Background Thread 3 ] DEBUG Engine               - stageStyle: DECORATED
20:20:23.539 [FXGL Background Thread 3 ] DEBUG Engine               - supportedLanguages: [ENGLISH, FRENCH, GERMAN, HUNGARIAN, RUSSIAN]
20:20:23.539 [FXGL Background Thread 3 ] DEBUG Engine               - ticksPerSecond: -1
20:20:23.539 [FXGL Background Thread 3 ] DEBUG Engine               - title: All star battle
20:20:23.539 [FXGL Background Thread 3 ] DEBUG Engine               - urlGithub: https://github.com/AlmasB/FXGL
20:20:23.539 [FXGL Background Thread 3 ] DEBUG Engine               - urlLeaderboard: http://fxgl-top.herokuapp.com/
20:20:23.539 [FXGL Background Thread 3 ] DEBUG Engine               - urlPOM: https://raw.githubusercontent.com/AlmasB/FXGL/release/README.md
20:20:23.539 [FXGL Background Thread 3 ] DEBUG Engine               - userAppClass: class com.kenny.tank.AllStarBattleApp
20:20:23.539 [FXGL Background Thread 3 ] DEBUG Engine               - version: 0.1
20:20:23.539 [FXGL Background Thread 3 ] DEBUG Engine               - versionCheckDays: 7
20:20:23.539 [FXGL Background Thread 3 ] DEBUG Engine               - width: 2048
20:20:23.539 [FXGL Background Thread 3 ] DEBUG Engine               - Logging services
20:20:23.539 [FXGL Background Thread 3 ] DEBUG Engine               - class com.almasb.fxgl.app.services.FXGLAssetLoaderService
20:20:23.539 [FXGL Background Thread 3 ] DEBUG Engine               - class com.almasb.fxgl.app.FXGLApplication$GameApplicationService
20:20:23.539 [FXGL Background Thread 3 ] DEBUG Engine               - class com.almasb.fxgl.app.services.FXGLDialogService
20:20:23.539 [FXGL Background Thread 3 ] DEBUG Engine               - class com.almasb.fxgl.app.services.IOTaskExecutorService
20:20:23.539 [FXGL Background Thread 3 ] DEBUG Engine               - class com.almasb.fxgl.io.FileSystemService
20:20:23.539 [FXGL Background Thread 3 ] DEBUG Engine               - class com.almasb.fxgl.localization.LocalizationService
20:20:23.539 [FXGL Background Thread 3 ] DEBUG Engine               - class com.almasb.fxgl.app.services.SystemBundleService
20:20:23.539 [FXGL Background Thread 3 ] DEBUG Engine               - class com.almasb.fxgl.profile.SaveLoadService
20:20:23.539 [FXGL Background Thread 3 ] DEBUG Engine               - class com.almasb.fxgl.ui.FXGLUIFactoryServiceProvider
20:20:23.539 [FXGL Background Thread 3 ] DEBUG Engine               - class com.almasb.fxgl.ui.FXGLDialogFactoryServiceProvider
20:20:23.539 [FXGL Background Thread 3 ] DEBUG Engine               - class com.almasb.fxgl.audio.AudioPlayer
20:20:23.539 [FXGL Background Thread 3 ] DEBUG Engine               - class com.almasb.fxgl.notification.impl.NotificationServiceProvider
20:20:23.539 [FXGL Background Thread 3 ] DEBUG Engine               - class com.almasb.fxgl.achievement.AchievementService
20:20:23.539 [FXGL Background Thread 3 ] DEBUG Engine               - class com.almasb.fxgl.cutscene.CutsceneService
20:20:23.539 [FXGL Background Thread 3 ] DEBUG Engine               - class com.almasb.fxgl.minigames.MiniGameService
20:20:23.539 [FXGL Background Thread 3 ] DEBUG Engine               - class com.almasb.fxgl.net.NetService
20:20:23.539 [FXGL Background Thread 3 ] DEBUG Engine               - class com.almasb.fxgl.app.services.UpdaterService
20:20:23.539 [FXGL Background Thread 3 ] DEBUG Engine               - class com.almasb.fxgl.dev.DevService
20:20:30.211 [JavaFX Application Thread] DEBUG GameApplicationServi - Starting new game
20:20:30.211 [JavaFX Application Thread] DEBUG PrimaryStageWindow   - Pop state: Main_menu
20:20:30.211 [JavaFX Application Thread] DEBUG Input                - Clearing active input actions
20:20:30.212 [JavaFX Application Thread] DEBUG GameApplicationServi - Removing overlay from Main_menu and adding to FXGLMainMenuDummyScene
20:20:30.212 [JavaFX Application Thread] DEBUG PrimaryStageWindow   - FXGLMainMenuDummyScene <- Main_menu
20:20:30.212 [JavaFX Application Thread] DEBUG Input                - Clearing active input actions
20:20:30.217 [JavaFX Application Thread] DEBUG GameApplicationServi - Removing overlay from FXGLMainMenuDummyScene and adding to Loading_Scene
20:20:30.217 [JavaFX Application Thread] DEBUG PrimaryStageWindow   - FXGLMainMenuDummyScene -> Loading_Scene
20:20:30.217 [JavaFX Application Thread] DEBUG GameApplicationServi - Clearing previous game
20:20:30.217 [JavaFX Application Thread] DEBUG GameScene            - Clearing game scene
20:20:30.217 [JavaFX Application Thread] DEBUG GameWorld            - Clearing game world
20:20:30.217 [JavaFX Application Thread] DEBUG PhysicsWorld         - Clearing physics world
20:20:30.220 [FXGL Background Thread 2 ] DEBUG FXGLApplication      - Initializing game
20:20:30.239 [FXGL Background Thread 2 ] WARN  TMXLevelLoader       - TiledMap generated from 1.8.4. Supported version: 1.4.2. Some features may not be parsed fully.
20:20:30.252 [FXGL Background Thread 2 ] DEBUG TMXLevelLoader       - Parsed TiledMap: file:/E:/java%20project/tank/target/classes/assets/levels/test1.tmx
20:20:30.254 [FXGL Background Thread 2 ] DEBUG TMXLevelLoader       - Creating tile layer entities
20:20:30.254 [FXGL Background Thread 2 ] DEBUG TMXLevelLoader       - Creating object layer entities
20:20:30.304 [FXGL Background Thread 2 ] DEBUG GameWorld            - Clearing removable entities
20:20:30.305 [FXGL Background Thread 2 ] DEBUG GameWorld            - Setting level: com.almasb.fxgl.entity.level.Level@16afac66
20:20:30.319 [FXGL Background Thread 2 ] DEBUG FXGLAssetLoaderServi - Loading from file system: file:/E:/java%20project/tank/target/classes/assets/textures/element/Tank.png
20:20:30.321 [FXGL Background Thread 2 ] DEBUG FXGLAssetLoaderServi - Loading from file system: file:/E:/java%20project/tank/target/classes/assets/textures/Enemytank.png
20:20:30.324 [FXGL Background Thread 2 ] DEBUG FXGLAssetLoaderServi - Loading from file system: file:/E:/java%20project/tank/target/classes/assets/textures/Chicken.png
20:20:30.328 [FXGL Background Thread 2 ] DEBUG FXGLAssetLoaderServi - Loading from file system: file:/E:/java%20project/tank/target/classes/assets/textures/BossTank.png
20:20:30.331 [FXGL Background Thread 2 ] INFO  FXGLApplication      - Game initialization took: 0.112 sec
20:20:30.332 [JavaFX Application Thread] DEBUG Input                - Clearing active input actions
20:20:30.336 [JavaFX Application Thread] DEBUG GameApplicationServi - Removing overlay from Loading_Scene and adding to GameScene
20:20:30.336 [JavaFX Application Thread] DEBUG PrimaryStageWindow   - Loading_Scene -> GameScene
20:20:31.207 [JavaFX Application Thread] DEBUG FXGLAssetLoaderServi - Loading from file system: file:/E:/java%20project/tank/target/classes/assets/textures/element/Enemybullet.png
20:20:31.413 [JavaFX Application Thread] DEBUG FXGLAssetLoaderServi - Loading from file system: file:/E:/java%20project/tank/target/classes/assets/textures/SmallBoom.png
20:20:31.974 [JavaFX Application Thread] DEBUG FXGLAssetLoaderServi - Loading from file system: file:/E:/java%20project/tank/target/classes/assets/sounds/boom.wav
20:20:32.019 [JavaFX Application Thread] DEBUG FXGLAssetLoaderServi - Loading from file system: file:/E:/java%20project/tank/target/classes/assets/textures/element/Bullet.png
20:20:35.257 [JavaFX Application Thread] DEBUG FXGLAssetLoaderServi - Loading from file system: file:/E:/java%20project/tank/target/classes/assets/textures/boom.png
20:20:44.601 [JavaFX Application Thread] DEBUG PrimaryStageWindow   - Push state: EggScene
20:20:44.601 [JavaFX Application Thread] DEBUG FXGLAssetLoaderServi - Loading from file system: file:/E:/java%20project/tank/target/classes/assets/music/chicken.mp3
20:20:44.639 [JavaFX Application Thread] DEBUG AudioPlayer          - Playing music com.almasb.fxgl.audio.Music@495d3cbd
20:20:44.640 [JavaFX Application Thread] DEBUG Input                - Clearing active input actions
20:20:44.640 [JavaFX Application Thread] DEBUG GameApplicationServi - Removing overlay from GameScene and adding to EggScene
20:20:44.640 [JavaFX Application Thread] DEBUG PrimaryStageWindow   - GameScene -> EggScene
20:20:46.614 [JavaFX Application Thread] DEBUG PrimaryStageWindow   - Pop state: EggScene
20:20:46.615 [JavaFX Application Thread] DEBUG Input                - Clearing active input actions
20:20:46.615 [JavaFX Application Thread] DEBUG GameApplicationServi - Removing overlay from EggScene and adding to GameScene
20:20:46.615 [JavaFX Application Thread] DEBUG PrimaryStageWindow   - GameScene <- EggScene
20:20:46.618 [JavaFX Application Thread] WARN  TMXLevelLoader       - TiledMap generated from 1.8.4. Supported version: 1.4.2. Some features may not be parsed fully.
20:20:46.622 [JavaFX Application Thread] DEBUG TMXLevelLoader       - Parsed TiledMap: file:/E:/java%20project/tank/target/classes/assets/levels/Chicken.tmx
20:20:46.622 [JavaFX Application Thread] DEBUG TMXLevelLoader       - Creating tile layer entities
20:20:46.622 [JavaFX Application Thread] DEBUG TMXLevelLoader       - Creating object layer entities
20:20:46.629 [JavaFX Application Thread] DEBUG GameWorld            - Clearing removable entities
20:20:46.633 [JavaFX Application Thread] DEBUG GameWorld            - Setting level: com.almasb.fxgl.entity.level.Level@51fc6b01
20:20:46.636 [JavaFX Application Thread] DEBUG FXGLAssetLoaderServi - Loading from file system: file:/E:/java%20project/tank/target/classes/assets/textures/people.png
20:20:48.093 [JavaFX Application Thread] DEBUG PrimaryStageWindow   - Push state: FXGLDefaultMenu
20:20:48.095 [JavaFX Application Thread] DEBUG Input                - Clearing active input actions
20:20:48.095 [JavaFX Application Thread] DEBUG GameApplicationServi - Removing overlay from GameScene and adding to FXGLDefaultMenu
20:20:48.095 [JavaFX Application Thread] DEBUG PrimaryStageWindow   - GameScene -> FXGLDefaultMenu
20:20:53.485 [JavaFX Application Thread] DEBUG PrimaryStageWindow   - Pop state: FXGLDefaultMenu
20:20:53.485 [JavaFX Application Thread] DEBUG Input                - Clearing active input actions
20:20:53.486 [JavaFX Application Thread] DEBUG GameApplicationServi - Removing overlay from FXGLDefaultMenu and adding to GameScene
20:20:53.486 [JavaFX Application Thread] DEBUG PrimaryStageWindow   - GameScene <- FXGLDefaultMenu
20:20:55.161 [JavaFX Application Thread] DEBUG FXGLAssetLoaderServi - Loading from file system: file:/E:/java%20project/tank/target/classes/assets/textures/Egg.png
20:21:00.518 [JavaFX Application Thread] DEBUG FXGLAssetLoaderServi - Loading from file system: file:/E:/java%20project/tank/target/classes/assets/textures/element/Enemy1.png
20:21:09.447 [JavaFX Application Thread] DEBUG FXGLAssetLoaderServi - Loading from file system: file:/E:/java%20project/tank/target/classes/assets/textures/element/Enemy2.png
20:21:24.352 [JavaFX Application Thread] DEBUG PrimaryStageWindow   - Push state: FXGLDefaultMenu
20:21:24.353 [JavaFX Application Thread] DEBUG Input                - Clearing active input actions
20:21:24.354 [JavaFX Application Thread] DEBUG GameApplicationServi - Removing overlay from GameScene and adding to FXGLDefaultMenu
20:21:24.354 [JavaFX Application Thread] DEBUG PrimaryStageWindow   - GameScene -> FXGLDefaultMenu
20:21:25.657 [JavaFX Application Thread] DEBUG AudioPlayer          - Pausing music com.almasb.fxgl.audio.Music@495d3cbd
20:21:25.657 [JavaFX Application Thread] DEBUG LoopRunner           - Pausing loop
20:21:32.825 [JavaFX Application Thread] DEBUG LoopRunner           - Resuming loop
20:21:32.826 [JavaFX Application Thread] DEBUG AudioPlayer          - Resuming music com.almasb.fxgl.audio.Music@495d3cbd
20:21:34.115 [JavaFX Application Thread] DEBUG Menu                 - fireExitToMainMenu()
20:21:34.119 [JavaFX Application Thread] DEBUG PrimaryStageWindow   - Push state: DialogSubScene
20:21:34.119 [JavaFX Application Thread] DEBUG Input                - Clearing active input actions
20:21:34.119 [JavaFX Application Thread] DEBUG GameApplicationServi - Removing overlay from FXGLDefaultMenu and adding to DialogSubScene
20:21:34.119 [JavaFX Application Thread] DEBUG PrimaryStageWindow   - FXGLDefaultMenu -> DialogSubScene
20:21:34.993 [JavaFX Application Thread] DEBUG PrimaryStageWindow   - Pop state: DialogSubScene
20:21:34.993 [JavaFX Application Thread] DEBUG Input                - Clearing active input actions
20:21:34.993 [JavaFX Application Thread] DEBUG GameApplicationServi - Removing overlay from DialogSubScene and adding to FXGLDefaultMenu
20:21:34.993 [JavaFX Application Thread] DEBUG PrimaryStageWindow   - FXGLDefaultMenu <- DialogSubScene
20:21:34.993 [JavaFX Application Thread] DEBUG PrimaryStageWindow   - Pop state: FXGLDefaultMenu
20:21:34.993 [JavaFX Application Thread] DEBUG Input                - Clearing active input actions
20:21:34.994 [JavaFX Application Thread] DEBUG GameApplicationServi - Removing overlay from FXGLDefaultMenu and adding to GameScene
20:21:34.994 [JavaFX Application Thread] DEBUG PrimaryStageWindow   - GameScene <- FXGLDefaultMenu
20:21:34.994 [JavaFX Application Thread] DEBUG Input                - Clearing active input actions
20:21:34.998 [JavaFX Application Thread] DEBUG GameApplicationServi - Removing overlay from GameScene and adding to FXGLMainMenuDummyScene
20:21:34.998 [JavaFX Application Thread] DEBUG PrimaryStageWindow   - GameScene -> FXGLMainMenuDummyScene
20:21:34.998 [JavaFX Application Thread] DEBUG PrimaryStageWindow   - Push state: Main_menu
20:21:34.998 [JavaFX Application Thread] DEBUG Input                - Clearing active input actions
20:21:35.000 [JavaFX Application Thread] DEBUG GameApplicationServi - Removing overlay from FXGLMainMenuDummyScene and adding to Main_menu
20:21:35.000 [JavaFX Application Thread] DEBUG PrimaryStageWindow   - FXGLMainMenuDummyScene -> Main_menu
20:21:35.533 [JavaFX Application Thread] DEBUG FXGLApplication      - Exiting FXGL
20:21:35.533 [JavaFX Application Thread] DEBUG LoopRunner           - Stopping loop
20:21:35.533 [JavaFX Application Thread] DEBUG SystemBundleService  - Saving FXGL system data
20:21:35.535 [JavaFX Application Thread] DEBUG FileSystemAccess     - Writing to: E:\java project\tank\system\fxgl.bundle
20:21:35.536 [JavaFX Application Thread] DEBUG Async                - Shutting down background threads
20:21:35.537 [JavaFX Application Thread] DEBUG PrimaryStageWindow   - Closing main window
20:21:35.564 [JavaFX Application Thread] DEBUG Logger               - Closing Logger
