08:44:26.105 [main                     ] DEBUG Logger               - Configured Logger
08:44:26.129 [main                     ] DEBUG GameApplication      - Logging settings
Title: All star battle
Version: 0.1
Width: 2048
Height: 1152
Fullscreen: false
Intro: false
Profiling: false
Single step:false
App Mode: DEVELOPER
Menu Key: ESCAPE
Stage Style: DECORATED
Scene Factory: class com.kenny.AllStarBattle.AllStarBattleApp$1

08:44:26.423 [JavaFX Application Thread] DEBUG FXGLApplication      - Initializing FXGL
08:44:26.428 [JavaFX Application Thread] INFO  Engine               - FXGL-17.1 (24.03.2022 17.34) on WINDOWS (J:17.0.6 FX:18)
08:44:26.428 [JavaFX Application Thread] DEBUG Engine               - JRE Vendor Name: Amazon.com Inc.
08:44:26.428 [JavaFX Application Thread] DEBUG Engine               - Running on OS: Windows 11 version 10.0
08:44:26.428 [JavaFX Application Thread] DEBUG Engine               - Architecture: amd64
08:44:26.429 [JavaFX Application Thread] INFO  Engine               - Source code and latest versions at: https://github.com/AlmasB/FXGL
08:44:26.429 [JavaFX Application Thread] INFO  Engine               -       Ask questions and discuss at: https://github.com/AlmasB/FXGL/discussions
08:44:26.429 [JavaFX Application Thread] INFO  Engine               -              Join the FXGL chat at: https://gitter.im/AlmasB/FXGL
08:44:26.478 [JavaFX Application Thread] DEBUG PrimaryStageWindow   - Creating a JavaFX scene
08:44:26.478 [JavaFX Application Thread] DEBUG PrimaryStageWindow   - Target size > screen size
08:44:26.505 [JavaFX Application Thread] DEBUG PrimaryStageWindow   - Target settings size: 2048.0 x 1152.0
08:44:26.505 [JavaFX Application Thread] DEBUG PrimaryStageWindow   - Scaled scene size:    1682.0 x 960.0
08:44:26.506 [JavaFX Application Thread] DEBUG PrimaryStageWindow   - Scaled ratio: (0.8212890625, 0.8333333333333334)
08:44:26.506 [JavaFX Application Thread] DEBUG PrimaryStageWindow   - Set initial scene to StartScene
08:44:26.511 [JavaFX Application Thread] DEBUG PrimaryStageWindow   - Opening main window
08:44:26.612 [JavaFX Application Thread] DEBUG PrimaryStageWindow   - Window border size: (14.6666259765625, 37.33331298828125)
08:44:26.613 [JavaFX Application Thread] DEBUG PrimaryStageWindow   - Scaled size: 1682.0 x 960.0
08:44:26.613 [JavaFX Application Thread] DEBUG PrimaryStageWindow   - Scaled ratio: (0.8212890625, 0.8333333333333334)
08:44:26.613 [JavaFX Application Thread] DEBUG PrimaryStageWindow   - Scene size: 1682.0 x 960.0
08:44:26.614 [JavaFX Application Thread] DEBUG PrimaryStageWindow   - Stage size: 1696.6666259765625 x 997.3333129882812
08:44:26.620 [FXGL Background Thread 1 ] DEBUG Engine               - Initializing environment variables
08:44:26.648 [FXGL Background Thread 1 ] DEBUG FXGLAssetLoaderServi - User app class for loading assets: class com.kenny.AllStarBattle.AllStarBattleApp
08:44:26.648 [FXGL Background Thread 1 ] DEBUG GameApplicationServi - Applying CSS: fxgl_dark.css
08:44:26.649 [FXGL Background Thread 1 ] DEBUG FXGLAssetLoaderServi - Loading from file system: jar:file:///C:/Users/10273/.m2/repository/com/github/almasb/fxgl/17.1/fxgl-17.1.jar!/fxglassets/ui/css/fxgl_dark.css
08:44:26.700 [FXGL Background Thread 1 ] DEBUG GameApplicationServi - Applying CSS: tank.css
08:44:26.700 [FXGL Background Thread 1 ] DEBUG FXGLAssetLoaderServi - Loading from file system: file:/E:/java%20project/tank/target/classes/assets/ui/css/tank.css
08:44:26.702 [FXGL Background Thread 1 ] DEBUG GameApplicationServi - Initializing application scenes
08:44:26.707 [FXGL Background Thread 1 ] DEBUG GameWorld            - Game world initialized
08:44:26.756 [FXGL Background Thread 1 ] DEBUG PhysicsWorld         - Physics world initialized: appHeight=1152, physics.ppm=50.0
08:44:26.756 [FXGL Background Thread 1 ] DEBUG PhysicsWorld         - Using strategy: BRUTE_FORCE
08:44:26.762 [FXGL Background Thread 1 ] DEBUG GameScene            - Game scene initialized: 2048x1152
08:44:26.766 [FXGL Background Thread 1 ] DEBUG FXGLAssetLoaderServi - Loading from file system: file:/E:/java%20project/tank/target/classes/assets/textures/MainMenu.png
08:44:26.865 [FXGL Background Thread 1 ] DEBUG FXGLAssetLoaderServi - Loading from file system: file:/E:/java%20project/tank/target/classes/assets/textures/R-C.jpg
08:44:26.888 [FXGL Background Thread 1 ] DEBUG FXGL.DefaultMenu     - createMenuBodyGameMenu()
08:44:26.896 [FXGL Background Thread 1 ] DEBUG FXGL.DefaultMenu     - createOptionsMenu()
08:44:26.906 [FXGL Background Thread 1 ] DEBUG FXGLAssetLoaderServi - Loading from file system: jar:file:///C:/Users/10273/.m2/repository/com/github/almasb/fxgl/17.1/fxgl-17.1.jar!/fxglassets/textures/particles/smoke.png
08:44:26.973 [FXGL Background Thread 1 ] DEBUG FXGLAssetLoaderServi - Loading from file system: jar:file:///C:/Users/10273/.m2/repository/com/github/almasb/fxgl/17.1/fxgl-17.1.jar!/fxglassets/textures/particles/trace_horizontal.png
08:44:26.983 [FXGL Background Thread 1 ] DEBUG GameApplicationServi - Application scenes initialized
08:44:26.992 [FXGL Background Thread 1 ] DEBUG SystemBundleService  - Loading FXGL system data
08:44:26.995 [FXGL Background Thread 1 ] DEBUG FileSystemAccess     - Reading from: E:\java project\tank\system\fxgl.bundle
08:44:27.000 [FXGL Background Thread 1 ] DEBUG SystemBundleService  - Bundle FXGL: {}
08:44:27.000 [FXGL Background Thread 1 ] DEBUG UpdaterService       - Checking for updates
08:44:27.004 [FXGL Background Thread 4 ] DEBUG FXGLApplication      - Loading fonts
08:44:27.004 [FXGL Background Thread 4 ] DEBUG FXGLAssetLoaderServi - Loading from file system: jar:file:///C:/Users/10273/.m2/repository/com/github/almasb/fxgl/17.1/fxgl-17.1.jar!/fxglassets/ui/fonts/VarelaRound-Regular.ttf
08:44:27.004 [FXGL Background Thread 1 ] DEBUG FXGLApplication      - Loading default localization
08:44:27.005 [FXGL Background Thread 1 ] DEBUG FXGLAssetLoaderServi - Loading from file system: jar:file:///C:/Users/10273/.m2/repository/com/github/almasb/fxgl/17.1/fxgl-17.1.jar!/fxglassets/languages/english.lang
08:44:27.017 [FXGL Background Thread 1 ] INFO  FXGLApplication      - FXGL initialization took: 0.398 sec
08:44:27.031 [JavaFX Application Thread] DEBUG Input                - Registered new binding: action0 - Up
08:44:27.032 [JavaFX Application Thread] DEBUG Input                - Registered new binding: action1 - Down
08:44:27.033 [JavaFX Application Thread] DEBUG Input                - Registered new binding: action2 - Left
08:44:27.033 [JavaFX Application Thread] DEBUG Input                - Registered new binding: action3 - Right
08:44:27.034 [JavaFX Application Thread] DEBUG Input                - Registered new binding: action4 - Space
08:44:27.034 [JavaFX Application Thread] DEBUG FXGLAssetLoaderServi - Loading from file system: file:/E:/java%20project/tank/target/classes/assets/textures/joker.jpg
08:44:27.047 [JavaFX Application Thread] DEBUG FXGLAssetLoaderServi - Loading from file system: jar:file:///C:/Users/10273/.m2/repository/com/github/almasb/fxgl/17.1/fxgl-17.1.jar!/fxglassets/textures/fxgl_default_cursor.png
08:44:27.049 [JavaFX Application Thread] DEBUG Input                - Registered new binding: Screenshot - CTRL+8
08:44:27.049 [JavaFX Application Thread] DEBUG Input                - Registered new binding: System info dump - CTRL+9
08:44:27.049 [JavaFX Application Thread] DEBUG Input                - Registered new binding: Restart - CTRL+R
08:44:27.050 [JavaFX Application Thread] DEBUG Input                - Registered new binding: Toggle Debug Camera - CTRL+7
08:44:27.052 [JavaFX Application Thread] DEBUG LoopRunner           - Starting loop
08:44:27.052 [JavaFX Application Thread] DEBUG LoopRunner           - Initializing JavaFX AnimationTimerLoop
08:44:27.055 [FXGL Background Thread 4 ] DEBUG FXGLAssetLoaderServi - Loading from file system: jar:file:///C:/Users/10273/.m2/repository/com/github/almasb/fxgl/17.1/fxgl-17.1.jar!/fxglassets/ui/fonts/Abel-Regular.ttf
08:44:27.056 [JavaFX Application Thread] DEBUG Input                - Clearing active input actions
08:44:27.057 [FXGL Background Thread 4 ] DEBUG FXGLAssetLoaderServi - Loading from file system: jar:file:///C:/Users/10273/.m2/repository/com/github/almasb/fxgl/17.1/fxgl-17.1.jar!/fxglassets/ui/fonts/TerminalLandMono-Regular.otf
08:44:27.059 [FXGL Background Thread 4 ] DEBUG FXGLAssetLoaderServi - Loading from file system: jar:file:///C:/Users/10273/.m2/repository/com/github/almasb/fxgl/17.1/fxgl-17.1.jar!/fxglassets/ui/fonts/Courier-Prime.ttf
08:44:27.061 [JavaFX Application Thread] DEBUG GameApplicationServi - Removing overlay from StartScene and adding to FXGLMainMenuDummyScene
08:44:27.061 [JavaFX Application Thread] DEBUG PrimaryStageWindow   - StartScene -> FXGLMainMenuDummyScene
08:44:27.061 [JavaFX Application Thread] DEBUG PrimaryStageWindow   - Push state: Main_menu
08:44:27.063 [JavaFX Application Thread] DEBUG Input                - Clearing active input actions
08:44:27.079 [JavaFX Application Thread] DEBUG GameApplicationServi - Removing overlay from FXGLMainMenuDummyScene and adding to Main_menu
08:44:27.079 [JavaFX Application Thread] DEBUG PrimaryStageWindow   - FXGLMainMenuDummyScene -> Main_menu
08:44:27.239 [JavaFX Application Thread] DEBUG FXGLApplication      - Registering font factories with UI factory
08:44:27.549 [FXGL Background Thread 2 ] INFO  UpdaterService       - Your current version:  17.1
08:44:27.549 [FXGL Background Thread 2 ] INFO  UpdaterService       - Latest stable version: 17.3
08:44:30.004 [FXGL Background Thread 3 ] DEBUG Engine               - Logging environment variables
08:44:30.005 [FXGL Background Thread 3 ] DEBUG Engine               - achievements: []
08:44:30.005 [FXGL Background Thread 3 ] DEBUG Engine               - actualHeight: 960.0
08:44:30.005 [FXGL Background Thread 3 ] DEBUG Engine               - actualHeightProperty: ReadOnlyDoubleProperty [value: 960.0]
08:44:30.005 [FXGL Background Thread 3 ] DEBUG Engine               - actualWidth: 1682.0
08:44:30.005 [FXGL Background Thread 3 ] DEBUG Engine               - actualWidthProperty: ReadOnlyDoubleProperty [value: 1682.0]
08:44:30.006 [FXGL Background Thread 3 ] DEBUG Engine               - appIcon: joker.jpg
08:44:30.006 [FXGL Background Thread 3 ] DEBUG Engine               - applicationMode: DEVELOPER
08:44:30.006 [FXGL Background Thread 3 ] DEBUG Engine               - cSSList: [fxgl_dark.css, tank.css]
08:44:30.006 [FXGL Background Thread 3 ] DEBUG Engine               - collisionDetectionStrategy: BRUTE_FORCE
08:44:30.007 [FXGL Background Thread 3 ] DEBUG Engine               - configClass: Optional.empty
08:44:30.008 [FXGL Background Thread 3 ] DEBUG Engine               - credits: []
08:44:30.013 [FXGL Background Thread 3 ] DEBUG Engine               - defaultCursor: CursorInfo(imageName=fxgl_default_cursor.png, hotspotX=7.0, hotspotY=6.0)
08:44:30.013 [FXGL Background Thread 3 ] DEBUG Engine               - devBBoxColorProperty: ObjectProperty [value: 0xff0000ff]
08:44:30.013 [FXGL Background Thread 3 ] DEBUG Engine               - devEnableDebugCameraProperty: BooleanProperty [value: false]
08:44:30.013 [FXGL Background Thread 3 ] DEBUG Engine               - devSensorColorProperty: ObjectProperty [value: 0xffff00ff]
08:44:30.013 [FXGL Background Thread 3 ] DEBUG Engine               - devShowBBoxProperty: BooleanProperty [value: false]
08:44:30.013 [FXGL Background Thread 3 ] DEBUG Engine               - devShowPositionProperty: BooleanProperty [value: false]
08:44:30.013 [FXGL Background Thread 3 ] DEBUG Engine               - enabledMenuItems: []
08:44:30.013 [FXGL Background Thread 3 ] DEBUG Engine               - engineServices: [class com.almasb.fxgl.app.services.FXGLAssetLoaderService, class com.almasb.fxgl.app.FXGLApplication$GameApplicationService, class com.almasb.fxgl.app.services.FXGLDialogService, class com.almasb.fxgl.app.services.IOTaskExecutorService, class com.almasb.fxgl.io.FileSystemService, class com.almasb.fxgl.localization.LocalizationService, class com.almasb.fxgl.app.services.SystemBundleService, class com.almasb.fxgl.profile.SaveLoadService, class com.almasb.fxgl.ui.FXGLUIFactoryServiceProvider, class com.almasb.fxgl.ui.FXGLDialogFactoryServiceProvider, class com.almasb.fxgl.audio.AudioPlayer, class com.almasb.fxgl.notification.impl.NotificationServiceProvider, class com.almasb.fxgl.achievement.AchievementService, class com.almasb.fxgl.cutscene.CutsceneService, class com.almasb.fxgl.minigames.MiniGameService, class com.almasb.fxgl.net.NetService, class com.almasb.fxgl.app.services.UpdaterService, class com.almasb.fxgl.dev.DevService]
08:44:30.014 [FXGL Background Thread 3 ] DEBUG Engine               - fontGame: Abel-Regular.ttf
08:44:30.014 [FXGL Background Thread 3 ] DEBUG Engine               - fontMono: TerminalLandMono-Regular.otf
08:44:30.014 [FXGL Background Thread 3 ] DEBUG Engine               - fontText: Courier-Prime.ttf
08:44:30.015 [FXGL Background Thread 3 ] DEBUG Engine               - fontUI: VarelaRound-Regular.ttf
08:44:30.015 [FXGL Background Thread 3 ] DEBUG Engine               - fullScreen: BooleanProperty [value: false]
08:44:30.015 [FXGL Background Thread 3 ] DEBUG Engine               - gameDifficulty: MEDIUM
08:44:30.015 [FXGL Background Thread 3 ] DEBUG Engine               - gameDifficultyProperty: ObjectProperty [value: MEDIUM]
08:44:30.015 [FXGL Background Thread 3 ] DEBUG Engine               - globalMusicVolume: 0.5
08:44:30.015 [FXGL Background Thread 3 ] DEBUG Engine               - globalMusicVolumeProperty: DoubleProperty [value: 0.5]
08:44:30.015 [FXGL Background Thread 3 ] DEBUG Engine               - globalSoundVolume: 0.5
08:44:30.016 [FXGL Background Thread 3 ] DEBUG Engine               - globalSoundVolumeProperty: DoubleProperty [value: 0.8]
08:44:30.016 [FXGL Background Thread 3 ] DEBUG Engine               - height: 1152
08:44:30.016 [FXGL Background Thread 3 ] DEBUG Engine               - is3D: false
08:44:30.016 [FXGL Background Thread 3 ] DEBUG Engine               - isAndroid: false
08:44:30.016 [FXGL Background Thread 3 ] DEBUG Engine               - isBrowser: false
08:44:30.016 [FXGL Background Thread 3 ] DEBUG Engine               - isClickFeedbackEnabled: false
08:44:30.016 [FXGL Background Thread 3 ] DEBUG Engine               - isCloseConfirmation: false
08:44:30.016 [FXGL Background Thread 3 ] DEBUG Engine               - isDesktop: true
08:44:30.016 [FXGL Background Thread 3 ] DEBUG Engine               - isDeveloperMenuEnabled: false
08:44:30.016 [FXGL Background Thread 3 ] DEBUG Engine               - isEmbedded: false
08:44:30.016 [FXGL Background Thread 3 ] DEBUG Engine               - isEntityPreloadEnabled: true
08:44:30.016 [FXGL Background Thread 3 ] DEBUG Engine               - isExperimentalTiledLargeMap: false
08:44:30.016 [FXGL Background Thread 3 ] DEBUG Engine               - isFileSystemWriteAllowed: true
08:44:30.016 [FXGL Background Thread 3 ] DEBUG Engine               - isFullScreenAllowed: false
08:44:30.016 [FXGL Background Thread 3 ] DEBUG Engine               - isFullScreenFromStart: false
08:44:30.017 [FXGL Background Thread 3 ] DEBUG Engine               - isGameMenuEnabled: true
08:44:30.017 [FXGL Background Thread 3 ] DEBUG Engine               - isIOS: false
08:44:30.017 [FXGL Background Thread 3 ] DEBUG Engine               - isIntroEnabled: false
08:44:30.017 [FXGL Background Thread 3 ] DEBUG Engine               - isLinux: false
08:44:30.017 [FXGL Background Thread 3 ] DEBUG Engine               - isMac: false
08:44:30.017 [FXGL Background Thread 3 ] DEBUG Engine               - isMainMenuEnabled: true
08:44:30.017 [FXGL Background Thread 3 ] DEBUG Engine               - isManualResizeEnabled: false
08:44:30.017 [FXGL Background Thread 3 ] DEBUG Engine               - isMobile: false
08:44:30.017 [FXGL Background Thread 3 ] DEBUG Engine               - isNative: false
08:44:30.017 [FXGL Background Thread 3 ] DEBUG Engine               - isPauseMusicWhenMinimized: true
08:44:30.017 [FXGL Background Thread 3 ] DEBUG Engine               - isPreserveResizeRatio: false
08:44:30.017 [FXGL Background Thread 3 ] DEBUG Engine               - isProfilingEnabled: false
08:44:30.017 [FXGL Background Thread 3 ] DEBUG Engine               - isScaleAffectedOnResize: true
08:44:30.017 [FXGL Background Thread 3 ] DEBUG Engine               - isSingleStep: false
08:44:30.017 [FXGL Background Thread 3 ] DEBUG Engine               - isUserProfileEnabled: false
08:44:30.017 [FXGL Background Thread 3 ] DEBUG Engine               - isWindows: true
08:44:30.018 [FXGL Background Thread 3 ] DEBUG Engine               - language: ObjectProperty [value: ENGLISH]
08:44:30.018 [FXGL Background Thread 3 ] DEBUG Engine               - menuKey: ESCAPE
08:44:30.018 [FXGL Background Thread 3 ] DEBUG Engine               - mouseSensitivity: 0.2
08:44:30.018 [FXGL Background Thread 3 ] DEBUG Engine               - notificationViewClass: class com.almasb.fxgl.notification.view.XboxNotificationView
08:44:30.018 [FXGL Background Thread 3 ] DEBUG Engine               - pixelsPerMeter: 50.0
08:44:30.018 [FXGL Background Thread 3 ] DEBUG Engine               - platform: WINDOWS
08:44:30.018 [FXGL Background Thread 3 ] DEBUG Engine               - prefHeightProperty: ReadOnlyDoubleProperty [value: 1152.0]
08:44:30.018 [FXGL Background Thread 3 ] DEBUG Engine               - prefWidthProperty: ReadOnlyDoubleProperty [value: 2048.0]
08:44:30.018 [FXGL Background Thread 3 ] DEBUG Engine               - profileDir: profiles/
08:44:30.018 [FXGL Background Thread 3 ] DEBUG Engine               - profileName: StringProperty [value: DEFAULT]
08:44:30.018 [FXGL Background Thread 3 ] DEBUG Engine               - randomSeed: -1
08:44:30.020 [FXGL Background Thread 3 ] DEBUG Engine               - runtimeInfo: RuntimeInfo(platform=WINDOWS, version=17.1, build=24.03.2022 17.34)
08:44:30.020 [FXGL Background Thread 3 ] DEBUG Engine               - saveFileExt: sav
08:44:30.020 [FXGL Background Thread 3 ] DEBUG Engine               - scaledHeightProp$fxgl: DoubleProperty [bound, value: 960.0]
08:44:30.020 [FXGL Background Thread 3 ] DEBUG Engine               - scaledWidthProp$fxgl: DoubleProperty [bound, value: 1682.0]
08:44:30.020 [FXGL Background Thread 3 ] DEBUG Engine               - sceneFactory: com.kenny.AllStarBattle.AllStarBattleApp$1@1062390a
08:44:30.020 [FXGL Background Thread 3 ] DEBUG Engine               - secondsIn24h: 60
08:44:30.020 [FXGL Background Thread 3 ] DEBUG Engine               - soundMenuBack: menu/back.wav
08:44:30.020 [FXGL Background Thread 3 ] DEBUG Engine               - soundMenuPress: menu/press.wav
08:44:30.020 [FXGL Background Thread 3 ] DEBUG Engine               - soundMenuSelect: menu/select.wav
08:44:30.020 [FXGL Background Thread 3 ] DEBUG Engine               - soundNotification: core/notification.wav
08:44:30.020 [FXGL Background Thread 3 ] DEBUG Engine               - stageStyle: DECORATED
08:44:30.020 [FXGL Background Thread 3 ] DEBUG Engine               - supportedLanguages: [ENGLISH, FRENCH, GERMAN, HUNGARIAN, RUSSIAN]
08:44:30.020 [FXGL Background Thread 3 ] DEBUG Engine               - ticksPerSecond: -1
08:44:30.020 [FXGL Background Thread 3 ] DEBUG Engine               - title: All star battle
08:44:30.020 [FXGL Background Thread 3 ] DEBUG Engine               - urlGithub: https://github.com/AlmasB/FXGL
08:44:30.020 [FXGL Background Thread 3 ] DEBUG Engine               - urlLeaderboard: http://fxgl-top.herokuapp.com/
08:44:30.020 [FXGL Background Thread 3 ] DEBUG Engine               - urlPOM: https://raw.githubusercontent.com/AlmasB/FXGL/release/README.md
08:44:30.020 [FXGL Background Thread 3 ] DEBUG Engine               - userAppClass: class com.kenny.AllStarBattle.AllStarBattleApp
08:44:30.020 [FXGL Background Thread 3 ] DEBUG Engine               - version: 0.1
08:44:30.020 [FXGL Background Thread 3 ] DEBUG Engine               - versionCheckDays: 7
08:44:30.020 [FXGL Background Thread 3 ] DEBUG Engine               - width: 2048
08:44:30.020 [FXGL Background Thread 3 ] DEBUG Engine               - Logging services
08:44:30.020 [FXGL Background Thread 3 ] DEBUG Engine               - class com.almasb.fxgl.app.services.FXGLAssetLoaderService
08:44:30.020 [FXGL Background Thread 3 ] DEBUG Engine               - class com.almasb.fxgl.app.FXGLApplication$GameApplicationService
08:44:30.020 [FXGL Background Thread 3 ] DEBUG Engine               - class com.almasb.fxgl.app.services.FXGLDialogService
08:44:30.020 [FXGL Background Thread 3 ] DEBUG Engine               - class com.almasb.fxgl.app.services.IOTaskExecutorService
08:44:30.020 [FXGL Background Thread 3 ] DEBUG Engine               - class com.almasb.fxgl.io.FileSystemService
08:44:30.020 [FXGL Background Thread 3 ] DEBUG Engine               - class com.almasb.fxgl.localization.LocalizationService
08:44:30.020 [FXGL Background Thread 3 ] DEBUG Engine               - class com.almasb.fxgl.app.services.SystemBundleService
08:44:30.020 [FXGL Background Thread 3 ] DEBUG Engine               - class com.almasb.fxgl.profile.SaveLoadService
08:44:30.020 [FXGL Background Thread 3 ] DEBUG Engine               - class com.almasb.fxgl.ui.FXGLUIFactoryServiceProvider
08:44:30.020 [FXGL Background Thread 3 ] DEBUG Engine               - class com.almasb.fxgl.ui.FXGLDialogFactoryServiceProvider
08:44:30.020 [FXGL Background Thread 3 ] DEBUG Engine               - class com.almasb.fxgl.audio.AudioPlayer
08:44:30.020 [FXGL Background Thread 3 ] DEBUG Engine               - class com.almasb.fxgl.notification.impl.NotificationServiceProvider
08:44:30.020 [FXGL Background Thread 3 ] DEBUG Engine               - class com.almasb.fxgl.achievement.AchievementService
08:44:30.020 [FXGL Background Thread 3 ] DEBUG Engine               - class com.almasb.fxgl.cutscene.CutsceneService
08:44:30.020 [FXGL Background Thread 3 ] DEBUG Engine               - class com.almasb.fxgl.minigames.MiniGameService
08:44:30.020 [FXGL Background Thread 3 ] DEBUG Engine               - class com.almasb.fxgl.net.NetService
08:44:30.020 [FXGL Background Thread 3 ] DEBUG Engine               - class com.almasb.fxgl.app.services.UpdaterService
08:44:30.020 [FXGL Background Thread 3 ] DEBUG Engine               - class com.almasb.fxgl.dev.DevService
08:44:35.583 [JavaFX Application Thread] DEBUG GameApplicationServi - Starting new game
08:44:35.583 [JavaFX Application Thread] DEBUG PrimaryStageWindow   - Pop state: Main_menu
08:44:35.583 [JavaFX Application Thread] DEBUG Input                - Clearing active input actions
08:44:35.586 [JavaFX Application Thread] DEBUG GameApplicationServi - Removing overlay from Main_menu and adding to FXGLMainMenuDummyScene
08:44:35.587 [JavaFX Application Thread] DEBUG PrimaryStageWindow   - FXGLMainMenuDummyScene <- Main_menu
08:44:35.588 [JavaFX Application Thread] DEBUG Input                - Clearing active input actions
08:44:35.597 [JavaFX Application Thread] DEBUG GameApplicationServi - Removing overlay from FXGLMainMenuDummyScene and adding to Loading_Scene
08:44:35.598 [JavaFX Application Thread] DEBUG PrimaryStageWindow   - FXGLMainMenuDummyScene -> Loading_Scene
08:44:35.598 [JavaFX Application Thread] DEBUG GameApplicationServi - Clearing previous game
08:44:35.598 [JavaFX Application Thread] DEBUG GameScene            - Clearing game scene
08:44:35.598 [JavaFX Application Thread] DEBUG GameWorld            - Clearing game world
08:44:35.598 [JavaFX Application Thread] DEBUG PhysicsWorld         - Clearing physics world
08:44:35.601 [FXGL Background Thread 2 ] DEBUG FXGLApplication      - Initializing game
08:44:35.646 [FXGL Background Thread 2 ] WARN  TMXLevelLoader       - TiledMap generated from 1.8.4. Supported version: 1.4.2. Some features may not be parsed fully.
08:44:35.664 [FXGL Background Thread 2 ] DEBUG TMXLevelLoader       - Parsed TiledMap: file:/E:/java%20project/tank/target/classes/assets/levels/test1.tmx
08:44:35.665 [FXGL Background Thread 2 ] DEBUG TMXLevelLoader       - Creating tile layer entities
08:44:35.665 [FXGL Background Thread 2 ] DEBUG TMXLevelLoader       - Creating object layer entities
08:44:35.735 [FXGL Background Thread 2 ] DEBUG GameWorld            - Clearing removable entities
08:44:35.735 [FXGL Background Thread 2 ] DEBUG GameWorld            - Setting level: com.almasb.fxgl.entity.level.Level@61fc1ada
08:44:35.747 [FXGL Background Thread 2 ] DEBUG FXGLAssetLoaderServi - Loading from file system: file:/E:/java%20project/tank/target/classes/assets/textures/element/Tank.png
08:44:35.749 [FXGL Background Thread 2 ] DEBUG FXGLAssetLoaderServi - Loading from file system: file:/E:/java%20project/tank/target/classes/assets/textures/Enemytank.png
08:44:35.751 [FXGL Background Thread 2 ] DEBUG FXGLAssetLoaderServi - Loading from file system: file:/E:/java%20project/tank/target/classes/assets/textures/Chicken.png
08:44:35.754 [FXGL Background Thread 2 ] DEBUG FXGLAssetLoaderServi - Loading from file system: file:/E:/java%20project/tank/target/classes/assets/textures/BossTank.png
08:44:35.758 [FXGL Background Thread 2 ] INFO  FXGLApplication      - Game initialization took: 0.157 sec
08:44:35.758 [JavaFX Application Thread] DEBUG Input                - Clearing active input actions
08:44:35.765 [JavaFX Application Thread] DEBUG GameApplicationServi - Removing overlay from Loading_Scene and adding to GameScene
08:44:35.765 [JavaFX Application Thread] DEBUG PrimaryStageWindow   - Loading_Scene -> GameScene
08:44:36.214 [JavaFX Application Thread] DEBUG FXGLAssetLoaderServi - Loading from file system: file:/E:/java%20project/tank/target/classes/assets/textures/element/Enemybullet.png
08:44:36.245 [JavaFX Application Thread] DEBUG FXGLAssetLoaderServi - Loading from file system: file:/E:/java%20project/tank/target/classes/assets/textures/SmallBoom.png
08:44:37.025 [JavaFX Application Thread] DEBUG FXGLAssetLoaderServi - Loading from file system: file:/E:/java%20project/tank/target/classes/assets/sounds/boom.wav
08:44:37.078 [JavaFX Application Thread] DEBUG FXGLAssetLoaderServi - Loading from file system: file:/E:/java%20project/tank/target/classes/assets/textures/element/Bullet.png
08:44:37.432 [JavaFX Application Thread] DEBUG FXGLAssetLoaderServi - Loading from file system: file:/E:/java%20project/tank/target/classes/assets/textures/boom.png
08:44:37.655 [JavaFX Application Thread] DEBUG PrimaryStageWindow   - Push state: FXGLDefaultMenu
08:44:37.655 [JavaFX Application Thread] DEBUG Input                - Clearing active input actions
08:44:37.657 [JavaFX Application Thread] DEBUG GameApplicationServi - Removing overlay from GameScene and adding to FXGLDefaultMenu
08:44:37.657 [JavaFX Application Thread] DEBUG PrimaryStageWindow   - GameScene -> FXGLDefaultMenu
08:44:39.004 [JavaFX Application Thread] DEBUG Menu                 - fireExitToMainMenu()
08:44:39.005 [JavaFX Application Thread] DEBUG PrimaryStageWindow   - Push state: DialogSubScene
08:44:39.005 [JavaFX Application Thread] DEBUG Input                - Clearing active input actions
08:44:39.005 [JavaFX Application Thread] DEBUG GameApplicationServi - Removing overlay from FXGLDefaultMenu and adding to DialogSubScene
08:44:39.006 [JavaFX Application Thread] DEBUG PrimaryStageWindow   - FXGLDefaultMenu -> DialogSubScene
08:44:41.052 [JavaFX Application Thread] DEBUG PrimaryStageWindow   - Pop state: DialogSubScene
08:44:41.052 [JavaFX Application Thread] DEBUG Input                - Clearing active input actions
08:44:41.053 [JavaFX Application Thread] DEBUG GameApplicationServi - Removing overlay from DialogSubScene and adding to FXGLDefaultMenu
08:44:41.053 [JavaFX Application Thread] DEBUG PrimaryStageWindow   - FXGLDefaultMenu <- DialogSubScene
08:44:41.056 [JavaFX Application Thread] DEBUG PrimaryStageWindow   - Pop state: FXGLDefaultMenu
08:44:41.056 [JavaFX Application Thread] DEBUG Input                - Clearing active input actions
08:44:41.057 [JavaFX Application Thread] DEBUG GameApplicationServi - Removing overlay from FXGLDefaultMenu and adding to GameScene
08:44:41.057 [JavaFX Application Thread] DEBUG PrimaryStageWindow   - GameScene <- FXGLDefaultMenu
08:44:41.057 [JavaFX Application Thread] DEBUG Input                - Clearing active input actions
08:44:41.064 [JavaFX Application Thread] DEBUG GameApplicationServi - Removing overlay from GameScene and adding to FXGLMainMenuDummyScene
08:44:41.064 [JavaFX Application Thread] DEBUG PrimaryStageWindow   - GameScene -> FXGLMainMenuDummyScene
08:44:41.064 [JavaFX Application Thread] DEBUG PrimaryStageWindow   - Push state: Main_menu
08:44:41.064 [JavaFX Application Thread] DEBUG Input                - Clearing active input actions
08:44:41.066 [JavaFX Application Thread] DEBUG GameApplicationServi - Removing overlay from FXGLMainMenuDummyScene and adding to Main_menu
08:44:41.066 [JavaFX Application Thread] DEBUG PrimaryStageWindow   - FXGLMainMenuDummyScene -> Main_menu
08:44:43.883 [JavaFX Application Thread] DEBUG FXGLApplication      - Exiting FXGL
08:44:43.883 [JavaFX Application Thread] DEBUG LoopRunner           - Stopping loop
08:44:43.884 [JavaFX Application Thread] DEBUG SystemBundleService  - Saving FXGL system data
08:44:43.886 [JavaFX Application Thread] DEBUG FileSystemAccess     - Writing to: E:\java project\tank\system\fxgl.bundle
08:44:43.889 [JavaFX Application Thread] DEBUG Async                - Shutting down background threads
08:44:43.890 [JavaFX Application Thread] DEBUG PrimaryStageWindow   - Closing main window
08:44:43.912 [JavaFX Application Thread] DEBUG Logger               - Closing Logger
