20:22:36.949 [main                     ] DEBUG Logger               - Configured Logger
20:22:36.965 [main                     ] DEBUG GameApplication      - Logging settings
Title: TANK
Version: 0.1
Width: 750
Height: 800
Fullscreen: false
Intro: false
Profiling: false
Single step:false
App Mode: DEVELOPER
Menu Key: ESCAPE
Stage Style: DECORATED
Scene Factory: class com.almasb.fxgl.app.scene.SceneFactory

20:22:37.228 [JavaFX Application Thread] DEBUG FXGLApplication      - Initializing FXGL
20:22:37.232 [JavaFX Application Thread] INFO  Engine               - FXGL-17 (31.12.2021 18.16) on WINDOWS (J:17.0.6 FX:17.0.0.1)
20:22:37.232 [JavaFX Application Thread] DEBUG Engine               - JRE Vendor Name: Amazon.com Inc.
20:22:37.232 [JavaFX Application Thread] DEBUG Engine               - Running on OS: Windows 11 version 10.0
20:22:37.232 [JavaFX Application Thread] DEBUG Engine               - Architecture: amd64
20:22:37.232 [JavaFX Application Thread] INFO  Engine               - Source code and latest versions at: https://github.com/AlmasB/FXGL
20:22:37.232 [JavaFX Application Thread] INFO  Engine               -       Ask questions and discuss at: https://github.com/AlmasB/FXGL/discussions
20:22:37.232 [JavaFX Application Thread] INFO  Engine               -              Join the FXGL chat at: https://gitter.im/AlmasB/FXGL
20:22:37.280 [JavaFX Application Thread] DEBUG PrimaryStageWindow   - Creating a JavaFX scene
20:22:37.302 [JavaFX Application Thread] DEBUG PrimaryStageWindow   - Target settings size: 750.0 x 800.0
20:22:37.302 [JavaFX Application Thread] DEBUG PrimaryStageWindow   - Scaled scene size:    750.0 x 800.0
20:22:37.302 [JavaFX Application Thread] DEBUG PrimaryStageWindow   - Scaled ratio: (1.0, 1.0)
20:22:37.302 [JavaFX Application Thread] DEBUG PrimaryStageWindow   - Set initial scene to FXGLStartupScene
20:22:37.306 [JavaFX Application Thread] DEBUG PrimaryStageWindow   - Opening main window
20:22:37.391 [JavaFX Application Thread] DEBUG PrimaryStageWindow   - Window border size: (14.66668701171875, 37.33331298828125)
20:22:37.391 [JavaFX Application Thread] DEBUG PrimaryStageWindow   - Scaled size: 750.0 x 800.0
20:22:37.391 [JavaFX Application Thread] DEBUG PrimaryStageWindow   - Scaled ratio: (1.0, 1.0)
20:22:37.391 [JavaFX Application Thread] DEBUG PrimaryStageWindow   - Scene size: 750.0 x 800.0
20:22:37.391 [JavaFX Application Thread] DEBUG PrimaryStageWindow   - Stage size: 764.6666870117188 x 837.3333129882812
20:22:37.396 [FXGL Background Thread 1 ] DEBUG Engine               - Initializing environment variables
20:22:37.415 [FXGL Background Thread 1 ] DEBUG FXGLAssetLoaderServi - User app class for loading assets: class com.kenny.tank.TankApp
20:22:37.416 [FXGL Background Thread 1 ] DEBUG GameApplicationServi - Applying CSS: fxgl_dark.css
20:22:37.416 [FXGL Background Thread 1 ] DEBUG FXGLAssetLoaderServi - Loading from file system: jar:file:///C:/Users/10273/.m2/repository/com/github/almasb/fxgl/17/fxgl-17.jar!/fxglassets/ui/css/fxgl_dark.css
20:22:37.450 [FXGL Background Thread 1 ] DEBUG GameApplicationServi - Initializing application scenes
20:22:37.496 [FXGL Background Thread 1 ] DEBUG GameWorld            - Game world initialized
20:22:37.528 [FXGL Background Thread 1 ] DEBUG PhysicsWorld         - Physics world initialized: appHeight=800, physics.ppm=50.0
20:22:37.529 [FXGL Background Thread 1 ] DEBUG PhysicsWorld         - Using strategy: BRUTE_FORCE
20:22:37.534 [FXGL Background Thread 1 ] DEBUG GameScene            - Game scene initialized: 750x800
20:22:37.543 [FXGL Background Thread 1 ] WARN  FXGL.DefaultMenu     - FXGLDefaultMenu is not designed for resolutions < 800x600
20:22:37.543 [FXGL Background Thread 1 ] DEBUG FXGL.DefaultMenu     - createMenuBodyMainMenu()
20:22:37.552 [FXGL Background Thread 1 ] DEBUG FXGL.DefaultMenu     - createOptionsMenu()
20:22:37.559 [FXGL Background Thread 1 ] DEBUG FXGLAssetLoaderServi - Loading from file system: jar:file:///C:/Users/10273/.m2/repository/com/github/almasb/fxgl/17/fxgl-17.jar!/fxglassets/textures/particles/smoke.png
20:22:37.610 [FXGL Background Thread 1 ] DEBUG FXGLAssetLoaderServi - Loading from file system: jar:file:///C:/Users/10273/.m2/repository/com/github/almasb/fxgl/17/fxgl-17.jar!/fxglassets/textures/particles/trace_horizontal.png
20:22:37.627 [FXGL Background Thread 1 ] WARN  FXGL.DefaultMenu     - FXGLDefaultMenu is not designed for resolutions < 800x600
20:22:37.627 [FXGL Background Thread 1 ] DEBUG FXGL.DefaultMenu     - createMenuBodyGameMenu()
20:22:37.628 [FXGL Background Thread 1 ] DEBUG FXGL.DefaultMenu     - createOptionsMenu()
20:22:37.634 [FXGL Background Thread 1 ] DEBUG GameApplicationServi - Application scenes initialized
20:22:37.641 [FXGL Background Thread 1 ] DEBUG SystemBundleService  - Loading FXGL system data
20:22:37.644 [FXGL Background Thread 1 ] DEBUG FileSystemAccess     - Reading from: E:\java project\tank\system\fxgl.bundle
20:22:37.649 [FXGL Background Thread 1 ] DEBUG SystemBundleService  - Bundle FXGL: {}
20:22:37.649 [FXGL Background Thread 1 ] DEBUG UpdaterService       - Checking for updates
20:22:37.651 [FXGL Background Thread 4 ] DEBUG FXGLApplication      - Loading fonts
20:22:37.651 [FXGL Background Thread 4 ] DEBUG FXGLAssetLoaderServi - Loading from file system: jar:file:///C:/Users/10273/.m2/repository/com/github/almasb/fxgl/17/fxgl-17.jar!/fxglassets/ui/fonts/VarelaRound-Regular.ttf
20:22:37.651 [FXGL Background Thread 1 ] DEBUG FXGLApplication      - Loading default localization
20:22:37.652 [FXGL Background Thread 1 ] DEBUG FXGLAssetLoaderServi - Loading from file system: jar:file:///C:/Users/10273/.m2/repository/com/github/almasb/fxgl/17/fxgl-17.jar!/fxglassets/languages/english.lang
20:22:37.666 [FXGL Background Thread 1 ] INFO  FXGLApplication      - FXGL initialization took: 0.269 sec
20:22:37.672 [JavaFX Application Thread] DEBUG Input                - Registered new binding: player1 move up - Up
20:22:37.674 [JavaFX Application Thread] DEBUG Input                - Registered new binding: player1 move down - Down
20:22:37.674 [JavaFX Application Thread] DEBUG Input                - Registered new binding: player1 move left - Left
20:22:37.674 [JavaFX Application Thread] DEBUG Input                - Registered new binding: player1 move right - Right
20:22:37.674 [JavaFX Application Thread] DEBUG Input                - Registered new binding: SHOOT - Space
20:22:37.674 [JavaFX Application Thread] DEBUG Input                - Registered new binding: player2 move up - W
20:22:37.675 [JavaFX Application Thread] DEBUG Input                - Registered new binding: player2 move down - S
20:22:37.675 [JavaFX Application Thread] DEBUG Input                - Registered new binding: player2 move left - A
20:22:37.675 [JavaFX Application Thread] DEBUG Input                - Registered new binding: player2 move right - D
20:22:37.675 [JavaFX Application Thread] DEBUG FXGLAssetLoaderServi - Loading from file system: file:/E:/java%20project/tank/target/classes/assets/textures/joker.jpg
20:22:37.695 [JavaFX Application Thread] DEBUG FXGLAssetLoaderServi - Loading from file system: jar:file:///C:/Users/10273/.m2/repository/com/github/almasb/fxgl/17/fxgl-17.jar!/fxglassets/textures/fxgl_default_cursor.png
20:22:37.697 [JavaFX Application Thread] DEBUG Input                - Registered new binding: Screenshot - CTRL+8
20:22:37.698 [JavaFX Application Thread] DEBUG Input                - Registered new binding: System info dump - CTRL+9
20:22:37.699 [JavaFX Application Thread] DEBUG Input                - Registered new binding: Restart - CTRL+R
20:22:37.700 [JavaFX Application Thread] DEBUG Input                - Registered new binding: Toggle Debug Camera - CTRL+7
20:22:37.700 [FXGL Background Thread 4 ] DEBUG FXGLAssetLoaderServi - Loading from file system: jar:file:///C:/Users/10273/.m2/repository/com/github/almasb/fxgl/17/fxgl-17.jar!/fxglassets/ui/fonts/Abel-Regular.ttf
20:22:37.702 [JavaFX Application Thread] DEBUG LoopRunner           - Starting loop
20:22:37.702 [JavaFX Application Thread] DEBUG LoopRunner           - Initializing JavaFX AnimationTimerLoop
20:22:37.703 [FXGL Background Thread 4 ] DEBUG FXGLAssetLoaderServi - Loading from file system: jar:file:///C:/Users/10273/.m2/repository/com/github/almasb/fxgl/17/fxgl-17.jar!/fxglassets/ui/fonts/TerminalLandMono-Regular.otf
20:22:37.704 [JavaFX Application Thread] DEBUG Input                - Clearing active input actions
20:22:37.706 [FXGL Background Thread 4 ] DEBUG FXGLAssetLoaderServi - Loading from file system: jar:file:///C:/Users/10273/.m2/repository/com/github/almasb/fxgl/17/fxgl-17.jar!/fxglassets/ui/fonts/Courier-Prime.ttf
20:22:37.710 [JavaFX Application Thread] DEBUG GameApplicationServi - Removing overlay from FXGLStartupScene and adding to FXGLMainMenuDummyScene
20:22:37.711 [JavaFX Application Thread] DEBUG PrimaryStageWindow   - FXGLStartupScene -> FXGLMainMenuDummyScene
20:22:37.711 [JavaFX Application Thread] DEBUG PrimaryStageWindow   - Push state: FXGLDefaultMenu
20:22:37.716 [JavaFX Application Thread] DEBUG Input                - Clearing active input actions
20:22:37.724 [JavaFX Application Thread] DEBUG GameApplicationServi - Removing overlay from FXGLMainMenuDummyScene and adding to FXGLDefaultMenu
20:22:37.725 [JavaFX Application Thread] DEBUG PrimaryStageWindow   - FXGLMainMenuDummyScene -> FXGLDefaultMenu
20:22:37.725 [JavaFX Application Thread] DEBUG FXGLApplication      - Registering font factories with UI factory
20:22:38.099 [FXGL Background Thread 2 ] WARN  UpdaterService       - Failed to find updates: java.net.UnknownHostException: raw.githubusercontent.com
20:22:38.636 [JavaFX Application Thread] DEBUG Menu                 - fireNewGame()
20:22:38.636 [JavaFX Application Thread] DEBUG GameApplicationServi - Starting new game
20:22:38.638 [JavaFX Application Thread] DEBUG PrimaryStageWindow   - Pop state: FXGLDefaultMenu
20:22:38.638 [JavaFX Application Thread] DEBUG Input                - Clearing active input actions
20:22:38.639 [JavaFX Application Thread] DEBUG GameApplicationServi - Removing overlay from FXGLDefaultMenu and adding to FXGLMainMenuDummyScene
20:22:38.640 [JavaFX Application Thread] DEBUG PrimaryStageWindow   - FXGLMainMenuDummyScene <- FXGLDefaultMenu
20:22:38.640 [JavaFX Application Thread] DEBUG Input                - Clearing active input actions
20:22:38.643 [JavaFX Application Thread] DEBUG GameApplicationServi - Removing overlay from FXGLMainMenuDummyScene and adding to FXGLLoadingScene
20:22:38.644 [JavaFX Application Thread] DEBUG PrimaryStageWindow   - FXGLMainMenuDummyScene -> FXGLLoadingScene
20:22:38.644 [JavaFX Application Thread] DEBUG GameApplicationServi - Clearing previous game
20:22:38.644 [JavaFX Application Thread] DEBUG GameScene            - Clearing game scene
20:22:38.644 [JavaFX Application Thread] DEBUG GameWorld            - Clearing game world
20:22:38.644 [JavaFX Application Thread] DEBUG PhysicsWorld         - Clearing physics world
20:22:38.645 [FXGL Background Thread 2 ] DEBUG FXGLApplication      - Initializing game
20:22:38.653 [FXGL Background Thread 2 ] DEBUG FXGLAssetLoaderServi - Loading from file system: file:/E:/java%20project/tank/target/classes/assets/textures/Crepeer.png
20:22:38.664 [FXGL Background Thread 2 ] INFO  FXGLApplication      - Game initialization took: 0.019 sec
20:22:38.665 [JavaFX Application Thread] DEBUG Input                - Clearing active input actions
20:22:38.670 [JavaFX Application Thread] DEBUG GameApplicationServi - Removing overlay from FXGLLoadingScene and adding to GameScene
20:22:38.670 [JavaFX Application Thread] DEBUG PrimaryStageWindow   - FXGLLoadingScene -> GameScene
20:22:40.652 [FXGL Background Thread 3 ] DEBUG Engine               - Logging environment variables
20:22:40.653 [FXGL Background Thread 3 ] DEBUG Engine               - achievements: []
20:22:40.653 [FXGL Background Thread 3 ] DEBUG Engine               - actualHeight: 800.0
20:22:40.654 [FXGL Background Thread 3 ] DEBUG Engine               - actualHeightProperty: ReadOnlyDoubleProperty [value: 800.0]
20:22:40.654 [FXGL Background Thread 3 ] DEBUG Engine               - actualWidth: 750.0
20:22:40.654 [FXGL Background Thread 3 ] DEBUG Engine               - actualWidthProperty: ReadOnlyDoubleProperty [value: 750.0]
20:22:40.654 [FXGL Background Thread 3 ] DEBUG Engine               - appIcon: joker.jpg
20:22:40.654 [FXGL Background Thread 3 ] DEBUG Engine               - applicationMode: DEVELOPER
20:22:40.654 [FXGL Background Thread 3 ] DEBUG Engine               - cSSList: [fxgl_dark.css]
20:22:40.654 [FXGL Background Thread 3 ] DEBUG Engine               - collisionDetectionStrategy: BRUTE_FORCE
20:22:40.655 [FXGL Background Thread 3 ] DEBUG Engine               - configClass: Optional.empty
20:22:40.655 [FXGL Background Thread 3 ] DEBUG Engine               - credits: []
20:22:40.656 [FXGL Background Thread 3 ] DEBUG Engine               - defaultCursor: CursorInfo(imageName=fxgl_default_cursor.png, hotspotX=7.0, hotspotY=6.0)
20:22:40.656 [FXGL Background Thread 3 ] DEBUG Engine               - devBBoxColorProperty: ObjectProperty [value: 0xff0000ff]
20:22:40.656 [FXGL Background Thread 3 ] DEBUG Engine               - devEnableDebugCameraProperty: BooleanProperty [value: false]
20:22:40.656 [FXGL Background Thread 3 ] DEBUG Engine               - devSensorColorProperty: ObjectProperty [value: 0xffff00ff]
20:22:40.656 [FXGL Background Thread 3 ] DEBUG Engine               - devShowBBoxProperty: BooleanProperty [value: false]
20:22:40.656 [FXGL Background Thread 3 ] DEBUG Engine               - devShowPositionProperty: BooleanProperty [value: false]
20:22:40.657 [FXGL Background Thread 3 ] DEBUG Engine               - enabledMenuItems: []
20:22:40.657 [FXGL Background Thread 3 ] DEBUG Engine               - engineServices: [class com.almasb.fxgl.app.services.FXGLAssetLoaderService, class com.almasb.fxgl.app.FXGLApplication$GameApplicationService, class com.almasb.fxgl.app.services.FXGLDialogService, class com.almasb.fxgl.app.services.IOTaskExecutorService, class com.almasb.fxgl.io.FileSystemService, class com.almasb.fxgl.localization.LocalizationService, class com.almasb.fxgl.app.services.SystemBundleService, class com.almasb.fxgl.profile.SaveLoadService, class com.almasb.fxgl.ui.FXGLUIFactoryServiceProvider, class com.almasb.fxgl.ui.FXGLDialogFactoryServiceProvider, class com.almasb.fxgl.audio.AudioPlayer, class com.almasb.fxgl.notification.impl.NotificationServiceProvider, class com.almasb.fxgl.achievement.AchievementService, class com.almasb.fxgl.cutscene.CutsceneService, class com.almasb.fxgl.minigames.MiniGameService, class com.almasb.fxgl.net.NetService, class com.almasb.fxgl.app.services.UpdaterService, class com.almasb.fxgl.dev.DevService]
20:22:40.657 [FXGL Background Thread 3 ] DEBUG Engine               - fontGame: Abel-Regular.ttf
20:22:40.657 [FXGL Background Thread 3 ] DEBUG Engine               - fontMono: TerminalLandMono-Regular.otf
20:22:40.657 [FXGL Background Thread 3 ] DEBUG Engine               - fontText: Courier-Prime.ttf
20:22:40.657 [FXGL Background Thread 3 ] DEBUG Engine               - fontUI: VarelaRound-Regular.ttf
20:22:40.658 [FXGL Background Thread 3 ] DEBUG Engine               - fullScreen: BooleanProperty [value: false]
20:22:40.658 [FXGL Background Thread 3 ] DEBUG Engine               - gameDifficulty: MEDIUM
20:22:40.658 [FXGL Background Thread 3 ] DEBUG Engine               - gameDifficultyProperty: ObjectProperty [value: MEDIUM]
20:22:40.658 [FXGL Background Thread 3 ] DEBUG Engine               - globalMusicVolume: 0.5
20:22:40.658 [FXGL Background Thread 3 ] DEBUG Engine               - globalMusicVolumeProperty: DoubleProperty [value: 0.5]
20:22:40.659 [FXGL Background Thread 3 ] DEBUG Engine               - globalSoundVolume: 0.5
20:22:40.659 [FXGL Background Thread 3 ] DEBUG Engine               - globalSoundVolumeProperty: DoubleProperty [value: 0.8]
20:22:40.659 [FXGL Background Thread 3 ] DEBUG Engine               - height: 800
20:22:40.659 [FXGL Background Thread 3 ] DEBUG Engine               - is3D: false
20:22:40.659 [FXGL Background Thread 3 ] DEBUG Engine               - isAndroid: false
20:22:40.660 [FXGL Background Thread 3 ] DEBUG Engine               - isBrowser: false
20:22:40.660 [FXGL Background Thread 3 ] DEBUG Engine               - isClickFeedbackEnabled: false
20:22:40.660 [FXGL Background Thread 3 ] DEBUG Engine               - isCloseConfirmation: false
20:22:40.660 [FXGL Background Thread 3 ] DEBUG Engine               - isDesktop: true
20:22:40.660 [FXGL Background Thread 3 ] DEBUG Engine               - isDeveloperMenuEnabled: false
20:22:40.660 [FXGL Background Thread 3 ] DEBUG Engine               - isEmbedded: false
20:22:40.660 [FXGL Background Thread 3 ] DEBUG Engine               - isEntityPreloadEnabled: true
20:22:40.660 [FXGL Background Thread 3 ] DEBUG Engine               - isExperimentalTiledLargeMap: false
20:22:40.660 [FXGL Background Thread 3 ] DEBUG Engine               - isFileSystemWriteAllowed: true
20:22:40.660 [FXGL Background Thread 3 ] DEBUG Engine               - isFullScreenAllowed: false
20:22:40.661 [FXGL Background Thread 3 ] DEBUG Engine               - isFullScreenFromStart: false
20:22:40.661 [FXGL Background Thread 3 ] DEBUG Engine               - isGameMenuEnabled: true
20:22:40.661 [FXGL Background Thread 3 ] DEBUG Engine               - isIOS: false
20:22:40.661 [FXGL Background Thread 3 ] DEBUG Engine               - isIntroEnabled: false
20:22:40.661 [FXGL Background Thread 3 ] DEBUG Engine               - isLinux: false
20:22:40.661 [FXGL Background Thread 3 ] DEBUG Engine               - isMac: false
20:22:40.661 [FXGL Background Thread 3 ] DEBUG Engine               - isMainMenuEnabled: true
20:22:40.661 [FXGL Background Thread 3 ] DEBUG Engine               - isManualResizeEnabled: false
20:22:40.661 [FXGL Background Thread 3 ] DEBUG Engine               - isMobile: false
20:22:40.661 [FXGL Background Thread 3 ] DEBUG Engine               - isNative: false
20:22:40.661 [FXGL Background Thread 3 ] DEBUG Engine               - isPauseMusicWhenMinimized: true
20:22:40.661 [FXGL Background Thread 3 ] DEBUG Engine               - isPreserveResizeRatio: false
20:22:40.661 [FXGL Background Thread 3 ] DEBUG Engine               - isProfilingEnabled: false
20:22:40.661 [FXGL Background Thread 3 ] DEBUG Engine               - isScaleAffectedOnResize: true
20:22:40.661 [FXGL Background Thread 3 ] DEBUG Engine               - isSingleStep: false
20:22:40.661 [FXGL Background Thread 3 ] DEBUG Engine               - isUserProfileEnabled: false
20:22:40.661 [FXGL Background Thread 3 ] DEBUG Engine               - isWindows: true
20:22:40.661 [FXGL Background Thread 3 ] DEBUG Engine               - language: ObjectProperty [value: ENGLISH]
20:22:40.661 [FXGL Background Thread 3 ] DEBUG Engine               - menuKey: ESCAPE
20:22:40.661 [FXGL Background Thread 3 ] DEBUG Engine               - mouseSensitivity: 0.2
20:22:40.661 [FXGL Background Thread 3 ] DEBUG Engine               - notificationViewClass: class com.almasb.fxgl.notification.view.XboxNotificationView
20:22:40.661 [FXGL Background Thread 3 ] DEBUG Engine               - pixelsPerMeter: 50.0
20:22:40.661 [FXGL Background Thread 3 ] DEBUG Engine               - platform: WINDOWS
20:22:40.661 [FXGL Background Thread 3 ] DEBUG Engine               - prefHeightProperty: ReadOnlyDoubleProperty [value: 800.0]
20:22:40.662 [FXGL Background Thread 3 ] DEBUG Engine               - prefWidthProperty: ReadOnlyDoubleProperty [value: 750.0]
20:22:40.662 [FXGL Background Thread 3 ] DEBUG Engine               - profileDir: profiles/
20:22:40.662 [FXGL Background Thread 3 ] DEBUG Engine               - profileName: StringProperty [value: DEFAULT]
20:22:40.662 [FXGL Background Thread 3 ] DEBUG Engine               - randomSeed: -1
20:22:40.662 [FXGL Background Thread 3 ] DEBUG Engine               - runtimeInfo: RuntimeInfo(platform=WINDOWS, version=17, build=31.12.2021 18.16)
20:22:40.662 [FXGL Background Thread 3 ] DEBUG Engine               - saveFileExt: sav
20:22:40.662 [FXGL Background Thread 3 ] DEBUG Engine               - scaledHeightProp$fxgl: DoubleProperty [bound, value: 800.0]
20:22:40.662 [FXGL Background Thread 3 ] DEBUG Engine               - scaledWidthProp$fxgl: DoubleProperty [bound, value: 750.0]
20:22:40.662 [FXGL Background Thread 3 ] DEBUG Engine               - sceneFactory: com.almasb.fxgl.app.scene.SceneFactory@68aa25b9
20:22:40.662 [FXGL Background Thread 3 ] DEBUG Engine               - secondsIn24h: 60
20:22:40.662 [FXGL Background Thread 3 ] DEBUG Engine               - soundMenuBack: menu/back.wav
20:22:40.662 [FXGL Background Thread 3 ] DEBUG Engine               - soundMenuPress: menu/press.wav
20:22:40.662 [FXGL Background Thread 3 ] DEBUG Engine               - soundMenuSelect: menu/select.wav
20:22:40.662 [FXGL Background Thread 3 ] DEBUG Engine               - soundNotification: core/notification.wav
20:22:40.662 [FXGL Background Thread 3 ] DEBUG Engine               - stageStyle: DECORATED
20:22:40.662 [FXGL Background Thread 3 ] DEBUG Engine               - supportedLanguages: [ENGLISH, FRENCH, GERMAN, HUNGARIAN, RUSSIAN]
20:22:40.662 [FXGL Background Thread 3 ] DEBUG Engine               - ticksPerSecond: -1
20:22:40.662 [FXGL Background Thread 3 ] DEBUG Engine               - title: TANK
20:22:40.662 [FXGL Background Thread 3 ] DEBUG Engine               - urlGithub: https://github.com/AlmasB/FXGL
20:22:40.662 [FXGL Background Thread 3 ] DEBUG Engine               - urlLeaderboard: http://fxgl-top.herokuapp.com/
20:22:40.663 [FXGL Background Thread 3 ] DEBUG Engine               - urlPOM: https://raw.githubusercontent.com/AlmasB/FXGL/release/README.md
20:22:40.663 [FXGL Background Thread 3 ] DEBUG Engine               - userAppClass: class com.kenny.tank.TankApp
20:22:40.663 [FXGL Background Thread 3 ] DEBUG Engine               - version: 0.1
20:22:40.663 [FXGL Background Thread 3 ] DEBUG Engine               - versionCheckDays: 7
20:22:40.663 [FXGL Background Thread 3 ] DEBUG Engine               - width: 750
20:22:40.663 [FXGL Background Thread 3 ] DEBUG Engine               - Logging services
20:22:40.663 [FXGL Background Thread 3 ] DEBUG Engine               - class com.almasb.fxgl.app.services.FXGLAssetLoaderService
20:22:40.663 [FXGL Background Thread 3 ] DEBUG Engine               - class com.almasb.fxgl.app.FXGLApplication$GameApplicationService
20:22:40.663 [FXGL Background Thread 3 ] DEBUG Engine               - class com.almasb.fxgl.app.services.FXGLDialogService
20:22:40.663 [FXGL Background Thread 3 ] DEBUG Engine               - class com.almasb.fxgl.app.services.IOTaskExecutorService
20:22:40.663 [FXGL Background Thread 3 ] DEBUG Engine               - class com.almasb.fxgl.io.FileSystemService
20:22:40.663 [FXGL Background Thread 3 ] DEBUG Engine               - class com.almasb.fxgl.localization.LocalizationService
20:22:40.663 [FXGL Background Thread 3 ] DEBUG Engine               - class com.almasb.fxgl.app.services.SystemBundleService
20:22:40.663 [FXGL Background Thread 3 ] DEBUG Engine               - class com.almasb.fxgl.profile.SaveLoadService
20:22:40.663 [FXGL Background Thread 3 ] DEBUG Engine               - class com.almasb.fxgl.ui.FXGLUIFactoryServiceProvider
20:22:40.663 [FXGL Background Thread 3 ] DEBUG Engine               - class com.almasb.fxgl.ui.FXGLDialogFactoryServiceProvider
20:22:40.663 [FXGL Background Thread 3 ] DEBUG Engine               - class com.almasb.fxgl.audio.AudioPlayer
20:22:40.663 [FXGL Background Thread 3 ] DEBUG Engine               - class com.almasb.fxgl.notification.impl.NotificationServiceProvider
20:22:40.663 [FXGL Background Thread 3 ] DEBUG Engine               - class com.almasb.fxgl.achievement.AchievementService
20:22:40.663 [FXGL Background Thread 3 ] DEBUG Engine               - class com.almasb.fxgl.cutscene.CutsceneService
20:22:40.663 [FXGL Background Thread 3 ] DEBUG Engine               - class com.almasb.fxgl.minigames.MiniGameService
20:22:40.663 [FXGL Background Thread 3 ] DEBUG Engine               - class com.almasb.fxgl.net.NetService
20:22:40.663 [FXGL Background Thread 3 ] DEBUG Engine               - class com.almasb.fxgl.app.services.UpdaterService
20:22:40.663 [FXGL Background Thread 3 ] DEBUG Engine               - class com.almasb.fxgl.dev.DevService
20:22:41.139 [JavaFX Application Thread] DEBUG FXGLAssetLoaderServi - Loading from file system: file:/E:/java%20project/tank/target/classes/assets/sounds/boom.wav
20:22:43.750 [JavaFX Application Thread] DEBUG PrimaryStageWindow   - Push state: FXGLDefaultMenu
20:22:43.751 [JavaFX Application Thread] DEBUG Input                - Clearing active input actions
20:22:43.752 [JavaFX Application Thread] DEBUG GameApplicationServi - Removing overlay from GameScene and adding to FXGLDefaultMenu
20:22:43.752 [JavaFX Application Thread] DEBUG PrimaryStageWindow   - GameScene -> FXGLDefaultMenu
20:22:44.451 [JavaFX Application Thread] DEBUG Menu                 - fireExitToMainMenu()
20:22:44.454 [JavaFX Application Thread] DEBUG PrimaryStageWindow   - Push state: DialogSubScene
20:22:44.454 [JavaFX Application Thread] DEBUG Input                - Clearing active input actions
20:22:44.454 [JavaFX Application Thread] DEBUG GameApplicationServi - Removing overlay from FXGLDefaultMenu and adding to DialogSubScene
20:22:44.454 [JavaFX Application Thread] DEBUG PrimaryStageWindow   - FXGLDefaultMenu -> DialogSubScene
20:22:44.909 [JavaFX Application Thread] DEBUG PrimaryStageWindow   - Pop state: DialogSubScene
20:22:44.909 [JavaFX Application Thread] DEBUG Input                - Clearing active input actions
20:22:44.910 [JavaFX Application Thread] DEBUG GameApplicationServi - Removing overlay from DialogSubScene and adding to FXGLDefaultMenu
20:22:44.910 [JavaFX Application Thread] DEBUG PrimaryStageWindow   - FXGLDefaultMenu <- DialogSubScene
20:22:44.910 [JavaFX Application Thread] DEBUG PrimaryStageWindow   - Pop state: FXGLDefaultMenu
20:22:44.910 [JavaFX Application Thread] DEBUG Input                - Clearing active input actions
20:22:44.910 [JavaFX Application Thread] DEBUG GameApplicationServi - Removing overlay from FXGLDefaultMenu and adding to GameScene
20:22:44.911 [JavaFX Application Thread] DEBUG PrimaryStageWindow   - GameScene <- FXGLDefaultMenu
20:22:44.911 [JavaFX Application Thread] DEBUG Input                - Clearing active input actions
20:22:44.914 [JavaFX Application Thread] DEBUG GameApplicationServi - Removing overlay from GameScene and adding to FXGLMainMenuDummyScene
20:22:44.914 [JavaFX Application Thread] DEBUG PrimaryStageWindow   - GameScene -> FXGLMainMenuDummyScene
20:22:44.914 [JavaFX Application Thread] DEBUG PrimaryStageWindow   - Push state: FXGLDefaultMenu
20:22:44.914 [JavaFX Application Thread] DEBUG Input                - Clearing active input actions
20:22:44.916 [JavaFX Application Thread] DEBUG GameApplicationServi - Removing overlay from FXGLMainMenuDummyScene and adding to FXGLDefaultMenu
20:22:44.916 [JavaFX Application Thread] DEBUG PrimaryStageWindow   - FXGLMainMenuDummyScene -> FXGLDefaultMenu
20:22:46.416 [JavaFX Application Thread] DEBUG Menu                 - fireExit()
20:22:46.417 [JavaFX Application Thread] DEBUG PrimaryStageWindow   - Push state: DialogSubScene
20:22:46.417 [JavaFX Application Thread] DEBUG Input                - Clearing active input actions
20:22:46.418 [JavaFX Application Thread] DEBUG GameApplicationServi - Removing overlay from FXGLDefaultMenu and adding to DialogSubScene
20:22:46.418 [JavaFX Application Thread] DEBUG PrimaryStageWindow   - FXGLDefaultMenu -> DialogSubScene
20:22:47.237 [JavaFX Application Thread] DEBUG PrimaryStageWindow   - Pop state: DialogSubScene
20:22:47.237 [JavaFX Application Thread] DEBUG Input                - Clearing active input actions
20:22:47.237 [JavaFX Application Thread] DEBUG GameApplicationServi - Removing overlay from DialogSubScene and adding to FXGLDefaultMenu
20:22:47.237 [JavaFX Application Thread] DEBUG PrimaryStageWindow   - FXGLDefaultMenu <- DialogSubScene
20:22:47.237 [JavaFX Application Thread] DEBUG FXGLApplication      - Exiting FXGL
20:22:47.237 [JavaFX Application Thread] DEBUG LoopRunner           - Stopping loop
20:22:47.237 [JavaFX Application Thread] DEBUG SystemBundleService  - Saving FXGL system data
20:22:47.238 [JavaFX Application Thread] DEBUG FileSystemAccess     - Writing to: E:\java project\tank\system\fxgl.bundle
20:22:47.240 [JavaFX Application Thread] DEBUG Async                - Shutting down background threads
20:22:47.240 [JavaFX Application Thread] DEBUG PrimaryStageWindow   - Closing main window
20:22:47.255 [JavaFX Application Thread] DEBUG Logger               - Closing Logger
