18:43:40.335 [main                     ] DEBUG Logger               - Configured Logger
18:43:40.363 [main                     ] DEBUG GameApplication      - Logging settings
Title: All star battle
Version: 0.1
Width: 2048
Height: 1152
Fullscreen: false
Intro: false
Profiling: false
Single step:false
App Mode: DEVELOPER
Menu Key: ESCAPE
Stage Style: DECORATED
Scene Factory: class com.kenny.tank.AllStarBattleApp$1

18:43:40.763 [JavaFX Application Thread] DEBUG FXGLApplication      - Initializing FXGL
18:43:40.769 [JavaFX Application Thread] INFO  Engine               - FXGL-17.1 (24.03.2022 17.34) on WINDOWS (J:17.0.6 FX:18)
18:43:40.769 [JavaFX Application Thread] DEBUG Engine               - JRE Vendor Name: Amazon.com Inc.
18:43:40.769 [JavaFX Application Thread] DEBUG Engine               - Running on OS: Windows 11 version 10.0
18:43:40.770 [JavaFX Application Thread] DEBUG Engine               - Architecture: amd64
18:43:40.770 [JavaFX Application Thread] INFO  Engine               - Source code and latest versions at: https://github.com/AlmasB/FXGL
18:43:40.770 [JavaFX Application Thread] INFO  Engine               -       Ask questions and discuss at: https://github.com/AlmasB/FXGL/discussions
18:43:40.770 [JavaFX Application Thread] INFO  Engine               -              Join the FXGL chat at: https://gitter.im/AlmasB/FXGL
18:43:40.842 [JavaFX Application Thread] DEBUG PrimaryStageWindow   - Creating a JavaFX scene
18:43:40.842 [JavaFX Application Thread] DEBUG PrimaryStageWindow   - Target size > screen size
18:43:40.880 [JavaFX Application Thread] DEBUG PrimaryStageWindow   - Target settings size: 2048.0 x 1152.0
18:43:40.881 [JavaFX Application Thread] DEBUG PrimaryStageWindow   - Scaled scene size:    1682.0 x 960.0
18:43:40.881 [JavaFX Application Thread] DEBUG PrimaryStageWindow   - Scaled ratio: (0.8212890625, 0.8333333333333334)
18:43:40.882 [JavaFX Application Thread] DEBUG PrimaryStageWindow   - Set initial scene to StartScene
18:43:40.889 [JavaFX Application Thread] DEBUG PrimaryStageWindow   - Opening main window
18:43:41.039 [JavaFX Application Thread] DEBUG PrimaryStageWindow   - Window border size: (14.6666259765625, 37.33331298828125)
18:43:41.039 [JavaFX Application Thread] DEBUG PrimaryStageWindow   - Scaled size: 1682.0 x 960.0
18:43:41.040 [JavaFX Application Thread] DEBUG PrimaryStageWindow   - Scaled ratio: (0.8212890625, 0.8333333333333334)
18:43:41.040 [JavaFX Application Thread] DEBUG PrimaryStageWindow   - Scene size: 1682.0 x 960.0
18:43:41.041 [JavaFX Application Thread] DEBUG PrimaryStageWindow   - Stage size: 1696.6666259765625 x 997.3333129882812
18:43:41.047 [FXGL Background Thread 1 ] DEBUG Engine               - Initializing environment variables
18:43:41.078 [FXGL Background Thread 1 ] DEBUG FXGLAssetLoaderServi - User app class for loading assets: class com.kenny.tank.AllStarBattleApp
18:43:41.079 [FXGL Background Thread 1 ] DEBUG GameApplicationServi - Applying CSS: fxgl_dark.css
18:43:41.079 [FXGL Background Thread 1 ] DEBUG FXGLAssetLoaderServi - Loading from file system: jar:file:///C:/Users/10273/.m2/repository/com/github/almasb/fxgl/17.1/fxgl-17.1.jar!/fxglassets/ui/css/fxgl_dark.css
18:43:41.138 [FXGL Background Thread 1 ] DEBUG GameApplicationServi - Applying CSS: tank.css
18:43:41.139 [FXGL Background Thread 1 ] DEBUG FXGLAssetLoaderServi - Loading from file system: file:/E:/java%20project/tank/target/classes/assets/ui/css/tank.css
18:43:41.140 [FXGL Background Thread 1 ] DEBUG GameApplicationServi - Initializing application scenes
18:43:41.144 [FXGL Background Thread 1 ] DEBUG GameWorld            - Game world initialized
18:43:41.222 [FXGL Background Thread 1 ] DEBUG PhysicsWorld         - Physics world initialized: appHeight=1152, physics.ppm=50.0
18:43:41.222 [FXGL Background Thread 1 ] DEBUG PhysicsWorld         - Using strategy: BRUTE_FORCE
18:43:41.226 [FXGL Background Thread 1 ] DEBUG GameScene            - Game scene initialized: 2048x1152
18:43:41.230 [FXGL Background Thread 1 ] DEBUG FXGLAssetLoaderServi - Loading from file system: file:/E:/java%20project/tank/target/classes/assets/textures/MainMenu.png
18:43:41.374 [FXGL Background Thread 1 ] DEBUG FXGLAssetLoaderServi - Loading from file system: file:/E:/java%20project/tank/target/classes/assets/textures/R-C.jpg
18:43:41.426 [FXGL Background Thread 1 ] DEBUG FXGL.DefaultMenu     - createMenuBodyGameMenu()
18:43:41.435 [FXGL Background Thread 1 ] DEBUG FXGL.DefaultMenu     - createOptionsMenu()
18:43:41.447 [FXGL Background Thread 1 ] DEBUG FXGLAssetLoaderServi - Loading from file system: jar:file:///C:/Users/10273/.m2/repository/com/github/almasb/fxgl/17.1/fxgl-17.1.jar!/fxglassets/textures/particles/smoke.png
18:43:41.528 [FXGL Background Thread 1 ] DEBUG FXGLAssetLoaderServi - Loading from file system: jar:file:///C:/Users/10273/.m2/repository/com/github/almasb/fxgl/17.1/fxgl-17.1.jar!/fxglassets/textures/particles/trace_horizontal.png
18:43:41.545 [FXGL Background Thread 1 ] DEBUG GameApplicationServi - Application scenes initialized
18:43:41.554 [FXGL Background Thread 1 ] DEBUG SystemBundleService  - Loading FXGL system data
18:43:41.558 [FXGL Background Thread 1 ] DEBUG FileSystemAccess     - Reading from: E:\java project\tank\system\fxgl.bundle
18:43:41.565 [FXGL Background Thread 1 ] DEBUG SystemBundleService  - Bundle FXGL: {}
18:43:41.565 [FXGL Background Thread 1 ] DEBUG UpdaterService       - Checking for updates
18:43:41.569 [FXGL Background Thread 4 ] DEBUG FXGLApplication      - Loading fonts
18:43:41.569 [FXGL Background Thread 1 ] DEBUG FXGLApplication      - Loading default localization
18:43:41.569 [FXGL Background Thread 4 ] DEBUG FXGLAssetLoaderServi - Loading from file system: jar:file:///C:/Users/10273/.m2/repository/com/github/almasb/fxgl/17.1/fxgl-17.1.jar!/fxglassets/ui/fonts/VarelaRound-Regular.ttf
18:43:41.570 [FXGL Background Thread 1 ] DEBUG FXGLAssetLoaderServi - Loading from file system: jar:file:///C:/Users/10273/.m2/repository/com/github/almasb/fxgl/17.1/fxgl-17.1.jar!/fxglassets/languages/english.lang
18:43:41.620 [FXGL Background Thread 1 ] INFO  FXGLApplication      - FXGL initialization took: 0.572 sec
18:43:41.631 [JavaFX Application Thread] DEBUG Input                - Registered new binding: action0 - Up
18:43:41.632 [JavaFX Application Thread] DEBUG Input                - Registered new binding: action1 - Down
18:43:41.634 [JavaFX Application Thread] DEBUG Input                - Registered new binding: action2 - Left
18:43:41.638 [JavaFX Application Thread] DEBUG Input                - Registered new binding: action3 - Right
18:43:41.641 [JavaFX Application Thread] DEBUG Input                - Registered new binding: action4 - Space
18:43:41.641 [JavaFX Application Thread] DEBUG FXGLAssetLoaderServi - Loading from file system: file:/E:/java%20project/tank/target/classes/assets/textures/joker.jpg
18:43:41.667 [JavaFX Application Thread] DEBUG FXGLAssetLoaderServi - Loading from file system: jar:file:///C:/Users/10273/.m2/repository/com/github/almasb/fxgl/17.1/fxgl-17.1.jar!/fxglassets/textures/fxgl_default_cursor.png
18:43:41.678 [JavaFX Application Thread] DEBUG Input                - Registered new binding: Screenshot - CTRL+8
18:43:41.681 [JavaFX Application Thread] DEBUG Input                - Registered new binding: System info dump - CTRL+9
18:43:41.684 [JavaFX Application Thread] DEBUG Input                - Registered new binding: Restart - CTRL+R
18:43:41.688 [JavaFX Application Thread] DEBUG Input                - Registered new binding: Toggle Debug Camera - CTRL+7
18:43:41.692 [FXGL Background Thread 4 ] DEBUG FXGLAssetLoaderServi - Loading from file system: jar:file:///C:/Users/10273/.m2/repository/com/github/almasb/fxgl/17.1/fxgl-17.1.jar!/fxglassets/ui/fonts/Abel-Regular.ttf
18:43:41.694 [FXGL Background Thread 4 ] DEBUG FXGLAssetLoaderServi - Loading from file system: jar:file:///C:/Users/10273/.m2/repository/com/github/almasb/fxgl/17.1/fxgl-17.1.jar!/fxglassets/ui/fonts/TerminalLandMono-Regular.otf
18:43:41.697 [FXGL Background Thread 4 ] DEBUG FXGLAssetLoaderServi - Loading from file system: jar:file:///C:/Users/10273/.m2/repository/com/github/almasb/fxgl/17.1/fxgl-17.1.jar!/fxglassets/ui/fonts/Courier-Prime.ttf
18:43:41.700 [JavaFX Application Thread] DEBUG LoopRunner           - Starting loop
18:43:41.700 [JavaFX Application Thread] DEBUG LoopRunner           - Initializing JavaFX AnimationTimerLoop
18:43:41.709 [JavaFX Application Thread] DEBUG Input                - Clearing active input actions
18:43:41.716 [JavaFX Application Thread] DEBUG GameApplicationServi - Removing overlay from StartScene and adding to FXGLMainMenuDummyScene
18:43:41.716 [JavaFX Application Thread] DEBUG PrimaryStageWindow   - StartScene -> FXGLMainMenuDummyScene
18:43:41.716 [JavaFX Application Thread] DEBUG PrimaryStageWindow   - Push state: Main_menu
18:43:41.717 [JavaFX Application Thread] DEBUG Input                - Clearing active input actions
18:43:41.735 [JavaFX Application Thread] DEBUG GameApplicationServi - Removing overlay from FXGLMainMenuDummyScene and adding to Main_menu
18:43:41.736 [JavaFX Application Thread] DEBUG PrimaryStageWindow   - FXGLMainMenuDummyScene -> Main_menu
18:43:41.739 [JavaFX Application Thread] DEBUG FXGLApplication      - Registering font factories with UI factory
18:43:41.890 [FXGL Background Thread 2 ] WARN  UpdaterService       - Failed to find updates: java.net.UnknownHostException: raw.githubusercontent.com
18:43:44.568 [FXGL Background Thread 3 ] DEBUG Engine               - Logging environment variables
18:43:44.569 [FXGL Background Thread 3 ] DEBUG Engine               - achievements: []
18:43:44.569 [FXGL Background Thread 3 ] DEBUG Engine               - actualHeight: 960.0
18:43:44.574 [FXGL Background Thread 3 ] DEBUG Engine               - actualHeightProperty: ReadOnlyDoubleProperty [value: 960.0]
18:43:44.574 [FXGL Background Thread 3 ] DEBUG Engine               - actualWidth: 1682.0
18:43:44.575 [FXGL Background Thread 3 ] DEBUG Engine               - actualWidthProperty: ReadOnlyDoubleProperty [value: 1682.0]
18:43:44.575 [FXGL Background Thread 3 ] DEBUG Engine               - appIcon: joker.jpg
18:43:44.575 [FXGL Background Thread 3 ] DEBUG Engine               - applicationMode: DEVELOPER
18:43:44.576 [FXGL Background Thread 3 ] DEBUG Engine               - cSSList: [fxgl_dark.css, tank.css]
18:43:44.578 [FXGL Background Thread 3 ] DEBUG Engine               - collisionDetectionStrategy: BRUTE_FORCE
18:43:44.579 [FXGL Background Thread 3 ] DEBUG Engine               - configClass: Optional.empty
18:43:44.580 [FXGL Background Thread 3 ] DEBUG Engine               - credits: []
18:43:44.586 [FXGL Background Thread 3 ] DEBUG Engine               - defaultCursor: CursorInfo(imageName=fxgl_default_cursor.png, hotspotX=7.0, hotspotY=6.0)
18:43:44.586 [FXGL Background Thread 3 ] DEBUG Engine               - devBBoxColorProperty: ObjectProperty [value: 0xff0000ff]
18:43:44.586 [FXGL Background Thread 3 ] DEBUG Engine               - devEnableDebugCameraProperty: BooleanProperty [value: false]
18:43:44.587 [FXGL Background Thread 3 ] DEBUG Engine               - devSensorColorProperty: ObjectProperty [value: 0xffff00ff]
18:43:44.587 [FXGL Background Thread 3 ] DEBUG Engine               - devShowBBoxProperty: BooleanProperty [value: false]
18:43:44.587 [FXGL Background Thread 3 ] DEBUG Engine               - devShowPositionProperty: BooleanProperty [value: false]
18:43:44.587 [FXGL Background Thread 3 ] DEBUG Engine               - enabledMenuItems: []
18:43:44.587 [FXGL Background Thread 3 ] DEBUG Engine               - engineServices: [class com.almasb.fxgl.app.services.FXGLAssetLoaderService, class com.almasb.fxgl.app.FXGLApplication$GameApplicationService, class com.almasb.fxgl.app.services.FXGLDialogService, class com.almasb.fxgl.app.services.IOTaskExecutorService, class com.almasb.fxgl.io.FileSystemService, class com.almasb.fxgl.localization.LocalizationService, class com.almasb.fxgl.app.services.SystemBundleService, class com.almasb.fxgl.profile.SaveLoadService, class com.almasb.fxgl.ui.FXGLUIFactoryServiceProvider, class com.almasb.fxgl.ui.FXGLDialogFactoryServiceProvider, class com.almasb.fxgl.audio.AudioPlayer, class com.almasb.fxgl.notification.impl.NotificationServiceProvider, class com.almasb.fxgl.achievement.AchievementService, class com.almasb.fxgl.cutscene.CutsceneService, class com.almasb.fxgl.minigames.MiniGameService, class com.almasb.fxgl.net.NetService, class com.almasb.fxgl.app.services.UpdaterService, class com.almasb.fxgl.dev.DevService]
18:43:44.587 [FXGL Background Thread 3 ] DEBUG Engine               - fontGame: Abel-Regular.ttf
18:43:44.587 [FXGL Background Thread 3 ] DEBUG Engine               - fontMono: TerminalLandMono-Regular.otf
18:43:44.589 [FXGL Background Thread 3 ] DEBUG Engine               - fontText: Courier-Prime.ttf
18:43:44.589 [FXGL Background Thread 3 ] DEBUG Engine               - fontUI: VarelaRound-Regular.ttf
18:43:44.589 [FXGL Background Thread 3 ] DEBUG Engine               - fullScreen: BooleanProperty [value: false]
18:43:44.590 [FXGL Background Thread 3 ] DEBUG Engine               - gameDifficulty: MEDIUM
18:43:44.590 [FXGL Background Thread 3 ] DEBUG Engine               - gameDifficultyProperty: ObjectProperty [value: MEDIUM]
18:43:44.590 [FXGL Background Thread 3 ] DEBUG Engine               - globalMusicVolume: 0.5
18:43:44.590 [FXGL Background Thread 3 ] DEBUG Engine               - globalMusicVolumeProperty: DoubleProperty [value: 0.5]
18:43:44.590 [FXGL Background Thread 3 ] DEBUG Engine               - globalSoundVolume: 0.5
18:43:44.590 [FXGL Background Thread 3 ] DEBUG Engine               - globalSoundVolumeProperty: DoubleProperty [value: 0.8]
18:43:44.590 [FXGL Background Thread 3 ] DEBUG Engine               - height: 1152
18:43:44.590 [FXGL Background Thread 3 ] DEBUG Engine               - is3D: false
18:43:44.591 [FXGL Background Thread 3 ] DEBUG Engine               - isAndroid: false
18:43:44.591 [FXGL Background Thread 3 ] DEBUG Engine               - isBrowser: false
18:43:44.591 [FXGL Background Thread 3 ] DEBUG Engine               - isClickFeedbackEnabled: false
18:43:44.591 [FXGL Background Thread 3 ] DEBUG Engine               - isCloseConfirmation: false
18:43:44.591 [FXGL Background Thread 3 ] DEBUG Engine               - isDesktop: true
18:43:44.591 [FXGL Background Thread 3 ] DEBUG Engine               - isDeveloperMenuEnabled: false
18:43:44.592 [FXGL Background Thread 3 ] DEBUG Engine               - isEmbedded: false
18:43:44.592 [FXGL Background Thread 3 ] DEBUG Engine               - isEntityPreloadEnabled: true
18:43:44.592 [FXGL Background Thread 3 ] DEBUG Engine               - isExperimentalTiledLargeMap: false
18:43:44.592 [FXGL Background Thread 3 ] DEBUG Engine               - isFileSystemWriteAllowed: true
18:43:44.594 [FXGL Background Thread 3 ] DEBUG Engine               - isFullScreenAllowed: false
18:43:44.594 [FXGL Background Thread 3 ] DEBUG Engine               - isFullScreenFromStart: false
18:43:44.595 [FXGL Background Thread 3 ] DEBUG Engine               - isGameMenuEnabled: true
18:43:44.595 [FXGL Background Thread 3 ] DEBUG Engine               - isIOS: false
18:43:44.595 [FXGL Background Thread 3 ] DEBUG Engine               - isIntroEnabled: false
18:43:44.595 [FXGL Background Thread 3 ] DEBUG Engine               - isLinux: false
18:43:44.595 [FXGL Background Thread 3 ] DEBUG Engine               - isMac: false
18:43:44.595 [FXGL Background Thread 3 ] DEBUG Engine               - isMainMenuEnabled: true
18:43:44.597 [FXGL Background Thread 3 ] DEBUG Engine               - isManualResizeEnabled: false
18:43:44.597 [FXGL Background Thread 3 ] DEBUG Engine               - isMobile: false
18:43:44.597 [FXGL Background Thread 3 ] DEBUG Engine               - isNative: false
18:43:44.598 [FXGL Background Thread 3 ] DEBUG Engine               - isPauseMusicWhenMinimized: true
18:43:44.598 [FXGL Background Thread 3 ] DEBUG Engine               - isPreserveResizeRatio: false
18:43:44.598 [FXGL Background Thread 3 ] DEBUG Engine               - isProfilingEnabled: false
18:43:44.598 [FXGL Background Thread 3 ] DEBUG Engine               - isScaleAffectedOnResize: true
18:43:44.598 [FXGL Background Thread 3 ] DEBUG Engine               - isSingleStep: false
18:43:44.598 [FXGL Background Thread 3 ] DEBUG Engine               - isUserProfileEnabled: false
18:43:44.598 [FXGL Background Thread 3 ] DEBUG Engine               - isWindows: true
18:43:44.599 [FXGL Background Thread 3 ] DEBUG Engine               - language: ObjectProperty [value: ENGLISH]
18:43:44.599 [FXGL Background Thread 3 ] DEBUG Engine               - menuKey: ESCAPE
18:43:44.599 [FXGL Background Thread 3 ] DEBUG Engine               - mouseSensitivity: 0.2
18:43:44.599 [FXGL Background Thread 3 ] DEBUG Engine               - notificationViewClass: class com.almasb.fxgl.notification.view.XboxNotificationView
18:43:44.599 [FXGL Background Thread 3 ] DEBUG Engine               - pixelsPerMeter: 50.0
18:43:44.599 [FXGL Background Thread 3 ] DEBUG Engine               - platform: WINDOWS
18:43:44.599 [FXGL Background Thread 3 ] DEBUG Engine               - prefHeightProperty: ReadOnlyDoubleProperty [value: 1152.0]
18:43:44.599 [FXGL Background Thread 3 ] DEBUG Engine               - prefWidthProperty: ReadOnlyDoubleProperty [value: 2048.0]
18:43:44.599 [FXGL Background Thread 3 ] DEBUG Engine               - profileDir: profiles/
18:43:44.599 [FXGL Background Thread 3 ] DEBUG Engine               - profileName: StringProperty [value: DEFAULT]
18:43:44.599 [FXGL Background Thread 3 ] DEBUG Engine               - randomSeed: -1
18:43:44.600 [FXGL Background Thread 3 ] DEBUG Engine               - runtimeInfo: RuntimeInfo(platform=WINDOWS, version=17.1, build=24.03.2022 17.34)
18:43:44.600 [FXGL Background Thread 3 ] DEBUG Engine               - saveFileExt: sav
18:43:44.600 [FXGL Background Thread 3 ] DEBUG Engine               - scaledHeightProp$fxgl: DoubleProperty [bound, value: 960.0]
18:43:44.600 [FXGL Background Thread 3 ] DEBUG Engine               - scaledWidthProp$fxgl: DoubleProperty [bound, value: 1682.0]
18:43:44.600 [FXGL Background Thread 3 ] DEBUG Engine               - sceneFactory: com.kenny.tank.AllStarBattleApp$1@10eae7af
18:43:44.600 [FXGL Background Thread 3 ] DEBUG Engine               - secondsIn24h: 60
18:43:44.600 [FXGL Background Thread 3 ] DEBUG Engine               - soundMenuBack: menu/back.wav
18:43:44.600 [FXGL Background Thread 3 ] DEBUG Engine               - soundMenuPress: menu/press.wav
18:43:44.600 [FXGL Background Thread 3 ] DEBUG Engine               - soundMenuSelect: menu/select.wav
18:43:44.600 [FXGL Background Thread 3 ] DEBUG Engine               - soundNotification: core/notification.wav
18:43:44.600 [FXGL Background Thread 3 ] DEBUG Engine               - stageStyle: DECORATED
18:43:44.600 [FXGL Background Thread 3 ] DEBUG Engine               - supportedLanguages: [ENGLISH, FRENCH, GERMAN, HUNGARIAN, RUSSIAN]
18:43:44.600 [FXGL Background Thread 3 ] DEBUG Engine               - ticksPerSecond: -1
18:43:44.600 [FXGL Background Thread 3 ] DEBUG Engine               - title: All star battle
18:43:44.600 [FXGL Background Thread 3 ] DEBUG Engine               - urlGithub: https://github.com/AlmasB/FXGL
18:43:44.600 [FXGL Background Thread 3 ] DEBUG Engine               - urlLeaderboard: http://fxgl-top.herokuapp.com/
18:43:44.600 [FXGL Background Thread 3 ] DEBUG Engine               - urlPOM: https://raw.githubusercontent.com/AlmasB/FXGL/release/README.md
18:43:44.600 [FXGL Background Thread 3 ] DEBUG Engine               - userAppClass: class com.kenny.tank.AllStarBattleApp
18:43:44.600 [FXGL Background Thread 3 ] DEBUG Engine               - version: 0.1
18:43:44.600 [FXGL Background Thread 3 ] DEBUG Engine               - versionCheckDays: 7
18:43:44.601 [FXGL Background Thread 3 ] DEBUG Engine               - width: 2048
18:43:44.601 [FXGL Background Thread 3 ] DEBUG Engine               - Logging services
18:43:44.601 [FXGL Background Thread 3 ] DEBUG Engine               - class com.almasb.fxgl.app.services.FXGLAssetLoaderService
18:43:44.601 [FXGL Background Thread 3 ] DEBUG Engine               - class com.almasb.fxgl.app.FXGLApplication$GameApplicationService
18:43:44.601 [FXGL Background Thread 3 ] DEBUG Engine               - class com.almasb.fxgl.app.services.FXGLDialogService
18:43:44.601 [FXGL Background Thread 3 ] DEBUG Engine               - class com.almasb.fxgl.app.services.IOTaskExecutorService
18:43:44.601 [FXGL Background Thread 3 ] DEBUG Engine               - class com.almasb.fxgl.io.FileSystemService
18:43:44.601 [FXGL Background Thread 3 ] DEBUG Engine               - class com.almasb.fxgl.localization.LocalizationService
18:43:44.601 [FXGL Background Thread 3 ] DEBUG Engine               - class com.almasb.fxgl.app.services.SystemBundleService
18:43:44.601 [FXGL Background Thread 3 ] DEBUG Engine               - class com.almasb.fxgl.profile.SaveLoadService
18:43:44.601 [FXGL Background Thread 3 ] DEBUG Engine               - class com.almasb.fxgl.ui.FXGLUIFactoryServiceProvider
18:43:44.601 [FXGL Background Thread 3 ] DEBUG Engine               - class com.almasb.fxgl.ui.FXGLDialogFactoryServiceProvider
18:43:44.601 [FXGL Background Thread 3 ] DEBUG Engine               - class com.almasb.fxgl.audio.AudioPlayer
18:43:44.601 [FXGL Background Thread 3 ] DEBUG Engine               - class com.almasb.fxgl.notification.impl.NotificationServiceProvider
18:43:44.601 [FXGL Background Thread 3 ] DEBUG Engine               - class com.almasb.fxgl.achievement.AchievementService
18:43:44.601 [FXGL Background Thread 3 ] DEBUG Engine               - class com.almasb.fxgl.cutscene.CutsceneService
18:43:44.601 [FXGL Background Thread 3 ] DEBUG Engine               - class com.almasb.fxgl.minigames.MiniGameService
18:43:44.601 [FXGL Background Thread 3 ] DEBUG Engine               - class com.almasb.fxgl.net.NetService
18:43:44.601 [FXGL Background Thread 3 ] DEBUG Engine               - class com.almasb.fxgl.app.services.UpdaterService
18:43:44.601 [FXGL Background Thread 3 ] DEBUG Engine               - class com.almasb.fxgl.dev.DevService
18:43:51.470 [JavaFX Application Thread] DEBUG GameApplicationServi - Starting new game
18:43:51.470 [JavaFX Application Thread] DEBUG PrimaryStageWindow   - Pop state: Main_menu
18:43:51.470 [JavaFX Application Thread] DEBUG Input                - Clearing active input actions
18:43:51.471 [JavaFX Application Thread] DEBUG GameApplicationServi - Removing overlay from Main_menu and adding to FXGLMainMenuDummyScene
18:43:51.471 [JavaFX Application Thread] DEBUG PrimaryStageWindow   - FXGLMainMenuDummyScene <- Main_menu
18:43:51.471 [JavaFX Application Thread] DEBUG Input                - Clearing active input actions
18:43:51.479 [JavaFX Application Thread] DEBUG GameApplicationServi - Removing overlay from FXGLMainMenuDummyScene and adding to Loading_Scene
18:43:51.479 [JavaFX Application Thread] DEBUG PrimaryStageWindow   - FXGLMainMenuDummyScene -> Loading_Scene
18:43:51.479 [JavaFX Application Thread] DEBUG GameApplicationServi - Clearing previous game
18:43:51.480 [JavaFX Application Thread] DEBUG GameScene            - Clearing game scene
18:43:51.480 [JavaFX Application Thread] DEBUG GameWorld            - Clearing game world
18:43:51.480 [JavaFX Application Thread] DEBUG PhysicsWorld         - Clearing physics world
18:43:51.483 [FXGL Background Thread 2 ] DEBUG FXGLApplication      - Initializing game
18:43:51.540 [FXGL Background Thread 2 ] WARN  TMXLevelLoader       - TiledMap generated from 1.8.4. Supported version: 1.4.2. Some features may not be parsed fully.
18:43:51.562 [FXGL Background Thread 2 ] DEBUG TMXLevelLoader       - Parsed TiledMap: file:/E:/java%20project/tank/target/classes/assets/levels/test1.tmx
18:43:51.564 [FXGL Background Thread 2 ] DEBUG TMXLevelLoader       - Creating tile layer entities
18:43:51.565 [FXGL Background Thread 2 ] DEBUG TMXLevelLoader       - Creating object layer entities
18:43:51.640 [FXGL Background Thread 2 ] DEBUG GameWorld            - Clearing removable entities
18:43:51.641 [FXGL Background Thread 2 ] DEBUG GameWorld            - Setting level: com.almasb.fxgl.entity.level.Level@4f353d98
18:43:51.653 [FXGL Background Thread 2 ] DEBUG FXGLAssetLoaderServi - Loading from file system: file:/E:/java%20project/tank/target/classes/assets/textures/element/Tank.png
18:43:51.657 [FXGL Background Thread 2 ] DEBUG FXGLAssetLoaderServi - Loading from file system: file:/E:/java%20project/tank/target/classes/assets/textures/Enemytank.png
18:43:51.660 [FXGL Background Thread 2 ] DEBUG FXGLAssetLoaderServi - Loading from file system: file:/E:/java%20project/tank/target/classes/assets/textures/Chicken.png
18:43:51.665 [FXGL Background Thread 2 ] DEBUG FXGLAssetLoaderServi - Loading from file system: file:/E:/java%20project/tank/target/classes/assets/textures/BossTank.png
18:43:51.671 [FXGL Background Thread 2 ] INFO  FXGLApplication      - Game initialization took: 0.188 sec
18:43:51.672 [JavaFX Application Thread] DEBUG Input                - Clearing active input actions
18:43:51.679 [JavaFX Application Thread] DEBUG GameApplicationServi - Removing overlay from Loading_Scene and adding to GameScene
18:43:51.679 [JavaFX Application Thread] DEBUG PrimaryStageWindow   - Loading_Scene -> GameScene
18:43:52.644 [JavaFX Application Thread] DEBUG FXGLAssetLoaderServi - Loading from file system: file:/E:/java%20project/tank/target/classes/assets/textures/element/Enemybullet.png
18:43:52.709 [JavaFX Application Thread] DEBUG FXGLAssetLoaderServi - Loading from file system: file:/E:/java%20project/tank/target/classes/assets/textures/SmallBoom.png
18:43:53.652 [JavaFX Application Thread] DEBUG FXGLAssetLoaderServi - Loading from file system: file:/E:/java%20project/tank/target/classes/assets/sounds/boom.wav
18:43:53.737 [JavaFX Application Thread] DEBUG FXGLAssetLoaderServi - Loading from file system: file:/E:/java%20project/tank/target/classes/assets/textures/element/Bullet.png
18:43:58.952 [JavaFX Application Thread] DEBUG FXGLAssetLoaderServi - Loading from file system: file:/E:/java%20project/tank/target/classes/assets/textures/boom.png
18:43:58.966 [JavaFX Application Thread] DEBUG PrimaryStageWindow   - Push state: EggScene
18:43:58.966 [JavaFX Application Thread] DEBUG FXGLAssetLoaderServi - Loading from file system: file:/E:/java%20project/tank/target/classes/assets/music/chicken.mp3
18:43:58.980 [JavaFX Application Thread] DEBUG AudioPlayer          - Playing music com.almasb.fxgl.audio.Music@6ac78354
18:43:58.981 [JavaFX Application Thread] DEBUG Input                - Clearing active input actions
18:43:58.982 [JavaFX Application Thread] DEBUG GameApplicationServi - Removing overlay from GameScene and adding to EggScene
18:43:58.982 [JavaFX Application Thread] DEBUG PrimaryStageWindow   - GameScene -> EggScene
18:44:03.972 [JavaFX Application Thread] DEBUG PrimaryStageWindow   - Pop state: EggScene
18:44:03.972 [JavaFX Application Thread] DEBUG Input                - Clearing active input actions
18:44:03.972 [JavaFX Application Thread] DEBUG GameApplicationServi - Removing overlay from EggScene and adding to GameScene
18:44:03.973 [JavaFX Application Thread] DEBUG PrimaryStageWindow   - GameScene <- EggScene
18:44:03.976 [JavaFX Application Thread] WARN  TMXLevelLoader       - TiledMap generated from 1.8.4. Supported version: 1.4.2. Some features may not be parsed fully.
18:44:03.980 [JavaFX Application Thread] DEBUG TMXLevelLoader       - Parsed TiledMap: file:/E:/java%20project/tank/target/classes/assets/levels/Chicken.tmx
18:44:03.980 [JavaFX Application Thread] DEBUG TMXLevelLoader       - Creating tile layer entities
18:44:03.980 [JavaFX Application Thread] DEBUG TMXLevelLoader       - Creating object layer entities
18:44:04.001 [JavaFX Application Thread] DEBUG GameWorld            - Clearing removable entities
18:44:04.010 [JavaFX Application Thread] DEBUG GameWorld            - Setting level: com.almasb.fxgl.entity.level.Level@317b2cd8
18:44:04.015 [JavaFX Application Thread] DEBUG FXGLAssetLoaderServi - Loading from file system: file:/E:/java%20project/tank/target/classes/assets/textures/people.png
18:44:04.691 [JavaFX Application Thread] DEBUG FXGLAssetLoaderServi - Loading from file system: file:/E:/java%20project/tank/target/classes/assets/textures/element/Good.png
18:44:06.551 [JavaFX Application Thread] DEBUG PrimaryStageWindow   - Push state: FXGLDefaultMenu
18:44:06.557 [JavaFX Application Thread] DEBUG Input                - Clearing active input actions
18:44:06.559 [JavaFX Application Thread] DEBUG GameApplicationServi - Removing overlay from GameScene and adding to FXGLDefaultMenu
18:44:06.559 [JavaFX Application Thread] DEBUG PrimaryStageWindow   - GameScene -> FXGLDefaultMenu
18:44:08.160 [JavaFX Application Thread] DEBUG Menu                 - fireExitToMainMenu()
18:44:08.161 [JavaFX Application Thread] DEBUG PrimaryStageWindow   - Push state: DialogSubScene
18:44:08.161 [JavaFX Application Thread] DEBUG Input                - Clearing active input actions
18:44:08.161 [JavaFX Application Thread] DEBUG GameApplicationServi - Removing overlay from FXGLDefaultMenu and adding to DialogSubScene
18:44:08.161 [JavaFX Application Thread] DEBUG PrimaryStageWindow   - FXGLDefaultMenu -> DialogSubScene
18:44:09.157 [JavaFX Application Thread] DEBUG PrimaryStageWindow   - Pop state: DialogSubScene
18:44:09.157 [JavaFX Application Thread] DEBUG Input                - Clearing active input actions
18:44:09.160 [JavaFX Application Thread] DEBUG GameApplicationServi - Removing overlay from DialogSubScene and adding to FXGLDefaultMenu
18:44:09.160 [JavaFX Application Thread] DEBUG PrimaryStageWindow   - FXGLDefaultMenu <- DialogSubScene
18:44:09.164 [JavaFX Application Thread] DEBUG PrimaryStageWindow   - Pop state: FXGLDefaultMenu
18:44:09.164 [JavaFX Application Thread] DEBUG Input                - Clearing active input actions
18:44:09.164 [JavaFX Application Thread] DEBUG GameApplicationServi - Removing overlay from FXGLDefaultMenu and adding to GameScene
18:44:09.165 [JavaFX Application Thread] DEBUG PrimaryStageWindow   - GameScene <- FXGLDefaultMenu
18:44:09.165 [JavaFX Application Thread] DEBUG Input                - Clearing active input actions
18:44:09.177 [JavaFX Application Thread] DEBUG GameApplicationServi - Removing overlay from GameScene and adding to FXGLMainMenuDummyScene
18:44:09.177 [JavaFX Application Thread] DEBUG PrimaryStageWindow   - GameScene -> FXGLMainMenuDummyScene
18:44:09.177 [JavaFX Application Thread] DEBUG PrimaryStageWindow   - Push state: Main_menu
18:44:09.179 [JavaFX Application Thread] DEBUG Input                - Clearing active input actions
18:44:09.183 [JavaFX Application Thread] DEBUG GameApplicationServi - Removing overlay from FXGLMainMenuDummyScene and adding to Main_menu
18:44:09.183 [JavaFX Application Thread] DEBUG PrimaryStageWindow   - FXGLMainMenuDummyScene -> Main_menu
18:44:10.012 [JavaFX Application Thread] DEBUG FXGLApplication      - Exiting FXGL
18:44:10.012 [JavaFX Application Thread] DEBUG LoopRunner           - Stopping loop
18:44:10.012 [JavaFX Application Thread] DEBUG SystemBundleService  - Saving FXGL system data
18:44:10.016 [JavaFX Application Thread] DEBUG FileSystemAccess     - Writing to: E:\java project\tank\system\fxgl.bundle
18:44:10.018 [JavaFX Application Thread] DEBUG Async                - Shutting down background threads
18:44:10.018 [JavaFX Application Thread] DEBUG PrimaryStageWindow   - Closing main window
18:44:10.050 [JavaFX Application Thread] DEBUG Logger               - Closing Logger
