10:55:41.973 [main                     ] DEBUG Logger               - Configured Logger
10:55:41.990 [main                     ] DEBUG GameApplication      - Logging settings
Title: All star battle
Version: 0.1
Width: 2048
Height: 1152
Fullscreen: false
Intro: false
Profiling: false
Single step:false
App Mode: DEVELOPER
Menu Key: ESCAPE
Stage Style: DECORATED
Scene Factory: class com.kenny.tank.AllStarBattleApp$1

10:55:42.233 [JavaFX Application Thread] DEBUG FXGLApplication      - Initializing FXGL
10:55:42.236 [JavaFX Application Thread] INFO  Engine               - FXGL-17.1 (24.03.2022 17.34) on WINDOWS (J:17.0.6 FX:18)
10:55:42.237 [JavaFX Application Thread] DEBUG Engine               - JRE Vendor Name: Amazon.com Inc.
10:55:42.237 [JavaFX Application Thread] DEBUG Engine               - Running on OS: Windows 11 version 10.0
10:55:42.237 [JavaFX Application Thread] DEBUG Engine               - Architecture: amd64
10:55:42.237 [JavaFX Application Thread] INFO  Engine               - Source code and latest versions at: https://github.com/AlmasB/FXGL
10:55:42.237 [JavaFX Application Thread] INFO  Engine               -       Ask questions and discuss at: https://github.com/AlmasB/FXGL/discussions
10:55:42.237 [JavaFX Application Thread] INFO  Engine               -              Join the FXGL chat at: https://gitter.im/AlmasB/FXGL
10:55:42.279 [JavaFX Application Thread] DEBUG PrimaryStageWindow   - Creating a JavaFX scene
10:55:42.279 [JavaFX Application Thread] DEBUG PrimaryStageWindow   - Target size > screen size
10:55:42.303 [JavaFX Application Thread] DEBUG PrimaryStageWindow   - Target settings size: 2048.0 x 1152.0
10:55:42.303 [JavaFX Application Thread] DEBUG PrimaryStageWindow   - Scaled scene size:    1682.0 x 960.0
10:55:42.303 [JavaFX Application Thread] DEBUG PrimaryStageWindow   - Scaled ratio: (0.8212890625, 0.8333333333333334)
10:55:42.304 [JavaFX Application Thread] DEBUG PrimaryStageWindow   - Set initial scene to StartScene
10:55:42.307 [JavaFX Application Thread] DEBUG PrimaryStageWindow   - Opening main window
10:55:42.391 [JavaFX Application Thread] DEBUG PrimaryStageWindow   - Window border size: (14.6666259765625, 37.33331298828125)
10:55:42.391 [JavaFX Application Thread] DEBUG PrimaryStageWindow   - Scaled size: 1682.0 x 960.0
10:55:42.392 [JavaFX Application Thread] DEBUG PrimaryStageWindow   - Scaled ratio: (0.8212890625, 0.8333333333333334)
10:55:42.392 [JavaFX Application Thread] DEBUG PrimaryStageWindow   - Scene size: 1682.0 x 960.0
10:55:42.392 [JavaFX Application Thread] DEBUG PrimaryStageWindow   - Stage size: 1696.6666259765625 x 997.3333129882812
10:55:42.396 [FXGL Background Thread 1 ] DEBUG Engine               - Initializing environment variables
10:55:42.418 [FXGL Background Thread 1 ] DEBUG FXGLAssetLoaderServi - User app class for loading assets: class com.kenny.tank.AllStarBattleApp
10:55:42.418 [FXGL Background Thread 1 ] DEBUG GameApplicationServi - Applying CSS: fxgl_dark.css
10:55:42.418 [FXGL Background Thread 1 ] DEBUG FXGLAssetLoaderServi - Loading from file system: jar:file:///C:/Users/10273/.m2/repository/com/github/almasb/fxgl/17.1/fxgl-17.1.jar!/fxglassets/ui/css/fxgl_dark.css
10:55:42.449 [FXGL Background Thread 1 ] DEBUG GameApplicationServi - Applying CSS: tank.css
10:55:42.449 [FXGL Background Thread 1 ] DEBUG FXGLAssetLoaderServi - Loading from file system: file:/E:/java%20project/tank/target/classes/assets/ui/css/tank.css
10:55:42.450 [FXGL Background Thread 1 ] DEBUG GameApplicationServi - Initializing application scenes
10:55:42.453 [FXGL Background Thread 1 ] DEBUG GameWorld            - Game world initialized
10:55:42.491 [FXGL Background Thread 1 ] DEBUG PhysicsWorld         - Physics world initialized: appHeight=1152, physics.ppm=50.0
10:55:42.492 [FXGL Background Thread 1 ] DEBUG PhysicsWorld         - Using strategy: BRUTE_FORCE
10:55:42.495 [FXGL Background Thread 1 ] DEBUG GameScene            - Game scene initialized: 2048x1152
10:55:42.499 [FXGL Background Thread 1 ] DEBUG FXGLAssetLoaderServi - Loading from file system: file:/E:/java%20project/tank/target/classes/assets/textures/MainMenu.png
10:55:42.583 [FXGL Background Thread 1 ] DEBUG FXGLAssetLoaderServi - Loading from file system: file:/E:/java%20project/tank/target/classes/assets/textures/R-C.jpg
10:55:42.604 [FXGL Background Thread 1 ] DEBUG FXGL.DefaultMenu     - createMenuBodyGameMenu()
10:55:42.610 [FXGL Background Thread 1 ] DEBUG FXGL.DefaultMenu     - createOptionsMenu()
10:55:42.616 [FXGL Background Thread 1 ] DEBUG FXGLAssetLoaderServi - Loading from file system: jar:file:///C:/Users/10273/.m2/repository/com/github/almasb/fxgl/17.1/fxgl-17.1.jar!/fxglassets/textures/particles/smoke.png
10:55:42.678 [FXGL Background Thread 1 ] DEBUG FXGLAssetLoaderServi - Loading from file system: jar:file:///C:/Users/10273/.m2/repository/com/github/almasb/fxgl/17.1/fxgl-17.1.jar!/fxglassets/textures/particles/trace_horizontal.png
10:55:42.688 [FXGL Background Thread 1 ] DEBUG GameApplicationServi - Application scenes initialized
10:55:42.696 [FXGL Background Thread 1 ] DEBUG SystemBundleService  - Loading FXGL system data
10:55:42.699 [FXGL Background Thread 1 ] DEBUG FileSystemAccess     - Reading from: E:\java project\tank\system\fxgl.bundle
10:55:42.703 [FXGL Background Thread 1 ] DEBUG SystemBundleService  - Bundle FXGL: {}
10:55:42.704 [FXGL Background Thread 1 ] DEBUG UpdaterService       - Checking for updates
10:55:42.707 [FXGL Background Thread 4 ] DEBUG FXGLApplication      - Loading fonts
10:55:42.708 [FXGL Background Thread 4 ] DEBUG FXGLAssetLoaderServi - Loading from file system: jar:file:///C:/Users/10273/.m2/repository/com/github/almasb/fxgl/17.1/fxgl-17.1.jar!/fxglassets/ui/fonts/VarelaRound-Regular.ttf
10:55:42.708 [FXGL Background Thread 1 ] DEBUG FXGLApplication      - Loading default localization
10:55:42.709 [FXGL Background Thread 1 ] DEBUG FXGLAssetLoaderServi - Loading from file system: jar:file:///C:/Users/10273/.m2/repository/com/github/almasb/fxgl/17.1/fxgl-17.1.jar!/fxglassets/languages/english.lang
10:55:42.727 [FXGL Background Thread 1 ] INFO  FXGLApplication      - FXGL initialization took: 0.330 sec
10:55:42.733 [JavaFX Application Thread] DEBUG Input                - Registered new binding: action0 - Up
10:55:42.733 [JavaFX Application Thread] DEBUG Input                - Registered new binding: action1 - Down
10:55:42.734 [JavaFX Application Thread] DEBUG Input                - Registered new binding: action2 - Left
10:55:42.734 [JavaFX Application Thread] DEBUG Input                - Registered new binding: action3 - Right
10:55:42.735 [JavaFX Application Thread] DEBUG Input                - Registered new binding: action4 - Space
10:55:42.735 [JavaFX Application Thread] DEBUG FXGLAssetLoaderServi - Loading from file system: file:/E:/java%20project/tank/target/classes/assets/textures/joker.jpg
10:55:42.746 [JavaFX Application Thread] DEBUG FXGLAssetLoaderServi - Loading from file system: jar:file:///C:/Users/10273/.m2/repository/com/github/almasb/fxgl/17.1/fxgl-17.1.jar!/fxglassets/textures/fxgl_default_cursor.png
10:55:42.748 [JavaFX Application Thread] DEBUG Input                - Registered new binding: Screenshot - CTRL+8
10:55:42.748 [JavaFX Application Thread] DEBUG Input                - Registered new binding: System info dump - CTRL+9
10:55:42.748 [JavaFX Application Thread] DEBUG Input                - Registered new binding: Restart - CTRL+R
10:55:42.749 [JavaFX Application Thread] DEBUG Input                - Registered new binding: Toggle Debug Camera - CTRL+7
10:55:42.751 [JavaFX Application Thread] DEBUG LoopRunner           - Starting loop
10:55:42.751 [JavaFX Application Thread] DEBUG LoopRunner           - Initializing JavaFX AnimationTimerLoop
10:55:42.753 [FXGL Background Thread 4 ] DEBUG FXGLAssetLoaderServi - Loading from file system: jar:file:///C:/Users/10273/.m2/repository/com/github/almasb/fxgl/17.1/fxgl-17.1.jar!/fxglassets/ui/fonts/Abel-Regular.ttf
10:55:42.754 [JavaFX Application Thread] DEBUG Input                - Clearing active input actions
10:55:42.756 [FXGL Background Thread 4 ] DEBUG FXGLAssetLoaderServi - Loading from file system: jar:file:///C:/Users/10273/.m2/repository/com/github/almasb/fxgl/17.1/fxgl-17.1.jar!/fxglassets/ui/fonts/TerminalLandMono-Regular.otf
10:55:42.758 [FXGL Background Thread 4 ] DEBUG FXGLAssetLoaderServi - Loading from file system: jar:file:///C:/Users/10273/.m2/repository/com/github/almasb/fxgl/17.1/fxgl-17.1.jar!/fxglassets/ui/fonts/Courier-Prime.ttf
10:55:42.760 [JavaFX Application Thread] DEBUG GameApplicationServi - Removing overlay from StartScene and adding to FXGLMainMenuDummyScene
10:55:42.761 [JavaFX Application Thread] DEBUG PrimaryStageWindow   - StartScene -> FXGLMainMenuDummyScene
10:55:42.761 [JavaFX Application Thread] DEBUG PrimaryStageWindow   - Push state: Main_menu
10:55:42.762 [JavaFX Application Thread] DEBUG Input                - Clearing active input actions
10:55:42.769 [JavaFX Application Thread] DEBUG GameApplicationServi - Removing overlay from FXGLMainMenuDummyScene and adding to Main_menu
10:55:42.770 [JavaFX Application Thread] DEBUG PrimaryStageWindow   - FXGLMainMenuDummyScene -> Main_menu
10:55:42.876 [JavaFX Application Thread] DEBUG FXGLApplication      - Registering font factories with UI factory
10:55:43.435 [FXGL Background Thread 2 ] INFO  UpdaterService       - Your current version:  17.1
10:55:43.435 [FXGL Background Thread 2 ] INFO  UpdaterService       - Latest stable version: 17.3
10:55:45.706 [FXGL Background Thread 3 ] DEBUG Engine               - Logging environment variables
10:55:45.707 [FXGL Background Thread 3 ] DEBUG Engine               - achievements: []
10:55:45.707 [FXGL Background Thread 3 ] DEBUG Engine               - actualHeight: 960.0
10:55:45.707 [FXGL Background Thread 3 ] DEBUG Engine               - actualHeightProperty: ReadOnlyDoubleProperty [value: 960.0]
10:55:45.707 [FXGL Background Thread 3 ] DEBUG Engine               - actualWidth: 1682.0
10:55:45.708 [FXGL Background Thread 3 ] DEBUG Engine               - actualWidthProperty: ReadOnlyDoubleProperty [value: 1682.0]
10:55:45.708 [FXGL Background Thread 3 ] DEBUG Engine               - appIcon: joker.jpg
10:55:45.708 [FXGL Background Thread 3 ] DEBUG Engine               - applicationMode: DEVELOPER
10:55:45.708 [FXGL Background Thread 3 ] DEBUG Engine               - cSSList: [fxgl_dark.css, tank.css]
10:55:45.709 [FXGL Background Thread 3 ] DEBUG Engine               - collisionDetectionStrategy: BRUTE_FORCE
10:55:45.710 [FXGL Background Thread 3 ] DEBUG Engine               - configClass: Optional.empty
10:55:45.711 [FXGL Background Thread 3 ] DEBUG Engine               - credits: []
10:55:45.712 [FXGL Background Thread 3 ] DEBUG Engine               - defaultCursor: CursorInfo(imageName=fxgl_default_cursor.png, hotspotX=7.0, hotspotY=6.0)
10:55:45.712 [FXGL Background Thread 3 ] DEBUG Engine               - devBBoxColorProperty: ObjectProperty [value: 0xff0000ff]
10:55:45.712 [FXGL Background Thread 3 ] DEBUG Engine               - devEnableDebugCameraProperty: BooleanProperty [value: false]
10:55:45.712 [FXGL Background Thread 3 ] DEBUG Engine               - devSensorColorProperty: ObjectProperty [value: 0xffff00ff]
10:55:45.712 [FXGL Background Thread 3 ] DEBUG Engine               - devShowBBoxProperty: BooleanProperty [value: false]
10:55:45.712 [FXGL Background Thread 3 ] DEBUG Engine               - devShowPositionProperty: BooleanProperty [value: false]
10:55:45.713 [FXGL Background Thread 3 ] DEBUG Engine               - enabledMenuItems: []
10:55:45.713 [FXGL Background Thread 3 ] DEBUG Engine               - engineServices: [class com.almasb.fxgl.app.services.FXGLAssetLoaderService, class com.almasb.fxgl.app.FXGLApplication$GameApplicationService, class com.almasb.fxgl.app.services.FXGLDialogService, class com.almasb.fxgl.app.services.IOTaskExecutorService, class com.almasb.fxgl.io.FileSystemService, class com.almasb.fxgl.localization.LocalizationService, class com.almasb.fxgl.app.services.SystemBundleService, class com.almasb.fxgl.profile.SaveLoadService, class com.almasb.fxgl.ui.FXGLUIFactoryServiceProvider, class com.almasb.fxgl.ui.FXGLDialogFactoryServiceProvider, class com.almasb.fxgl.audio.AudioPlayer, class com.almasb.fxgl.notification.impl.NotificationServiceProvider, class com.almasb.fxgl.achievement.AchievementService, class com.almasb.fxgl.cutscene.CutsceneService, class com.almasb.fxgl.minigames.MiniGameService, class com.almasb.fxgl.net.NetService, class com.almasb.fxgl.app.services.UpdaterService, class com.almasb.fxgl.dev.DevService]
10:55:45.713 [FXGL Background Thread 3 ] DEBUG Engine               - fontGame: Abel-Regular.ttf
10:55:45.713 [FXGL Background Thread 3 ] DEBUG Engine               - fontMono: TerminalLandMono-Regular.otf
10:55:45.713 [FXGL Background Thread 3 ] DEBUG Engine               - fontText: Courier-Prime.ttf
10:55:45.713 [FXGL Background Thread 3 ] DEBUG Engine               - fontUI: VarelaRound-Regular.ttf
10:55:45.713 [FXGL Background Thread 3 ] DEBUG Engine               - fullScreen: BooleanProperty [value: false]
10:55:45.713 [FXGL Background Thread 3 ] DEBUG Engine               - gameDifficulty: MEDIUM
10:55:45.713 [FXGL Background Thread 3 ] DEBUG Engine               - gameDifficultyProperty: ObjectProperty [value: MEDIUM]
10:55:45.713 [FXGL Background Thread 3 ] DEBUG Engine               - globalMusicVolume: 0.5
10:55:45.713 [FXGL Background Thread 3 ] DEBUG Engine               - globalMusicVolumeProperty: DoubleProperty [value: 0.5]
10:55:45.714 [FXGL Background Thread 3 ] DEBUG Engine               - globalSoundVolume: 0.5
10:55:45.714 [FXGL Background Thread 3 ] DEBUG Engine               - globalSoundVolumeProperty: DoubleProperty [value: 0.8]
10:55:45.714 [FXGL Background Thread 3 ] DEBUG Engine               - height: 1152
10:55:45.714 [FXGL Background Thread 3 ] DEBUG Engine               - is3D: false
10:55:45.714 [FXGL Background Thread 3 ] DEBUG Engine               - isAndroid: false
10:55:45.714 [FXGL Background Thread 3 ] DEBUG Engine               - isBrowser: false
10:55:45.714 [FXGL Background Thread 3 ] DEBUG Engine               - isClickFeedbackEnabled: false
10:55:45.714 [FXGL Background Thread 3 ] DEBUG Engine               - isCloseConfirmation: false
10:55:45.714 [FXGL Background Thread 3 ] DEBUG Engine               - isDesktop: true
10:55:45.714 [FXGL Background Thread 3 ] DEBUG Engine               - isDeveloperMenuEnabled: false
10:55:45.714 [FXGL Background Thread 3 ] DEBUG Engine               - isEmbedded: false
10:55:45.714 [FXGL Background Thread 3 ] DEBUG Engine               - isEntityPreloadEnabled: true
10:55:45.714 [FXGL Background Thread 3 ] DEBUG Engine               - isExperimentalTiledLargeMap: false
10:55:45.714 [FXGL Background Thread 3 ] DEBUG Engine               - isFileSystemWriteAllowed: true
10:55:45.715 [FXGL Background Thread 3 ] DEBUG Engine               - isFullScreenAllowed: false
10:55:45.715 [FXGL Background Thread 3 ] DEBUG Engine               - isFullScreenFromStart: false
10:55:45.715 [FXGL Background Thread 3 ] DEBUG Engine               - isGameMenuEnabled: true
10:55:45.715 [FXGL Background Thread 3 ] DEBUG Engine               - isIOS: false
10:55:45.715 [FXGL Background Thread 3 ] DEBUG Engine               - isIntroEnabled: false
10:55:45.715 [FXGL Background Thread 3 ] DEBUG Engine               - isLinux: false
10:55:45.715 [FXGL Background Thread 3 ] DEBUG Engine               - isMac: false
10:55:45.715 [FXGL Background Thread 3 ] DEBUG Engine               - isMainMenuEnabled: true
10:55:45.715 [FXGL Background Thread 3 ] DEBUG Engine               - isManualResizeEnabled: false
10:55:45.716 [FXGL Background Thread 3 ] DEBUG Engine               - isMobile: false
10:55:45.716 [FXGL Background Thread 3 ] DEBUG Engine               - isNative: false
10:55:45.716 [FXGL Background Thread 3 ] DEBUG Engine               - isPauseMusicWhenMinimized: true
10:55:45.716 [FXGL Background Thread 3 ] DEBUG Engine               - isPreserveResizeRatio: false
10:55:45.716 [FXGL Background Thread 3 ] DEBUG Engine               - isProfilingEnabled: false
10:55:45.716 [FXGL Background Thread 3 ] DEBUG Engine               - isScaleAffectedOnResize: true
10:55:45.716 [FXGL Background Thread 3 ] DEBUG Engine               - isSingleStep: false
10:55:45.716 [FXGL Background Thread 3 ] DEBUG Engine               - isUserProfileEnabled: false
10:55:45.716 [FXGL Background Thread 3 ] DEBUG Engine               - isWindows: true
10:55:45.716 [FXGL Background Thread 3 ] DEBUG Engine               - language: ObjectProperty [value: ENGLISH]
10:55:45.716 [FXGL Background Thread 3 ] DEBUG Engine               - menuKey: ESCAPE
10:55:45.716 [FXGL Background Thread 3 ] DEBUG Engine               - mouseSensitivity: 0.2
10:55:45.716 [FXGL Background Thread 3 ] DEBUG Engine               - notificationViewClass: class com.almasb.fxgl.notification.view.XboxNotificationView
10:55:45.716 [FXGL Background Thread 3 ] DEBUG Engine               - pixelsPerMeter: 50.0
10:55:45.716 [FXGL Background Thread 3 ] DEBUG Engine               - platform: WINDOWS
10:55:45.716 [FXGL Background Thread 3 ] DEBUG Engine               - prefHeightProperty: ReadOnlyDoubleProperty [value: 1152.0]
10:55:45.716 [FXGL Background Thread 3 ] DEBUG Engine               - prefWidthProperty: ReadOnlyDoubleProperty [value: 2048.0]
10:55:45.716 [FXGL Background Thread 3 ] DEBUG Engine               - profileDir: profiles/
10:55:45.716 [FXGL Background Thread 3 ] DEBUG Engine               - profileName: StringProperty [value: DEFAULT]
10:55:45.716 [FXGL Background Thread 3 ] DEBUG Engine               - randomSeed: -1
10:55:45.717 [FXGL Background Thread 3 ] DEBUG Engine               - runtimeInfo: RuntimeInfo(platform=WINDOWS, version=17.1, build=24.03.2022 17.34)
10:55:45.717 [FXGL Background Thread 3 ] DEBUG Engine               - saveFileExt: sav
10:55:45.717 [FXGL Background Thread 3 ] DEBUG Engine               - scaledHeightProp$fxgl: DoubleProperty [bound, value: 960.0]
10:55:45.717 [FXGL Background Thread 3 ] DEBUG Engine               - scaledWidthProp$fxgl: DoubleProperty [bound, value: 1682.0]
10:55:45.717 [FXGL Background Thread 3 ] DEBUG Engine               - sceneFactory: com.kenny.tank.AllStarBattleApp$1@4624b78e
10:55:45.717 [FXGL Background Thread 3 ] DEBUG Engine               - secondsIn24h: 60
10:55:45.717 [FXGL Background Thread 3 ] DEBUG Engine               - soundMenuBack: menu/back.wav
10:55:45.717 [FXGL Background Thread 3 ] DEBUG Engine               - soundMenuPress: menu/press.wav
10:55:45.717 [FXGL Background Thread 3 ] DEBUG Engine               - soundMenuSelect: menu/select.wav
10:55:45.717 [FXGL Background Thread 3 ] DEBUG Engine               - soundNotification: core/notification.wav
10:55:45.717 [FXGL Background Thread 3 ] DEBUG Engine               - stageStyle: DECORATED
10:55:45.717 [FXGL Background Thread 3 ] DEBUG Engine               - supportedLanguages: [ENGLISH, FRENCH, GERMAN, HUNGARIAN, RUSSIAN]
10:55:45.717 [FXGL Background Thread 3 ] DEBUG Engine               - ticksPerSecond: -1
10:55:45.717 [FXGL Background Thread 3 ] DEBUG Engine               - title: All star battle
10:55:45.717 [FXGL Background Thread 3 ] DEBUG Engine               - urlGithub: https://github.com/AlmasB/FXGL
10:55:45.717 [FXGL Background Thread 3 ] DEBUG Engine               - urlLeaderboard: http://fxgl-top.herokuapp.com/
10:55:45.717 [FXGL Background Thread 3 ] DEBUG Engine               - urlPOM: https://raw.githubusercontent.com/AlmasB/FXGL/release/README.md
10:55:45.717 [FXGL Background Thread 3 ] DEBUG Engine               - userAppClass: class com.kenny.tank.AllStarBattleApp
10:55:45.717 [FXGL Background Thread 3 ] DEBUG Engine               - version: 0.1
10:55:45.717 [FXGL Background Thread 3 ] DEBUG Engine               - versionCheckDays: 7
10:55:45.717 [FXGL Background Thread 3 ] DEBUG Engine               - width: 2048
10:55:45.717 [FXGL Background Thread 3 ] DEBUG Engine               - Logging services
10:55:45.717 [FXGL Background Thread 3 ] DEBUG Engine               - class com.almasb.fxgl.app.services.FXGLAssetLoaderService
10:55:45.717 [FXGL Background Thread 3 ] DEBUG Engine               - class com.almasb.fxgl.app.FXGLApplication$GameApplicationService
10:55:45.717 [FXGL Background Thread 3 ] DEBUG Engine               - class com.almasb.fxgl.app.services.FXGLDialogService
10:55:45.717 [FXGL Background Thread 3 ] DEBUG Engine               - class com.almasb.fxgl.app.services.IOTaskExecutorService
10:55:45.717 [FXGL Background Thread 3 ] DEBUG Engine               - class com.almasb.fxgl.io.FileSystemService
10:55:45.717 [FXGL Background Thread 3 ] DEBUG Engine               - class com.almasb.fxgl.localization.LocalizationService
10:55:45.717 [FXGL Background Thread 3 ] DEBUG Engine               - class com.almasb.fxgl.app.services.SystemBundleService
10:55:45.717 [FXGL Background Thread 3 ] DEBUG Engine               - class com.almasb.fxgl.profile.SaveLoadService
10:55:45.717 [FXGL Background Thread 3 ] DEBUG Engine               - class com.almasb.fxgl.ui.FXGLUIFactoryServiceProvider
10:55:45.717 [FXGL Background Thread 3 ] DEBUG Engine               - class com.almasb.fxgl.ui.FXGLDialogFactoryServiceProvider
10:55:45.717 [FXGL Background Thread 3 ] DEBUG Engine               - class com.almasb.fxgl.audio.AudioPlayer
10:55:45.717 [FXGL Background Thread 3 ] DEBUG Engine               - class com.almasb.fxgl.notification.impl.NotificationServiceProvider
10:55:45.717 [FXGL Background Thread 3 ] DEBUG Engine               - class com.almasb.fxgl.achievement.AchievementService
10:55:45.717 [FXGL Background Thread 3 ] DEBUG Engine               - class com.almasb.fxgl.cutscene.CutsceneService
10:55:45.718 [FXGL Background Thread 3 ] DEBUG Engine               - class com.almasb.fxgl.minigames.MiniGameService
10:55:45.718 [FXGL Background Thread 3 ] DEBUG Engine               - class com.almasb.fxgl.net.NetService
10:55:45.718 [FXGL Background Thread 3 ] DEBUG Engine               - class com.almasb.fxgl.app.services.UpdaterService
10:55:45.718 [FXGL Background Thread 3 ] DEBUG Engine               - class com.almasb.fxgl.dev.DevService
10:55:46.893 [JavaFX Application Thread] DEBUG FXGLApplication      - Exiting FXGL
10:55:46.894 [JavaFX Application Thread] DEBUG LoopRunner           - Stopping loop
10:55:46.894 [JavaFX Application Thread] DEBUG SystemBundleService  - Saving FXGL system data
10:55:46.897 [JavaFX Application Thread] DEBUG FileSystemAccess     - Writing to: E:\java project\tank\system\fxgl.bundle
10:55:46.899 [JavaFX Application Thread] DEBUG Async                - Shutting down background threads
10:55:46.900 [JavaFX Application Thread] DEBUG PrimaryStageWindow   - Closing main window
10:55:46.914 [JavaFX Application Thread] DEBUG Logger               - Closing Logger
