22:01:30.699 [main                     ] DEBUG Logger               - Configured Logger
22:01:30.720 [main                     ] DEBUG GameApplication      - Logging settings
Title: All star battle
Version: 0.1
Width: 2048
Height: 1152
Fullscreen: false
Intro: false
Profiling: false
Single step:false
App Mode: DEVELOPER
Menu Key: ESCAPE
Stage Style: DECORATED
Scene Factory: class com.almasb.fxgl.app.scene.SceneFactory

22:01:30.980 [JavaFX Application Thread] DEBUG FXGLApplication      - Initializing FXGL
22:01:30.984 [JavaFX Application Thread] INFO  Engine               - FXGL-17.1 (24.03.2022 17.34) on WINDOWS (J:17.0.6 FX:18)
22:01:30.984 [JavaFX Application Thread] DEBUG Engine               - JRE Vendor Name: Amazon.com Inc.
22:01:30.984 [JavaFX Application Thread] DEBUG Engine               - Running on OS: Windows 11 version 10.0
22:01:30.984 [JavaFX Application Thread] DEBUG Engine               - Architecture: amd64
22:01:30.984 [JavaFX Application Thread] INFO  Engine               - Source code and latest versions at: https://github.com/AlmasB/FXGL
22:01:30.984 [JavaFX Application Thread] INFO  Engine               -       Ask questions and discuss at: https://github.com/AlmasB/FXGL/discussions
22:01:30.984 [JavaFX Application Thread] INFO  Engine               -              Join the FXGL chat at: https://gitter.im/AlmasB/FXGL
22:01:31.033 [JavaFX Application Thread] DEBUG PrimaryStageWindow   - Creating a JavaFX scene
22:01:31.033 [JavaFX Application Thread] DEBUG PrimaryStageWindow   - Target size > screen size
22:01:31.058 [JavaFX Application Thread] DEBUG PrimaryStageWindow   - Target settings size: 2048.0 x 1152.0
22:01:31.058 [JavaFX Application Thread] DEBUG PrimaryStageWindow   - Scaled scene size:    1682.0 x 960.0
22:01:31.058 [JavaFX Application Thread] DEBUG PrimaryStageWindow   - Scaled ratio: (0.8212890625, 0.8333333333333334)
22:01:31.060 [JavaFX Application Thread] DEBUG PrimaryStageWindow   - Set initial scene to FXGLStartupScene
22:01:31.063 [JavaFX Application Thread] DEBUG PrimaryStageWindow   - Opening main window
22:01:31.159 [JavaFX Application Thread] DEBUG PrimaryStageWindow   - Window border size: (14.6666259765625, 37.33331298828125)
22:01:31.159 [JavaFX Application Thread] DEBUG PrimaryStageWindow   - Scaled size: 1682.0 x 960.0
22:01:31.159 [JavaFX Application Thread] DEBUG PrimaryStageWindow   - Scaled ratio: (0.8212890625, 0.8333333333333334)
22:01:31.159 [JavaFX Application Thread] DEBUG PrimaryStageWindow   - Scene size: 1682.0 x 960.0
22:01:31.159 [JavaFX Application Thread] DEBUG PrimaryStageWindow   - Stage size: 1696.6666259765625 x 997.3333129882812
22:01:31.164 [FXGL Background Thread 1 ] DEBUG Engine               - Initializing environment variables
22:01:31.183 [FXGL Background Thread 1 ] DEBUG FXGLAssetLoaderServi - User app class for loading assets: class com.kenny.tank.TankApp
22:01:31.183 [FXGL Background Thread 1 ] DEBUG GameApplicationServi - Applying CSS: fxgl_dark.css
22:01:31.184 [FXGL Background Thread 1 ] DEBUG FXGLAssetLoaderServi - Loading from file system: jar:file:///C:/Users/10273/.m2/repository/com/github/almasb/fxgl/17.1/fxgl-17.1.jar!/fxglassets/ui/css/fxgl_dark.css
22:01:31.219 [FXGL Background Thread 1 ] DEBUG GameApplicationServi - Initializing application scenes
22:01:31.267 [FXGL Background Thread 1 ] DEBUG GameWorld            - Game world initialized
22:01:31.302 [FXGL Background Thread 1 ] DEBUG PhysicsWorld         - Physics world initialized: appHeight=1152, physics.ppm=50.0
22:01:31.302 [FXGL Background Thread 1 ] DEBUG PhysicsWorld         - Using strategy: BRUTE_FORCE
22:01:31.305 [FXGL Background Thread 1 ] DEBUG GameScene            - Game scene initialized: 2048x1152
22:01:31.311 [FXGL Background Thread 1 ] DEBUG FXGL.DefaultMenu     - createMenuBodyMainMenu()
22:01:31.320 [FXGL Background Thread 1 ] DEBUG FXGL.DefaultMenu     - createOptionsMenu()
22:01:31.328 [FXGL Background Thread 1 ] DEBUG FXGLAssetLoaderServi - Loading from file system: jar:file:///C:/Users/10273/.m2/repository/com/github/almasb/fxgl/17.1/fxgl-17.1.jar!/fxglassets/textures/particles/smoke.png
22:01:31.385 [FXGL Background Thread 1 ] DEBUG FXGLAssetLoaderServi - Loading from file system: jar:file:///C:/Users/10273/.m2/repository/com/github/almasb/fxgl/17.1/fxgl-17.1.jar!/fxglassets/textures/particles/trace_horizontal.png
22:01:31.404 [FXGL Background Thread 1 ] DEBUG FXGL.DefaultMenu     - createMenuBodyGameMenu()
22:01:31.405 [FXGL Background Thread 1 ] DEBUG FXGL.DefaultMenu     - createOptionsMenu()
22:01:31.414 [FXGL Background Thread 1 ] DEBUG GameApplicationServi - Application scenes initialized
22:01:31.420 [FXGL Background Thread 1 ] DEBUG SystemBundleService  - Loading FXGL system data
22:01:31.423 [FXGL Background Thread 1 ] DEBUG FileSystemAccess     - Reading from: E:\java project\tank\system\fxgl.bundle
22:01:31.427 [FXGL Background Thread 1 ] DEBUG SystemBundleService  - Bundle FXGL: {}
22:01:31.427 [FXGL Background Thread 1 ] DEBUG UpdaterService       - Checking for updates
22:01:31.430 [FXGL Background Thread 4 ] DEBUG FXGLApplication      - Loading fonts
22:01:31.431 [FXGL Background Thread 1 ] DEBUG FXGLApplication      - Loading default localization
22:01:31.431 [FXGL Background Thread 4 ] DEBUG FXGLAssetLoaderServi - Loading from file system: jar:file:///C:/Users/10273/.m2/repository/com/github/almasb/fxgl/17.1/fxgl-17.1.jar!/fxglassets/ui/fonts/VarelaRound-Regular.ttf
22:01:31.431 [FXGL Background Thread 1 ] DEBUG FXGLAssetLoaderServi - Loading from file system: jar:file:///C:/Users/10273/.m2/repository/com/github/almasb/fxgl/17.1/fxgl-17.1.jar!/fxglassets/languages/english.lang
22:01:31.450 [FXGL Background Thread 1 ] INFO  FXGLApplication      - FXGL initialization took: 0.287 sec
22:01:31.460 [JavaFX Application Thread] DEBUG Input                - Registered new binding: action0 - Up
22:01:31.461 [JavaFX Application Thread] DEBUG Input                - Registered new binding: action1 - Down
22:01:31.461 [JavaFX Application Thread] DEBUG Input                - Registered new binding: action2 - Left
22:01:31.461 [JavaFX Application Thread] DEBUG Input                - Registered new binding: action3 - Right
22:01:31.462 [JavaFX Application Thread] DEBUG Input                - Registered new binding: action4 - Space
22:01:31.462 [JavaFX Application Thread] DEBUG FXGLAssetLoaderServi - Loading from file system: file:/E:/java%20project/tank/target/classes/assets/textures/joker.jpg
22:01:31.476 [JavaFX Application Thread] DEBUG FXGLAssetLoaderServi - Loading from file system: jar:file:///C:/Users/10273/.m2/repository/com/github/almasb/fxgl/17.1/fxgl-17.1.jar!/fxglassets/textures/fxgl_default_cursor.png
22:01:31.482 [JavaFX Application Thread] DEBUG Input                - Registered new binding: Screenshot - CTRL+8
22:01:31.483 [JavaFX Application Thread] DEBUG Input                - Registered new binding: System info dump - CTRL+9
22:01:31.483 [JavaFX Application Thread] DEBUG Input                - Registered new binding: Restart - CTRL+R
22:01:31.484 [JavaFX Application Thread] DEBUG Input                - Registered new binding: Toggle Debug Camera - CTRL+7
22:01:31.485 [JavaFX Application Thread] DEBUG LoopRunner           - Starting loop
22:01:31.485 [JavaFX Application Thread] DEBUG LoopRunner           - Initializing JavaFX AnimationTimerLoop
22:01:31.487 [JavaFX Application Thread] DEBUG Input                - Clearing active input actions
22:01:31.488 [FXGL Background Thread 4 ] DEBUG FXGLAssetLoaderServi - Loading from file system: jar:file:///C:/Users/10273/.m2/repository/com/github/almasb/fxgl/17.1/fxgl-17.1.jar!/fxglassets/ui/fonts/Abel-Regular.ttf
22:01:31.490 [FXGL Background Thread 4 ] DEBUG FXGLAssetLoaderServi - Loading from file system: jar:file:///C:/Users/10273/.m2/repository/com/github/almasb/fxgl/17.1/fxgl-17.1.jar!/fxglassets/ui/fonts/TerminalLandMono-Regular.otf
22:01:31.493 [JavaFX Application Thread] DEBUG GameApplicationServi - Removing overlay from FXGLStartupScene and adding to FXGLMainMenuDummyScene
22:01:31.493 [JavaFX Application Thread] DEBUG PrimaryStageWindow   - FXGLStartupScene -> FXGLMainMenuDummyScene
22:01:31.493 [JavaFX Application Thread] DEBUG PrimaryStageWindow   - Push state: FXGLDefaultMenu
22:01:31.493 [FXGL Background Thread 4 ] DEBUG FXGLAssetLoaderServi - Loading from file system: jar:file:///C:/Users/10273/.m2/repository/com/github/almasb/fxgl/17.1/fxgl-17.1.jar!/fxglassets/ui/fonts/Courier-Prime.ttf
22:01:31.503 [JavaFX Application Thread] DEBUG Input                - Clearing active input actions
22:01:31.508 [JavaFX Application Thread] DEBUG GameApplicationServi - Removing overlay from FXGLMainMenuDummyScene and adding to FXGLDefaultMenu
22:01:31.509 [JavaFX Application Thread] DEBUG PrimaryStageWindow   - FXGLMainMenuDummyScene -> FXGLDefaultMenu
22:01:31.513 [JavaFX Application Thread] DEBUG FXGLApplication      - Registering font factories with UI factory
22:01:31.887 [FXGL Background Thread 2 ] INFO  UpdaterService       - Your current version:  17.1
22:01:31.887 [FXGL Background Thread 2 ] INFO  UpdaterService       - Latest stable version: 17.2
22:01:32.139 [JavaFX Application Thread] DEBUG Menu                 - fireNewGame()
22:01:32.140 [JavaFX Application Thread] DEBUG GameApplicationServi - Starting new game
22:01:32.141 [JavaFX Application Thread] DEBUG PrimaryStageWindow   - Pop state: FXGLDefaultMenu
22:01:32.142 [JavaFX Application Thread] DEBUG Input                - Clearing active input actions
22:01:32.142 [JavaFX Application Thread] DEBUG GameApplicationServi - Removing overlay from FXGLDefaultMenu and adding to FXGLMainMenuDummyScene
22:01:32.143 [JavaFX Application Thread] DEBUG PrimaryStageWindow   - FXGLMainMenuDummyScene <- FXGLDefaultMenu
22:01:32.143 [JavaFX Application Thread] DEBUG Input                - Clearing active input actions
22:01:32.147 [JavaFX Application Thread] DEBUG GameApplicationServi - Removing overlay from FXGLMainMenuDummyScene and adding to FXGLLoadingScene
22:01:32.147 [JavaFX Application Thread] DEBUG PrimaryStageWindow   - FXGLMainMenuDummyScene -> FXGLLoadingScene
22:01:32.148 [JavaFX Application Thread] DEBUG GameApplicationServi - Clearing previous game
22:01:32.148 [JavaFX Application Thread] DEBUG GameScene            - Clearing game scene
22:01:32.148 [JavaFX Application Thread] DEBUG GameWorld            - Clearing game world
22:01:32.148 [JavaFX Application Thread] DEBUG PhysicsWorld         - Clearing physics world
22:01:32.150 [FXGL Background Thread 2 ] DEBUG FXGLApplication      - Initializing game
22:01:32.173 [FXGL Background Thread 2 ] WARN  TMXLevelLoader       - TiledMap generated from 1.8.4. Supported version: 1.4.2. Some features may not be parsed fully.
22:01:32.191 [FXGL Background Thread 2 ] DEBUG TMXLevelLoader       - Parsed TiledMap: file:/E:/java%20project/tank/target/classes/assets/levels/test.tmx
22:01:32.192 [FXGL Background Thread 2 ] DEBUG TMXLevelLoader       - Creating tile layer entities
22:01:32.193 [FXGL Background Thread 2 ] DEBUG TMXLevelLoader       - Creating object layer entities
22:01:32.262 [FXGL Background Thread 2 ] DEBUG GameWorld            - Clearing removable entities
22:01:32.262 [FXGL Background Thread 2 ] DEBUG GameWorld            - Setting level: com.almasb.fxgl.entity.level.Level@3a30cd40
22:01:32.272 [FXGL Background Thread 2 ] DEBUG FXGLAssetLoaderServi - Loading from file system: file:/E:/java%20project/tank/target/classes/assets/textures/element/Tank.png
22:01:32.275 [FXGL Background Thread 2 ] DEBUG FXGLAssetLoaderServi - Loading from file system: file:/E:/java%20project/tank/target/classes/assets/textures/Enemytank.png
22:01:32.277 [FXGL Background Thread 2 ] INFO  FXGLApplication      - Game initialization took: 0.126 sec
22:01:32.277 [JavaFX Application Thread] DEBUG Input                - Clearing active input actions
22:01:32.281 [JavaFX Application Thread] DEBUG GameApplicationServi - Removing overlay from FXGLLoadingScene and adding to GameScene
22:01:32.282 [JavaFX Application Thread] DEBUG PrimaryStageWindow   - FXGLLoadingScene -> GameScene
22:01:32.580 [JavaFX Application Thread] DEBUG FXGLAssetLoaderServi - Loading from file system: file:/E:/java%20project/tank/target/classes/assets/textures/element/Enemybullet.png
22:01:33.280 [JavaFX Application Thread] DEBUG FXGLAssetLoaderServi - Loading from file system: file:/E:/java%20project/tank/target/classes/assets/textures/SmallBoom.png
22:01:33.531 [JavaFX Application Thread] DEBUG FXGLAssetLoaderServi - Loading from file system: file:/E:/java%20project/tank/target/classes/assets/sounds/boom.wav
22:01:33.576 [JavaFX Application Thread] DEBUG FXGLAssetLoaderServi - Loading from file system: file:/E:/java%20project/tank/target/classes/assets/textures/element/Bullet.png
22:01:34.432 [FXGL Background Thread 3 ] DEBUG Engine               - Logging environment variables
22:01:34.432 [FXGL Background Thread 3 ] DEBUG Engine               - achievements: []
22:01:34.432 [FXGL Background Thread 3 ] DEBUG Engine               - actualHeight: 960.0
22:01:34.432 [FXGL Background Thread 3 ] DEBUG Engine               - actualHeightProperty: ReadOnlyDoubleProperty [value: 960.0]
22:01:34.432 [FXGL Background Thread 3 ] DEBUG Engine               - actualWidth: 1682.0
22:01:34.432 [FXGL Background Thread 3 ] DEBUG Engine               - actualWidthProperty: ReadOnlyDoubleProperty [value: 1682.0]
22:01:34.432 [FXGL Background Thread 3 ] DEBUG Engine               - appIcon: joker.jpg
22:01:34.432 [FXGL Background Thread 3 ] DEBUG Engine               - applicationMode: DEVELOPER
22:01:34.433 [FXGL Background Thread 3 ] DEBUG Engine               - cSSList: [fxgl_dark.css]
22:01:34.433 [FXGL Background Thread 3 ] DEBUG Engine               - collisionDetectionStrategy: BRUTE_FORCE
22:01:34.433 [FXGL Background Thread 3 ] DEBUG Engine               - configClass: Optional.empty
22:01:34.433 [FXGL Background Thread 3 ] DEBUG Engine               - credits: []
22:01:34.433 [FXGL Background Thread 3 ] DEBUG Engine               - defaultCursor: CursorInfo(imageName=fxgl_default_cursor.png, hotspotX=7.0, hotspotY=6.0)
22:01:34.433 [FXGL Background Thread 3 ] DEBUG Engine               - devBBoxColorProperty: ObjectProperty [value: 0xff0000ff]
22:01:34.433 [FXGL Background Thread 3 ] DEBUG Engine               - devEnableDebugCameraProperty: BooleanProperty [value: false]
22:01:34.433 [FXGL Background Thread 3 ] DEBUG Engine               - devSensorColorProperty: ObjectProperty [value: 0xffff00ff]
22:01:34.433 [FXGL Background Thread 3 ] DEBUG Engine               - devShowBBoxProperty: BooleanProperty [value: false]
22:01:34.433 [FXGL Background Thread 3 ] DEBUG Engine               - devShowPositionProperty: BooleanProperty [value: false]
22:01:34.433 [FXGL Background Thread 3 ] DEBUG Engine               - enabledMenuItems: []
22:01:34.434 [FXGL Background Thread 3 ] DEBUG Engine               - engineServices: [class com.almasb.fxgl.app.services.FXGLAssetLoaderService, class com.almasb.fxgl.app.FXGLApplication$GameApplicationService, class com.almasb.fxgl.app.services.FXGLDialogService, class com.almasb.fxgl.app.services.IOTaskExecutorService, class com.almasb.fxgl.io.FileSystemService, class com.almasb.fxgl.localization.LocalizationService, class com.almasb.fxgl.app.services.SystemBundleService, class com.almasb.fxgl.profile.SaveLoadService, class com.almasb.fxgl.ui.FXGLUIFactoryServiceProvider, class com.almasb.fxgl.ui.FXGLDialogFactoryServiceProvider, class com.almasb.fxgl.audio.AudioPlayer, class com.almasb.fxgl.notification.impl.NotificationServiceProvider, class com.almasb.fxgl.achievement.AchievementService, class com.almasb.fxgl.cutscene.CutsceneService, class com.almasb.fxgl.minigames.MiniGameService, class com.almasb.fxgl.net.NetService, class com.almasb.fxgl.app.services.UpdaterService, class com.almasb.fxgl.dev.DevService]
22:01:34.434 [FXGL Background Thread 3 ] DEBUG Engine               - fontGame: Abel-Regular.ttf
22:01:34.434 [FXGL Background Thread 3 ] DEBUG Engine               - fontMono: TerminalLandMono-Regular.otf
22:01:34.434 [FXGL Background Thread 3 ] DEBUG Engine               - fontText: Courier-Prime.ttf
22:01:34.434 [FXGL Background Thread 3 ] DEBUG Engine               - fontUI: VarelaRound-Regular.ttf
22:01:34.434 [FXGL Background Thread 3 ] DEBUG Engine               - fullScreen: BooleanProperty [value: false]
22:01:34.434 [FXGL Background Thread 3 ] DEBUG Engine               - gameDifficulty: MEDIUM
22:01:34.434 [FXGL Background Thread 3 ] DEBUG Engine               - gameDifficultyProperty: ObjectProperty [value: MEDIUM]
22:01:34.434 [FXGL Background Thread 3 ] DEBUG Engine               - globalMusicVolume: 0.5
22:01:34.434 [FXGL Background Thread 3 ] DEBUG Engine               - globalMusicVolumeProperty: DoubleProperty [value: 0.5]
22:01:34.434 [FXGL Background Thread 3 ] DEBUG Engine               - globalSoundVolume: 0.5
22:01:34.434 [FXGL Background Thread 3 ] DEBUG Engine               - globalSoundVolumeProperty: DoubleProperty [value: 0.8]
22:01:34.434 [FXGL Background Thread 3 ] DEBUG Engine               - height: 1152
22:01:34.434 [FXGL Background Thread 3 ] DEBUG Engine               - is3D: false
22:01:34.434 [FXGL Background Thread 3 ] DEBUG Engine               - isAndroid: false
22:01:34.434 [FXGL Background Thread 3 ] DEBUG Engine               - isBrowser: false
22:01:34.434 [FXGL Background Thread 3 ] DEBUG Engine               - isClickFeedbackEnabled: false
22:01:34.434 [FXGL Background Thread 3 ] DEBUG Engine               - isCloseConfirmation: false
22:01:34.434 [FXGL Background Thread 3 ] DEBUG Engine               - isDesktop: true
22:01:34.434 [FXGL Background Thread 3 ] DEBUG Engine               - isDeveloperMenuEnabled: false
22:01:34.434 [FXGL Background Thread 3 ] DEBUG Engine               - isEmbedded: false
22:01:34.434 [FXGL Background Thread 3 ] DEBUG Engine               - isEntityPreloadEnabled: true
22:01:34.435 [FXGL Background Thread 3 ] DEBUG Engine               - isExperimentalTiledLargeMap: false
22:01:34.435 [FXGL Background Thread 3 ] DEBUG Engine               - isFileSystemWriteAllowed: true
22:01:34.435 [FXGL Background Thread 3 ] DEBUG Engine               - isFullScreenAllowed: false
22:01:34.435 [FXGL Background Thread 3 ] DEBUG Engine               - isFullScreenFromStart: false
22:01:34.435 [FXGL Background Thread 3 ] DEBUG Engine               - isGameMenuEnabled: true
22:01:34.435 [FXGL Background Thread 3 ] DEBUG Engine               - isIOS: false
22:01:34.435 [FXGL Background Thread 3 ] DEBUG Engine               - isIntroEnabled: false
22:01:34.435 [FXGL Background Thread 3 ] DEBUG Engine               - isLinux: false
22:01:34.435 [FXGL Background Thread 3 ] DEBUG Engine               - isMac: false
22:01:34.435 [FXGL Background Thread 3 ] DEBUG Engine               - isMainMenuEnabled: true
22:01:34.435 [FXGL Background Thread 3 ] DEBUG Engine               - isManualResizeEnabled: false
22:01:34.435 [FXGL Background Thread 3 ] DEBUG Engine               - isMobile: false
22:01:34.435 [FXGL Background Thread 3 ] DEBUG Engine               - isNative: false
22:01:34.435 [FXGL Background Thread 3 ] DEBUG Engine               - isPauseMusicWhenMinimized: true
22:01:34.435 [FXGL Background Thread 3 ] DEBUG Engine               - isPreserveResizeRatio: false
22:01:34.435 [FXGL Background Thread 3 ] DEBUG Engine               - isProfilingEnabled: false
22:01:34.435 [FXGL Background Thread 3 ] DEBUG Engine               - isScaleAffectedOnResize: true
22:01:34.435 [FXGL Background Thread 3 ] DEBUG Engine               - isSingleStep: false
22:01:34.435 [FXGL Background Thread 3 ] DEBUG Engine               - isUserProfileEnabled: false
22:01:34.435 [FXGL Background Thread 3 ] DEBUG Engine               - isWindows: true
22:01:34.435 [FXGL Background Thread 3 ] DEBUG Engine               - language: ObjectProperty [value: ENGLISH]
22:01:34.435 [FXGL Background Thread 3 ] DEBUG Engine               - menuKey: ESCAPE
22:01:34.435 [FXGL Background Thread 3 ] DEBUG Engine               - mouseSensitivity: 0.2
22:01:34.435 [FXGL Background Thread 3 ] DEBUG Engine               - notificationViewClass: class com.almasb.fxgl.notification.view.XboxNotificationView
22:01:34.435 [FXGL Background Thread 3 ] DEBUG Engine               - pixelsPerMeter: 50.0
22:01:34.435 [FXGL Background Thread 3 ] DEBUG Engine               - platform: WINDOWS
22:01:34.435 [FXGL Background Thread 3 ] DEBUG Engine               - prefHeightProperty: ReadOnlyDoubleProperty [value: 1152.0]
22:01:34.435 [FXGL Background Thread 3 ] DEBUG Engine               - prefWidthProperty: ReadOnlyDoubleProperty [value: 2048.0]
22:01:34.435 [FXGL Background Thread 3 ] DEBUG Engine               - profileDir: profiles/
22:01:34.435 [FXGL Background Thread 3 ] DEBUG Engine               - profileName: StringProperty [value: DEFAULT]
22:01:34.436 [FXGL Background Thread 3 ] DEBUG Engine               - randomSeed: -1
22:01:34.436 [FXGL Background Thread 3 ] DEBUG Engine               - runtimeInfo: RuntimeInfo(platform=WINDOWS, version=17.1, build=24.03.2022 17.34)
22:01:34.436 [FXGL Background Thread 3 ] DEBUG Engine               - saveFileExt: sav
22:01:34.436 [FXGL Background Thread 3 ] DEBUG Engine               - scaledHeightProp$fxgl: DoubleProperty [bound, value: 960.0]
22:01:34.436 [FXGL Background Thread 3 ] DEBUG Engine               - scaledWidthProp$fxgl: DoubleProperty [bound, value: 1682.0]
22:01:34.436 [FXGL Background Thread 3 ] DEBUG Engine               - sceneFactory: com.almasb.fxgl.app.scene.SceneFactory@7b274ce1
22:01:34.436 [FXGL Background Thread 3 ] DEBUG Engine               - secondsIn24h: 60
22:01:34.436 [FXGL Background Thread 3 ] DEBUG Engine               - soundMenuBack: menu/back.wav
22:01:34.436 [FXGL Background Thread 3 ] DEBUG Engine               - soundMenuPress: menu/press.wav
22:01:34.436 [FXGL Background Thread 3 ] DEBUG Engine               - soundMenuSelect: menu/select.wav
22:01:34.436 [FXGL Background Thread 3 ] DEBUG Engine               - soundNotification: core/notification.wav
22:01:34.436 [FXGL Background Thread 3 ] DEBUG Engine               - stageStyle: DECORATED
22:01:34.436 [FXGL Background Thread 3 ] DEBUG Engine               - supportedLanguages: [ENGLISH, FRENCH, GERMAN, HUNGARIAN, RUSSIAN]
22:01:34.436 [FXGL Background Thread 3 ] DEBUG Engine               - ticksPerSecond: -1
22:01:34.436 [FXGL Background Thread 3 ] DEBUG Engine               - title: All star battle
22:01:34.436 [FXGL Background Thread 3 ] DEBUG Engine               - urlGithub: https://github.com/AlmasB/FXGL
22:01:34.436 [FXGL Background Thread 3 ] DEBUG Engine               - urlLeaderboard: http://fxgl-top.herokuapp.com/
22:01:34.436 [FXGL Background Thread 3 ] DEBUG Engine               - urlPOM: https://raw.githubusercontent.com/AlmasB/FXGL/release/README.md
22:01:34.436 [FXGL Background Thread 3 ] DEBUG Engine               - userAppClass: class com.kenny.tank.TankApp
22:01:34.436 [FXGL Background Thread 3 ] DEBUG Engine               - version: 0.1
22:01:34.436 [FXGL Background Thread 3 ] DEBUG Engine               - versionCheckDays: 7
22:01:34.436 [FXGL Background Thread 3 ] DEBUG Engine               - width: 2048
22:01:34.436 [FXGL Background Thread 3 ] DEBUG Engine               - Logging services
22:01:34.436 [FXGL Background Thread 3 ] DEBUG Engine               - class com.almasb.fxgl.app.services.FXGLAssetLoaderService
22:01:34.436 [FXGL Background Thread 3 ] DEBUG Engine               - class com.almasb.fxgl.app.FXGLApplication$GameApplicationService
22:01:34.436 [FXGL Background Thread 3 ] DEBUG Engine               - class com.almasb.fxgl.app.services.FXGLDialogService
22:01:34.436 [FXGL Background Thread 3 ] DEBUG Engine               - class com.almasb.fxgl.app.services.IOTaskExecutorService
22:01:34.436 [FXGL Background Thread 3 ] DEBUG Engine               - class com.almasb.fxgl.io.FileSystemService
22:01:34.436 [FXGL Background Thread 3 ] DEBUG Engine               - class com.almasb.fxgl.localization.LocalizationService
22:01:34.437 [FXGL Background Thread 3 ] DEBUG Engine               - class com.almasb.fxgl.app.services.SystemBundleService
22:01:34.437 [FXGL Background Thread 3 ] DEBUG Engine               - class com.almasb.fxgl.profile.SaveLoadService
22:01:34.437 [FXGL Background Thread 3 ] DEBUG Engine               - class com.almasb.fxgl.ui.FXGLUIFactoryServiceProvider
22:01:34.437 [FXGL Background Thread 3 ] DEBUG Engine               - class com.almasb.fxgl.ui.FXGLDialogFactoryServiceProvider
22:01:34.437 [FXGL Background Thread 3 ] DEBUG Engine               - class com.almasb.fxgl.audio.AudioPlayer
22:01:34.437 [FXGL Background Thread 3 ] DEBUG Engine               - class com.almasb.fxgl.notification.impl.NotificationServiceProvider
22:01:34.437 [FXGL Background Thread 3 ] DEBUG Engine               - class com.almasb.fxgl.achievement.AchievementService
22:01:34.437 [FXGL Background Thread 3 ] DEBUG Engine               - class com.almasb.fxgl.cutscene.CutsceneService
22:01:34.437 [FXGL Background Thread 3 ] DEBUG Engine               - class com.almasb.fxgl.minigames.MiniGameService
22:01:34.437 [FXGL Background Thread 3 ] DEBUG Engine               - class com.almasb.fxgl.net.NetService
22:01:34.437 [FXGL Background Thread 3 ] DEBUG Engine               - class com.almasb.fxgl.app.services.UpdaterService
22:01:34.437 [FXGL Background Thread 3 ] DEBUG Engine               - class com.almasb.fxgl.dev.DevService
22:01:38.386 [JavaFX Application Thread] DEBUG PrimaryStageWindow   - Push state: FXGLDefaultMenu
22:01:38.387 [JavaFX Application Thread] DEBUG Input                - Clearing active input actions
22:01:38.387 [JavaFX Application Thread] DEBUG GameApplicationServi - Removing overlay from GameScene and adding to FXGLDefaultMenu
22:01:38.387 [JavaFX Application Thread] DEBUG PrimaryStageWindow   - GameScene -> FXGLDefaultMenu
22:01:39.446 [JavaFX Application Thread] DEBUG Menu                 - fireExitToMainMenu()
22:01:39.447 [JavaFX Application Thread] DEBUG PrimaryStageWindow   - Push state: DialogSubScene
22:01:39.447 [JavaFX Application Thread] DEBUG Input                - Clearing active input actions
22:01:39.447 [JavaFX Application Thread] DEBUG GameApplicationServi - Removing overlay from FXGLDefaultMenu and adding to DialogSubScene
22:01:39.448 [JavaFX Application Thread] DEBUG PrimaryStageWindow   - FXGLDefaultMenu -> DialogSubScene
22:01:40.133 [JavaFX Application Thread] DEBUG PrimaryStageWindow   - Pop state: DialogSubScene
22:01:40.134 [JavaFX Application Thread] DEBUG Input                - Clearing active input actions
22:01:40.134 [JavaFX Application Thread] DEBUG GameApplicationServi - Removing overlay from DialogSubScene and adding to FXGLDefaultMenu
22:01:40.134 [JavaFX Application Thread] DEBUG PrimaryStageWindow   - FXGLDefaultMenu <- DialogSubScene
22:01:40.134 [JavaFX Application Thread] DEBUG PrimaryStageWindow   - Pop state: FXGLDefaultMenu
22:01:40.134 [JavaFX Application Thread] DEBUG Input                - Clearing active input actions
22:01:40.134 [JavaFX Application Thread] DEBUG GameApplicationServi - Removing overlay from FXGLDefaultMenu and adding to GameScene
22:01:40.135 [JavaFX Application Thread] DEBUG PrimaryStageWindow   - GameScene <- FXGLDefaultMenu
22:01:40.135 [JavaFX Application Thread] DEBUG Input                - Clearing active input actions
22:01:40.138 [JavaFX Application Thread] DEBUG GameApplicationServi - Removing overlay from GameScene and adding to FXGLMainMenuDummyScene
22:01:40.138 [JavaFX Application Thread] DEBUG PrimaryStageWindow   - GameScene -> FXGLMainMenuDummyScene
22:01:40.138 [JavaFX Application Thread] DEBUG PrimaryStageWindow   - Push state: FXGLDefaultMenu
22:01:40.139 [JavaFX Application Thread] DEBUG Input                - Clearing active input actions
22:01:40.139 [JavaFX Application Thread] DEBUG GameApplicationServi - Removing overlay from FXGLMainMenuDummyScene and adding to FXGLDefaultMenu
22:01:40.140 [JavaFX Application Thread] DEBUG PrimaryStageWindow   - FXGLMainMenuDummyScene -> FXGLDefaultMenu
22:01:40.741 [JavaFX Application Thread] DEBUG Menu                 - fireExit()
22:01:40.741 [JavaFX Application Thread] DEBUG PrimaryStageWindow   - Push state: DialogSubScene
22:01:40.742 [JavaFX Application Thread] DEBUG Input                - Clearing active input actions
22:01:40.742 [JavaFX Application Thread] DEBUG GameApplicationServi - Removing overlay from FXGLDefaultMenu and adding to DialogSubScene
22:01:40.742 [JavaFX Application Thread] DEBUG PrimaryStageWindow   - FXGLDefaultMenu -> DialogSubScene
22:01:41.167 [JavaFX Application Thread] DEBUG PrimaryStageWindow   - Pop state: DialogSubScene
22:01:41.168 [JavaFX Application Thread] DEBUG Input                - Clearing active input actions
22:01:41.168 [JavaFX Application Thread] DEBUG GameApplicationServi - Removing overlay from DialogSubScene and adding to FXGLDefaultMenu
22:01:41.168 [JavaFX Application Thread] DEBUG PrimaryStageWindow   - FXGLDefaultMenu <- DialogSubScene
22:01:41.168 [JavaFX Application Thread] DEBUG FXGLApplication      - Exiting FXGL
22:01:41.168 [JavaFX Application Thread] DEBUG LoopRunner           - Stopping loop
22:01:41.168 [JavaFX Application Thread] DEBUG SystemBundleService  - Saving FXGL system data
22:01:41.171 [JavaFX Application Thread] DEBUG FileSystemAccess     - Writing to: E:\java project\tank\system\fxgl.bundle
22:01:41.173 [JavaFX Application Thread] DEBUG Async                - Shutting down background threads
22:01:41.173 [JavaFX Application Thread] DEBUG PrimaryStageWindow   - Closing main window
22:01:41.198 [JavaFX Application Thread] DEBUG Logger               - Closing Logger
