12:08:06.443 [main                     ] DEBUG Logger               - Configured Logger
12:08:06.463 [main                     ] DEBUG GameApplication      - Logging settings
Title: All star battle
Version: 0.1
Width: 2048
Height: 1152
Fullscreen: false
Intro: false
Profiling: false
Single step:false
App Mode: DEVELOPER
Menu Key: ESCAPE
Stage Style: DECORATED
Scene Factory: class com.kenny.AllStarBattle.AllStarBattleApp$1

12:08:06.788 [JavaFX Application Thread] DEBUG FXGLApplication      - Initializing FXGL
12:08:06.792 [JavaFX Application Thread] INFO  Engine               - FXGL-17.1 (24.03.2022 17.34) on WINDOWS (J:17.0.6 FX:18)
12:08:06.792 [JavaFX Application Thread] DEBUG Engine               - JRE Vendor Name: Amazon.com Inc.
12:08:06.793 [JavaFX Application Thread] DEBUG Engine               - Running on OS: Windows 11 version 10.0
12:08:06.793 [JavaFX Application Thread] DEBUG Engine               - Architecture: amd64
12:08:06.793 [JavaFX Application Thread] INFO  Engine               - Source code and latest versions at: https://github.com/AlmasB/FXGL
12:08:06.793 [JavaFX Application Thread] INFO  Engine               -       Ask questions and discuss at: https://github.com/AlmasB/FXGL/discussions
12:08:06.793 [JavaFX Application Thread] INFO  Engine               -              Join the FXGL chat at: https://gitter.im/AlmasB/FXGL
12:08:06.847 [JavaFX Application Thread] DEBUG PrimaryStageWindow   - Creating a JavaFX scene
12:08:06.847 [JavaFX Application Thread] DEBUG PrimaryStageWindow   - Target size > screen size
12:08:06.879 [JavaFX Application Thread] DEBUG PrimaryStageWindow   - Target settings size: 2048.0 x 1152.0
12:08:06.880 [JavaFX Application Thread] DEBUG PrimaryStageWindow   - Scaled scene size:    1682.0 x 960.0
12:08:06.880 [JavaFX Application Thread] DEBUG PrimaryStageWindow   - Scaled ratio: (0.8212890625, 0.8333333333333334)
12:08:06.881 [JavaFX Application Thread] DEBUG PrimaryStageWindow   - Set initial scene to StartScene
12:08:06.887 [JavaFX Application Thread] DEBUG PrimaryStageWindow   - Opening main window
12:08:06.999 [JavaFX Application Thread] DEBUG PrimaryStageWindow   - Window border size: (14.6666259765625, 37.33331298828125)
12:08:07.000 [JavaFX Application Thread] DEBUG PrimaryStageWindow   - Scaled size: 1682.0 x 960.0
12:08:07.000 [JavaFX Application Thread] DEBUG PrimaryStageWindow   - Scaled ratio: (0.8212890625, 0.8333333333333334)
12:08:07.000 [JavaFX Application Thread] DEBUG PrimaryStageWindow   - Scene size: 1682.0 x 960.0
12:08:07.000 [JavaFX Application Thread] DEBUG PrimaryStageWindow   - Stage size: 1696.6666259765625 x 997.3333129882812
12:08:07.006 [FXGL Background Thread 1 ] DEBUG Engine               - Initializing environment variables
12:08:07.034 [FXGL Background Thread 1 ] DEBUG FXGLAssetLoaderServi - User app class for loading assets: class com.kenny.AllStarBattle.AllStarBattleApp
12:08:07.034 [FXGL Background Thread 1 ] DEBUG GameApplicationServi - Applying CSS: fxgl_dark.css
12:08:07.035 [FXGL Background Thread 1 ] DEBUG FXGLAssetLoaderServi - Loading from file system: jar:file:///C:/Users/10273/.m2/repository/com/github/almasb/fxgl/17.1/fxgl-17.1.jar!/fxglassets/ui/css/fxgl_dark.css
12:08:07.084 [FXGL Background Thread 1 ] DEBUG GameApplicationServi - Applying CSS: tank.css
12:08:07.084 [FXGL Background Thread 1 ] DEBUG FXGLAssetLoaderServi - Loading from file system: file:/E:/java%20project/tank/target/classes/assets/ui/css/tank.css
12:08:07.087 [FXGL Background Thread 1 ] DEBUG GameApplicationServi - Initializing application scenes
12:08:07.091 [FXGL Background Thread 1 ] DEBUG GameWorld            - Game world initialized
12:08:07.147 [FXGL Background Thread 1 ] DEBUG PhysicsWorld         - Physics world initialized: appHeight=1152, physics.ppm=50.0
12:08:07.147 [FXGL Background Thread 1 ] DEBUG PhysicsWorld         - Using strategy: BRUTE_FORCE
12:08:07.154 [FXGL Background Thread 1 ] DEBUG GameScene            - Game scene initialized: 2048x1152
12:08:07.160 [FXGL Background Thread 1 ] DEBUG FXGLAssetLoaderServi - Loading from file system: file:/E:/java%20project/tank/target/classes/assets/textures/MainMenu.png
12:08:07.269 [FXGL Background Thread 1 ] DEBUG FXGLAssetLoaderServi - Loading from file system: file:/E:/java%20project/tank/target/classes/assets/textures/R-C.jpg
12:08:07.292 [FXGL Background Thread 1 ] DEBUG FXGL.DefaultMenu     - createMenuBodyGameMenu()
12:08:07.305 [FXGL Background Thread 1 ] DEBUG FXGL.DefaultMenu     - createOptionsMenu()
12:08:07.318 [FXGL Background Thread 1 ] DEBUG FXGLAssetLoaderServi - Loading from file system: jar:file:///C:/Users/10273/.m2/repository/com/github/almasb/fxgl/17.1/fxgl-17.1.jar!/fxglassets/textures/particles/smoke.png
12:08:07.396 [FXGL Background Thread 1 ] DEBUG FXGLAssetLoaderServi - Loading from file system: jar:file:///C:/Users/10273/.m2/repository/com/github/almasb/fxgl/17.1/fxgl-17.1.jar!/fxglassets/textures/particles/trace_horizontal.png
12:08:07.410 [FXGL Background Thread 1 ] DEBUG GameApplicationServi - Application scenes initialized
12:08:07.417 [FXGL Background Thread 1 ] DEBUG SystemBundleService  - Loading FXGL system data
12:08:07.419 [FXGL Background Thread 1 ] DEBUG FileSystemAccess     - Reading from: E:\java project\tank\system\fxgl.bundle
12:08:07.424 [FXGL Background Thread 1 ] DEBUG SystemBundleService  - Bundle FXGL: {}
12:08:07.425 [FXGL Background Thread 1 ] DEBUG UpdaterService       - Checking for updates
12:08:07.427 [FXGL Background Thread 4 ] DEBUG FXGLApplication      - Loading fonts
12:08:07.428 [FXGL Background Thread 4 ] DEBUG FXGLAssetLoaderServi - Loading from file system: jar:file:///C:/Users/10273/.m2/repository/com/github/almasb/fxgl/17.1/fxgl-17.1.jar!/fxglassets/ui/fonts/VarelaRound-Regular.ttf
12:08:07.428 [FXGL Background Thread 1 ] DEBUG FXGLApplication      - Loading default localization
12:08:07.429 [FXGL Background Thread 1 ] DEBUG FXGLAssetLoaderServi - Loading from file system: jar:file:///C:/Users/10273/.m2/repository/com/github/almasb/fxgl/17.1/fxgl-17.1.jar!/fxglassets/languages/english.lang
12:08:07.466 [FXGL Background Thread 1 ] INFO  FXGLApplication      - FXGL initialization took: 0.460 sec
12:08:07.477 [JavaFX Application Thread] DEBUG Input                - Registered new binding: action0 - Up
12:08:07.478 [JavaFX Application Thread] DEBUG Input                - Registered new binding: action1 - Down
12:08:07.478 [JavaFX Application Thread] DEBUG Input                - Registered new binding: action2 - Left
12:08:07.479 [JavaFX Application Thread] DEBUG Input                - Registered new binding: action3 - Right
12:08:07.479 [JavaFX Application Thread] DEBUG Input                - Registered new binding: action4 - Space
12:08:07.480 [JavaFX Application Thread] DEBUG FXGLAssetLoaderServi - Loading from file system: file:/E:/java%20project/tank/target/classes/assets/textures/joker.jpg
12:08:07.481 [FXGL Background Thread 4 ] DEBUG FXGLAssetLoaderServi - Loading from file system: jar:file:///C:/Users/10273/.m2/repository/com/github/almasb/fxgl/17.1/fxgl-17.1.jar!/fxglassets/ui/fonts/Abel-Regular.ttf
12:08:07.483 [FXGL Background Thread 4 ] DEBUG FXGLAssetLoaderServi - Loading from file system: jar:file:///C:/Users/10273/.m2/repository/com/github/almasb/fxgl/17.1/fxgl-17.1.jar!/fxglassets/ui/fonts/TerminalLandMono-Regular.otf
12:08:07.485 [FXGL Background Thread 4 ] DEBUG FXGLAssetLoaderServi - Loading from file system: jar:file:///C:/Users/10273/.m2/repository/com/github/almasb/fxgl/17.1/fxgl-17.1.jar!/fxglassets/ui/fonts/Courier-Prime.ttf
12:08:07.488 [JavaFX Application Thread] DEBUG FXGLAssetLoaderServi - Loading from file system: jar:file:///C:/Users/10273/.m2/repository/com/github/almasb/fxgl/17.1/fxgl-17.1.jar!/fxglassets/textures/fxgl_default_cursor.png
12:08:07.491 [JavaFX Application Thread] DEBUG Input                - Registered new binding: Screenshot - CTRL+8
12:08:07.492 [JavaFX Application Thread] DEBUG Input                - Registered new binding: System info dump - CTRL+9
12:08:07.492 [JavaFX Application Thread] DEBUG Input                - Registered new binding: Restart - CTRL+R
12:08:07.494 [JavaFX Application Thread] DEBUG Input                - Registered new binding: Toggle Debug Camera - CTRL+7
12:08:07.498 [JavaFX Application Thread] DEBUG LoopRunner           - Starting loop
12:08:07.498 [JavaFX Application Thread] DEBUG LoopRunner           - Initializing JavaFX AnimationTimerLoop
12:08:07.502 [JavaFX Application Thread] DEBUG Input                - Clearing active input actions
12:08:07.507 [JavaFX Application Thread] DEBUG GameApplicationServi - Removing overlay from StartScene and adding to FXGLMainMenuDummyScene
12:08:07.507 [JavaFX Application Thread] DEBUG PrimaryStageWindow   - StartScene -> FXGLMainMenuDummyScene
12:08:07.507 [JavaFX Application Thread] DEBUG PrimaryStageWindow   - Push state: Main_menu
12:08:07.508 [JavaFX Application Thread] DEBUG Input                - Clearing active input actions
12:08:07.525 [JavaFX Application Thread] DEBUG GameApplicationServi - Removing overlay from FXGLMainMenuDummyScene and adding to Main_menu
12:08:07.525 [JavaFX Application Thread] DEBUG PrimaryStageWindow   - FXGLMainMenuDummyScene -> Main_menu
12:08:07.526 [JavaFX Application Thread] DEBUG FXGLApplication      - Registering font factories with UI factory
12:08:07.969 [FXGL Background Thread 2 ] INFO  UpdaterService       - Your current version:  17.1
12:08:07.969 [FXGL Background Thread 2 ] INFO  UpdaterService       - Latest stable version: 17.3
12:08:10.428 [FXGL Background Thread 3 ] DEBUG Engine               - Logging environment variables
12:08:10.428 [FXGL Background Thread 3 ] DEBUG Engine               - achievements: []
12:08:10.428 [FXGL Background Thread 3 ] DEBUG Engine               - actualHeight: 960.0
12:08:10.429 [FXGL Background Thread 3 ] DEBUG Engine               - actualHeightProperty: ReadOnlyDoubleProperty [value: 960.0]
12:08:10.429 [FXGL Background Thread 3 ] DEBUG Engine               - actualWidth: 1682.0
12:08:10.429 [FXGL Background Thread 3 ] DEBUG Engine               - actualWidthProperty: ReadOnlyDoubleProperty [value: 1682.0]
12:08:10.430 [FXGL Background Thread 3 ] DEBUG Engine               - appIcon: joker.jpg
12:08:10.430 [FXGL Background Thread 3 ] DEBUG Engine               - applicationMode: DEVELOPER
12:08:10.430 [FXGL Background Thread 3 ] DEBUG Engine               - cSSList: [fxgl_dark.css, tank.css]
12:08:10.430 [FXGL Background Thread 3 ] DEBUG Engine               - collisionDetectionStrategy: BRUTE_FORCE
12:08:10.433 [FXGL Background Thread 3 ] DEBUG Engine               - configClass: Optional.empty
12:08:10.433 [FXGL Background Thread 3 ] DEBUG Engine               - credits: []
12:08:10.434 [FXGL Background Thread 3 ] DEBUG Engine               - defaultCursor: CursorInfo(imageName=fxgl_default_cursor.png, hotspotX=7.0, hotspotY=6.0)
12:08:10.434 [FXGL Background Thread 3 ] DEBUG Engine               - devBBoxColorProperty: ObjectProperty [value: 0xff0000ff]
12:08:10.434 [FXGL Background Thread 3 ] DEBUG Engine               - devEnableDebugCameraProperty: BooleanProperty [value: false]
12:08:10.434 [FXGL Background Thread 3 ] DEBUG Engine               - devSensorColorProperty: ObjectProperty [value: 0xffff00ff]
12:08:10.434 [FXGL Background Thread 3 ] DEBUG Engine               - devShowBBoxProperty: BooleanProperty [value: false]
12:08:10.434 [FXGL Background Thread 3 ] DEBUG Engine               - devShowPositionProperty: BooleanProperty [value: false]
12:08:10.434 [FXGL Background Thread 3 ] DEBUG Engine               - enabledMenuItems: []
12:08:10.434 [FXGL Background Thread 3 ] DEBUG Engine               - engineServices: [class com.almasb.fxgl.app.services.FXGLAssetLoaderService, class com.almasb.fxgl.app.FXGLApplication$GameApplicationService, class com.almasb.fxgl.app.services.FXGLDialogService, class com.almasb.fxgl.app.services.IOTaskExecutorService, class com.almasb.fxgl.io.FileSystemService, class com.almasb.fxgl.localization.LocalizationService, class com.almasb.fxgl.app.services.SystemBundleService, class com.almasb.fxgl.profile.SaveLoadService, class com.almasb.fxgl.ui.FXGLUIFactoryServiceProvider, class com.almasb.fxgl.ui.FXGLDialogFactoryServiceProvider, class com.almasb.fxgl.audio.AudioPlayer, class com.almasb.fxgl.notification.impl.NotificationServiceProvider, class com.almasb.fxgl.achievement.AchievementService, class com.almasb.fxgl.cutscene.CutsceneService, class com.almasb.fxgl.minigames.MiniGameService, class com.almasb.fxgl.net.NetService, class com.almasb.fxgl.app.services.UpdaterService, class com.almasb.fxgl.dev.DevService]
12:08:10.434 [FXGL Background Thread 3 ] DEBUG Engine               - fontGame: Abel-Regular.ttf
12:08:10.435 [FXGL Background Thread 3 ] DEBUG Engine               - fontMono: TerminalLandMono-Regular.otf
12:08:10.435 [FXGL Background Thread 3 ] DEBUG Engine               - fontText: Courier-Prime.ttf
12:08:10.435 [FXGL Background Thread 3 ] DEBUG Engine               - fontUI: VarelaRound-Regular.ttf
12:08:10.435 [FXGL Background Thread 3 ] DEBUG Engine               - fullScreen: BooleanProperty [value: false]
12:08:10.435 [FXGL Background Thread 3 ] DEBUG Engine               - gameDifficulty: MEDIUM
12:08:10.435 [FXGL Background Thread 3 ] DEBUG Engine               - gameDifficultyProperty: ObjectProperty [value: MEDIUM]
12:08:10.435 [FXGL Background Thread 3 ] DEBUG Engine               - globalMusicVolume: 0.5
12:08:10.435 [FXGL Background Thread 3 ] DEBUG Engine               - globalMusicVolumeProperty: DoubleProperty [value: 0.5]
12:08:10.435 [FXGL Background Thread 3 ] DEBUG Engine               - globalSoundVolume: 0.5
12:08:10.435 [FXGL Background Thread 3 ] DEBUG Engine               - globalSoundVolumeProperty: DoubleProperty [value: 0.8]
12:08:10.435 [FXGL Background Thread 3 ] DEBUG Engine               - height: 1152
12:08:10.435 [FXGL Background Thread 3 ] DEBUG Engine               - is3D: false
12:08:10.436 [FXGL Background Thread 3 ] DEBUG Engine               - isAndroid: false
12:08:10.436 [FXGL Background Thread 3 ] DEBUG Engine               - isBrowser: false
12:08:10.436 [FXGL Background Thread 3 ] DEBUG Engine               - isClickFeedbackEnabled: false
12:08:10.436 [FXGL Background Thread 3 ] DEBUG Engine               - isCloseConfirmation: false
12:08:10.436 [FXGL Background Thread 3 ] DEBUG Engine               - isDesktop: true
12:08:10.436 [FXGL Background Thread 3 ] DEBUG Engine               - isDeveloperMenuEnabled: false
12:08:10.436 [FXGL Background Thread 3 ] DEBUG Engine               - isEmbedded: false
12:08:10.436 [FXGL Background Thread 3 ] DEBUG Engine               - isEntityPreloadEnabled: true
12:08:10.436 [FXGL Background Thread 3 ] DEBUG Engine               - isExperimentalTiledLargeMap: false
12:08:10.436 [FXGL Background Thread 3 ] DEBUG Engine               - isFileSystemWriteAllowed: true
12:08:10.436 [FXGL Background Thread 3 ] DEBUG Engine               - isFullScreenAllowed: false
12:08:10.436 [FXGL Background Thread 3 ] DEBUG Engine               - isFullScreenFromStart: false
12:08:10.436 [FXGL Background Thread 3 ] DEBUG Engine               - isGameMenuEnabled: true
12:08:10.436 [FXGL Background Thread 3 ] DEBUG Engine               - isIOS: false
12:08:10.436 [FXGL Background Thread 3 ] DEBUG Engine               - isIntroEnabled: false
12:08:10.436 [FXGL Background Thread 3 ] DEBUG Engine               - isLinux: false
12:08:10.437 [FXGL Background Thread 3 ] DEBUG Engine               - isMac: false
12:08:10.437 [FXGL Background Thread 3 ] DEBUG Engine               - isMainMenuEnabled: true
12:08:10.437 [FXGL Background Thread 3 ] DEBUG Engine               - isManualResizeEnabled: false
12:08:10.437 [FXGL Background Thread 3 ] DEBUG Engine               - isMobile: false
12:08:10.437 [FXGL Background Thread 3 ] DEBUG Engine               - isNative: false
12:08:10.437 [FXGL Background Thread 3 ] DEBUG Engine               - isPauseMusicWhenMinimized: true
12:08:10.437 [FXGL Background Thread 3 ] DEBUG Engine               - isPreserveResizeRatio: false
12:08:10.437 [FXGL Background Thread 3 ] DEBUG Engine               - isProfilingEnabled: false
12:08:10.437 [FXGL Background Thread 3 ] DEBUG Engine               - isScaleAffectedOnResize: true
12:08:10.437 [FXGL Background Thread 3 ] DEBUG Engine               - isSingleStep: false
12:08:10.437 [FXGL Background Thread 3 ] DEBUG Engine               - isUserProfileEnabled: false
12:08:10.437 [FXGL Background Thread 3 ] DEBUG Engine               - isWindows: true
12:08:10.437 [FXGL Background Thread 3 ] DEBUG Engine               - language: ObjectProperty [value: ENGLISH]
12:08:10.437 [FXGL Background Thread 3 ] DEBUG Engine               - menuKey: ESCAPE
12:08:10.437 [FXGL Background Thread 3 ] DEBUG Engine               - mouseSensitivity: 0.2
12:08:10.437 [FXGL Background Thread 3 ] DEBUG Engine               - notificationViewClass: class com.almasb.fxgl.notification.view.XboxNotificationView
12:08:10.438 [FXGL Background Thread 3 ] DEBUG Engine               - pixelsPerMeter: 50.0
12:08:10.438 [FXGL Background Thread 3 ] DEBUG Engine               - platform: WINDOWS
12:08:10.438 [FXGL Background Thread 3 ] DEBUG Engine               - prefHeightProperty: ReadOnlyDoubleProperty [value: 1152.0]
12:08:10.438 [FXGL Background Thread 3 ] DEBUG Engine               - prefWidthProperty: ReadOnlyDoubleProperty [value: 2048.0]
12:08:10.438 [FXGL Background Thread 3 ] DEBUG Engine               - profileDir: profiles/
12:08:10.438 [FXGL Background Thread 3 ] DEBUG Engine               - profileName: StringProperty [value: DEFAULT]
12:08:10.438 [FXGL Background Thread 3 ] DEBUG Engine               - randomSeed: -1
12:08:10.440 [FXGL Background Thread 3 ] DEBUG Engine               - runtimeInfo: RuntimeInfo(platform=WINDOWS, version=17.1, build=24.03.2022 17.34)
12:08:10.440 [FXGL Background Thread 3 ] DEBUG Engine               - saveFileExt: sav
12:08:10.440 [FXGL Background Thread 3 ] DEBUG Engine               - scaledHeightProp$fxgl: DoubleProperty [bound, value: 960.0]
12:08:10.440 [FXGL Background Thread 3 ] DEBUG Engine               - scaledWidthProp$fxgl: DoubleProperty [bound, value: 1682.0]
12:08:10.440 [FXGL Background Thread 3 ] DEBUG Engine               - sceneFactory: com.kenny.AllStarBattle.AllStarBattleApp$1@d72f35f
12:08:10.440 [FXGL Background Thread 3 ] DEBUG Engine               - secondsIn24h: 60
12:08:10.440 [FXGL Background Thread 3 ] DEBUG Engine               - soundMenuBack: menu/back.wav
12:08:10.440 [FXGL Background Thread 3 ] DEBUG Engine               - soundMenuPress: menu/press.wav
12:08:10.440 [FXGL Background Thread 3 ] DEBUG Engine               - soundMenuSelect: menu/select.wav
12:08:10.440 [FXGL Background Thread 3 ] DEBUG Engine               - soundNotification: core/notification.wav
12:08:10.440 [FXGL Background Thread 3 ] DEBUG Engine               - stageStyle: DECORATED
12:08:10.440 [FXGL Background Thread 3 ] DEBUG Engine               - supportedLanguages: [ENGLISH, FRENCH, GERMAN, HUNGARIAN, RUSSIAN]
12:08:10.440 [FXGL Background Thread 3 ] DEBUG Engine               - ticksPerSecond: -1
12:08:10.440 [FXGL Background Thread 3 ] DEBUG Engine               - title: All star battle
12:08:10.440 [FXGL Background Thread 3 ] DEBUG Engine               - urlGithub: https://github.com/AlmasB/FXGL
12:08:10.440 [FXGL Background Thread 3 ] DEBUG Engine               - urlLeaderboard: http://fxgl-top.herokuapp.com/
12:08:10.440 [FXGL Background Thread 3 ] DEBUG Engine               - urlPOM: https://raw.githubusercontent.com/AlmasB/FXGL/release/README.md
12:08:10.440 [FXGL Background Thread 3 ] DEBUG Engine               - userAppClass: class com.kenny.AllStarBattle.AllStarBattleApp
12:08:10.440 [FXGL Background Thread 3 ] DEBUG Engine               - version: 0.1
12:08:10.440 [FXGL Background Thread 3 ] DEBUG Engine               - versionCheckDays: 7
12:08:10.440 [FXGL Background Thread 3 ] DEBUG Engine               - width: 2048
12:08:10.440 [FXGL Background Thread 3 ] DEBUG Engine               - Logging services
12:08:10.440 [FXGL Background Thread 3 ] DEBUG Engine               - class com.almasb.fxgl.app.services.FXGLAssetLoaderService
12:08:10.440 [FXGL Background Thread 3 ] DEBUG Engine               - class com.almasb.fxgl.app.FXGLApplication$GameApplicationService
12:08:10.440 [FXGL Background Thread 3 ] DEBUG Engine               - class com.almasb.fxgl.app.services.FXGLDialogService
12:08:10.440 [FXGL Background Thread 3 ] DEBUG Engine               - class com.almasb.fxgl.app.services.IOTaskExecutorService
12:08:10.441 [FXGL Background Thread 3 ] DEBUG Engine               - class com.almasb.fxgl.io.FileSystemService
12:08:10.441 [FXGL Background Thread 3 ] DEBUG Engine               - class com.almasb.fxgl.localization.LocalizationService
12:08:10.441 [FXGL Background Thread 3 ] DEBUG Engine               - class com.almasb.fxgl.app.services.SystemBundleService
12:08:10.441 [FXGL Background Thread 3 ] DEBUG Engine               - class com.almasb.fxgl.profile.SaveLoadService
12:08:10.441 [FXGL Background Thread 3 ] DEBUG Engine               - class com.almasb.fxgl.ui.FXGLUIFactoryServiceProvider
12:08:10.441 [FXGL Background Thread 3 ] DEBUG Engine               - class com.almasb.fxgl.ui.FXGLDialogFactoryServiceProvider
12:08:10.441 [FXGL Background Thread 3 ] DEBUG Engine               - class com.almasb.fxgl.audio.AudioPlayer
12:08:10.441 [FXGL Background Thread 3 ] DEBUG Engine               - class com.almasb.fxgl.notification.impl.NotificationServiceProvider
12:08:10.441 [FXGL Background Thread 3 ] DEBUG Engine               - class com.almasb.fxgl.achievement.AchievementService
12:08:10.441 [FXGL Background Thread 3 ] DEBUG Engine               - class com.almasb.fxgl.cutscene.CutsceneService
12:08:10.441 [FXGL Background Thread 3 ] DEBUG Engine               - class com.almasb.fxgl.minigames.MiniGameService
12:08:10.441 [FXGL Background Thread 3 ] DEBUG Engine               - class com.almasb.fxgl.net.NetService
12:08:10.441 [FXGL Background Thread 3 ] DEBUG Engine               - class com.almasb.fxgl.app.services.UpdaterService
12:08:10.441 [FXGL Background Thread 3 ] DEBUG Engine               - class com.almasb.fxgl.dev.DevService
12:08:18.315 [JavaFX Application Thread] DEBUG GameApplicationServi - Starting new game
12:08:18.315 [JavaFX Application Thread] DEBUG PrimaryStageWindow   - Pop state: Main_menu
12:08:18.315 [JavaFX Application Thread] DEBUG Input                - Clearing active input actions
12:08:18.317 [JavaFX Application Thread] DEBUG GameApplicationServi - Removing overlay from Main_menu and adding to FXGLMainMenuDummyScene
12:08:18.318 [JavaFX Application Thread] DEBUG PrimaryStageWindow   - FXGLMainMenuDummyScene <- Main_menu
12:08:18.319 [JavaFX Application Thread] DEBUG Input                - Clearing active input actions
12:08:18.330 [JavaFX Application Thread] DEBUG GameApplicationServi - Removing overlay from FXGLMainMenuDummyScene and adding to Loading_Scene
12:08:18.331 [JavaFX Application Thread] DEBUG PrimaryStageWindow   - FXGLMainMenuDummyScene -> Loading_Scene
12:08:18.331 [JavaFX Application Thread] DEBUG GameApplicationServi - Clearing previous game
12:08:18.331 [JavaFX Application Thread] DEBUG GameScene            - Clearing game scene
12:08:18.331 [JavaFX Application Thread] DEBUG GameWorld            - Clearing game world
12:08:18.331 [JavaFX Application Thread] DEBUG PhysicsWorld         - Clearing physics world
12:08:18.332 [FXGL Background Thread 2 ] DEBUG FXGLApplication      - Initializing game
12:08:18.360 [FXGL Background Thread 2 ] WARN  TMXLevelLoader       - TiledMap generated from 1.8.4. Supported version: 1.4.2. Some features may not be parsed fully.
12:08:18.374 [FXGL Background Thread 2 ] DEBUG TMXLevelLoader       - Parsed TiledMap: file:/E:/java%20project/tank/target/classes/assets/levels/test1.tmx
12:08:18.375 [FXGL Background Thread 2 ] DEBUG TMXLevelLoader       - Creating tile layer entities
12:08:18.375 [FXGL Background Thread 2 ] DEBUG TMXLevelLoader       - Creating object layer entities
12:08:18.456 [FXGL Background Thread 2 ] DEBUG GameWorld            - Clearing removable entities
12:08:18.456 [FXGL Background Thread 2 ] DEBUG GameWorld            - Setting level: com.almasb.fxgl.entity.level.Level@6d48e845
12:08:18.464 [FXGL Background Thread 2 ] DEBUG FXGLAssetLoaderServi - Loading from file system: file:/E:/java%20project/tank/target/classes/assets/textures/element/Tank.png
12:08:18.466 [FXGL Background Thread 2 ] DEBUG FXGLAssetLoaderServi - Loading from file system: file:/E:/java%20project/tank/target/classes/assets/textures/Enemytank.png
12:08:18.467 [FXGL Background Thread 2 ] DEBUG FXGLAssetLoaderServi - Loading from file system: file:/E:/java%20project/tank/target/classes/assets/textures/Chicken.png
12:08:18.471 [FXGL Background Thread 2 ] DEBUG FXGLAssetLoaderServi - Loading from file system: file:/E:/java%20project/tank/target/classes/assets/textures/BossTank.png
12:08:18.475 [FXGL Background Thread 2 ] INFO  FXGLApplication      - Game initialization took: 0.143 sec
12:08:18.475 [JavaFX Application Thread] DEBUG Input                - Clearing active input actions
12:08:18.479 [JavaFX Application Thread] DEBUG GameApplicationServi - Removing overlay from Loading_Scene and adding to GameScene
12:08:18.480 [JavaFX Application Thread] DEBUG PrimaryStageWindow   - Loading_Scene -> GameScene
12:08:18.920 [JavaFX Application Thread] DEBUG FXGLAssetLoaderServi - Loading from file system: file:/E:/java%20project/tank/target/classes/assets/textures/element/Enemybullet.png
12:08:18.959 [JavaFX Application Thread] DEBUG FXGLAssetLoaderServi - Loading from file system: file:/E:/java%20project/tank/target/classes/assets/textures/SmallBoom.png
12:08:19.465 [JavaFX Application Thread] DEBUG FXGLAssetLoaderServi - Loading from file system: file:/E:/java%20project/tank/target/classes/assets/sounds/boom.wav
12:08:19.510 [JavaFX Application Thread] DEBUG FXGLAssetLoaderServi - Loading from file system: file:/E:/java%20project/tank/target/classes/assets/textures/element/Bullet.png
12:08:27.806 [JavaFX Application Thread] DEBUG FXGLAssetLoaderServi - Loading from file system: file:/E:/java%20project/tank/target/classes/assets/textures/boom.png
12:08:27.811 [JavaFX Application Thread] DEBUG PrimaryStageWindow   - Push state: EggScene
12:08:27.811 [JavaFX Application Thread] DEBUG FXGLAssetLoaderServi - Loading from file system: file:/E:/java%20project/tank/target/classes/assets/music/chicken.mp3
12:08:27.853 [JavaFX Application Thread] DEBUG AudioPlayer          - Playing music com.almasb.fxgl.audio.Music@21a20d70
12:08:27.853 [JavaFX Application Thread] DEBUG Input                - Clearing active input actions
12:08:27.853 [JavaFX Application Thread] DEBUG GameApplicationServi - Removing overlay from GameScene and adding to EggScene
12:08:27.855 [JavaFX Application Thread] DEBUG PrimaryStageWindow   - GameScene -> EggScene
12:08:32.813 [JavaFX Application Thread] DEBUG PrimaryStageWindow   - Pop state: EggScene
12:08:32.814 [JavaFX Application Thread] DEBUG Input                - Clearing active input actions
12:08:32.814 [JavaFX Application Thread] DEBUG GameApplicationServi - Removing overlay from EggScene and adding to GameScene
12:08:32.814 [JavaFX Application Thread] DEBUG PrimaryStageWindow   - GameScene <- EggScene
12:08:32.818 [JavaFX Application Thread] WARN  TMXLevelLoader       - TiledMap generated from 1.8.4. Supported version: 1.4.2. Some features may not be parsed fully.
12:08:32.822 [JavaFX Application Thread] DEBUG TMXLevelLoader       - Parsed TiledMap: file:/E:/java%20project/tank/target/classes/assets/levels/Chicken.tmx
12:08:32.822 [JavaFX Application Thread] DEBUG TMXLevelLoader       - Creating tile layer entities
12:08:32.822 [JavaFX Application Thread] DEBUG TMXLevelLoader       - Creating object layer entities
12:08:32.841 [JavaFX Application Thread] DEBUG GameWorld            - Clearing removable entities
12:08:32.850 [JavaFX Application Thread] DEBUG GameWorld            - Setting level: com.almasb.fxgl.entity.level.Level@1619bfff
12:08:32.859 [JavaFX Application Thread] DEBUG FXGLAssetLoaderServi - Loading from file system: file:/E:/java%20project/tank/target/classes/assets/textures/people.png
12:08:33.343 [JavaFX Application Thread] DEBUG FXGLAssetLoaderServi - Loading from file system: file:/E:/java%20project/tank/target/classes/assets/sounds/JI%20(1).wav
12:08:33.345 [JavaFX Application Thread] DEBUG FXGLAssetLoaderServi - Loading from file system: file:/E:/java%20project/tank/target/classes/assets/textures/element/Good.png
12:08:35.424 [JavaFX Application Thread] DEBUG FXGLAssetLoaderServi - Loading from file system: file:/E:/java%20project/tank/target/classes/assets/textures/Egg.png
12:08:41.277 [JavaFX Application Thread] DEBUG FXGLAssetLoaderServi - Loading from file system: file:/E:/java%20project/tank/target/classes/assets/textures/element/Enemy1.png
12:08:46.247 [JavaFX Application Thread] DEBUG FXGLAssetLoaderServi - Loading from file system: file:/E:/java%20project/tank/target/classes/assets/textures/Props/LUCKYBLOCK.png
12:08:54.412 [JavaFX Application Thread] DEBUG FXGLAssetLoaderServi - Loading from file system: file:/E:/java%20project/tank/target/classes/assets/textures/Props/HEART.png
12:09:01.287 [JavaFX Application Thread] DEBUG FXGLAssetLoaderServi - Loading from file system: file:/E:/java%20project/tank/target/classes/assets/textures/element/Enemy2.png
12:09:25.737 [JavaFX Application Thread] DEBUG FXGLAssetLoaderServi - Loading from file system: file:/E:/java%20project/tank/target/classes/assets/textures/Props/GOD.png
12:10:21.567 [JavaFX Application Thread] DEBUG FXGLAssetLoaderServi - Loading from file system: file:/E:/java%20project/tank/target/classes/assets/textures/Props/GODeffect.png
12:10:53.263 [JavaFX Application Thread] DEBUG PrimaryStageWindow   - Push state: SuccesschickenScene
12:10:53.263 [JavaFX Application Thread] DEBUG Input                - Clearing active input actions
12:10:53.263 [JavaFX Application Thread] DEBUG GameApplicationServi - Removing overlay from GameScene and adding to SuccesschickenScene
12:10:53.263 [JavaFX Application Thread] DEBUG PrimaryStageWindow   - GameScene -> SuccesschickenScene
12:10:54.768 [JavaFX Application Thread] DEBUG PrimaryStageWindow   - Pop state: SuccesschickenScene
12:10:54.768 [JavaFX Application Thread] DEBUG Input                - Clearing active input actions
12:10:54.768 [JavaFX Application Thread] DEBUG GameApplicationServi - Removing overlay from SuccesschickenScene and adding to GameScene
12:10:54.768 [JavaFX Application Thread] DEBUG PrimaryStageWindow   - GameScene <- SuccesschickenScene
12:10:54.769 [JavaFX Application Thread] DEBUG Input                - Clearing active input actions
12:10:54.776 [JavaFX Application Thread] DEBUG GameApplicationServi - Removing overlay from GameScene and adding to FXGLMainMenuDummyScene
12:10:54.776 [JavaFX Application Thread] DEBUG PrimaryStageWindow   - GameScene -> FXGLMainMenuDummyScene
12:10:54.776 [JavaFX Application Thread] DEBUG PrimaryStageWindow   - Push state: Main_menu
12:10:54.776 [JavaFX Application Thread] DEBUG Input                - Clearing active input actions
12:10:54.778 [JavaFX Application Thread] DEBUG GameApplicationServi - Removing overlay from FXGLMainMenuDummyScene and adding to Main_menu
12:10:54.778 [JavaFX Application Thread] DEBUG PrimaryStageWindow   - FXGLMainMenuDummyScene -> Main_menu
12:10:58.162 [JavaFX Application Thread] DEBUG FXGLApplication      - Exiting FXGL
12:10:58.162 [JavaFX Application Thread] DEBUG LoopRunner           - Stopping loop
12:10:58.162 [JavaFX Application Thread] DEBUG SystemBundleService  - Saving FXGL system data
12:10:58.165 [JavaFX Application Thread] DEBUG FileSystemAccess     - Writing to: E:\java project\tank\system\fxgl.bundle
12:10:58.168 [JavaFX Application Thread] DEBUG Async                - Shutting down background threads
12:10:58.168 [JavaFX Application Thread] DEBUG PrimaryStageWindow   - Closing main window
12:10:58.204 [JavaFX Application Thread] DEBUG Logger               - Closing Logger
