11:58:52.497 [main                     ] DEBUG Logger               - Configured Logger
11:58:52.516 [main                     ] DEBUG GameApplication      - Logging settings
Title: All star battle
Version: 0.1
Width: 2048
Height: 1152
Fullscreen: false
Intro: false
Profiling: false
Single step:false
App Mode: DEVELOPER
Menu Key: ESCAPE
Stage Style: DECORATED
Scene Factory: class com.kenny.AllStarBattle.AllStarBattleApp$1

11:58:52.816 [JavaFX Application Thread] DEBUG FXGLApplication      - Initializing FXGL
11:58:52.820 [JavaFX Application Thread] INFO  Engine               - FXGL-17.1 (24.03.2022 17.34) on WINDOWS (J:17.0.6 FX:18)
11:58:52.820 [JavaFX Application Thread] DEBUG Engine               - JRE Vendor Name: Amazon.com Inc.
11:58:52.821 [JavaFX Application Thread] DEBUG Engine               - Running on OS: Windows 11 version 10.0
11:58:52.821 [JavaFX Application Thread] DEBUG Engine               - Architecture: amd64
11:58:52.822 [JavaFX Application Thread] INFO  Engine               - Source code and latest versions at: https://github.com/AlmasB/FXGL
11:58:52.822 [JavaFX Application Thread] INFO  Engine               -       Ask questions and discuss at: https://github.com/AlmasB/FXGL/discussions
11:58:52.822 [JavaFX Application Thread] INFO  Engine               -              Join the FXGL chat at: https://gitter.im/AlmasB/FXGL
11:58:52.877 [JavaFX Application Thread] DEBUG PrimaryStageWindow   - Creating a JavaFX scene
11:58:52.877 [JavaFX Application Thread] DEBUG PrimaryStageWindow   - Target size > screen size
11:58:52.900 [JavaFX Application Thread] DEBUG PrimaryStageWindow   - Target settings size: 2048.0 x 1152.0
11:58:52.900 [JavaFX Application Thread] DEBUG PrimaryStageWindow   - Scaled scene size:    1682.0 x 960.0
11:58:52.900 [JavaFX Application Thread] DEBUG PrimaryStageWindow   - Scaled ratio: (0.8212890625, 0.8333333333333334)
11:58:52.901 [JavaFX Application Thread] DEBUG PrimaryStageWindow   - Set initial scene to StartScene
11:58:52.904 [JavaFX Application Thread] DEBUG PrimaryStageWindow   - Opening main window
11:58:52.995 [JavaFX Application Thread] DEBUG PrimaryStageWindow   - Window border size: (14.6666259765625, 37.33331298828125)
11:58:52.995 [JavaFX Application Thread] DEBUG PrimaryStageWindow   - Scaled size: 1682.0 x 960.0
11:58:52.995 [JavaFX Application Thread] DEBUG PrimaryStageWindow   - Scaled ratio: (0.8212890625, 0.8333333333333334)
11:58:52.995 [JavaFX Application Thread] DEBUG PrimaryStageWindow   - Scene size: 1682.0 x 960.0
11:58:52.996 [JavaFX Application Thread] DEBUG PrimaryStageWindow   - Stage size: 1696.6666259765625 x 997.3333129882812
11:58:53.001 [FXGL Background Thread 1 ] DEBUG Engine               - Initializing environment variables
11:58:53.032 [FXGL Background Thread 1 ] DEBUG FXGLAssetLoaderServi - User app class for loading assets: class com.kenny.AllStarBattle.AllStarBattleApp
11:58:53.032 [FXGL Background Thread 1 ] DEBUG GameApplicationServi - Applying CSS: fxgl_dark.css
11:58:53.033 [FXGL Background Thread 1 ] DEBUG FXGLAssetLoaderServi - Loading from file system: jar:file:/E:/java%20project/tank/out/artifacts/tank_jar/tank.jar!/fxglassets/ui/css/fxgl_dark.css
11:58:53.068 [FXGL Background Thread 1 ] DEBUG GameApplicationServi - Applying CSS: tank.css
11:58:53.068 [FXGL Background Thread 1 ] DEBUG FXGLAssetLoaderServi - Loading from file system: jar:file:/E:/java%20project/tank/out/artifacts/tank_jar/tank.jar!/assets/ui/css/tank.css
11:58:53.069 [FXGL Background Thread 1 ] DEBUG GameApplicationServi - Initializing application scenes
11:58:53.071 [FXGL Background Thread 1 ] DEBUG GameWorld            - Game world initialized
11:58:53.106 [FXGL Background Thread 1 ] DEBUG PhysicsWorld         - Physics world initialized: appHeight=1152, physics.ppm=50.0
11:58:53.106 [FXGL Background Thread 1 ] DEBUG PhysicsWorld         - Using strategy: BRUTE_FORCE
11:58:53.110 [FXGL Background Thread 1 ] DEBUG GameScene            - Game scene initialized: 2048x1152
11:58:53.114 [FXGL Background Thread 1 ] DEBUG FXGLAssetLoaderServi - Loading from file system: jar:file:/E:/java%20project/tank/out/artifacts/tank_jar/tank.jar!/assets/textures/MainMenu.png
11:58:53.212 [FXGL Background Thread 1 ] DEBUG FXGLAssetLoaderServi - Loading from file system: jar:file:/E:/java%20project/tank/out/artifacts/tank_jar/tank.jar!/assets/textures/R-C.jpg
11:58:53.239 [FXGL Background Thread 1 ] DEBUG FXGL.DefaultMenu     - createMenuBodyGameMenu()
11:58:53.248 [FXGL Background Thread 1 ] DEBUG FXGL.DefaultMenu     - createOptionsMenu()
11:58:53.256 [FXGL Background Thread 1 ] DEBUG FXGLAssetLoaderServi - Loading from file system: jar:file:/E:/java%20project/tank/out/artifacts/tank_jar/tank.jar!/fxglassets/textures/particles/smoke.png
11:58:53.332 [FXGL Background Thread 1 ] DEBUG FXGLAssetLoaderServi - Loading from file system: jar:file:/E:/java%20project/tank/out/artifacts/tank_jar/tank.jar!/fxglassets/textures/particles/trace_horizontal.png
11:58:53.343 [FXGL Background Thread 1 ] DEBUG GameApplicationServi - Application scenes initialized
11:58:53.353 [FXGL Background Thread 1 ] DEBUG SystemBundleService  - Loading FXGL system data
11:58:53.356 [FXGL Background Thread 1 ] DEBUG FileSystemAccess     - Reading from: E:\java project\tank\system\fxgl.bundle
11:58:53.363 [FXGL Background Thread 1 ] DEBUG SystemBundleService  - Bundle FXGL: {}
11:58:53.363 [FXGL Background Thread 1 ] DEBUG UpdaterService       - Checking for updates
11:58:53.369 [FXGL Background Thread 4 ] DEBUG FXGLApplication      - Loading fonts
11:58:53.369 [FXGL Background Thread 4 ] DEBUG FXGLAssetLoaderServi - Loading from file system: jar:file:/E:/java%20project/tank/out/artifacts/tank_jar/tank.jar!/fxglassets/ui/fonts/VarelaRound-Regular.ttf
11:58:53.369 [FXGL Background Thread 1 ] DEBUG FXGLApplication      - Loading default localization
11:58:53.370 [FXGL Background Thread 1 ] DEBUG FXGLAssetLoaderServi - Loading from file system: jar:file:/E:/java%20project/tank/out/artifacts/tank_jar/tank.jar!/fxglassets/languages/english.lang
11:58:53.405 [FXGL Background Thread 1 ] INFO  FXGLApplication      - FXGL initialization took: 0.405 sec
11:58:53.418 [JavaFX Application Thread] DEBUG Input                - Registered new binding: action0 - Up
11:58:53.419 [JavaFX Application Thread] DEBUG Input                - Registered new binding: action1 - Down
11:58:53.420 [JavaFX Application Thread] DEBUG Input                - Registered new binding: action2 - Left
11:58:53.420 [JavaFX Application Thread] DEBUG Input                - Registered new binding: action3 - Right
11:58:53.421 [FXGL Background Thread 4 ] DEBUG FXGLAssetLoaderServi - Loading from file system: jar:file:/E:/java%20project/tank/out/artifacts/tank_jar/tank.jar!/fxglassets/ui/fonts/Abel-Regular.ttf
11:58:53.421 [JavaFX Application Thread] DEBUG Input                - Registered new binding: action4 - Space
11:58:53.421 [JavaFX Application Thread] DEBUG FXGLAssetLoaderServi - Loading from file system: jar:file:/E:/java%20project/tank/out/artifacts/tank_jar/tank.jar!/assets/textures/joker.jpg
11:58:53.424 [FXGL Background Thread 4 ] DEBUG FXGLAssetLoaderServi - Loading from file system: jar:file:/E:/java%20project/tank/out/artifacts/tank_jar/tank.jar!/fxglassets/ui/fonts/TerminalLandMono-Regular.otf
11:58:53.427 [FXGL Background Thread 4 ] DEBUG FXGLAssetLoaderServi - Loading from file system: jar:file:/E:/java%20project/tank/out/artifacts/tank_jar/tank.jar!/fxglassets/ui/fonts/Courier-Prime.ttf
11:58:53.434 [JavaFX Application Thread] DEBUG FXGLAssetLoaderServi - Loading from file system: jar:file:/E:/java%20project/tank/out/artifacts/tank_jar/tank.jar!/fxglassets/textures/fxgl_default_cursor.png
11:58:53.438 [JavaFX Application Thread] DEBUG Input                - Registered new binding: Screenshot - CTRL+8
11:58:53.439 [JavaFX Application Thread] DEBUG Input                - Registered new binding: System info dump - CTRL+9
11:58:53.440 [JavaFX Application Thread] DEBUG Input                - Registered new binding: Restart - CTRL+R
11:58:53.442 [JavaFX Application Thread] DEBUG Input                - Registered new binding: Toggle Debug Camera - CTRL+7
11:58:53.449 [JavaFX Application Thread] DEBUG LoopRunner           - Starting loop
11:58:53.449 [JavaFX Application Thread] DEBUG LoopRunner           - Initializing JavaFX AnimationTimerLoop
11:58:53.455 [JavaFX Application Thread] DEBUG Input                - Clearing active input actions
11:58:53.459 [JavaFX Application Thread] DEBUG GameApplicationServi - Removing overlay from StartScene and adding to FXGLMainMenuDummyScene
11:58:53.459 [JavaFX Application Thread] DEBUG PrimaryStageWindow   - StartScene -> FXGLMainMenuDummyScene
11:58:53.459 [JavaFX Application Thread] DEBUG PrimaryStageWindow   - Push state: Main_menu
11:58:53.460 [JavaFX Application Thread] DEBUG Input                - Clearing active input actions
11:58:53.478 [JavaFX Application Thread] DEBUG GameApplicationServi - Removing overlay from FXGLMainMenuDummyScene and adding to Main_menu
11:58:53.478 [JavaFX Application Thread] DEBUG PrimaryStageWindow   - FXGLMainMenuDummyScene -> Main_menu
11:58:53.482 [JavaFX Application Thread] DEBUG FXGLApplication      - Registering font factories with UI factory
11:58:53.880 [FXGL Background Thread 2 ] INFO  UpdaterService       - Your current version:  17.1
11:58:53.880 [FXGL Background Thread 2 ] INFO  UpdaterService       - Latest stable version: 17.3
11:58:56.368 [FXGL Background Thread 3 ] DEBUG Engine               - Logging environment variables
11:58:56.369 [FXGL Background Thread 3 ] DEBUG Engine               - achievements: []
11:58:56.369 [FXGL Background Thread 3 ] DEBUG Engine               - actualHeight: 960.0
11:58:56.369 [FXGL Background Thread 3 ] DEBUG Engine               - actualHeightProperty: ReadOnlyDoubleProperty [value: 960.0]
11:58:56.369 [FXGL Background Thread 3 ] DEBUG Engine               - actualWidth: 1682.0
11:58:56.369 [FXGL Background Thread 3 ] DEBUG Engine               - actualWidthProperty: ReadOnlyDoubleProperty [value: 1682.0]
11:58:56.369 [FXGL Background Thread 3 ] DEBUG Engine               - appIcon: joker.jpg
11:58:56.370 [FXGL Background Thread 3 ] DEBUG Engine               - applicationMode: DEVELOPER
11:58:56.370 [FXGL Background Thread 3 ] DEBUG Engine               - cSSList: [fxgl_dark.css, tank.css]
11:58:56.370 [FXGL Background Thread 3 ] DEBUG Engine               - collisionDetectionStrategy: BRUTE_FORCE
11:58:56.370 [FXGL Background Thread 3 ] DEBUG Engine               - configClass: Optional.empty
11:58:56.370 [FXGL Background Thread 3 ] DEBUG Engine               - credits: []
11:58:56.372 [FXGL Background Thread 3 ] DEBUG Engine               - defaultCursor: CursorInfo(imageName=fxgl_default_cursor.png, hotspotX=7.0, hotspotY=6.0)
11:58:56.372 [FXGL Background Thread 3 ] DEBUG Engine               - devBBoxColorProperty: ObjectProperty [value: 0xff0000ff]
11:58:56.372 [FXGL Background Thread 3 ] DEBUG Engine               - devEnableDebugCameraProperty: BooleanProperty [value: false]
11:58:56.372 [FXGL Background Thread 3 ] DEBUG Engine               - devSensorColorProperty: ObjectProperty [value: 0xffff00ff]
11:58:56.373 [FXGL Background Thread 3 ] DEBUG Engine               - devShowBBoxProperty: BooleanProperty [value: false]
11:58:56.373 [FXGL Background Thread 3 ] DEBUG Engine               - devShowPositionProperty: BooleanProperty [value: false]
11:58:56.373 [FXGL Background Thread 3 ] DEBUG Engine               - enabledMenuItems: []
11:58:56.373 [FXGL Background Thread 3 ] DEBUG Engine               - engineServices: [class com.almasb.fxgl.app.services.FXGLAssetLoaderService, class com.almasb.fxgl.app.FXGLApplication$GameApplicationService, class com.almasb.fxgl.app.services.FXGLDialogService, class com.almasb.fxgl.app.services.IOTaskExecutorService, class com.almasb.fxgl.io.FileSystemService, class com.almasb.fxgl.localization.LocalizationService, class com.almasb.fxgl.app.services.SystemBundleService, class com.almasb.fxgl.profile.SaveLoadService, class com.almasb.fxgl.ui.FXGLUIFactoryServiceProvider, class com.almasb.fxgl.ui.FXGLDialogFactoryServiceProvider, class com.almasb.fxgl.audio.AudioPlayer, class com.almasb.fxgl.notification.impl.NotificationServiceProvider, class com.almasb.fxgl.achievement.AchievementService, class com.almasb.fxgl.cutscene.CutsceneService, class com.almasb.fxgl.minigames.MiniGameService, class com.almasb.fxgl.net.NetService, class com.almasb.fxgl.app.services.UpdaterService, class com.almasb.fxgl.dev.DevService]
11:58:56.373 [FXGL Background Thread 3 ] DEBUG Engine               - fontGame: Abel-Regular.ttf
11:58:56.373 [FXGL Background Thread 3 ] DEBUG Engine               - fontMono: TerminalLandMono-Regular.otf
11:58:56.373 [FXGL Background Thread 3 ] DEBUG Engine               - fontText: Courier-Prime.ttf
11:58:56.373 [FXGL Background Thread 3 ] DEBUG Engine               - fontUI: VarelaRound-Regular.ttf
11:58:56.373 [FXGL Background Thread 3 ] DEBUG Engine               - fullScreen: BooleanProperty [value: false]
11:58:56.373 [FXGL Background Thread 3 ] DEBUG Engine               - gameDifficulty: MEDIUM
11:58:56.373 [FXGL Background Thread 3 ] DEBUG Engine               - gameDifficultyProperty: ObjectProperty [value: MEDIUM]
11:58:56.373 [FXGL Background Thread 3 ] DEBUG Engine               - globalMusicVolume: 0.5
11:58:56.374 [FXGL Background Thread 3 ] DEBUG Engine               - globalMusicVolumeProperty: DoubleProperty [value: 0.5]
11:58:56.374 [FXGL Background Thread 3 ] DEBUG Engine               - globalSoundVolume: 0.5
11:58:56.374 [FXGL Background Thread 3 ] DEBUG Engine               - globalSoundVolumeProperty: DoubleProperty [value: 0.8]
11:58:56.374 [FXGL Background Thread 3 ] DEBUG Engine               - height: 1152
11:58:56.374 [FXGL Background Thread 3 ] DEBUG Engine               - is3D: false
11:58:56.374 [FXGL Background Thread 3 ] DEBUG Engine               - isAndroid: false
11:58:56.374 [FXGL Background Thread 3 ] DEBUG Engine               - isBrowser: false
11:58:56.374 [FXGL Background Thread 3 ] DEBUG Engine               - isClickFeedbackEnabled: false
11:58:56.374 [FXGL Background Thread 3 ] DEBUG Engine               - isCloseConfirmation: false
11:58:56.374 [FXGL Background Thread 3 ] DEBUG Engine               - isDesktop: true
11:58:56.374 [FXGL Background Thread 3 ] DEBUG Engine               - isDeveloperMenuEnabled: false
11:58:56.374 [FXGL Background Thread 3 ] DEBUG Engine               - isEmbedded: false
11:58:56.374 [FXGL Background Thread 3 ] DEBUG Engine               - isEntityPreloadEnabled: true
11:58:56.374 [FXGL Background Thread 3 ] DEBUG Engine               - isExperimentalTiledLargeMap: false
11:58:56.374 [FXGL Background Thread 3 ] DEBUG Engine               - isFileSystemWriteAllowed: true
11:58:56.374 [FXGL Background Thread 3 ] DEBUG Engine               - isFullScreenAllowed: false
11:58:56.375 [FXGL Background Thread 3 ] DEBUG Engine               - isFullScreenFromStart: false
11:58:56.375 [FXGL Background Thread 3 ] DEBUG Engine               - isGameMenuEnabled: true
11:58:56.375 [FXGL Background Thread 3 ] DEBUG Engine               - isIOS: false
11:58:56.375 [FXGL Background Thread 3 ] DEBUG Engine               - isIntroEnabled: false
11:58:56.375 [FXGL Background Thread 3 ] DEBUG Engine               - isLinux: false
11:58:56.375 [FXGL Background Thread 3 ] DEBUG Engine               - isMac: false
11:58:56.375 [FXGL Background Thread 3 ] DEBUG Engine               - isMainMenuEnabled: true
11:58:56.375 [FXGL Background Thread 3 ] DEBUG Engine               - isManualResizeEnabled: false
11:58:56.375 [FXGL Background Thread 3 ] DEBUG Engine               - isMobile: false
11:58:56.375 [FXGL Background Thread 3 ] DEBUG Engine               - isNative: false
11:58:56.375 [FXGL Background Thread 3 ] DEBUG Engine               - isPauseMusicWhenMinimized: true
11:58:56.375 [FXGL Background Thread 3 ] DEBUG Engine               - isPreserveResizeRatio: false
11:58:56.375 [FXGL Background Thread 3 ] DEBUG Engine               - isProfilingEnabled: false
11:58:56.375 [FXGL Background Thread 3 ] DEBUG Engine               - isScaleAffectedOnResize: true
11:58:56.375 [FXGL Background Thread 3 ] DEBUG Engine               - isSingleStep: false
11:58:56.375 [FXGL Background Thread 3 ] DEBUG Engine               - isUserProfileEnabled: false
11:58:56.376 [FXGL Background Thread 3 ] DEBUG Engine               - isWindows: true
11:58:56.376 [FXGL Background Thread 3 ] DEBUG Engine               - language: ObjectProperty [value: ENGLISH]
11:58:56.376 [FXGL Background Thread 3 ] DEBUG Engine               - menuKey: ESCAPE
11:58:56.376 [FXGL Background Thread 3 ] DEBUG Engine               - mouseSensitivity: 0.2
11:58:56.376 [FXGL Background Thread 3 ] DEBUG Engine               - notificationViewClass: class com.almasb.fxgl.notification.view.XboxNotificationView
11:58:56.376 [FXGL Background Thread 3 ] DEBUG Engine               - pixelsPerMeter: 50.0
11:58:56.376 [FXGL Background Thread 3 ] DEBUG Engine               - platform: WINDOWS
11:58:56.376 [FXGL Background Thread 3 ] DEBUG Engine               - prefHeightProperty: ReadOnlyDoubleProperty [value: 1152.0]
11:58:56.376 [FXGL Background Thread 3 ] DEBUG Engine               - prefWidthProperty: ReadOnlyDoubleProperty [value: 2048.0]
11:58:56.376 [FXGL Background Thread 3 ] DEBUG Engine               - profileDir: profiles/
11:58:56.376 [FXGL Background Thread 3 ] DEBUG Engine               - profileName: StringProperty [value: DEFAULT]
11:58:56.376 [FXGL Background Thread 3 ] DEBUG Engine               - randomSeed: -1
11:58:56.377 [FXGL Background Thread 3 ] DEBUG Engine               - runtimeInfo: RuntimeInfo(platform=WINDOWS, version=17.1, build=24.03.2022 17.34)
11:58:56.377 [FXGL Background Thread 3 ] DEBUG Engine               - saveFileExt: sav
11:58:56.377 [FXGL Background Thread 3 ] DEBUG Engine               - scaledHeightProp$fxgl: DoubleProperty [bound, value: 960.0]
11:58:56.377 [FXGL Background Thread 3 ] DEBUG Engine               - scaledWidthProp$fxgl: DoubleProperty [bound, value: 1682.0]
11:58:56.377 [FXGL Background Thread 3 ] DEBUG Engine               - sceneFactory: com.kenny.AllStarBattle.AllStarBattleApp$1@e047121
11:58:56.377 [FXGL Background Thread 3 ] DEBUG Engine               - secondsIn24h: 60
11:58:56.377 [FXGL Background Thread 3 ] DEBUG Engine               - soundMenuBack: menu/back.wav
11:58:56.377 [FXGL Background Thread 3 ] DEBUG Engine               - soundMenuPress: menu/press.wav
11:58:56.377 [FXGL Background Thread 3 ] DEBUG Engine               - soundMenuSelect: menu/select.wav
11:58:56.377 [FXGL Background Thread 3 ] DEBUG Engine               - soundNotification: core/notification.wav
11:58:56.377 [FXGL Background Thread 3 ] DEBUG Engine               - stageStyle: DECORATED
11:58:56.377 [FXGL Background Thread 3 ] DEBUG Engine               - supportedLanguages: [ENGLISH, FRENCH, GERMAN, HUNGARIAN, RUSSIAN]
11:58:56.377 [FXGL Background Thread 3 ] DEBUG Engine               - ticksPerSecond: -1
11:58:56.378 [FXGL Background Thread 3 ] DEBUG Engine               - title: All star battle
11:58:56.378 [FXGL Background Thread 3 ] DEBUG Engine               - urlGithub: https://github.com/AlmasB/FXGL
11:58:56.378 [FXGL Background Thread 3 ] DEBUG Engine               - urlLeaderboard: http://fxgl-top.herokuapp.com/
11:58:56.378 [FXGL Background Thread 3 ] DEBUG Engine               - urlPOM: https://raw.githubusercontent.com/AlmasB/FXGL/release/README.md
11:58:56.378 [FXGL Background Thread 3 ] DEBUG Engine               - userAppClass: class com.kenny.AllStarBattle.AllStarBattleApp
11:58:56.378 [FXGL Background Thread 3 ] DEBUG Engine               - version: 0.1
11:58:56.378 [FXGL Background Thread 3 ] DEBUG Engine               - versionCheckDays: 7
11:58:56.378 [FXGL Background Thread 3 ] DEBUG Engine               - width: 2048
11:58:56.378 [FXGL Background Thread 3 ] DEBUG Engine               - Logging services
11:58:56.378 [FXGL Background Thread 3 ] DEBUG Engine               - class com.almasb.fxgl.app.services.FXGLAssetLoaderService
11:58:56.378 [FXGL Background Thread 3 ] DEBUG Engine               - class com.almasb.fxgl.app.FXGLApplication$GameApplicationService
11:58:56.378 [FXGL Background Thread 3 ] DEBUG Engine               - class com.almasb.fxgl.app.services.FXGLDialogService
11:58:56.378 [FXGL Background Thread 3 ] DEBUG Engine               - class com.almasb.fxgl.app.services.IOTaskExecutorService
11:58:56.378 [FXGL Background Thread 3 ] DEBUG Engine               - class com.almasb.fxgl.io.FileSystemService
11:58:56.378 [FXGL Background Thread 3 ] DEBUG Engine               - class com.almasb.fxgl.localization.LocalizationService
11:58:56.378 [FXGL Background Thread 3 ] DEBUG Engine               - class com.almasb.fxgl.app.services.SystemBundleService
11:58:56.378 [FXGL Background Thread 3 ] DEBUG Engine               - class com.almasb.fxgl.profile.SaveLoadService
11:58:56.378 [FXGL Background Thread 3 ] DEBUG Engine               - class com.almasb.fxgl.ui.FXGLUIFactoryServiceProvider
11:58:56.378 [FXGL Background Thread 3 ] DEBUG Engine               - class com.almasb.fxgl.ui.FXGLDialogFactoryServiceProvider
11:58:56.378 [FXGL Background Thread 3 ] DEBUG Engine               - class com.almasb.fxgl.audio.AudioPlayer
11:58:56.378 [FXGL Background Thread 3 ] DEBUG Engine               - class com.almasb.fxgl.notification.impl.NotificationServiceProvider
11:58:56.378 [FXGL Background Thread 3 ] DEBUG Engine               - class com.almasb.fxgl.achievement.AchievementService
11:58:56.378 [FXGL Background Thread 3 ] DEBUG Engine               - class com.almasb.fxgl.cutscene.CutsceneService
11:58:56.378 [FXGL Background Thread 3 ] DEBUG Engine               - class com.almasb.fxgl.minigames.MiniGameService
11:58:56.378 [FXGL Background Thread 3 ] DEBUG Engine               - class com.almasb.fxgl.net.NetService
11:58:56.378 [FXGL Background Thread 3 ] DEBUG Engine               - class com.almasb.fxgl.app.services.UpdaterService
11:58:56.379 [FXGL Background Thread 3 ] DEBUG Engine               - class com.almasb.fxgl.dev.DevService
11:59:03.767 [JavaFX Application Thread] DEBUG GameApplicationServi - Starting new game
11:59:03.768 [JavaFX Application Thread] DEBUG PrimaryStageWindow   - Pop state: Main_menu
11:59:03.768 [JavaFX Application Thread] DEBUG Input                - Clearing active input actions
11:59:03.769 [JavaFX Application Thread] DEBUG GameApplicationServi - Removing overlay from Main_menu and adding to FXGLMainMenuDummyScene
11:59:03.769 [JavaFX Application Thread] DEBUG PrimaryStageWindow   - FXGLMainMenuDummyScene <- Main_menu
11:59:03.770 [JavaFX Application Thread] DEBUG Input                - Clearing active input actions
11:59:03.775 [JavaFX Application Thread] DEBUG GameApplicationServi - Removing overlay from FXGLMainMenuDummyScene and adding to Loading_Scene
11:59:03.775 [JavaFX Application Thread] DEBUG PrimaryStageWindow   - FXGLMainMenuDummyScene -> Loading_Scene
11:59:03.775 [JavaFX Application Thread] DEBUG GameApplicationServi - Clearing previous game
11:59:03.775 [JavaFX Application Thread] DEBUG GameScene            - Clearing game scene
11:59:03.775 [JavaFX Application Thread] DEBUG GameWorld            - Clearing game world
11:59:03.775 [JavaFX Application Thread] DEBUG PhysicsWorld         - Clearing physics world
11:59:03.778 [FXGL Background Thread 2 ] DEBUG FXGLApplication      - Initializing game
11:59:03.803 [FXGL Background Thread 2 ] WARN  TMXLevelLoader       - TiledMap generated from 1.8.4. Supported version: 1.4.2. Some features may not be parsed fully.
11:59:03.820 [FXGL Background Thread 2 ] DEBUG TMXLevelLoader       - Parsed TiledMap: jar:file:/E:/java%20project/tank/out/artifacts/tank_jar/tank.jar!/assets/levels/test1.tmx
11:59:03.823 [FXGL Background Thread 2 ] DEBUG TMXLevelLoader       - Creating tile layer entities
11:59:03.823 [FXGL Background Thread 2 ] DEBUG TMXLevelLoader       - Creating object layer entities
11:59:03.908 [FXGL Background Thread 2 ] DEBUG GameWorld            - Clearing removable entities
11:59:03.908 [FXGL Background Thread 2 ] DEBUG GameWorld            - Setting level: com.almasb.fxgl.entity.level.Level@298dc380
11:59:03.917 [FXGL Background Thread 2 ] DEBUG FXGLAssetLoaderServi - Loading from file system: jar:file:/E:/java%20project/tank/out/artifacts/tank_jar/tank.jar!/assets/textures/element/Tank.png
11:59:03.919 [FXGL Background Thread 2 ] WARN  FXGLAssetLoaderServi - Asset "/assets/textures/Enemytank.png" was not found!
11:59:03.919 [FXGL Background Thread 2 ] WARN  FXGLAssetLoaderServi - Failed to load IMAGE
11:59:03.923 [FXGL Background Thread 2 ] WARN  FXGLAssetLoaderServi - Asset "/assets/textures/Enemytank.png" was not found!
11:59:03.923 [FXGL Background Thread 2 ] WARN  FXGLAssetLoaderServi - Failed to load IMAGE
11:59:03.923 [FXGL Background Thread 2 ] WARN  FXGLAssetLoaderServi - Asset "/assets/textures/Enemytank.png" was not found!
11:59:03.923 [FXGL Background Thread 2 ] WARN  FXGLAssetLoaderServi - Failed to load IMAGE
11:59:03.924 [FXGL Background Thread 2 ] WARN  FXGLAssetLoaderServi - Asset "/assets/textures/Enemytank.png" was not found!
11:59:03.924 [FXGL Background Thread 2 ] WARN  FXGLAssetLoaderServi - Failed to load IMAGE
11:59:03.927 [FXGL Background Thread 2 ] DEBUG FXGLAssetLoaderServi - Loading from file system: jar:file:/E:/java%20project/tank/out/artifacts/tank_jar/tank.jar!/assets/textures/Chicken.png
11:59:03.931 [FXGL Background Thread 2 ] DEBUG FXGLAssetLoaderServi - Loading from file system: jar:file:/E:/java%20project/tank/out/artifacts/tank_jar/tank.jar!/assets/textures/BossTank.png
11:59:03.934 [FXGL Background Thread 2 ] INFO  FXGLApplication      - Game initialization took: 0.156 sec
11:59:03.934 [JavaFX Application Thread] DEBUG Input                - Clearing active input actions
11:59:03.939 [JavaFX Application Thread] DEBUG GameApplicationServi - Removing overlay from Loading_Scene and adding to GameScene
11:59:03.939 [JavaFX Application Thread] DEBUG PrimaryStageWindow   - Loading_Scene -> GameScene
11:59:04.370 [JavaFX Application Thread] DEBUG FXGLAssetLoaderServi - Loading from file system: jar:file:/E:/java%20project/tank/out/artifacts/tank_jar/tank.jar!/assets/textures/element/Enemybullet.png
11:59:04.419 [JavaFX Application Thread] DEBUG FXGLAssetLoaderServi - Loading from file system: jar:file:/E:/java%20project/tank/out/artifacts/tank_jar/tank.jar!/assets/textures/SmallBoom.png
11:59:06.685 [JavaFX Application Thread] DEBUG FXGLAssetLoaderServi - Loading from file system: jar:file:/E:/java%20project/tank/out/artifacts/tank_jar/tank.jar!/assets/sounds/boom.wav
11:59:06.721 [JavaFX Application Thread] DEBUG FXGLAssetLoaderServi - Loading from file system: jar:file:/E:/java%20project/tank/out/artifacts/tank_jar/tank.jar!/assets/textures/element/Bullet.png
11:59:07.046 [JavaFX Application Thread] WARN  FXGLAssetLoaderServi - Asset "/assets/textures/Enemytank.png" was not found!
11:59:07.047 [JavaFX Application Thread] WARN  FXGLAssetLoaderServi - Failed to load IMAGE
11:59:07.630 [JavaFX Application Thread] DEBUG FXGLAssetLoaderServi - Loading from file system: jar:file:/E:/java%20project/tank/out/artifacts/tank_jar/tank.jar!/assets/textures/boom.png
11:59:08.304 [JavaFX Application Thread] DEBUG FXGLAssetLoaderServi - Loading from file system: jar:file:/E:/java%20project/tank/out/artifacts/tank_jar/tank.jar!/assets/textures/Props/PORTAL.png
11:59:10.267 [JavaFX Application Thread] DEBUG FXGLAssetLoaderServi - Loading from file system: jar:file:/E:/java%20project/tank/out/artifacts/tank_jar/tank.jar!/assets/textures/Props/LUCKYBLOCK.png
11:59:11.940 [JavaFX Application Thread] WARN  FXGLAssetLoaderServi - Asset "/assets/textures/Enemytank.png" was not found!
11:59:11.940 [JavaFX Application Thread] WARN  FXGLAssetLoaderServi - Failed to load IMAGE
11:59:12.675 [JavaFX Application Thread] DEBUG PrimaryStageWindow   - Push state: FXGLDefaultMenu
11:59:12.675 [JavaFX Application Thread] DEBUG Input                - Clearing active input actions
11:59:12.676 [JavaFX Application Thread] DEBUG GameApplicationServi - Removing overlay from GameScene and adding to FXGLDefaultMenu
11:59:12.676 [JavaFX Application Thread] DEBUG PrimaryStageWindow   - GameScene -> FXGLDefaultMenu
11:59:13.964 [JavaFX Application Thread] DEBUG Menu                 - fireExitToMainMenu()
11:59:13.966 [JavaFX Application Thread] DEBUG PrimaryStageWindow   - Push state: DialogSubScene
11:59:13.966 [JavaFX Application Thread] DEBUG Input                - Clearing active input actions
11:59:13.966 [JavaFX Application Thread] DEBUG GameApplicationServi - Removing overlay from FXGLDefaultMenu and adding to DialogSubScene
11:59:13.966 [JavaFX Application Thread] DEBUG PrimaryStageWindow   - FXGLDefaultMenu -> DialogSubScene
11:59:15.038 [JavaFX Application Thread] DEBUG PrimaryStageWindow   - Pop state: DialogSubScene
11:59:15.038 [JavaFX Application Thread] DEBUG Input                - Clearing active input actions
11:59:15.039 [JavaFX Application Thread] DEBUG GameApplicationServi - Removing overlay from DialogSubScene and adding to FXGLDefaultMenu
11:59:15.040 [JavaFX Application Thread] DEBUG PrimaryStageWindow   - FXGLDefaultMenu <- DialogSubScene
11:59:15.042 [JavaFX Application Thread] DEBUG PrimaryStageWindow   - Pop state: FXGLDefaultMenu
11:59:15.042 [JavaFX Application Thread] DEBUG Input                - Clearing active input actions
11:59:15.042 [JavaFX Application Thread] DEBUG GameApplicationServi - Removing overlay from FXGLDefaultMenu and adding to GameScene
11:59:15.043 [JavaFX Application Thread] DEBUG PrimaryStageWindow   - GameScene <- FXGLDefaultMenu
11:59:15.043 [JavaFX Application Thread] DEBUG Input                - Clearing active input actions
11:59:15.050 [JavaFX Application Thread] DEBUG GameApplicationServi - Removing overlay from GameScene and adding to FXGLMainMenuDummyScene
11:59:15.050 [JavaFX Application Thread] DEBUG PrimaryStageWindow   - GameScene -> FXGLMainMenuDummyScene
11:59:15.050 [JavaFX Application Thread] DEBUG PrimaryStageWindow   - Push state: Main_menu
11:59:15.050 [JavaFX Application Thread] DEBUG Input                - Clearing active input actions
11:59:15.053 [JavaFX Application Thread] DEBUG GameApplicationServi - Removing overlay from FXGLMainMenuDummyScene and adding to Main_menu
11:59:15.054 [JavaFX Application Thread] DEBUG PrimaryStageWindow   - FXGLMainMenuDummyScene -> Main_menu
11:59:15.881 [JavaFX Application Thread] DEBUG FXGLApplication      - Exiting FXGL
11:59:15.881 [JavaFX Application Thread] DEBUG LoopRunner           - Stopping loop
11:59:15.881 [JavaFX Application Thread] DEBUG SystemBundleService  - Saving FXGL system data
11:59:15.884 [JavaFX Application Thread] DEBUG FileSystemAccess     - Writing to: E:\java project\tank\system\fxgl.bundle
11:59:15.888 [JavaFX Application Thread] DEBUG Async                - Shutting down background threads
11:59:15.889 [JavaFX Application Thread] DEBUG PrimaryStageWindow   - Closing main window
11:59:15.908 [JavaFX Application Thread] DEBUG Logger               - Closing Logger
